<?xml version="1.0" encoding="UTF-8" ?>
<!--
    Copyright 2014 OPM.gov

    Licensed under the Apache License, Version 2.0 (the "License");
    you may not use this file except in compliance with the License.
    You may obtain a copy of the License at

       http://www.apache.org/licenses/LICENSE-2.0

    Unless required by applicable law or agreed to in writing, software
    distributed under the License is distributed on an "AS IS" BASIS,
    WITHOUT WARRANTIES OR CONDITIONS OF ANY KIND, either express or implied.
    See the License for the specific language governing permissions and
    limitations under the License.
-->

<testsuite errors="0" failures="0" hostname="home-PC" name="gov.opm.scrd.AllTests" tests="1280" time="92.126" timestamp="2014-01-13T18:01:01">
  <properties>
    <property name="java.vendor" value="Sun Microsystems Inc." />
    <property name="package" value="gov.opm.scrd" />
    <property name="core.build.dir" value="build/core" />
    <property name="sun.java.launcher" value="SUN_STANDARD" />
    <property name="sun.management.compiler" value="HotSpot Client Compiler" />
    <property name="ant.file.type.OPM - Data Migration - Processor Module Assembly" value="file" />
    <property name="manifest_file_path" value="dist/migration//META-INF/" />
    <property name="ear.conf.dir" value="conf/ear" />
    <property name="rules.conf.dir" value="conf/rules" />
    <property name="os.name" value="Windows 7" />
    <property name="sun.boot.class.path" value="D:\Servers\Java\jdk1.6.0_25\jre\lib\resources.jar;D:\Servers\Java\jdk1.6.0_25\jre\lib\rt.jar;D:\Servers\Java\jdk1.6.0_25\jre\lib\sunrsasign.jar;D:\Servers\Java\jdk1.6.0_25\jre\lib\jsse.jar;D:\Servers\Java\jdk1.6.0_25\jre\lib\jce.jar;D:\Servers\Java\jdk1.6.0_25\jre\lib\charsets.jar;D:\Servers\Java\jdk1.6.0_25\jre\lib\modules\jdk.boot.jar;D:\Servers\Java\jdk1.6.0_25\jre\classes" />
    <property name="ant.file.opm dependencies" value="D:\weiyun\TC\java\submission\OPM - Data Migration - Processor Module Assembly\build-dependencies.xml" />
    <property name="sun.desktop" value="windows" />
    <property name="web.dist.dir" value="dist/web" />
    <property name="java.vm.specification.vendor" value="Sun Microsystems Inc." />
    <property name="ant.home" value="D:\Program Files\apache-ant-1.8.2" />
    <property name="java.runtime.version" value="1.6.0_25-b06" />
    <property name="core.classes.dir" value="build/core/classes" />
    <property name="ejb.conf.dir" value="conf/ejb" />
    <property name="tests.classes.dir" value="build/tests/classes" />
    <property name="user.name" value="db2admin" />
    <property name="manifest_file" value="dist/migration//META-INF//MANIFEST.MF" />
    <property name="postedPendingApprovalStatus.name" value="Payment Status 1" />
    <property name="deploy.dir" value="D:/servers/jboss-eap-6.1/standalone/deployments" />
    <property name="ejb-dist-name" value="opm-scrd-ejb.jar" />
    <property name="csrsRetirementType.name" value="Retirement Type 1" />
    <property name="build.dir" value="build" />
    <property name="jpa.conf.dir" value="conf/jpa" />
    <property name="tests.src.dir" value="src/java/tests" />
    <property name="migration.dist.dir" value="dist/migration/" />
    <property name="user.language" value="zh" />
    <property name="sun.boot.library.path" value="D:\Servers\Java\jdk1.6.0_25\jre\bin" />
    <property name="tests.log.dir" value="log" />
    <property name="db.user" value="postgres" />
    <property name="ant.project.default-target" value="test" />
    <property name="ant.project.name" value="OPM - Data Migration - Processor Module Assembly" />
    <property name="ant.file.OPM - Data Migration - Processor Module Assembly" value="D:\weiyun\TC\java\submission\OPM - Data Migration - Processor Module Assembly\build.xml" />
    <property name="java.version" value="1.6.0_25" />
    <property name="user.timezone" value="" />
    <property name="log_dir" value="D:/opm_log" />
    <property name="dedepositPeriodType.id" value="2" />
    <property name="sun.arch.data.model" value="32" />
    <property name="java.endorsed.dirs" value="D:\Servers\Java\jdk1.6.0_25\jre\lib\endorsed" />
    <property name="sun.cpu.isalist" value="pentium_pro+mmx pentium_pro pentium+mmx pentium i486 i386 i86" />
    <property name="sun.jnu.encoding" value="GBK" />
    <property name="file.encoding.pkg" value="sun.io" />
    <property name="ant.file.type.opm dependencies" value="file" />
    <property name="file.separator" value="\" />
    <property name="java.specification.name" value="Java Platform API Specification" />
    <property name="java.class.version" value="50.0" />
    <property name="user.country" value="CN" />
    <property name="ejb.src.dir" value="src/java/ejb" />
    <property name="java.home" value="D:\Servers\Java\jdk1.6.0_25\jre" />
    <property name="dist.dir" value="dist" />
    <property name="ejb.build.dir" value="build/ejb" />
    <property name="java.vm.info" value="mixed mode, sharing" />
    <property name="ant.file" value="D:\weiyun\TC\java\submission\OPM - Data Migration - Processor Module Assembly\build.xml" />
    <property name="os.version" value="6.1" />
    <property name="db.pass" value="123456" />
    <property name="modules.dir" value="D:/servers/jboss-eap-6.1/modules/system/layers/base" />
    <property name="path.separator" value=";" />
    <property name="ear-file" value="opm.ear" />
    <property name="java.vm.version" value="20.0-b11" />
    <property name="user.variant" value="" />
    <property name="web-dist-name" value="opm-scrd-web.war" />
    <property name="web.dir" value="src/web" />
    <property name="ant.library.dir" value="D:\Program Files\apache-ant-1.8.2\lib" />
    <property name="web.conf.dir" value="conf/web" />
    <property name="java.awt.printerjob" value="sun.awt.windows.WPrinterJob" />
    <property name="jboss.modules.dir" value="conf/jboss/modules" />
    <property name="sun.io.unicode.encoding" value="UnicodeLittle" />
    <property name="awt.toolkit" value="sun.awt.windows.WToolkit" />
    <property name="redepositPeriodType.name" value="DEPOSIT" />
    <property name="ear.build.dir" value="build/ear" />
    <property name="core.src.dir" value="src/java/core" />
    <property name="user.home" value="C:\Users\db2admin" />
    <property name="db.url" value="jdbc:postgresql://localhost:5432/scrd" />
    <property name="successCalculationStatus.name" value="Calculation Status 1" />
    <property name="java.specification.vendor" value="Sun Microsystems Inc." />
    <property name="db.driver" value="org.postgresql.Driver" />
    <property name="db.sourceDatabaseDriverName" value="com.microsoft.sqlserver.jdbc.SQLServerDriver" />
    <property name="java.library.path" value="D:\Servers\Java\jdk1.6.0_25\jre\bin;.;C:\Windows\Sun\Java\bin;C:\Windows\system32;C:\Windows;C:\Program Files\Common Files\Microsoft Shared\Windows Live;C:\Program Files (x86)\Common Files\Microsoft Shared\Windows Live;D:\Program Files\PostgreSQL\9.2\bin;D:\Program Files\mongodb-win32-x86_64-2.0.6\bin;D:\Program Files\apache-cxf-2.6.1\bin;D:\Oracle\product\11.2.0\client_1\bin;D:\Oracle\product\11.2.0\dbhome_1\bin;D:\oracle10\product\10.2.0\db_2\bin;D:\Program Files\apache-maven-2.2.1\bin;D:\Program Files\apache-ant-1.8.2\bin;D:\Servers\Java\jdk1.6.0_25\bin;C:\Windows\system32;C:\Windows;C:\Windows\system32\wbem;C:\Windows\system32\windowspowershell\v1.0\;c:\program files\ibm\gsk8\lib64;C:\PROGRA~2\ibm\gsk7\bin;C:\PROGRA~2\ibm\gsk7\lib;C:\Program Files (x86)\IBM\Informix\Client-SDK\bin;C:\Program Files (x86)\ibm\gsk7\bin;C:\Program Files (x86)\ibm\gsk7\lib;C:\Program Files (x86)\Windows Live\Shared;C:\Program Files (x86)\Common Files\Thunder Network\KanKan\Codecs;D:\Program Files\OpenLDAP\kfw\Binary;d:\Program Files\Subversion\bin;d:\Program Files\Microsoft SQL Server (x86)\100\Tools\Binn\;d:\Program Files\Microsoft SQL Server\100\Tools\Binn\;d:\Program Files\Microsoft SQL Server\100\DTS\Binn\;D:\Program Files\TortoiseSVN\bin;D:\PROGRA~1\IBM\SQLLIB\BIN;D:\PROGRA~1\IBM\SQLLIB\FUNCTION;D:\PROGRA~1\IBM\SQLLIB\SAMPLES\REPL;C:\Program Files\NCover\;C:\Program Files\nodejs\;D:\Program Files\QuickTime\QTSystem\;d:\Program Files\Microsoft SQL Server (x86)\100\Tools\Binn\VSShell\Common7\IDE\;d:\Program Files\Microsoft SQL Server (x86)\100\DTS\Binn\;D:\Program Files\IDM Computer Solutions\UltraEdit\;D:\Program Files\IDM Computer Solutions\UltraCompare\;C:\Users\db2admin\AppData\Roaming\npm\" />
    <property name="migration.conf.dir" value="conf/migration/" />
    <property name="jboss.home" value="D:/servers/jboss-eap-6.1" />
    <property name="java.vendor.url" value="http://java.sun.com/" />
    <property name="db.sourceDatabaseUrl" value="jdbc:sqlserver://localhost:1433;databaseName=ServiceCredit;" />
    <property name="db.sourceDatabasePassword" value="123456" />
    <property name="java.vm.vendor" value="Sun Microsystems Inc." />
    <property name="ejb.classes.dir" value="build/ejb/classes" />
    <property name="redepositPeriodType.id" value="1" />
    <property name="java.runtime.name" value="Java(TM) SE Runtime Environment" />
    <property name="ant.version" value="Apache Ant(TM) version 1.8.2 compiled on December 20 2010" />
    <property name="java.class.path" value="D:\weiyun\TC\java\submission\OPM - Data Migration - Processor Module Assembly\build\tests\classes;D:\servers\jboss-eap-6.1\modules\system\layers\base\javax\activation\api\main\activation-1.1.1-redhat-2.jar;D:\servers\jboss-eap-6.1\modules\system\layers\base\javax\annotation\api\main\jboss-annotations-api_1.1_spec-1.0.1.Final-redhat-2.jar;D:\servers\jboss-eap-6.1\modules\system\layers\base\javax\ejb\api\main\jboss-ejb-api_3.1_spec-1.0.2.Final-redhat-2.jar;D:\servers\jboss-eap-6.1\modules\system\layers\base\javax\el\api\main\jboss-el-api_2.2_spec-1.0.2.Final-redhat-1.jar;D:\servers\jboss-eap-6.1\modules\system\layers\base\javax\enterprise\api\main\cdi-api-1.0-SP4-redhat-2.jar;D:\servers\jboss-eap-6.1\modules\system\layers\base\javax\enterprise\deploy\api\main\jboss-jad-api_1.2_spec-1.0.1.Final-redhat-2.jar;D:\servers\jboss-eap-6.1\modules\system\layers\base\javax\faces\api\main\jboss-jsf-api_2.1_spec-2.1.19.1.Final-redhat-1.jar;D:\servers\jboss-eap-6.1\modules\system\layers\base\javax\inject\api\main\javax.inject-1-redhat-3.jar;D:\servers\jboss-eap-6.1\modules\system\layers\base\javax\interceptor\api\main\jboss-interceptors-api_1.1_spec-1.0.1.Final-redhat-2.jar;D:\servers\jboss-eap-6.1\modules\system\layers\base\javax\jms\api\main\jboss-jms-api_1.1_spec-1.0.1.Final-redhat-2.jar;D:\servers\jboss-eap-6.1\modules\system\layers\base\javax\jws\api\main\jsr181-api-1.0-MR1-redhat-3.jar;D:\servers\jboss-eap-6.1\modules\system\layers\base\javax\mail\api\main\mail-1.4.5-redhat-1.jar;D:\servers\jboss-eap-6.1\modules\system\layers\base\javax\management\j2ee\api\main\jboss-j2eemgmt-api_1.1_spec-1.0.1.Final-redhat-2.jar;D:\servers\jboss-eap-6.1\modules\system\layers\base\javax\persistence\api\main\hibernate-jpa-2.0-api-1.0.1.Final-redhat-2.jar;D:\servers\jboss-eap-6.1\modules\system\layers\base\javax\resource\api\main\jboss-connector-api_1.6_spec-1.0.1.Final-redhat-2.jar;D:\servers\jboss-eap-6.1\modules\system\layers\base\javax\rmi\api\main\jboss-rmi-api_1.0_spec-1.0.4.Final-redhat-2.jar;D:\servers\jboss-eap-6.1\modules\system\layers\base\javax\security\auth\message\api\main\jboss-jaspi-api_1.0_spec-1.0.1.Final-redhat-2.jar;D:\servers\jboss-eap-6.1\modules\system\layers\base\javax\security\jacc\api\main\jboss-jacc-api_1.4_spec-1.0.2.Final-redhat-2.jar;D:\servers\jboss-eap-6.1\modules\system\layers\base\javax\servlet\api\main\jboss-servlet-api_3.0_spec-1.0.2.Final-redhat-1.jar;D:\servers\jboss-eap-6.1\modules\system\layers\base\javax\servlet\jsp\api\main\jboss-jsp-api_2.2_spec-1.0.1.Final-redhat-2.jar;D:\servers\jboss-eap-6.1\modules\system\layers\base\javax\servlet\jstl\api\main\jboss-jstl-api_1.2_spec-1.0.3.Final-redhat-2.jar;D:\servers\jboss-eap-6.1\modules\system\layers\base\javax\transaction\api\main\jboss-transaction-api_1.1_spec-1.0.1.Final-redhat-2.jar;D:\servers\jboss-eap-6.1\modules\system\layers\base\javax\validation\api\main\validation-api-1.0.0.GA-redhat-2.jar;D:\servers\jboss-eap-6.1\modules\system\layers\base\javax\ws\rs\api\main\jboss-jaxrs-api_1.1_spec-1.0.1.Final-redhat-2.jar;D:\servers\jboss-eap-6.1\modules\system\layers\base\javax\wsdl4j\api\main\wsdl4j-1.6.2-redhat-4.jar;D:\servers\jboss-eap-6.1\modules\system\layers\base\javax\xml\bind\api\main\jboss-jaxb-api_2.2_spec-1.0.4.Final-redhat-2.jar;D:\servers\jboss-eap-6.1\modules\system\layers\base\javax\xml\registry\api\main\jboss-jaxr-api_1.0_spec-1.0.2.Final-redhat-2.jar;D:\servers\jboss-eap-6.1\modules\system\layers\base\javax\xml\rpc\api\main\jboss-jaxrpc-api_1.1_spec-1.0.1.Final-redhat-3.jar;D:\servers\jboss-eap-6.1\modules\system\layers\base\javax\xml\soap\api\main\jboss-saaj-api_1.3_spec-1.0.2.Final-redhat-2.jar;D:\servers\jboss-eap-6.1\modules\system\layers\base\javax\xml\ws\api\main\jboss-jaxws-api_2.2_spec-2.0.1.Final-redhat-2.jar;D:\servers\jboss-eap-6.1\modules\system\layers\base\org\hibernate\validator\main\hibernate-validator-4.3.1.Final-redhat-1.jar;D:\servers\jboss-eap-6.1\modules\system\layers\base\org\picketbox\main\picketbox-4.0.17.Final-redhat-1.jar;D:\servers\jboss-eap-6.1\modules\system\layers\base\org\picketbox\main\picketbox-commons-1.0.0.final-redhat-2.jar;D:\servers\jboss-eap-6.1\modules\system\layers\base\org\picketbox\main\picketbox-infinispan-4.0.17.Final-redhat-1.jar;D:\servers\jboss-eap-6.1\modules\system\layers\base\org\jboss\as\controller-client\main\jboss-as-controller-client-7.2.0.Final-redhat-8.jar;D:\servers\jboss-eap-6.1\modules\system\layers\base\org\jboss\dmr\main\jboss-dmr-1.1.6.Final-redhat-1.jar;D:\servers\jboss-eap-6.1\modules\system\layers\base\org\jboss\logging\main\jboss-logging-3.1.2.GA-redhat-1.jar;D:\servers\jboss-eap-6.1\modules\system\layers\base\org\jboss\resteasy\resteasy-jaxb-provider\main\resteasy-jaxb-provider-2.3.6.Final-redhat-1.jar;D:\servers\jboss-eap-6.1\modules\system\layers\base\org\jboss\resteasy\resteasy-jaxrs\main\async-http-servlet-3.0-2.3.6.Final-redhat-1.jar;D:\servers\jboss-eap-6.1\modules\system\layers\base\org\jboss\resteasy\resteasy-jaxrs\main\resteasy-jaxrs-2.3.6.Final-redhat-1.jar;D:\servers\jboss-eap-6.1\modules\system\layers\base\org\jboss\resteasy\resteasy-multipart-provider\main\resteasy-multipart-provider-2.3.6.Final-redhat-1.jar;D:\servers\jboss-eap-6.1\modules\system\layers\base\org\jboss\ejb3\main\jboss-ejb3-ext-api-2.0.0-redhat-2.jar;D:\weiyun\TC\java\submission\OPM - Data Migration - Processor Module Assembly\lib\drools-5.5\antlr-2.7.7.jar;D:\weiyun\TC\java\submission\OPM - Data Migration - Processor Module Assembly\lib\drools-5.5\antlr-3.3.jar;D:\weiyun\TC\java\submission\OPM - Data Migration - Processor Module Assembly\lib\drools-5.5\antlr-runtime-3.3.jar;D:\weiyun\TC\java\submission\OPM - Data Migration - Processor Module Assembly\lib\drools-5.5\bcmail-jdk14-138.jar;D:\weiyun\TC\java\submission\OPM - Data Migration - Processor Module Assembly\lib\drools-5.5\bcprov-jdk14-138.jar;D:\weiyun\TC\java\submission\OPM - Data Migration - Processor Module Assembly\lib\drools-5.5\dom4j-1.6.1.jar;D:\weiyun\TC\java\submission\OPM - Data Migration - Processor Module Assembly\lib\drools-5.5\drools-clips-5.5.0.Final.jar;D:\weiyun\TC\java\submission\OPM - Data Migration - Processor Module Assembly\lib\drools-5.5\drools-compiler-5.5.0.Final.jar;D:\weiyun\TC\java\submission\OPM - Data Migration - Processor Module Assembly\lib\drools-5.5\drools-core-5.5.0.Final.jar;D:\weiyun\TC\java\submission\OPM - Data Migration - Processor Module Assembly\lib\drools-5.5\drools-decisiontables-5.5.0.Final.jar;D:\weiyun\TC\java\submission\OPM - Data Migration - Processor Module Assembly\lib\drools-5.5\drools-jsr94-5.5.0.Final.jar;D:\weiyun\TC\java\submission\OPM - Data Migration - Processor Module Assembly\lib\drools-5.5\drools-persistence-jpa-5.5.0.Final.jar;D:\weiyun\TC\java\submission\OPM - Data Migration - Processor Module Assembly\lib\drools-5.5\drools-spring-5.5.0.Final.jar;D:\weiyun\TC\java\submission\OPM - Data Migration - Processor Module Assembly\lib\drools-5.5\drools-templates-5.5.0.Final.jar;D:\weiyun\TC\java\submission\OPM - Data Migration - Processor Module Assembly\lib\drools-5.5\drools-verifier-5.5.0.Final.jar;D:\weiyun\TC\java\submission\OPM - Data Migration - Processor Module Assembly\lib\drools-5.5\ecj-3.5.1.jar;D:\weiyun\TC\java\submission\OPM - Data Migration - Processor Module Assembly\lib\drools-5.5\guava-r06.jar;D:\weiyun\TC\java\submission\OPM - Data Migration - Processor Module Assembly\lib\drools-5.5\itext-2.1.2.jar;D:\weiyun\TC\java\submission\OPM - Data Migration - Processor Module Assembly\lib\drools-5.5\javassist-3.14.0-GA.jar;D:\weiyun\TC\java\submission\OPM - Data Migration - Processor Module Assembly\lib\drools-5.5\jsr94-1.1.jar;D:\weiyun\TC\java\submission\OPM - Data Migration - Processor Module Assembly\lib\drools-5.5\jta-1.1.jar;D:\weiyun\TC\java\submission\OPM - Data Migration - Processor Module Assembly\lib\drools-5.5\jxl-2.6.10.jar;D:\weiyun\TC\java\submission\OPM - Data Migration - Processor Module Assembly\lib\drools-5.5\knowledge-api-5.5.0.Final.jar;D:\weiyun\TC\java\submission\OPM - Data Migration - Processor Module Assembly\lib\drools-5.5\knowledge-internal-api-5.5.0.Final.jar;D:\weiyun\TC\java\submission\OPM - Data Migration - Processor Module Assembly\lib\drools-5.5\log4j-1.2.14.jar;D:\weiyun\TC\java\submission\OPM - Data Migration - Processor Module Assembly\lib\drools-5.5\mvel2-2.1.3.Final.jar;D:\weiyun\TC\java\submission\OPM - Data Migration - Processor Module Assembly\lib\drools-5.5\protobuf-java-2.4.1.jar;D:\weiyun\TC\java\submission\OPM - Data Migration - Processor Module Assembly\lib\drools-5.5\slf4j-api-1.6.6.jar;D:\weiyun\TC\java\submission\OPM - Data Migration - Processor Module Assembly\lib\drools-5.5\slf4j-log4j12-1.6.6.jar;D:\weiyun\TC\java\submission\OPM - Data Migration - Processor Module Assembly\lib\drools-5.5\stringtemplate-3.2.1.jar;D:\weiyun\TC\java\submission\OPM - Data Migration - Processor Module Assembly\lib\drools-5.5\xml-apis-1.3.04.jar;D:\weiyun\TC\java\submission\OPM - Data Migration - Processor Module Assembly\lib\drools-5.5\xmlpull-1.1.3.1.jar;D:\weiyun\TC\java\submission\OPM - Data Migration - Processor Module Assembly\lib\drools-5.5\xpp3_min-1.1.4c.jar;D:\weiyun\TC\java\submission\OPM - Data Migration - Processor Module Assembly\lib\drools-5.5\xstream-1.4.1.jar;D:\weiyun\TC\java\submission\OPM - Data Migration - Processor Module Assembly\lib\postgresql\postgresql-9.2-1003.jdbc4.jar;D:\weiyun\TC\java\submission\OPM - Data Migration - Processor Module Assembly\lib\jackson-2.2.3\jackson-annotations-2.2.3.jar;D:\weiyun\TC\java\submission\OPM - Data Migration - Processor Module Assembly\lib\jackson-2.2.3\jackson-core-2.2.3.jar;D:\weiyun\TC\java\submission\OPM - Data Migration - Processor Module Assembly\lib\jackson-2.2.3\jackson-databind-2.2.3.jar;D:\weiyun\TC\java\submission\OPM - Data Migration - Processor Module Assembly\lib\hibernate-4.2.3\antlr-2.7.7.jar;D:\weiyun\TC\java\submission\OPM - Data Migration - Processor Module Assembly\lib\hibernate-4.2.3\dom4j-1.6.1.jar;D:\weiyun\TC\java\submission\OPM - Data Migration - Processor Module Assembly\lib\hibernate-4.2.3\ehcache-core-2.4.3.jar;D:\weiyun\TC\java\submission\OPM - Data Migration - Processor Module Assembly\lib\hibernate-4.2.3\hibernate-commons-annotations-4.0.2.Final.jar;D:\weiyun\TC\java\submission\OPM - Data Migration - Processor Module Assembly\lib\hibernate-4.2.3\hibernate-core-4.2.3.Final.jar;D:\weiyun\TC\java\submission\OPM - Data Migration - Processor Module Assembly\lib\hibernate-4.2.3\hibernate-ehcache-4.2.3.Final.jar;D:\weiyun\TC\java\submission\OPM - Data Migration - Processor Module Assembly\lib\hibernate-4.2.3\hibernate-entitymanager-4.2.3.Final.jar;D:\weiyun\TC\java\submission\OPM - Data Migration - Processor Module Assembly\lib\hibernate-4.2.3\hibernate-jpa-2.0-api-1.0.1.Final.jar;D:\weiyun\TC\java\submission\OPM - Data Migration - Processor Module Assembly\lib\hibernate-4.2.3\javassist-3.15.0-GA.jar;D:\weiyun\TC\java\submission\OPM - Data Migration - Processor Module Assembly\lib\hibernate-4.2.3\jboss-logging-3.1.0.GA.jar;D:\weiyun\TC\java\submission\OPM - Data Migration - Processor Module Assembly\lib\hibernate-4.2.3\jboss-transaction-api_1.1_spec-1.0.1.Final.jar;D:\weiyun\TC\java\submission\OPM - Data Migration - Processor Module Assembly\lib\hibernate-4.2.3\org.osgi.core-4.3.1.jar;D:\weiyun\TC\java\submission\OPM - Data Migration - Processor Module Assembly\lib\spring-3.2.3\aopalliance-1.0.jar;D:\weiyun\TC\java\submission\OPM - Data Migration - Processor Module Assembly\lib\spring-3.2.3\commons-logging-1.1.1.jar;D:\weiyun\TC\java\submission\OPM - Data Migration - Processor Module Assembly\lib\spring-3.2.3\spring-aop-3.2.3.RELEASE.jar;D:\weiyun\TC\java\submission\OPM - Data Migration - Processor Module Assembly\lib\spring-3.2.3\spring-beans-3.2.3.RELEASE.jar;D:\weiyun\TC\java\submission\OPM - Data Migration - Processor Module Assembly\lib\spring-3.2.3\spring-context-3.2.3.RELEASE.jar;D:\weiyun\TC\java\submission\OPM - Data Migration - Processor Module Assembly\lib\spring-3.2.3\spring-context-support-3.2.3.RELEASE.jar;D:\weiyun\TC\java\submission\OPM - Data Migration - Processor Module Assembly\lib\spring-3.2.3\spring-core-3.2.3.RELEASE.jar;D:\weiyun\TC\java\submission\OPM - Data Migration - Processor Module Assembly\lib\spring-3.2.3\spring-expression-3.2.3.RELEASE.jar;D:\weiyun\TC\java\submission\OPM - Data Migration - Processor Module Assembly\lib\spring-3.2.3\spring-jdbc-3.2.3.RELEASE.jar;D:\weiyun\TC\java\submission\OPM - Data Migration - Processor Module Assembly\lib\spring-3.2.3\spring-orm-3.2.3.RELEASE.jar;D:\weiyun\TC\java\submission\OPM - Data Migration - Processor Module Assembly\lib\spring-3.2.3\spring-tx-3.2.3.RELEASE.jar;D:\weiyun\TC\java\submission\OPM - Data Migration - Processor Module Assembly\lib\spring-3.2.3\spring-web-3.2.3.RELEASE.jar;D:\weiyun\TC\java\submission\OPM - Data Migration - Processor Module Assembly\lib\spring-3.2.3\spring-webmvc-3.2.3.RELEASE.jar;D:\weiyun\TC\java\submission\OPM - Data Migration - Processor Module Assembly\lib\spring-3.2.3\standard-1.1.2.jar;D:\weiyun\TC\java\submission\OPM - Data Migration - Processor Module Assembly\lib\joda-time-2.3\joda-time-2.3.jar;D:\weiyun\TC\java\submission\OPM - Data Migration - Processor Module Assembly\lib\sqlserver\sqljdbc4.jar;D:\weiyun\TC\java\submission\OPM - Data Migration - Processor Module Assembly\testlib\junit-4.10\junit-4.10.jar;D:\weiyun\TC\java\submission\OPM - Data Migration - Processor Module Assembly\build\core\classes;D:\weiyun\TC\java\submission\OPM - Data Migration - Processor Module Assembly\build\ejb\classes;D:\weiyun\TC\java\submission\OPM - Data Migration - Processor Module Assembly\test_files;D:\weiyun\TC\java\submission\OPM - Data Migration - Processor Module Assembly\conf;D:\weiyun\TC\java\submission\OPM - Data Migration - Processor Module Assembly;D:\PROGRA~1\IBM\SQLLIB\java\db2java.zip;D:\PROGRA~1\IBM\SQLLIB\java\db2jcc.jar;D:\PROGRA~1\IBM\SQLLIB\java\sqlj.zip;D:\PROGRA~1\IBM\SQLLIB\java\db2jcc_license_cu.jar;D:\PROGRA~1\IBM\SQLLIB\bin;D:\PROGRA~1\IBM\SQLLIB\java\common.jar;C:\Program Files (x86)\Java\jre6\lib\ext\QTJava.zip;D:\Program Files\apache-ant-1.8.2\lib\ant-launcher.jar;D:\Program Files\apache-ant-1.8.2\lib\ant.jar;D:\Program Files\apache-ant-1.8.2\lib\ant-junit.jar;D:\Program Files\apache-ant-1.8.2\lib\ant-junit4.jar" />
    <property name="sun.java.command" value="org.apache.tools.ant.taskdefs.optional.junit.JUnitTestRunner gov.opm.scrd.AllTests filtertrace=true haltOnError=false haltOnFailure=false showoutput=false outputtoformatters=true logfailedtests=true logtestlistenerevents=false formatter=org.apache.tools.ant.taskdefs.optional.junit.PlainJUnitResultFormatter,D:\weiyun\TC\java\submission\OPM - Data Migration - Processor Module Assembly\log\TEST-gov.opm.scrd.AllTests.txt formatter=org.apache.tools.ant.taskdefs.optional.junit.XMLJUnitResultFormatter,D:\weiyun\TC\java\submission\OPM - Data Migration - Processor Module Assembly\log\TEST-gov.opm.scrd.AllTests.xml crashfile=D:\weiyun\TC\java\submission\OPM - Data Migration - Processor Module Assembly\junitvmwatcher9171595258255427097.properties propsfile=D:\weiyun\TC\java\submission\OPM - Data Migration - Processor Module Assembly\junit1561263204665185708.properties" />
    <property name="tests.build.dir" value="build/tests" />
    <property name="web.build.dir" value="build/web" />
    <property name="web.classes.dir" value="build/web/classes" />
    <property name="java.vm.specification.name" value="Java Virtual Machine Specification" />
    <property name="ant.file.type" value="file" />
    <property name="java.vm.specification.version" value="1.0" />
    <property name="sun.cpu.endian" value="little" />
    <property name="sun.os.patch.level" value="Service Pack 1" />
    <property name="successCalculationStatus.id" value="1" />
    <property name="java.io.tmpdir" value="C:\Users\db2admin\AppData\Local\Temp\" />
    <property name="java.vendor.url.bug" value="http://java.sun.com/cgi-bin/bugreport.cgi" />
    <property name="web.src.dir" value="src/java/web" />
    <property name="conf.dir" value="conf" />
    <property name="dedepositPeriodType.name" value="DEDEPOSIT" />
    <property name="java.awt.graphicsenv" value="sun.awt.Win32GraphicsEnvironment" />
    <property name="os.arch" value="x86" />
    <property name="db.sourceDatabaseUsername" value="sa" />
    <property name="java.ext.dirs" value="D:\Servers\Java\jdk1.6.0_25\jre\lib\ext;C:\Windows\Sun\Java\lib\ext" />
    <property name="user.dir" value="D:\weiyun\TC\java\submission\OPM - Data Migration - Processor Module Assembly" />
    <property name="loggerName" value="gov.opm.scrd" />
    <property name="line.separator" value="&#xd;&#xa;" />
    <property name="java.vm.name" value="Java HotSpot(TM) Client VM" />
    <property name="ejb.dist.dir" value="dist/ejb" />
    <property name="jboss.conf.dir" value="conf/jboss" />
    <property name="basedir" value="D:\weiyun\TC\java\submission\OPM - Data Migration - Processor Module Assembly" />
    <property name="csrsRetirementType.id" value="1" />
    <property name="ant.java.version" value="1.6" />
    <property name="ant.core.lib" value="D:\Program Files\apache-ant-1.8.2\lib\ant.jar" />
    <property name="file.encoding" value="GBK" />
    <property name="postedPendingApprovalStatus.id" value="1" />
    <property name="core-dist-name" value="opm-scrd-core.jar" />
    <property name="core.dist.dir" value="dist/core" />
    <property name="java.specification.version" value="1.6" />
    <property name="src.dir" value="src" />
    <property name="ant.project.invoked-targets" value="test" />
    <property name="submission.jar" value="opm_-_data_migration_-_processor_module_assembly_1.0.0_submission.jar" />
  </properties>
  <testcase classname="gov.opm.scrd.migration.DataMigrationUtilityUnitTests" name="test_main" time="10.243" />
  <testcase classname="gov.opm.scrd.migration.impl.DataMigrationProcessorImplUnitTests" name="testCtor" time="0.88" />
  <testcase classname="gov.opm.scrd.migration.impl.DataMigrationProcessorImplUnitTests" name="test_checkInit_1" time="0.859" />
  <testcase classname="gov.opm.scrd.migration.impl.DataMigrationProcessorImplUnitTests" name="test_checkInit_2" time="0.876" />
  <testcase classname="gov.opm.scrd.migration.impl.DataMigrationProcessorImplUnitTests" name="test_checkInit_destinationEntityManagerNull" time="0.87" />
  <testcase classname="gov.opm.scrd.migration.impl.DataMigrationProcessorImplUnitTests" name="test_checkInit_countryNameNull" time="0.841" />
  <testcase classname="gov.opm.scrd.migration.impl.DataMigrationProcessorImplUnitTests" name="test_checkInit_countryNameEmpty" time="0.848" />
  <testcase classname="gov.opm.scrd.migration.impl.DataMigrationProcessorImplUnitTests" name="test_checkInit_redepositPeriodTypeNameNull" time="0.85" />
  <testcase classname="gov.opm.scrd.migration.impl.DataMigrationProcessorImplUnitTests" name="test_checkInit_redepositPeriodTypeNameEmpty" time="0.815" />
  <testcase classname="gov.opm.scrd.migration.impl.DataMigrationProcessorImplUnitTests" name="test_checkInit_depositPeriodTypeNameNull" time="0.824" />
  <testcase classname="gov.opm.scrd.migration.impl.DataMigrationProcessorImplUnitTests" name="test_checkInit_depositPeriodTypeNameEmpty" time="0.84" />
  <testcase classname="gov.opm.scrd.migration.impl.DataMigrationProcessorImplUnitTests" name="test_checkInit_sourceDatabaseDriverNameNull" time="0.853" />
  <testcase classname="gov.opm.scrd.migration.impl.DataMigrationProcessorImplUnitTests" name="test_checkInit_sourceDatabaseDriverNameEmpty" time="0.841" />
  <testcase classname="gov.opm.scrd.migration.impl.DataMigrationProcessorImplUnitTests" name="test_checkInit_sourceDatabaseUrlNull" time="0.828" />
  <testcase classname="gov.opm.scrd.migration.impl.DataMigrationProcessorImplUnitTests" name="test_checkInit_sourceDatabaseUrlEmpty" time="0.826" />
  <testcase classname="gov.opm.scrd.migration.impl.DataMigrationProcessorImplUnitTests" name="test_checkInit_sourceDatabaseUsernameNull" time="0.839" />
  <testcase classname="gov.opm.scrd.migration.impl.DataMigrationProcessorImplUnitTests" name="test_checkInit_sourceDatabaseUsernameEmpty" time="0.827" />
  <testcase classname="gov.opm.scrd.migration.impl.DataMigrationProcessorImplUnitTests" name="test_checkInit_sourceDatabasePasswordNull" time="0.82" />
  <testcase classname="gov.opm.scrd.migration.impl.DataMigrationProcessorImplUnitTests" name="test_checkInit_sourceDatabasePasswordEmpty" time="0.834" />
  <testcase classname="gov.opm.scrd.migration.impl.DataMigrationProcessorImplUnitTests" name="test_migrate" time="2.048" />
  <testcase classname="gov.opm.scrd.migration.impl.DataMigrationProcessorImplUnitTests" name="test_migrate_Error1" time="1.443" />
  <testcase classname="gov.opm.scrd.migration.impl.DataMigrationProcessorImplUnitTests" name="test_migrate_Error2" time="1.375" />
  <testcase classname="gov.opm.scrd.PersistenceTests" name="test_Payment" time="0.971" />
  <testcase classname="gov.opm.scrd.PersistenceTests" name="test_AccountConfirmationValidation" time="1.154" />
  <testcase classname="gov.opm.scrd.PersistenceTests" name="test_AccountNote" time="0.928" />
  <testcase classname="gov.opm.scrd.PersistenceTests" name="test_Account" time="0.975" />
  <testcase classname="gov.opm.scrd.PersistenceTests" name="test_CalculationVersion" time="1.049" />
  <testcase classname="gov.opm.scrd.PersistenceTests" name="test_AccountHolder" time="0.928" />
  <testcase classname="gov.opm.scrd.PersistenceTests" name="test_PaymentReverse" time="0.918" />
  <testcase classname="gov.opm.scrd.PersistenceTests" name="test_RefundTransaction" time="0.879" />
  <testcase classname="gov.opm.scrd.PersistenceTests" name="test_AuditRecord" time="0.849" />
  <testcase classname="gov.opm.scrd.PersistenceTests" name="test_HelpItem" time="0.829" />
  <testcase classname="gov.opm.scrd.PersistenceTests" name="test_Printout" time="0.845" />
  <testcase classname="gov.opm.scrd.PersistenceTests" name="test_ServiceCreditPreference" time="0.858" />
  <testcase classname="gov.opm.scrd.PersistenceTests" name="test_Notification" time="0.847" />
  <testcase classname="gov.opm.scrd.PersistenceTests" name="test_Info" time="0.871" />
  <testcase classname="gov.opm.scrd.PersistenceTests" name="test_Error" time="0.906" />
  <testcase classname="gov.opm.scrd.PersistenceTests" name="test_RolePermission" time="0.858" />
  <testcase classname="gov.opm.scrd.PersistenceTests" name="test_UserPermission" time="0.897" />
  <testcase classname="gov.opm.scrd.PersistenceTests" name="test_User" time="0.882" />
  <testcase classname="gov.opm.scrd.PersistenceTests" name="test_BatchDailyPayments" time="0.844" />
  <testcase classname="gov.opm.scrd.PersistenceTests" name="test_AuditBatch" time="0.871" />
  <testcase classname="gov.opm.scrd.PersistenceTests" name="test_NewClaimNumber" time="0.848" />
  <testcase classname="gov.opm.scrd.PersistenceTests" name="test_AnnuitantList" time="0.842" />
  <testcase classname="gov.opm.scrd.PersistenceTests" name="test_TimeFactor" time="0.88" />
  <testcase classname="gov.opm.scrd.PersistenceTests" name="test_ContactInfo" time="0.867" />
  <testcase classname="gov.opm.scrd.PersistenceTests" name="test_InterestSuppression" time="0.882" />
  <testcase classname="gov.opm.scrd.PersistenceTests" name="test_GLPaymentType" time="0.956" />
  <testcase classname="gov.opm.scrd.PersistenceTests" name="test_SCMFirstInsert" time="0.847" />
  <testcase classname="gov.opm.scrd.PersistenceTests" name="test_Holiday" time="0.864" />
  <testcase classname="gov.opm.scrd.PersistenceTests" name="test_DeductionRate" time="0.846" />
  <testcase classname="gov.opm.scrd.PersistenceTests" name="test_InterestGracePeriod" time="0.861" />
  <testcase classname="gov.opm.scrd.PersistenceTests" name="test_GLCode" time="0.859" />
  <testcase classname="gov.opm.scrd.PersistenceTests" name="test_ClaimWithoutService" time="0.829" />
  <testcase classname="gov.opm.scrd.PersistenceTests" name="test_PaymentTransactionNote" time="0.827" />
  <testcase classname="gov.opm.scrd.PersistenceTests" name="test_PaymentMoveTransaction" time="0.832" />
  <testcase classname="gov.opm.scrd.PersistenceTests" name="test_InterestRate" time="0.82" />
  <testcase classname="gov.opm.scrd.PersistenceTests" name="test_PaymentInterestDetail" time="0.829" />
  <testcase classname="gov.opm.scrd.PersistenceTests" name="test_AdjustmentTransaction" time="0.825" />
  <testcase classname="gov.opm.scrd.PersistenceTests" name="test_Invoice" time="1.004" />
  <testcase classname="gov.opm.scrd.PersistenceTests" name="test_A01PrintSuppressionCases" time="0.866" />
  <testcase classname="gov.opm.scrd.PersistenceTests" name="test_UserAccountAssignment" time="0.859" />
  <testcase classname="gov.opm.scrd.PersistenceTests" name="test_PaymentRefundLink" time="0.818" />
  <testcase classname="gov.opm.scrd.PersistenceTests" name="test_PaymentsAppliedOrderCode" time="0.832" />
  <testcase classname="gov.opm.scrd.PersistenceTests" name="test_PayTransStatusCode" time="0.85" />
  <testcase classname="gov.opm.scrd.PersistenceTests" name="test_ChangeTransFieldNumberCode" time="0.874" />
  <testcase classname="gov.opm.scrd.PersistenceTests" name="test_PaymentAppliedOrder" time="0.85" />
  <testcase classname="gov.opm.scrd.PersistenceTests" name="test_PayCode" time="0.838" />
  <testcase classname="gov.opm.scrd.PersistenceTests" name="test_AgencyCode" time="0.827" />
  <testcase classname="gov.opm.scrd.PersistenceTests" name="test_FormType" time="0.876" />
  <testcase classname="gov.opm.scrd.PersistenceTests" name="test_Suffix" time="0.888" />
  <testcase classname="gov.opm.scrd.PersistenceTests" name="test_PeriodType" time="0.876" />
  <testcase classname="gov.opm.scrd.PersistenceTests" name="test_State" time="0.852" />
  <testcase classname="gov.opm.scrd.PersistenceTests" name="test_Country" time="0.903" />
  <testcase classname="gov.opm.scrd.PersistenceTests" name="test_AccountStatus" time="0.87" />
  <testcase classname="gov.opm.scrd.PersistenceTests" name="test_RetirementType" time="0.869" />
  <testcase classname="gov.opm.scrd.PersistenceTests" name="test_ServiceType" time="0.844" />
  <testcase classname="gov.opm.scrd.PersistenceTests" name="test_Role" time="0.876" />
  <testcase classname="gov.opm.scrd.PersistenceTests" name="test_AppointmentType" time="0.86" />
  <testcase classname="gov.opm.scrd.PersistenceTests" name="test_PayType" time="0.849" />
  <testcase classname="gov.opm.scrd.PersistenceTests" name="test_PaymentReversalReason" time="0.82" />
  <testcase classname="gov.opm.scrd.PersistenceTests" name="test_ApplicationDesignation" time="0.858" />
  <testcase classname="gov.opm.scrd.PersistenceTests" name="test_PaymentStatus" time="0.833" />
  <testcase classname="gov.opm.scrd.PersistenceTests" name="test_ClaimOfficer" time="0.846" />
  <testcase classname="gov.opm.scrd.PersistenceTests" name="test_UserStatus" time="0.821" />
  <testcase classname="gov.opm.scrd.PersistenceTests" name="test_TransferType" time="0.818" />
  <testcase classname="gov.opm.scrd.PersistenceTests" name="test_CalculationStatus" time="0.868" />
  <testcase classname="gov.opm.scrd.entities.common.DescriptiveNamedEntityUnitTests" name="testCtor" time="0.0" />
  <testcase classname="gov.opm.scrd.entities.common.DescriptiveNamedEntityUnitTests" name="test_getDescription" time="0.0" />
  <testcase classname="gov.opm.scrd.entities.common.DescriptiveNamedEntityUnitTests" name="test_setDescription" time="0.0" />
  <testcase classname="gov.opm.scrd.entities.common.OrderedNamedEntityUnitTests" name="testCtor" time="0.0" />
  <testcase classname="gov.opm.scrd.entities.common.OrderedNamedEntityUnitTests" name="test_getDisplayOrder" time="0.0" />
  <testcase classname="gov.opm.scrd.entities.common.OrderedNamedEntityUnitTests" name="test_setDisplayOrder" time="0.0" />
  <testcase classname="gov.opm.scrd.entities.common.IdentifiableEntityUnitTests" name="testCtor" time="0.027" />
  <testcase classname="gov.opm.scrd.entities.common.IdentifiableEntityUnitTests" name="test_getId" time="0.0050" />
  <testcase classname="gov.opm.scrd.entities.common.IdentifiableEntityUnitTests" name="test_setId" time="0.0" />
  <testcase classname="gov.opm.scrd.entities.common.IdentifiableEntityUnitTests" name="test_isDeleted" time="0.0" />
  <testcase classname="gov.opm.scrd.entities.common.IdentifiableEntityUnitTests" name="test_setDeleted" time="0.0" />
  <testcase classname="gov.opm.scrd.entities.common.IdentifiableEntityUnitTests" name="test_equals_False1" time="0.0" />
  <testcase classname="gov.opm.scrd.entities.common.IdentifiableEntityUnitTests" name="test_equals_False2" time="0.0" />
  <testcase classname="gov.opm.scrd.entities.common.IdentifiableEntityUnitTests" name="test_equals_False3" time="0.0" />
  <testcase classname="gov.opm.scrd.entities.common.IdentifiableEntityUnitTests" name="test_equals_False4" time="0.0" />
  <testcase classname="gov.opm.scrd.entities.common.IdentifiableEntityUnitTests" name="test_equals_True1" time="0.0" />
  <testcase classname="gov.opm.scrd.entities.common.IdentifiableEntityUnitTests" name="test_equals_True2" time="0.0" />
  <testcase classname="gov.opm.scrd.entities.common.IdentifiableEntityUnitTests" name="test_hashCode" time="0.0" />
  <testcase classname="gov.opm.scrd.entities.common.IdentifiableEntityUnitTests" name="test_toString" time="0.0010" />
  <testcase classname="gov.opm.scrd.entities.common.NamedEntityUnitTests" name="testCtor" time="0.0" />
  <testcase classname="gov.opm.scrd.entities.common.NamedEntityUnitTests" name="test_getName" time="0.0" />
  <testcase classname="gov.opm.scrd.entities.common.NamedEntityUnitTests" name="test_setName" time="0.0" />
  <testcase classname="gov.opm.scrd.entities.common.BaseSearchParametersUnitTests" name="testCtor" time="0.0010" />
  <testcase classname="gov.opm.scrd.entities.common.BaseSearchParametersUnitTests" name="test_toString" time="0.0010" />
  <testcase classname="gov.opm.scrd.entities.common.BaseSearchParametersUnitTests" name="test_getSortColumn" time="0.0010" />
  <testcase classname="gov.opm.scrd.entities.common.BaseSearchParametersUnitTests" name="test_setSortColumn" time="0.0" />
  <testcase classname="gov.opm.scrd.entities.common.BaseSearchParametersUnitTests" name="test_getSortOrder" time="0.0" />
  <testcase classname="gov.opm.scrd.entities.common.BaseSearchParametersUnitTests" name="test_setSortOrder" time="0.0" />
  <testcase classname="gov.opm.scrd.entities.common.BasicSearchFilterUnitTests" name="testCtor" time="0.0" />
  <testcase classname="gov.opm.scrd.entities.common.BasePagedSearchParametersUnitTests" name="testCtor" time="0.0010" />
  <testcase classname="gov.opm.scrd.entities.common.BasePagedSearchParametersUnitTests" name="test_getPageNumber" time="0.0" />
  <testcase classname="gov.opm.scrd.entities.common.BasePagedSearchParametersUnitTests" name="test_setPageNumber" time="0.0" />
  <testcase classname="gov.opm.scrd.entities.common.BasePagedSearchParametersUnitTests" name="test_getPageSize" time="0.0" />
  <testcase classname="gov.opm.scrd.entities.common.BasePagedSearchParametersUnitTests" name="test_setPageSize" time="0.0" />
  <testcase classname="gov.opm.scrd.entities.common.BasicPagedSearchFilterUnitTests" name="testCtor" time="0.0" />
  <testcase classname="gov.opm.scrd.entities.common.SearchResultUnitTests" name="testCtor" time="0.0" />
  <testcase classname="gov.opm.scrd.entities.common.SearchResultUnitTests" name="test_getTotal" time="0.0" />
  <testcase classname="gov.opm.scrd.entities.common.SearchResultUnitTests" name="test_setTotal" time="0.0" />
  <testcase classname="gov.opm.scrd.entities.common.SearchResultUnitTests" name="test_getTotalPageCount" time="0.0" />
  <testcase classname="gov.opm.scrd.entities.common.SearchResultUnitTests" name="test_setTotalPageCount" time="0.0" />
  <testcase classname="gov.opm.scrd.entities.common.SearchResultUnitTests" name="test_getItems" time="0.0" />
  <testcase classname="gov.opm.scrd.entities.common.SearchResultUnitTests" name="test_setItems" time="0.0" />
  <testcase classname="gov.opm.scrd.entities.application.PaymentsAppliedOrderCodeUnitTests" name="testCtor" time="0.0" />
  <testcase classname="gov.opm.scrd.entities.application.PaymentsAppliedOrderCodeUnitTests" name="test_getDisplayOrder" time="0.0" />
  <testcase classname="gov.opm.scrd.entities.application.PaymentsAppliedOrderCodeUnitTests" name="test_setDisplayOrder" time="0.0" />
  <testcase classname="gov.opm.scrd.entities.application.PaymentsAppliedOrderCodeUnitTests" name="test_getPaymentAccount" time="0.0" />
  <testcase classname="gov.opm.scrd.entities.application.PaymentsAppliedOrderCodeUnitTests" name="test_setPaymentAccount" time="0.0" />
  <testcase classname="gov.opm.scrd.entities.application.A01PrintSuppressionCasesUnitTests" name="testCtor" time="0.0" />
  <testcase classname="gov.opm.scrd.entities.application.A01PrintSuppressionCasesUnitTests" name="test_getClaimNumber" time="0.0" />
  <testcase classname="gov.opm.scrd.entities.application.A01PrintSuppressionCasesUnitTests" name="test_setClaimNumber" time="0.0" />
  <testcase classname="gov.opm.scrd.entities.application.A01PrintSuppressionCasesUnitTests" name="test_getReasonForPrintSuppression" time="0.0" />
  <testcase classname="gov.opm.scrd.entities.application.A01PrintSuppressionCasesUnitTests" name="test_setReasonForPrintSuppression" time="0.0" />
  <testcase classname="gov.opm.scrd.entities.application.AdjustmentTransactionUnitTests" name="testCtor" time="0.0" />
  <testcase classname="gov.opm.scrd.entities.application.AdjustmentTransactionUnitTests" name="test_getClaimNumber" time="0.0" />
  <testcase classname="gov.opm.scrd.entities.application.AdjustmentTransactionUnitTests" name="test_setClaimNumber" time="0.0" />
  <testcase classname="gov.opm.scrd.entities.application.AdjustmentTransactionUnitTests" name="test_getPayTransactionKey" time="0.0" />
  <testcase classname="gov.opm.scrd.entities.application.AdjustmentTransactionUnitTests" name="test_setPayTransactionKey" time="0.0" />
  <testcase classname="gov.opm.scrd.entities.application.AdjustmentTransactionUnitTests" name="test_getAccIntDep" time="0.0" />
  <testcase classname="gov.opm.scrd.entities.application.AdjustmentTransactionUnitTests" name="test_setAccIntDep" time="0.0" />
  <testcase classname="gov.opm.scrd.entities.application.AdjustmentTransactionUnitTests" name="test_getAccIntRdep" time="0.0" />
  <testcase classname="gov.opm.scrd.entities.application.AdjustmentTransactionUnitTests" name="test_setAccIntRdep" time="0.0" />
  <testcase classname="gov.opm.scrd.entities.application.AdjustmentTransactionUnitTests" name="test_getAccIntNonDep" time="0.0" />
  <testcase classname="gov.opm.scrd.entities.application.AdjustmentTransactionUnitTests" name="test_setAccIntNonDep" time="0.0" />
  <testcase classname="gov.opm.scrd.entities.application.AdjustmentTransactionUnitTests" name="test_getAccIntVarRdep" time="0.0" />
  <testcase classname="gov.opm.scrd.entities.application.AdjustmentTransactionUnitTests" name="test_setAccIntVarRdep" time="0.0" />
  <testcase classname="gov.opm.scrd.entities.application.AdjustmentTransactionUnitTests" name="test_getAccIntDepFers" time="0.0" />
  <testcase classname="gov.opm.scrd.entities.application.AdjustmentTransactionUnitTests" name="test_setAccIntDepFers" time="0.0" />
  <testcase classname="gov.opm.scrd.entities.application.AdjustmentTransactionUnitTests" name="test_getModificationDate" time="0.0" />
  <testcase classname="gov.opm.scrd.entities.application.AdjustmentTransactionUnitTests" name="test_setModificationDate" time="0.0" />
  <testcase classname="gov.opm.scrd.entities.application.AdjustmentTransactionUnitTests" name="test_getApprovalDate" time="0.0" />
  <testcase classname="gov.opm.scrd.entities.application.AdjustmentTransactionUnitTests" name="test_setApprovalDate" time="0.0" />
  <testcase classname="gov.opm.scrd.entities.application.AdjustmentTransactionUnitTests" name="test_getProcessedDate" time="0.0" />
  <testcase classname="gov.opm.scrd.entities.application.AdjustmentTransactionUnitTests" name="test_setProcessedDate" time="0.0" />
  <testcase classname="gov.opm.scrd.entities.application.AdjustmentTransactionUnitTests" name="test_getTechnicianUserKey" time="0.0" />
  <testcase classname="gov.opm.scrd.entities.application.AdjustmentTransactionUnitTests" name="test_setTechnicianUserKey" time="0.0" />
  <testcase classname="gov.opm.scrd.entities.application.AdjustmentTransactionUnitTests" name="test_getManagerUserKey" time="0.0" />
  <testcase classname="gov.opm.scrd.entities.application.AdjustmentTransactionUnitTests" name="test_setManagerUserKey" time="0.0" />
  <testcase classname="gov.opm.scrd.entities.application.AdjustmentTransactionUnitTests" name="test_getApproved" time="0.0010" />
  <testcase classname="gov.opm.scrd.entities.application.AdjustmentTransactionUnitTests" name="test_setApproved" time="0.0" />
  <testcase classname="gov.opm.scrd.entities.application.AdjustmentTransactionUnitTests" name="test_getDisapproved" time="0.0" />
  <testcase classname="gov.opm.scrd.entities.application.AdjustmentTransactionUnitTests" name="test_setDisapproved" time="0.0" />
  <testcase classname="gov.opm.scrd.entities.application.AdjustmentTransactionUnitTests" name="test_getModified" time="0.0" />
  <testcase classname="gov.opm.scrd.entities.application.AdjustmentTransactionUnitTests" name="test_setModified" time="0.0" />
  <testcase classname="gov.opm.scrd.entities.application.AdjustmentTransactionUnitTests" name="test_getNote" time="0.0" />
  <testcase classname="gov.opm.scrd.entities.application.AdjustmentTransactionUnitTests" name="test_setNote" time="0.0" />
  <testcase classname="gov.opm.scrd.entities.application.AnnuitantListUnitTests" name="testCtor" time="0.0" />
  <testcase classname="gov.opm.scrd.entities.application.AnnuitantListUnitTests" name="test_getClaimNumber" time="0.0" />
  <testcase classname="gov.opm.scrd.entities.application.AnnuitantListUnitTests" name="test_setClaimNumber" time="0.0" />
  <testcase classname="gov.opm.scrd.entities.application.AuditBatchUnitTests" name="testCtor" time="0.0" />
  <testcase classname="gov.opm.scrd.entities.application.AuditBatchUnitTests" name="test_getEventYear" time="0.0" />
  <testcase classname="gov.opm.scrd.entities.application.AuditBatchUnitTests" name="test_setEventYear" time="0.0" />
  <testcase classname="gov.opm.scrd.entities.application.AuditBatchUnitTests" name="test_getEventMonth" time="0.0" />
  <testcase classname="gov.opm.scrd.entities.application.AuditBatchUnitTests" name="test_setEventMonth" time="0.0" />
  <testcase classname="gov.opm.scrd.entities.application.AuditBatchUnitTests" name="test_getEventDay" time="0.0" />
  <testcase classname="gov.opm.scrd.entities.application.AuditBatchUnitTests" name="test_setEventDay" time="0.0" />
  <testcase classname="gov.opm.scrd.entities.application.AuditBatchUnitTests" name="test_getFileReceived" time="0.0" />
  <testcase classname="gov.opm.scrd.entities.application.AuditBatchUnitTests" name="test_setFileReceived" time="0.0" />
  <testcase classname="gov.opm.scrd.entities.application.AuditBatchUnitTests" name="test_getDailyAction" time="0.0" />
  <testcase classname="gov.opm.scrd.entities.application.AuditBatchUnitTests" name="test_setDailyAction" time="0.0" />
  <testcase classname="gov.opm.scrd.entities.application.AuditBatchUnitTests" name="test_getManualBatch" time="0.0" />
  <testcase classname="gov.opm.scrd.entities.application.AuditBatchUnitTests" name="test_setManualBatch" time="0.0" />
  <testcase classname="gov.opm.scrd.entities.application.AuditBatchUnitTests" name="test_getErrorImporting" time="0.0" />
  <testcase classname="gov.opm.scrd.entities.application.AuditBatchUnitTests" name="test_setErrorImporting" time="0.0" />
  <testcase classname="gov.opm.scrd.entities.application.AuditBatchUnitTests" name="test_getErrorProcessing" time="0.0010" />
  <testcase classname="gov.opm.scrd.entities.application.AuditBatchUnitTests" name="test_setErrorProcessing" time="0.0" />
  <testcase classname="gov.opm.scrd.entities.application.AuditBatchUnitTests" name="test_getLatestBatch" time="0.0" />
  <testcase classname="gov.opm.scrd.entities.application.AuditBatchUnitTests" name="test_setLatestBatch" time="0.0" />
  <testcase classname="gov.opm.scrd.entities.application.AuditBatchUnitTests" name="test_getAmountImported" time="0.0" />
  <testcase classname="gov.opm.scrd.entities.application.AuditBatchUnitTests" name="test_setAmountImported" time="0.0" />
  <testcase classname="gov.opm.scrd.entities.application.AuditBatchUnitTests" name="test_getAmountProcessed" time="0.0" />
  <testcase classname="gov.opm.scrd.entities.application.AuditBatchUnitTests" name="test_setAmountProcessed" time="0.0" />
  <testcase classname="gov.opm.scrd.entities.application.AuditBatchUnitTests" name="test_getNumberAccepted" time="0.0" />
  <testcase classname="gov.opm.scrd.entities.application.AuditBatchUnitTests" name="test_setNumberAccepted" time="0.0" />
  <testcase classname="gov.opm.scrd.entities.application.AuditBatchUnitTests" name="test_getNumberUnresolved" time="0.0" />
  <testcase classname="gov.opm.scrd.entities.application.AuditBatchUnitTests" name="test_setNumberUnresolved" time="0.0" />
  <testcase classname="gov.opm.scrd.entities.application.AuditBatchUnitTests" name="test_getNumberSuspended" time="0.0" />
  <testcase classname="gov.opm.scrd.entities.application.AuditBatchUnitTests" name="test_setNumberSuspended" time="0.0" />
  <testcase classname="gov.opm.scrd.entities.application.AuditBatchUnitTests" name="test_getNumberAchAccepted" time="0.0" />
  <testcase classname="gov.opm.scrd.entities.application.AuditBatchUnitTests" name="test_setNumberAchAccepted" time="0.0" />
  <testcase classname="gov.opm.scrd.entities.application.AuditBatchUnitTests" name="test_getNumberAchUnresolved" time="0.0" />
  <testcase classname="gov.opm.scrd.entities.application.AuditBatchUnitTests" name="test_setNumberAchUnresolved" time="0.0" />
  <testcase classname="gov.opm.scrd.entities.application.AuditBatchUnitTests" name="test_getNumberAchSuspended" time="0.0" />
  <testcase classname="gov.opm.scrd.entities.application.AuditBatchUnitTests" name="test_setNumberAchSuspended" time="0.0" />
  <testcase classname="gov.opm.scrd.entities.application.AuditBatchUnitTests" name="test_getNumberChangeRequests" time="0.0" />
  <testcase classname="gov.opm.scrd.entities.application.AuditBatchUnitTests" name="test_setNumberChangeRequests" time="0.0" />
  <testcase classname="gov.opm.scrd.entities.application.AuditBatchUnitTests" name="test_getPaymentsProcessed" time="0.0" />
  <testcase classname="gov.opm.scrd.entities.application.AuditBatchUnitTests" name="test_setPaymentsProcessed" time="0.0" />
  <testcase classname="gov.opm.scrd.entities.application.AuditBatchUnitTests" name="test_getInitialBillsProcessed" time="0.0" />
  <testcase classname="gov.opm.scrd.entities.application.AuditBatchUnitTests" name="test_setInitialBillsProcessed" time="0.0" />
  <testcase classname="gov.opm.scrd.entities.application.AuditBatchUnitTests" name="test_getReversedProcessed" time="0.0" />
  <testcase classname="gov.opm.scrd.entities.application.AuditBatchUnitTests" name="test_setReversedProcessed" time="0.0" />
  <testcase classname="gov.opm.scrd.entities.application.AuditBatchUnitTests" name="test_getAchStopLetters" time="0.0" />
  <testcase classname="gov.opm.scrd.entities.application.AuditBatchUnitTests" name="test_setAchStopLetters" time="0.0" />
  <testcase classname="gov.opm.scrd.entities.application.AuditBatchUnitTests" name="test_getRefundMemos" time="0.0010" />
  <testcase classname="gov.opm.scrd.entities.application.AuditBatchUnitTests" name="test_setRefundMemos" time="0.0" />
  <testcase classname="gov.opm.scrd.entities.application.AuditBatchUnitTests" name="test_getErrorCountProcessing" time="0.0" />
  <testcase classname="gov.opm.scrd.entities.application.AuditBatchUnitTests" name="test_setErrorCountProcessing" time="0.0" />
  <testcase classname="gov.opm.scrd.entities.application.AuditBatchUnitTests" name="test_getUserKey" time="0.0" />
  <testcase classname="gov.opm.scrd.entities.application.AuditBatchUnitTests" name="test_setUserKey" time="0.0" />
  <testcase classname="gov.opm.scrd.entities.application.AuditBatchUnitTests" name="test_getBatchTime" time="0.0" />
  <testcase classname="gov.opm.scrd.entities.application.AuditBatchUnitTests" name="test_setBatchTime" time="0.0" />
  <testcase classname="gov.opm.scrd.entities.application.BatchDailyPaymentsUnitTests" name="testCtor" time="0.0" />
  <testcase classname="gov.opm.scrd.entities.application.BatchDailyPaymentsUnitTests" name="test_getClaimNumber" time="0.0" />
  <testcase classname="gov.opm.scrd.entities.application.BatchDailyPaymentsUnitTests" name="test_setClaimNumber" time="0.0" />
  <testcase classname="gov.opm.scrd.entities.application.BatchDailyPaymentsUnitTests" name="test_getPayTransactionKey" time="0.0" />
  <testcase classname="gov.opm.scrd.entities.application.BatchDailyPaymentsUnitTests" name="test_setPayTransactionKey" time="0.0" />
  <testcase classname="gov.opm.scrd.entities.application.BatchDailyPaymentsUnitTests" name="test_getErrorProcessing" time="0.0" />
  <testcase classname="gov.opm.scrd.entities.application.BatchDailyPaymentsUnitTests" name="test_setErrorProcessing" time="0.0" />
  <testcase classname="gov.opm.scrd.entities.application.BatchDailyPaymentsUnitTests" name="test_getLatestBatch" time="0.0" />
  <testcase classname="gov.opm.scrd.entities.application.BatchDailyPaymentsUnitTests" name="test_setLatestBatch" time="0.0" />
  <testcase classname="gov.opm.scrd.entities.application.BatchDailyPaymentsUnitTests" name="test_getBatchTime" time="0.0" />
  <testcase classname="gov.opm.scrd.entities.application.BatchDailyPaymentsUnitTests" name="test_setBatchTime" time="0.0" />
  <testcase classname="gov.opm.scrd.entities.application.BatchDailyPaymentsUnitTests" name="test_getAuditBatchLogId" time="0.0" />
  <testcase classname="gov.opm.scrd.entities.application.BatchDailyPaymentsUnitTests" name="test_setAuditBatchLogId" time="0.0" />
  <testcase classname="gov.opm.scrd.entities.application.BatchDailyPaymentsUnitTests" name="test_getNumberPaymentToday" time="0.0010" />
  <testcase classname="gov.opm.scrd.entities.application.BatchDailyPaymentsUnitTests" name="test_setNumberPaymentToday" time="0.0" />
  <testcase classname="gov.opm.scrd.entities.application.BatchDailyPaymentsUnitTests" name="test_getAccountStatus" time="0.0010" />
  <testcase classname="gov.opm.scrd.entities.application.BatchDailyPaymentsUnitTests" name="test_setAccountStatus" time="0.0" />
  <testcase classname="gov.opm.scrd.entities.application.BatchDailyPaymentsUnitTests" name="test_getPayTransStatusCode" time="0.0" />
  <testcase classname="gov.opm.scrd.entities.application.BatchDailyPaymentsUnitTests" name="test_setPayTransStatusCode" time="0.0" />
  <testcase classname="gov.opm.scrd.entities.application.BatchDailyPaymentsUnitTests" name="test_getAccountBalance" time="0.0" />
  <testcase classname="gov.opm.scrd.entities.application.BatchDailyPaymentsUnitTests" name="test_setAccountBalance" time="0.0" />
  <testcase classname="gov.opm.scrd.entities.application.BatchDailyPaymentsUnitTests" name="test_getOverPaymentAmount" time="0.0" />
  <testcase classname="gov.opm.scrd.entities.application.BatchDailyPaymentsUnitTests" name="test_setOverPaymentAmount" time="0.0" />
  <testcase classname="gov.opm.scrd.entities.application.BatchDailyPaymentsUnitTests" name="test_getAchPayment" time="0.0" />
  <testcase classname="gov.opm.scrd.entities.application.BatchDailyPaymentsUnitTests" name="test_setAchPayment" time="0.0" />
  <testcase classname="gov.opm.scrd.entities.application.BatchDailyPaymentsUnitTests" name="test_getAchStopLetter" time="0.0" />
  <testcase classname="gov.opm.scrd.entities.application.BatchDailyPaymentsUnitTests" name="test_setAchStopLetter" time="0.0010" />
  <testcase classname="gov.opm.scrd.entities.application.BatchDailyPaymentsUnitTests" name="test_getPrintInvoice" time="0.0" />
  <testcase classname="gov.opm.scrd.entities.application.BatchDailyPaymentsUnitTests" name="test_setPrintInvoice" time="0.0" />
  <testcase classname="gov.opm.scrd.entities.application.BatchDailyPaymentsUnitTests" name="test_getRefundRequired" time="0.0" />
  <testcase classname="gov.opm.scrd.entities.application.BatchDailyPaymentsUnitTests" name="test_setRefundRequired" time="0.0010" />
  <testcase classname="gov.opm.scrd.entities.application.BatchDailyPaymentsUnitTests" name="test_getReversedPayment" time="0.0" />
  <testcase classname="gov.opm.scrd.entities.application.BatchDailyPaymentsUnitTests" name="test_setReversedPayment" time="0.0" />
  <testcase classname="gov.opm.scrd.entities.application.BatchDailyPaymentsUnitTests" name="test_getUpdateToCompleted" time="0.0" />
  <testcase classname="gov.opm.scrd.entities.application.BatchDailyPaymentsUnitTests" name="test_setUpdateToCompleted" time="0.0" />
  <testcase classname="gov.opm.scrd.entities.application.BatchDailyPaymentsUnitTests" name="test_getPrintInitialBill" time="0.0" />
  <testcase classname="gov.opm.scrd.entities.application.BatchDailyPaymentsUnitTests" name="test_setPrintInitialBill" time="0.0" />
  <testcase classname="gov.opm.scrd.entities.application.ClaimWithoutServiceUnitTests" name="testCtor" time="0.0" />
  <testcase classname="gov.opm.scrd.entities.application.ClaimWithoutServiceUnitTests" name="test_getClaimNumber" time="0.0" />
  <testcase classname="gov.opm.scrd.entities.application.ClaimWithoutServiceUnitTests" name="test_setClaimNumber" time="0.0" />
  <testcase classname="gov.opm.scrd.entities.application.ClaimWithoutServiceUnitTests" name="test_getDateOfBirth" time="0.0" />
  <testcase classname="gov.opm.scrd.entities.application.ClaimWithoutServiceUnitTests" name="test_setDateOfBirth" time="0.0" />
  <testcase classname="gov.opm.scrd.entities.application.ContactInfoUnitTests" name="testCtor" time="0.0" />
  <testcase classname="gov.opm.scrd.entities.application.ContactInfoUnitTests" name="test_getName" time="0.0" />
  <testcase classname="gov.opm.scrd.entities.application.ContactInfoUnitTests" name="test_setName" time="0.0010" />
  <testcase classname="gov.opm.scrd.entities.application.ContactInfoUnitTests" name="test_getText" time="0.0" />
  <testcase classname="gov.opm.scrd.entities.application.ContactInfoUnitTests" name="test_setText" time="0.0" />
  <testcase classname="gov.opm.scrd.entities.application.DeductionRateUnitTests" name="testCtor" time="0.0010" />
  <testcase classname="gov.opm.scrd.entities.application.DeductionRateUnitTests" name="test_getServiceType" time="0.0" />
  <testcase classname="gov.opm.scrd.entities.application.DeductionRateUnitTests" name="test_setServiceType" time="0.0" />
  <testcase classname="gov.opm.scrd.entities.application.DeductionRateUnitTests" name="test_getRetirementType" time="0.0010" />
  <testcase classname="gov.opm.scrd.entities.application.DeductionRateUnitTests" name="test_setRetirementType" time="0.0" />
  <testcase classname="gov.opm.scrd.entities.application.DeductionRateUnitTests" name="test_getStartDate" time="0.0" />
  <testcase classname="gov.opm.scrd.entities.application.DeductionRateUnitTests" name="test_setStartDate" time="0.0" />
  <testcase classname="gov.opm.scrd.entities.application.DeductionRateUnitTests" name="test_getEndDate" time="0.0" />
  <testcase classname="gov.opm.scrd.entities.application.DeductionRateUnitTests" name="test_setEndDate" time="0.0" />
  <testcase classname="gov.opm.scrd.entities.application.DeductionRateUnitTests" name="test_getDaysInPeriod" time="0.0" />
  <testcase classname="gov.opm.scrd.entities.application.DeductionRateUnitTests" name="test_setDaysInPeriod" time="0.0" />
  <testcase classname="gov.opm.scrd.entities.application.DeductionRateUnitTests" name="test_getRate" time="0.0" />
  <testcase classname="gov.opm.scrd.entities.application.DeductionRateUnitTests" name="test_setRate" time="0.0" />
  <testcase classname="gov.opm.scrd.entities.application.DeductionRateUnitTests" name="test_getServiceTypeDescription" time="0.0" />
  <testcase classname="gov.opm.scrd.entities.application.DeductionRateUnitTests" name="test_setServiceTypeDescription" time="0.0" />
  <testcase classname="gov.opm.scrd.entities.application.DeductionRateUnitTests" name="test_getDeductionConversionFactor" time="0.0" />
  <testcase classname="gov.opm.scrd.entities.application.DeductionRateUnitTests" name="test_setDeductionConversionFactor" time="0.0010" />
  <testcase classname="gov.opm.scrd.entities.application.GLCodeUnitTests" name="testCtor" time="0.0" />
  <testcase classname="gov.opm.scrd.entities.application.GLCodeUnitTests" name="test_getName" time="0.0" />
  <testcase classname="gov.opm.scrd.entities.application.GLCodeUnitTests" name="test_setName" time="0.0010" />
  <testcase classname="gov.opm.scrd.entities.application.GLCodeUnitTests" name="test_getRetirementType" time="0.0" />
  <testcase classname="gov.opm.scrd.entities.application.GLCodeUnitTests" name="test_setRetirementType" time="0.0" />
  <testcase classname="gov.opm.scrd.entities.application.GLCodeUnitTests" name="test_getCode" time="0.0" />
  <testcase classname="gov.opm.scrd.entities.application.GLCodeUnitTests" name="test_setCode" time="0.0010" />
  <testcase classname="gov.opm.scrd.entities.application.GLCodeUnitTests" name="test_getPaymentType" time="0.0" />
  <testcase classname="gov.opm.scrd.entities.application.GLCodeUnitTests" name="test_setPaymentType" time="0.0" />
  <testcase classname="gov.opm.scrd.entities.application.GLCodeUnitTests" name="test_getPostOffice" time="0.0" />
  <testcase classname="gov.opm.scrd.entities.application.GLCodeUnitTests" name="test_setPostOffice" time="0.0" />
  <testcase classname="gov.opm.scrd.entities.application.GLPaymentTypeUnitTests" name="testCtor" time="0.0" />
  <testcase classname="gov.opm.scrd.entities.application.GLPaymentTypeUnitTests" name="test_getPaymentCode" time="0.0" />
  <testcase classname="gov.opm.scrd.entities.application.GLPaymentTypeUnitTests" name="test_setPaymentCode" time="0.0010" />
  <testcase classname="gov.opm.scrd.entities.application.GLPaymentTypeUnitTests" name="test_getCodeDescription" time="0.0" />
  <testcase classname="gov.opm.scrd.entities.application.GLPaymentTypeUnitTests" name="test_setCodeDescription" time="0.0" />
  <testcase classname="gov.opm.scrd.entities.application.HolidayUnitTests" name="testCtor" time="0.0" />
  <testcase classname="gov.opm.scrd.entities.application.HolidayUnitTests" name="test_getHoliday" time="0.0" />
  <testcase classname="gov.opm.scrd.entities.application.HolidayUnitTests" name="test_setHoliday" time="0.0" />
  <testcase classname="gov.opm.scrd.entities.application.HolidayUnitTests" name="test_getExactDate" time="0.0" />
  <testcase classname="gov.opm.scrd.entities.application.HolidayUnitTests" name="test_setExactDate" time="0.0" />
  <testcase classname="gov.opm.scrd.entities.application.HolidayUnitTests" name="test_getWeekDay" time="0.0" />
  <testcase classname="gov.opm.scrd.entities.application.HolidayUnitTests" name="test_setWeekDay" time="0.0" />
  <testcase classname="gov.opm.scrd.entities.application.HolidayUnitTests" name="test_getMonthNumber" time="0.0" />
  <testcase classname="gov.opm.scrd.entities.application.HolidayUnitTests" name="test_setMonthNumber" time="0.0" />
  <testcase classname="gov.opm.scrd.entities.application.HolidayUnitTests" name="test_getDayOfMonth" time="0.0" />
  <testcase classname="gov.opm.scrd.entities.application.HolidayUnitTests" name="test_setDayOfMonth" time="0.0" />
  <testcase classname="gov.opm.scrd.entities.application.HolidayUnitTests" name="test_getWeekOfMonth" time="0.0" />
  <testcase classname="gov.opm.scrd.entities.application.HolidayUnitTests" name="test_setWeekOfMonth" time="0.0" />
  <testcase classname="gov.opm.scrd.entities.application.HolidayUnitTests" name="test_getHolidayId" time="0.0" />
  <testcase classname="gov.opm.scrd.entities.application.HolidayUnitTests" name="test_setHolidayId" time="0.0" />
  <testcase classname="gov.opm.scrd.entities.application.InterestGracePeriodUnitTests" name="testCtor" time="0.0" />
  <testcase classname="gov.opm.scrd.entities.application.InterestGracePeriodUnitTests" name="test_getClaimNumber" time="0.0" />
  <testcase classname="gov.opm.scrd.entities.application.InterestGracePeriodUnitTests" name="test_setClaimNumber" time="0.0" />
  <testcase classname="gov.opm.scrd.entities.application.InterestGracePeriodUnitTests" name="test_getPost982Redeposit" time="0.0" />
  <testcase classname="gov.opm.scrd.entities.application.InterestGracePeriodUnitTests" name="test_setPost982Redeposit" time="0.0" />
  <testcase classname="gov.opm.scrd.entities.application.InterestGracePeriodUnitTests" name="test_getPre1082Redeposit" time="0.0" />
  <testcase classname="gov.opm.scrd.entities.application.InterestGracePeriodUnitTests" name="test_setPre1082Redeposit" time="0.0" />
  <testcase classname="gov.opm.scrd.entities.application.InterestGracePeriodUnitTests" name="test_getPost982Deposit" time="0.0" />
  <testcase classname="gov.opm.scrd.entities.application.InterestGracePeriodUnitTests" name="test_setPost982Deposit" time="0.0" />
  <testcase classname="gov.opm.scrd.entities.application.InterestGracePeriodUnitTests" name="test_getPre1082Deposit" time="0.0" />
  <testcase classname="gov.opm.scrd.entities.application.InterestGracePeriodUnitTests" name="test_setPre1082Deposit" time="0.0" />
  <testcase classname="gov.opm.scrd.entities.application.InterestGracePeriodUnitTests" name="test_getFersDeposit" time="0.0" />
  <testcase classname="gov.opm.scrd.entities.application.InterestGracePeriodUnitTests" name="test_setFersDeposit" time="0.0" />
  <testcase classname="gov.opm.scrd.entities.application.InterestRateUnitTests" name="testCtor" time="0.0" />
  <testcase classname="gov.opm.scrd.entities.application.InterestRateUnitTests" name="test_getInterestYear" time="0.0" />
  <testcase classname="gov.opm.scrd.entities.application.InterestRateUnitTests" name="test_setInterestYear" time="0.0" />
  <testcase classname="gov.opm.scrd.entities.application.InterestRateUnitTests" name="test_getInterestRate" time="0.0" />
  <testcase classname="gov.opm.scrd.entities.application.InterestRateUnitTests" name="test_setInterestRate" time="0.0" />
  <testcase classname="gov.opm.scrd.entities.application.InterestSuppressionUnitTests" name="testCtor" time="0.0" />
  <testcase classname="gov.opm.scrd.entities.application.InterestSuppressionUnitTests" name="test_getClaimNumber" time="0.0" />
  <testcase classname="gov.opm.scrd.entities.application.InterestSuppressionUnitTests" name="test_setClaimNumber" time="0.0" />
  <testcase classname="gov.opm.scrd.entities.application.InterestSuppressionUnitTests" name="test_getPost982Redeposit" time="0.0010" />
  <testcase classname="gov.opm.scrd.entities.application.InterestSuppressionUnitTests" name="test_setPost982Redeposit" time="0.0" />
  <testcase classname="gov.opm.scrd.entities.application.InterestSuppressionUnitTests" name="test_getPre1082Redeposit" time="0.0" />
  <testcase classname="gov.opm.scrd.entities.application.InterestSuppressionUnitTests" name="test_setPre1082Redeposit" time="0.0" />
  <testcase classname="gov.opm.scrd.entities.application.InterestSuppressionUnitTests" name="test_getPost982Deposit" time="0.0010" />
  <testcase classname="gov.opm.scrd.entities.application.InterestSuppressionUnitTests" name="test_setPost982Deposit" time="0.0" />
  <testcase classname="gov.opm.scrd.entities.application.InterestSuppressionUnitTests" name="test_getPre1082Deposit" time="0.0" />
  <testcase classname="gov.opm.scrd.entities.application.InterestSuppressionUnitTests" name="test_setPre1082Deposit" time="0.0" />
  <testcase classname="gov.opm.scrd.entities.application.InterestSuppressionUnitTests" name="test_getFersDeposit" time="0.0" />
  <testcase classname="gov.opm.scrd.entities.application.InterestSuppressionUnitTests" name="test_setFersDeposit" time="0.0" />
  <testcase classname="gov.opm.scrd.entities.application.InvoiceUnitTests" name="testCtor" time="0.0010" />
  <testcase classname="gov.opm.scrd.entities.application.InvoiceUnitTests" name="test_getPayTransactionKey" time="0.0" />
  <testcase classname="gov.opm.scrd.entities.application.InvoiceUnitTests" name="test_setPayTransactionKey" time="0.0" />
  <testcase classname="gov.opm.scrd.entities.application.InvoiceUnitTests" name="test_getAccIntDep" time="0.0" />
  <testcase classname="gov.opm.scrd.entities.application.InvoiceUnitTests" name="test_setAccIntDep" time="0.0010" />
  <testcase classname="gov.opm.scrd.entities.application.InvoiceUnitTests" name="test_getAccIntRdep" time="0.0" />
  <testcase classname="gov.opm.scrd.entities.application.InvoiceUnitTests" name="test_setAccIntRdep" time="0.0" />
  <testcase classname="gov.opm.scrd.entities.application.InvoiceUnitTests" name="test_getAccIntNonDep" time="0.0" />
  <testcase classname="gov.opm.scrd.entities.application.InvoiceUnitTests" name="test_setAccIntNonDep" time="0.0" />
  <testcase classname="gov.opm.scrd.entities.application.InvoiceUnitTests" name="test_getAccIntVarRdep" time="0.0" />
  <testcase classname="gov.opm.scrd.entities.application.InvoiceUnitTests" name="test_setAccIntVarRdep" time="0.0" />
  <testcase classname="gov.opm.scrd.entities.application.InvoiceUnitTests" name="test_getDeposit" time="0.0" />
  <testcase classname="gov.opm.scrd.entities.application.InvoiceUnitTests" name="test_setDeposit" time="0.0" />
  <testcase classname="gov.opm.scrd.entities.application.InvoiceUnitTests" name="test_getRedeposit" time="0.0" />
  <testcase classname="gov.opm.scrd.entities.application.InvoiceUnitTests" name="test_setRedeposit" time="0.0" />
  <testcase classname="gov.opm.scrd.entities.application.InvoiceUnitTests" name="test_getTotVarRedeposit" time="0.0" />
  <testcase classname="gov.opm.scrd.entities.application.InvoiceUnitTests" name="test_setTotVarRedeposit" time="0.0" />
  <testcase classname="gov.opm.scrd.entities.application.InvoiceUnitTests" name="test_getNonDed" time="0.0" />
  <testcase classname="gov.opm.scrd.entities.application.InvoiceUnitTests" name="test_setNonDed" time="0.0010" />
  <testcase classname="gov.opm.scrd.entities.application.InvoiceUnitTests" name="test_getFersW" time="0.0" />
  <testcase classname="gov.opm.scrd.entities.application.InvoiceUnitTests" name="test_setFersW" time="0.0" />
  <testcase classname="gov.opm.scrd.entities.application.InvoiceUnitTests" name="test_getAccIntFers" time="0.0" />
  <testcase classname="gov.opm.scrd.entities.application.InvoiceUnitTests" name="test_setAccIntFers" time="0.0" />
  <testcase classname="gov.opm.scrd.entities.application.InvoiceUnitTests" name="test_getTotPayd" time="0.0" />
  <testcase classname="gov.opm.scrd.entities.application.InvoiceUnitTests" name="test_setTotPayd" time="0.0" />
  <testcase classname="gov.opm.scrd.entities.application.InvoiceUnitTests" name="test_getTotPayr" time="0.0" />
  <testcase classname="gov.opm.scrd.entities.application.InvoiceUnitTests" name="test_setTotPayr" time="0.0" />
  <testcase classname="gov.opm.scrd.entities.application.InvoiceUnitTests" name="test_getTotPayn" time="0.0" />
  <testcase classname="gov.opm.scrd.entities.application.InvoiceUnitTests" name="test_setTotPayn" time="0.0" />
  <testcase classname="gov.opm.scrd.entities.application.InvoiceUnitTests" name="test_getTotPayvr" time="0.0" />
  <testcase classname="gov.opm.scrd.entities.application.InvoiceUnitTests" name="test_setTotPayvr" time="0.0" />
  <testcase classname="gov.opm.scrd.entities.application.InvoiceUnitTests" name="test_getTotPayfers" time="0.0" />
  <testcase classname="gov.opm.scrd.entities.application.InvoiceUnitTests" name="test_setTotPayfers" time="0.0" />
  <testcase classname="gov.opm.scrd.entities.application.InvoiceUnitTests" name="test_getLastPay" time="0.0" />
  <testcase classname="gov.opm.scrd.entities.application.InvoiceUnitTests" name="test_setLastPay" time="0.0" />
  <testcase classname="gov.opm.scrd.entities.application.InvoiceUnitTests" name="test_getCalcDate" time="0.0" />
  <testcase classname="gov.opm.scrd.entities.application.InvoiceUnitTests" name="test_setCalcDate" time="0.0" />
  <testcase classname="gov.opm.scrd.entities.application.InvoiceUnitTests" name="test_getLastInvoiceId" time="0.0010" />
  <testcase classname="gov.opm.scrd.entities.application.InvoiceUnitTests" name="test_setLastInvoiceId" time="0.0" />
  <testcase classname="gov.opm.scrd.entities.application.NewClaimNumberUnitTests" name="testCtor" time="0.0" />
  <testcase classname="gov.opm.scrd.entities.application.NewClaimNumberUnitTests" name="test_getClaimNumber" time="0.0" />
  <testcase classname="gov.opm.scrd.entities.application.NewClaimNumberUnitTests" name="test_setClaimNumber" time="0.0" />
  <testcase classname="gov.opm.scrd.entities.application.PaymentInterestDetailUnitTests" name="testCtor" time="0.0" />
  <testcase classname="gov.opm.scrd.entities.application.PaymentInterestDetailUnitTests" name="test_getPayTransactionKey" time="0.0010" />
  <testcase classname="gov.opm.scrd.entities.application.PaymentInterestDetailUnitTests" name="test_setPayTransactionKey" time="0.0" />
  <testcase classname="gov.opm.scrd.entities.application.PaymentInterestDetailUnitTests" name="test_getAccountType" time="0.0" />
  <testcase classname="gov.opm.scrd.entities.application.PaymentInterestDetailUnitTests" name="test_setAccountType" time="0.0" />
  <testcase classname="gov.opm.scrd.entities.application.PaymentInterestDetailUnitTests" name="test_getNumWholeYears" time="0.0" />
  <testcase classname="gov.opm.scrd.entities.application.PaymentInterestDetailUnitTests" name="test_setNumWholeYears" time="0.0" />
  <testcase classname="gov.opm.scrd.entities.application.PaymentInterestDetailUnitTests" name="test_getCalculatedInterest" time="0.0" />
  <testcase classname="gov.opm.scrd.entities.application.PaymentInterestDetailUnitTests" name="test_setCalculatedInterest" time="0.0" />
  <testcase classname="gov.opm.scrd.entities.application.PaymentInterestDetailUnitTests" name="test_getLastPayToEOYFactor" time="0.0" />
  <testcase classname="gov.opm.scrd.entities.application.PaymentInterestDetailUnitTests" name="test_setLastPayToEOYFactor" time="0.0" />
  <testcase classname="gov.opm.scrd.entities.application.PaymentInterestDetailUnitTests" name="test_getPartialToThisPayFactor" time="0.0" />
  <testcase classname="gov.opm.scrd.entities.application.PaymentInterestDetailUnitTests" name="test_setPartialToThisPayFactor" time="0.0" />
  <testcase classname="gov.opm.scrd.entities.application.PaymentInterestDetailUnitTests" name="test_getThisInterestRate" time="0.0" />
  <testcase classname="gov.opm.scrd.entities.application.PaymentInterestDetailUnitTests" name="test_setThisInterestRate" time="0.0" />
  <testcase classname="gov.opm.scrd.entities.application.PaymentInterestDetailUnitTests" name="test_getLastPaymentDate" time="0.0010" />
  <testcase classname="gov.opm.scrd.entities.application.PaymentInterestDetailUnitTests" name="test_setLastPaymentDate" time="0.0" />
  <testcase classname="gov.opm.scrd.entities.application.PaymentInterestDetailUnitTests" name="test_getTransactionDate" time="0.0" />
  <testcase classname="gov.opm.scrd.entities.application.PaymentInterestDetailUnitTests" name="test_setTransactionDate" time="0.0" />
  <testcase classname="gov.opm.scrd.entities.application.PaymentInterestDetailUnitTests" name="test_getComputedDate" time="0.0" />
  <testcase classname="gov.opm.scrd.entities.application.PaymentInterestDetailUnitTests" name="test_setComputedDate" time="0.0" />
  <testcase classname="gov.opm.scrd.entities.application.PaymentInterestDetailUnitTests" name="test_getPost" time="0.0" />
  <testcase classname="gov.opm.scrd.entities.application.PaymentInterestDetailUnitTests" name="test_setPost" time="0.0" />
  <testcase classname="gov.opm.scrd.entities.application.PaymentInterestDetailUnitTests" name="test_getGui" time="0.0" />
  <testcase classname="gov.opm.scrd.entities.application.PaymentInterestDetailUnitTests" name="test_setGui" time="0.0" />
  <testcase classname="gov.opm.scrd.entities.application.PaymentInterestDetailUnitTests" name="test_getLastPaymentWasThisYear" time="0.0" />
  <testcase classname="gov.opm.scrd.entities.application.PaymentInterestDetailUnitTests" name="test_setLastPaymentWasThisYear" time="0.0" />
  <testcase classname="gov.opm.scrd.entities.application.PaymentMoveTransactionUnitTests" name="testCtor" time="0.0" />
  <testcase classname="gov.opm.scrd.entities.application.PaymentMoveTransactionUnitTests" name="test_getClaimNumber" time="0.0" />
  <testcase classname="gov.opm.scrd.entities.application.PaymentMoveTransactionUnitTests" name="test_setClaimNumber" time="0.0" />
  <testcase classname="gov.opm.scrd.entities.application.PaymentMoveTransactionUnitTests" name="test_getPayTransactionKey" time="0.0" />
  <testcase classname="gov.opm.scrd.entities.application.PaymentMoveTransactionUnitTests" name="test_setPayTransactionKey" time="0.0" />
  <testcase classname="gov.opm.scrd.entities.application.PaymentMoveTransactionUnitTests" name="test_getModificationDate" time="0.0" />
  <testcase classname="gov.opm.scrd.entities.application.PaymentMoveTransactionUnitTests" name="test_setModificationDate" time="0.0" />
  <testcase classname="gov.opm.scrd.entities.application.PaymentMoveTransactionUnitTests" name="test_getApprovalDate" time="0.0" />
  <testcase classname="gov.opm.scrd.entities.application.PaymentMoveTransactionUnitTests" name="test_setApprovalDate" time="0.0" />
  <testcase classname="gov.opm.scrd.entities.application.PaymentMoveTransactionUnitTests" name="test_getProcessedDate" time="0.0" />
  <testcase classname="gov.opm.scrd.entities.application.PaymentMoveTransactionUnitTests" name="test_setProcessedDate" time="0.0" />
  <testcase classname="gov.opm.scrd.entities.application.PaymentMoveTransactionUnitTests" name="test_getTechnicianUserKey" time="0.0" />
  <testcase classname="gov.opm.scrd.entities.application.PaymentMoveTransactionUnitTests" name="test_setTechnicianUserKey" time="0.0" />
  <testcase classname="gov.opm.scrd.entities.application.PaymentMoveTransactionUnitTests" name="test_getManagerUserKey" time="0.0" />
  <testcase classname="gov.opm.scrd.entities.application.PaymentMoveTransactionUnitTests" name="test_setManagerUserKey" time="0.0" />
  <testcase classname="gov.opm.scrd.entities.application.PaymentMoveTransactionUnitTests" name="test_getApproved" time="0.0" />
  <testcase classname="gov.opm.scrd.entities.application.PaymentMoveTransactionUnitTests" name="test_setApproved" time="0.0" />
  <testcase classname="gov.opm.scrd.entities.application.PaymentMoveTransactionUnitTests" name="test_getDisapproved" time="0.0" />
  <testcase classname="gov.opm.scrd.entities.application.PaymentMoveTransactionUnitTests" name="test_setDisapproved" time="0.0" />
  <testcase classname="gov.opm.scrd.entities.application.PaymentMoveTransactionUnitTests" name="test_getModified" time="0.0" />
  <testcase classname="gov.opm.scrd.entities.application.PaymentMoveTransactionUnitTests" name="test_setModified" time="0.0" />
  <testcase classname="gov.opm.scrd.entities.application.PaymentMoveTransactionUnitTests" name="test_getNote" time="0.0" />
  <testcase classname="gov.opm.scrd.entities.application.PaymentMoveTransactionUnitTests" name="test_setNote" time="0.0" />
  <testcase classname="gov.opm.scrd.entities.application.PaymentMoveTransactionUnitTests" name="test_getTotPayd" time="0.0" />
  <testcase classname="gov.opm.scrd.entities.application.PaymentMoveTransactionUnitTests" name="test_setTotPayd" time="0.0" />
  <testcase classname="gov.opm.scrd.entities.application.PaymentMoveTransactionUnitTests" name="test_getTotPayr" time="0.0010" />
  <testcase classname="gov.opm.scrd.entities.application.PaymentMoveTransactionUnitTests" name="test_setTotPayr" time="0.0" />
  <testcase classname="gov.opm.scrd.entities.application.PaymentMoveTransactionUnitTests" name="test_getTotPayn" time="0.0" />
  <testcase classname="gov.opm.scrd.entities.application.PaymentMoveTransactionUnitTests" name="test_setTotPayn" time="0.0" />
  <testcase classname="gov.opm.scrd.entities.application.PaymentMoveTransactionUnitTests" name="test_getTotPayvr" time="0.0" />
  <testcase classname="gov.opm.scrd.entities.application.PaymentMoveTransactionUnitTests" name="test_setTotPayvr" time="0.0" />
  <testcase classname="gov.opm.scrd.entities.application.PaymentMoveTransactionUnitTests" name="test_getTotPayfers" time="0.0" />
  <testcase classname="gov.opm.scrd.entities.application.PaymentMoveTransactionUnitTests" name="test_setTotPayfers" time="0.0" />
  <testcase classname="gov.opm.scrd.entities.application.PaymentRefundLinkUnitTests" name="testCtor" time="0.0010" />
  <testcase classname="gov.opm.scrd.entities.application.PaymentRefundLinkUnitTests" name="test_getPaymentNeedingRefund" time="0.0" />
  <testcase classname="gov.opm.scrd.entities.application.PaymentRefundLinkUnitTests" name="test_setPaymentNeedingRefund" time="0.0" />
  <testcase classname="gov.opm.scrd.entities.application.PaymentRefundLinkUnitTests" name="test_getRefundForPayment" time="0.0" />
  <testcase classname="gov.opm.scrd.entities.application.PaymentRefundLinkUnitTests" name="test_setRefundForPayment" time="0.0" />
  <testcase classname="gov.opm.scrd.entities.application.PaymentTransactionNoteUnitTests" name="testCtor" time="0.0" />
  <testcase classname="gov.opm.scrd.entities.application.PaymentTransactionNoteUnitTests" name="test_getPayTransactionKey" time="0.0" />
  <testcase classname="gov.opm.scrd.entities.application.PaymentTransactionNoteUnitTests" name="test_setPayTransactionKey" time="0.0" />
  <testcase classname="gov.opm.scrd.entities.application.PaymentTransactionNoteUnitTests" name="test_getNote" time="0.0" />
  <testcase classname="gov.opm.scrd.entities.application.PaymentTransactionNoteUnitTests" name="test_setNote" time="0.0" />
  <testcase classname="gov.opm.scrd.entities.application.PayTransStatusCodeUnitTests" name="testCtor" time="0.0010" />
  <testcase classname="gov.opm.scrd.entities.application.PayTransStatusCodeUnitTests" name="test_getDescription" time="0.0" />
  <testcase classname="gov.opm.scrd.entities.application.PayTransStatusCodeUnitTests" name="test_setDescription" time="0.0" />
  <testcase classname="gov.opm.scrd.entities.application.PayTransStatusCodeUnitTests" name="test_getDisplayOrder" time="0.0" />
  <testcase classname="gov.opm.scrd.entities.application.PayTransStatusCodeUnitTests" name="test_setDisplayOrder" time="0.0" />
  <testcase classname="gov.opm.scrd.entities.application.PayTransStatusCodeUnitTests" name="test_getCategory" time="0.0" />
  <testcase classname="gov.opm.scrd.entities.application.PayTransStatusCodeUnitTests" name="test_setCategory" time="0.0" />
  <testcase classname="gov.opm.scrd.entities.application.PayTransStatusCodeUnitTests" name="test_getNextStateLink" time="0.0" />
  <testcase classname="gov.opm.scrd.entities.application.PayTransStatusCodeUnitTests" name="test_setNextStateLink" time="0.0" />
  <testcase classname="gov.opm.scrd.entities.application.PayTransStatusCodeUnitTests" name="test_getBatchProcessingOrder" time="0.0" />
  <testcase classname="gov.opm.scrd.entities.application.PayTransStatusCodeUnitTests" name="test_setBatchProcessingOrder" time="0.0" />
  <testcase classname="gov.opm.scrd.entities.application.PayTransStatusCodeUnitTests" name="test_getFinalState" time="0.0" />
  <testcase classname="gov.opm.scrd.entities.application.PayTransStatusCodeUnitTests" name="test_setFinalState" time="0.0" />
  <testcase classname="gov.opm.scrd.entities.application.PayTransStatusCodeUnitTests" name="test_getNeedsApproval" time="0.0" />
  <testcase classname="gov.opm.scrd.entities.application.PayTransStatusCodeUnitTests" name="test_setNeedsApproval" time="0.0" />
  <testcase classname="gov.opm.scrd.entities.application.PayTransStatusCodeUnitTests" name="test_getShowOnSuspense" time="0.0" />
  <testcase classname="gov.opm.scrd.entities.application.PayTransStatusCodeUnitTests" name="test_setShowOnSuspense" time="0.0" />
  <testcase classname="gov.opm.scrd.entities.application.PayTransStatusCodeUnitTests" name="test_getIncludeInBalance" time="0.0" />
  <testcase classname="gov.opm.scrd.entities.application.PayTransStatusCodeUnitTests" name="test_setIncludeInBalance" time="0.0" />
  <testcase classname="gov.opm.scrd.entities.application.PayTransStatusCodeUnitTests" name="test_getNightlyBatch" time="0.0" />
  <testcase classname="gov.opm.scrd.entities.application.PayTransStatusCodeUnitTests" name="test_setNightlyBatch" time="0.0" />
  <testcase classname="gov.opm.scrd.entities.application.PayTransStatusCodeUnitTests" name="test_getDeletable" time="0.0" />
  <testcase classname="gov.opm.scrd.entities.application.PayTransStatusCodeUnitTests" name="test_setDeletable" time="0.0" />
  <testcase classname="gov.opm.scrd.entities.application.PayTransStatusCodeUnitTests" name="test_getReversable" time="0.0" />
  <testcase classname="gov.opm.scrd.entities.application.PayTransStatusCodeUnitTests" name="test_setReversable" time="0.0" />
  <testcase classname="gov.opm.scrd.entities.application.PayTransStatusCodeUnitTests" name="test_getManualEntered" time="0.0" />
  <testcase classname="gov.opm.scrd.entities.application.PayTransStatusCodeUnitTests" name="test_setManualEntered" time="0.0" />
  <testcase classname="gov.opm.scrd.entities.application.PayTransStatusCodeUnitTests" name="test_getSuspenseAction" time="0.0" />
  <testcase classname="gov.opm.scrd.entities.application.PayTransStatusCodeUnitTests" name="test_setSuspenseAction" time="0.0" />
  <testcase classname="gov.opm.scrd.entities.application.PayTransStatusCodeUnitTests" name="test_getCanHitGl" time="0.0" />
  <testcase classname="gov.opm.scrd.entities.application.PayTransStatusCodeUnitTests" name="test_setCanHitGl" time="0.0010" />
  <testcase classname="gov.opm.scrd.entities.application.PayTransStatusCodeUnitTests" name="test_getReversingType" time="0.0" />
  <testcase classname="gov.opm.scrd.entities.application.PayTransStatusCodeUnitTests" name="test_setReversingType" time="0.0" />
  <testcase classname="gov.opm.scrd.entities.application.PayTransStatusCodeUnitTests" name="test_getBalancedScorecard" time="0.0" />
  <testcase classname="gov.opm.scrd.entities.application.PayTransStatusCodeUnitTests" name="test_setBalancedScorecard" time="0.0" />
  <testcase classname="gov.opm.scrd.entities.application.PayTransStatusCodeUnitTests" name="test_getSendToDbts" time="0.0" />
  <testcase classname="gov.opm.scrd.entities.application.PayTransStatusCodeUnitTests" name="test_setSendToDbts" time="0.0" />
  <testcase classname="gov.opm.scrd.entities.application.SCMFirstInsertUnitTests" name="testCtor" time="0.0" />
  <testcase classname="gov.opm.scrd.entities.application.SCMFirstInsertUnitTests" name="test_getClaimNumber" time="0.0" />
  <testcase classname="gov.opm.scrd.entities.application.SCMFirstInsertUnitTests" name="test_setClaimNumber" time="0.0" />
  <testcase classname="gov.opm.scrd.entities.application.SCMFirstInsertUnitTests" name="test_getLastAction" time="0.0" />
  <testcase classname="gov.opm.scrd.entities.application.SCMFirstInsertUnitTests" name="test_setLastAction" time="0.0010" />
  <testcase classname="gov.opm.scrd.entities.application.TimeFactorUnitTests" name="testCtor" time="0.0" />
  <testcase classname="gov.opm.scrd.entities.application.TimeFactorUnitTests" name="test_getNumDays" time="0.0" />
  <testcase classname="gov.opm.scrd.entities.application.TimeFactorUnitTests" name="test_setNumDays" time="0.0" />
  <testcase classname="gov.opm.scrd.entities.application.TimeFactorUnitTests" name="test_getNumMonths" time="0.0" />
  <testcase classname="gov.opm.scrd.entities.application.TimeFactorUnitTests" name="test_setNumMonths" time="0.0" />
  <testcase classname="gov.opm.scrd.entities.application.TimeFactorUnitTests" name="test_getTimeFactor" time="0.0" />
  <testcase classname="gov.opm.scrd.entities.application.TimeFactorUnitTests" name="test_setTimeFactor" time="0.0" />
  <testcase classname="gov.opm.scrd.entities.application.UserAccountAssignmentUnitTests" name="testCtor" time="0.0" />
  <testcase classname="gov.opm.scrd.entities.application.UserAccountAssignmentUnitTests" name="test_getUser" time="0.0" />
  <testcase classname="gov.opm.scrd.entities.application.UserAccountAssignmentUnitTests" name="test_setUser" time="0.0" />
  <testcase classname="gov.opm.scrd.entities.application.UserAccountAssignmentUnitTests" name="test_getAccount" time="0.0" />
  <testcase classname="gov.opm.scrd.entities.application.UserAccountAssignmentUnitTests" name="test_setAccount" time="0.0" />
  <testcase classname="gov.opm.scrd.entities.application.UserAccountAssignmentUnitTests" name="test_getAssignmentDate" time="0.0" />
  <testcase classname="gov.opm.scrd.entities.application.UserAccountAssignmentUnitTests" name="test_setAssignmentDate" time="0.0" />
  <testcase classname="gov.opm.scrd.entities.application.AccountConfirmationValidationEntryUnitTests" name="testCtor" time="0.0" />
  <testcase classname="gov.opm.scrd.entities.application.AccountConfirmationValidationEntryUnitTests" name="test_getFieldName" time="0.0" />
  <testcase classname="gov.opm.scrd.entities.application.AccountConfirmationValidationEntryUnitTests" name="test_setFieldName" time="0.0" />
  <testcase classname="gov.opm.scrd.entities.application.AccountConfirmationValidationEntryUnitTests" name="test_getValid" time="0.0" />
  <testcase classname="gov.opm.scrd.entities.application.AccountConfirmationValidationEntryUnitTests" name="test_setValid" time="0.0" />
  <testcase classname="gov.opm.scrd.entities.application.AccountConfirmationValidationUnitTests" name="testCtor" time="0.0" />
  <testcase classname="gov.opm.scrd.entities.application.AccountConfirmationValidationUnitTests" name="test_getAccountId" time="0.0" />
  <testcase classname="gov.opm.scrd.entities.application.AccountConfirmationValidationUnitTests" name="test_setAccountId" time="0.0" />
  <testcase classname="gov.opm.scrd.entities.application.AccountConfirmationValidationUnitTests" name="test_getDataCheckStatus" time="0.0" />
  <testcase classname="gov.opm.scrd.entities.application.AccountConfirmationValidationUnitTests" name="test_setDataCheckStatus" time="0.0" />
  <testcase classname="gov.opm.scrd.entities.application.AccountConfirmationValidationUnitTests" name="test_getDataCheckStatusValidator" time="0.0" />
  <testcase classname="gov.opm.scrd.entities.application.AccountConfirmationValidationUnitTests" name="test_setDataCheckStatusValidator" time="0.0010" />
  <testcase classname="gov.opm.scrd.entities.application.AccountConfirmationValidationUnitTests" name="test_getDataCheckStatusReason" time="0.0" />
  <testcase classname="gov.opm.scrd.entities.application.AccountConfirmationValidationUnitTests" name="test_setDataCheckStatusReason" time="0.0" />
  <testcase classname="gov.opm.scrd.entities.application.AccountConfirmationValidationUnitTests" name="test_getEntries" time="0.0010" />
  <testcase classname="gov.opm.scrd.entities.application.AccountConfirmationValidationUnitTests" name="test_setEntries" time="0.0" />
  <testcase classname="gov.opm.scrd.entities.application.AccountHolderUnitTests" name="testCtor" time="0.0010" />
  <testcase classname="gov.opm.scrd.entities.application.AccountHolderUnitTests" name="test_getLastName" time="0.0" />
  <testcase classname="gov.opm.scrd.entities.application.AccountHolderUnitTests" name="test_setLastName" time="0.0" />
  <testcase classname="gov.opm.scrd.entities.application.AccountHolderUnitTests" name="test_getFirstName" time="0.0" />
  <testcase classname="gov.opm.scrd.entities.application.AccountHolderUnitTests" name="test_setFirstName" time="0.0" />
  <testcase classname="gov.opm.scrd.entities.application.AccountHolderUnitTests" name="test_getMiddleInitial" time="0.0" />
  <testcase classname="gov.opm.scrd.entities.application.AccountHolderUnitTests" name="test_setMiddleInitial" time="0.0" />
  <testcase classname="gov.opm.scrd.entities.application.AccountHolderUnitTests" name="test_getSuffix" time="0.0" />
  <testcase classname="gov.opm.scrd.entities.application.AccountHolderUnitTests" name="test_setSuffix" time="0.0" />
  <testcase classname="gov.opm.scrd.entities.application.AccountHolderUnitTests" name="test_getBirthDate" time="0.0" />
  <testcase classname="gov.opm.scrd.entities.application.AccountHolderUnitTests" name="test_setBirthDate" time="0.0" />
  <testcase classname="gov.opm.scrd.entities.application.AccountHolderUnitTests" name="test_getSsn" time="0.0" />
  <testcase classname="gov.opm.scrd.entities.application.AccountHolderUnitTests" name="test_setSsn" time="0.0" />
  <testcase classname="gov.opm.scrd.entities.application.AccountHolderUnitTests" name="test_getTelephone" time="0.0" />
  <testcase classname="gov.opm.scrd.entities.application.AccountHolderUnitTests" name="test_setTelephone" time="0.0" />
  <testcase classname="gov.opm.scrd.entities.application.AccountHolderUnitTests" name="test_getEmail" time="0.0" />
  <testcase classname="gov.opm.scrd.entities.application.AccountHolderUnitTests" name="test_setEmail" time="0.0" />
  <testcase classname="gov.opm.scrd.entities.application.AccountHolderUnitTests" name="test_getTitle" time="0.0" />
  <testcase classname="gov.opm.scrd.entities.application.AccountHolderUnitTests" name="test_setTitle" time="0.0" />
  <testcase classname="gov.opm.scrd.entities.application.AccountHolderUnitTests" name="test_getDepartmentCode" time="0.0" />
  <testcase classname="gov.opm.scrd.entities.application.AccountHolderUnitTests" name="test_setDepartmentCode" time="0.0" />
  <testcase classname="gov.opm.scrd.entities.application.AccountHolderUnitTests" name="test_getAddress" time="0.0" />
  <testcase classname="gov.opm.scrd.entities.application.AccountHolderUnitTests" name="test_setAddress" time="0.0" />
  <testcase classname="gov.opm.scrd.entities.application.AccountHolderUnitTests" name="test_getGeoCode" time="0.0010" />
  <testcase classname="gov.opm.scrd.entities.application.AccountHolderUnitTests" name="test_setGeoCode" time="0.0" />
  <testcase classname="gov.opm.scrd.entities.application.AccountHolderUnitTests" name="test_getCityOfEmployment" time="0.0" />
  <testcase classname="gov.opm.scrd.entities.application.AccountHolderUnitTests" name="test_setCityOfEmployment" time="0.0" />
  <testcase classname="gov.opm.scrd.entities.application.AccountHolderUnitTests" name="test_getStateOfEmployment" time="0.0" />
  <testcase classname="gov.opm.scrd.entities.application.AccountHolderUnitTests" name="test_setStateOfEmployment" time="0.0" />
  <testcase classname="gov.opm.scrd.entities.application.AccountHolderUnitTests" name="test_getPosition" time="0.0" />
  <testcase classname="gov.opm.scrd.entities.application.AccountHolderUnitTests" name="test_setPosition" time="0.0" />
  <testcase classname="gov.opm.scrd.entities.application.AccountHolderUnitTests" name="test_getAgencyCode" time="0.0" />
  <testcase classname="gov.opm.scrd.entities.application.AccountHolderUnitTests" name="test_setAgencyCode" time="0.0" />
  <testcase classname="gov.opm.scrd.entities.application.AccountNoteUnitTests" name="testCtor" time="0.0" />
  <testcase classname="gov.opm.scrd.entities.application.AccountNoteUnitTests" name="test_getText" time="0.0" />
  <testcase classname="gov.opm.scrd.entities.application.AccountNoteUnitTests" name="test_setText" time="0.0" />
  <testcase classname="gov.opm.scrd.entities.application.AccountNoteUnitTests" name="test_getAccountId" time="0.0" />
  <testcase classname="gov.opm.scrd.entities.application.AccountNoteUnitTests" name="test_setAccountId" time="0.0" />
  <testcase classname="gov.opm.scrd.entities.application.AccountNoteUnitTests" name="test_getDate" time="0.0" />
  <testcase classname="gov.opm.scrd.entities.application.AccountNoteUnitTests" name="test_setDate" time="0.0" />
  <testcase classname="gov.opm.scrd.entities.application.AccountNoteUnitTests" name="test_getWriter" time="0.0" />
  <testcase classname="gov.opm.scrd.entities.application.AccountNoteUnitTests" name="test_setWriter" time="0.0" />
  <testcase classname="gov.opm.scrd.entities.application.AccountNoteUnitTests" name="test_getPriority" time="0.0" />
  <testcase classname="gov.opm.scrd.entities.application.AccountNoteUnitTests" name="test_setPriority" time="0.0" />
  <testcase classname="gov.opm.scrd.entities.application.AccountUnitTests" name="testCtor" time="0.0010" />
  <testcase classname="gov.opm.scrd.entities.application.AccountUnitTests" name="test_getClaimNumber" time="0.0" />
  <testcase classname="gov.opm.scrd.entities.application.AccountUnitTests" name="test_setClaimNumber" time="0.0" />
  <testcase classname="gov.opm.scrd.entities.application.AccountUnitTests" name="test_getAccIntDep" time="0.0" />
  <testcase classname="gov.opm.scrd.entities.application.AccountUnitTests" name="test_setAccIntDep" time="0.0" />
  <testcase classname="gov.opm.scrd.entities.application.AccountUnitTests" name="test_getAccIntRdep" time="0.0" />
  <testcase classname="gov.opm.scrd.entities.application.AccountUnitTests" name="test_setAccIntRdep" time="0.0" />
  <testcase classname="gov.opm.scrd.entities.application.AccountUnitTests" name="test_getAccIntNonDep" time="0.0" />
  <testcase classname="gov.opm.scrd.entities.application.AccountUnitTests" name="test_setAccIntNonDep" time="0.0" />
  <testcase classname="gov.opm.scrd.entities.application.AccountUnitTests" name="test_getAccIntVarRdep" time="0.0" />
  <testcase classname="gov.opm.scrd.entities.application.AccountUnitTests" name="test_setAccIntVarRdep" time="0.0" />
  <testcase classname="gov.opm.scrd.entities.application.AccountUnitTests" name="test_getAccIntFers" time="0.0" />
  <testcase classname="gov.opm.scrd.entities.application.AccountUnitTests" name="test_setAccIntFers" time="0.0" />
  <testcase classname="gov.opm.scrd.entities.application.AccountUnitTests" name="test_getTotPayd" time="0.0" />
  <testcase classname="gov.opm.scrd.entities.application.AccountUnitTests" name="test_setTotPayd" time="0.0" />
  <testcase classname="gov.opm.scrd.entities.application.AccountUnitTests" name="test_getTotPayr" time="0.0" />
  <testcase classname="gov.opm.scrd.entities.application.AccountUnitTests" name="test_setTotPayr" time="0.0" />
  <testcase classname="gov.opm.scrd.entities.application.AccountUnitTests" name="test_getTotPayn" time="0.0" />
  <testcase classname="gov.opm.scrd.entities.application.AccountUnitTests" name="test_setTotPayn" time="0.0" />
  <testcase classname="gov.opm.scrd.entities.application.AccountUnitTests" name="test_getTotPayvr" time="0.0" />
  <testcase classname="gov.opm.scrd.entities.application.AccountUnitTests" name="test_setTotPayvr" time="0.0" />
  <testcase classname="gov.opm.scrd.entities.application.AccountUnitTests" name="test_getTotPayfers" time="0.0" />
  <testcase classname="gov.opm.scrd.entities.application.AccountUnitTests" name="test_setTotPayfers" time="0.0" />
  <testcase classname="gov.opm.scrd.entities.application.AccountUnitTests" name="test_getLastPay" time="0.0" />
  <testcase classname="gov.opm.scrd.entities.application.AccountUnitTests" name="test_setLastPay" time="0.0010" />
  <testcase classname="gov.opm.scrd.entities.application.AccountUnitTests" name="test_getLastAction" time="0.0" />
  <testcase classname="gov.opm.scrd.entities.application.AccountUnitTests" name="test_setLastAction" time="0.0" />
  <testcase classname="gov.opm.scrd.entities.application.AccountUnitTests" name="test_getPlanType" time="0.0" />
  <testcase classname="gov.opm.scrd.entities.application.AccountUnitTests" name="test_setPlanType" time="0.0" />
  <testcase classname="gov.opm.scrd.entities.application.AccountUnitTests" name="test_getFormType" time="0.0" />
  <testcase classname="gov.opm.scrd.entities.application.AccountUnitTests" name="test_setFormType" time="0.0" />
  <testcase classname="gov.opm.scrd.entities.application.AccountUnitTests" name="test_getHolder" time="0.0" />
  <testcase classname="gov.opm.scrd.entities.application.AccountUnitTests" name="test_setHolder" time="0.0" />
  <testcase classname="gov.opm.scrd.entities.application.AccountUnitTests" name="test_getStatus" time="0.0" />
  <testcase classname="gov.opm.scrd.entities.application.AccountUnitTests" name="test_setStatus" time="0.0" />
  <testcase classname="gov.opm.scrd.entities.application.AccountUnitTests" name="test_isGrace" time="0.0" />
  <testcase classname="gov.opm.scrd.entities.application.AccountUnitTests" name="test_setGrace" time="0.0" />
  <testcase classname="gov.opm.scrd.entities.application.AccountUnitTests" name="test_isFrozen" time="0.0" />
  <testcase classname="gov.opm.scrd.entities.application.AccountUnitTests" name="test_setFrozen" time="0.0" />
  <testcase classname="gov.opm.scrd.entities.application.AccountUnitTests" name="test_getNotes" time="0.0" />
  <testcase classname="gov.opm.scrd.entities.application.AccountUnitTests" name="test_setNotes" time="0.0010" />
  <testcase classname="gov.opm.scrd.entities.application.AccountUnitTests" name="test_getClaimOfficer" time="0.0" />
  <testcase classname="gov.opm.scrd.entities.application.AccountUnitTests" name="test_setClaimOfficer" time="0.0" />
  <testcase classname="gov.opm.scrd.entities.application.AccountUnitTests" name="test_getClaimOfficerAssignmentDate" time="0.0010" />
  <testcase classname="gov.opm.scrd.entities.application.AccountUnitTests" name="test_setClaimOfficerAssignmentDate" time="0.0" />
  <testcase classname="gov.opm.scrd.entities.application.AccountUnitTests" name="test_getClaimantBirthdate" time="0.0" />
  <testcase classname="gov.opm.scrd.entities.application.AccountUnitTests" name="test_setClaimantBirthdate" time="0.0" />
  <testcase classname="gov.opm.scrd.entities.application.AccountUnitTests" name="test_getBalance" time="0.0" />
  <testcase classname="gov.opm.scrd.entities.application.AccountUnitTests" name="test_setBalance" time="0.0" />
  <testcase classname="gov.opm.scrd.entities.application.AccountUnitTests" name="test_getReturnedFromRecordsDate" time="0.0" />
  <testcase classname="gov.opm.scrd.entities.application.AccountUnitTests" name="test_setReturnedFromRecordsDate" time="0.0" />
  <testcase classname="gov.opm.scrd.entities.application.AccountUnitTests" name="test_getBillingSummary" time="0.0" />
  <testcase classname="gov.opm.scrd.entities.application.AccountUnitTests" name="test_setBillingSummary" time="0.0" />
  <testcase classname="gov.opm.scrd.entities.application.AccountUnitTests" name="test_getFersDepositCalculationVersions" time="0.0" />
  <testcase classname="gov.opm.scrd.entities.application.AccountUnitTests" name="test_setFersDepositCalculationVersions" time="0.0" />
  <testcase classname="gov.opm.scrd.entities.application.AccountUnitTests" name="test_getFersRedepositCalculationVersions" time="0.0" />
  <testcase classname="gov.opm.scrd.entities.application.AccountUnitTests" name="test_setFersRedepositCalculationVersions" time="0.0" />
  <testcase classname="gov.opm.scrd.entities.application.AccountUnitTests" name="test_getPaymentHistory" time="0.0" />
  <testcase classname="gov.opm.scrd.entities.application.AccountUnitTests" name="test_setPaymentHistory" time="0.0" />
  <testcase classname="gov.opm.scrd.entities.application.AccountUnitTests" name="test_getValidity" time="0.0" />
  <testcase classname="gov.opm.scrd.entities.application.AccountUnitTests" name="test_setValidity" time="0.0" />
  <testcase classname="gov.opm.scrd.entities.application.AccountUnitTests" name="test_getTotalDeposit" time="0.0" />
  <testcase classname="gov.opm.scrd.entities.application.AccountUnitTests" name="test_setTotalDeposit" time="0.0" />
  <testcase classname="gov.opm.scrd.entities.application.AccountUnitTests" name="test_getTotalRedeposit" time="0.0" />
  <testcase classname="gov.opm.scrd.entities.application.AccountUnitTests" name="test_setTotalRedeposit" time="0.0" />
  <testcase classname="gov.opm.scrd.entities.application.AccountUnitTests" name="test_getTotalVarRedeposit" time="0.0" />
  <testcase classname="gov.opm.scrd.entities.application.AccountUnitTests" name="test_setTotalVarRedeposit" time="0.0" />
  <testcase classname="gov.opm.scrd.entities.application.AccountUnitTests" name="test_getTotalNonDeposit" time="0.0" />
  <testcase classname="gov.opm.scrd.entities.application.AccountUnitTests" name="test_setTotalNonDeposit" time="0.0" />
  <testcase classname="gov.opm.scrd.entities.application.AccountUnitTests" name="test_getTotalFersW" time="0.0010" />
  <testcase classname="gov.opm.scrd.entities.application.AccountUnitTests" name="test_setTotalFersW" time="0.0" />
  <testcase classname="gov.opm.scrd.entities.application.AccountUnitTests" name="test_getComputationDate" time="0.0" />
  <testcase classname="gov.opm.scrd.entities.application.AccountUnitTests" name="test_setComputationDate" time="0.0" />
  <testcase classname="gov.opm.scrd.entities.application.AccountUnitTests" name="test_getVarIntComputationDate" time="0.0" />
  <testcase classname="gov.opm.scrd.entities.application.AccountUnitTests" name="test_setVarIntComputationDate" time="0.0" />
  <testcase classname="gov.opm.scrd.entities.application.AccountUnitTests" name="test_getPayCode" time="0.0" />
  <testcase classname="gov.opm.scrd.entities.application.AccountUnitTests" name="test_setPayCode" time="0.0" />
  <testcase classname="gov.opm.scrd.entities.application.AccountUnitTests" name="test_getTimePeriod" time="0.0" />
  <testcase classname="gov.opm.scrd.entities.application.AccountUnitTests" name="test_setTimePeriod" time="0.0" />
  <testcase classname="gov.opm.scrd.entities.application.AccountUnitTests" name="test_getAdditionalService" time="0.0" />
  <testcase classname="gov.opm.scrd.entities.application.AccountUnitTests" name="test_setAdditionalService" time="0.0" />
  <testcase classname="gov.opm.scrd.entities.application.AccountUnitTests" name="test_getNoInterest" time="0.0" />
  <testcase classname="gov.opm.scrd.entities.application.AccountUnitTests" name="test_setNoInterest" time="0.0" />
  <testcase classname="gov.opm.scrd.entities.application.AccountUnitTests" name="test_getCode20Date" time="0.0" />
  <testcase classname="gov.opm.scrd.entities.application.AccountUnitTests" name="test_setCode20Date" time="0.0" />
  <testcase classname="gov.opm.scrd.entities.application.AccountUnitTests" name="test_getFlagPreredeposit" time="0.0" />
  <testcase classname="gov.opm.scrd.entities.application.AccountUnitTests" name="test_setFlagPreredeposit" time="0.0" />
  <testcase classname="gov.opm.scrd.entities.application.AccountUnitTests" name="test_getFlagPostredeposit" time="0.0" />
  <testcase classname="gov.opm.scrd.entities.application.AccountUnitTests" name="test_setFlagPostredeposit" time="0.0" />
  <testcase classname="gov.opm.scrd.entities.application.AccountUnitTests" name="test_getPriorClaimNumber" time="0.0" />
  <testcase classname="gov.opm.scrd.entities.application.AccountUnitTests" name="test_setPriorClaimNumber" time="0.0" />
  <testcase classname="gov.opm.scrd.entities.application.AccountUnitTests" name="test_getPaymentOrder" time="0.0" />
  <testcase classname="gov.opm.scrd.entities.application.AccountUnitTests" name="test_setPaymentOrder" time="0.0" />
  <testcase classname="gov.opm.scrd.entities.application.AccountUnitTests" name="test_getNewClaimNumber" time="0.0" />
  <testcase classname="gov.opm.scrd.entities.application.AccountUnitTests" name="test_setNewClaimNumber" time="0.0" />
  <testcase classname="gov.opm.scrd.entities.application.AccountUnitTests" name="test_getStopAchPayment" time="0.0" />
  <testcase classname="gov.opm.scrd.entities.application.AccountUnitTests" name="test_setStopAchPayment" time="0.0" />
  <testcase classname="gov.opm.scrd.entities.application.AccountUnitTests" name="test_getDbtsAccount" time="0.0" />
  <testcase classname="gov.opm.scrd.entities.application.AccountUnitTests" name="test_setDbtsAccount" time="0.0010" />
  <testcase classname="gov.opm.scrd.entities.application.AddressUnitTests" name="testCtor" time="0.0" />
  <testcase classname="gov.opm.scrd.entities.application.AddressUnitTests" name="test_getStreet1" time="0.0" />
  <testcase classname="gov.opm.scrd.entities.application.AddressUnitTests" name="test_setStreet1" time="0.0" />
  <testcase classname="gov.opm.scrd.entities.application.AddressUnitTests" name="test_getStreet2" time="0.0" />
  <testcase classname="gov.opm.scrd.entities.application.AddressUnitTests" name="test_setStreet2" time="0.0" />
  <testcase classname="gov.opm.scrd.entities.application.AddressUnitTests" name="test_getStreet3" time="0.0" />
  <testcase classname="gov.opm.scrd.entities.application.AddressUnitTests" name="test_setStreet3" time="0.0" />
  <testcase classname="gov.opm.scrd.entities.application.AddressUnitTests" name="test_getStreet4" time="0.0" />
  <testcase classname="gov.opm.scrd.entities.application.AddressUnitTests" name="test_setStreet4" time="0.0" />
  <testcase classname="gov.opm.scrd.entities.application.AddressUnitTests" name="test_getStreet5" time="0.0" />
  <testcase classname="gov.opm.scrd.entities.application.AddressUnitTests" name="test_setStreet5" time="0.0" />
  <testcase classname="gov.opm.scrd.entities.application.AddressUnitTests" name="test_getCity" time="0.0" />
  <testcase classname="gov.opm.scrd.entities.application.AddressUnitTests" name="test_setCity" time="0.0" />
  <testcase classname="gov.opm.scrd.entities.application.AddressUnitTests" name="test_getState" time="0.0010" />
  <testcase classname="gov.opm.scrd.entities.application.AddressUnitTests" name="test_setState" time="0.0" />
  <testcase classname="gov.opm.scrd.entities.application.AddressUnitTests" name="test_getZipCode" time="0.0" />
  <testcase classname="gov.opm.scrd.entities.application.AddressUnitTests" name="test_setZipCode" time="0.0" />
  <testcase classname="gov.opm.scrd.entities.application.AddressUnitTests" name="test_getCountry" time="0.0" />
  <testcase classname="gov.opm.scrd.entities.application.AddressUnitTests" name="test_setCountry" time="0.0" />
  <testcase classname="gov.opm.scrd.entities.application.AuditParameterRecordUnitTests" name="testCtor" time="0.0" />
  <testcase classname="gov.opm.scrd.entities.application.AuditParameterRecordUnitTests" name="test_getItemId" time="0.0" />
  <testcase classname="gov.opm.scrd.entities.application.AuditParameterRecordUnitTests" name="test_setItemId" time="0.0" />
  <testcase classname="gov.opm.scrd.entities.application.AuditParameterRecordUnitTests" name="test_getItemType" time="0.0" />
  <testcase classname="gov.opm.scrd.entities.application.AuditParameterRecordUnitTests" name="test_setItemType" time="0.0" />
  <testcase classname="gov.opm.scrd.entities.application.AuditParameterRecordUnitTests" name="test_getPropertyName" time="0.0" />
  <testcase classname="gov.opm.scrd.entities.application.AuditParameterRecordUnitTests" name="test_setPropertyName" time="0.0" />
  <testcase classname="gov.opm.scrd.entities.application.AuditParameterRecordUnitTests" name="test_getPreviousValue" time="0.0010" />
  <testcase classname="gov.opm.scrd.entities.application.AuditParameterRecordUnitTests" name="test_setPreviousValue" time="0.0" />
  <testcase classname="gov.opm.scrd.entities.application.AuditParameterRecordUnitTests" name="test_getNewValue" time="0.0" />
  <testcase classname="gov.opm.scrd.entities.application.AuditParameterRecordUnitTests" name="test_setNewValue" time="0.0" />
  <testcase classname="gov.opm.scrd.entities.application.AuditRecordUnitTests" name="testCtor" time="0.0" />
  <testcase classname="gov.opm.scrd.entities.application.AuditRecordUnitTests" name="test_getDate" time="0.0" />
  <testcase classname="gov.opm.scrd.entities.application.AuditRecordUnitTests" name="test_setDate" time="0.0" />
  <testcase classname="gov.opm.scrd.entities.application.AuditRecordUnitTests" name="test_getUsername" time="0.0" />
  <testcase classname="gov.opm.scrd.entities.application.AuditRecordUnitTests" name="test_setUsername" time="0.0" />
  <testcase classname="gov.opm.scrd.entities.application.AuditRecordUnitTests" name="test_getIpAddress" time="0.0" />
  <testcase classname="gov.opm.scrd.entities.application.AuditRecordUnitTests" name="test_setIpAddress" time="0.0" />
  <testcase classname="gov.opm.scrd.entities.application.AuditRecordUnitTests" name="test_getActionName" time="0.0" />
  <testcase classname="gov.opm.scrd.entities.application.AuditRecordUnitTests" name="test_setActionName" time="0.0010" />
  <testcase classname="gov.opm.scrd.entities.application.AuditRecordUnitTests" name="test_getParameters" time="0.0" />
  <testcase classname="gov.opm.scrd.entities.application.AuditRecordUnitTests" name="test_setParameters" time="0.0" />
  <testcase classname="gov.opm.scrd.entities.application.BillingSummaryUnitTests" name="testCtor" time="0.0" />
  <testcase classname="gov.opm.scrd.entities.application.BillingSummaryUnitTests" name="test_getComputedDate" time="0.0" />
  <testcase classname="gov.opm.scrd.entities.application.BillingSummaryUnitTests" name="test_setComputedDate" time="0.0" />
  <testcase classname="gov.opm.scrd.entities.application.BillingSummaryUnitTests" name="test_getLastDepositDate" time="0.0" />
  <testcase classname="gov.opm.scrd.entities.application.BillingSummaryUnitTests" name="test_setLastDepositDate" time="0.0" />
  <testcase classname="gov.opm.scrd.entities.application.BillingSummaryUnitTests" name="test_getFirstBillingDate" time="0.0" />
  <testcase classname="gov.opm.scrd.entities.application.BillingSummaryUnitTests" name="test_setFirstBillingDate" time="0.0" />
  <testcase classname="gov.opm.scrd.entities.application.BillingSummaryUnitTests" name="test_getLastInterestCalculation" time="0.0" />
  <testcase classname="gov.opm.scrd.entities.application.BillingSummaryUnitTests" name="test_setLastInterestCalculation" time="0.0" />
  <testcase classname="gov.opm.scrd.entities.application.BillingSummaryUnitTests" name="test_getTransactionType" time="0.0" />
  <testcase classname="gov.opm.scrd.entities.application.BillingSummaryUnitTests" name="test_setTransactionType" time="0.0" />
  <testcase classname="gov.opm.scrd.entities.application.BillingSummaryUnitTests" name="test_getLastTransactionDate" time="0.0" />
  <testcase classname="gov.opm.scrd.entities.application.BillingSummaryUnitTests" name="test_setLastTransactionDate" time="0.0" />
  <testcase classname="gov.opm.scrd.entities.application.BillingSummaryUnitTests" name="test_getBillings" time="0.0010" />
  <testcase classname="gov.opm.scrd.entities.application.BillingSummaryUnitTests" name="test_setBillings" time="0.0" />
  <testcase classname="gov.opm.scrd.entities.application.BillingSummaryUnitTests" name="test_getStopACHPayments" time="0.0" />
  <testcase classname="gov.opm.scrd.entities.application.BillingSummaryUnitTests" name="test_setStopACHPayments" time="0.0" />
  <testcase classname="gov.opm.scrd.entities.application.BillingUnitTests" name="testCtor" time="0.0" />
  <testcase classname="gov.opm.scrd.entities.application.BillingUnitTests" name="test_getName" time="0.0" />
  <testcase classname="gov.opm.scrd.entities.application.BillingUnitTests" name="test_setName" time="0.0" />
  <testcase classname="gov.opm.scrd.entities.application.BillingUnitTests" name="test_getBalance" time="0.0" />
  <testcase classname="gov.opm.scrd.entities.application.BillingUnitTests" name="test_setBalance" time="0.0" />
  <testcase classname="gov.opm.scrd.entities.application.BillingUnitTests" name="test_getPaymentOrder" time="0.0" />
  <testcase classname="gov.opm.scrd.entities.application.BillingUnitTests" name="test_setPaymentOrder" time="0.0" />
  <testcase classname="gov.opm.scrd.entities.application.BillingUnitTests" name="test_getInitialBilling" time="0.0" />
  <testcase classname="gov.opm.scrd.entities.application.BillingUnitTests" name="test_setInitialBilling" time="0.0" />
  <testcase classname="gov.opm.scrd.entities.application.BillingUnitTests" name="test_getAdditionalInterest" time="0.0" />
  <testcase classname="gov.opm.scrd.entities.application.BillingUnitTests" name="test_setAdditionalInterest" time="0.0" />
  <testcase classname="gov.opm.scrd.entities.application.BillingUnitTests" name="test_getTotalPayments" time="0.0" />
  <testcase classname="gov.opm.scrd.entities.application.BillingUnitTests" name="test_setTotalPayments" time="0.0" />
  <testcase classname="gov.opm.scrd.entities.application.CalculationResultItemUnitTests" name="testCtor" time="0.0" />
  <testcase classname="gov.opm.scrd.entities.application.CalculationResultItemUnitTests" name="test_getStartDate" time="0.0" />
  <testcase classname="gov.opm.scrd.entities.application.CalculationResultItemUnitTests" name="test_setStartDate" time="0.0" />
  <testcase classname="gov.opm.scrd.entities.application.CalculationResultItemUnitTests" name="test_getEndDate" time="0.0" />
  <testcase classname="gov.opm.scrd.entities.application.CalculationResultItemUnitTests" name="test_setEndDate" time="0.0" />
  <testcase classname="gov.opm.scrd.entities.application.CalculationResultItemUnitTests" name="test_getBalance" time="0.0" />
  <testcase classname="gov.opm.scrd.entities.application.CalculationResultItemUnitTests" name="test_setBalance" time="0.0" />
  <testcase classname="gov.opm.scrd.entities.application.CalculationResultItemUnitTests" name="test_getMidDate" time="0.0" />
  <testcase classname="gov.opm.scrd.entities.application.CalculationResultItemUnitTests" name="test_setMidDate" time="0.0" />
  <testcase classname="gov.opm.scrd.entities.application.CalculationResultItemUnitTests" name="test_getEffectiveDate" time="0.0" />
  <testcase classname="gov.opm.scrd.entities.application.CalculationResultItemUnitTests" name="test_setEffectiveDate" time="0.0" />
  <testcase classname="gov.opm.scrd.entities.application.CalculationResultItemUnitTests" name="test_getPeriodType" time="0.0010" />
  <testcase classname="gov.opm.scrd.entities.application.CalculationResultItemUnitTests" name="test_setPeriodType" time="0.0" />
  <testcase classname="gov.opm.scrd.entities.application.CalculationResultItemUnitTests" name="test_getDeductionAmount" time="0.0" />
  <testcase classname="gov.opm.scrd.entities.application.CalculationResultItemUnitTests" name="test_setDeductionAmount" time="0.0" />
  <testcase classname="gov.opm.scrd.entities.application.CalculationResultItemUnitTests" name="test_getTotalInterest" time="0.0010" />
  <testcase classname="gov.opm.scrd.entities.application.CalculationResultItemUnitTests" name="test_setTotalInterest" time="0.0" />
  <testcase classname="gov.opm.scrd.entities.application.CalculationResultItemUnitTests" name="test_getPaymentsApplied" time="0.0" />
  <testcase classname="gov.opm.scrd.entities.application.CalculationResultItemUnitTests" name="test_setPaymentsApplied" time="0.0" />
  <testcase classname="gov.opm.scrd.entities.application.CalculationResultUnitTests" name="testCtor" time="0.0" />
  <testcase classname="gov.opm.scrd.entities.application.CalculationResultUnitTests" name="test_getItems" time="0.0" />
  <testcase classname="gov.opm.scrd.entities.application.CalculationResultUnitTests" name="test_setItems" time="0.0" />
  <testcase classname="gov.opm.scrd.entities.application.CalculationResultUnitTests" name="test_getPaymentOrder" time="0.0" />
  <testcase classname="gov.opm.scrd.entities.application.CalculationResultUnitTests" name="test_setPaymentOrder" time="0.0" />
  <testcase classname="gov.opm.scrd.entities.application.CalculationResultUnitTests" name="test_getRedeposits" time="0.0" />
  <testcase classname="gov.opm.scrd.entities.application.CalculationResultUnitTests" name="test_setRedeposits" time="0.0" />
  <testcase classname="gov.opm.scrd.entities.application.CalculationResultUnitTests" name="test_getDedeposits" time="0.0" />
  <testcase classname="gov.opm.scrd.entities.application.CalculationResultUnitTests" name="test_setDedeposits" time="0.0" />
  <testcase classname="gov.opm.scrd.entities.application.CalculationResultUnitTests" name="test_getSummary" time="0.0" />
  <testcase classname="gov.opm.scrd.entities.application.CalculationResultUnitTests" name="test_setSummary" time="0.0" />
  <testcase classname="gov.opm.scrd.entities.application.CalculationResultUnitTests" name="test_getCalculationStatus" time="0.0" />
  <testcase classname="gov.opm.scrd.entities.application.CalculationResultUnitTests" name="test_setCalculationStatus" time="0.0" />
  <testcase classname="gov.opm.scrd.entities.application.CalculationResultUnitTests" name="test_isOfficial" time="0.0" />
  <testcase classname="gov.opm.scrd.entities.application.CalculationResultUnitTests" name="test_setOfficial" time="0.0" />
  <testcase classname="gov.opm.scrd.entities.application.CalculationResultUnitTests" name="test_isApplyToRealPayments" time="0.0" />
  <testcase classname="gov.opm.scrd.entities.application.CalculationResultUnitTests" name="test_setApplyToRealPayments" time="0.0" />
  <testcase classname="gov.opm.scrd.entities.application.CalculationResultUnitTests" name="test_getInterestAccrualDate" time="0.0" />
  <testcase classname="gov.opm.scrd.entities.application.CalculationResultUnitTests" name="test_setInterestAccrualDate" time="0.0" />
  <testcase classname="gov.opm.scrd.entities.application.CalculationUnitTests" name="testCtor" time="0.0" />
  <testcase classname="gov.opm.scrd.entities.application.CalculationUnitTests" name="test_getServiceType" time="0.0" />
  <testcase classname="gov.opm.scrd.entities.application.CalculationUnitTests" name="test_setServiceType" time="0.0" />
  <testcase classname="gov.opm.scrd.entities.application.CalculationUnitTests" name="test_getRetirementType" time="0.0" />
  <testcase classname="gov.opm.scrd.entities.application.CalculationUnitTests" name="test_setRetirementType" time="0.0" />
  <testcase classname="gov.opm.scrd.entities.application.CalculationUnitTests" name="test_getEndDate" time="0.0" />
  <testcase classname="gov.opm.scrd.entities.application.CalculationUnitTests" name="test_setEndDate" time="0.0" />
  <testcase classname="gov.opm.scrd.entities.application.CalculationUnitTests" name="test_getAgencyCode" time="0.0" />
  <testcase classname="gov.opm.scrd.entities.application.CalculationUnitTests" name="test_setAgencyCode" time="0.0" />
  <testcase classname="gov.opm.scrd.entities.application.CalculationUnitTests" name="test_getPeriodType" time="0.0" />
  <testcase classname="gov.opm.scrd.entities.application.CalculationUnitTests" name="test_setPeriodType" time="0.0" />
  <testcase classname="gov.opm.scrd.entities.application.CalculationUnitTests" name="test_getBeginDate" time="0.0" />
  <testcase classname="gov.opm.scrd.entities.application.CalculationUnitTests" name="test_setBeginDate" time="0.0" />
  <testcase classname="gov.opm.scrd.entities.application.CalculationUnitTests" name="test_getAppointmentType" time="0.0" />
  <testcase classname="gov.opm.scrd.entities.application.CalculationUnitTests" name="test_setAppointmentType" time="0.0" />
  <testcase classname="gov.opm.scrd.entities.application.CalculationUnitTests" name="test_getAmount" time="0.0" />
  <testcase classname="gov.opm.scrd.entities.application.CalculationUnitTests" name="test_setAmount" time="0.0" />
  <testcase classname="gov.opm.scrd.entities.application.CalculationUnitTests" name="test_getPayType" time="0.0" />
  <testcase classname="gov.opm.scrd.entities.application.CalculationUnitTests" name="test_setPayType" time="0.0" />
  <testcase classname="gov.opm.scrd.entities.application.CalculationUnitTests" name="test_getHoursInYear" time="0.0" />
  <testcase classname="gov.opm.scrd.entities.application.CalculationUnitTests" name="test_setHoursInYear" time="0.0" />
  <testcase classname="gov.opm.scrd.entities.application.CalculationUnitTests" name="test_getAnnualizedAmount" time="0.0" />
  <testcase classname="gov.opm.scrd.entities.application.CalculationUnitTests" name="test_setAnnualizedAmount" time="0.0" />
  <testcase classname="gov.opm.scrd.entities.application.CalculationUnitTests" name="test_getDateEntered" time="0.0" />
  <testcase classname="gov.opm.scrd.entities.application.CalculationUnitTests" name="test_setDateEntered" time="0.0" />
  <testcase classname="gov.opm.scrd.entities.application.CalculationUnitTests" name="test_getEnteredBy" time="0.0" />
  <testcase classname="gov.opm.scrd.entities.application.CalculationUnitTests" name="test_setEnteredBy" time="0.0" />
  <testcase classname="gov.opm.scrd.entities.application.CalculationVersionUnitTests" name="testCtor" time="0.0" />
  <testcase classname="gov.opm.scrd.entities.application.CalculationVersionUnitTests" name="test_getName" time="0.0" />
  <testcase classname="gov.opm.scrd.entities.application.CalculationVersionUnitTests" name="test_setName" time="0.0" />
  <testcase classname="gov.opm.scrd.entities.application.CalculationVersionUnitTests" name="test_getCalculations" time="0.0" />
  <testcase classname="gov.opm.scrd.entities.application.CalculationVersionUnitTests" name="test_setCalculations" time="0.0" />
  <testcase classname="gov.opm.scrd.entities.application.CalculationVersionUnitTests" name="test_getCalculationResult" time="0.0" />
  <testcase classname="gov.opm.scrd.entities.application.CalculationVersionUnitTests" name="test_setCalculationResult" time="0.0" />
  <testcase classname="gov.opm.scrd.entities.application.CalculationVersionUnitTests" name="test_getCalculationDate" time="0.0" />
  <testcase classname="gov.opm.scrd.entities.application.CalculationVersionUnitTests" name="test_setCalculationDate" time="0.0" />
  <testcase classname="gov.opm.scrd.entities.application.CalculationVersionUnitTests" name="test_getVersion" time="0.0" />
  <testcase classname="gov.opm.scrd.entities.application.CalculationVersionUnitTests" name="test_setVersion" time="0.0" />
  <testcase classname="gov.opm.scrd.entities.application.CalculationVersionUnitTests" name="test_getLineNumber" time="0.0" />
  <testcase classname="gov.opm.scrd.entities.application.CalculationVersionUnitTests" name="test_setLineNumber" time="0.0" />
  <testcase classname="gov.opm.scrd.entities.application.DedepositUnitTests" name="testCtor" time="0.0" />
  <testcase classname="gov.opm.scrd.entities.application.DedepositUnitTests" name="test_getTotal" time="0.0" />
  <testcase classname="gov.opm.scrd.entities.application.DedepositUnitTests" name="test_setTotal" time="0.0" />
  <testcase classname="gov.opm.scrd.entities.application.DedepositUnitTests" name="test_getDeposit" time="0.0" />
  <testcase classname="gov.opm.scrd.entities.application.DedepositUnitTests" name="test_setDeposit" time="0.0" />
  <testcase classname="gov.opm.scrd.entities.application.DedepositUnitTests" name="test_getDepositType" time="0.0" />
  <testcase classname="gov.opm.scrd.entities.application.DedepositUnitTests" name="test_setDepositType" time="0.0" />
  <testcase classname="gov.opm.scrd.entities.application.DedepositUnitTests" name="test_getInterest" time="0.0" />
  <testcase classname="gov.opm.scrd.entities.application.DedepositUnitTests" name="test_setInterest" time="0.0" />
  <testcase classname="gov.opm.scrd.entities.application.ErrorUnitTests" name="testCtor" time="0.0" />
  <testcase classname="gov.opm.scrd.entities.application.HelpItemUnitTests" name="testCtor" time="0.0" />
  <testcase classname="gov.opm.scrd.entities.application.HelpItemUnitTests" name="test_getTitle" time="0.0010" />
  <testcase classname="gov.opm.scrd.entities.application.HelpItemUnitTests" name="test_setTitle" time="0.0" />
  <testcase classname="gov.opm.scrd.entities.application.HelpItemUnitTests" name="test_getSummary" time="0.0" />
  <testcase classname="gov.opm.scrd.entities.application.HelpItemUnitTests" name="test_setSummary" time="0.0" />
  <testcase classname="gov.opm.scrd.entities.application.HelpItemUnitTests" name="test_getContent" time="0.0" />
  <testcase classname="gov.opm.scrd.entities.application.HelpItemUnitTests" name="test_setContent" time="0.0" />
  <testcase classname="gov.opm.scrd.entities.application.HelpItemUnitTests" name="test_getRelated" time="0.0" />
  <testcase classname="gov.opm.scrd.entities.application.HelpItemUnitTests" name="test_setRelated" time="0.0" />
  <testcase classname="gov.opm.scrd.entities.application.InfoUnitTests" name="testCtor" time="0.0" />
  <testcase classname="gov.opm.scrd.entities.application.NotificationUnitTests" name="testCtor" time="0.0" />
  <testcase classname="gov.opm.scrd.entities.application.NotificationUnitTests" name="test_getSender" time="0.0" />
  <testcase classname="gov.opm.scrd.entities.application.NotificationUnitTests" name="test_setSender" time="0.0" />
  <testcase classname="gov.opm.scrd.entities.application.NotificationUnitTests" name="test_isRead" time="0.0" />
  <testcase classname="gov.opm.scrd.entities.application.NotificationUnitTests" name="test_setRead" time="0.0" />
  <testcase classname="gov.opm.scrd.entities.application.NotificationUnitTests" name="test_getRecipient" time="0.0" />
  <testcase classname="gov.opm.scrd.entities.application.NotificationUnitTests" name="test_setRecipient" time="0.0" />
  <testcase classname="gov.opm.scrd.entities.application.NotificationUnitTests" name="test_getRole" time="0.0" />
  <testcase classname="gov.opm.scrd.entities.application.NotificationUnitTests" name="test_setRole" time="0.0" />
  <testcase classname="gov.opm.scrd.entities.application.NotificationUnitTests" name="test_getReadBy" time="0.0" />
  <testcase classname="gov.opm.scrd.entities.application.NotificationUnitTests" name="test_setReadBy" time="0.0" />
  <testcase classname="gov.opm.scrd.entities.application.PaymentReverseUnitTests" name="testCtor" time="0.0" />
  <testcase classname="gov.opm.scrd.entities.application.PaymentReverseUnitTests" name="test_getPaymentId" time="0.0" />
  <testcase classname="gov.opm.scrd.entities.application.PaymentReverseUnitTests" name="test_setPaymentId" time="0.0" />
  <testcase classname="gov.opm.scrd.entities.application.PaymentReverseUnitTests" name="test_getReason" time="0.0" />
  <testcase classname="gov.opm.scrd.entities.application.PaymentReverseUnitTests" name="test_setReason" time="0.0" />
  <testcase classname="gov.opm.scrd.entities.application.PaymentReverseUnitTests" name="test_isApplyToGL" time="0.0" />
  <testcase classname="gov.opm.scrd.entities.application.PaymentReverseUnitTests" name="test_setApplyToGL" time="0.0" />
  <testcase classname="gov.opm.scrd.entities.application.PaymentReverseUnitTests" name="test_getReverser" time="0.0" />
  <testcase classname="gov.opm.scrd.entities.application.PaymentReverseUnitTests" name="test_setReverser" time="0.0" />
  <testcase classname="gov.opm.scrd.entities.application.PaymentUnitTests" name="testCtor" time="0.0" />
  <testcase classname="gov.opm.scrd.entities.application.PaymentUnitTests" name="test_getClaimNumber" time="0.0" />
  <testcase classname="gov.opm.scrd.entities.application.PaymentUnitTests" name="test_setClaimNumber" time="0.0" />
  <testcase classname="gov.opm.scrd.entities.application.PaymentUnitTests" name="test_getNote" time="0.0" />
  <testcase classname="gov.opm.scrd.entities.application.PaymentUnitTests" name="test_setNote" time="0.0" />
  <testcase classname="gov.opm.scrd.entities.application.PaymentUnitTests" name="test_getAccountStatus" time="0.0" />
  <testcase classname="gov.opm.scrd.entities.application.PaymentUnitTests" name="test_setAccountStatus" time="0.0" />
  <testcase classname="gov.opm.scrd.entities.application.PaymentUnitTests" name="test_getAccountBalance" time="0.0" />
  <testcase classname="gov.opm.scrd.entities.application.PaymentUnitTests" name="test_setAccountBalance" time="0.0" />
  <testcase classname="gov.opm.scrd.entities.application.PaymentUnitTests" name="test_getPaymentType" time="0.0" />
  <testcase classname="gov.opm.scrd.entities.application.PaymentUnitTests" name="test_setPaymentType" time="0.0" />
  <testcase classname="gov.opm.scrd.entities.application.PaymentUnitTests" name="test_getTransactionDate" time="0.0" />
  <testcase classname="gov.opm.scrd.entities.application.PaymentUnitTests" name="test_setTransactionDate" time="0.0" />
  <testcase classname="gov.opm.scrd.entities.application.PaymentUnitTests" name="test_getAccountId" time="0.0" />
  <testcase classname="gov.opm.scrd.entities.application.PaymentUnitTests" name="test_setAccountId" time="0.0" />
  <testcase classname="gov.opm.scrd.entities.application.PaymentUnitTests" name="test_getSsn" time="0.0010" />
  <testcase classname="gov.opm.scrd.entities.application.PaymentUnitTests" name="test_setSsn" time="0.0" />
  <testcase classname="gov.opm.scrd.entities.application.PaymentUnitTests" name="test_getClaimantBirthdate" time="0.0" />
  <testcase classname="gov.opm.scrd.entities.application.PaymentUnitTests" name="test_setClaimantBirthdate" time="0.0" />
  <testcase classname="gov.opm.scrd.entities.application.PaymentUnitTests" name="test_getAmount" time="0.0" />
  <testcase classname="gov.opm.scrd.entities.application.PaymentUnitTests" name="test_setAmount" time="0.0" />
  <testcase classname="gov.opm.scrd.entities.application.PaymentUnitTests" name="test_isApplyToGL" time="0.0" />
  <testcase classname="gov.opm.scrd.entities.application.PaymentUnitTests" name="test_setApplyToGL" time="0.0" />
  <testcase classname="gov.opm.scrd.entities.application.PaymentUnitTests" name="test_getBatchNumber" time="0.0010" />
  <testcase classname="gov.opm.scrd.entities.application.PaymentUnitTests" name="test_setBatchNumber" time="0.0" />
  <testcase classname="gov.opm.scrd.entities.application.PaymentUnitTests" name="test_getBlockNumber" time="0.0" />
  <testcase classname="gov.opm.scrd.entities.application.PaymentUnitTests" name="test_setBlockNumber" time="0.0" />
  <testcase classname="gov.opm.scrd.entities.application.PaymentUnitTests" name="test_getSequenceNumber" time="0.0010" />
  <testcase classname="gov.opm.scrd.entities.application.PaymentUnitTests" name="test_setSequenceNumber" time="0.0" />
  <testcase classname="gov.opm.scrd.entities.application.PaymentUnitTests" name="test_getPaymentStatus" time="0.0" />
  <testcase classname="gov.opm.scrd.entities.application.PaymentUnitTests" name="test_setPaymentStatus" time="0.0" />
  <testcase classname="gov.opm.scrd.entities.application.PaymentUnitTests" name="test_getAccountHolderBirthdate" time="0.0" />
  <testcase classname="gov.opm.scrd.entities.application.PaymentUnitTests" name="test_setAccountHolderBirthdate" time="0.0" />
  <testcase classname="gov.opm.scrd.entities.application.PaymentUnitTests" name="test_getDepositDate" time="0.0" />
  <testcase classname="gov.opm.scrd.entities.application.PaymentUnitTests" name="test_setDepositDate" time="0.0" />
  <testcase classname="gov.opm.scrd.entities.application.PaymentUnitTests" name="test_getClaimant" time="0.0" />
  <testcase classname="gov.opm.scrd.entities.application.PaymentUnitTests" name="test_setClaimant" time="0.0" />
  <testcase classname="gov.opm.scrd.entities.application.PaymentUnitTests" name="test_getImportId" time="0.0" />
  <testcase classname="gov.opm.scrd.entities.application.PaymentUnitTests" name="test_setImportId" time="0.0" />
  <testcase classname="gov.opm.scrd.entities.application.PaymentUnitTests" name="test_getSequence" time="0.0" />
  <testcase classname="gov.opm.scrd.entities.application.PaymentUnitTests" name="test_setSequence" time="0.0" />
  <testcase classname="gov.opm.scrd.entities.application.PaymentUnitTests" name="test_getStatusDate" time="0.0" />
  <testcase classname="gov.opm.scrd.entities.application.PaymentUnitTests" name="test_setStatusDate" time="0.0" />
  <testcase classname="gov.opm.scrd.entities.application.PaymentUnitTests" name="test_getApplyTo" time="0.0" />
  <testcase classname="gov.opm.scrd.entities.application.PaymentUnitTests" name="test_setApplyTo" time="0.0" />
  <testcase classname="gov.opm.scrd.entities.application.PaymentUnitTests" name="test_getTransactionKey" time="0.0" />
  <testcase classname="gov.opm.scrd.entities.application.PaymentUnitTests" name="test_setTransactionKey" time="0.0" />
  <testcase classname="gov.opm.scrd.entities.application.PaymentUnitTests" name="test_isAch" time="0.0" />
  <testcase classname="gov.opm.scrd.entities.application.PaymentUnitTests" name="test_setAch" time="0.0" />
  <testcase classname="gov.opm.scrd.entities.application.PaymentUnitTests" name="test_getMasterClaimNumber" time="0.0" />
  <testcase classname="gov.opm.scrd.entities.application.PaymentUnitTests" name="test_setMasterClaimNumber" time="0.0" />
  <testcase classname="gov.opm.scrd.entities.application.PaymentUnitTests" name="test_getMasterClaimantBirthdate" time="0.0" />
  <testcase classname="gov.opm.scrd.entities.application.PaymentUnitTests" name="test_setMasterClaimantBirthdate" time="0.0" />
  <testcase classname="gov.opm.scrd.entities.application.PaymentUnitTests" name="test_getMasterAccountStatus" time="0.0" />
  <testcase classname="gov.opm.scrd.entities.application.PaymentUnitTests" name="test_setMasterAccountStatus" time="0.0" />
  <testcase classname="gov.opm.scrd.entities.application.PaymentUnitTests" name="test_getMasterAccountBalance" time="0.0" />
  <testcase classname="gov.opm.scrd.entities.application.PaymentUnitTests" name="test_setMasterAccountBalance" time="0.0" />
  <testcase classname="gov.opm.scrd.entities.application.PaymentUnitTests" name="test_getMasterAccountId" time="0.0" />
  <testcase classname="gov.opm.scrd.entities.application.PaymentUnitTests" name="test_setMasterAccountId" time="0.0" />
  <testcase classname="gov.opm.scrd.entities.application.PaymentUnitTests" name="test_getPreDepositAmount" time="0.0" />
  <testcase classname="gov.opm.scrd.entities.application.PaymentUnitTests" name="test_setPreDepositAmount" time="0.0" />
  <testcase classname="gov.opm.scrd.entities.application.PaymentUnitTests" name="test_getPreRedepositAmount" time="0.0" />
  <testcase classname="gov.opm.scrd.entities.application.PaymentUnitTests" name="test_setPreRedepositAmount" time="0.0" />
  <testcase classname="gov.opm.scrd.entities.application.PaymentUnitTests" name="test_getPostDepositAmount" time="0.0" />
  <testcase classname="gov.opm.scrd.entities.application.PaymentUnitTests" name="test_setPostDepositAmount" time="0.0" />
  <testcase classname="gov.opm.scrd.entities.application.PaymentUnitTests" name="test_getPostRedepositAmount" time="0.0" />
  <testcase classname="gov.opm.scrd.entities.application.PaymentUnitTests" name="test_setPostRedepositAmount" time="0.0" />
  <testcase classname="gov.opm.scrd.entities.application.PaymentUnitTests" name="test_getApprovalUser" time="0.0" />
  <testcase classname="gov.opm.scrd.entities.application.PaymentUnitTests" name="test_setApprovalUser" time="0.0" />
  <testcase classname="gov.opm.scrd.entities.application.PaymentUnitTests" name="test_getApprovalStatus" time="0.0" />
  <testcase classname="gov.opm.scrd.entities.application.PaymentUnitTests" name="test_setApprovalStatus" time="0.0" />
  <testcase classname="gov.opm.scrd.entities.application.PaymentUnitTests" name="test_getApprovalReason" time="0.0" />
  <testcase classname="gov.opm.scrd.entities.application.PaymentUnitTests" name="test_setApprovalReason" time="0.0" />
  <testcase classname="gov.opm.scrd.entities.application.PaymentUnitTests" name="test_getGovRefund" time="0.0" />
  <testcase classname="gov.opm.scrd.entities.application.PaymentUnitTests" name="test_setGovRefund" time="0.0" />
  <testcase classname="gov.opm.scrd.entities.application.PaymentUnitTests" name="test_getDisapprove" time="0.0" />
  <testcase classname="gov.opm.scrd.entities.application.PaymentUnitTests" name="test_setDisapprove" time="0.0" />
  <testcase classname="gov.opm.scrd.entities.application.PaymentUnitTests" name="test_getHistoryPayment" time="0.0" />
  <testcase classname="gov.opm.scrd.entities.application.PaymentUnitTests" name="test_setHistoryPayment" time="0.0" />
  <testcase classname="gov.opm.scrd.entities.application.PaymentUnitTests" name="test_getResolvedSuspense" time="0.0" />
  <testcase classname="gov.opm.scrd.entities.application.PaymentUnitTests" name="test_setResolvedSuspense" time="0.0" />
  <testcase classname="gov.opm.scrd.entities.application.PaymentUnitTests" name="test_getUserInserted" time="0.0" />
  <testcase classname="gov.opm.scrd.entities.application.PaymentUnitTests" name="test_setUserInserted" time="0.0" />
  <testcase classname="gov.opm.scrd.entities.application.PaymentUnitTests" name="test_getPostFlag" time="0.0" />
  <testcase classname="gov.opm.scrd.entities.application.PaymentUnitTests" name="test_setPostFlag" time="0.0" />
  <testcase classname="gov.opm.scrd.entities.application.PaymentUnitTests" name="test_getOrderCode" time="0.0" />
  <testcase classname="gov.opm.scrd.entities.application.PaymentUnitTests" name="test_setOrderCode" time="0.0" />
  <testcase classname="gov.opm.scrd.entities.application.PaymentUnitTests" name="test_getStatusCode" time="0.0" />
  <testcase classname="gov.opm.scrd.entities.application.PaymentUnitTests" name="test_setStatusCode" time="0.0" />
  <testcase classname="gov.opm.scrd.entities.application.PrintoutUnitTests" name="testCtor" time="0.0" />
  <testcase classname="gov.opm.scrd.entities.application.PrintoutUnitTests" name="test_getName" time="0.0" />
  <testcase classname="gov.opm.scrd.entities.application.PrintoutUnitTests" name="test_setName" time="0.0" />
  <testcase classname="gov.opm.scrd.entities.application.PrintoutUnitTests" name="test_getContent" time="0.0" />
  <testcase classname="gov.opm.scrd.entities.application.PrintoutUnitTests" name="test_setContent" time="0.0" />
  <testcase classname="gov.opm.scrd.entities.application.PrintoutUnitTests" name="test_getPrintDate" time="0.0" />
  <testcase classname="gov.opm.scrd.entities.application.PrintoutUnitTests" name="test_setPrintDate" time="0.0" />
  <testcase classname="gov.opm.scrd.entities.application.RedepositUnitTests" name="testCtor" time="0.0" />
  <testcase classname="gov.opm.scrd.entities.application.RedepositUnitTests" name="test_getTotal" time="0.0" />
  <testcase classname="gov.opm.scrd.entities.application.RedepositUnitTests" name="test_setTotal" time="0.0" />
  <testcase classname="gov.opm.scrd.entities.application.RedepositUnitTests" name="test_getDeposit" time="0.0" />
  <testcase classname="gov.opm.scrd.entities.application.RedepositUnitTests" name="test_setDeposit" time="0.0" />
  <testcase classname="gov.opm.scrd.entities.application.RedepositUnitTests" name="test_getDepositType" time="0.0" />
  <testcase classname="gov.opm.scrd.entities.application.RedepositUnitTests" name="test_setDepositType" time="0.0" />
  <testcase classname="gov.opm.scrd.entities.application.RedepositUnitTests" name="test_getInterest" time="0.0" />
  <testcase classname="gov.opm.scrd.entities.application.RedepositUnitTests" name="test_setInterest" time="0.0" />
  <testcase classname="gov.opm.scrd.entities.application.RefundTransactionUnitTests" name="testCtor" time="0.0" />
  <testcase classname="gov.opm.scrd.entities.application.RefundTransactionUnitTests" name="test_getClaimNumber" time="0.0" />
  <testcase classname="gov.opm.scrd.entities.application.RefundTransactionUnitTests" name="test_setClaimNumber" time="0.0" />
  <testcase classname="gov.opm.scrd.entities.application.RefundTransactionUnitTests" name="test_getAmount" time="0.0" />
  <testcase classname="gov.opm.scrd.entities.application.RefundTransactionUnitTests" name="test_setAmount" time="0.0" />
  <testcase classname="gov.opm.scrd.entities.application.RefundTransactionUnitTests" name="test_getTransactionKey" time="0.0" />
  <testcase classname="gov.opm.scrd.entities.application.RefundTransactionUnitTests" name="test_setTransactionKey" time="0.0" />
  <testcase classname="gov.opm.scrd.entities.application.RefundTransactionUnitTests" name="test_getRefundDate" time="0.0" />
  <testcase classname="gov.opm.scrd.entities.application.RefundTransactionUnitTests" name="test_setRefundDate" time="0.0" />
  <testcase classname="gov.opm.scrd.entities.application.RefundTransactionUnitTests" name="test_getRefundUsername" time="0.0" />
  <testcase classname="gov.opm.scrd.entities.application.RefundTransactionUnitTests" name="test_setRefundUsername" time="0.0" />
  <testcase classname="gov.opm.scrd.entities.application.RefundTransactionUnitTests" name="test_getTransferType" time="0.0" />
  <testcase classname="gov.opm.scrd.entities.application.RefundTransactionUnitTests" name="test_setTransferType" time="0.0" />
  <testcase classname="gov.opm.scrd.entities.application.RolePermissionUnitTests" name="testCtor" time="0.0" />
  <testcase classname="gov.opm.scrd.entities.application.RolePermissionUnitTests" name="test_getRole" time="0.0" />
  <testcase classname="gov.opm.scrd.entities.application.RolePermissionUnitTests" name="test_setRole" time="0.0" />
  <testcase classname="gov.opm.scrd.entities.application.RolePermissionUnitTests" name="test_getAction" time="0.0" />
  <testcase classname="gov.opm.scrd.entities.application.RolePermissionUnitTests" name="test_setAction" time="0.0" />
  <testcase classname="gov.opm.scrd.entities.application.ServiceAnnouncementUnitTests" name="testCtor" time="0.0" />
  <testcase classname="gov.opm.scrd.entities.application.ServiceAnnouncementUnitTests" name="test_getDate" time="0.0" />
  <testcase classname="gov.opm.scrd.entities.application.ServiceAnnouncementUnitTests" name="test_setDate" time="0.0" />
  <testcase classname="gov.opm.scrd.entities.application.ServiceAnnouncementUnitTests" name="test_getDetails" time="0.0" />
  <testcase classname="gov.opm.scrd.entities.application.ServiceAnnouncementUnitTests" name="test_setDetails" time="0.0" />
  <testcase classname="gov.opm.scrd.entities.application.ServiceCreditPreferenceUnitTests" name="testCtor" time="0.0" />
  <testcase classname="gov.opm.scrd.entities.application.ServiceCreditPreferenceUnitTests" name="test_isUseAgents" time="0.0" />
  <testcase classname="gov.opm.scrd.entities.application.ServiceCreditPreferenceUnitTests" name="test_setUseAgents" time="0.0" />
  <testcase classname="gov.opm.scrd.entities.application.ServiceCreditPreferenceUnitTests" name="test_isUseStatusBar" time="0.0" />
  <testcase classname="gov.opm.scrd.entities.application.ServiceCreditPreferenceUnitTests" name="test_setUseStatusBar" time="0.0" />
  <testcase classname="gov.opm.scrd.entities.application.ServiceCreditPreferenceUnitTests" name="test_isUseMessageBox" time="0.0" />
  <testcase classname="gov.opm.scrd.entities.application.ServiceCreditPreferenceUnitTests" name="test_setUseMessageBox" time="0.0" />
  <testcase classname="gov.opm.scrd.entities.application.ServiceCreditPreferenceUnitTests" name="test_getOtherSetting" time="0.0010" />
  <testcase classname="gov.opm.scrd.entities.application.ServiceCreditPreferenceUnitTests" name="test_setOtherSetting" time="0.0" />
  <testcase classname="gov.opm.scrd.entities.application.SummaryDataUnitTests" name="testCtor" time="0.0" />
  <testcase classname="gov.opm.scrd.entities.application.SummaryDataUnitTests" name="test_getTotalPaymentsRequired" time="0.0" />
  <testcase classname="gov.opm.scrd.entities.application.SummaryDataUnitTests" name="test_setTotalPaymentsRequired" time="0.0" />
  <testcase classname="gov.opm.scrd.entities.application.SummaryDataUnitTests" name="test_getTotalInitialInterest" time="0.0" />
  <testcase classname="gov.opm.scrd.entities.application.SummaryDataUnitTests" name="test_setTotalInitialInterest" time="0.0" />
  <testcase classname="gov.opm.scrd.entities.application.SummaryDataUnitTests" name="test_getTotalPaymentsApplied" time="0.0" />
  <testcase classname="gov.opm.scrd.entities.application.SummaryDataUnitTests" name="test_setTotalPaymentsApplied" time="0.0" />
  <testcase classname="gov.opm.scrd.entities.application.SummaryDataUnitTests" name="test_getTotalBalance" time="0.0" />
  <testcase classname="gov.opm.scrd.entities.application.SummaryDataUnitTests" name="test_setTotalBalance" time="0.0" />
  <testcase classname="gov.opm.scrd.entities.application.UserPermissionUnitTests" name="testCtor" time="0.0010" />
  <testcase classname="gov.opm.scrd.entities.application.UserPermissionUnitTests" name="test_getUsername" time="0.0" />
  <testcase classname="gov.opm.scrd.entities.application.UserPermissionUnitTests" name="test_setUsername" time="0.0" />
  <testcase classname="gov.opm.scrd.entities.application.UserPermissionUnitTests" name="test_getAction" time="0.0" />
  <testcase classname="gov.opm.scrd.entities.application.UserPermissionUnitTests" name="test_setAction" time="0.0" />
  <testcase classname="gov.opm.scrd.entities.application.UserUnitTests" name="testCtor" time="0.0" />
  <testcase classname="gov.opm.scrd.entities.application.UserUnitTests" name="test_getLastName" time="0.0" />
  <testcase classname="gov.opm.scrd.entities.application.UserUnitTests" name="test_setLastName" time="0.0" />
  <testcase classname="gov.opm.scrd.entities.application.UserUnitTests" name="test_getFirstName" time="0.0" />
  <testcase classname="gov.opm.scrd.entities.application.UserUnitTests" name="test_setFirstName" time="0.0" />
  <testcase classname="gov.opm.scrd.entities.application.UserUnitTests" name="test_getTelephone" time="0.0" />
  <testcase classname="gov.opm.scrd.entities.application.UserUnitTests" name="test_setTelephone" time="0.0" />
  <testcase classname="gov.opm.scrd.entities.application.UserUnitTests" name="test_getEmail" time="0.0" />
  <testcase classname="gov.opm.scrd.entities.application.UserUnitTests" name="test_setEmail" time="0.0" />
  <testcase classname="gov.opm.scrd.entities.application.UserUnitTests" name="test_getStatus" time="0.0" />
  <testcase classname="gov.opm.scrd.entities.application.UserUnitTests" name="test_setStatus" time="0.0" />
  <testcase classname="gov.opm.scrd.entities.application.UserUnitTests" name="test_getUsername" time="0.0" />
  <testcase classname="gov.opm.scrd.entities.application.UserUnitTests" name="test_setUsername" time="0.0" />
  <testcase classname="gov.opm.scrd.entities.application.UserUnitTests" name="test_getRole" time="0.0" />
  <testcase classname="gov.opm.scrd.entities.application.UserUnitTests" name="test_setRole" time="0.0" />
  <testcase classname="gov.opm.scrd.entities.application.UserUnitTests" name="test_getDefaultTab" time="0.0" />
  <testcase classname="gov.opm.scrd.entities.application.UserUnitTests" name="test_setDefaultTab" time="0.0" />
  <testcase classname="gov.opm.scrd.entities.application.UserUnitTests" name="test_getNetworkId" time="0.0" />
  <testcase classname="gov.opm.scrd.entities.application.UserUnitTests" name="test_setNetworkId" time="0.0" />
  <testcase classname="gov.opm.scrd.entities.application.UserUnitTests" name="test_getSupervisor" time="0.0" />
  <testcase classname="gov.opm.scrd.entities.application.UserUnitTests" name="test_setSupervisor" time="0.0" />
  <testcase classname="gov.opm.scrd.entities.application.AccountSearchFilterUnitTests" name="testCtor" time="0.0" />
  <testcase classname="gov.opm.scrd.entities.application.AccountSearchFilterUnitTests" name="test_getClaimNumber" time="0.0" />
  <testcase classname="gov.opm.scrd.entities.application.AccountSearchFilterUnitTests" name="test_setClaimNumber" time="0.0" />
  <testcase classname="gov.opm.scrd.entities.application.AccountSearchFilterUnitTests" name="test_getLastName" time="0.0" />
  <testcase classname="gov.opm.scrd.entities.application.AccountSearchFilterUnitTests" name="test_setLastName" time="0.0" />
  <testcase classname="gov.opm.scrd.entities.application.AccountSearchFilterUnitTests" name="test_getFirstName" time="0.0" />
  <testcase classname="gov.opm.scrd.entities.application.AccountSearchFilterUnitTests" name="test_setFirstName" time="0.0" />
  <testcase classname="gov.opm.scrd.entities.application.AccountSearchFilterUnitTests" name="test_getBirthDate" time="0.0" />
  <testcase classname="gov.opm.scrd.entities.application.AccountSearchFilterUnitTests" name="test_setBirthDate" time="0.0" />
  <testcase classname="gov.opm.scrd.entities.application.AccountSearchFilterUnitTests" name="test_getSsn" time="0.0" />
  <testcase classname="gov.opm.scrd.entities.application.AccountSearchFilterUnitTests" name="test_setSsn" time="0.0" />
  <testcase classname="gov.opm.scrd.entities.application.AccountSearchFilterUnitTests" name="test_getMiddleName" time="0.0" />
  <testcase classname="gov.opm.scrd.entities.application.AccountSearchFilterUnitTests" name="test_setMiddleName" time="0.0" />
  <testcase classname="gov.opm.scrd.entities.application.AccountSearchFilterUnitTests" name="test_isExcludeHistory" time="0.0" />
  <testcase classname="gov.opm.scrd.entities.application.AccountSearchFilterUnitTests" name="test_setExcludeHistory" time="0.0" />
  <testcase classname="gov.opm.scrd.entities.application.AccountSearchFilterUnitTests" name="test_getAssigned" time="0.0" />
  <testcase classname="gov.opm.scrd.entities.application.AccountSearchFilterUnitTests" name="test_setAssigned" time="0.0" />
  <testcase classname="gov.opm.scrd.entities.application.PaymentSearchFilterUnitTests" name="testCtor" time="0.0010" />
  <testcase classname="gov.opm.scrd.entities.application.PaymentSearchFilterUnitTests" name="test_getPaymentType" time="0.0" />
  <testcase classname="gov.opm.scrd.entities.application.PaymentSearchFilterUnitTests" name="test_setPaymentType" time="0.0" />
  <testcase classname="gov.opm.scrd.entities.application.PaymentSearchFilterUnitTests" name="test_getAmount" time="0.0" />
  <testcase classname="gov.opm.scrd.entities.application.PaymentSearchFilterUnitTests" name="test_setAmount" time="0.0" />
  <testcase classname="gov.opm.scrd.entities.application.PaymentSearchFilterUnitTests" name="test_getBatchNumber" time="0.0" />
  <testcase classname="gov.opm.scrd.entities.application.PaymentSearchFilterUnitTests" name="test_setBatchNumber" time="0.0" />
  <testcase classname="gov.opm.scrd.entities.application.PaymentSearchFilterUnitTests" name="test_getBlockNumber" time="0.0" />
  <testcase classname="gov.opm.scrd.entities.application.PaymentSearchFilterUnitTests" name="test_setBlockNumber" time="0.0" />
  <testcase classname="gov.opm.scrd.entities.application.PaymentSearchFilterUnitTests" name="test_getSequenceNumber" time="0.0" />
  <testcase classname="gov.opm.scrd.entities.application.PaymentSearchFilterUnitTests" name="test_setSequenceNumber" time="0.0" />
  <testcase classname="gov.opm.scrd.entities.application.PaymentSearchFilterUnitTests" name="test_getPaymentStatus" time="0.0" />
  <testcase classname="gov.opm.scrd.entities.application.PaymentSearchFilterUnitTests" name="test_setPaymentStatus" time="0.0" />
  <testcase classname="gov.opm.scrd.entities.application.PaymentSearchFilterUnitTests" name="test_getDepositDate" time="0.0" />
  <testcase classname="gov.opm.scrd.entities.application.PaymentSearchFilterUnitTests" name="test_setDepositDate" time="0.0" />
  <testcase classname="gov.opm.scrd.entities.application.PaymentSearchFilterUnitTests" name="test_getResolvedSuspense" time="0.0" />
  <testcase classname="gov.opm.scrd.entities.application.PaymentSearchFilterUnitTests" name="test_setResolvedSuspense" time="0.0" />
  <testcase classname="gov.opm.scrd.entities.application.PaymentSearchFilterUnitTests" name="test_getAmountComparisonType" time="0.0" />
  <testcase classname="gov.opm.scrd.entities.application.PaymentSearchFilterUnitTests" name="test_setAmountComparisonType" time="0.0" />
  <testcase classname="gov.opm.scrd.entities.application.PaymentSearchFilterUnitTests" name="test_getDepositComparisonType" time="0.0" />
  <testcase classname="gov.opm.scrd.entities.application.PaymentSearchFilterUnitTests" name="test_setDepositComparisonType" time="0.0" />
  <testcase classname="gov.opm.scrd.entities.application.NotificationSearchFilterUnitTests" name="testCtor" time="0.0" />
  <testcase classname="gov.opm.scrd.entities.application.NotificationSearchFilterUnitTests" name="test_getSender" time="0.0" />
  <testcase classname="gov.opm.scrd.entities.application.NotificationSearchFilterUnitTests" name="test_setSender" time="0.0" />
  <testcase classname="gov.opm.scrd.entities.application.NotificationSearchFilterUnitTests" name="test_setRead" time="0.0" />
  <testcase classname="gov.opm.scrd.entities.application.NotificationSearchFilterUnitTests" name="test_getRecipient" time="0.0" />
  <testcase classname="gov.opm.scrd.entities.application.NotificationSearchFilterUnitTests" name="test_setRecipient" time="0.0" />
  <testcase classname="gov.opm.scrd.entities.application.NotificationSearchFilterUnitTests" name="test_getRead" time="0.0" />
  <testcase classname="gov.opm.scrd.entities.application.NotificationSearchFilterUnitTests" name="test_getRecipientRole" time="0.0" />
  <testcase classname="gov.opm.scrd.entities.application.NotificationSearchFilterUnitTests" name="test_setRecipientRole" time="0.0" />
  <testcase classname="gov.opm.scrd.entities.application.ApprovalItemSummaryUnitTests" name="testCtor" time="0.0" />
  <testcase classname="gov.opm.scrd.entities.application.ApprovalItemSummaryUnitTests" name="test_toString" time="0.0010" />
  <testcase classname="gov.opm.scrd.entities.application.ApprovalItemSummaryUnitTests" name="test_getPendingPaymentCount" time="0.0" />
  <testcase classname="gov.opm.scrd.entities.application.ApprovalItemSummaryUnitTests" name="test_setPendingPaymentCount" time="0.0" />
  <testcase classname="gov.opm.scrd.entities.application.ApprovalItemSummaryUnitTests" name="test_getInterestAdjustmentCount" time="0.0" />
  <testcase classname="gov.opm.scrd.entities.application.ApprovalItemSummaryUnitTests" name="test_setInterestAdjustmentCount" time="0.0" />
  <testcase classname="gov.opm.scrd.entities.application.ApprovalItemSummaryUnitTests" name="test_getPaymentMoveCount" time="0.0" />
  <testcase classname="gov.opm.scrd.entities.application.ApprovalItemSummaryUnitTests" name="test_setPaymentMoveCount" time="0.0" />
  <testcase classname="gov.opm.scrd.entities.application.ApprovalItemSummaryUnitTests" name="test_getTotalCount" time="0.0" />
  <testcase classname="gov.opm.scrd.entities.application.ApprovalItemSummaryUnitTests" name="test_setTotalCount" time="0.0" />
  <testcase classname="gov.opm.scrd.entities.application.InterestAdjustmentUnitTests" name="testCtor" time="0.0" />
  <testcase classname="gov.opm.scrd.entities.application.InterestAdjustmentUnitTests" name="test_toString" time="0.0010" />
  <testcase classname="gov.opm.scrd.entities.application.InterestAdjustmentUnitTests" name="test_getClaimNumber" time="0.0" />
  <testcase classname="gov.opm.scrd.entities.application.InterestAdjustmentUnitTests" name="test_setClaimNumber" time="0.0" />
  <testcase classname="gov.opm.scrd.entities.application.InterestAdjustmentUnitTests" name="test_getAccountStatus" time="0.0" />
  <testcase classname="gov.opm.scrd.entities.application.InterestAdjustmentUnitTests" name="test_setAccountStatus" time="0.0" />
  <testcase classname="gov.opm.scrd.entities.application.InterestAdjustmentUnitTests" name="test_getPaymentId" time="0.0" />
  <testcase classname="gov.opm.scrd.entities.application.InterestAdjustmentUnitTests" name="test_setPaymentId" time="0.0" />
  <testcase classname="gov.opm.scrd.entities.application.InterestAdjustmentUnitTests" name="test_getAccountHolderBirthdate" time="0.0" />
  <testcase classname="gov.opm.scrd.entities.application.InterestAdjustmentUnitTests" name="test_setAccountHolderBirthdate" time="0.0" />
  <testcase classname="gov.opm.scrd.entities.application.InterestAdjustmentUnitTests" name="test_getPreDepositAmount" time="0.0" />
  <testcase classname="gov.opm.scrd.entities.application.InterestAdjustmentUnitTests" name="test_setPreDepositAmount" time="0.0" />
  <testcase classname="gov.opm.scrd.entities.application.InterestAdjustmentUnitTests" name="test_getPreRedepositAmount" time="0.0" />
  <testcase classname="gov.opm.scrd.entities.application.InterestAdjustmentUnitTests" name="test_setPreRedepositAmount" time="0.0" />
  <testcase classname="gov.opm.scrd.entities.application.InterestAdjustmentUnitTests" name="test_getPostDepositAmount" time="0.0" />
  <testcase classname="gov.opm.scrd.entities.application.InterestAdjustmentUnitTests" name="test_setPostDepositAmount" time="0.0010" />
  <testcase classname="gov.opm.scrd.entities.application.InterestAdjustmentUnitTests" name="test_getPostRedepositAmount" time="0.0" />
  <testcase classname="gov.opm.scrd.entities.application.InterestAdjustmentUnitTests" name="test_setPostRedepositAmount" time="0.0" />
  <testcase classname="gov.opm.scrd.entities.application.InterestAdjustmentUnitTests" name="test_getApprovalUser" time="0.0" />
  <testcase classname="gov.opm.scrd.entities.application.InterestAdjustmentUnitTests" name="test_setApprovalUser" time="0.0" />
  <testcase classname="gov.opm.scrd.entities.application.InterestAdjustmentUnitTests" name="test_getApprovalStatus" time="0.0" />
  <testcase classname="gov.opm.scrd.entities.application.InterestAdjustmentUnitTests" name="test_setApprovalStatus" time="0.0" />
  <testcase classname="gov.opm.scrd.entities.application.InterestAdjustmentUnitTests" name="test_getPaymentTransactionAmount" time="0.0" />
  <testcase classname="gov.opm.scrd.entities.application.InterestAdjustmentUnitTests" name="test_setPaymentTransactionAmount" time="0.0" />
  <testcase classname="gov.opm.scrd.entities.application.InterestAdjustmentUnitTests" name="test_getAdjustmentDate" time="0.0" />
  <testcase classname="gov.opm.scrd.entities.application.InterestAdjustmentUnitTests" name="test_setAdjustmentDate" time="0.0" />
  <testcase classname="gov.opm.scrd.entities.application.PaymentMoveUnitTests" name="testCtor" time="0.0" />
  <testcase classname="gov.opm.scrd.entities.application.PaymentMoveUnitTests" name="test_toString" time="0.0020" />
  <testcase classname="gov.opm.scrd.entities.application.PaymentMoveUnitTests" name="test_getClaimNumber" time="0.0" />
  <testcase classname="gov.opm.scrd.entities.application.PaymentMoveUnitTests" name="test_setClaimNumber" time="0.0" />
  <testcase classname="gov.opm.scrd.entities.application.PaymentMoveUnitTests" name="test_getAccountStatus" time="0.0" />
  <testcase classname="gov.opm.scrd.entities.application.PaymentMoveUnitTests" name="test_setAccountStatus" time="0.0" />
  <testcase classname="gov.opm.scrd.entities.application.PaymentMoveUnitTests" name="test_getPaymentId" time="0.0" />
  <testcase classname="gov.opm.scrd.entities.application.PaymentMoveUnitTests" name="test_setPaymentId" time="0.0" />
  <testcase classname="gov.opm.scrd.entities.application.PaymentMoveUnitTests" name="test_getAccountHolderBirthdate" time="0.0" />
  <testcase classname="gov.opm.scrd.entities.application.PaymentMoveUnitTests" name="test_setAccountHolderBirthdate" time="0.0" />
  <testcase classname="gov.opm.scrd.entities.application.PaymentMoveUnitTests" name="test_getPreDepositAmount" time="0.0" />
  <testcase classname="gov.opm.scrd.entities.application.PaymentMoveUnitTests" name="test_setPreDepositAmount" time="0.0" />
  <testcase classname="gov.opm.scrd.entities.application.PaymentMoveUnitTests" name="test_getPreRedepositAmount" time="0.0" />
  <testcase classname="gov.opm.scrd.entities.application.PaymentMoveUnitTests" name="test_setPreRedepositAmount" time="0.0010" />
  <testcase classname="gov.opm.scrd.entities.application.PaymentMoveUnitTests" name="test_getPostDepositAmount" time="0.0" />
  <testcase classname="gov.opm.scrd.entities.application.PaymentMoveUnitTests" name="test_setPostDepositAmount" time="0.0010" />
  <testcase classname="gov.opm.scrd.entities.application.PaymentMoveUnitTests" name="test_getPostRedepositAmount" time="0.0" />
  <testcase classname="gov.opm.scrd.entities.application.PaymentMoveUnitTests" name="test_setPostRedepositAmount" time="0.0" />
  <testcase classname="gov.opm.scrd.entities.application.PaymentMoveUnitTests" name="test_getApprovalUser" time="0.0" />
  <testcase classname="gov.opm.scrd.entities.application.PaymentMoveUnitTests" name="test_setApprovalUser" time="0.0" />
  <testcase classname="gov.opm.scrd.entities.application.PaymentMoveUnitTests" name="test_getApprovalStatus" time="0.0" />
  <testcase classname="gov.opm.scrd.entities.application.PaymentMoveUnitTests" name="test_setApprovalStatus" time="0.0" />
  <testcase classname="gov.opm.scrd.entities.application.PaymentMoveUnitTests" name="test_getPaymentTransactionAmount" time="0.0" />
  <testcase classname="gov.opm.scrd.entities.application.PaymentMoveUnitTests" name="test_setPaymentTransactionAmount" time="0.0" />
  <testcase classname="gov.opm.scrd.entities.application.PaymentMoveUnitTests" name="test_getAdjustmentDate" time="0.0" />
  <testcase classname="gov.opm.scrd.entities.application.PaymentMoveUnitTests" name="test_setAdjustmentDate" time="0.0" />
  <testcase classname="gov.opm.scrd.entities.application.PendingPaymentUnitTests" name="testCtor" time="0.0010" />
  <testcase classname="gov.opm.scrd.entities.application.PendingPaymentUnitTests" name="test_toString" time="0.0020" />
  <testcase classname="gov.opm.scrd.entities.application.PendingPaymentUnitTests" name="test_getClaimNumber" time="0.0" />
  <testcase classname="gov.opm.scrd.entities.application.PendingPaymentUnitTests" name="test_setClaimNumber" time="0.0" />
  <testcase classname="gov.opm.scrd.entities.application.PendingPaymentUnitTests" name="test_getAccountStatus" time="0.0" />
  <testcase classname="gov.opm.scrd.entities.application.PendingPaymentUnitTests" name="test_setAccountStatus" time="0.0" />
  <testcase classname="gov.opm.scrd.entities.application.PendingPaymentUnitTests" name="test_getTransactionDate" time="0.0" />
  <testcase classname="gov.opm.scrd.entities.application.PendingPaymentUnitTests" name="test_setTransactionDate" time="0.0" />
  <testcase classname="gov.opm.scrd.entities.application.PendingPaymentUnitTests" name="test_getAmount" time="0.0010" />
  <testcase classname="gov.opm.scrd.entities.application.PendingPaymentUnitTests" name="test_setAmount" time="0.0" />
  <testcase classname="gov.opm.scrd.entities.application.PendingPaymentUnitTests" name="test_getPaymentId" time="0.0" />
  <testcase classname="gov.opm.scrd.entities.application.PendingPaymentUnitTests" name="test_setPaymentId" time="0.0" />
  <testcase classname="gov.opm.scrd.entities.application.PendingPaymentUnitTests" name="test_isApplyToGL" time="0.0010" />
  <testcase classname="gov.opm.scrd.entities.application.PendingPaymentUnitTests" name="test_setApplyToGL" time="0.0" />
  <testcase classname="gov.opm.scrd.entities.application.PendingPaymentUnitTests" name="test_getBatchNumber" time="0.0" />
  <testcase classname="gov.opm.scrd.entities.application.PendingPaymentUnitTests" name="test_setBatchNumber" time="0.0010" />
  <testcase classname="gov.opm.scrd.entities.application.PendingPaymentUnitTests" name="test_getBlockNumber" time="0.0" />
  <testcase classname="gov.opm.scrd.entities.application.PendingPaymentUnitTests" name="test_setBlockNumber" time="0.0" />
  <testcase classname="gov.opm.scrd.entities.application.PendingPaymentUnitTests" name="test_getSequenceNumber" time="0.0" />
  <testcase classname="gov.opm.scrd.entities.application.PendingPaymentUnitTests" name="test_setSequenceNumber" time="0.0" />
  <testcase classname="gov.opm.scrd.entities.application.PendingPaymentUnitTests" name="test_getPaymentStatus" time="0.0" />
  <testcase classname="gov.opm.scrd.entities.application.PendingPaymentUnitTests" name="test_setPaymentStatus" time="0.0" />
  <testcase classname="gov.opm.scrd.entities.application.PendingPaymentUnitTests" name="test_getAccountHolderBirthdate" time="0.0" />
  <testcase classname="gov.opm.scrd.entities.application.PendingPaymentUnitTests" name="test_setAccountHolderBirthdate" time="0.0" />
  <testcase classname="gov.opm.scrd.entities.application.PendingPaymentUnitTests" name="test_getStatusDate" time="0.0" />
  <testcase classname="gov.opm.scrd.entities.application.PendingPaymentUnitTests" name="test_setStatusDate" time="0.0" />
  <testcase classname="gov.opm.scrd.entities.application.PendingPaymentUnitTests" name="test_getApprovalUser" time="0.0" />
  <testcase classname="gov.opm.scrd.entities.application.PendingPaymentUnitTests" name="test_setApprovalUser" time="0.0" />
  <testcase classname="gov.opm.scrd.entities.application.PendingPaymentUnitTests" name="test_getApprovalStatus" time="0.0" />
  <testcase classname="gov.opm.scrd.entities.application.PendingPaymentUnitTests" name="test_setApprovalStatus" time="0.0" />
  <testcase classname="gov.opm.scrd.entities.application.SuspendedPaymentUnitTests" name="testCtor" time="0.0" />
  <testcase classname="gov.opm.scrd.entities.application.SuspendedPaymentUnitTests" name="test_toString" time="0.0020" />
  <testcase classname="gov.opm.scrd.entities.application.SuspendedPaymentUnitTests" name="test_getClaimNumber" time="0.0" />
  <testcase classname="gov.opm.scrd.entities.application.SuspendedPaymentUnitTests" name="test_setClaimNumber" time="0.0" />
  <testcase classname="gov.opm.scrd.entities.application.SuspendedPaymentUnitTests" name="test_getAccountStatus" time="0.0" />
  <testcase classname="gov.opm.scrd.entities.application.SuspendedPaymentUnitTests" name="test_setAccountStatus" time="0.0" />
  <testcase classname="gov.opm.scrd.entities.application.SuspendedPaymentUnitTests" name="test_getAccountBalance" time="0.0" />
  <testcase classname="gov.opm.scrd.entities.application.SuspendedPaymentUnitTests" name="test_setAccountBalance" time="0.0" />
  <testcase classname="gov.opm.scrd.entities.application.SuspendedPaymentUnitTests" name="test_getClaimantBirthdate" time="0.0" />
  <testcase classname="gov.opm.scrd.entities.application.SuspendedPaymentUnitTests" name="test_setClaimantBirthdate" time="0.0" />
  <testcase classname="gov.opm.scrd.entities.application.SuspendedPaymentUnitTests" name="test_getAmount" time="0.0" />
  <testcase classname="gov.opm.scrd.entities.application.SuspendedPaymentUnitTests" name="test_setAmount" time="0.0" />
  <testcase classname="gov.opm.scrd.entities.application.SuspendedPaymentUnitTests" name="test_getPaymentId" time="0.0" />
  <testcase classname="gov.opm.scrd.entities.application.SuspendedPaymentUnitTests" name="test_setPaymentId" time="0.0" />
  <testcase classname="gov.opm.scrd.entities.application.SuspendedPaymentUnitTests" name="test_getBatchNumber" time="0.0" />
  <testcase classname="gov.opm.scrd.entities.application.SuspendedPaymentUnitTests" name="test_setBatchNumber" time="0.0" />
  <testcase classname="gov.opm.scrd.entities.application.SuspendedPaymentUnitTests" name="test_getBlockNumber" time="0.0" />
  <testcase classname="gov.opm.scrd.entities.application.SuspendedPaymentUnitTests" name="test_setBlockNumber" time="0.0" />
  <testcase classname="gov.opm.scrd.entities.application.SuspendedPaymentUnitTests" name="test_getSequenceNumber" time="0.0010" />
  <testcase classname="gov.opm.scrd.entities.application.SuspendedPaymentUnitTests" name="test_setSequenceNumber" time="0.0" />
  <testcase classname="gov.opm.scrd.entities.application.SuspendedPaymentUnitTests" name="test_getPaymentStatus" time="0.0" />
  <testcase classname="gov.opm.scrd.entities.application.SuspendedPaymentUnitTests" name="test_setPaymentStatus" time="0.0" />
  <testcase classname="gov.opm.scrd.entities.application.SuspendedPaymentUnitTests" name="test_getDepositDate" time="0.0010" />
  <testcase classname="gov.opm.scrd.entities.application.SuspendedPaymentUnitTests" name="test_setDepositDate" time="0.0" />
  <testcase classname="gov.opm.scrd.entities.application.SuspendedPaymentUnitTests" name="test_getClaimant" time="0.0" />
  <testcase classname="gov.opm.scrd.entities.application.SuspendedPaymentUnitTests" name="test_setClaimant" time="0.0" />
  <testcase classname="gov.opm.scrd.entities.application.SuspendedPaymentUnitTests" name="test_isAch" time="0.0010" />
  <testcase classname="gov.opm.scrd.entities.application.SuspendedPaymentUnitTests" name="test_setAch" time="0.0" />
  <testcase classname="gov.opm.scrd.entities.application.SuspendedPaymentUnitTests" name="test_getMasterClaimNumber" time="0.0" />
  <testcase classname="gov.opm.scrd.entities.application.SuspendedPaymentUnitTests" name="test_setMasterClaimNumber" time="0.0" />
  <testcase classname="gov.opm.scrd.entities.application.SuspendedPaymentUnitTests" name="test_getMasterClaimantBirthdate" time="0.0010" />
  <testcase classname="gov.opm.scrd.entities.application.SuspendedPaymentUnitTests" name="test_setMasterClaimantBirthdate" time="0.0" />
  <testcase classname="gov.opm.scrd.entities.application.SuspendedPaymentUnitTests" name="test_getMasterAccountStatus" time="0.0" />
  <testcase classname="gov.opm.scrd.entities.application.SuspendedPaymentUnitTests" name="test_setMasterAccountStatus" time="0.0" />
  <testcase classname="gov.opm.scrd.entities.application.SuspendedPaymentUnitTests" name="test_getMasterAccountBalance" time="0.0" />
  <testcase classname="gov.opm.scrd.entities.application.SuspendedPaymentUnitTests" name="test_setMasterAccountBalance" time="0.0" />
  <testcase classname="gov.opm.scrd.entities.lookup.AgencyCodeUnitTests" name="testCtor" time="0.0" />
  <testcase classname="gov.opm.scrd.entities.lookup.ChangeTransFieldNumberCodeUnitTests" name="testCtor" time="0.0" />
  <testcase classname="gov.opm.scrd.entities.lookup.PayCodeUnitTests" name="testCtor" time="0.0010" />
  <testcase classname="gov.opm.scrd.entities.lookup.PaymentAppliedOrderUnitTests" name="testCtor" time="0.0" />
  <testcase classname="gov.opm.scrd.entities.lookup.AccountStatusUnitTests" name="testCtor" time="0.0" />
  <testcase classname="gov.opm.scrd.entities.lookup.AccountStatusUnitTests" name="test_getCategory" time="0.0" />
  <testcase classname="gov.opm.scrd.entities.lookup.AccountStatusUnitTests" name="test_setCategory" time="0.0" />
  <testcase classname="gov.opm.scrd.entities.lookup.ApplicationDesignationUnitTests" name="testCtor" time="0.0" />
  <testcase classname="gov.opm.scrd.entities.lookup.AppointmentTypeUnitTests" name="testCtor" time="0.0" />
  <testcase classname="gov.opm.scrd.entities.lookup.AppointmentTypeUnitTests" name="test_getDescription" time="0.0" />
  <testcase classname="gov.opm.scrd.entities.lookup.AppointmentTypeUnitTests" name="test_setDescription" time="0.0" />
  <testcase classname="gov.opm.scrd.entities.lookup.AppointmentTypeUnitTests" name="test_getCategory" time="0.0" />
  <testcase classname="gov.opm.scrd.entities.lookup.AppointmentTypeUnitTests" name="test_setCategory" time="0.0" />
  <testcase classname="gov.opm.scrd.entities.lookup.CalculationStatusUnitTests" name="testCtor" time="0.0" />
  <testcase classname="gov.opm.scrd.entities.lookup.ClaimOfficerUnitTests" name="testCtor" time="0.0" />
  <testcase classname="gov.opm.scrd.entities.lookup.CountryUnitTests" name="testCtor" time="0.0" />
  <testcase classname="gov.opm.scrd.entities.lookup.FormTypeUnitTests" name="testCtor" time="0.0" />
  <testcase classname="gov.opm.scrd.entities.lookup.PaymentReversalReasonUnitTests" name="testCtor" time="0.0" />
  <testcase classname="gov.opm.scrd.entities.lookup.PaymentStatusUnitTests" name="testCtor" time="0.0" />
  <testcase classname="gov.opm.scrd.entities.lookup.PayTypeUnitTests" name="testCtor" time="0.0" />
  <testcase classname="gov.opm.scrd.entities.lookup.PayTypeUnitTests" name="test_getDescription" time="0.0" />
  <testcase classname="gov.opm.scrd.entities.lookup.PayTypeUnitTests" name="test_setDescription" time="0.0" />
  <testcase classname="gov.opm.scrd.entities.lookup.PeriodTypeUnitTests" name="testCtor" time="0.0" />
  <testcase classname="gov.opm.scrd.entities.lookup.PeriodTypeUnitTests" name="test_getDescription" time="0.0" />
  <testcase classname="gov.opm.scrd.entities.lookup.PeriodTypeUnitTests" name="test_setDescription" time="0.0" />
  <testcase classname="gov.opm.scrd.entities.lookup.RetirementTypeUnitTests" name="testCtor" time="0.0" />
  <testcase classname="gov.opm.scrd.entities.lookup.RetirementTypeUnitTests" name="test_getDescription" time="0.0" />
  <testcase classname="gov.opm.scrd.entities.lookup.RetirementTypeUnitTests" name="test_setDescription" time="0.0" />
  <testcase classname="gov.opm.scrd.entities.lookup.RoleUnitTests" name="testCtor" time="0.0" />
  <testcase classname="gov.opm.scrd.entities.lookup.ServiceTypeUnitTests" name="testCtor" time="0.0" />
  <testcase classname="gov.opm.scrd.entities.lookup.ServiceTypeUnitTests" name="test_getFersDepositAllowedAfter88" time="0.0" />
  <testcase classname="gov.opm.scrd.entities.lookup.ServiceTypeUnitTests" name="test_setFersDepositAllowedAfter88" time="0.0" />
  <testcase classname="gov.opm.scrd.entities.lookup.StateUnitTests" name="testCtor" time="0.0" />
  <testcase classname="gov.opm.scrd.entities.lookup.StateUnitTests" name="test_getAbbreviation" time="0.0" />
  <testcase classname="gov.opm.scrd.entities.lookup.StateUnitTests" name="test_setAbbreviation" time="0.0" />
  <testcase classname="gov.opm.scrd.entities.lookup.SuffixUnitTests" name="testCtor" time="0.0" />
  <testcase classname="gov.opm.scrd.entities.lookup.TransferTypeUnitTests" name="testCtor" time="0.0" />
  <testcase classname="gov.opm.scrd.entities.lookup.UserStatusUnitTests" name="testCtor" time="0.0" />
  <testcase classname="gov.opm.scrd.services.OPMExceptionUnitTests" name="testInheritance" time="0.0" />
  <testcase classname="gov.opm.scrd.services.OPMExceptionUnitTests" name="testCtor1" time="0.0" />
  <testcase classname="gov.opm.scrd.services.OPMExceptionUnitTests" name="testCtor2" time="0.0" />
  <testcase classname="gov.opm.scrd.services.OPMExceptionUnitTests" name="testCtor3" time="0.0" />
  <testcase classname="gov.opm.scrd.services.OPMExceptionUnitTests" name="testCtor4" time="0.0" />
  <testcase classname="gov.opm.scrd.services.AuthorizationExceptionUnitTests" name="testInheritance" time="0.0" />
  <testcase classname="gov.opm.scrd.services.AuthorizationExceptionUnitTests" name="testCtor1" time="0.0010" />
  <testcase classname="gov.opm.scrd.services.AuthorizationExceptionUnitTests" name="testCtor2" time="0.0" />
  <testcase classname="gov.opm.scrd.services.AuthorizationExceptionUnitTests" name="testCtor3" time="0.0" />
  <testcase classname="gov.opm.scrd.services.AuthorizationExceptionUnitTests" name="testCtor4" time="0.0" />
  <testcase classname="gov.opm.scrd.services.EntityNotFoundExceptionUnitTests" name="testInheritance" time="0.0" />
  <testcase classname="gov.opm.scrd.services.EntityNotFoundExceptionUnitTests" name="testCtor1" time="0.0" />
  <testcase classname="gov.opm.scrd.services.EntityNotFoundExceptionUnitTests" name="testCtor2" time="0.0" />
  <testcase classname="gov.opm.scrd.services.EntityNotFoundExceptionUnitTests" name="testCtor3" time="0.0" />
  <testcase classname="gov.opm.scrd.services.EntityNotFoundExceptionUnitTests" name="testCtor4" time="0.0" />
  <testcase classname="gov.opm.scrd.services.OPMConfigurationExceptionUnitTests" name="testInheritance" time="0.0" />
  <testcase classname="gov.opm.scrd.services.OPMConfigurationExceptionUnitTests" name="testCtor1" time="0.0" />
  <testcase classname="gov.opm.scrd.services.OPMConfigurationExceptionUnitTests" name="testCtor2" time="0.0" />
  <testcase classname="gov.opm.scrd.services.OPMConfigurationExceptionUnitTests" name="testCtor3" time="0.0" />
  <testcase classname="gov.opm.scrd.services.OPMConfigurationExceptionUnitTests" name="testCtor4" time="0.0" />
  <testcase classname="gov.opm.scrd.migration.OPMMigrationExceptionUnitTests" name="testInheritance" time="0.0" />
  <testcase classname="gov.opm.scrd.migration.OPMMigrationExceptionUnitTests" name="testCtor1" time="0.0" />
  <testcase classname="gov.opm.scrd.migration.OPMMigrationExceptionUnitTests" name="testCtor2" time="0.0" />
  <testcase classname="gov.opm.scrd.migration.OPMMigrationExceptionUnitTests" name="testCtor3" time="0.0" />
  <testcase classname="gov.opm.scrd.migration.OPMMigrationExceptionUnitTests" name="testCtor4" time="0.0" />
  <system-out><![CDATA[Hibernate: DELETE FROM opm.batch_daily_payments
Hibernate: DELETE FROM opm.audit_batch
Hibernate: DELETE FROM opm.new_claim_number
Hibernate: DELETE FROM opm.annuitant_list
Hibernate: DELETE FROM opm.time_factor
Hibernate: DELETE FROM opm.contact_info
Hibernate: DELETE FROM opm.interest_suppression
Hibernate: DELETE FROM opm.gl_payment_type
Hibernate: DELETE FROM opm.scm_first_insert
Hibernate: DELETE FROM opm.holiday
Hibernate: DELETE FROM opm.deduction_rate
Hibernate: DELETE FROM opm.interest_grace_period
Hibernate: DELETE FROM opm.gl_code
Hibernate: DELETE FROM opm.claim_without_service
Hibernate: DELETE FROM opm.payment_transaction_note
Hibernate: DELETE FROM opm.payment_move_transaction
Hibernate: DELETE FROM opm.interest_rate
Hibernate: DELETE FROM opm.payment_interest_detail
Hibernate: DELETE FROM opm.adjustment_transaction
Hibernate: DELETE FROM opm.invoice
Hibernate: DELETE FROM opm.a01_print_suppression_case
Hibernate: DELETE FROM opm.user_account_assignment
Hibernate: DELETE FROM opm.payment_refund_link
Hibernate: DELETE FROM opm.role_permission
Hibernate: DELETE FROM opm.user_permission
Hibernate: DELETE FROM opm.service_credit_preference
Hibernate: DELETE FROM opm.account_confirmation_validation_entry
Hibernate: DELETE FROM opm.payment_reverse
Hibernate: DELETE FROM opm.payment
Hibernate: DELETE FROM opm.pay_trans_status_code
Hibernate: DELETE FROM opm.payments_applied_order_code
Hibernate: DELETE FROM opm.printout
Hibernate: DELETE FROM opm.related_help_items
Hibernate: DELETE FROM opm.help_item
Hibernate: DELETE FROM opm.notification_READBY
Hibernate: DELETE FROM opm.date_calculation_data
Hibernate: DELETE FROM opm.refund_transaction
Hibernate: DELETE FROM opm.audit_parameter_record
Hibernate: DELETE FROM opm.audit_record
Hibernate: DELETE FROM opm.dedeposit
Hibernate: DELETE FROM opm.redeposit
Hibernate: DELETE FROM opm.calculation_result_item
Hibernate: DELETE FROM opm.calculation
Hibernate: DELETE FROM opm.fers_redeposit
Hibernate: DELETE FROM opm.fers_deposit
Hibernate: DELETE FROM opm.calculation_version
Hibernate: DELETE FROM opm.calculation_result
Hibernate: DELETE FROM opm.summary_data
Hibernate: DELETE FROM opm.billing
Hibernate: DELETE FROM opm.account_note
Hibernate: DELETE FROM opm.account
Hibernate: DELETE FROM opm.account_confirmation_validation
Hibernate: DELETE FROM opm.billing_summary
Hibernate: DELETE FROM opm.account_holder
Hibernate: DELETE FROM opm.address
Hibernate: DELETE FROM opm.error
Hibernate: DELETE FROM opm.info
Hibernate: DELETE FROM opm.notification
Hibernate: DELETE FROM opm.app_user
Hibernate: DELETE FROM opm.batch_daily_payments_history
Hibernate: DELETE FROM opm.audit_batch_history
Hibernate: DELETE FROM opm.new_claim_number_history
Hibernate: DELETE FROM opm.annuitant_list_history
Hibernate: DELETE FROM opm.time_factor_history
Hibernate: DELETE FROM opm.contact_info_history
Hibernate: DELETE FROM opm.interest_suppression_history
Hibernate: DELETE FROM opm.gl_payment_type_history
Hibernate: DELETE FROM opm.scm_first_insert_history
Hibernate: DELETE FROM opm.holiday_history
Hibernate: DELETE FROM opm.deduction_rate_history
Hibernate: DELETE FROM opm.interest_grace_period_history
Hibernate: DELETE FROM opm.gl_code_history
Hibernate: DELETE FROM opm.claim_without_service_history
Hibernate: DELETE FROM opm.payment_transaction_note_history
Hibernate: DELETE FROM opm.payment_move_transaction_history
Hibernate: DELETE FROM opm.interest_rate_history
Hibernate: DELETE FROM opm.payment_interest_detail_history
Hibernate: DELETE FROM opm.adjustment_transaction_history
Hibernate: DELETE FROM opm.invoice_history
Hibernate: DELETE FROM opm.a01_print_suppression_case_history
Hibernate: DELETE FROM opm.user_account_assignment_history
Hibernate: DELETE FROM opm.payment_refund_link_history
Hibernate: DELETE FROM opm.payments_applied_order_code_history
Hibernate: DELETE FROM opm.service_credit_preference_history
Hibernate: DELETE FROM opm.account_confirmation_validation_entry_history
Hibernate: DELETE FROM opm.account_confirmation_validation_history
Hibernate: DELETE FROM opm.payment_reverse_history
Hibernate: DELETE FROM opm.payment_history
Hibernate: DELETE FROM opm.pay_trans_status_code_history
Hibernate: DELETE FROM opm.notification_READBY_history
Hibernate: DELETE FROM opm.refund_transaction_history
Hibernate: DELETE FROM opm.summary_data_history
Hibernate: DELETE FROM opm.dedeposit_history
Hibernate: DELETE FROM opm.redeposit_history
Hibernate: DELETE FROM opm.calculation_result_item_history
Hibernate: DELETE FROM opm.calculation_result_history
Hibernate: DELETE FROM opm.calculation_history
Hibernate: DELETE FROM opm.fers_redeposit_history
Hibernate: DELETE FROM opm.fers_deposit_history
Hibernate: DELETE FROM opm.calculation_version_history
Hibernate: DELETE FROM opm.billing_history
Hibernate: DELETE FROM opm.billing_summary_history
Hibernate: DELETE FROM opm.account_note_history
Hibernate: DELETE FROM opm.address_history
Hibernate: DELETE FROM opm.account_history
Hibernate: DELETE FROM opm.account_holder_history
Hibernate: DELETE FROM opm.error_history
Hibernate: DELETE FROM opm.info_history
Hibernate: DELETE FROM opm.notification_history
Hibernate: DELETE FROM opm.app_user_history
Hibernate: DELETE FROM opm.change_trans_field_number_code
Hibernate: DELETE FROM opm.pay_code
Hibernate: DELETE FROM opm.payment_applied_order
Hibernate: DELETE FROM opm.agency_code
Hibernate: DELETE FROM opm.calculation_status
Hibernate: DELETE FROM opm.transfer_type
Hibernate: DELETE FROM opm.user_status
Hibernate: DELETE FROM opm.claim_officer
Hibernate: DELETE FROM opm.payment_status
Hibernate: DELETE FROM opm.application_designation
Hibernate: DELETE FROM opm.payment_reversal_reason
Hibernate: DELETE FROM opm.pay_type
Hibernate: DELETE FROM opm.appointment_type
Hibernate: DELETE FROM opm.role
Hibernate: DELETE FROM opm.service_type
Hibernate: DELETE FROM opm.retirement_type
Hibernate: DELETE FROM opm.account_status
Hibernate: DELETE FROM opm.country
Hibernate: DELETE FROM opm.state
Hibernate: DELETE FROM opm.period_type
Hibernate: DELETE FROM opm.suffix
Hibernate: DELETE FROM opm.form_type
Hibernate: insert into opm.gl_payment_type (deleted, code_description, payment_code) values (?, ?, ?)
Hibernate: select glpaymentt0_.id as id1_37_0_, glpaymentt0_.deleted as deleted2_37_0_, glpaymentt0_.code_description as code3_37_0_, glpaymentt0_.payment_code as payment4_37_0_ from opm.gl_payment_type glpaymentt0_ where glpaymentt0_.id=?
Hibernate: insert into opm.gl_payment_type (deleted, code_description, payment_code) values (?, ?, ?)
Hibernate: select glpaymentt0_.id as id1_37_0_, glpaymentt0_.deleted as deleted2_37_0_, glpaymentt0_.code_description as code3_37_0_, glpaymentt0_.payment_code as payment4_37_0_ from opm.gl_payment_type glpaymentt0_ where glpaymentt0_.id=?
Currently processed entity: GLPaymentType, records count: 2
Progress (processed records/total records): 2/90
Hibernate: insert into opm.retirement_type (deleted, name, display_order, description) values (?, ?, ?, ?)
Hibernate: select retirement0_.id as id1_66_0_, retirement0_.deleted as deleted2_66_0_, retirement0_.name as name3_66_0_, retirement0_.display_order as display4_66_0_, retirement0_.description as descript5_66_0_ from opm.retirement_type retirement0_ where retirement0_.id=?
Hibernate: insert into opm.retirement_type (deleted, name, display_order, description) values (?, ?, ?, ?)
Hibernate: select retirement0_.id as id1_66_0_, retirement0_.deleted as deleted2_66_0_, retirement0_.name as name3_66_0_, retirement0_.display_order as display4_66_0_, retirement0_.description as descript5_66_0_ from opm.retirement_type retirement0_ where retirement0_.id=?
Currently processed entity: RetirementType, records count: 2
Progress (processed records/total records): 4/90
Hibernate: insert into opm.gl_code (deleted, code, name, payment_type, post_office, retirement_type_id) values (?, ?, ?, ?, ?, ?)
Hibernate: select glcode0_.id as id1_36_0_, glcode0_.deleted as deleted2_36_0_, glcode0_.code as code3_36_0_, glcode0_.name as name4_36_0_, glcode0_.payment_type as payment5_36_0_, glcode0_.post_office as post6_36_0_, glcode0_.retirement_type_id as retireme7_36_0_ from opm.gl_code glcode0_ where glcode0_.id=?
Hibernate: insert into opm.gl_code (deleted, code, name, payment_type, post_office, retirement_type_id) values (?, ?, ?, ?, ?, ?)
Hibernate: select glcode0_.id as id1_36_0_, glcode0_.deleted as deleted2_36_0_, glcode0_.code as code3_36_0_, glcode0_.name as name4_36_0_, glcode0_.payment_type as payment5_36_0_, glcode0_.post_office as post6_36_0_, glcode0_.retirement_type_id as retireme7_36_0_ from opm.gl_code glcode0_ where glcode0_.id=?
Currently processed entity: GLCode, records count: 2
Progress (processed records/total records): 6/90
Hibernate: insert into opm.interest_rate (deleted, interest_rate, interest_year) values (?, ?, ?)
Hibernate: select interestra0_.id as id1_42_0_, interestra0_.deleted as deleted2_42_0_, interestra0_.interest_rate as interest3_42_0_, interestra0_.interest_year as interest4_42_0_ from opm.interest_rate interestra0_ where interestra0_.id=?
Hibernate: insert into opm.interest_rate (deleted, interest_rate, interest_year) values (?, ?, ?)
Hibernate: select interestra0_.id as id1_42_0_, interestra0_.deleted as deleted2_42_0_, interestra0_.interest_rate as interest3_42_0_, interestra0_.interest_year as interest4_42_0_ from opm.interest_rate interestra0_ where interestra0_.id=?
Currently processed entity: InterestRate, records count: 2
Progress (processed records/total records): 8/90
Hibernate: insert into opm.interest_suppression (deleted, claim_number, fers_deposit, post_982_deposit, post_982_redeposit, pre_1082_deposit, pre_1082_redeposit) values (?, ?, ?, ?, ?, ?, ?)
Hibernate: select interestsu0_.id as id1_43_0_, interestsu0_.deleted as deleted2_43_0_, interestsu0_.claim_number as claim3_43_0_, interestsu0_.fers_deposit as fers4_43_0_, interestsu0_.post_982_deposit as post5_43_0_, interestsu0_.post_982_redeposit as post6_43_0_, interestsu0_.pre_1082_deposit as pre7_43_0_, interestsu0_.pre_1082_redeposit as pre8_43_0_ from opm.interest_suppression interestsu0_ where interestsu0_.id=?
Hibernate: insert into opm.interest_suppression (deleted, claim_number, fers_deposit, post_982_deposit, post_982_redeposit, pre_1082_deposit, pre_1082_redeposit) values (?, ?, ?, ?, ?, ?, ?)
Hibernate: select interestsu0_.id as id1_43_0_, interestsu0_.deleted as deleted2_43_0_, interestsu0_.claim_number as claim3_43_0_, interestsu0_.fers_deposit as fers4_43_0_, interestsu0_.post_982_deposit as post5_43_0_, interestsu0_.post_982_redeposit as post6_43_0_, interestsu0_.pre_1082_deposit as pre7_43_0_, interestsu0_.pre_1082_redeposit as pre8_43_0_ from opm.interest_suppression interestsu0_ where interestsu0_.id=?
Currently processed entity: InterestSuppression, records count: 2
Progress (processed records/total records): 10/90
Hibernate: insert into opm.deduction_rate (deleted, days_in_period, deduction_conversion_factor, end_date, rate, retirement_type_id, service_type, service_type_description, start_date) values (?, ?, ?, ?, ?, ?, ?, ?, ?)
Hibernate: select deductionr0_.id as id1_31_0_, deductionr0_.deleted as deleted2_31_0_, deductionr0_.days_in_period as days3_31_0_, deductionr0_.deduction_conversion_factor as deductio4_31_0_, deductionr0_.end_date as end5_31_0_, deductionr0_.rate as rate6_31_0_, deductionr0_.retirement_type_id as retirem10_31_0_, deductionr0_.service_type as service7_31_0_, deductionr0_.service_type_description as service8_31_0_, deductionr0_.start_date as start9_31_0_ from opm.deduction_rate deductionr0_ where deductionr0_.id=?
Hibernate: insert into opm.deduction_rate (deleted, days_in_period, deduction_conversion_factor, end_date, rate, retirement_type_id, service_type, service_type_description, start_date) values (?, ?, ?, ?, ?, ?, ?, ?, ?)
Hibernate: select deductionr0_.id as id1_31_0_, deductionr0_.deleted as deleted2_31_0_, deductionr0_.days_in_period as days3_31_0_, deductionr0_.deduction_conversion_factor as deductio4_31_0_, deductionr0_.end_date as end5_31_0_, deductionr0_.rate as rate6_31_0_, deductionr0_.retirement_type_id as retirem10_31_0_, deductionr0_.service_type as service7_31_0_, deductionr0_.service_type_description as service8_31_0_, deductionr0_.start_date as start9_31_0_ from opm.deduction_rate deductionr0_ where deductionr0_.id=?
Currently processed entity: DeductionRate, records count: 2
Progress (processed records/total records): 12/90
Hibernate: insert into opm.pay_code (deleted, name, description) values (?, ?, ?)
Hibernate: select paycode0_.id as id1_48_0_, paycode0_.deleted as deleted2_48_0_, paycode0_.name as name3_48_0_, paycode0_.description as descript4_48_0_ from opm.pay_code paycode0_ where paycode0_.id=?
Hibernate: insert into opm.pay_code (deleted, name, description) values (?, ?, ?)
Hibernate: select paycode0_.id as id1_48_0_, paycode0_.deleted as deleted2_48_0_, paycode0_.name as name3_48_0_, paycode0_.description as descript4_48_0_ from opm.pay_code paycode0_ where paycode0_.id=?
Currently processed entity: PayCode, records count: 2
Progress (processed records/total records): 14/90
Hibernate: insert into opm.payment_applied_order (deleted, name, display_order) values (?, ?, ?)
Hibernate: select paymentapp0_.id as id1_52_0_, paymentapp0_.deleted as deleted2_52_0_, paymentapp0_.name as name3_52_0_, paymentapp0_.display_order as display4_52_0_ from opm.payment_applied_order paymentapp0_ where paymentapp0_.id=?
Hibernate: insert into opm.payment_applied_order (deleted, name, display_order) values (?, ?, ?)
Hibernate: select paymentapp0_.id as id1_52_0_, paymentapp0_.deleted as deleted2_52_0_, paymentapp0_.name as name3_52_0_, paymentapp0_.display_order as display4_52_0_ from opm.payment_applied_order paymentapp0_ where paymentapp0_.id=?
Currently processed entity: PaymentAppliedOrder, records count: 2
Progress (processed records/total records): 16/90
Hibernate: insert into opm.agency_code (deleted, name, display_order) values (?, ?, ?)
Hibernate: select agencycode0_.id as id1_9_0_, agencycode0_.deleted as deleted2_9_0_, agencycode0_.name as name3_9_0_, agencycode0_.display_order as display4_9_0_ from opm.agency_code agencycode0_ where agencycode0_.id=?
Hibernate: insert into opm.agency_code (deleted, name, display_order) values (?, ?, ?)
Hibernate: select agencycode0_.id as id1_9_0_, agencycode0_.deleted as deleted2_9_0_, agencycode0_.name as name3_9_0_, agencycode0_.display_order as display4_9_0_ from opm.agency_code agencycode0_ where agencycode0_.id=?
Currently processed entity: AgencyCode, records count: 2
Progress (processed records/total records): 18/90
Hibernate: insert into opm.interest_grace_period (deleted, claim_number, fers_deposit, post_982_deposit, post_982_redeposit, pre_1082_deposit, pre_1082_redeposit) values (?, ?, ?, ?, ?, ?, ?)
Hibernate: select interestgr0_.id as id1_41_0_, interestgr0_.deleted as deleted2_41_0_, interestgr0_.claim_number as claim3_41_0_, interestgr0_.fers_deposit as fers4_41_0_, interestgr0_.post_982_deposit as post5_41_0_, interestgr0_.post_982_redeposit as post6_41_0_, interestgr0_.pre_1082_deposit as pre7_41_0_, interestgr0_.pre_1082_redeposit as pre8_41_0_ from opm.interest_grace_period interestgr0_ where interestgr0_.id=?
Hibernate: insert into opm.interest_grace_period (deleted, claim_number, fers_deposit, post_982_deposit, post_982_redeposit, pre_1082_deposit, pre_1082_redeposit) values (?, ?, ?, ?, ?, ?, ?)
Hibernate: select interestgr0_.id as id1_41_0_, interestgr0_.deleted as deleted2_41_0_, interestgr0_.claim_number as claim3_41_0_, interestgr0_.fers_deposit as fers4_41_0_, interestgr0_.post_982_deposit as post5_41_0_, interestgr0_.post_982_redeposit as post6_41_0_, interestgr0_.pre_1082_deposit as pre7_41_0_, interestgr0_.pre_1082_redeposit as pre8_41_0_ from opm.interest_grace_period interestgr0_ where interestgr0_.id=?
Currently processed entity: InterestGracePeriod, records count: 2
Progress (processed records/total records): 20/90
Hibernate: insert into opm.pay_trans_status_code (deleted, balanced_scorecard, batch_processing_order, can_hit_gl, category, deletable, description, display_order, final_state, include_in_balance, manual_entered, needs_approval, next_state_link, nightly_batch, reversable, reversing_type, send_to_dbts, show_on_suspense, suspense_action) values (?, ?, ?, ?, ?, ?, ?, ?, ?, ?, ?, ?, ?, ?, ?, ?, ?, ?, ?)
Hibernate: select paytransst0_.id as id1_49_0_, paytransst0_.deleted as deleted2_49_0_, paytransst0_.balanced_scorecard as balanced3_49_0_, paytransst0_.batch_processing_order as batch4_49_0_, paytransst0_.can_hit_gl as can5_49_0_, paytransst0_.category as category6_49_0_, paytransst0_.deletable as deletabl7_49_0_, paytransst0_.description as descript8_49_0_, paytransst0_.display_order as display9_49_0_, paytransst0_.final_state as final10_49_0_, paytransst0_.include_in_balance as include11_49_0_, paytransst0_.manual_entered as manual12_49_0_, paytransst0_.needs_approval as needs13_49_0_, paytransst0_.next_state_link as next14_49_0_, paytransst0_.nightly_batch as nightly15_49_0_, paytransst0_.reversable as reversa16_49_0_, paytransst0_.reversing_type as reversi17_49_0_, paytransst0_.send_to_dbts as send18_49_0_, paytransst0_.show_on_suspense as show19_49_0_, paytransst0_.suspense_action as suspens20_49_0_ from opm.pay_trans_status_code paytransst0_ where paytransst0_.id=?
Hibernate: insert into opm.pay_trans_status_code (deleted, balanced_scorecard, batch_processing_order, can_hit_gl, category, deletable, description, display_order, final_state, include_in_balance, manual_entered, needs_approval, next_state_link, nightly_batch, reversable, reversing_type, send_to_dbts, show_on_suspense, suspense_action) values (?, ?, ?, ?, ?, ?, ?, ?, ?, ?, ?, ?, ?, ?, ?, ?, ?, ?, ?)
Hibernate: select paytransst0_.id as id1_49_0_, paytransst0_.deleted as deleted2_49_0_, paytransst0_.balanced_scorecard as balanced3_49_0_, paytransst0_.batch_processing_order as batch4_49_0_, paytransst0_.can_hit_gl as can5_49_0_, paytransst0_.category as category6_49_0_, paytransst0_.deletable as deletabl7_49_0_, paytransst0_.description as descript8_49_0_, paytransst0_.display_order as display9_49_0_, paytransst0_.final_state as final10_49_0_, paytransst0_.include_in_balance as include11_49_0_, paytransst0_.manual_entered as manual12_49_0_, paytransst0_.needs_approval as needs13_49_0_, paytransst0_.next_state_link as next14_49_0_, paytransst0_.nightly_batch as nightly15_49_0_, paytransst0_.reversable as reversa16_49_0_, paytransst0_.reversing_type as reversi17_49_0_, paytransst0_.send_to_dbts as send18_49_0_, paytransst0_.show_on_suspense as show19_49_0_, paytransst0_.suspense_action as suspens20_49_0_ from opm.pay_trans_status_code paytransst0_ where paytransst0_.id=?
Currently processed entity: PayTransStatusCode, records count: 2
Progress (processed records/total records): 22/90
Hibernate: insert into opm.change_trans_field_number_code (deleted, name, description) values (?, ?, ?)
Hibernate: select changetran0_.id as id1_25_0_, changetran0_.deleted as deleted2_25_0_, changetran0_.name as name3_25_0_, changetran0_.description as descript4_25_0_ from opm.change_trans_field_number_code changetran0_ where changetran0_.id=?
Hibernate: insert into opm.change_trans_field_number_code (deleted, name, description) values (?, ?, ?)
Hibernate: select changetran0_.id as id1_25_0_, changetran0_.deleted as deleted2_25_0_, changetran0_.name as name3_25_0_, changetran0_.description as descript4_25_0_ from opm.change_trans_field_number_code changetran0_ where changetran0_.id=?
Currently processed entity: ChangeTransFieldNumberCode, records count: 2
Progress (processed records/total records): 24/90
Hibernate: insert into opm.user_status (deleted, name) values (?, ?)
Hibernate: select userstatus0_.id as id1_79_0_, userstatus0_.deleted as deleted2_79_0_, userstatus0_.name as name3_79_0_ from opm.user_status userstatus0_ where userstatus0_.id=?
Hibernate: insert into opm.user_status (deleted, name) values (?, ?)
Hibernate: select userstatus0_.id as id1_79_0_, userstatus0_.deleted as deleted2_79_0_, userstatus0_.name as name3_79_0_ from opm.user_status userstatus0_ where userstatus0_.id=?
Currently processed entity: UserStatus, records count: 2
Progress (processed records/total records): 26/90
Hibernate: insert into opm.account_status (deleted, name, display_order, status_category) values (?, ?, ?, ?)
Hibernate: select accountsta0_.id as id1_6_0_, accountsta0_.deleted as deleted2_6_0_, accountsta0_.name as name3_6_0_, accountsta0_.display_order as display4_6_0_, accountsta0_.status_category as status5_6_0_ from opm.account_status accountsta0_ where accountsta0_.id=?
Hibernate: insert into opm.account_status (deleted, name, display_order, status_category) values (?, ?, ?, ?)
Hibernate: select accountsta0_.id as id1_6_0_, accountsta0_.deleted as deleted2_6_0_, accountsta0_.name as name3_6_0_, accountsta0_.display_order as display4_6_0_, accountsta0_.status_category as status5_6_0_ from opm.account_status accountsta0_ where accountsta0_.id=?
Currently processed entity: AccountStatus, records count: 2
Progress (processed records/total records): 28/90
Hibernate: insert into opm.service_type (deleted, name, display_order, fers_deposit_allowed_after_88) values (?, ?, ?, ?)
Hibernate: select servicetyp0_.id as id1_71_0_, servicetyp0_.deleted as deleted2_71_0_, servicetyp0_.name as name3_71_0_, servicetyp0_.display_order as display4_71_0_, servicetyp0_.fers_deposit_allowed_after_88 as fers5_71_0_ from opm.service_type servicetyp0_ where servicetyp0_.id=?
Hibernate: insert into opm.service_type (deleted, name, display_order, fers_deposit_allowed_after_88) values (?, ?, ?, ?)
Hibernate: select servicetyp0_.id as id1_71_0_, servicetyp0_.deleted as deleted2_71_0_, servicetyp0_.name as name3_71_0_, servicetyp0_.display_order as display4_71_0_, servicetyp0_.fers_deposit_allowed_after_88 as fers5_71_0_ from opm.service_type servicetyp0_ where servicetyp0_.id=?
Currently processed entity: ServiceType, records count: 2
Progress (processed records/total records): 30/90
Hibernate: insert into opm.pay_type (deleted, name, display_order, description) values (?, ?, ?, ?)
Hibernate: select paytype0_.id as id1_50_0_, paytype0_.deleted as deleted2_50_0_, paytype0_.name as name3_50_0_, paytype0_.display_order as display4_50_0_, paytype0_.description as descript5_50_0_ from opm.pay_type paytype0_ where paytype0_.id=?
Hibernate: insert into opm.pay_type (deleted, name, display_order, description) values (?, ?, ?, ?)
Hibernate: select paytype0_.id as id1_50_0_, paytype0_.deleted as deleted2_50_0_, paytype0_.name as name3_50_0_, paytype0_.display_order as display4_50_0_, paytype0_.description as descript5_50_0_ from opm.pay_type paytype0_ where paytype0_.id=?
Currently processed entity: PayType, records count: 2
Progress (processed records/total records): 32/90
Hibernate: insert into opm.appointment_type (deleted, name, display_order, type_category, description) values (?, ?, ?, ?, ?)
Hibernate: select appointmen0_.id as id1_13_0_, appointmen0_.deleted as deleted2_13_0_, appointmen0_.name as name3_13_0_, appointmen0_.display_order as display4_13_0_, appointmen0_.type_category as type5_13_0_, appointmen0_.description as descript6_13_0_ from opm.appointment_type appointmen0_ where appointmen0_.id=?
Hibernate: insert into opm.appointment_type (deleted, name, display_order, type_category, description) values (?, ?, ?, ?, ?)
Hibernate: select appointmen0_.id as id1_13_0_, appointmen0_.deleted as deleted2_13_0_, appointmen0_.name as name3_13_0_, appointmen0_.display_order as display4_13_0_, appointmen0_.type_category as type5_13_0_, appointmen0_.description as descript6_13_0_ from opm.appointment_type appointmen0_ where appointmen0_.id=?
Currently processed entity: AppointmentType, records count: 2
Progress (processed records/total records): 34/90
Hibernate: insert into opm.period_type (deleted, name, display_order, description) values (?, ?, ?, ?)
Hibernate: select periodtype0_.id as id1_61_0_, periodtype0_.deleted as deleted2_61_0_, periodtype0_.name as name3_61_0_, periodtype0_.display_order as display4_61_0_, periodtype0_.description as descript5_61_0_ from opm.period_type periodtype0_ where periodtype0_.id=?
Hibernate: insert into opm.period_type (deleted, name, display_order, description) values (?, ?, ?, ?)
Hibernate: select periodtype0_.id as id1_61_0_, periodtype0_.deleted as deleted2_61_0_, periodtype0_.name as name3_61_0_, periodtype0_.display_order as display4_61_0_, periodtype0_.description as descript5_61_0_ from opm.period_type periodtype0_ where periodtype0_.id=?
Currently processed entity: PeriodType, records count: 2
Progress (processed records/total records): 36/90
Hibernate: insert into opm.annuitant_list (deleted, claim_number) values (?, ?)
Hibernate: select annuitantl0_.id as id1_10_0_, annuitantl0_.deleted as deleted2_10_0_, annuitantl0_.claim_number as claim3_10_0_ from opm.annuitant_list annuitantl0_ where annuitantl0_.id=?
Hibernate: insert into opm.annuitant_list (deleted, claim_number) values (?, ?)
Hibernate: select annuitantl0_.id as id1_10_0_, annuitantl0_.deleted as deleted2_10_0_, annuitantl0_.claim_number as claim3_10_0_ from opm.annuitant_list annuitantl0_ where annuitantl0_.id=?
Currently processed entity: AnnuitantList, records count: 2
Progress (processed records/total records): 38/90
Hibernate: insert into opm.state (deleted, name, abbreviation) values (?, ?, ?)
Hibernate: select state0_.id as id1_72_0_, state0_.deleted as deleted2_72_0_, state0_.name as name3_72_0_, state0_.abbreviation as abbrevia4_72_0_ from opm.state state0_ where state0_.id=?
Hibernate: insert into opm.state (deleted, name, abbreviation) values (?, ?, ?)
Hibernate: select state0_.id as id1_72_0_, state0_.deleted as deleted2_72_0_, state0_.name as name3_72_0_, state0_.abbreviation as abbrevia4_72_0_ from opm.state state0_ where state0_.id=?
Currently processed entity: State, records count: 2
Progress (processed records/total records): 40/90
Hibernate: insert into opm.new_claim_number (deleted, claim_number) values (?, ?)
Hibernate: select newclaimnu0_.id as id1_45_0_, newclaimnu0_.deleted as deleted2_45_0_, newclaimnu0_.claim_number as claim3_45_0_ from opm.new_claim_number newclaimnu0_ where newclaimnu0_.id=?
Hibernate: insert into opm.new_claim_number (deleted, claim_number) values (?, ?)
Hibernate: select newclaimnu0_.id as id1_45_0_, newclaimnu0_.deleted as deleted2_45_0_, newclaimnu0_.claim_number as claim3_45_0_ from opm.new_claim_number newclaimnu0_ where newclaimnu0_.id=?
Currently processed entity: NewClaimNumber, records count: 2
Progress (processed records/total records): 42/90
Hibernate: insert into opm.suffix (deleted, name) values (?, ?)
Hibernate: select suffix0_.id as id1_73_0_, suffix0_.deleted as deleted2_73_0_, suffix0_.name as name3_73_0_ from opm.suffix suffix0_ where suffix0_.id=?
Hibernate: insert into opm.suffix (deleted, name) values (?, ?)
Hibernate: select suffix0_.id as id1_73_0_, suffix0_.deleted as deleted2_73_0_, suffix0_.name as name3_73_0_ from opm.suffix suffix0_ where suffix0_.id=?
Currently processed entity: Suffix, records count: 2
Progress (processed records/total records): 44/90
Hibernate: insert into opm.holiday (deleted, day_of_month, exact_date, holiday, holiday_id, month_number, week_day, week_of_month) values (?, ?, ?, ?, ?, ?, ?, ?)
Hibernate: select holiday0_.id as id1_39_0_, holiday0_.deleted as deleted2_39_0_, holiday0_.day_of_month as day3_39_0_, holiday0_.exact_date as exact4_39_0_, holiday0_.holiday as holiday5_39_0_, holiday0_.holiday_id as holiday6_39_0_, holiday0_.month_number as month7_39_0_, holiday0_.week_day as week8_39_0_, holiday0_.week_of_month as week9_39_0_ from opm.holiday holiday0_ where holiday0_.id=?
Hibernate: insert into opm.holiday (deleted, day_of_month, exact_date, holiday, holiday_id, month_number, week_day, week_of_month) values (?, ?, ?, ?, ?, ?, ?, ?)
Hibernate: select holiday0_.id as id1_39_0_, holiday0_.deleted as deleted2_39_0_, holiday0_.day_of_month as day3_39_0_, holiday0_.exact_date as exact4_39_0_, holiday0_.holiday as holiday5_39_0_, holiday0_.holiday_id as holiday6_39_0_, holiday0_.month_number as month7_39_0_, holiday0_.week_day as week8_39_0_, holiday0_.week_of_month as week9_39_0_ from opm.holiday holiday0_ where holiday0_.id=?
Currently processed entity: Holiday, records count: 2
Progress (processed records/total records): 46/90
Hibernate: insert into opm.claim_without_service (deleted, claim_number, date_of_birth) values (?, ?, ?)
Hibernate: select claimwitho0_.id as id1_27_0_, claimwitho0_.deleted as deleted2_27_0_, claimwitho0_.claim_number as claim3_27_0_, claimwitho0_.date_of_birth as date4_27_0_ from opm.claim_without_service claimwitho0_ where claimwitho0_.id=?
Hibernate: insert into opm.claim_without_service (deleted, claim_number, date_of_birth) values (?, ?, ?)
Hibernate: select claimwitho0_.id as id1_27_0_, claimwitho0_.deleted as deleted2_27_0_, claimwitho0_.claim_number as claim3_27_0_, claimwitho0_.date_of_birth as date4_27_0_ from opm.claim_without_service claimwitho0_ where claimwitho0_.id=?
Currently processed entity: ClaimWithoutService, records count: 2
Progress (processed records/total records): 48/90
Hibernate: insert into opm.scm_first_insert (deleted, claim_number, last_action) values (?, ?, ?)
Hibernate: select scmfirstin0_.id as id1_69_0_, scmfirstin0_.deleted as deleted2_69_0_, scmfirstin0_.claim_number as claim3_69_0_, scmfirstin0_.last_action as last4_69_0_ from opm.scm_first_insert scmfirstin0_ where scmfirstin0_.id=?
Hibernate: insert into opm.scm_first_insert (deleted, claim_number, last_action) values (?, ?, ?)
Hibernate: select scmfirstin0_.id as id1_69_0_, scmfirstin0_.deleted as deleted2_69_0_, scmfirstin0_.claim_number as claim3_69_0_, scmfirstin0_.last_action as last4_69_0_ from opm.scm_first_insert scmfirstin0_ where scmfirstin0_.id=?
Currently processed entity: SCMFirstInsert, records count: 2
Progress (processed records/total records): 50/90
Hibernate: insert into opm.a01_print_suppression_case (deleted, claim_number, reason_for_print_suppression) values (?, ?, ?)
Hibernate: select a01printsu0_.id as id1_0_0_, a01printsu0_.deleted as deleted2_0_0_, a01printsu0_.claim_number as claim3_0_0_, a01printsu0_.reason_for_print_suppression as reason4_0_0_ from opm.a01_print_suppression_case a01printsu0_ where a01printsu0_.id=?
Hibernate: insert into opm.a01_print_suppression_case (deleted, claim_number, reason_for_print_suppression) values (?, ?, ?)
Hibernate: select a01printsu0_.id as id1_0_0_, a01printsu0_.deleted as deleted2_0_0_, a01printsu0_.claim_number as claim3_0_0_, a01printsu0_.reason_for_print_suppression as reason4_0_0_ from opm.a01_print_suppression_case a01printsu0_ where a01printsu0_.id=?
Currently processed entity: A01PrintSuppressionCases, records count: 2
Progress (processed records/total records): 52/90
Hibernate: insert into opm.time_factor (deleted, num_days, num_months, time_factor) values (?, ?, ?, ?)
Hibernate: select timefactor0_.id as id1_75_0_, timefactor0_.deleted as deleted2_75_0_, timefactor0_.num_days as num3_75_0_, timefactor0_.num_months as num4_75_0_, timefactor0_.time_factor as time5_75_0_ from opm.time_factor timefactor0_ where timefactor0_.id=?
Hibernate: insert into opm.time_factor (deleted, num_days, num_months, time_factor) values (?, ?, ?, ?)
Hibernate: select timefactor0_.id as id1_75_0_, timefactor0_.deleted as deleted2_75_0_, timefactor0_.num_days as num3_75_0_, timefactor0_.num_months as num4_75_0_, timefactor0_.time_factor as time5_75_0_ from opm.time_factor timefactor0_ where timefactor0_.id=?
Currently processed entity: TimeFactor, records count: 2
Progress (processed records/total records): 54/90
Hibernate: insert into opm.contact_info (deleted, name, text) values (?, ?, ?)
Hibernate: select contactinf0_.id as id1_28_0_, contactinf0_.deleted as deleted2_28_0_, contactinf0_.name as name3_28_0_, contactinf0_.text as text4_28_0_ from opm.contact_info contactinf0_ where contactinf0_.id=?
Hibernate: insert into opm.contact_info (deleted, name, text) values (?, ?, ?)
Hibernate: select contactinf0_.id as id1_28_0_, contactinf0_.deleted as deleted2_28_0_, contactinf0_.name as name3_28_0_, contactinf0_.text as text4_28_0_ from opm.contact_info contactinf0_ where contactinf0_.id=?
Currently processed entity: ContactInfo, records count: 2
Progress (processed records/total records): 56/90
Hibernate: insert into opm.role (deleted, name, description) values (?, ?, ?)
Hibernate: select role0_.id as id1_67_0_, role0_.deleted as deleted2_67_0_, role0_.name as name3_67_0_, role0_.description as descript4_67_0_ from opm.role role0_ where role0_.id=?
Hibernate: insert into opm.role_permission (deleted, action, rolename) values (?, ?, ?)
Hibernate: select rolepermis0_.id as id1_68_0_, rolepermis0_.deleted as deleted2_68_0_, rolepermis0_.action as action3_68_0_, rolepermis0_.rolename as rolename4_68_0_ from opm.role_permission rolepermis0_ where rolepermis0_.id=?
Hibernate: insert into opm.role (deleted, name, description) values (?, ?, ?)
Hibernate: select role0_.id as id1_67_0_, role0_.deleted as deleted2_67_0_, role0_.name as name3_67_0_, role0_.description as descript4_67_0_ from opm.role role0_ where role0_.id=?
Hibernate: insert into opm.role_permission (deleted, action, rolename) values (?, ?, ?)
Hibernate: select rolepermis0_.id as id1_68_0_, rolepermis0_.deleted as deleted2_68_0_, rolepermis0_.action as action3_68_0_, rolepermis0_.rolename as rolename4_68_0_ from opm.role_permission rolepermis0_ where rolepermis0_.id=?
Currently processed entity: Role, records count: 2
Progress (processed records/total records): 58/90
Hibernate: insert into opm.app_user (deleted, default_tab, email, first_name, last_name, network_id, role_id, user_status_id, supervisor_id, telephone, username) values (?, ?, ?, ?, ?, ?, ?, ?, ?, ?, ?)
Hibernate: select user0_.id as id1_11_0_, user0_.deleted as deleted2_11_0_, user0_.default_tab as default3_11_0_, user0_.email as email4_11_0_, user0_.first_name as first5_11_0_, user0_.last_name as last6_11_0_, user0_.network_id as network7_11_0_, user0_.role_id as role10_11_0_, user0_.user_status_id as user11_11_0_, user0_.supervisor_id as supervi12_11_0_, user0_.telephone as telephon8_11_0_, user0_.username as username9_11_0_ from opm.app_user user0_ where user0_.id=?
Hibernate: insert into opm.app_user (deleted, default_tab, email, first_name, last_name, network_id, role_id, user_status_id, supervisor_id, telephone, username) values (?, ?, ?, ?, ?, ?, ?, ?, ?, ?, ?)
Hibernate: select user0_.id as id1_11_0_, user0_.deleted as deleted2_11_0_, user0_.default_tab as default3_11_0_, user0_.email as email4_11_0_, user0_.first_name as first5_11_0_, user0_.last_name as last6_11_0_, user0_.network_id as network7_11_0_, user0_.role_id as role10_11_0_, user0_.user_status_id as user11_11_0_, user0_.supervisor_id as supervi12_11_0_, user0_.telephone as telephon8_11_0_, user0_.username as username9_11_0_ from opm.app_user user0_ where user0_.id=?
Currently processed entity: User, records count: 2
Progress (processed records/total records): 60/90
Hibernate: select user0_.id as id1_11_0_, user0_.deleted as deleted2_11_0_, user0_.default_tab as default3_11_0_, user0_.email as email4_11_0_, user0_.first_name as first5_11_0_, user0_.last_name as last6_11_0_, user0_.network_id as network7_11_0_, user0_.role_id as role10_11_0_, user0_.user_status_id as user11_11_0_, user0_.supervisor_id as supervi12_11_0_, user0_.telephone as telephon8_11_0_, user0_.username as username9_11_0_ from opm.app_user user0_ where user0_.id=?
Hibernate: update opm.app_user set deleted=?, default_tab=?, email=?, first_name=?, last_name=?, network_id=?, role_id=?, user_status_id=?, supervisor_id=?, telephone=?, username=? where id=?
Hibernate: select suffix0_.id as id1_73_, suffix0_.deleted as deleted2_73_, suffix0_.name as name3_73_ from opm.suffix suffix0_ where suffix0_.name=?
Hibernate: select country0_.id as id1_29_, country0_.deleted as deleted2_29_, country0_.name as name3_29_ from opm.country country0_ where country0_.name=?
Hibernate: insert into opm.country (deleted, name) values (?, ?)
Hibernate: select country0_.id as id1_29_0_, country0_.deleted as deleted2_29_0_, country0_.name as name3_29_0_ from opm.country country0_ where country0_.id=?
Hibernate: select state0_.id as id1_72_, state0_.deleted as deleted2_72_, state0_.name as name3_72_, state0_.abbreviation as abbrevia4_72_ from opm.state state0_ where state0_.abbreviation=?
Hibernate: select state0_.id as id1_72_, state0_.deleted as deleted2_72_, state0_.name as name3_72_, state0_.abbreviation as abbrevia4_72_ from opm.state state0_ where state0_.abbreviation=?
Hibernate: insert into opm.address (deleted, city, country_id, state_id, street1, street2, street3, street4, street5, zip_code) values (?, ?, ?, ?, ?, ?, ?, ?, ?, ?)
Hibernate: insert into opm.account_holder (deleted, address_id, agency_code, birth_date, city_of_employment, department_code, email, first_name, geo_code, last_name, middle_initial, holder_position, ssn, state_of_employment_id, suffix_id, telephone, title) values (?, ?, ?, ?, ?, ?, ?, ?, ?, ?, ?, ?, ?, ?, ?, ?, ?)
Hibernate: select address0_.id as id1_7_0_, address0_.deleted as deleted2_7_0_, address0_.city as city3_7_0_, address0_.country_id as country10_7_0_, address0_.state_id as state11_7_0_, address0_.street1 as street4_7_0_, address0_.street2 as street5_7_0_, address0_.street3 as street6_7_0_, address0_.street4 as street7_7_0_, address0_.street5 as street8_7_0_, address0_.zip_code as zip9_7_0_ from opm.address address0_ where address0_.id=?
Hibernate: select accounthol0_.id as id1_4_1_, accounthol0_.deleted as deleted2_4_1_, accounthol0_.address_id as address16_4_1_, accounthol0_.agency_code as agency3_4_1_, accounthol0_.birth_date as birth4_4_1_, accounthol0_.city_of_employment as city5_4_1_, accounthol0_.department_code as departme6_4_1_, accounthol0_.email as email7_4_1_, accounthol0_.first_name as first8_4_1_, accounthol0_.geo_code as geo9_4_1_, accounthol0_.last_name as last10_4_1_, accounthol0_.middle_initial as middle11_4_1_, accounthol0_.holder_position as holder12_4_1_, accounthol0_.ssn as ssn13_4_1_, accounthol0_.state_of_employment_id as state17_4_1_, accounthol0_.suffix_id as suffix18_4_1_, accounthol0_.telephone as telepho14_4_1_, accounthol0_.title as title15_4_1_, address1_.id as id1_7_0_, address1_.deleted as deleted2_7_0_, address1_.city as city3_7_0_, address1_.country_id as country10_7_0_, address1_.state_id as state11_7_0_, address1_.street1 as street4_7_0_, address1_.street2 as street5_7_0_, address1_.street3 as street6_7_0_, address1_.street4 as street7_7_0_, address1_.street5 as street8_7_0_, address1_.zip_code as zip9_7_0_ from opm.account_holder accounthol0_ left outer join opm.address address1_ on accounthol0_.address_id=address1_.id where accounthol0_.id=?
Hibernate: select paycode0_.id as id1_48_, paycode0_.deleted as deleted2_48_, paycode0_.name as name3_48_, paycode0_.description as descript4_48_ from opm.pay_code paycode0_ where paycode0_.name=?
Hibernate: insert into opm.account (deleted, acc_int_dep, acc_int_fers, acc_int_non_dep, acc_int_rdep, acc_int_var_rdep, additional_service, balance, billing_summary_id, claim_number, claim_officer, claim_officer_assignment_date, claimant_birthdate, code_20_date, computation_date, dbts_account, flag_postredeposit, flag_preredeposit, form_type_id, frozen, grace, account_holder_id, last_action, last_pay, new_claim_number, no_interest, pay_code_id, payment_order, plan_type, prior_claim_number, returned_from_record_date, account_status_id, stop_ach_payment, time_period, tot_pay_d, tot_pay_fers, tot_pay_n, tot_pay_r, tot_pay_vr, total_deposit, total_fers_w, total_non_deposit, total_redeposit, total_var_redeposit, account_confirmation_validation_id, var_int_computation_date) values (?, ?, ?, ?, ?, ?, ?, ?, ?, ?, ?, ?, ?, ?, ?, ?, ?, ?, ?, ?, ?, ?, ?, ?, ?, ?, ?, ?, ?, ?, ?, ?, ?, ?, ?, ?, ?, ?, ?, ?, ?, ?, ?, ?, ?, ?)
Hibernate: select account0_.id as id1_1_2_, account0_.deleted as deleted2_1_2_, account0_.acc_int_dep as acc3_1_2_, account0_.acc_int_fers as acc4_1_2_, account0_.acc_int_non_dep as acc5_1_2_, account0_.acc_int_rdep as acc6_1_2_, account0_.acc_int_var_rdep as acc7_1_2_, account0_.additional_service as addition8_1_2_, account0_.balance as balance9_1_2_, account0_.billing_summary_id as billing42_1_2_, account0_.claim_number as claim10_1_2_, account0_.claim_officer as claim11_1_2_, account0_.claim_officer_assignment_date as claim12_1_2_, account0_.claimant_birthdate as claiman13_1_2_, account0_.code_20_date as code14_1_2_, account0_.computation_date as computa15_1_2_, account0_.dbts_account as dbts16_1_2_, account0_.flag_postredeposit as flag17_1_2_, account0_.flag_preredeposit as flag18_1_2_, account0_.form_type_id as form43_1_2_, account0_.frozen as frozen19_1_2_, account0_.grace as grace20_1_2_, account0_.account_holder_id as account44_1_2_, account0_.last_action as last21_1_2_, account0_.last_pay as last22_1_2_, account0_.new_claim_number as new23_1_2_, account0_.no_interest as no24_1_2_, account0_.pay_code_id as pay45_1_2_, account0_.payment_order as payment25_1_2_, account0_.plan_type as plan26_1_2_, account0_.prior_claim_number as prior27_1_2_, account0_.returned_from_record_date as returne28_1_2_, account0_.account_status_id as account46_1_2_, account0_.stop_ach_payment as stop29_1_2_, account0_.time_period as time30_1_2_, account0_.tot_pay_d as tot31_1_2_, account0_.tot_pay_fers as tot32_1_2_, account0_.tot_pay_n as tot33_1_2_, account0_.tot_pay_r as tot34_1_2_, account0_.tot_pay_vr as tot35_1_2_, account0_.total_deposit as total36_1_2_, account0_.total_fers_w as total37_1_2_, account0_.total_non_deposit as total38_1_2_, account0_.total_redeposit as total39_1_2_, account0_.total_var_redeposit as total40_1_2_, account0_.account_confirmation_validation_id as account47_1_2_, account0_.var_int_computation_date as var41_1_2_, billingsum1_.id as id1_19_0_, billingsum1_.deleted as deleted2_19_0_, billingsum1_.computed_date as computed3_19_0_, billingsum1_.first_billing_date as first4_19_0_, billingsum1_.last_deposit_date as last5_19_0_, billingsum1_.last_interest_calculation as last6_19_0_, billingsum1_.last_transaction_date as last7_19_0_, billingsum1_.stop_ach_payments as stop8_19_0_, billingsum1_.transaction_type as transact9_19_0_, billings2_.billing_summary_id as billing9_19_4_, billings2_.id as id1_18_4_, billings2_.id as id1_18_1_, billings2_.deleted as deleted2_18_1_, billings2_.additional_interest as addition3_18_1_, billings2_.balance as balance4_18_1_, billings2_.initial_billing as initial5_18_1_, billings2_.name as name6_18_1_, billings2_.payment_order as payment7_18_1_, billings2_.total_payments as total8_18_1_ from opm.account account0_ left outer join opm.billing_summary billingsum1_ on account0_.billing_summary_id=billingsum1_.id left outer join opm.billing billings2_ on billingsum1_.id=billings2_.billing_summary_id where account0_.id=?
Hibernate: select suffix0_.id as id1_73_, suffix0_.deleted as deleted2_73_, suffix0_.name as name3_73_ from opm.suffix suffix0_ where suffix0_.name=?
Hibernate: select country0_.id as id1_29_, country0_.deleted as deleted2_29_, country0_.name as name3_29_ from opm.country country0_ where country0_.name=?
Hibernate: select state0_.id as id1_72_, state0_.deleted as deleted2_72_, state0_.name as name3_72_, state0_.abbreviation as abbrevia4_72_ from opm.state state0_ where state0_.abbreviation=?
Hibernate: select state0_.id as id1_72_, state0_.deleted as deleted2_72_, state0_.name as name3_72_, state0_.abbreviation as abbrevia4_72_ from opm.state state0_ where state0_.abbreviation=?
Hibernate: insert into opm.address (deleted, city, country_id, state_id, street1, street2, street3, street4, street5, zip_code) values (?, ?, ?, ?, ?, ?, ?, ?, ?, ?)
Hibernate: insert into opm.account_holder (deleted, address_id, agency_code, birth_date, city_of_employment, department_code, email, first_name, geo_code, last_name, middle_initial, holder_position, ssn, state_of_employment_id, suffix_id, telephone, title) values (?, ?, ?, ?, ?, ?, ?, ?, ?, ?, ?, ?, ?, ?, ?, ?, ?)
Hibernate: select address0_.id as id1_7_0_, address0_.deleted as deleted2_7_0_, address0_.city as city3_7_0_, address0_.country_id as country10_7_0_, address0_.state_id as state11_7_0_, address0_.street1 as street4_7_0_, address0_.street2 as street5_7_0_, address0_.street3 as street6_7_0_, address0_.street4 as street7_7_0_, address0_.street5 as street8_7_0_, address0_.zip_code as zip9_7_0_ from opm.address address0_ where address0_.id=?
Hibernate: select accounthol0_.id as id1_4_1_, accounthol0_.deleted as deleted2_4_1_, accounthol0_.address_id as address16_4_1_, accounthol0_.agency_code as agency3_4_1_, accounthol0_.birth_date as birth4_4_1_, accounthol0_.city_of_employment as city5_4_1_, accounthol0_.department_code as departme6_4_1_, accounthol0_.email as email7_4_1_, accounthol0_.first_name as first8_4_1_, accounthol0_.geo_code as geo9_4_1_, accounthol0_.last_name as last10_4_1_, accounthol0_.middle_initial as middle11_4_1_, accounthol0_.holder_position as holder12_4_1_, accounthol0_.ssn as ssn13_4_1_, accounthol0_.state_of_employment_id as state17_4_1_, accounthol0_.suffix_id as suffix18_4_1_, accounthol0_.telephone as telepho14_4_1_, accounthol0_.title as title15_4_1_, address1_.id as id1_7_0_, address1_.deleted as deleted2_7_0_, address1_.city as city3_7_0_, address1_.country_id as country10_7_0_, address1_.state_id as state11_7_0_, address1_.street1 as street4_7_0_, address1_.street2 as street5_7_0_, address1_.street3 as street6_7_0_, address1_.street4 as street7_7_0_, address1_.street5 as street8_7_0_, address1_.zip_code as zip9_7_0_ from opm.account_holder accounthol0_ left outer join opm.address address1_ on accounthol0_.address_id=address1_.id where accounthol0_.id=?
Hibernate: select paycode0_.id as id1_48_, paycode0_.deleted as deleted2_48_, paycode0_.name as name3_48_, paycode0_.description as descript4_48_ from opm.pay_code paycode0_ where paycode0_.name=?
Hibernate: insert into opm.account (deleted, acc_int_dep, acc_int_fers, acc_int_non_dep, acc_int_rdep, acc_int_var_rdep, additional_service, balance, billing_summary_id, claim_number, claim_officer, claim_officer_assignment_date, claimant_birthdate, code_20_date, computation_date, dbts_account, flag_postredeposit, flag_preredeposit, form_type_id, frozen, grace, account_holder_id, last_action, last_pay, new_claim_number, no_interest, pay_code_id, payment_order, plan_type, prior_claim_number, returned_from_record_date, account_status_id, stop_ach_payment, time_period, tot_pay_d, tot_pay_fers, tot_pay_n, tot_pay_r, tot_pay_vr, total_deposit, total_fers_w, total_non_deposit, total_redeposit, total_var_redeposit, account_confirmation_validation_id, var_int_computation_date) values (?, ?, ?, ?, ?, ?, ?, ?, ?, ?, ?, ?, ?, ?, ?, ?, ?, ?, ?, ?, ?, ?, ?, ?, ?, ?, ?, ?, ?, ?, ?, ?, ?, ?, ?, ?, ?, ?, ?, ?, ?, ?, ?, ?, ?, ?)
Hibernate: select account0_.id as id1_1_2_, account0_.deleted as deleted2_1_2_, account0_.acc_int_dep as acc3_1_2_, account0_.acc_int_fers as acc4_1_2_, account0_.acc_int_non_dep as acc5_1_2_, account0_.acc_int_rdep as acc6_1_2_, account0_.acc_int_var_rdep as acc7_1_2_, account0_.additional_service as addition8_1_2_, account0_.balance as balance9_1_2_, account0_.billing_summary_id as billing42_1_2_, account0_.claim_number as claim10_1_2_, account0_.claim_officer as claim11_1_2_, account0_.claim_officer_assignment_date as claim12_1_2_, account0_.claimant_birthdate as claiman13_1_2_, account0_.code_20_date as code14_1_2_, account0_.computation_date as computa15_1_2_, account0_.dbts_account as dbts16_1_2_, account0_.flag_postredeposit as flag17_1_2_, account0_.flag_preredeposit as flag18_1_2_, account0_.form_type_id as form43_1_2_, account0_.frozen as frozen19_1_2_, account0_.grace as grace20_1_2_, account0_.account_holder_id as account44_1_2_, account0_.last_action as last21_1_2_, account0_.last_pay as last22_1_2_, account0_.new_claim_number as new23_1_2_, account0_.no_interest as no24_1_2_, account0_.pay_code_id as pay45_1_2_, account0_.payment_order as payment25_1_2_, account0_.plan_type as plan26_1_2_, account0_.prior_claim_number as prior27_1_2_, account0_.returned_from_record_date as returne28_1_2_, account0_.account_status_id as account46_1_2_, account0_.stop_ach_payment as stop29_1_2_, account0_.time_period as time30_1_2_, account0_.tot_pay_d as tot31_1_2_, account0_.tot_pay_fers as tot32_1_2_, account0_.tot_pay_n as tot33_1_2_, account0_.tot_pay_r as tot34_1_2_, account0_.tot_pay_vr as tot35_1_2_, account0_.total_deposit as total36_1_2_, account0_.total_fers_w as total37_1_2_, account0_.total_non_deposit as total38_1_2_, account0_.total_redeposit as total39_1_2_, account0_.total_var_redeposit as total40_1_2_, account0_.account_confirmation_validation_id as account47_1_2_, account0_.var_int_computation_date as var41_1_2_, billingsum1_.id as id1_19_0_, billingsum1_.deleted as deleted2_19_0_, billingsum1_.computed_date as computed3_19_0_, billingsum1_.first_billing_date as first4_19_0_, billingsum1_.last_deposit_date as last5_19_0_, billingsum1_.last_interest_calculation as last6_19_0_, billingsum1_.last_transaction_date as last7_19_0_, billingsum1_.stop_ach_payments as stop8_19_0_, billingsum1_.transaction_type as transact9_19_0_, billings2_.billing_summary_id as billing9_19_4_, billings2_.id as id1_18_4_, billings2_.id as id1_18_1_, billings2_.deleted as deleted2_18_1_, billings2_.additional_interest as addition3_18_1_, billings2_.balance as balance4_18_1_, billings2_.initial_billing as initial5_18_1_, billings2_.name as name6_18_1_, billings2_.payment_order as payment7_18_1_, billings2_.total_payments as total8_18_1_ from opm.account account0_ left outer join opm.billing_summary billingsum1_ on account0_.billing_summary_id=billingsum1_.id left outer join opm.billing billings2_ on billingsum1_.id=billings2_.billing_summary_id where account0_.id=?
Currently processed entity: Account, records count: 2
Progress (processed records/total records): 62/90
Hibernate: select account0_.id as id1_1_, account0_.deleted as deleted2_1_, account0_.acc_int_dep as acc3_1_, account0_.acc_int_fers as acc4_1_, account0_.acc_int_non_dep as acc5_1_, account0_.acc_int_rdep as acc6_1_, account0_.acc_int_var_rdep as acc7_1_, account0_.additional_service as addition8_1_, account0_.balance as balance9_1_, account0_.billing_summary_id as billing42_1_, account0_.claim_number as claim10_1_, account0_.claim_officer as claim11_1_, account0_.claim_officer_assignment_date as claim12_1_, account0_.claimant_birthdate as claiman13_1_, account0_.code_20_date as code14_1_, account0_.computation_date as computa15_1_, account0_.dbts_account as dbts16_1_, account0_.flag_postredeposit as flag17_1_, account0_.flag_preredeposit as flag18_1_, account0_.form_type_id as form43_1_, account0_.frozen as frozen19_1_, account0_.grace as grace20_1_, account0_.account_holder_id as account44_1_, account0_.last_action as last21_1_, account0_.last_pay as last22_1_, account0_.new_claim_number as new23_1_, account0_.no_interest as no24_1_, account0_.pay_code_id as pay45_1_, account0_.payment_order as payment25_1_, account0_.plan_type as plan26_1_, account0_.prior_claim_number as prior27_1_, account0_.returned_from_record_date as returne28_1_, account0_.account_status_id as account46_1_, account0_.stop_ach_payment as stop29_1_, account0_.time_period as time30_1_, account0_.tot_pay_d as tot31_1_, account0_.tot_pay_fers as tot32_1_, account0_.tot_pay_n as tot33_1_, account0_.tot_pay_r as tot34_1_, account0_.tot_pay_vr as tot35_1_, account0_.total_deposit as total36_1_, account0_.total_fers_w as total37_1_, account0_.total_non_deposit as total38_1_, account0_.total_redeposit as total39_1_, account0_.total_var_redeposit as total40_1_, account0_.account_confirmation_validation_id as account47_1_, account0_.var_int_computation_date as var41_1_ from opm.account account0_ where account0_.claim_number=?
Hibernate: select appointmen0_.id as id1_13_, appointmen0_.deleted as deleted2_13_, appointmen0_.name as name3_13_, appointmen0_.display_order as display4_13_, appointmen0_.type_category as type5_13_, appointmen0_.description as descript6_13_ from opm.appointment_type appointmen0_ where appointmen0_.name=?
Hibernate: select periodtype0_.id as id1_61_, periodtype0_.deleted as deleted2_61_, periodtype0_.name as name3_61_, periodtype0_.display_order as display4_61_, periodtype0_.description as descript5_61_ from opm.period_type periodtype0_ where periodtype0_.name=?
Hibernate: select paytype0_.id as id1_50_, paytype0_.deleted as deleted2_50_, paytype0_.name as name3_50_, paytype0_.display_order as display4_50_, paytype0_.description as descript5_50_ from opm.pay_type paytype0_ where paytype0_.name=?
Hibernate: select fersdeposi0_.account_id as account1_1_1_, fersdeposi0_.calculation_version_id as calculat2_33_1_, calculatio1_.id as id1_24_0_, calculatio1_.deleted as deleted2_24_0_, calculatio1_.calculation_date as calculat3_24_0_, calculatio1_.calculation_result_id as calculat7_24_0_, calculatio1_.line_number as line4_24_0_, calculatio1_.name as name5_24_0_, calculatio1_.version as version6_24_0_ from opm.fers_deposit fersdeposi0_ inner join opm.calculation_version calculatio1_ on fersdeposi0_.calculation_version_id=calculatio1_.id where fersdeposi0_.account_id=?
Hibernate: insert into opm.calculation_version (deleted, calculation_date, calculation_result_id, line_number, name, version) values (?, ?, ?, ?, ?, ?)
Hibernate: insert into opm.calculation (deleted, agency_code_id, amount, annualized_amount, appointment_type_id, begin_date, date_entered, end_date, entered_by, hours_in_year, pay_type_id, period_type_id, retirement_type_id, service_type_id, calculation_version_id) values (?, ?, ?, ?, ?, ?, ?, ?, ?, ?, ?, ?, ?, ?, ?)
Hibernate: insert into opm.fers_deposit (account_id, calculation_version_id) values (?, ?)
Hibernate: update opm.calculation set calculation_version_id=? where id=?
Hibernate: select account0_.id as id1_1_, account0_.deleted as deleted2_1_, account0_.acc_int_dep as acc3_1_, account0_.acc_int_fers as acc4_1_, account0_.acc_int_non_dep as acc5_1_, account0_.acc_int_rdep as acc6_1_, account0_.acc_int_var_rdep as acc7_1_, account0_.additional_service as addition8_1_, account0_.balance as balance9_1_, account0_.billing_summary_id as billing42_1_, account0_.claim_number as claim10_1_, account0_.claim_officer as claim11_1_, account0_.claim_officer_assignment_date as claim12_1_, account0_.claimant_birthdate as claiman13_1_, account0_.code_20_date as code14_1_, account0_.computation_date as computa15_1_, account0_.dbts_account as dbts16_1_, account0_.flag_postredeposit as flag17_1_, account0_.flag_preredeposit as flag18_1_, account0_.form_type_id as form43_1_, account0_.frozen as frozen19_1_, account0_.grace as grace20_1_, account0_.account_holder_id as account44_1_, account0_.last_action as last21_1_, account0_.last_pay as last22_1_, account0_.new_claim_number as new23_1_, account0_.no_interest as no24_1_, account0_.pay_code_id as pay45_1_, account0_.payment_order as payment25_1_, account0_.plan_type as plan26_1_, account0_.prior_claim_number as prior27_1_, account0_.returned_from_record_date as returne28_1_, account0_.account_status_id as account46_1_, account0_.stop_ach_payment as stop29_1_, account0_.time_period as time30_1_, account0_.tot_pay_d as tot31_1_, account0_.tot_pay_fers as tot32_1_, account0_.tot_pay_n as tot33_1_, account0_.tot_pay_r as tot34_1_, account0_.tot_pay_vr as tot35_1_, account0_.total_deposit as total36_1_, account0_.total_fers_w as total37_1_, account0_.total_non_deposit as total38_1_, account0_.total_redeposit as total39_1_, account0_.total_var_redeposit as total40_1_, account0_.account_confirmation_validation_id as account47_1_, account0_.var_int_computation_date as var41_1_ from opm.account account0_ where account0_.claim_number=?
Hibernate: select appointmen0_.id as id1_13_, appointmen0_.deleted as deleted2_13_, appointmen0_.name as name3_13_, appointmen0_.display_order as display4_13_, appointmen0_.type_category as type5_13_, appointmen0_.description as descript6_13_ from opm.appointment_type appointmen0_ where appointmen0_.name=?
Hibernate: select periodtype0_.id as id1_61_, periodtype0_.deleted as deleted2_61_, periodtype0_.name as name3_61_, periodtype0_.display_order as display4_61_, periodtype0_.description as descript5_61_ from opm.period_type periodtype0_ where periodtype0_.name=?
Hibernate: select paytype0_.id as id1_50_, paytype0_.deleted as deleted2_50_, paytype0_.name as name3_50_, paytype0_.display_order as display4_50_, paytype0_.description as descript5_50_ from opm.pay_type paytype0_ where paytype0_.name=?
Hibernate: select fersredepo0_.account_id as account1_1_1_, fersredepo0_.calculation_version_id as calculat2_34_1_, calculatio1_.id as id1_24_0_, calculatio1_.deleted as deleted2_24_0_, calculatio1_.calculation_date as calculat3_24_0_, calculatio1_.calculation_result_id as calculat7_24_0_, calculatio1_.line_number as line4_24_0_, calculatio1_.name as name5_24_0_, calculatio1_.version as version6_24_0_ from opm.fers_redeposit fersredepo0_ inner join opm.calculation_version calculatio1_ on fersredepo0_.calculation_version_id=calculatio1_.id where fersredepo0_.account_id=?
Hibernate: insert into opm.calculation_version (deleted, calculation_date, calculation_result_id, line_number, name, version) values (?, ?, ?, ?, ?, ?)
Hibernate: insert into opm.calculation (deleted, agency_code_id, amount, annualized_amount, appointment_type_id, begin_date, date_entered, end_date, entered_by, hours_in_year, pay_type_id, period_type_id, retirement_type_id, service_type_id, calculation_version_id) values (?, ?, ?, ?, ?, ?, ?, ?, ?, ?, ?, ?, ?, ?, ?)
Hibernate: insert into opm.fers_redeposit (account_id, calculation_version_id) values (?, ?)
Hibernate: update opm.calculation set calculation_version_id=? where id=?
Currently processed entity: CalculationVersion (ServicePeriods), records count: 2
Progress (processed records/total records): 64/90
Hibernate: select account0_.id as id1_1_, account0_.deleted as deleted2_1_, account0_.acc_int_dep as acc3_1_, account0_.acc_int_fers as acc4_1_, account0_.acc_int_non_dep as acc5_1_, account0_.acc_int_rdep as acc6_1_, account0_.acc_int_var_rdep as acc7_1_, account0_.additional_service as addition8_1_, account0_.balance as balance9_1_, account0_.billing_summary_id as billing42_1_, account0_.claim_number as claim10_1_, account0_.claim_officer as claim11_1_, account0_.claim_officer_assignment_date as claim12_1_, account0_.claimant_birthdate as claiman13_1_, account0_.code_20_date as code14_1_, account0_.computation_date as computa15_1_, account0_.dbts_account as dbts16_1_, account0_.flag_postredeposit as flag17_1_, account0_.flag_preredeposit as flag18_1_, account0_.form_type_id as form43_1_, account0_.frozen as frozen19_1_, account0_.grace as grace20_1_, account0_.account_holder_id as account44_1_, account0_.last_action as last21_1_, account0_.last_pay as last22_1_, account0_.new_claim_number as new23_1_, account0_.no_interest as no24_1_, account0_.pay_code_id as pay45_1_, account0_.payment_order as payment25_1_, account0_.plan_type as plan26_1_, account0_.prior_claim_number as prior27_1_, account0_.returned_from_record_date as returne28_1_, account0_.account_status_id as account46_1_, account0_.stop_ach_payment as stop29_1_, account0_.time_period as time30_1_, account0_.tot_pay_d as tot31_1_, account0_.tot_pay_fers as tot32_1_, account0_.tot_pay_n as tot33_1_, account0_.tot_pay_r as tot34_1_, account0_.tot_pay_vr as tot35_1_, account0_.total_deposit as total36_1_, account0_.total_fers_w as total37_1_, account0_.total_non_deposit as total38_1_, account0_.total_redeposit as total39_1_, account0_.total_var_redeposit as total40_1_, account0_.account_confirmation_validation_id as account47_1_, account0_.var_int_computation_date as var41_1_ from opm.account account0_ where account0_.claim_number=?
Hibernate: select periodtype0_.id as id1_61_, periodtype0_.deleted as deleted2_61_, periodtype0_.name as name3_61_, periodtype0_.display_order as display4_61_, periodtype0_.description as descript5_61_ from opm.period_type periodtype0_ where periodtype0_.name=?
Hibernate: insert into opm.calculation_result (deleted, apply_to_real_payment, calculation_status_id, interest_accrual_date, official, payment_order, summary_data_id) values (?, ?, ?, ?, ?, ?, ?)
Hibernate: insert into opm.calculation_result_item (deleted, balance, deduction_amount, effective_date, end_date, mid_date, payment_applied, period_type_id, start_date, total_interest, calculation_result_id) values (?, ?, ?, ?, ?, ?, ?, ?, ?, ?, ?)
Hibernate: insert into opm.calculation_version (deleted, calculation_date, calculation_result_id, line_number, name, version) values (?, ?, ?, ?, ?, ?)
Hibernate: insert into opm.calculation (deleted, agency_code_id, amount, annualized_amount, appointment_type_id, begin_date, date_entered, end_date, entered_by, hours_in_year, pay_type_id, period_type_id, retirement_type_id, service_type_id, calculation_version_id) values (?, ?, ?, ?, ?, ?, ?, ?, ?, ?, ?, ?, ?, ?, ?)
Hibernate: delete from opm.fers_deposit where account_id=?
Hibernate: insert into opm.fers_deposit (account_id, calculation_version_id) values (?, ?)
Hibernate: insert into opm.fers_deposit (account_id, calculation_version_id) values (?, ?)
Hibernate: update opm.calculation_result_item set calculation_result_id=? where id=?
Hibernate: update opm.calculation set calculation_version_id=? where id=?
Hibernate: select account0_.id as id1_1_, account0_.deleted as deleted2_1_, account0_.acc_int_dep as acc3_1_, account0_.acc_int_fers as acc4_1_, account0_.acc_int_non_dep as acc5_1_, account0_.acc_int_rdep as acc6_1_, account0_.acc_int_var_rdep as acc7_1_, account0_.additional_service as addition8_1_, account0_.balance as balance9_1_, account0_.billing_summary_id as billing42_1_, account0_.claim_number as claim10_1_, account0_.claim_officer as claim11_1_, account0_.claim_officer_assignment_date as claim12_1_, account0_.claimant_birthdate as claiman13_1_, account0_.code_20_date as code14_1_, account0_.computation_date as computa15_1_, account0_.dbts_account as dbts16_1_, account0_.flag_postredeposit as flag17_1_, account0_.flag_preredeposit as flag18_1_, account0_.form_type_id as form43_1_, account0_.frozen as frozen19_1_, account0_.grace as grace20_1_, account0_.account_holder_id as account44_1_, account0_.last_action as last21_1_, account0_.last_pay as last22_1_, account0_.new_claim_number as new23_1_, account0_.no_interest as no24_1_, account0_.pay_code_id as pay45_1_, account0_.payment_order as payment25_1_, account0_.plan_type as plan26_1_, account0_.prior_claim_number as prior27_1_, account0_.returned_from_record_date as returne28_1_, account0_.account_status_id as account46_1_, account0_.stop_ach_payment as stop29_1_, account0_.time_period as time30_1_, account0_.tot_pay_d as tot31_1_, account0_.tot_pay_fers as tot32_1_, account0_.tot_pay_n as tot33_1_, account0_.tot_pay_r as tot34_1_, account0_.tot_pay_vr as tot35_1_, account0_.total_deposit as total36_1_, account0_.total_fers_w as total37_1_, account0_.total_non_deposit as total38_1_, account0_.total_redeposit as total39_1_, account0_.total_var_redeposit as total40_1_, account0_.account_confirmation_validation_id as account47_1_, account0_.var_int_computation_date as var41_1_ from opm.account account0_ where account0_.claim_number=?
Hibernate: select periodtype0_.id as id1_61_, periodtype0_.deleted as deleted2_61_, periodtype0_.name as name3_61_, periodtype0_.display_order as display4_61_, periodtype0_.description as descript5_61_ from opm.period_type periodtype0_ where periodtype0_.name=?
Hibernate: insert into opm.calculation_result (deleted, apply_to_real_payment, calculation_status_id, interest_accrual_date, official, payment_order, summary_data_id) values (?, ?, ?, ?, ?, ?, ?)
Hibernate: insert into opm.calculation_result_item (deleted, balance, deduction_amount, effective_date, end_date, mid_date, payment_applied, period_type_id, start_date, total_interest, calculation_result_id) values (?, ?, ?, ?, ?, ?, ?, ?, ?, ?, ?)
Hibernate: insert into opm.calculation_version (deleted, calculation_date, calculation_result_id, line_number, name, version) values (?, ?, ?, ?, ?, ?)
Hibernate: insert into opm.calculation (deleted, agency_code_id, amount, annualized_amount, appointment_type_id, begin_date, date_entered, end_date, entered_by, hours_in_year, pay_type_id, period_type_id, retirement_type_id, service_type_id, calculation_version_id) values (?, ?, ?, ?, ?, ?, ?, ?, ?, ?, ?, ?, ?, ?, ?)
Hibernate: delete from opm.fers_redeposit where account_id=?
Hibernate: insert into opm.fers_redeposit (account_id, calculation_version_id) values (?, ?)
Hibernate: insert into opm.fers_redeposit (account_id, calculation_version_id) values (?, ?)
Hibernate: update opm.calculation_result_item set calculation_result_id=? where id=?
Hibernate: update opm.calculation set calculation_version_id=? where id=?
Currently processed entity: CalculationVersion (CalculatedServicePeriods), records count: 2
Progress (processed records/total records): 66/90
Hibernate: select account0_.id as id1_1_, account0_.deleted as deleted2_1_, account0_.acc_int_dep as acc3_1_, account0_.acc_int_fers as acc4_1_, account0_.acc_int_non_dep as acc5_1_, account0_.acc_int_rdep as acc6_1_, account0_.acc_int_var_rdep as acc7_1_, account0_.additional_service as addition8_1_, account0_.balance as balance9_1_, account0_.billing_summary_id as billing42_1_, account0_.claim_number as claim10_1_, account0_.claim_officer as claim11_1_, account0_.claim_officer_assignment_date as claim12_1_, account0_.claimant_birthdate as claiman13_1_, account0_.code_20_date as code14_1_, account0_.computation_date as computa15_1_, account0_.dbts_account as dbts16_1_, account0_.flag_postredeposit as flag17_1_, account0_.flag_preredeposit as flag18_1_, account0_.form_type_id as form43_1_, account0_.frozen as frozen19_1_, account0_.grace as grace20_1_, account0_.account_holder_id as account44_1_, account0_.last_action as last21_1_, account0_.last_pay as last22_1_, account0_.new_claim_number as new23_1_, account0_.no_interest as no24_1_, account0_.pay_code_id as pay45_1_, account0_.payment_order as payment25_1_, account0_.plan_type as plan26_1_, account0_.prior_claim_number as prior27_1_, account0_.returned_from_record_date as returne28_1_, account0_.account_status_id as account46_1_, account0_.stop_ach_payment as stop29_1_, account0_.time_period as time30_1_, account0_.tot_pay_d as tot31_1_, account0_.tot_pay_fers as tot32_1_, account0_.tot_pay_n as tot33_1_, account0_.tot_pay_r as tot34_1_, account0_.tot_pay_vr as tot35_1_, account0_.total_deposit as total36_1_, account0_.total_fers_w as total37_1_, account0_.total_non_deposit as total38_1_, account0_.total_redeposit as total39_1_, account0_.total_var_redeposit as total40_1_, account0_.account_confirmation_validation_id as account47_1_, account0_.var_int_computation_date as var41_1_ from opm.account account0_ where account0_.claim_number=?
Hibernate: insert into opm.account_note (deleted, account_id, date, priority, text, writer) values (?, ?, ?, ?, ?, ?)
Hibernate: select accountnot0_.id as id1_5_0_, accountnot0_.deleted as deleted2_5_0_, accountnot0_.account_id as account3_5_0_, accountnot0_.date as date4_5_0_, accountnot0_.priority as priority5_5_0_, accountnot0_.text as text6_5_0_, accountnot0_.writer as writer7_5_0_ from opm.account_note accountnot0_ where accountnot0_.id=?
Hibernate: select account0_.id as id1_1_, account0_.deleted as deleted2_1_, account0_.acc_int_dep as acc3_1_, account0_.acc_int_fers as acc4_1_, account0_.acc_int_non_dep as acc5_1_, account0_.acc_int_rdep as acc6_1_, account0_.acc_int_var_rdep as acc7_1_, account0_.additional_service as addition8_1_, account0_.balance as balance9_1_, account0_.billing_summary_id as billing42_1_, account0_.claim_number as claim10_1_, account0_.claim_officer as claim11_1_, account0_.claim_officer_assignment_date as claim12_1_, account0_.claimant_birthdate as claiman13_1_, account0_.code_20_date as code14_1_, account0_.computation_date as computa15_1_, account0_.dbts_account as dbts16_1_, account0_.flag_postredeposit as flag17_1_, account0_.flag_preredeposit as flag18_1_, account0_.form_type_id as form43_1_, account0_.frozen as frozen19_1_, account0_.grace as grace20_1_, account0_.account_holder_id as account44_1_, account0_.last_action as last21_1_, account0_.last_pay as last22_1_, account0_.new_claim_number as new23_1_, account0_.no_interest as no24_1_, account0_.pay_code_id as pay45_1_, account0_.payment_order as payment25_1_, account0_.plan_type as plan26_1_, account0_.prior_claim_number as prior27_1_, account0_.returned_from_record_date as returne28_1_, account0_.account_status_id as account46_1_, account0_.stop_ach_payment as stop29_1_, account0_.time_period as time30_1_, account0_.tot_pay_d as tot31_1_, account0_.tot_pay_fers as tot32_1_, account0_.tot_pay_n as tot33_1_, account0_.tot_pay_r as tot34_1_, account0_.tot_pay_vr as tot35_1_, account0_.total_deposit as total36_1_, account0_.total_fers_w as total37_1_, account0_.total_non_deposit as total38_1_, account0_.total_redeposit as total39_1_, account0_.total_var_redeposit as total40_1_, account0_.account_confirmation_validation_id as account47_1_, account0_.var_int_computation_date as var41_1_ from opm.account account0_ where account0_.claim_number=?
Hibernate: insert into opm.account_note (deleted, account_id, date, priority, text, writer) values (?, ?, ?, ?, ?, ?)
Hibernate: select accountnot0_.id as id1_5_0_, accountnot0_.deleted as deleted2_5_0_, accountnot0_.account_id as account3_5_0_, accountnot0_.date as date4_5_0_, accountnot0_.priority as priority5_5_0_, accountnot0_.text as text6_5_0_, accountnot0_.writer as writer7_5_0_ from opm.account_note accountnot0_ where accountnot0_.id=?
Currently processed entity: AccountNote, records count: 2
Progress (processed records/total records): 68/90
Hibernate: select account0_.id as id1_1_, account0_.deleted as deleted2_1_, account0_.acc_int_dep as acc3_1_, account0_.acc_int_fers as acc4_1_, account0_.acc_int_non_dep as acc5_1_, account0_.acc_int_rdep as acc6_1_, account0_.acc_int_var_rdep as acc7_1_, account0_.additional_service as addition8_1_, account0_.balance as balance9_1_, account0_.billing_summary_id as billing42_1_, account0_.claim_number as claim10_1_, account0_.claim_officer as claim11_1_, account0_.claim_officer_assignment_date as claim12_1_, account0_.claimant_birthdate as claiman13_1_, account0_.code_20_date as code14_1_, account0_.computation_date as computa15_1_, account0_.dbts_account as dbts16_1_, account0_.flag_postredeposit as flag17_1_, account0_.flag_preredeposit as flag18_1_, account0_.form_type_id as form43_1_, account0_.frozen as frozen19_1_, account0_.grace as grace20_1_, account0_.account_holder_id as account44_1_, account0_.last_action as last21_1_, account0_.last_pay as last22_1_, account0_.new_claim_number as new23_1_, account0_.no_interest as no24_1_, account0_.pay_code_id as pay45_1_, account0_.payment_order as payment25_1_, account0_.plan_type as plan26_1_, account0_.prior_claim_number as prior27_1_, account0_.returned_from_record_date as returne28_1_, account0_.account_status_id as account46_1_, account0_.stop_ach_payment as stop29_1_, account0_.time_period as time30_1_, account0_.tot_pay_d as tot31_1_, account0_.tot_pay_fers as tot32_1_, account0_.tot_pay_n as tot33_1_, account0_.tot_pay_r as tot34_1_, account0_.tot_pay_vr as tot35_1_, account0_.total_deposit as total36_1_, account0_.total_fers_w as total37_1_, account0_.total_non_deposit as total38_1_, account0_.total_redeposit as total39_1_, account0_.total_var_redeposit as total40_1_, account0_.account_confirmation_validation_id as account47_1_, account0_.var_int_computation_date as var41_1_ from opm.account account0_ where account0_.claim_number=?
Hibernate: insert into opm.user_account_assignment (deleted, account_id, assignment_date, user_id) values (?, ?, ?, ?)
Hibernate: select useraccoun0_.id as id1_77_0_, useraccoun0_.deleted as deleted2_77_0_, useraccoun0_.account_id as account4_77_0_, useraccoun0_.assignment_date as assignme3_77_0_, useraccoun0_.user_id as user5_77_0_ from opm.user_account_assignment useraccoun0_ where useraccoun0_.id=?
Hibernate: select account0_.id as id1_1_, account0_.deleted as deleted2_1_, account0_.acc_int_dep as acc3_1_, account0_.acc_int_fers as acc4_1_, account0_.acc_int_non_dep as acc5_1_, account0_.acc_int_rdep as acc6_1_, account0_.acc_int_var_rdep as acc7_1_, account0_.additional_service as addition8_1_, account0_.balance as balance9_1_, account0_.billing_summary_id as billing42_1_, account0_.claim_number as claim10_1_, account0_.claim_officer as claim11_1_, account0_.claim_officer_assignment_date as claim12_1_, account0_.claimant_birthdate as claiman13_1_, account0_.code_20_date as code14_1_, account0_.computation_date as computa15_1_, account0_.dbts_account as dbts16_1_, account0_.flag_postredeposit as flag17_1_, account0_.flag_preredeposit as flag18_1_, account0_.form_type_id as form43_1_, account0_.frozen as frozen19_1_, account0_.grace as grace20_1_, account0_.account_holder_id as account44_1_, account0_.last_action as last21_1_, account0_.last_pay as last22_1_, account0_.new_claim_number as new23_1_, account0_.no_interest as no24_1_, account0_.pay_code_id as pay45_1_, account0_.payment_order as payment25_1_, account0_.plan_type as plan26_1_, account0_.prior_claim_number as prior27_1_, account0_.returned_from_record_date as returne28_1_, account0_.account_status_id as account46_1_, account0_.stop_ach_payment as stop29_1_, account0_.time_period as time30_1_, account0_.tot_pay_d as tot31_1_, account0_.tot_pay_fers as tot32_1_, account0_.tot_pay_n as tot33_1_, account0_.tot_pay_r as tot34_1_, account0_.tot_pay_vr as tot35_1_, account0_.total_deposit as total36_1_, account0_.total_fers_w as total37_1_, account0_.total_non_deposit as total38_1_, account0_.total_redeposit as total39_1_, account0_.total_var_redeposit as total40_1_, account0_.account_confirmation_validation_id as account47_1_, account0_.var_int_computation_date as var41_1_ from opm.account account0_ where account0_.claim_number=?
Hibernate: insert into opm.user_account_assignment (deleted, account_id, assignment_date, user_id) values (?, ?, ?, ?)
Hibernate: select useraccoun0_.id as id1_77_0_, useraccoun0_.deleted as deleted2_77_0_, useraccoun0_.account_id as account4_77_0_, useraccoun0_.assignment_date as assignme3_77_0_, useraccoun0_.user_id as user5_77_0_ from opm.user_account_assignment useraccoun0_ where useraccoun0_.id=?
Currently processed entity: UserAccountAssignment, records count: 2
Progress (processed records/total records): 70/90
Hibernate: insert into opm.payments_applied_order_code (deleted, display_order, payment_account) values (?, ?, ?)
Hibernate: select paymentsap0_.id as id1_60_0_, paymentsap0_.deleted as deleted2_60_0_, paymentsap0_.display_order as display3_60_0_, paymentsap0_.payment_account as payment4_60_0_ from opm.payments_applied_order_code paymentsap0_ where paymentsap0_.id=?
Hibernate: insert into opm.payment (deleted, account_balance, account_holder_birthdate, account_id, account_status_id, ach, amount, apply_designation_id, apply_to_gl, approval_reason, approval_status, approval_user, batch_number, block_number, claim_number, claimant, claimant_birthday, deposit_date, disapprove, gov_refund, history_payment, import_id, master_account_balance, master_account_id, master_account_status_id, master_claim_number, master_claimant_birthday, note, order_code_id, payment_status_id, payment_type, post_deposit_amount, post_flag, post_redeposit_amount, pre_deposit_amount, pre_redeposit_amount, resolve_suspense, sequence, sequence_number, ssn, pay_trans_status_code_id, status_date, transaction_date, transaction_key, user_inserted) values (?, ?, ?, ?, ?, ?, ?, ?, ?, ?, ?, ?, ?, ?, ?, ?, ?, ?, ?, ?, ?, ?, ?, ?, ?, ?, ?, ?, ?, ?, ?, ?, ?, ?, ?, ?, ?, ?, ?, ?, ?, ?, ?, ?, ?)
Hibernate: select payment0_.id as id1_51_0_, payment0_.deleted as deleted2_51_0_, payment0_.account_balance as account3_51_0_, payment0_.account_holder_birthdate as account4_51_0_, payment0_.account_id as account5_51_0_, payment0_.account_status_id as account41_51_0_, payment0_.ach as ach6_51_0_, payment0_.amount as amount7_51_0_, payment0_.apply_designation_id as apply42_51_0_, payment0_.apply_to_gl as apply8_51_0_, payment0_.approval_reason as approval9_51_0_, payment0_.approval_status as approva10_51_0_, payment0_.approval_user as approva11_51_0_, payment0_.batch_number as batch12_51_0_, payment0_.block_number as block13_51_0_, payment0_.claim_number as claim14_51_0_, payment0_.claimant as claiman15_51_0_, payment0_.claimant_birthday as claiman16_51_0_, payment0_.deposit_date as deposit17_51_0_, payment0_.disapprove as disappr18_51_0_, payment0_.gov_refund as gov19_51_0_, payment0_.history_payment as history20_51_0_, payment0_.import_id as import21_51_0_, payment0_.master_account_balance as master22_51_0_, payment0_.master_account_id as master23_51_0_, payment0_.master_account_status_id as master43_51_0_, payment0_.master_claim_number as master24_51_0_, payment0_.master_claimant_birthday as master25_51_0_, payment0_.note as note26_51_0_, payment0_.order_code_id as order44_51_0_, payment0_.payment_status_id as payment45_51_0_, payment0_.payment_type as payment27_51_0_, payment0_.post_deposit_amount as post28_51_0_, payment0_.post_flag as post29_51_0_, payment0_.post_redeposit_amount as post30_51_0_, payment0_.pre_deposit_amount as pre31_51_0_, payment0_.pre_redeposit_amount as pre32_51_0_, payment0_.resolve_suspense as resolve33_51_0_, payment0_.sequence as sequenc34_51_0_, payment0_.sequence_number as sequenc35_51_0_, payment0_.ssn as ssn36_51_0_, payment0_.pay_trans_status_code_id as pay46_51_0_, payment0_.status_date as status37_51_0_, payment0_.transaction_date as transac38_51_0_, payment0_.transaction_key as transac39_51_0_, payment0_.user_inserted as user40_51_0_ from opm.payment payment0_ where payment0_.id=?
Hibernate: select account0_.id as id1_1_, account0_.deleted as deleted2_1_, account0_.acc_int_dep as acc3_1_, account0_.acc_int_fers as acc4_1_, account0_.acc_int_non_dep as acc5_1_, account0_.acc_int_rdep as acc6_1_, account0_.acc_int_var_rdep as acc7_1_, account0_.additional_service as addition8_1_, account0_.balance as balance9_1_, account0_.billing_summary_id as billing42_1_, account0_.claim_number as claim10_1_, account0_.claim_officer as claim11_1_, account0_.claim_officer_assignment_date as claim12_1_, account0_.claimant_birthdate as claiman13_1_, account0_.code_20_date as code14_1_, account0_.computation_date as computa15_1_, account0_.dbts_account as dbts16_1_, account0_.flag_postredeposit as flag17_1_, account0_.flag_preredeposit as flag18_1_, account0_.form_type_id as form43_1_, account0_.frozen as frozen19_1_, account0_.grace as grace20_1_, account0_.account_holder_id as account44_1_, account0_.last_action as last21_1_, account0_.last_pay as last22_1_, account0_.new_claim_number as new23_1_, account0_.no_interest as no24_1_, account0_.pay_code_id as pay45_1_, account0_.payment_order as payment25_1_, account0_.plan_type as plan26_1_, account0_.prior_claim_number as prior27_1_, account0_.returned_from_record_date as returne28_1_, account0_.account_status_id as account46_1_, account0_.stop_ach_payment as stop29_1_, account0_.time_period as time30_1_, account0_.tot_pay_d as tot31_1_, account0_.tot_pay_fers as tot32_1_, account0_.tot_pay_n as tot33_1_, account0_.tot_pay_r as tot34_1_, account0_.tot_pay_vr as tot35_1_, account0_.total_deposit as total36_1_, account0_.total_fers_w as total37_1_, account0_.total_non_deposit as total38_1_, account0_.total_redeposit as total39_1_, account0_.total_var_redeposit as total40_1_, account0_.account_confirmation_validation_id as account47_1_, account0_.var_int_computation_date as var41_1_ from opm.account account0_ where account0_.claim_number=?
Hibernate: select paymenthis0_.account_id as account5_1_1_, paymenthis0_.id as id1_51_1_, paymenthis0_.id as id1_51_0_, paymenthis0_.deleted as deleted2_51_0_, paymenthis0_.account_balance as account3_51_0_, paymenthis0_.account_holder_birthdate as account4_51_0_, paymenthis0_.account_id as account5_51_0_, paymenthis0_.account_status_id as account41_51_0_, paymenthis0_.ach as ach6_51_0_, paymenthis0_.amount as amount7_51_0_, paymenthis0_.apply_designation_id as apply42_51_0_, paymenthis0_.apply_to_gl as apply8_51_0_, paymenthis0_.approval_reason as approval9_51_0_, paymenthis0_.approval_status as approva10_51_0_, paymenthis0_.approval_user as approva11_51_0_, paymenthis0_.batch_number as batch12_51_0_, paymenthis0_.block_number as block13_51_0_, paymenthis0_.claim_number as claim14_51_0_, paymenthis0_.claimant as claiman15_51_0_, paymenthis0_.claimant_birthday as claiman16_51_0_, paymenthis0_.deposit_date as deposit17_51_0_, paymenthis0_.disapprove as disappr18_51_0_, paymenthis0_.gov_refund as gov19_51_0_, paymenthis0_.history_payment as history20_51_0_, paymenthis0_.import_id as import21_51_0_, paymenthis0_.master_account_balance as master22_51_0_, paymenthis0_.master_account_id as master23_51_0_, paymenthis0_.master_account_status_id as master43_51_0_, paymenthis0_.master_claim_number as master24_51_0_, paymenthis0_.master_claimant_birthday as master25_51_0_, paymenthis0_.note as note26_51_0_, paymenthis0_.order_code_id as order44_51_0_, paymenthis0_.payment_status_id as payment45_51_0_, paymenthis0_.payment_type as payment27_51_0_, paymenthis0_.post_deposit_amount as post28_51_0_, paymenthis0_.post_flag as post29_51_0_, paymenthis0_.post_redeposit_amount as post30_51_0_, paymenthis0_.pre_deposit_amount as pre31_51_0_, paymenthis0_.pre_redeposit_amount as pre32_51_0_, paymenthis0_.resolve_suspense as resolve33_51_0_, paymenthis0_.sequence as sequenc34_51_0_, paymenthis0_.sequence_number as sequenc35_51_0_, paymenthis0_.ssn as ssn36_51_0_, paymenthis0_.pay_trans_status_code_id as pay46_51_0_, paymenthis0_.status_date as status37_51_0_, paymenthis0_.transaction_date as transac38_51_0_, paymenthis0_.transaction_key as transac39_51_0_, paymenthis0_.user_inserted as user40_51_0_ from opm.payment paymenthis0_ where paymenthis0_.account_id=?
Hibernate: update opm.payment set account_id=? where id=?
Hibernate: insert into opm.payments_applied_order_code (deleted, display_order, payment_account) values (?, ?, ?)
Hibernate: select paymentsap0_.id as id1_60_0_, paymentsap0_.deleted as deleted2_60_0_, paymentsap0_.display_order as display3_60_0_, paymentsap0_.payment_account as payment4_60_0_ from opm.payments_applied_order_code paymentsap0_ where paymentsap0_.id=?
Hibernate: insert into opm.payment (deleted, account_balance, account_holder_birthdate, account_id, account_status_id, ach, amount, apply_designation_id, apply_to_gl, approval_reason, approval_status, approval_user, batch_number, block_number, claim_number, claimant, claimant_birthday, deposit_date, disapprove, gov_refund, history_payment, import_id, master_account_balance, master_account_id, master_account_status_id, master_claim_number, master_claimant_birthday, note, order_code_id, payment_status_id, payment_type, post_deposit_amount, post_flag, post_redeposit_amount, pre_deposit_amount, pre_redeposit_amount, resolve_suspense, sequence, sequence_number, ssn, pay_trans_status_code_id, status_date, transaction_date, transaction_key, user_inserted) values (?, ?, ?, ?, ?, ?, ?, ?, ?, ?, ?, ?, ?, ?, ?, ?, ?, ?, ?, ?, ?, ?, ?, ?, ?, ?, ?, ?, ?, ?, ?, ?, ?, ?, ?, ?, ?, ?, ?, ?, ?, ?, ?, ?, ?)
Hibernate: select payment0_.id as id1_51_0_, payment0_.deleted as deleted2_51_0_, payment0_.account_balance as account3_51_0_, payment0_.account_holder_birthdate as account4_51_0_, payment0_.account_id as account5_51_0_, payment0_.account_status_id as account41_51_0_, payment0_.ach as ach6_51_0_, payment0_.amount as amount7_51_0_, payment0_.apply_designation_id as apply42_51_0_, payment0_.apply_to_gl as apply8_51_0_, payment0_.approval_reason as approval9_51_0_, payment0_.approval_status as approva10_51_0_, payment0_.approval_user as approva11_51_0_, payment0_.batch_number as batch12_51_0_, payment0_.block_number as block13_51_0_, payment0_.claim_number as claim14_51_0_, payment0_.claimant as claiman15_51_0_, payment0_.claimant_birthday as claiman16_51_0_, payment0_.deposit_date as deposit17_51_0_, payment0_.disapprove as disappr18_51_0_, payment0_.gov_refund as gov19_51_0_, payment0_.history_payment as history20_51_0_, payment0_.import_id as import21_51_0_, payment0_.master_account_balance as master22_51_0_, payment0_.master_account_id as master23_51_0_, payment0_.master_account_status_id as master43_51_0_, payment0_.master_claim_number as master24_51_0_, payment0_.master_claimant_birthday as master25_51_0_, payment0_.note as note26_51_0_, payment0_.order_code_id as order44_51_0_, payment0_.payment_status_id as payment45_51_0_, payment0_.payment_type as payment27_51_0_, payment0_.post_deposit_amount as post28_51_0_, payment0_.post_flag as post29_51_0_, payment0_.post_redeposit_amount as post30_51_0_, payment0_.pre_deposit_amount as pre31_51_0_, payment0_.pre_redeposit_amount as pre32_51_0_, payment0_.resolve_suspense as resolve33_51_0_, payment0_.sequence as sequenc34_51_0_, payment0_.sequence_number as sequenc35_51_0_, payment0_.ssn as ssn36_51_0_, payment0_.pay_trans_status_code_id as pay46_51_0_, payment0_.status_date as status37_51_0_, payment0_.transaction_date as transac38_51_0_, payment0_.transaction_key as transac39_51_0_, payment0_.user_inserted as user40_51_0_ from opm.payment payment0_ where payment0_.id=?
Hibernate: select account0_.id as id1_1_, account0_.deleted as deleted2_1_, account0_.acc_int_dep as acc3_1_, account0_.acc_int_fers as acc4_1_, account0_.acc_int_non_dep as acc5_1_, account0_.acc_int_rdep as acc6_1_, account0_.acc_int_var_rdep as acc7_1_, account0_.additional_service as addition8_1_, account0_.balance as balance9_1_, account0_.billing_summary_id as billing42_1_, account0_.claim_number as claim10_1_, account0_.claim_officer as claim11_1_, account0_.claim_officer_assignment_date as claim12_1_, account0_.claimant_birthdate as claiman13_1_, account0_.code_20_date as code14_1_, account0_.computation_date as computa15_1_, account0_.dbts_account as dbts16_1_, account0_.flag_postredeposit as flag17_1_, account0_.flag_preredeposit as flag18_1_, account0_.form_type_id as form43_1_, account0_.frozen as frozen19_1_, account0_.grace as grace20_1_, account0_.account_holder_id as account44_1_, account0_.last_action as last21_1_, account0_.last_pay as last22_1_, account0_.new_claim_number as new23_1_, account0_.no_interest as no24_1_, account0_.pay_code_id as pay45_1_, account0_.payment_order as payment25_1_, account0_.plan_type as plan26_1_, account0_.prior_claim_number as prior27_1_, account0_.returned_from_record_date as returne28_1_, account0_.account_status_id as account46_1_, account0_.stop_ach_payment as stop29_1_, account0_.time_period as time30_1_, account0_.tot_pay_d as tot31_1_, account0_.tot_pay_fers as tot32_1_, account0_.tot_pay_n as tot33_1_, account0_.tot_pay_r as tot34_1_, account0_.tot_pay_vr as tot35_1_, account0_.total_deposit as total36_1_, account0_.total_fers_w as total37_1_, account0_.total_non_deposit as total38_1_, account0_.total_redeposit as total39_1_, account0_.total_var_redeposit as total40_1_, account0_.account_confirmation_validation_id as account47_1_, account0_.var_int_computation_date as var41_1_ from opm.account account0_ where account0_.claim_number=?
Hibernate: select paymenthis0_.account_id as account5_1_1_, paymenthis0_.id as id1_51_1_, paymenthis0_.id as id1_51_0_, paymenthis0_.deleted as deleted2_51_0_, paymenthis0_.account_balance as account3_51_0_, paymenthis0_.account_holder_birthdate as account4_51_0_, paymenthis0_.account_id as account5_51_0_, paymenthis0_.account_status_id as account41_51_0_, paymenthis0_.ach as ach6_51_0_, paymenthis0_.amount as amount7_51_0_, paymenthis0_.apply_designation_id as apply42_51_0_, paymenthis0_.apply_to_gl as apply8_51_0_, paymenthis0_.approval_reason as approval9_51_0_, paymenthis0_.approval_status as approva10_51_0_, paymenthis0_.approval_user as approva11_51_0_, paymenthis0_.batch_number as batch12_51_0_, paymenthis0_.block_number as block13_51_0_, paymenthis0_.claim_number as claim14_51_0_, paymenthis0_.claimant as claiman15_51_0_, paymenthis0_.claimant_birthday as claiman16_51_0_, paymenthis0_.deposit_date as deposit17_51_0_, paymenthis0_.disapprove as disappr18_51_0_, paymenthis0_.gov_refund as gov19_51_0_, paymenthis0_.history_payment as history20_51_0_, paymenthis0_.import_id as import21_51_0_, paymenthis0_.master_account_balance as master22_51_0_, paymenthis0_.master_account_id as master23_51_0_, paymenthis0_.master_account_status_id as master43_51_0_, paymenthis0_.master_claim_number as master24_51_0_, paymenthis0_.master_claimant_birthday as master25_51_0_, paymenthis0_.note as note26_51_0_, paymenthis0_.order_code_id as order44_51_0_, paymenthis0_.payment_status_id as payment45_51_0_, paymenthis0_.payment_type as payment27_51_0_, paymenthis0_.post_deposit_amount as post28_51_0_, paymenthis0_.post_flag as post29_51_0_, paymenthis0_.post_redeposit_amount as post30_51_0_, paymenthis0_.pre_deposit_amount as pre31_51_0_, paymenthis0_.pre_redeposit_amount as pre32_51_0_, paymenthis0_.resolve_suspense as resolve33_51_0_, paymenthis0_.sequence as sequenc34_51_0_, paymenthis0_.sequence_number as sequenc35_51_0_, paymenthis0_.ssn as ssn36_51_0_, paymenthis0_.pay_trans_status_code_id as pay46_51_0_, paymenthis0_.status_date as status37_51_0_, paymenthis0_.transaction_date as transac38_51_0_, paymenthis0_.transaction_key as transac39_51_0_, paymenthis0_.user_inserted as user40_51_0_ from opm.payment paymenthis0_ where paymenthis0_.account_id=?
Hibernate: update opm.payment set account_id=? where id=?
Currently processed entity: Payment, records count: 2
Progress (processed records/total records): 72/90
Hibernate: insert into opm.payment_transaction_note (deleted, note, pay_transaction_key) values (?, ?, ?)
Hibernate: select paymenttra0_.id as id1_59_0_, paymenttra0_.deleted as deleted2_59_0_, paymenttra0_.note as note3_59_0_, paymenttra0_.pay_transaction_key as pay4_59_0_ from opm.payment_transaction_note paymenttra0_ where paymenttra0_.id=?
Hibernate: insert into opm.payment_transaction_note (deleted, note, pay_transaction_key) values (?, ?, ?)
Hibernate: select paymenttra0_.id as id1_59_0_, paymenttra0_.deleted as deleted2_59_0_, paymenttra0_.note as note3_59_0_, paymenttra0_.pay_transaction_key as pay4_59_0_ from opm.payment_transaction_note paymenttra0_ where paymenttra0_.id=?
Currently processed entity: ResultSet, records count: 2
Progress (processed records/total records): 74/90
Hibernate: insert into opm.refund_transaction (deleted, amount, claim_number, refund_date, refund_username, transaction_key, transfer_type_id) values (?, ?, ?, ?, ?, ?, ?)
Hibernate: select refundtran0_.id as id1_64_0_, refundtran0_.deleted as deleted2_64_0_, refundtran0_.amount as amount3_64_0_, refundtran0_.claim_number as claim4_64_0_, refundtran0_.refund_date as refund5_64_0_, refundtran0_.refund_username as refund6_64_0_, refundtran0_.transaction_key as transact7_64_0_, refundtran0_.transfer_type_id as transfer8_64_0_ from opm.refund_transaction refundtran0_ where refundtran0_.id=?
Hibernate: insert into opm.refund_transaction (deleted, amount, claim_number, refund_date, refund_username, transaction_key, transfer_type_id) values (?, ?, ?, ?, ?, ?, ?)
Hibernate: select refundtran0_.id as id1_64_0_, refundtran0_.deleted as deleted2_64_0_, refundtran0_.amount as amount3_64_0_, refundtran0_.claim_number as claim4_64_0_, refundtran0_.refund_date as refund5_64_0_, refundtran0_.refund_username as refund6_64_0_, refundtran0_.transaction_key as transact7_64_0_, refundtran0_.transfer_type_id as transfer8_64_0_ from opm.refund_transaction refundtran0_ where refundtran0_.id=?
Currently processed entity: RefundTransaction, records count: 2
Progress (processed records/total records): 76/90
Hibernate: insert into opm.payment_refund_link (deleted, payment_needing_refund, refund_for_payment) values (?, ?, ?)
Hibernate: select paymentref0_.id as id1_55_0_, paymentref0_.deleted as deleted2_55_0_, paymentref0_.payment_needing_refund as payment3_55_0_, paymentref0_.refund_for_payment as refund4_55_0_ from opm.payment_refund_link paymentref0_ where paymentref0_.id=?
Hibernate: insert into opm.payment_refund_link (deleted, payment_needing_refund, refund_for_payment) values (?, ?, ?)
Hibernate: select paymentref0_.id as id1_55_0_, paymentref0_.deleted as deleted2_55_0_, paymentref0_.payment_needing_refund as payment3_55_0_, paymentref0_.refund_for_payment as refund4_55_0_ from opm.payment_refund_link paymentref0_ where paymentref0_.id=?
Currently processed entity: PaymentRefundLink, records count: 2
Progress (processed records/total records): 78/90
Hibernate: insert into opm.invoice (deleted, acc_int_dep, acc_int_fers, acc_int_non_dep, acc_int_rdep, acc_int_var_rdep, calc_date, deposit, fers_w, last_invoice_id, last_pay, non_ded, pay_transaction_key, redeposit, tot_pay_d, tot_pay_fers, tot_pay_n, tot_pay_r, tot_pay_vr, tot_var_redeposit) values (?, ?, ?, ?, ?, ?, ?, ?, ?, ?, ?, ?, ?, ?, ?, ?, ?, ?, ?, ?)
Hibernate: select invoice0_.id as id1_44_0_, invoice0_.deleted as deleted2_44_0_, invoice0_.acc_int_dep as acc3_44_0_, invoice0_.acc_int_fers as acc4_44_0_, invoice0_.acc_int_non_dep as acc5_44_0_, invoice0_.acc_int_rdep as acc6_44_0_, invoice0_.acc_int_var_rdep as acc7_44_0_, invoice0_.calc_date as calc8_44_0_, invoice0_.deposit as deposit9_44_0_, invoice0_.fers_w as fers10_44_0_, invoice0_.last_invoice_id as last11_44_0_, invoice0_.last_pay as last12_44_0_, invoice0_.non_ded as non13_44_0_, invoice0_.pay_transaction_key as pay14_44_0_, invoice0_.redeposit as redepos15_44_0_, invoice0_.tot_pay_d as tot16_44_0_, invoice0_.tot_pay_fers as tot17_44_0_, invoice0_.tot_pay_n as tot18_44_0_, invoice0_.tot_pay_r as tot19_44_0_, invoice0_.tot_pay_vr as tot20_44_0_, invoice0_.tot_var_redeposit as tot21_44_0_ from opm.invoice invoice0_ where invoice0_.id=?
Hibernate: insert into opm.invoice (deleted, acc_int_dep, acc_int_fers, acc_int_non_dep, acc_int_rdep, acc_int_var_rdep, calc_date, deposit, fers_w, last_invoice_id, last_pay, non_ded, pay_transaction_key, redeposit, tot_pay_d, tot_pay_fers, tot_pay_n, tot_pay_r, tot_pay_vr, tot_var_redeposit) values (?, ?, ?, ?, ?, ?, ?, ?, ?, ?, ?, ?, ?, ?, ?, ?, ?, ?, ?, ?)
Hibernate: select invoice0_.id as id1_44_0_, invoice0_.deleted as deleted2_44_0_, invoice0_.acc_int_dep as acc3_44_0_, invoice0_.acc_int_fers as acc4_44_0_, invoice0_.acc_int_non_dep as acc5_44_0_, invoice0_.acc_int_rdep as acc6_44_0_, invoice0_.acc_int_var_rdep as acc7_44_0_, invoice0_.calc_date as calc8_44_0_, invoice0_.deposit as deposit9_44_0_, invoice0_.fers_w as fers10_44_0_, invoice0_.last_invoice_id as last11_44_0_, invoice0_.last_pay as last12_44_0_, invoice0_.non_ded as non13_44_0_, invoice0_.pay_transaction_key as pay14_44_0_, invoice0_.redeposit as redepos15_44_0_, invoice0_.tot_pay_d as tot16_44_0_, invoice0_.tot_pay_fers as tot17_44_0_, invoice0_.tot_pay_n as tot18_44_0_, invoice0_.tot_pay_r as tot19_44_0_, invoice0_.tot_pay_vr as tot20_44_0_, invoice0_.tot_var_redeposit as tot21_44_0_ from opm.invoice invoice0_ where invoice0_.id=?
Currently processed entity: Invoice, records count: 2
Progress (processed records/total records): 80/90
Hibernate: insert into opm.payment_interest_detail (deleted, account_type, calculated_interest, computed_date, gui, last_pay_to_eoy_factor, last_payment_date, last_payment_was_this_year, num_whole_years, partial_to_this_factor, pay_transaction_key, post, this_interest_rate, transaction_date) values (?, ?, ?, ?, ?, ?, ?, ?, ?, ?, ?, ?, ?, ?)
Hibernate: select paymentint0_.id as id1_53_0_, paymentint0_.deleted as deleted2_53_0_, paymentint0_.account_type as account3_53_0_, paymentint0_.calculated_interest as calculat4_53_0_, paymentint0_.computed_date as computed5_53_0_, paymentint0_.gui as gui6_53_0_, paymentint0_.last_pay_to_eoy_factor as last7_53_0_, paymentint0_.last_payment_date as last8_53_0_, paymentint0_.last_payment_was_this_year as last9_53_0_, paymentint0_.num_whole_years as num10_53_0_, paymentint0_.partial_to_this_factor as partial11_53_0_, paymentint0_.pay_transaction_key as pay12_53_0_, paymentint0_.post as post13_53_0_, paymentint0_.this_interest_rate as this14_53_0_, paymentint0_.transaction_date as transac15_53_0_ from opm.payment_interest_detail paymentint0_ where paymentint0_.id=?
Hibernate: insert into opm.payment_interest_detail (deleted, account_type, calculated_interest, computed_date, gui, last_pay_to_eoy_factor, last_payment_date, last_payment_was_this_year, num_whole_years, partial_to_this_factor, pay_transaction_key, post, this_interest_rate, transaction_date) values (?, ?, ?, ?, ?, ?, ?, ?, ?, ?, ?, ?, ?, ?)
Hibernate: select paymentint0_.id as id1_53_0_, paymentint0_.deleted as deleted2_53_0_, paymentint0_.account_type as account3_53_0_, paymentint0_.calculated_interest as calculat4_53_0_, paymentint0_.computed_date as computed5_53_0_, paymentint0_.gui as gui6_53_0_, paymentint0_.last_pay_to_eoy_factor as last7_53_0_, paymentint0_.last_payment_date as last8_53_0_, paymentint0_.last_payment_was_this_year as last9_53_0_, paymentint0_.num_whole_years as num10_53_0_, paymentint0_.partial_to_this_factor as partial11_53_0_, paymentint0_.pay_transaction_key as pay12_53_0_, paymentint0_.post as post13_53_0_, paymentint0_.this_interest_rate as this14_53_0_, paymentint0_.transaction_date as transac15_53_0_ from opm.payment_interest_detail paymentint0_ where paymentint0_.id=?
Currently processed entity: PaymentInterestDetail, records count: 2
Progress (processed records/total records): 82/90
Hibernate: insert into opm.adjustment_transaction (deleted, acc_int_dep, acc_int_fers, acc_int_non_dep, acc_int_rdep, acc_int_var_rdep, approved_date, approved, claim_number, disapproved, manager_user_key, modification_date, modified, note, pay_transaction_key, processed_date, technician_user_key) values (?, ?, ?, ?, ?, ?, ?, ?, ?, ?, ?, ?, ?, ?, ?, ?, ?)
Hibernate: select adjustment0_.id as id1_8_0_, adjustment0_.deleted as deleted2_8_0_, adjustment0_.acc_int_dep as acc3_8_0_, adjustment0_.acc_int_fers as acc4_8_0_, adjustment0_.acc_int_non_dep as acc5_8_0_, adjustment0_.acc_int_rdep as acc6_8_0_, adjustment0_.acc_int_var_rdep as acc7_8_0_, adjustment0_.approved_date as approved8_8_0_, adjustment0_.approved as approved9_8_0_, adjustment0_.claim_number as claim10_8_0_, adjustment0_.disapproved as disappr11_8_0_, adjustment0_.manager_user_key as manager12_8_0_, adjustment0_.modification_date as modific13_8_0_, adjustment0_.modified as modifie14_8_0_, adjustment0_.note as note15_8_0_, adjustment0_.pay_transaction_key as pay16_8_0_, adjustment0_.processed_date as process17_8_0_, adjustment0_.technician_user_key as technic18_8_0_ from opm.adjustment_transaction adjustment0_ where adjustment0_.id=?
Hibernate: insert into opm.adjustment_transaction (deleted, acc_int_dep, acc_int_fers, acc_int_non_dep, acc_int_rdep, acc_int_var_rdep, approved_date, approved, claim_number, disapproved, manager_user_key, modification_date, modified, note, pay_transaction_key, processed_date, technician_user_key) values (?, ?, ?, ?, ?, ?, ?, ?, ?, ?, ?, ?, ?, ?, ?, ?, ?)
Hibernate: select adjustment0_.id as id1_8_0_, adjustment0_.deleted as deleted2_8_0_, adjustment0_.acc_int_dep as acc3_8_0_, adjustment0_.acc_int_fers as acc4_8_0_, adjustment0_.acc_int_non_dep as acc5_8_0_, adjustment0_.acc_int_rdep as acc6_8_0_, adjustment0_.acc_int_var_rdep as acc7_8_0_, adjustment0_.approved_date as approved8_8_0_, adjustment0_.approved as approved9_8_0_, adjustment0_.claim_number as claim10_8_0_, adjustment0_.disapproved as disappr11_8_0_, adjustment0_.manager_user_key as manager12_8_0_, adjustment0_.modification_date as modific13_8_0_, adjustment0_.modified as modifie14_8_0_, adjustment0_.note as note15_8_0_, adjustment0_.pay_transaction_key as pay16_8_0_, adjustment0_.processed_date as process17_8_0_, adjustment0_.technician_user_key as technic18_8_0_ from opm.adjustment_transaction adjustment0_ where adjustment0_.id=?
Currently processed entity: AdjustmentTransaction, records count: 2
Progress (processed records/total records): 84/90
Hibernate: insert into opm.payment_move_transaction (deleted, approved_date, approved, claim_number, disapproved, manager_user_key, modification_date, modified, note, pay_transaction_key, processed_date, technician_user_key, tot_pay_d, tot_pay_fers, tot_pay_n, tot_pay_r, tot_pay_vr) values (?, ?, ?, ?, ?, ?, ?, ?, ?, ?, ?, ?, ?, ?, ?, ?, ?)
Hibernate: select paymentmov0_.id as id1_54_0_, paymentmov0_.deleted as deleted2_54_0_, paymentmov0_.approved_date as approved3_54_0_, paymentmov0_.approved as approved4_54_0_, paymentmov0_.claim_number as claim5_54_0_, paymentmov0_.disapproved as disappro6_54_0_, paymentmov0_.manager_user_key as manager7_54_0_, paymentmov0_.modification_date as modifica8_54_0_, paymentmov0_.modified as modified9_54_0_, paymentmov0_.note as note10_54_0_, paymentmov0_.pay_transaction_key as pay11_54_0_, paymentmov0_.processed_date as process12_54_0_, paymentmov0_.technician_user_key as technic13_54_0_, paymentmov0_.tot_pay_d as tot14_54_0_, paymentmov0_.tot_pay_fers as tot15_54_0_, paymentmov0_.tot_pay_n as tot16_54_0_, paymentmov0_.tot_pay_r as tot17_54_0_, paymentmov0_.tot_pay_vr as tot18_54_0_ from opm.payment_move_transaction paymentmov0_ where paymentmov0_.id=?
Hibernate: insert into opm.payment_move_transaction (deleted, approved_date, approved, claim_number, disapproved, manager_user_key, modification_date, modified, note, pay_transaction_key, processed_date, technician_user_key, tot_pay_d, tot_pay_fers, tot_pay_n, tot_pay_r, tot_pay_vr) values (?, ?, ?, ?, ?, ?, ?, ?, ?, ?, ?, ?, ?, ?, ?, ?, ?)
Hibernate: select paymentmov0_.id as id1_54_0_, paymentmov0_.deleted as deleted2_54_0_, paymentmov0_.approved_date as approved3_54_0_, paymentmov0_.approved as approved4_54_0_, paymentmov0_.claim_number as claim5_54_0_, paymentmov0_.disapproved as disappro6_54_0_, paymentmov0_.manager_user_key as manager7_54_0_, paymentmov0_.modification_date as modifica8_54_0_, paymentmov0_.modified as modified9_54_0_, paymentmov0_.note as note10_54_0_, paymentmov0_.pay_transaction_key as pay11_54_0_, paymentmov0_.processed_date as process12_54_0_, paymentmov0_.technician_user_key as technic13_54_0_, paymentmov0_.tot_pay_d as tot14_54_0_, paymentmov0_.tot_pay_fers as tot15_54_0_, paymentmov0_.tot_pay_n as tot16_54_0_, paymentmov0_.tot_pay_r as tot17_54_0_, paymentmov0_.tot_pay_vr as tot18_54_0_ from opm.payment_move_transaction paymentmov0_ where paymentmov0_.id=?
Currently processed entity: PaymentMoveTransaction, records count: 2
Progress (processed records/total records): 86/90
Hibernate: insert into opm.audit_batch (deleted, ach_stop_letters, amount_imported, amount_processed, batch_time, daily_action, error_count_processing, error_importing, error_processing, event_day, event_month, event_year, file_received, initial_bills_processed, latest_batch, manual_batch, number_accepted, number_ach_accepted, number_ach_suspended, number_ach_unresolved, number_change_requests, number_suspended, number_unresolved, payments_processed, refund_memos, reversed_processed, user_key) values (?, ?, ?, ?, ?, ?, ?, ?, ?, ?, ?, ?, ?, ?, ?, ?, ?, ?, ?, ?, ?, ?, ?, ?, ?, ?, ?)
Hibernate: select auditbatch0_.id as id1_14_0_, auditbatch0_.deleted as deleted2_14_0_, auditbatch0_.ach_stop_letters as ach3_14_0_, auditbatch0_.amount_imported as amount4_14_0_, auditbatch0_.amount_processed as amount5_14_0_, auditbatch0_.batch_time as batch6_14_0_, auditbatch0_.daily_action as daily7_14_0_, auditbatch0_.error_count_processing as error8_14_0_, auditbatch0_.error_importing as error9_14_0_, auditbatch0_.error_processing as error10_14_0_, auditbatch0_.event_day as event11_14_0_, auditbatch0_.event_month as event12_14_0_, auditbatch0_.event_year as event13_14_0_, auditbatch0_.file_received as file14_14_0_, auditbatch0_.initial_bills_processed as initial15_14_0_, auditbatch0_.latest_batch as latest16_14_0_, auditbatch0_.manual_batch as manual17_14_0_, auditbatch0_.number_accepted as number18_14_0_, auditbatch0_.number_ach_accepted as number19_14_0_, auditbatch0_.number_ach_suspended as number20_14_0_, auditbatch0_.number_ach_unresolved as number21_14_0_, auditbatch0_.number_change_requests as number22_14_0_, auditbatch0_.number_suspended as number23_14_0_, auditbatch0_.number_unresolved as number24_14_0_, auditbatch0_.payments_processed as payment25_14_0_, auditbatch0_.refund_memos as refund26_14_0_, auditbatch0_.reversed_processed as reverse27_14_0_, auditbatch0_.user_key as user28_14_0_ from opm.audit_batch auditbatch0_ where auditbatch0_.id=?
Hibernate: insert into opm.audit_batch (deleted, ach_stop_letters, amount_imported, amount_processed, batch_time, daily_action, error_count_processing, error_importing, error_processing, event_day, event_month, event_year, file_received, initial_bills_processed, latest_batch, manual_batch, number_accepted, number_ach_accepted, number_ach_suspended, number_ach_unresolved, number_change_requests, number_suspended, number_unresolved, payments_processed, refund_memos, reversed_processed, user_key) values (?, ?, ?, ?, ?, ?, ?, ?, ?, ?, ?, ?, ?, ?, ?, ?, ?, ?, ?, ?, ?, ?, ?, ?, ?, ?, ?)
Hibernate: select auditbatch0_.id as id1_14_0_, auditbatch0_.deleted as deleted2_14_0_, auditbatch0_.ach_stop_letters as ach3_14_0_, auditbatch0_.amount_imported as amount4_14_0_, auditbatch0_.amount_processed as amount5_14_0_, auditbatch0_.batch_time as batch6_14_0_, auditbatch0_.daily_action as daily7_14_0_, auditbatch0_.error_count_processing as error8_14_0_, auditbatch0_.error_importing as error9_14_0_, auditbatch0_.error_processing as error10_14_0_, auditbatch0_.event_day as event11_14_0_, auditbatch0_.event_month as event12_14_0_, auditbatch0_.event_year as event13_14_0_, auditbatch0_.file_received as file14_14_0_, auditbatch0_.initial_bills_processed as initial15_14_0_, auditbatch0_.latest_batch as latest16_14_0_, auditbatch0_.manual_batch as manual17_14_0_, auditbatch0_.number_accepted as number18_14_0_, auditbatch0_.number_ach_accepted as number19_14_0_, auditbatch0_.number_ach_suspended as number20_14_0_, auditbatch0_.number_ach_unresolved as number21_14_0_, auditbatch0_.number_change_requests as number22_14_0_, auditbatch0_.number_suspended as number23_14_0_, auditbatch0_.number_unresolved as number24_14_0_, auditbatch0_.payments_processed as payment25_14_0_, auditbatch0_.refund_memos as refund26_14_0_, auditbatch0_.reversed_processed as reverse27_14_0_, auditbatch0_.user_key as user28_14_0_ from opm.audit_batch auditbatch0_ where auditbatch0_.id=?
Currently processed entity: AuditBatch, records count: 2
Progress (processed records/total records): 88/90
Hibernate: insert into opm.batch_daily_payments (deleted, account_balance, account_status_id, ach_payment, ach_stop_letter, audit_batch_log_id, batch_time, claim_number, error_processing, latest_batch, number_payment_today, over_payment_amount, pay_trans_status_code, pay_transaction_key, print_initial_bill, print_invoice, refund_required, reversed_payment, update_to_completed) values (?, ?, ?, ?, ?, ?, ?, ?, ?, ?, ?, ?, ?, ?, ?, ?, ?, ?, ?)
Hibernate: select batchdaily0_.id as id1_17_0_, batchdaily0_.deleted as deleted2_17_0_, batchdaily0_.account_balance as account3_17_0_, batchdaily0_.account_status_id as account20_17_0_, batchdaily0_.ach_payment as ach4_17_0_, batchdaily0_.ach_stop_letter as ach5_17_0_, batchdaily0_.audit_batch_log_id as audit6_17_0_, batchdaily0_.batch_time as batch7_17_0_, batchdaily0_.claim_number as claim8_17_0_, batchdaily0_.error_processing as error9_17_0_, batchdaily0_.latest_batch as latest10_17_0_, batchdaily0_.number_payment_today as number11_17_0_, batchdaily0_.over_payment_amount as over12_17_0_, batchdaily0_.pay_trans_status_code as pay13_17_0_, batchdaily0_.pay_transaction_key as pay14_17_0_, batchdaily0_.print_initial_bill as print15_17_0_, batchdaily0_.print_invoice as print16_17_0_, batchdaily0_.refund_required as refund17_17_0_, batchdaily0_.reversed_payment as reverse18_17_0_, batchdaily0_.update_to_completed as update19_17_0_ from opm.batch_daily_payments batchdaily0_ where batchdaily0_.id=?
Hibernate: insert into opm.batch_daily_payments (deleted, account_balance, account_status_id, ach_payment, ach_stop_letter, audit_batch_log_id, batch_time, claim_number, error_processing, latest_batch, number_payment_today, over_payment_amount, pay_trans_status_code, pay_transaction_key, print_initial_bill, print_invoice, refund_required, reversed_payment, update_to_completed) values (?, ?, ?, ?, ?, ?, ?, ?, ?, ?, ?, ?, ?, ?, ?, ?, ?, ?, ?)
Hibernate: select batchdaily0_.id as id1_17_0_, batchdaily0_.deleted as deleted2_17_0_, batchdaily0_.account_balance as account3_17_0_, batchdaily0_.account_status_id as account20_17_0_, batchdaily0_.ach_payment as ach4_17_0_, batchdaily0_.ach_stop_letter as ach5_17_0_, batchdaily0_.audit_batch_log_id as audit6_17_0_, batchdaily0_.batch_time as batch7_17_0_, batchdaily0_.claim_number as claim8_17_0_, batchdaily0_.error_processing as error9_17_0_, batchdaily0_.latest_batch as latest10_17_0_, batchdaily0_.number_payment_today as number11_17_0_, batchdaily0_.over_payment_amount as over12_17_0_, batchdaily0_.pay_trans_status_code as pay13_17_0_, batchdaily0_.pay_transaction_key as pay14_17_0_, batchdaily0_.print_initial_bill as print15_17_0_, batchdaily0_.print_invoice as print16_17_0_, batchdaily0_.refund_required as refund17_17_0_, batchdaily0_.reversed_payment as reverse18_17_0_, batchdaily0_.update_to_completed as update19_17_0_ from opm.batch_daily_payments batchdaily0_ where batchdaily0_.id=?
Currently processed entity: BatchDailyPayments, records count: 2
Progress (processed records/total records): 90/90
Hibernate: SELECT payment_code, code_description FROM opm.gl_payment_type ORDER BY payment_code
Hibernate: SELECT name, description, display_order FROM opm.retirement_type ORDER BY description
Hibernate: SELECT name, code, payment_type, post_office FROM opm.gl_code ORDER BY name
Hibernate: SELECT interest_year, interest_rate FROM opm.interest_rate ORDER BY interest_year
Hibernate: SELECT claim_number, post_982_redeposit, pre_1082_redeposit, post_982_deposit, pre_1082_deposit, fers_deposit FROM opm.interest_suppression ORDER BY claim_number
Hibernate: SELECT service_type, days_in_period, rate, service_type_description, deduction_conversion_factor FROM opm.deduction_rate ORDER BY service_type
Hibernate: SELECT name, description FROM opm.pay_code ORDER BY description
Hibernate: SELECT name, display_order FROM opm.payment_applied_order ORDER BY name
Hibernate: SELECT name, display_order FROM opm.agency_code ORDER BY name
Hibernate: SELECT claim_number, post_982_redeposit, pre_1082_redeposit, post_982_deposit, pre_1082_deposit, fers_deposit FROM opm.interest_grace_period ORDER BY claim_number
Hibernate: SELECT description, category, display_order, next_state_link, batch_processing_order, final_state, needs_approval, show_on_suspense, include_in_balance, nightly_batch, deletable, reversable, manual_entered, suspense_action, can_hit_gl, reversing_type, balanced_scorecard, send_to_dbts FROM opm.pay_trans_status_code ORDER BY description
Hibernate: SELECT name, description FROM opm.change_trans_field_number_code ORDER BY name
Hibernate: SELECT name, id FROM opm.user_status ORDER BY name
Hibernate: SELECT name, status_category, display_order FROM opm.account_status ORDER BY name
Hibernate: SELECT name, display_order, fers_deposit_allowed_after_88 FROM opm.service_type ORDER BY name
Hibernate: SELECT name, description, display_order FROM opm.pay_type ORDER BY name
Hibernate: SELECT name, description, display_order, type_category FROM opm.appointment_type ORDER BY name
Hibernate: SELECT name, description, display_order FROM opm.period_type ORDER BY name
Hibernate: SELECT claim_number, id FROM opm.annuitant_list ORDER BY claim_number
Hibernate: SELECT name, abbreviation FROM opm.state ORDER BY name
Hibernate: SELECT claim_number, id FROM opm.new_claim_number ORDER BY claim_number
Hibernate: SELECT name, id FROM opm.suffix ORDER BY name
Hibernate: SELECT holiday, exact_date, week_day, month_number, day_of_month, week_of_month FROM opm.holiday ORDER BY holiday
Hibernate: SELECT claim_number, date_of_birth FROM opm.claim_without_service ORDER BY claim_number
Hibernate: SELECT claim_number, last_action FROM opm.scm_first_insert ORDER BY claim_number
Hibernate: SELECT claim_number, reason_for_print_suppression FROM opm.a01_print_suppression_case ORDER BY claim_number
Hibernate: SELECT num_days, num_months, time_factor FROM opm.time_factor ORDER BY num_days
Hibernate: SELECT name, text FROM opm.contact_info ORDER BY name
Hibernate: SELECT name, description FROM opm.role ORDER BY name
Hibernate: SELECT rolename, action FROM opm.role_permission ORDER BY rolename
Hibernate: SELECT username, network_id, first_name, last_name, email, telephone, supervisor_id, id FROM opm.app_user ORDER BY username
Hibernate: SELECT street1, street2, street3, street4, street5, city, zip_code FROM opm.address ORDER BY city
Hibernate: SELECT ssn, first_name, middle_initial, last_name, title, telephone, holder_position, agency_code, city_of_employment FROM opm.account_holder ORDER BY ssn
Hibernate: SELECT claim_number, total_deposit, total_redeposit, total_var_redeposit, total_non_deposit, total_fers_w, acc_int_dep, acc_int_rdep, acc_int_non_dep, acc_int_var_rdep, acc_int_fers, tot_pay_d, tot_pay_r, tot_pay_n, tot_pay_vr, tot_pay_fers, time_period, additional_service, no_interest, flag_preredeposit, flag_postredeposit, prior_claim_number, payment_order, new_claim_number, stop_ach_payment, dbts_account FROM opm.account ORDER BY claim_number
Hibernate: SELECT amount, hours_in_year, annualized_amount, entered_by FROM opm.calculation WHERE entered_by < 3 ORDER BY amount
Hibernate: SELECT version, line_number FROM opm.calculation_version WHERE version < 3 ORDER BY version
Hibernate: SELECT entered_by, id FROM opm.calculation WHERE entered_by >= 3 ORDER BY entered_by
Hibernate: SELECT deduction_amount, total_interest, payment_applied, balance FROM opm.calculation_result_item ORDER BY deduction_amount
Hibernate: SELECT official, payment_order FROM opm.calculation_result ORDER BY payment_order
Hibernate: SELECT version, line_number FROM opm.calculation_version WHERE version >= 3 ORDER BY version
Hibernate: SELECT text, writer, priority FROM opm.account_note ORDER BY text
Hibernate: SELECT id FROM opm.user_account_assignment
Hibernate: SELECT batch_number, block_number, sequence_number, claim_number, amount, approval_user, post_flag, user_inserted, ach, resolve_suspense, history_payment, disapprove, gov_refund, apply_to_gl FROM opm.payment ORDER BY claim_number
Hibernate: SELECT note, id FROM opm.payment_transaction_note ORDER BY note
Hibernate: SELECT claim_number, amount, refund_username FROM opm.refund_transaction ORDER BY claim_number
Hibernate: SELECT id FROM opm.payment_refund_link ORDER BY id
Hibernate: SELECT deposit, redeposit, tot_var_redeposit, non_ded, fers_w, acc_int_dep, acc_int_rdep, acc_int_non_dep, acc_int_var_rdep, acc_int_fers, tot_pay_d, tot_pay_r, tot_pay_n, tot_pay_vr, tot_pay_fers, last_invoice_id FROM opm.invoice ORDER BY last_invoice_id
Hibernate: SELECT account_type, num_whole_years, calculated_interest, last_pay_to_eoy_factor, partial_to_this_factor, this_interest_rate, post, gui, last_payment_was_this_year FROM opm.payment_interest_detail ORDER BY account_type
Hibernate: SELECT claim_number, acc_int_dep, acc_int_rdep, acc_int_non_dep, acc_int_var_rdep, acc_int_fers, approved, disapproved, modified, note FROM opm.adjustment_transaction ORDER BY claim_number
Hibernate: SELECT claim_number, tot_pay_d, tot_pay_r, tot_pay_n, tot_pay_vr, tot_pay_fers, approved, disapproved, modified, note FROM opm.payment_move_transaction ORDER BY claim_number
Hibernate: SELECT event_year, event_month, event_day, file_received, daily_action, manual_batch, error_importing, error_processing, latest_batch, amount_imported, amount_processed, number_accepted, number_unresolved, number_suspended, number_ach_accepted, number_ach_unresolved, number_ach_suspended, number_change_requests, payments_processed, initial_bills_processed, reversed_processed, ach_stop_letters, refund_memos, error_count_processing, user_key FROM opm.audit_batch ORDER BY user_key
Hibernate: SELECT pay_transaction_key, number_payment_today, pay_trans_status_code, claim_number, account_balance, over_payment_amount, ach_payment, ach_stop_letter, print_invoice, refund_required, reversed_payment, update_to_completed, print_initial_bill, latest_batch, error_processing FROM opm.batch_daily_payments ORDER BY pay_transaction_key
Hibernate: DELETE FROM opm.batch_daily_payments
Hibernate: DELETE FROM opm.audit_batch
Hibernate: DELETE FROM opm.new_claim_number
Hibernate: DELETE FROM opm.annuitant_list
Hibernate: DELETE FROM opm.time_factor
Hibernate: DELETE FROM opm.contact_info
Hibernate: DELETE FROM opm.interest_suppression
Hibernate: DELETE FROM opm.gl_payment_type
Hibernate: DELETE FROM opm.scm_first_insert
Hibernate: DELETE FROM opm.holiday
Hibernate: DELETE FROM opm.deduction_rate
Hibernate: DELETE FROM opm.interest_grace_period
Hibernate: DELETE FROM opm.gl_code
Hibernate: DELETE FROM opm.claim_without_service
Hibernate: DELETE FROM opm.payment_transaction_note
Hibernate: DELETE FROM opm.payment_move_transaction
Hibernate: DELETE FROM opm.interest_rate
Hibernate: DELETE FROM opm.payment_interest_detail
Hibernate: DELETE FROM opm.adjustment_transaction
Hibernate: DELETE FROM opm.invoice
Hibernate: DELETE FROM opm.a01_print_suppression_case
Hibernate: DELETE FROM opm.user_account_assignment
Hibernate: DELETE FROM opm.payment_refund_link
Hibernate: DELETE FROM opm.role_permission
Hibernate: DELETE FROM opm.user_permission
Hibernate: DELETE FROM opm.service_credit_preference
Hibernate: DELETE FROM opm.account_confirmation_validation_entry
Hibernate: DELETE FROM opm.payment_reverse
Hibernate: DELETE FROM opm.payment
Hibernate: DELETE FROM opm.pay_trans_status_code
Hibernate: DELETE FROM opm.payments_applied_order_code
Hibernate: DELETE FROM opm.printout
Hibernate: DELETE FROM opm.related_help_items
Hibernate: DELETE FROM opm.help_item
Hibernate: DELETE FROM opm.notification_READBY
Hibernate: DELETE FROM opm.date_calculation_data
Hibernate: DELETE FROM opm.refund_transaction
Hibernate: DELETE FROM opm.audit_parameter_record
Hibernate: DELETE FROM opm.audit_record
Hibernate: DELETE FROM opm.dedeposit
Hibernate: DELETE FROM opm.redeposit
Hibernate: DELETE FROM opm.calculation_result_item
Hibernate: DELETE FROM opm.calculation
Hibernate: DELETE FROM opm.fers_redeposit
Hibernate: DELETE FROM opm.fers_deposit
Hibernate: DELETE FROM opm.calculation_version
Hibernate: DELETE FROM opm.calculation_result
Hibernate: DELETE FROM opm.summary_data
Hibernate: DELETE FROM opm.billing
Hibernate: DELETE FROM opm.account_note
Hibernate: DELETE FROM opm.account
Hibernate: DELETE FROM opm.account_confirmation_validation
Hibernate: DELETE FROM opm.billing_summary
Hibernate: DELETE FROM opm.account_holder
Hibernate: DELETE FROM opm.address
Hibernate: DELETE FROM opm.error
Hibernate: DELETE FROM opm.info
Hibernate: DELETE FROM opm.notification
Hibernate: DELETE FROM opm.app_user
Hibernate: DELETE FROM opm.batch_daily_payments_history
Hibernate: DELETE FROM opm.audit_batch_history
Hibernate: DELETE FROM opm.new_claim_number_history
Hibernate: DELETE FROM opm.annuitant_list_history
Hibernate: DELETE FROM opm.time_factor_history
Hibernate: DELETE FROM opm.contact_info_history
Hibernate: DELETE FROM opm.interest_suppression_history
Hibernate: DELETE FROM opm.gl_payment_type_history
Hibernate: DELETE FROM opm.scm_first_insert_history
Hibernate: DELETE FROM opm.holiday_history
Hibernate: DELETE FROM opm.deduction_rate_history
Hibernate: DELETE FROM opm.interest_grace_period_history
Hibernate: DELETE FROM opm.gl_code_history
Hibernate: DELETE FROM opm.claim_without_service_history
Hibernate: DELETE FROM opm.payment_transaction_note_history
Hibernate: DELETE FROM opm.payment_move_transaction_history
Hibernate: DELETE FROM opm.interest_rate_history
Hibernate: DELETE FROM opm.payment_interest_detail_history
Hibernate: DELETE FROM opm.adjustment_transaction_history
Hibernate: DELETE FROM opm.invoice_history
Hibernate: DELETE FROM opm.a01_print_suppression_case_history
Hibernate: DELETE FROM opm.user_account_assignment_history
Hibernate: DELETE FROM opm.payment_refund_link_history
Hibernate: DELETE FROM opm.payments_applied_order_code_history
Hibernate: DELETE FROM opm.service_credit_preference_history
Hibernate: DELETE FROM opm.account_confirmation_validation_entry_history
Hibernate: DELETE FROM opm.account_confirmation_validation_history
Hibernate: DELETE FROM opm.payment_reverse_history
Hibernate: DELETE FROM opm.payment_history
Hibernate: DELETE FROM opm.pay_trans_status_code_history
Hibernate: DELETE FROM opm.notification_READBY_history
Hibernate: DELETE FROM opm.refund_transaction_history
Hibernate: DELETE FROM opm.summary_data_history
Hibernate: DELETE FROM opm.dedeposit_history
Hibernate: DELETE FROM opm.redeposit_history
Hibernate: DELETE FROM opm.calculation_result_item_history
Hibernate: DELETE FROM opm.calculation_result_history
Hibernate: DELETE FROM opm.calculation_history
Hibernate: DELETE FROM opm.fers_redeposit_history
Hibernate: DELETE FROM opm.fers_deposit_history
Hibernate: DELETE FROM opm.calculation_version_history
Hibernate: DELETE FROM opm.billing_history
Hibernate: DELETE FROM opm.billing_summary_history
Hibernate: DELETE FROM opm.account_note_history
Hibernate: DELETE FROM opm.address_history
Hibernate: DELETE FROM opm.account_history
Hibernate: DELETE FROM opm.account_holder_history
Hibernate: DELETE FROM opm.error_history
Hibernate: DELETE FROM opm.info_history
Hibernate: DELETE FROM opm.notification_history
Hibernate: DELETE FROM opm.app_user_history
Hibernate: DELETE FROM opm.change_trans_field_number_code
Hibernate: DELETE FROM opm.pay_code
Hibernate: DELETE FROM opm.payment_applied_order
Hibernate: DELETE FROM opm.agency_code
Hibernate: DELETE FROM opm.calculation_status
Hibernate: DELETE FROM opm.transfer_type
Hibernate: DELETE FROM opm.user_status
Hibernate: DELETE FROM opm.claim_officer
Hibernate: DELETE FROM opm.payment_status
Hibernate: DELETE FROM opm.application_designation
Hibernate: DELETE FROM opm.payment_reversal_reason
Hibernate: DELETE FROM opm.pay_type
Hibernate: DELETE FROM opm.appointment_type
Hibernate: DELETE FROM opm.role
Hibernate: DELETE FROM opm.service_type
Hibernate: DELETE FROM opm.retirement_type
Hibernate: DELETE FROM opm.account_status
Hibernate: DELETE FROM opm.country
Hibernate: DELETE FROM opm.state
Hibernate: DELETE FROM opm.period_type
Hibernate: DELETE FROM opm.suffix
Hibernate: DELETE FROM opm.form_type
Hibernate: DELETE FROM opm.batch_daily_payments
Hibernate: DELETE FROM opm.audit_batch
Hibernate: DELETE FROM opm.new_claim_number
Hibernate: DELETE FROM opm.annuitant_list
Hibernate: DELETE FROM opm.time_factor
Hibernate: DELETE FROM opm.contact_info
Hibernate: DELETE FROM opm.interest_suppression
Hibernate: DELETE FROM opm.gl_payment_type
Hibernate: DELETE FROM opm.scm_first_insert
Hibernate: DELETE FROM opm.holiday
Hibernate: DELETE FROM opm.deduction_rate
Hibernate: DELETE FROM opm.interest_grace_period
Hibernate: DELETE FROM opm.gl_code
Hibernate: DELETE FROM opm.claim_without_service
Hibernate: DELETE FROM opm.payment_transaction_note
Hibernate: DELETE FROM opm.payment_move_transaction
Hibernate: DELETE FROM opm.interest_rate
Hibernate: DELETE FROM opm.payment_interest_detail
Hibernate: DELETE FROM opm.adjustment_transaction
Hibernate: DELETE FROM opm.invoice
Hibernate: DELETE FROM opm.a01_print_suppression_case
Hibernate: DELETE FROM opm.user_account_assignment
Hibernate: DELETE FROM opm.payment_refund_link
Hibernate: DELETE FROM opm.role_permission
Hibernate: DELETE FROM opm.user_permission
Hibernate: DELETE FROM opm.service_credit_preference
Hibernate: DELETE FROM opm.account_confirmation_validation_entry
Hibernate: DELETE FROM opm.payment_reverse
Hibernate: DELETE FROM opm.payment
Hibernate: DELETE FROM opm.pay_trans_status_code
Hibernate: DELETE FROM opm.payments_applied_order_code
Hibernate: DELETE FROM opm.printout
Hibernate: DELETE FROM opm.related_help_items
Hibernate: DELETE FROM opm.help_item
Hibernate: DELETE FROM opm.notification_READBY
Hibernate: DELETE FROM opm.date_calculation_data
Hibernate: DELETE FROM opm.refund_transaction
Hibernate: DELETE FROM opm.audit_parameter_record
Hibernate: DELETE FROM opm.audit_record
Hibernate: DELETE FROM opm.dedeposit
Hibernate: DELETE FROM opm.redeposit
Hibernate: DELETE FROM opm.calculation_result_item
Hibernate: DELETE FROM opm.calculation
Hibernate: DELETE FROM opm.fers_redeposit
Hibernate: DELETE FROM opm.fers_deposit
Hibernate: DELETE FROM opm.calculation_version
Hibernate: DELETE FROM opm.calculation_result
Hibernate: DELETE FROM opm.summary_data
Hibernate: DELETE FROM opm.billing
Hibernate: DELETE FROM opm.account_note
Hibernate: DELETE FROM opm.account
Hibernate: DELETE FROM opm.account_confirmation_validation
Hibernate: DELETE FROM opm.billing_summary
Hibernate: DELETE FROM opm.account_holder
Hibernate: DELETE FROM opm.address
Hibernate: DELETE FROM opm.error
Hibernate: DELETE FROM opm.info
Hibernate: DELETE FROM opm.notification
Hibernate: DELETE FROM opm.app_user
Hibernate: DELETE FROM opm.batch_daily_payments_history
Hibernate: DELETE FROM opm.audit_batch_history
Hibernate: DELETE FROM opm.new_claim_number_history
Hibernate: DELETE FROM opm.annuitant_list_history
Hibernate: DELETE FROM opm.time_factor_history
Hibernate: DELETE FROM opm.contact_info_history
Hibernate: DELETE FROM opm.interest_suppression_history
Hibernate: DELETE FROM opm.gl_payment_type_history
Hibernate: DELETE FROM opm.scm_first_insert_history
Hibernate: DELETE FROM opm.holiday_history
Hibernate: DELETE FROM opm.deduction_rate_history
Hibernate: DELETE FROM opm.interest_grace_period_history
Hibernate: DELETE FROM opm.gl_code_history
Hibernate: DELETE FROM opm.claim_without_service_history
Hibernate: DELETE FROM opm.payment_transaction_note_history
Hibernate: DELETE FROM opm.payment_move_transaction_history
Hibernate: DELETE FROM opm.interest_rate_history
Hibernate: DELETE FROM opm.payment_interest_detail_history
Hibernate: DELETE FROM opm.adjustment_transaction_history
Hibernate: DELETE FROM opm.invoice_history
Hibernate: DELETE FROM opm.a01_print_suppression_case_history
Hibernate: DELETE FROM opm.user_account_assignment_history
Hibernate: DELETE FROM opm.payment_refund_link_history
Hibernate: DELETE FROM opm.payments_applied_order_code_history
Hibernate: DELETE FROM opm.service_credit_preference_history
Hibernate: DELETE FROM opm.account_confirmation_validation_entry_history
Hibernate: DELETE FROM opm.account_confirmation_validation_history
Hibernate: DELETE FROM opm.payment_reverse_history
Hibernate: DELETE FROM opm.payment_history
Hibernate: DELETE FROM opm.pay_trans_status_code_history
Hibernate: DELETE FROM opm.notification_READBY_history
Hibernate: DELETE FROM opm.refund_transaction_history
Hibernate: DELETE FROM opm.summary_data_history
Hibernate: DELETE FROM opm.dedeposit_history
Hibernate: DELETE FROM opm.redeposit_history
Hibernate: DELETE FROM opm.calculation_result_item_history
Hibernate: DELETE FROM opm.calculation_result_history
Hibernate: DELETE FROM opm.calculation_history
Hibernate: DELETE FROM opm.fers_redeposit_history
Hibernate: DELETE FROM opm.fers_deposit_history
Hibernate: DELETE FROM opm.calculation_version_history
Hibernate: DELETE FROM opm.billing_history
Hibernate: DELETE FROM opm.billing_summary_history
Hibernate: DELETE FROM opm.account_note_history
Hibernate: DELETE FROM opm.address_history
Hibernate: DELETE FROM opm.account_history
Hibernate: DELETE FROM opm.account_holder_history
Hibernate: DELETE FROM opm.error_history
Hibernate: DELETE FROM opm.info_history
Hibernate: DELETE FROM opm.notification_history
Hibernate: DELETE FROM opm.app_user_history
Hibernate: DELETE FROM opm.change_trans_field_number_code
Hibernate: DELETE FROM opm.pay_code
Hibernate: DELETE FROM opm.payment_applied_order
Hibernate: DELETE FROM opm.agency_code
Hibernate: DELETE FROM opm.calculation_status
Hibernate: DELETE FROM opm.transfer_type
Hibernate: DELETE FROM opm.user_status
Hibernate: DELETE FROM opm.claim_officer
Hibernate: DELETE FROM opm.payment_status
Hibernate: DELETE FROM opm.application_designation
Hibernate: DELETE FROM opm.payment_reversal_reason
Hibernate: DELETE FROM opm.pay_type
Hibernate: DELETE FROM opm.appointment_type
Hibernate: DELETE FROM opm.role
Hibernate: DELETE FROM opm.service_type
Hibernate: DELETE FROM opm.retirement_type
Hibernate: DELETE FROM opm.account_status
Hibernate: DELETE FROM opm.country
Hibernate: DELETE FROM opm.state
Hibernate: DELETE FROM opm.period_type
Hibernate: DELETE FROM opm.suffix
Hibernate: DELETE FROM opm.form_type
Hibernate: DELETE FROM opm.batch_daily_payments
Hibernate: DELETE FROM opm.audit_batch
Hibernate: DELETE FROM opm.new_claim_number
Hibernate: DELETE FROM opm.annuitant_list
Hibernate: DELETE FROM opm.time_factor
Hibernate: DELETE FROM opm.contact_info
Hibernate: DELETE FROM opm.interest_suppression
Hibernate: DELETE FROM opm.gl_payment_type
Hibernate: DELETE FROM opm.scm_first_insert
Hibernate: DELETE FROM opm.holiday
Hibernate: DELETE FROM opm.deduction_rate
Hibernate: DELETE FROM opm.interest_grace_period
Hibernate: DELETE FROM opm.gl_code
Hibernate: DELETE FROM opm.claim_without_service
Hibernate: DELETE FROM opm.payment_transaction_note
Hibernate: DELETE FROM opm.payment_move_transaction
Hibernate: DELETE FROM opm.interest_rate
Hibernate: DELETE FROM opm.payment_interest_detail
Hibernate: DELETE FROM opm.adjustment_transaction
Hibernate: DELETE FROM opm.invoice
Hibernate: DELETE FROM opm.a01_print_suppression_case
Hibernate: DELETE FROM opm.user_account_assignment
Hibernate: DELETE FROM opm.payment_refund_link
Hibernate: DELETE FROM opm.role_permission
Hibernate: DELETE FROM opm.user_permission
Hibernate: DELETE FROM opm.service_credit_preference
Hibernate: DELETE FROM opm.account_confirmation_validation_entry
Hibernate: DELETE FROM opm.payment_reverse
Hibernate: DELETE FROM opm.payment
Hibernate: DELETE FROM opm.pay_trans_status_code
Hibernate: DELETE FROM opm.payments_applied_order_code
Hibernate: DELETE FROM opm.printout
Hibernate: DELETE FROM opm.related_help_items
Hibernate: DELETE FROM opm.help_item
Hibernate: DELETE FROM opm.notification_READBY
Hibernate: DELETE FROM opm.date_calculation_data
Hibernate: DELETE FROM opm.refund_transaction
Hibernate: DELETE FROM opm.audit_parameter_record
Hibernate: DELETE FROM opm.audit_record
Hibernate: DELETE FROM opm.dedeposit
Hibernate: DELETE FROM opm.redeposit
Hibernate: DELETE FROM opm.calculation_result_item
Hibernate: DELETE FROM opm.calculation
Hibernate: DELETE FROM opm.fers_redeposit
Hibernate: DELETE FROM opm.fers_deposit
Hibernate: DELETE FROM opm.calculation_version
Hibernate: DELETE FROM opm.calculation_result
Hibernate: DELETE FROM opm.summary_data
Hibernate: DELETE FROM opm.billing
Hibernate: DELETE FROM opm.account_note
Hibernate: DELETE FROM opm.account
Hibernate: DELETE FROM opm.account_confirmation_validation
Hibernate: DELETE FROM opm.billing_summary
Hibernate: DELETE FROM opm.account_holder
Hibernate: DELETE FROM opm.address
Hibernate: DELETE FROM opm.error
Hibernate: DELETE FROM opm.info
Hibernate: DELETE FROM opm.notification
Hibernate: DELETE FROM opm.app_user
Hibernate: DELETE FROM opm.batch_daily_payments_history
Hibernate: DELETE FROM opm.audit_batch_history
Hibernate: DELETE FROM opm.new_claim_number_history
Hibernate: DELETE FROM opm.annuitant_list_history
Hibernate: DELETE FROM opm.time_factor_history
Hibernate: DELETE FROM opm.contact_info_history
Hibernate: DELETE FROM opm.interest_suppression_history
Hibernate: DELETE FROM opm.gl_payment_type_history
Hibernate: DELETE FROM opm.scm_first_insert_history
Hibernate: DELETE FROM opm.holiday_history
Hibernate: DELETE FROM opm.deduction_rate_history
Hibernate: DELETE FROM opm.interest_grace_period_history
Hibernate: DELETE FROM opm.gl_code_history
Hibernate: DELETE FROM opm.claim_without_service_history
Hibernate: DELETE FROM opm.payment_transaction_note_history
Hibernate: DELETE FROM opm.payment_move_transaction_history
Hibernate: DELETE FROM opm.interest_rate_history
Hibernate: DELETE FROM opm.payment_interest_detail_history
Hibernate: DELETE FROM opm.adjustment_transaction_history
Hibernate: DELETE FROM opm.invoice_history
Hibernate: DELETE FROM opm.a01_print_suppression_case_history
Hibernate: DELETE FROM opm.user_account_assignment_history
Hibernate: DELETE FROM opm.payment_refund_link_history
Hibernate: DELETE FROM opm.payments_applied_order_code_history
Hibernate: DELETE FROM opm.service_credit_preference_history
Hibernate: DELETE FROM opm.account_confirmation_validation_entry_history
Hibernate: DELETE FROM opm.account_confirmation_validation_history
Hibernate: DELETE FROM opm.payment_reverse_history
Hibernate: DELETE FROM opm.payment_history
Hibernate: DELETE FROM opm.pay_trans_status_code_history
Hibernate: DELETE FROM opm.notification_READBY_history
Hibernate: DELETE FROM opm.refund_transaction_history
Hibernate: DELETE FROM opm.summary_data_history
Hibernate: DELETE FROM opm.dedeposit_history
Hibernate: DELETE FROM opm.redeposit_history
Hibernate: DELETE FROM opm.calculation_result_item_history
Hibernate: DELETE FROM opm.calculation_result_history
Hibernate: DELETE FROM opm.calculation_history
Hibernate: DELETE FROM opm.fers_redeposit_history
Hibernate: DELETE FROM opm.fers_deposit_history
Hibernate: DELETE FROM opm.calculation_version_history
Hibernate: DELETE FROM opm.billing_history
Hibernate: DELETE FROM opm.billing_summary_history
Hibernate: DELETE FROM opm.account_note_history
Hibernate: DELETE FROM opm.address_history
Hibernate: DELETE FROM opm.account_history
Hibernate: DELETE FROM opm.account_holder_history
Hibernate: DELETE FROM opm.error_history
Hibernate: DELETE FROM opm.info_history
Hibernate: DELETE FROM opm.notification_history
Hibernate: DELETE FROM opm.app_user_history
Hibernate: DELETE FROM opm.change_trans_field_number_code
Hibernate: DELETE FROM opm.pay_code
Hibernate: DELETE FROM opm.payment_applied_order
Hibernate: DELETE FROM opm.agency_code
Hibernate: DELETE FROM opm.calculation_status
Hibernate: DELETE FROM opm.transfer_type
Hibernate: DELETE FROM opm.user_status
Hibernate: DELETE FROM opm.claim_officer
Hibernate: DELETE FROM opm.payment_status
Hibernate: DELETE FROM opm.application_designation
Hibernate: DELETE FROM opm.payment_reversal_reason
Hibernate: DELETE FROM opm.pay_type
Hibernate: DELETE FROM opm.appointment_type
Hibernate: DELETE FROM opm.role
Hibernate: DELETE FROM opm.service_type
Hibernate: DELETE FROM opm.retirement_type
Hibernate: DELETE FROM opm.account_status
Hibernate: DELETE FROM opm.country
Hibernate: DELETE FROM opm.state
Hibernate: DELETE FROM opm.period_type
Hibernate: DELETE FROM opm.suffix
Hibernate: DELETE FROM opm.form_type
Hibernate: DELETE FROM opm.batch_daily_payments
Hibernate: DELETE FROM opm.audit_batch
Hibernate: DELETE FROM opm.new_claim_number
Hibernate: DELETE FROM opm.annuitant_list
Hibernate: DELETE FROM opm.time_factor
Hibernate: DELETE FROM opm.contact_info
Hibernate: DELETE FROM opm.interest_suppression
Hibernate: DELETE FROM opm.gl_payment_type
Hibernate: DELETE FROM opm.scm_first_insert
Hibernate: DELETE FROM opm.holiday
Hibernate: DELETE FROM opm.deduction_rate
Hibernate: DELETE FROM opm.interest_grace_period
Hibernate: DELETE FROM opm.gl_code
Hibernate: DELETE FROM opm.claim_without_service
Hibernate: DELETE FROM opm.payment_transaction_note
Hibernate: DELETE FROM opm.payment_move_transaction
Hibernate: DELETE FROM opm.interest_rate
Hibernate: DELETE FROM opm.payment_interest_detail
Hibernate: DELETE FROM opm.adjustment_transaction
Hibernate: DELETE FROM opm.invoice
Hibernate: DELETE FROM opm.a01_print_suppression_case
Hibernate: DELETE FROM opm.user_account_assignment
Hibernate: DELETE FROM opm.payment_refund_link
Hibernate: DELETE FROM opm.role_permission
Hibernate: DELETE FROM opm.user_permission
Hibernate: DELETE FROM opm.service_credit_preference
Hibernate: DELETE FROM opm.account_confirmation_validation_entry
Hibernate: DELETE FROM opm.payment_reverse
Hibernate: DELETE FROM opm.payment
Hibernate: DELETE FROM opm.pay_trans_status_code
Hibernate: DELETE FROM opm.payments_applied_order_code
Hibernate: DELETE FROM opm.printout
Hibernate: DELETE FROM opm.related_help_items
Hibernate: DELETE FROM opm.help_item
Hibernate: DELETE FROM opm.notification_READBY
Hibernate: DELETE FROM opm.date_calculation_data
Hibernate: DELETE FROM opm.refund_transaction
Hibernate: DELETE FROM opm.audit_parameter_record
Hibernate: DELETE FROM opm.audit_record
Hibernate: DELETE FROM opm.dedeposit
Hibernate: DELETE FROM opm.redeposit
Hibernate: DELETE FROM opm.calculation_result_item
Hibernate: DELETE FROM opm.calculation
Hibernate: DELETE FROM opm.fers_redeposit
Hibernate: DELETE FROM opm.fers_deposit
Hibernate: DELETE FROM opm.calculation_version
Hibernate: DELETE FROM opm.calculation_result
Hibernate: DELETE FROM opm.summary_data
Hibernate: DELETE FROM opm.billing
Hibernate: DELETE FROM opm.account_note
Hibernate: DELETE FROM opm.account
Hibernate: DELETE FROM opm.account_confirmation_validation
Hibernate: DELETE FROM opm.billing_summary
Hibernate: DELETE FROM opm.account_holder
Hibernate: DELETE FROM opm.address
Hibernate: DELETE FROM opm.error
Hibernate: DELETE FROM opm.info
Hibernate: DELETE FROM opm.notification
Hibernate: DELETE FROM opm.app_user
Hibernate: DELETE FROM opm.batch_daily_payments_history
Hibernate: DELETE FROM opm.audit_batch_history
Hibernate: DELETE FROM opm.new_claim_number_history
Hibernate: DELETE FROM opm.annuitant_list_history
Hibernate: DELETE FROM opm.time_factor_history
Hibernate: DELETE FROM opm.contact_info_history
Hibernate: DELETE FROM opm.interest_suppression_history
Hibernate: DELETE FROM opm.gl_payment_type_history
Hibernate: DELETE FROM opm.scm_first_insert_history
Hibernate: DELETE FROM opm.holiday_history
Hibernate: DELETE FROM opm.deduction_rate_history
Hibernate: DELETE FROM opm.interest_grace_period_history
Hibernate: DELETE FROM opm.gl_code_history
Hibernate: DELETE FROM opm.claim_without_service_history
Hibernate: DELETE FROM opm.payment_transaction_note_history
Hibernate: DELETE FROM opm.payment_move_transaction_history
Hibernate: DELETE FROM opm.interest_rate_history
Hibernate: DELETE FROM opm.payment_interest_detail_history
Hibernate: DELETE FROM opm.adjustment_transaction_history
Hibernate: DELETE FROM opm.invoice_history
Hibernate: DELETE FROM opm.a01_print_suppression_case_history
Hibernate: DELETE FROM opm.user_account_assignment_history
Hibernate: DELETE FROM opm.payment_refund_link_history
Hibernate: DELETE FROM opm.payments_applied_order_code_history
Hibernate: DELETE FROM opm.service_credit_preference_history
Hibernate: DELETE FROM opm.account_confirmation_validation_entry_history
Hibernate: DELETE FROM opm.account_confirmation_validation_history
Hibernate: DELETE FROM opm.payment_reverse_history
Hibernate: DELETE FROM opm.payment_history
Hibernate: DELETE FROM opm.pay_trans_status_code_history
Hibernate: DELETE FROM opm.notification_READBY_history
Hibernate: DELETE FROM opm.refund_transaction_history
Hibernate: DELETE FROM opm.summary_data_history
Hibernate: DELETE FROM opm.dedeposit_history
Hibernate: DELETE FROM opm.redeposit_history
Hibernate: DELETE FROM opm.calculation_result_item_history
Hibernate: DELETE FROM opm.calculation_result_history
Hibernate: DELETE FROM opm.calculation_history
Hibernate: DELETE FROM opm.fers_redeposit_history
Hibernate: DELETE FROM opm.fers_deposit_history
Hibernate: DELETE FROM opm.calculation_version_history
Hibernate: DELETE FROM opm.billing_history
Hibernate: DELETE FROM opm.billing_summary_history
Hibernate: DELETE FROM opm.account_note_history
Hibernate: DELETE FROM opm.address_history
Hibernate: DELETE FROM opm.account_history
Hibernate: DELETE FROM opm.account_holder_history
Hibernate: DELETE FROM opm.error_history
Hibernate: DELETE FROM opm.info_history
Hibernate: DELETE FROM opm.notification_history
Hibernate: DELETE FROM opm.app_user_history
Hibernate: DELETE FROM opm.change_trans_field_number_code
Hibernate: DELETE FROM opm.pay_code
Hibernate: DELETE FROM opm.payment_applied_order
Hibernate: DELETE FROM opm.agency_code
Hibernate: DELETE FROM opm.calculation_status
Hibernate: DELETE FROM opm.transfer_type
Hibernate: DELETE FROM opm.user_status
Hibernate: DELETE FROM opm.claim_officer
Hibernate: DELETE FROM opm.payment_status
Hibernate: DELETE FROM opm.application_designation
Hibernate: DELETE FROM opm.payment_reversal_reason
Hibernate: DELETE FROM opm.pay_type
Hibernate: DELETE FROM opm.appointment_type
Hibernate: DELETE FROM opm.role
Hibernate: DELETE FROM opm.service_type
Hibernate: DELETE FROM opm.retirement_type
Hibernate: DELETE FROM opm.account_status
Hibernate: DELETE FROM opm.country
Hibernate: DELETE FROM opm.state
Hibernate: DELETE FROM opm.period_type
Hibernate: DELETE FROM opm.suffix
Hibernate: DELETE FROM opm.form_type
Hibernate: DELETE FROM opm.batch_daily_payments
Hibernate: DELETE FROM opm.audit_batch
Hibernate: DELETE FROM opm.new_claim_number
Hibernate: DELETE FROM opm.annuitant_list
Hibernate: DELETE FROM opm.time_factor
Hibernate: DELETE FROM opm.contact_info
Hibernate: DELETE FROM opm.interest_suppression
Hibernate: DELETE FROM opm.gl_payment_type
Hibernate: DELETE FROM opm.scm_first_insert
Hibernate: DELETE FROM opm.holiday
Hibernate: DELETE FROM opm.deduction_rate
Hibernate: DELETE FROM opm.interest_grace_period
Hibernate: DELETE FROM opm.gl_code
Hibernate: DELETE FROM opm.claim_without_service
Hibernate: DELETE FROM opm.payment_transaction_note
Hibernate: DELETE FROM opm.payment_move_transaction
Hibernate: DELETE FROM opm.interest_rate
Hibernate: DELETE FROM opm.payment_interest_detail
Hibernate: DELETE FROM opm.adjustment_transaction
Hibernate: DELETE FROM opm.invoice
Hibernate: DELETE FROM opm.a01_print_suppression_case
Hibernate: DELETE FROM opm.user_account_assignment
Hibernate: DELETE FROM opm.payment_refund_link
Hibernate: DELETE FROM opm.role_permission
Hibernate: DELETE FROM opm.user_permission
Hibernate: DELETE FROM opm.service_credit_preference
Hibernate: DELETE FROM opm.account_confirmation_validation_entry
Hibernate: DELETE FROM opm.payment_reverse
Hibernate: DELETE FROM opm.payment
Hibernate: DELETE FROM opm.pay_trans_status_code
Hibernate: DELETE FROM opm.payments_applied_order_code
Hibernate: DELETE FROM opm.printout
Hibernate: DELETE FROM opm.related_help_items
Hibernate: DELETE FROM opm.help_item
Hibernate: DELETE FROM opm.notification_READBY
Hibernate: DELETE FROM opm.date_calculation_data
Hibernate: DELETE FROM opm.refund_transaction
Hibernate: DELETE FROM opm.audit_parameter_record
Hibernate: DELETE FROM opm.audit_record
Hibernate: DELETE FROM opm.dedeposit
Hibernate: DELETE FROM opm.redeposit
Hibernate: DELETE FROM opm.calculation_result_item
Hibernate: DELETE FROM opm.calculation
Hibernate: DELETE FROM opm.fers_redeposit
Hibernate: DELETE FROM opm.fers_deposit
Hibernate: DELETE FROM opm.calculation_version
Hibernate: DELETE FROM opm.calculation_result
Hibernate: DELETE FROM opm.summary_data
Hibernate: DELETE FROM opm.billing
Hibernate: DELETE FROM opm.account_note
Hibernate: DELETE FROM opm.account
Hibernate: DELETE FROM opm.account_confirmation_validation
Hibernate: DELETE FROM opm.billing_summary
Hibernate: DELETE FROM opm.account_holder
Hibernate: DELETE FROM opm.address
Hibernate: DELETE FROM opm.error
Hibernate: DELETE FROM opm.info
Hibernate: DELETE FROM opm.notification
Hibernate: DELETE FROM opm.app_user
Hibernate: DELETE FROM opm.batch_daily_payments_history
Hibernate: DELETE FROM opm.audit_batch_history
Hibernate: DELETE FROM opm.new_claim_number_history
Hibernate: DELETE FROM opm.annuitant_list_history
Hibernate: DELETE FROM opm.time_factor_history
Hibernate: DELETE FROM opm.contact_info_history
Hibernate: DELETE FROM opm.interest_suppression_history
Hibernate: DELETE FROM opm.gl_payment_type_history
Hibernate: DELETE FROM opm.scm_first_insert_history
Hibernate: DELETE FROM opm.holiday_history
Hibernate: DELETE FROM opm.deduction_rate_history
Hibernate: DELETE FROM opm.interest_grace_period_history
Hibernate: DELETE FROM opm.gl_code_history
Hibernate: DELETE FROM opm.claim_without_service_history
Hibernate: DELETE FROM opm.payment_transaction_note_history
Hibernate: DELETE FROM opm.payment_move_transaction_history
Hibernate: DELETE FROM opm.interest_rate_history
Hibernate: DELETE FROM opm.payment_interest_detail_history
Hibernate: DELETE FROM opm.adjustment_transaction_history
Hibernate: DELETE FROM opm.invoice_history
Hibernate: DELETE FROM opm.a01_print_suppression_case_history
Hibernate: DELETE FROM opm.user_account_assignment_history
Hibernate: DELETE FROM opm.payment_refund_link_history
Hibernate: DELETE FROM opm.payments_applied_order_code_history
Hibernate: DELETE FROM opm.service_credit_preference_history
Hibernate: DELETE FROM opm.account_confirmation_validation_entry_history
Hibernate: DELETE FROM opm.account_confirmation_validation_history
Hibernate: DELETE FROM opm.payment_reverse_history
Hibernate: DELETE FROM opm.payment_history
Hibernate: DELETE FROM opm.pay_trans_status_code_history
Hibernate: DELETE FROM opm.notification_READBY_history
Hibernate: DELETE FROM opm.refund_transaction_history
Hibernate: DELETE FROM opm.summary_data_history
Hibernate: DELETE FROM opm.dedeposit_history
Hibernate: DELETE FROM opm.redeposit_history
Hibernate: DELETE FROM opm.calculation_result_item_history
Hibernate: DELETE FROM opm.calculation_result_history
Hibernate: DELETE FROM opm.calculation_history
Hibernate: DELETE FROM opm.fers_redeposit_history
Hibernate: DELETE FROM opm.fers_deposit_history
Hibernate: DELETE FROM opm.calculation_version_history
Hibernate: DELETE FROM opm.billing_history
Hibernate: DELETE FROM opm.billing_summary_history
Hibernate: DELETE FROM opm.account_note_history
Hibernate: DELETE FROM opm.address_history
Hibernate: DELETE FROM opm.account_history
Hibernate: DELETE FROM opm.account_holder_history
Hibernate: DELETE FROM opm.error_history
Hibernate: DELETE FROM opm.info_history
Hibernate: DELETE FROM opm.notification_history
Hibernate: DELETE FROM opm.app_user_history
Hibernate: DELETE FROM opm.change_trans_field_number_code
Hibernate: DELETE FROM opm.pay_code
Hibernate: DELETE FROM opm.payment_applied_order
Hibernate: DELETE FROM opm.agency_code
Hibernate: DELETE FROM opm.calculation_status
Hibernate: DELETE FROM opm.transfer_type
Hibernate: DELETE FROM opm.user_status
Hibernate: DELETE FROM opm.claim_officer
Hibernate: DELETE FROM opm.payment_status
Hibernate: DELETE FROM opm.application_designation
Hibernate: DELETE FROM opm.payment_reversal_reason
Hibernate: DELETE FROM opm.pay_type
Hibernate: DELETE FROM opm.appointment_type
Hibernate: DELETE FROM opm.role
Hibernate: DELETE FROM opm.service_type
Hibernate: DELETE FROM opm.retirement_type
Hibernate: DELETE FROM opm.account_status
Hibernate: DELETE FROM opm.country
Hibernate: DELETE FROM opm.state
Hibernate: DELETE FROM opm.period_type
Hibernate: DELETE FROM opm.suffix
Hibernate: DELETE FROM opm.form_type
Hibernate: DELETE FROM opm.batch_daily_payments
Hibernate: DELETE FROM opm.audit_batch
Hibernate: DELETE FROM opm.new_claim_number
Hibernate: DELETE FROM opm.annuitant_list
Hibernate: DELETE FROM opm.time_factor
Hibernate: DELETE FROM opm.contact_info
Hibernate: DELETE FROM opm.interest_suppression
Hibernate: DELETE FROM opm.gl_payment_type
Hibernate: DELETE FROM opm.scm_first_insert
Hibernate: DELETE FROM opm.holiday
Hibernate: DELETE FROM opm.deduction_rate
Hibernate: DELETE FROM opm.interest_grace_period
Hibernate: DELETE FROM opm.gl_code
Hibernate: DELETE FROM opm.claim_without_service
Hibernate: DELETE FROM opm.payment_transaction_note
Hibernate: DELETE FROM opm.payment_move_transaction
Hibernate: DELETE FROM opm.interest_rate
Hibernate: DELETE FROM opm.payment_interest_detail
Hibernate: DELETE FROM opm.adjustment_transaction
Hibernate: DELETE FROM opm.invoice
Hibernate: DELETE FROM opm.a01_print_suppression_case
Hibernate: DELETE FROM opm.user_account_assignment
Hibernate: DELETE FROM opm.payment_refund_link
Hibernate: DELETE FROM opm.role_permission
Hibernate: DELETE FROM opm.user_permission
Hibernate: DELETE FROM opm.service_credit_preference
Hibernate: DELETE FROM opm.account_confirmation_validation_entry
Hibernate: DELETE FROM opm.payment_reverse
Hibernate: DELETE FROM opm.payment
Hibernate: DELETE FROM opm.pay_trans_status_code
Hibernate: DELETE FROM opm.payments_applied_order_code
Hibernate: DELETE FROM opm.printout
Hibernate: DELETE FROM opm.related_help_items
Hibernate: DELETE FROM opm.help_item
Hibernate: DELETE FROM opm.notification_READBY
Hibernate: DELETE FROM opm.date_calculation_data
Hibernate: DELETE FROM opm.refund_transaction
Hibernate: DELETE FROM opm.audit_parameter_record
Hibernate: DELETE FROM opm.audit_record
Hibernate: DELETE FROM opm.dedeposit
Hibernate: DELETE FROM opm.redeposit
Hibernate: DELETE FROM opm.calculation_result_item
Hibernate: DELETE FROM opm.calculation
Hibernate: DELETE FROM opm.fers_redeposit
Hibernate: DELETE FROM opm.fers_deposit
Hibernate: DELETE FROM opm.calculation_version
Hibernate: DELETE FROM opm.calculation_result
Hibernate: DELETE FROM opm.summary_data
Hibernate: DELETE FROM opm.billing
Hibernate: DELETE FROM opm.account_note
Hibernate: DELETE FROM opm.account
Hibernate: DELETE FROM opm.account_confirmation_validation
Hibernate: DELETE FROM opm.billing_summary
Hibernate: DELETE FROM opm.account_holder
Hibernate: DELETE FROM opm.address
Hibernate: DELETE FROM opm.error
Hibernate: DELETE FROM opm.info
Hibernate: DELETE FROM opm.notification
Hibernate: DELETE FROM opm.app_user
Hibernate: DELETE FROM opm.batch_daily_payments_history
Hibernate: DELETE FROM opm.audit_batch_history
Hibernate: DELETE FROM opm.new_claim_number_history
Hibernate: DELETE FROM opm.annuitant_list_history
Hibernate: DELETE FROM opm.time_factor_history
Hibernate: DELETE FROM opm.contact_info_history
Hibernate: DELETE FROM opm.interest_suppression_history
Hibernate: DELETE FROM opm.gl_payment_type_history
Hibernate: DELETE FROM opm.scm_first_insert_history
Hibernate: DELETE FROM opm.holiday_history
Hibernate: DELETE FROM opm.deduction_rate_history
Hibernate: DELETE FROM opm.interest_grace_period_history
Hibernate: DELETE FROM opm.gl_code_history
Hibernate: DELETE FROM opm.claim_without_service_history
Hibernate: DELETE FROM opm.payment_transaction_note_history
Hibernate: DELETE FROM opm.payment_move_transaction_history
Hibernate: DELETE FROM opm.interest_rate_history
Hibernate: DELETE FROM opm.payment_interest_detail_history
Hibernate: DELETE FROM opm.adjustment_transaction_history
Hibernate: DELETE FROM opm.invoice_history
Hibernate: DELETE FROM opm.a01_print_suppression_case_history
Hibernate: DELETE FROM opm.user_account_assignment_history
Hibernate: DELETE FROM opm.payment_refund_link_history
Hibernate: DELETE FROM opm.payments_applied_order_code_history
Hibernate: DELETE FROM opm.service_credit_preference_history
Hibernate: DELETE FROM opm.account_confirmation_validation_entry_history
Hibernate: DELETE FROM opm.account_confirmation_validation_history
Hibernate: DELETE FROM opm.payment_reverse_history
Hibernate: DELETE FROM opm.payment_history
Hibernate: DELETE FROM opm.pay_trans_status_code_history
Hibernate: DELETE FROM opm.notification_READBY_history
Hibernate: DELETE FROM opm.refund_transaction_history
Hibernate: DELETE FROM opm.summary_data_history
Hibernate: DELETE FROM opm.dedeposit_history
Hibernate: DELETE FROM opm.redeposit_history
Hibernate: DELETE FROM opm.calculation_result_item_history
Hibernate: DELETE FROM opm.calculation_result_history
Hibernate: DELETE FROM opm.calculation_history
Hibernate: DELETE FROM opm.fers_redeposit_history
Hibernate: DELETE FROM opm.fers_deposit_history
Hibernate: DELETE FROM opm.calculation_version_history
Hibernate: DELETE FROM opm.billing_history
Hibernate: DELETE FROM opm.billing_summary_history
Hibernate: DELETE FROM opm.account_note_history
Hibernate: DELETE FROM opm.address_history
Hibernate: DELETE FROM opm.account_history
Hibernate: DELETE FROM opm.account_holder_history
Hibernate: DELETE FROM opm.error_history
Hibernate: DELETE FROM opm.info_history
Hibernate: DELETE FROM opm.notification_history
Hibernate: DELETE FROM opm.app_user_history
Hibernate: DELETE FROM opm.change_trans_field_number_code
Hibernate: DELETE FROM opm.pay_code
Hibernate: DELETE FROM opm.payment_applied_order
Hibernate: DELETE FROM opm.agency_code
Hibernate: DELETE FROM opm.calculation_status
Hibernate: DELETE FROM opm.transfer_type
Hibernate: DELETE FROM opm.user_status
Hibernate: DELETE FROM opm.claim_officer
Hibernate: DELETE FROM opm.payment_status
Hibernate: DELETE FROM opm.application_designation
Hibernate: DELETE FROM opm.payment_reversal_reason
Hibernate: DELETE FROM opm.pay_type
Hibernate: DELETE FROM opm.appointment_type
Hibernate: DELETE FROM opm.role
Hibernate: DELETE FROM opm.service_type
Hibernate: DELETE FROM opm.retirement_type
Hibernate: DELETE FROM opm.account_status
Hibernate: DELETE FROM opm.country
Hibernate: DELETE FROM opm.state
Hibernate: DELETE FROM opm.period_type
Hibernate: DELETE FROM opm.suffix
Hibernate: DELETE FROM opm.form_type
Hibernate: DELETE FROM opm.batch_daily_payments
Hibernate: DELETE FROM opm.audit_batch
Hibernate: DELETE FROM opm.new_claim_number
Hibernate: DELETE FROM opm.annuitant_list
Hibernate: DELETE FROM opm.time_factor
Hibernate: DELETE FROM opm.contact_info
Hibernate: DELETE FROM opm.interest_suppression
Hibernate: DELETE FROM opm.gl_payment_type
Hibernate: DELETE FROM opm.scm_first_insert
Hibernate: DELETE FROM opm.holiday
Hibernate: DELETE FROM opm.deduction_rate
Hibernate: DELETE FROM opm.interest_grace_period
Hibernate: DELETE FROM opm.gl_code
Hibernate: DELETE FROM opm.claim_without_service
Hibernate: DELETE FROM opm.payment_transaction_note
Hibernate: DELETE FROM opm.payment_move_transaction
Hibernate: DELETE FROM opm.interest_rate
Hibernate: DELETE FROM opm.payment_interest_detail
Hibernate: DELETE FROM opm.adjustment_transaction
Hibernate: DELETE FROM opm.invoice
Hibernate: DELETE FROM opm.a01_print_suppression_case
Hibernate: DELETE FROM opm.user_account_assignment
Hibernate: DELETE FROM opm.payment_refund_link
Hibernate: DELETE FROM opm.role_permission
Hibernate: DELETE FROM opm.user_permission
Hibernate: DELETE FROM opm.service_credit_preference
Hibernate: DELETE FROM opm.account_confirmation_validation_entry
Hibernate: DELETE FROM opm.payment_reverse
Hibernate: DELETE FROM opm.payment
Hibernate: DELETE FROM opm.pay_trans_status_code
Hibernate: DELETE FROM opm.payments_applied_order_code
Hibernate: DELETE FROM opm.printout
Hibernate: DELETE FROM opm.related_help_items
Hibernate: DELETE FROM opm.help_item
Hibernate: DELETE FROM opm.notification_READBY
Hibernate: DELETE FROM opm.date_calculation_data
Hibernate: DELETE FROM opm.refund_transaction
Hibernate: DELETE FROM opm.audit_parameter_record
Hibernate: DELETE FROM opm.audit_record
Hibernate: DELETE FROM opm.dedeposit
Hibernate: DELETE FROM opm.redeposit
Hibernate: DELETE FROM opm.calculation_result_item
Hibernate: DELETE FROM opm.calculation
Hibernate: DELETE FROM opm.fers_redeposit
Hibernate: DELETE FROM opm.fers_deposit
Hibernate: DELETE FROM opm.calculation_version
Hibernate: DELETE FROM opm.calculation_result
Hibernate: DELETE FROM opm.summary_data
Hibernate: DELETE FROM opm.billing
Hibernate: DELETE FROM opm.account_note
Hibernate: DELETE FROM opm.account
Hibernate: DELETE FROM opm.account_confirmation_validation
Hibernate: DELETE FROM opm.billing_summary
Hibernate: DELETE FROM opm.account_holder
Hibernate: DELETE FROM opm.address
Hibernate: DELETE FROM opm.error
Hibernate: DELETE FROM opm.info
Hibernate: DELETE FROM opm.notification
Hibernate: DELETE FROM opm.app_user
Hibernate: DELETE FROM opm.batch_daily_payments_history
Hibernate: DELETE FROM opm.audit_batch_history
Hibernate: DELETE FROM opm.new_claim_number_history
Hibernate: DELETE FROM opm.annuitant_list_history
Hibernate: DELETE FROM opm.time_factor_history
Hibernate: DELETE FROM opm.contact_info_history
Hibernate: DELETE FROM opm.interest_suppression_history
Hibernate: DELETE FROM opm.gl_payment_type_history
Hibernate: DELETE FROM opm.scm_first_insert_history
Hibernate: DELETE FROM opm.holiday_history
Hibernate: DELETE FROM opm.deduction_rate_history
Hibernate: DELETE FROM opm.interest_grace_period_history
Hibernate: DELETE FROM opm.gl_code_history
Hibernate: DELETE FROM opm.claim_without_service_history
Hibernate: DELETE FROM opm.payment_transaction_note_history
Hibernate: DELETE FROM opm.payment_move_transaction_history
Hibernate: DELETE FROM opm.interest_rate_history
Hibernate: DELETE FROM opm.payment_interest_detail_history
Hibernate: DELETE FROM opm.adjustment_transaction_history
Hibernate: DELETE FROM opm.invoice_history
Hibernate: DELETE FROM opm.a01_print_suppression_case_history
Hibernate: DELETE FROM opm.user_account_assignment_history
Hibernate: DELETE FROM opm.payment_refund_link_history
Hibernate: DELETE FROM opm.payments_applied_order_code_history
Hibernate: DELETE FROM opm.service_credit_preference_history
Hibernate: DELETE FROM opm.account_confirmation_validation_entry_history
Hibernate: DELETE FROM opm.account_confirmation_validation_history
Hibernate: DELETE FROM opm.payment_reverse_history
Hibernate: DELETE FROM opm.payment_history
Hibernate: DELETE FROM opm.pay_trans_status_code_history
Hibernate: DELETE FROM opm.notification_READBY_history
Hibernate: DELETE FROM opm.refund_transaction_history
Hibernate: DELETE FROM opm.summary_data_history
Hibernate: DELETE FROM opm.dedeposit_history
Hibernate: DELETE FROM opm.redeposit_history
Hibernate: DELETE FROM opm.calculation_result_item_history
Hibernate: DELETE FROM opm.calculation_result_history
Hibernate: DELETE FROM opm.calculation_history
Hibernate: DELETE FROM opm.fers_redeposit_history
Hibernate: DELETE FROM opm.fers_deposit_history
Hibernate: DELETE FROM opm.calculation_version_history
Hibernate: DELETE FROM opm.billing_history
Hibernate: DELETE FROM opm.billing_summary_history
Hibernate: DELETE FROM opm.account_note_history
Hibernate: DELETE FROM opm.address_history
Hibernate: DELETE FROM opm.account_history
Hibernate: DELETE FROM opm.account_holder_history
Hibernate: DELETE FROM opm.error_history
Hibernate: DELETE FROM opm.info_history
Hibernate: DELETE FROM opm.notification_history
Hibernate: DELETE FROM opm.app_user_history
Hibernate: DELETE FROM opm.change_trans_field_number_code
Hibernate: DELETE FROM opm.pay_code
Hibernate: DELETE FROM opm.payment_applied_order
Hibernate: DELETE FROM opm.agency_code
Hibernate: DELETE FROM opm.calculation_status
Hibernate: DELETE FROM opm.transfer_type
Hibernate: DELETE FROM opm.user_status
Hibernate: DELETE FROM opm.claim_officer
Hibernate: DELETE FROM opm.payment_status
Hibernate: DELETE FROM opm.application_designation
Hibernate: DELETE FROM opm.payment_reversal_reason
Hibernate: DELETE FROM opm.pay_type
Hibernate: DELETE FROM opm.appointment_type
Hibernate: DELETE FROM opm.role
Hibernate: DELETE FROM opm.service_type
Hibernate: DELETE FROM opm.retirement_type
Hibernate: DELETE FROM opm.account_status
Hibernate: DELETE FROM opm.country
Hibernate: DELETE FROM opm.state
Hibernate: DELETE FROM opm.period_type
Hibernate: DELETE FROM opm.suffix
Hibernate: DELETE FROM opm.form_type
Hibernate: DELETE FROM opm.batch_daily_payments
Hibernate: DELETE FROM opm.audit_batch
Hibernate: DELETE FROM opm.new_claim_number
Hibernate: DELETE FROM opm.annuitant_list
Hibernate: DELETE FROM opm.time_factor
Hibernate: DELETE FROM opm.contact_info
Hibernate: DELETE FROM opm.interest_suppression
Hibernate: DELETE FROM opm.gl_payment_type
Hibernate: DELETE FROM opm.scm_first_insert
Hibernate: DELETE FROM opm.holiday
Hibernate: DELETE FROM opm.deduction_rate
Hibernate: DELETE FROM opm.interest_grace_period
Hibernate: DELETE FROM opm.gl_code
Hibernate: DELETE FROM opm.claim_without_service
Hibernate: DELETE FROM opm.payment_transaction_note
Hibernate: DELETE FROM opm.payment_move_transaction
Hibernate: DELETE FROM opm.interest_rate
Hibernate: DELETE FROM opm.payment_interest_detail
Hibernate: DELETE FROM opm.adjustment_transaction
Hibernate: DELETE FROM opm.invoice
Hibernate: DELETE FROM opm.a01_print_suppression_case
Hibernate: DELETE FROM opm.user_account_assignment
Hibernate: DELETE FROM opm.payment_refund_link
Hibernate: DELETE FROM opm.role_permission
Hibernate: DELETE FROM opm.user_permission
Hibernate: DELETE FROM opm.service_credit_preference
Hibernate: DELETE FROM opm.account_confirmation_validation_entry
Hibernate: DELETE FROM opm.payment_reverse
Hibernate: DELETE FROM opm.payment
Hibernate: DELETE FROM opm.pay_trans_status_code
Hibernate: DELETE FROM opm.payments_applied_order_code
Hibernate: DELETE FROM opm.printout
Hibernate: DELETE FROM opm.related_help_items
Hibernate: DELETE FROM opm.help_item
Hibernate: DELETE FROM opm.notification_READBY
Hibernate: DELETE FROM opm.date_calculation_data
Hibernate: DELETE FROM opm.refund_transaction
Hibernate: DELETE FROM opm.audit_parameter_record
Hibernate: DELETE FROM opm.audit_record
Hibernate: DELETE FROM opm.dedeposit
Hibernate: DELETE FROM opm.redeposit
Hibernate: DELETE FROM opm.calculation_result_item
Hibernate: DELETE FROM opm.calculation
Hibernate: DELETE FROM opm.fers_redeposit
Hibernate: DELETE FROM opm.fers_deposit
Hibernate: DELETE FROM opm.calculation_version
Hibernate: DELETE FROM opm.calculation_result
Hibernate: DELETE FROM opm.summary_data
Hibernate: DELETE FROM opm.billing
Hibernate: DELETE FROM opm.account_note
Hibernate: DELETE FROM opm.account
Hibernate: DELETE FROM opm.account_confirmation_validation
Hibernate: DELETE FROM opm.billing_summary
Hibernate: DELETE FROM opm.account_holder
Hibernate: DELETE FROM opm.address
Hibernate: DELETE FROM opm.error
Hibernate: DELETE FROM opm.info
Hibernate: DELETE FROM opm.notification
Hibernate: DELETE FROM opm.app_user
Hibernate: DELETE FROM opm.batch_daily_payments_history
Hibernate: DELETE FROM opm.audit_batch_history
Hibernate: DELETE FROM opm.new_claim_number_history
Hibernate: DELETE FROM opm.annuitant_list_history
Hibernate: DELETE FROM opm.time_factor_history
Hibernate: DELETE FROM opm.contact_info_history
Hibernate: DELETE FROM opm.interest_suppression_history
Hibernate: DELETE FROM opm.gl_payment_type_history
Hibernate: DELETE FROM opm.scm_first_insert_history
Hibernate: DELETE FROM opm.holiday_history
Hibernate: DELETE FROM opm.deduction_rate_history
Hibernate: DELETE FROM opm.interest_grace_period_history
Hibernate: DELETE FROM opm.gl_code_history
Hibernate: DELETE FROM opm.claim_without_service_history
Hibernate: DELETE FROM opm.payment_transaction_note_history
Hibernate: DELETE FROM opm.payment_move_transaction_history
Hibernate: DELETE FROM opm.interest_rate_history
Hibernate: DELETE FROM opm.payment_interest_detail_history
Hibernate: DELETE FROM opm.adjustment_transaction_history
Hibernate: DELETE FROM opm.invoice_history
Hibernate: DELETE FROM opm.a01_print_suppression_case_history
Hibernate: DELETE FROM opm.user_account_assignment_history
Hibernate: DELETE FROM opm.payment_refund_link_history
Hibernate: DELETE FROM opm.payments_applied_order_code_history
Hibernate: DELETE FROM opm.service_credit_preference_history
Hibernate: DELETE FROM opm.account_confirmation_validation_entry_history
Hibernate: DELETE FROM opm.account_confirmation_validation_history
Hibernate: DELETE FROM opm.payment_reverse_history
Hibernate: DELETE FROM opm.payment_history
Hibernate: DELETE FROM opm.pay_trans_status_code_history
Hibernate: DELETE FROM opm.notification_READBY_history
Hibernate: DELETE FROM opm.refund_transaction_history
Hibernate: DELETE FROM opm.summary_data_history
Hibernate: DELETE FROM opm.dedeposit_history
Hibernate: DELETE FROM opm.redeposit_history
Hibernate: DELETE FROM opm.calculation_result_item_history
Hibernate: DELETE FROM opm.calculation_result_history
Hibernate: DELETE FROM opm.calculation_history
Hibernate: DELETE FROM opm.fers_redeposit_history
Hibernate: DELETE FROM opm.fers_deposit_history
Hibernate: DELETE FROM opm.calculation_version_history
Hibernate: DELETE FROM opm.billing_history
Hibernate: DELETE FROM opm.billing_summary_history
Hibernate: DELETE FROM opm.account_note_history
Hibernate: DELETE FROM opm.address_history
Hibernate: DELETE FROM opm.account_history
Hibernate: DELETE FROM opm.account_holder_history
Hibernate: DELETE FROM opm.error_history
Hibernate: DELETE FROM opm.info_history
Hibernate: DELETE FROM opm.notification_history
Hibernate: DELETE FROM opm.app_user_history
Hibernate: DELETE FROM opm.change_trans_field_number_code
Hibernate: DELETE FROM opm.pay_code
Hibernate: DELETE FROM opm.payment_applied_order
Hibernate: DELETE FROM opm.agency_code
Hibernate: DELETE FROM opm.calculation_status
Hibernate: DELETE FROM opm.transfer_type
Hibernate: DELETE FROM opm.user_status
Hibernate: DELETE FROM opm.claim_officer
Hibernate: DELETE FROM opm.payment_status
Hibernate: DELETE FROM opm.application_designation
Hibernate: DELETE FROM opm.payment_reversal_reason
Hibernate: DELETE FROM opm.pay_type
Hibernate: DELETE FROM opm.appointment_type
Hibernate: DELETE FROM opm.role
Hibernate: DELETE FROM opm.service_type
Hibernate: DELETE FROM opm.retirement_type
Hibernate: DELETE FROM opm.account_status
Hibernate: DELETE FROM opm.country
Hibernate: DELETE FROM opm.state
Hibernate: DELETE FROM opm.period_type
Hibernate: DELETE FROM opm.suffix
Hibernate: DELETE FROM opm.form_type
Hibernate: DELETE FROM opm.batch_daily_payments
Hibernate: DELETE FROM opm.audit_batch
Hibernate: DELETE FROM opm.new_claim_number
Hibernate: DELETE FROM opm.annuitant_list
Hibernate: DELETE FROM opm.time_factor
Hibernate: DELETE FROM opm.contact_info
Hibernate: DELETE FROM opm.interest_suppression
Hibernate: DELETE FROM opm.gl_payment_type
Hibernate: DELETE FROM opm.scm_first_insert
Hibernate: DELETE FROM opm.holiday
Hibernate: DELETE FROM opm.deduction_rate
Hibernate: DELETE FROM opm.interest_grace_period
Hibernate: DELETE FROM opm.gl_code
Hibernate: DELETE FROM opm.claim_without_service
Hibernate: DELETE FROM opm.payment_transaction_note
Hibernate: DELETE FROM opm.payment_move_transaction
Hibernate: DELETE FROM opm.interest_rate
Hibernate: DELETE FROM opm.payment_interest_detail
Hibernate: DELETE FROM opm.adjustment_transaction
Hibernate: DELETE FROM opm.invoice
Hibernate: DELETE FROM opm.a01_print_suppression_case
Hibernate: DELETE FROM opm.user_account_assignment
Hibernate: DELETE FROM opm.payment_refund_link
Hibernate: DELETE FROM opm.role_permission
Hibernate: DELETE FROM opm.user_permission
Hibernate: DELETE FROM opm.service_credit_preference
Hibernate: DELETE FROM opm.account_confirmation_validation_entry
Hibernate: DELETE FROM opm.payment_reverse
Hibernate: DELETE FROM opm.payment
Hibernate: DELETE FROM opm.pay_trans_status_code
Hibernate: DELETE FROM opm.payments_applied_order_code
Hibernate: DELETE FROM opm.printout
Hibernate: DELETE FROM opm.related_help_items
Hibernate: DELETE FROM opm.help_item
Hibernate: DELETE FROM opm.notification_READBY
Hibernate: DELETE FROM opm.date_calculation_data
Hibernate: DELETE FROM opm.refund_transaction
Hibernate: DELETE FROM opm.audit_parameter_record
Hibernate: DELETE FROM opm.audit_record
Hibernate: DELETE FROM opm.dedeposit
Hibernate: DELETE FROM opm.redeposit
Hibernate: DELETE FROM opm.calculation_result_item
Hibernate: DELETE FROM opm.calculation
Hibernate: DELETE FROM opm.fers_redeposit
Hibernate: DELETE FROM opm.fers_deposit
Hibernate: DELETE FROM opm.calculation_version
Hibernate: DELETE FROM opm.calculation_result
Hibernate: DELETE FROM opm.summary_data
Hibernate: DELETE FROM opm.billing
Hibernate: DELETE FROM opm.account_note
Hibernate: DELETE FROM opm.account
Hibernate: DELETE FROM opm.account_confirmation_validation
Hibernate: DELETE FROM opm.billing_summary
Hibernate: DELETE FROM opm.account_holder
Hibernate: DELETE FROM opm.address
Hibernate: DELETE FROM opm.error
Hibernate: DELETE FROM opm.info
Hibernate: DELETE FROM opm.notification
Hibernate: DELETE FROM opm.app_user
Hibernate: DELETE FROM opm.batch_daily_payments_history
Hibernate: DELETE FROM opm.audit_batch_history
Hibernate: DELETE FROM opm.new_claim_number_history
Hibernate: DELETE FROM opm.annuitant_list_history
Hibernate: DELETE FROM opm.time_factor_history
Hibernate: DELETE FROM opm.contact_info_history
Hibernate: DELETE FROM opm.interest_suppression_history
Hibernate: DELETE FROM opm.gl_payment_type_history
Hibernate: DELETE FROM opm.scm_first_insert_history
Hibernate: DELETE FROM opm.holiday_history
Hibernate: DELETE FROM opm.deduction_rate_history
Hibernate: DELETE FROM opm.interest_grace_period_history
Hibernate: DELETE FROM opm.gl_code_history
Hibernate: DELETE FROM opm.claim_without_service_history
Hibernate: DELETE FROM opm.payment_transaction_note_history
Hibernate: DELETE FROM opm.payment_move_transaction_history
Hibernate: DELETE FROM opm.interest_rate_history
Hibernate: DELETE FROM opm.payment_interest_detail_history
Hibernate: DELETE FROM opm.adjustment_transaction_history
Hibernate: DELETE FROM opm.invoice_history
Hibernate: DELETE FROM opm.a01_print_suppression_case_history
Hibernate: DELETE FROM opm.user_account_assignment_history
Hibernate: DELETE FROM opm.payment_refund_link_history
Hibernate: DELETE FROM opm.payments_applied_order_code_history
Hibernate: DELETE FROM opm.service_credit_preference_history
Hibernate: DELETE FROM opm.account_confirmation_validation_entry_history
Hibernate: DELETE FROM opm.account_confirmation_validation_history
Hibernate: DELETE FROM opm.payment_reverse_history
Hibernate: DELETE FROM opm.payment_history
Hibernate: DELETE FROM opm.pay_trans_status_code_history
Hibernate: DELETE FROM opm.notification_READBY_history
Hibernate: DELETE FROM opm.refund_transaction_history
Hibernate: DELETE FROM opm.summary_data_history
Hibernate: DELETE FROM opm.dedeposit_history
Hibernate: DELETE FROM opm.redeposit_history
Hibernate: DELETE FROM opm.calculation_result_item_history
Hibernate: DELETE FROM opm.calculation_result_history
Hibernate: DELETE FROM opm.calculation_history
Hibernate: DELETE FROM opm.fers_redeposit_history
Hibernate: DELETE FROM opm.fers_deposit_history
Hibernate: DELETE FROM opm.calculation_version_history
Hibernate: DELETE FROM opm.billing_history
Hibernate: DELETE FROM opm.billing_summary_history
Hibernate: DELETE FROM opm.account_note_history
Hibernate: DELETE FROM opm.address_history
Hibernate: DELETE FROM opm.account_history
Hibernate: DELETE FROM opm.account_holder_history
Hibernate: DELETE FROM opm.error_history
Hibernate: DELETE FROM opm.info_history
Hibernate: DELETE FROM opm.notification_history
Hibernate: DELETE FROM opm.app_user_history
Hibernate: DELETE FROM opm.change_trans_field_number_code
Hibernate: DELETE FROM opm.pay_code
Hibernate: DELETE FROM opm.payment_applied_order
Hibernate: DELETE FROM opm.agency_code
Hibernate: DELETE FROM opm.calculation_status
Hibernate: DELETE FROM opm.transfer_type
Hibernate: DELETE FROM opm.user_status
Hibernate: DELETE FROM opm.claim_officer
Hibernate: DELETE FROM opm.payment_status
Hibernate: DELETE FROM opm.application_designation
Hibernate: DELETE FROM opm.payment_reversal_reason
Hibernate: DELETE FROM opm.pay_type
Hibernate: DELETE FROM opm.appointment_type
Hibernate: DELETE FROM opm.role
Hibernate: DELETE FROM opm.service_type
Hibernate: DELETE FROM opm.retirement_type
Hibernate: DELETE FROM opm.account_status
Hibernate: DELETE FROM opm.country
Hibernate: DELETE FROM opm.state
Hibernate: DELETE FROM opm.period_type
Hibernate: DELETE FROM opm.suffix
Hibernate: DELETE FROM opm.form_type
Hibernate: DELETE FROM opm.batch_daily_payments
Hibernate: DELETE FROM opm.audit_batch
Hibernate: DELETE FROM opm.new_claim_number
Hibernate: DELETE FROM opm.annuitant_list
Hibernate: DELETE FROM opm.time_factor
Hibernate: DELETE FROM opm.contact_info
Hibernate: DELETE FROM opm.interest_suppression
Hibernate: DELETE FROM opm.gl_payment_type
Hibernate: DELETE FROM opm.scm_first_insert
Hibernate: DELETE FROM opm.holiday
Hibernate: DELETE FROM opm.deduction_rate
Hibernate: DELETE FROM opm.interest_grace_period
Hibernate: DELETE FROM opm.gl_code
Hibernate: DELETE FROM opm.claim_without_service
Hibernate: DELETE FROM opm.payment_transaction_note
Hibernate: DELETE FROM opm.payment_move_transaction
Hibernate: DELETE FROM opm.interest_rate
Hibernate: DELETE FROM opm.payment_interest_detail
Hibernate: DELETE FROM opm.adjustment_transaction
Hibernate: DELETE FROM opm.invoice
Hibernate: DELETE FROM opm.a01_print_suppression_case
Hibernate: DELETE FROM opm.user_account_assignment
Hibernate: DELETE FROM opm.payment_refund_link
Hibernate: DELETE FROM opm.role_permission
Hibernate: DELETE FROM opm.user_permission
Hibernate: DELETE FROM opm.service_credit_preference
Hibernate: DELETE FROM opm.account_confirmation_validation_entry
Hibernate: DELETE FROM opm.payment_reverse
Hibernate: DELETE FROM opm.payment
Hibernate: DELETE FROM opm.pay_trans_status_code
Hibernate: DELETE FROM opm.payments_applied_order_code
Hibernate: DELETE FROM opm.printout
Hibernate: DELETE FROM opm.related_help_items
Hibernate: DELETE FROM opm.help_item
Hibernate: DELETE FROM opm.notification_READBY
Hibernate: DELETE FROM opm.date_calculation_data
Hibernate: DELETE FROM opm.refund_transaction
Hibernate: DELETE FROM opm.audit_parameter_record
Hibernate: DELETE FROM opm.audit_record
Hibernate: DELETE FROM opm.dedeposit
Hibernate: DELETE FROM opm.redeposit
Hibernate: DELETE FROM opm.calculation_result_item
Hibernate: DELETE FROM opm.calculation
Hibernate: DELETE FROM opm.fers_redeposit
Hibernate: DELETE FROM opm.fers_deposit
Hibernate: DELETE FROM opm.calculation_version
Hibernate: DELETE FROM opm.calculation_result
Hibernate: DELETE FROM opm.summary_data
Hibernate: DELETE FROM opm.billing
Hibernate: DELETE FROM opm.account_note
Hibernate: DELETE FROM opm.account
Hibernate: DELETE FROM opm.account_confirmation_validation
Hibernate: DELETE FROM opm.billing_summary
Hibernate: DELETE FROM opm.account_holder
Hibernate: DELETE FROM opm.address
Hibernate: DELETE FROM opm.error
Hibernate: DELETE FROM opm.info
Hibernate: DELETE FROM opm.notification
Hibernate: DELETE FROM opm.app_user
Hibernate: DELETE FROM opm.batch_daily_payments_history
Hibernate: DELETE FROM opm.audit_batch_history
Hibernate: DELETE FROM opm.new_claim_number_history
Hibernate: DELETE FROM opm.annuitant_list_history
Hibernate: DELETE FROM opm.time_factor_history
Hibernate: DELETE FROM opm.contact_info_history
Hibernate: DELETE FROM opm.interest_suppression_history
Hibernate: DELETE FROM opm.gl_payment_type_history
Hibernate: DELETE FROM opm.scm_first_insert_history
Hibernate: DELETE FROM opm.holiday_history
Hibernate: DELETE FROM opm.deduction_rate_history
Hibernate: DELETE FROM opm.interest_grace_period_history
Hibernate: DELETE FROM opm.gl_code_history
Hibernate: DELETE FROM opm.claim_without_service_history
Hibernate: DELETE FROM opm.payment_transaction_note_history
Hibernate: DELETE FROM opm.payment_move_transaction_history
Hibernate: DELETE FROM opm.interest_rate_history
Hibernate: DELETE FROM opm.payment_interest_detail_history
Hibernate: DELETE FROM opm.adjustment_transaction_history
Hibernate: DELETE FROM opm.invoice_history
Hibernate: DELETE FROM opm.a01_print_suppression_case_history
Hibernate: DELETE FROM opm.user_account_assignment_history
Hibernate: DELETE FROM opm.payment_refund_link_history
Hibernate: DELETE FROM opm.payments_applied_order_code_history
Hibernate: DELETE FROM opm.service_credit_preference_history
Hibernate: DELETE FROM opm.account_confirmation_validation_entry_history
Hibernate: DELETE FROM opm.account_confirmation_validation_history
Hibernate: DELETE FROM opm.payment_reverse_history
Hibernate: DELETE FROM opm.payment_history
Hibernate: DELETE FROM opm.pay_trans_status_code_history
Hibernate: DELETE FROM opm.notification_READBY_history
Hibernate: DELETE FROM opm.refund_transaction_history
Hibernate: DELETE FROM opm.summary_data_history
Hibernate: DELETE FROM opm.dedeposit_history
Hibernate: DELETE FROM opm.redeposit_history
Hibernate: DELETE FROM opm.calculation_result_item_history
Hibernate: DELETE FROM opm.calculation_result_history
Hibernate: DELETE FROM opm.calculation_history
Hibernate: DELETE FROM opm.fers_redeposit_history
Hibernate: DELETE FROM opm.fers_deposit_history
Hibernate: DELETE FROM opm.calculation_version_history
Hibernate: DELETE FROM opm.billing_history
Hibernate: DELETE FROM opm.billing_summary_history
Hibernate: DELETE FROM opm.account_note_history
Hibernate: DELETE FROM opm.address_history
Hibernate: DELETE FROM opm.account_history
Hibernate: DELETE FROM opm.account_holder_history
Hibernate: DELETE FROM opm.error_history
Hibernate: DELETE FROM opm.info_history
Hibernate: DELETE FROM opm.notification_history
Hibernate: DELETE FROM opm.app_user_history
Hibernate: DELETE FROM opm.change_trans_field_number_code
Hibernate: DELETE FROM opm.pay_code
Hibernate: DELETE FROM opm.payment_applied_order
Hibernate: DELETE FROM opm.agency_code
Hibernate: DELETE FROM opm.calculation_status
Hibernate: DELETE FROM opm.transfer_type
Hibernate: DELETE FROM opm.user_status
Hibernate: DELETE FROM opm.claim_officer
Hibernate: DELETE FROM opm.payment_status
Hibernate: DELETE FROM opm.application_designation
Hibernate: DELETE FROM opm.payment_reversal_reason
Hibernate: DELETE FROM opm.pay_type
Hibernate: DELETE FROM opm.appointment_type
Hibernate: DELETE FROM opm.role
Hibernate: DELETE FROM opm.service_type
Hibernate: DELETE FROM opm.retirement_type
Hibernate: DELETE FROM opm.account_status
Hibernate: DELETE FROM opm.country
Hibernate: DELETE FROM opm.state
Hibernate: DELETE FROM opm.period_type
Hibernate: DELETE FROM opm.suffix
Hibernate: DELETE FROM opm.form_type
Hibernate: DELETE FROM opm.batch_daily_payments
Hibernate: DELETE FROM opm.audit_batch
Hibernate: DELETE FROM opm.new_claim_number
Hibernate: DELETE FROM opm.annuitant_list
Hibernate: DELETE FROM opm.time_factor
Hibernate: DELETE FROM opm.contact_info
Hibernate: DELETE FROM opm.interest_suppression
Hibernate: DELETE FROM opm.gl_payment_type
Hibernate: DELETE FROM opm.scm_first_insert
Hibernate: DELETE FROM opm.holiday
Hibernate: DELETE FROM opm.deduction_rate
Hibernate: DELETE FROM opm.interest_grace_period
Hibernate: DELETE FROM opm.gl_code
Hibernate: DELETE FROM opm.claim_without_service
Hibernate: DELETE FROM opm.payment_transaction_note
Hibernate: DELETE FROM opm.payment_move_transaction
Hibernate: DELETE FROM opm.interest_rate
Hibernate: DELETE FROM opm.payment_interest_detail
Hibernate: DELETE FROM opm.adjustment_transaction
Hibernate: DELETE FROM opm.invoice
Hibernate: DELETE FROM opm.a01_print_suppression_case
Hibernate: DELETE FROM opm.user_account_assignment
Hibernate: DELETE FROM opm.payment_refund_link
Hibernate: DELETE FROM opm.role_permission
Hibernate: DELETE FROM opm.user_permission
Hibernate: DELETE FROM opm.service_credit_preference
Hibernate: DELETE FROM opm.account_confirmation_validation_entry
Hibernate: DELETE FROM opm.payment_reverse
Hibernate: DELETE FROM opm.payment
Hibernate: DELETE FROM opm.pay_trans_status_code
Hibernate: DELETE FROM opm.payments_applied_order_code
Hibernate: DELETE FROM opm.printout
Hibernate: DELETE FROM opm.related_help_items
Hibernate: DELETE FROM opm.help_item
Hibernate: DELETE FROM opm.notification_READBY
Hibernate: DELETE FROM opm.date_calculation_data
Hibernate: DELETE FROM opm.refund_transaction
Hibernate: DELETE FROM opm.audit_parameter_record
Hibernate: DELETE FROM opm.audit_record
Hibernate: DELETE FROM opm.dedeposit
Hibernate: DELETE FROM opm.redeposit
Hibernate: DELETE FROM opm.calculation_result_item
Hibernate: DELETE FROM opm.calculation
Hibernate: DELETE FROM opm.fers_redeposit
Hibernate: DELETE FROM opm.fers_deposit
Hibernate: DELETE FROM opm.calculation_version
Hibernate: DELETE FROM opm.calculation_result
Hibernate: DELETE FROM opm.summary_data
Hibernate: DELETE FROM opm.billing
Hibernate: DELETE FROM opm.account_note
Hibernate: DELETE FROM opm.account
Hibernate: DELETE FROM opm.account_confirmation_validation
Hibernate: DELETE FROM opm.billing_summary
Hibernate: DELETE FROM opm.account_holder
Hibernate: DELETE FROM opm.address
Hibernate: DELETE FROM opm.error
Hibernate: DELETE FROM opm.info
Hibernate: DELETE FROM opm.notification
Hibernate: DELETE FROM opm.app_user
Hibernate: DELETE FROM opm.batch_daily_payments_history
Hibernate: DELETE FROM opm.audit_batch_history
Hibernate: DELETE FROM opm.new_claim_number_history
Hibernate: DELETE FROM opm.annuitant_list_history
Hibernate: DELETE FROM opm.time_factor_history
Hibernate: DELETE FROM opm.contact_info_history
Hibernate: DELETE FROM opm.interest_suppression_history
Hibernate: DELETE FROM opm.gl_payment_type_history
Hibernate: DELETE FROM opm.scm_first_insert_history
Hibernate: DELETE FROM opm.holiday_history
Hibernate: DELETE FROM opm.deduction_rate_history
Hibernate: DELETE FROM opm.interest_grace_period_history
Hibernate: DELETE FROM opm.gl_code_history
Hibernate: DELETE FROM opm.claim_without_service_history
Hibernate: DELETE FROM opm.payment_transaction_note_history
Hibernate: DELETE FROM opm.payment_move_transaction_history
Hibernate: DELETE FROM opm.interest_rate_history
Hibernate: DELETE FROM opm.payment_interest_detail_history
Hibernate: DELETE FROM opm.adjustment_transaction_history
Hibernate: DELETE FROM opm.invoice_history
Hibernate: DELETE FROM opm.a01_print_suppression_case_history
Hibernate: DELETE FROM opm.user_account_assignment_history
Hibernate: DELETE FROM opm.payment_refund_link_history
Hibernate: DELETE FROM opm.payments_applied_order_code_history
Hibernate: DELETE FROM opm.service_credit_preference_history
Hibernate: DELETE FROM opm.account_confirmation_validation_entry_history
Hibernate: DELETE FROM opm.account_confirmation_validation_history
Hibernate: DELETE FROM opm.payment_reverse_history
Hibernate: DELETE FROM opm.payment_history
Hibernate: DELETE FROM opm.pay_trans_status_code_history
Hibernate: DELETE FROM opm.notification_READBY_history
Hibernate: DELETE FROM opm.refund_transaction_history
Hibernate: DELETE FROM opm.summary_data_history
Hibernate: DELETE FROM opm.dedeposit_history
Hibernate: DELETE FROM opm.redeposit_history
Hibernate: DELETE FROM opm.calculation_result_item_history
Hibernate: DELETE FROM opm.calculation_result_history
Hibernate: DELETE FROM opm.calculation_history
Hibernate: DELETE FROM opm.fers_redeposit_history
Hibernate: DELETE FROM opm.fers_deposit_history
Hibernate: DELETE FROM opm.calculation_version_history
Hibernate: DELETE FROM opm.billing_history
Hibernate: DELETE FROM opm.billing_summary_history
Hibernate: DELETE FROM opm.account_note_history
Hibernate: DELETE FROM opm.address_history
Hibernate: DELETE FROM opm.account_history
Hibernate: DELETE FROM opm.account_holder_history
Hibernate: DELETE FROM opm.error_history
Hibernate: DELETE FROM opm.info_history
Hibernate: DELETE FROM opm.notification_history
Hibernate: DELETE FROM opm.app_user_history
Hibernate: DELETE FROM opm.change_trans_field_number_code
Hibernate: DELETE FROM opm.pay_code
Hibernate: DELETE FROM opm.payment_applied_order
Hibernate: DELETE FROM opm.agency_code
Hibernate: DELETE FROM opm.calculation_status
Hibernate: DELETE FROM opm.transfer_type
Hibernate: DELETE FROM opm.user_status
Hibernate: DELETE FROM opm.claim_officer
Hibernate: DELETE FROM opm.payment_status
Hibernate: DELETE FROM opm.application_designation
Hibernate: DELETE FROM opm.payment_reversal_reason
Hibernate: DELETE FROM opm.pay_type
Hibernate: DELETE FROM opm.appointment_type
Hibernate: DELETE FROM opm.role
Hibernate: DELETE FROM opm.service_type
Hibernate: DELETE FROM opm.retirement_type
Hibernate: DELETE FROM opm.account_status
Hibernate: DELETE FROM opm.country
Hibernate: DELETE FROM opm.state
Hibernate: DELETE FROM opm.period_type
Hibernate: DELETE FROM opm.suffix
Hibernate: DELETE FROM opm.form_type
Hibernate: DELETE FROM opm.batch_daily_payments
Hibernate: DELETE FROM opm.audit_batch
Hibernate: DELETE FROM opm.new_claim_number
Hibernate: DELETE FROM opm.annuitant_list
Hibernate: DELETE FROM opm.time_factor
Hibernate: DELETE FROM opm.contact_info
Hibernate: DELETE FROM opm.interest_suppression
Hibernate: DELETE FROM opm.gl_payment_type
Hibernate: DELETE FROM opm.scm_first_insert
Hibernate: DELETE FROM opm.holiday
Hibernate: DELETE FROM opm.deduction_rate
Hibernate: DELETE FROM opm.interest_grace_period
Hibernate: DELETE FROM opm.gl_code
Hibernate: DELETE FROM opm.claim_without_service
Hibernate: DELETE FROM opm.payment_transaction_note
Hibernate: DELETE FROM opm.payment_move_transaction
Hibernate: DELETE FROM opm.interest_rate
Hibernate: DELETE FROM opm.payment_interest_detail
Hibernate: DELETE FROM opm.adjustment_transaction
Hibernate: DELETE FROM opm.invoice
Hibernate: DELETE FROM opm.a01_print_suppression_case
Hibernate: DELETE FROM opm.user_account_assignment
Hibernate: DELETE FROM opm.payment_refund_link
Hibernate: DELETE FROM opm.role_permission
Hibernate: DELETE FROM opm.user_permission
Hibernate: DELETE FROM opm.service_credit_preference
Hibernate: DELETE FROM opm.account_confirmation_validation_entry
Hibernate: DELETE FROM opm.payment_reverse
Hibernate: DELETE FROM opm.payment
Hibernate: DELETE FROM opm.pay_trans_status_code
Hibernate: DELETE FROM opm.payments_applied_order_code
Hibernate: DELETE FROM opm.printout
Hibernate: DELETE FROM opm.related_help_items
Hibernate: DELETE FROM opm.help_item
Hibernate: DELETE FROM opm.notification_READBY
Hibernate: DELETE FROM opm.date_calculation_data
Hibernate: DELETE FROM opm.refund_transaction
Hibernate: DELETE FROM opm.audit_parameter_record
Hibernate: DELETE FROM opm.audit_record
Hibernate: DELETE FROM opm.dedeposit
Hibernate: DELETE FROM opm.redeposit
Hibernate: DELETE FROM opm.calculation_result_item
Hibernate: DELETE FROM opm.calculation
Hibernate: DELETE FROM opm.fers_redeposit
Hibernate: DELETE FROM opm.fers_deposit
Hibernate: DELETE FROM opm.calculation_version
Hibernate: DELETE FROM opm.calculation_result
Hibernate: DELETE FROM opm.summary_data
Hibernate: DELETE FROM opm.billing
Hibernate: DELETE FROM opm.account_note
Hibernate: DELETE FROM opm.account
Hibernate: DELETE FROM opm.account_confirmation_validation
Hibernate: DELETE FROM opm.billing_summary
Hibernate: DELETE FROM opm.account_holder
Hibernate: DELETE FROM opm.address
Hibernate: DELETE FROM opm.error
Hibernate: DELETE FROM opm.info
Hibernate: DELETE FROM opm.notification
Hibernate: DELETE FROM opm.app_user
Hibernate: DELETE FROM opm.batch_daily_payments_history
Hibernate: DELETE FROM opm.audit_batch_history
Hibernate: DELETE FROM opm.new_claim_number_history
Hibernate: DELETE FROM opm.annuitant_list_history
Hibernate: DELETE FROM opm.time_factor_history
Hibernate: DELETE FROM opm.contact_info_history
Hibernate: DELETE FROM opm.interest_suppression_history
Hibernate: DELETE FROM opm.gl_payment_type_history
Hibernate: DELETE FROM opm.scm_first_insert_history
Hibernate: DELETE FROM opm.holiday_history
Hibernate: DELETE FROM opm.deduction_rate_history
Hibernate: DELETE FROM opm.interest_grace_period_history
Hibernate: DELETE FROM opm.gl_code_history
Hibernate: DELETE FROM opm.claim_without_service_history
Hibernate: DELETE FROM opm.payment_transaction_note_history
Hibernate: DELETE FROM opm.payment_move_transaction_history
Hibernate: DELETE FROM opm.interest_rate_history
Hibernate: DELETE FROM opm.payment_interest_detail_history
Hibernate: DELETE FROM opm.adjustment_transaction_history
Hibernate: DELETE FROM opm.invoice_history
Hibernate: DELETE FROM opm.a01_print_suppression_case_history
Hibernate: DELETE FROM opm.user_account_assignment_history
Hibernate: DELETE FROM opm.payment_refund_link_history
Hibernate: DELETE FROM opm.payments_applied_order_code_history
Hibernate: DELETE FROM opm.service_credit_preference_history
Hibernate: DELETE FROM opm.account_confirmation_validation_entry_history
Hibernate: DELETE FROM opm.account_confirmation_validation_history
Hibernate: DELETE FROM opm.payment_reverse_history
Hibernate: DELETE FROM opm.payment_history
Hibernate: DELETE FROM opm.pay_trans_status_code_history
Hibernate: DELETE FROM opm.notification_READBY_history
Hibernate: DELETE FROM opm.refund_transaction_history
Hibernate: DELETE FROM opm.summary_data_history
Hibernate: DELETE FROM opm.dedeposit_history
Hibernate: DELETE FROM opm.redeposit_history
Hibernate: DELETE FROM opm.calculation_result_item_history
Hibernate: DELETE FROM opm.calculation_result_history
Hibernate: DELETE FROM opm.calculation_history
Hibernate: DELETE FROM opm.fers_redeposit_history
Hibernate: DELETE FROM opm.fers_deposit_history
Hibernate: DELETE FROM opm.calculation_version_history
Hibernate: DELETE FROM opm.billing_history
Hibernate: DELETE FROM opm.billing_summary_history
Hibernate: DELETE FROM opm.account_note_history
Hibernate: DELETE FROM opm.address_history
Hibernate: DELETE FROM opm.account_history
Hibernate: DELETE FROM opm.account_holder_history
Hibernate: DELETE FROM opm.error_history
Hibernate: DELETE FROM opm.info_history
Hibernate: DELETE FROM opm.notification_history
Hibernate: DELETE FROM opm.app_user_history
Hibernate: DELETE FROM opm.change_trans_field_number_code
Hibernate: DELETE FROM opm.pay_code
Hibernate: DELETE FROM opm.payment_applied_order
Hibernate: DELETE FROM opm.agency_code
Hibernate: DELETE FROM opm.calculation_status
Hibernate: DELETE FROM opm.transfer_type
Hibernate: DELETE FROM opm.user_status
Hibernate: DELETE FROM opm.claim_officer
Hibernate: DELETE FROM opm.payment_status
Hibernate: DELETE FROM opm.application_designation
Hibernate: DELETE FROM opm.payment_reversal_reason
Hibernate: DELETE FROM opm.pay_type
Hibernate: DELETE FROM opm.appointment_type
Hibernate: DELETE FROM opm.role
Hibernate: DELETE FROM opm.service_type
Hibernate: DELETE FROM opm.retirement_type
Hibernate: DELETE FROM opm.account_status
Hibernate: DELETE FROM opm.country
Hibernate: DELETE FROM opm.state
Hibernate: DELETE FROM opm.period_type
Hibernate: DELETE FROM opm.suffix
Hibernate: DELETE FROM opm.form_type
Hibernate: DELETE FROM opm.batch_daily_payments
Hibernate: DELETE FROM opm.audit_batch
Hibernate: DELETE FROM opm.new_claim_number
Hibernate: DELETE FROM opm.annuitant_list
Hibernate: DELETE FROM opm.time_factor
Hibernate: DELETE FROM opm.contact_info
Hibernate: DELETE FROM opm.interest_suppression
Hibernate: DELETE FROM opm.gl_payment_type
Hibernate: DELETE FROM opm.scm_first_insert
Hibernate: DELETE FROM opm.holiday
Hibernate: DELETE FROM opm.deduction_rate
Hibernate: DELETE FROM opm.interest_grace_period
Hibernate: DELETE FROM opm.gl_code
Hibernate: DELETE FROM opm.claim_without_service
Hibernate: DELETE FROM opm.payment_transaction_note
Hibernate: DELETE FROM opm.payment_move_transaction
Hibernate: DELETE FROM opm.interest_rate
Hibernate: DELETE FROM opm.payment_interest_detail
Hibernate: DELETE FROM opm.adjustment_transaction
Hibernate: DELETE FROM opm.invoice
Hibernate: DELETE FROM opm.a01_print_suppression_case
Hibernate: DELETE FROM opm.user_account_assignment
Hibernate: DELETE FROM opm.payment_refund_link
Hibernate: DELETE FROM opm.role_permission
Hibernate: DELETE FROM opm.user_permission
Hibernate: DELETE FROM opm.service_credit_preference
Hibernate: DELETE FROM opm.account_confirmation_validation_entry
Hibernate: DELETE FROM opm.payment_reverse
Hibernate: DELETE FROM opm.payment
Hibernate: DELETE FROM opm.pay_trans_status_code
Hibernate: DELETE FROM opm.payments_applied_order_code
Hibernate: DELETE FROM opm.printout
Hibernate: DELETE FROM opm.related_help_items
Hibernate: DELETE FROM opm.help_item
Hibernate: DELETE FROM opm.notification_READBY
Hibernate: DELETE FROM opm.date_calculation_data
Hibernate: DELETE FROM opm.refund_transaction
Hibernate: DELETE FROM opm.audit_parameter_record
Hibernate: DELETE FROM opm.audit_record
Hibernate: DELETE FROM opm.dedeposit
Hibernate: DELETE FROM opm.redeposit
Hibernate: DELETE FROM opm.calculation_result_item
Hibernate: DELETE FROM opm.calculation
Hibernate: DELETE FROM opm.fers_redeposit
Hibernate: DELETE FROM opm.fers_deposit
Hibernate: DELETE FROM opm.calculation_version
Hibernate: DELETE FROM opm.calculation_result
Hibernate: DELETE FROM opm.summary_data
Hibernate: DELETE FROM opm.billing
Hibernate: DELETE FROM opm.account_note
Hibernate: DELETE FROM opm.account
Hibernate: DELETE FROM opm.account_confirmation_validation
Hibernate: DELETE FROM opm.billing_summary
Hibernate: DELETE FROM opm.account_holder
Hibernate: DELETE FROM opm.address
Hibernate: DELETE FROM opm.error
Hibernate: DELETE FROM opm.info
Hibernate: DELETE FROM opm.notification
Hibernate: DELETE FROM opm.app_user
Hibernate: DELETE FROM opm.batch_daily_payments_history
Hibernate: DELETE FROM opm.audit_batch_history
Hibernate: DELETE FROM opm.new_claim_number_history
Hibernate: DELETE FROM opm.annuitant_list_history
Hibernate: DELETE FROM opm.time_factor_history
Hibernate: DELETE FROM opm.contact_info_history
Hibernate: DELETE FROM opm.interest_suppression_history
Hibernate: DELETE FROM opm.gl_payment_type_history
Hibernate: DELETE FROM opm.scm_first_insert_history
Hibernate: DELETE FROM opm.holiday_history
Hibernate: DELETE FROM opm.deduction_rate_history
Hibernate: DELETE FROM opm.interest_grace_period_history
Hibernate: DELETE FROM opm.gl_code_history
Hibernate: DELETE FROM opm.claim_without_service_history
Hibernate: DELETE FROM opm.payment_transaction_note_history
Hibernate: DELETE FROM opm.payment_move_transaction_history
Hibernate: DELETE FROM opm.interest_rate_history
Hibernate: DELETE FROM opm.payment_interest_detail_history
Hibernate: DELETE FROM opm.adjustment_transaction_history
Hibernate: DELETE FROM opm.invoice_history
Hibernate: DELETE FROM opm.a01_print_suppression_case_history
Hibernate: DELETE FROM opm.user_account_assignment_history
Hibernate: DELETE FROM opm.payment_refund_link_history
Hibernate: DELETE FROM opm.payments_applied_order_code_history
Hibernate: DELETE FROM opm.service_credit_preference_history
Hibernate: DELETE FROM opm.account_confirmation_validation_entry_history
Hibernate: DELETE FROM opm.account_confirmation_validation_history
Hibernate: DELETE FROM opm.payment_reverse_history
Hibernate: DELETE FROM opm.payment_history
Hibernate: DELETE FROM opm.pay_trans_status_code_history
Hibernate: DELETE FROM opm.notification_READBY_history
Hibernate: DELETE FROM opm.refund_transaction_history
Hibernate: DELETE FROM opm.summary_data_history
Hibernate: DELETE FROM opm.dedeposit_history
Hibernate: DELETE FROM opm.redeposit_history
Hibernate: DELETE FROM opm.calculation_result_item_history
Hibernate: DELETE FROM opm.calculation_result_history
Hibernate: DELETE FROM opm.calculation_history
Hibernate: DELETE FROM opm.fers_redeposit_history
Hibernate: DELETE FROM opm.fers_deposit_history
Hibernate: DELETE FROM opm.calculation_version_history
Hibernate: DELETE FROM opm.billing_history
Hibernate: DELETE FROM opm.billing_summary_history
Hibernate: DELETE FROM opm.account_note_history
Hibernate: DELETE FROM opm.address_history
Hibernate: DELETE FROM opm.account_history
Hibernate: DELETE FROM opm.account_holder_history
Hibernate: DELETE FROM opm.error_history
Hibernate: DELETE FROM opm.info_history
Hibernate: DELETE FROM opm.notification_history
Hibernate: DELETE FROM opm.app_user_history
Hibernate: DELETE FROM opm.change_trans_field_number_code
Hibernate: DELETE FROM opm.pay_code
Hibernate: DELETE FROM opm.payment_applied_order
Hibernate: DELETE FROM opm.agency_code
Hibernate: DELETE FROM opm.calculation_status
Hibernate: DELETE FROM opm.transfer_type
Hibernate: DELETE FROM opm.user_status
Hibernate: DELETE FROM opm.claim_officer
Hibernate: DELETE FROM opm.payment_status
Hibernate: DELETE FROM opm.application_designation
Hibernate: DELETE FROM opm.payment_reversal_reason
Hibernate: DELETE FROM opm.pay_type
Hibernate: DELETE FROM opm.appointment_type
Hibernate: DELETE FROM opm.role
Hibernate: DELETE FROM opm.service_type
Hibernate: DELETE FROM opm.retirement_type
Hibernate: DELETE FROM opm.account_status
Hibernate: DELETE FROM opm.country
Hibernate: DELETE FROM opm.state
Hibernate: DELETE FROM opm.period_type
Hibernate: DELETE FROM opm.suffix
Hibernate: DELETE FROM opm.form_type
Hibernate: DELETE FROM opm.batch_daily_payments
Hibernate: DELETE FROM opm.audit_batch
Hibernate: DELETE FROM opm.new_claim_number
Hibernate: DELETE FROM opm.annuitant_list
Hibernate: DELETE FROM opm.time_factor
Hibernate: DELETE FROM opm.contact_info
Hibernate: DELETE FROM opm.interest_suppression
Hibernate: DELETE FROM opm.gl_payment_type
Hibernate: DELETE FROM opm.scm_first_insert
Hibernate: DELETE FROM opm.holiday
Hibernate: DELETE FROM opm.deduction_rate
Hibernate: DELETE FROM opm.interest_grace_period
Hibernate: DELETE FROM opm.gl_code
Hibernate: DELETE FROM opm.claim_without_service
Hibernate: DELETE FROM opm.payment_transaction_note
Hibernate: DELETE FROM opm.payment_move_transaction
Hibernate: DELETE FROM opm.interest_rate
Hibernate: DELETE FROM opm.payment_interest_detail
Hibernate: DELETE FROM opm.adjustment_transaction
Hibernate: DELETE FROM opm.invoice
Hibernate: DELETE FROM opm.a01_print_suppression_case
Hibernate: DELETE FROM opm.user_account_assignment
Hibernate: DELETE FROM opm.payment_refund_link
Hibernate: DELETE FROM opm.role_permission
Hibernate: DELETE FROM opm.user_permission
Hibernate: DELETE FROM opm.service_credit_preference
Hibernate: DELETE FROM opm.account_confirmation_validation_entry
Hibernate: DELETE FROM opm.payment_reverse
Hibernate: DELETE FROM opm.payment
Hibernate: DELETE FROM opm.pay_trans_status_code
Hibernate: DELETE FROM opm.payments_applied_order_code
Hibernate: DELETE FROM opm.printout
Hibernate: DELETE FROM opm.related_help_items
Hibernate: DELETE FROM opm.help_item
Hibernate: DELETE FROM opm.notification_READBY
Hibernate: DELETE FROM opm.date_calculation_data
Hibernate: DELETE FROM opm.refund_transaction
Hibernate: DELETE FROM opm.audit_parameter_record
Hibernate: DELETE FROM opm.audit_record
Hibernate: DELETE FROM opm.dedeposit
Hibernate: DELETE FROM opm.redeposit
Hibernate: DELETE FROM opm.calculation_result_item
Hibernate: DELETE FROM opm.calculation
Hibernate: DELETE FROM opm.fers_redeposit
Hibernate: DELETE FROM opm.fers_deposit
Hibernate: DELETE FROM opm.calculation_version
Hibernate: DELETE FROM opm.calculation_result
Hibernate: DELETE FROM opm.summary_data
Hibernate: DELETE FROM opm.billing
Hibernate: DELETE FROM opm.account_note
Hibernate: DELETE FROM opm.account
Hibernate: DELETE FROM opm.account_confirmation_validation
Hibernate: DELETE FROM opm.billing_summary
Hibernate: DELETE FROM opm.account_holder
Hibernate: DELETE FROM opm.address
Hibernate: DELETE FROM opm.error
Hibernate: DELETE FROM opm.info
Hibernate: DELETE FROM opm.notification
Hibernate: DELETE FROM opm.app_user
Hibernate: DELETE FROM opm.batch_daily_payments_history
Hibernate: DELETE FROM opm.audit_batch_history
Hibernate: DELETE FROM opm.new_claim_number_history
Hibernate: DELETE FROM opm.annuitant_list_history
Hibernate: DELETE FROM opm.time_factor_history
Hibernate: DELETE FROM opm.contact_info_history
Hibernate: DELETE FROM opm.interest_suppression_history
Hibernate: DELETE FROM opm.gl_payment_type_history
Hibernate: DELETE FROM opm.scm_first_insert_history
Hibernate: DELETE FROM opm.holiday_history
Hibernate: DELETE FROM opm.deduction_rate_history
Hibernate: DELETE FROM opm.interest_grace_period_history
Hibernate: DELETE FROM opm.gl_code_history
Hibernate: DELETE FROM opm.claim_without_service_history
Hibernate: DELETE FROM opm.payment_transaction_note_history
Hibernate: DELETE FROM opm.payment_move_transaction_history
Hibernate: DELETE FROM opm.interest_rate_history
Hibernate: DELETE FROM opm.payment_interest_detail_history
Hibernate: DELETE FROM opm.adjustment_transaction_history
Hibernate: DELETE FROM opm.invoice_history
Hibernate: DELETE FROM opm.a01_print_suppression_case_history
Hibernate: DELETE FROM opm.user_account_assignment_history
Hibernate: DELETE FROM opm.payment_refund_link_history
Hibernate: DELETE FROM opm.payments_applied_order_code_history
Hibernate: DELETE FROM opm.service_credit_preference_history
Hibernate: DELETE FROM opm.account_confirmation_validation_entry_history
Hibernate: DELETE FROM opm.account_confirmation_validation_history
Hibernate: DELETE FROM opm.payment_reverse_history
Hibernate: DELETE FROM opm.payment_history
Hibernate: DELETE FROM opm.pay_trans_status_code_history
Hibernate: DELETE FROM opm.notification_READBY_history
Hibernate: DELETE FROM opm.refund_transaction_history
Hibernate: DELETE FROM opm.summary_data_history
Hibernate: DELETE FROM opm.dedeposit_history
Hibernate: DELETE FROM opm.redeposit_history
Hibernate: DELETE FROM opm.calculation_result_item_history
Hibernate: DELETE FROM opm.calculation_result_history
Hibernate: DELETE FROM opm.calculation_history
Hibernate: DELETE FROM opm.fers_redeposit_history
Hibernate: DELETE FROM opm.fers_deposit_history
Hibernate: DELETE FROM opm.calculation_version_history
Hibernate: DELETE FROM opm.billing_history
Hibernate: DELETE FROM opm.billing_summary_history
Hibernate: DELETE FROM opm.account_note_history
Hibernate: DELETE FROM opm.address_history
Hibernate: DELETE FROM opm.account_history
Hibernate: DELETE FROM opm.account_holder_history
Hibernate: DELETE FROM opm.error_history
Hibernate: DELETE FROM opm.info_history
Hibernate: DELETE FROM opm.notification_history
Hibernate: DELETE FROM opm.app_user_history
Hibernate: DELETE FROM opm.change_trans_field_number_code
Hibernate: DELETE FROM opm.pay_code
Hibernate: DELETE FROM opm.payment_applied_order
Hibernate: DELETE FROM opm.agency_code
Hibernate: DELETE FROM opm.calculation_status
Hibernate: DELETE FROM opm.transfer_type
Hibernate: DELETE FROM opm.user_status
Hibernate: DELETE FROM opm.claim_officer
Hibernate: DELETE FROM opm.payment_status
Hibernate: DELETE FROM opm.application_designation
Hibernate: DELETE FROM opm.payment_reversal_reason
Hibernate: DELETE FROM opm.pay_type
Hibernate: DELETE FROM opm.appointment_type
Hibernate: DELETE FROM opm.role
Hibernate: DELETE FROM opm.service_type
Hibernate: DELETE FROM opm.retirement_type
Hibernate: DELETE FROM opm.account_status
Hibernate: DELETE FROM opm.country
Hibernate: DELETE FROM opm.state
Hibernate: DELETE FROM opm.period_type
Hibernate: DELETE FROM opm.suffix
Hibernate: DELETE FROM opm.form_type
Hibernate: DELETE FROM opm.batch_daily_payments
Hibernate: DELETE FROM opm.audit_batch
Hibernate: DELETE FROM opm.new_claim_number
Hibernate: DELETE FROM opm.annuitant_list
Hibernate: DELETE FROM opm.time_factor
Hibernate: DELETE FROM opm.contact_info
Hibernate: DELETE FROM opm.interest_suppression
Hibernate: DELETE FROM opm.gl_payment_type
Hibernate: DELETE FROM opm.scm_first_insert
Hibernate: DELETE FROM opm.holiday
Hibernate: DELETE FROM opm.deduction_rate
Hibernate: DELETE FROM opm.interest_grace_period
Hibernate: DELETE FROM opm.gl_code
Hibernate: DELETE FROM opm.claim_without_service
Hibernate: DELETE FROM opm.payment_transaction_note
Hibernate: DELETE FROM opm.payment_move_transaction
Hibernate: DELETE FROM opm.interest_rate
Hibernate: DELETE FROM opm.payment_interest_detail
Hibernate: DELETE FROM opm.adjustment_transaction
Hibernate: DELETE FROM opm.invoice
Hibernate: DELETE FROM opm.a01_print_suppression_case
Hibernate: DELETE FROM opm.user_account_assignment
Hibernate: DELETE FROM opm.payment_refund_link
Hibernate: DELETE FROM opm.role_permission
Hibernate: DELETE FROM opm.user_permission
Hibernate: DELETE FROM opm.service_credit_preference
Hibernate: DELETE FROM opm.account_confirmation_validation_entry
Hibernate: DELETE FROM opm.payment_reverse
Hibernate: DELETE FROM opm.payment
Hibernate: DELETE FROM opm.pay_trans_status_code
Hibernate: DELETE FROM opm.payments_applied_order_code
Hibernate: DELETE FROM opm.printout
Hibernate: DELETE FROM opm.related_help_items
Hibernate: DELETE FROM opm.help_item
Hibernate: DELETE FROM opm.notification_READBY
Hibernate: DELETE FROM opm.date_calculation_data
Hibernate: DELETE FROM opm.refund_transaction
Hibernate: DELETE FROM opm.audit_parameter_record
Hibernate: DELETE FROM opm.audit_record
Hibernate: DELETE FROM opm.dedeposit
Hibernate: DELETE FROM opm.redeposit
Hibernate: DELETE FROM opm.calculation_result_item
Hibernate: DELETE FROM opm.calculation
Hibernate: DELETE FROM opm.fers_redeposit
Hibernate: DELETE FROM opm.fers_deposit
Hibernate: DELETE FROM opm.calculation_version
Hibernate: DELETE FROM opm.calculation_result
Hibernate: DELETE FROM opm.summary_data
Hibernate: DELETE FROM opm.billing
Hibernate: DELETE FROM opm.account_note
Hibernate: DELETE FROM opm.account
Hibernate: DELETE FROM opm.account_confirmation_validation
Hibernate: DELETE FROM opm.billing_summary
Hibernate: DELETE FROM opm.account_holder
Hibernate: DELETE FROM opm.address
Hibernate: DELETE FROM opm.error
Hibernate: DELETE FROM opm.info
Hibernate: DELETE FROM opm.notification
Hibernate: DELETE FROM opm.app_user
Hibernate: DELETE FROM opm.batch_daily_payments_history
Hibernate: DELETE FROM opm.audit_batch_history
Hibernate: DELETE FROM opm.new_claim_number_history
Hibernate: DELETE FROM opm.annuitant_list_history
Hibernate: DELETE FROM opm.time_factor_history
Hibernate: DELETE FROM opm.contact_info_history
Hibernate: DELETE FROM opm.interest_suppression_history
Hibernate: DELETE FROM opm.gl_payment_type_history
Hibernate: DELETE FROM opm.scm_first_insert_history
Hibernate: DELETE FROM opm.holiday_history
Hibernate: DELETE FROM opm.deduction_rate_history
Hibernate: DELETE FROM opm.interest_grace_period_history
Hibernate: DELETE FROM opm.gl_code_history
Hibernate: DELETE FROM opm.claim_without_service_history
Hibernate: DELETE FROM opm.payment_transaction_note_history
Hibernate: DELETE FROM opm.payment_move_transaction_history
Hibernate: DELETE FROM opm.interest_rate_history
Hibernate: DELETE FROM opm.payment_interest_detail_history
Hibernate: DELETE FROM opm.adjustment_transaction_history
Hibernate: DELETE FROM opm.invoice_history
Hibernate: DELETE FROM opm.a01_print_suppression_case_history
Hibernate: DELETE FROM opm.user_account_assignment_history
Hibernate: DELETE FROM opm.payment_refund_link_history
Hibernate: DELETE FROM opm.payments_applied_order_code_history
Hibernate: DELETE FROM opm.service_credit_preference_history
Hibernate: DELETE FROM opm.account_confirmation_validation_entry_history
Hibernate: DELETE FROM opm.account_confirmation_validation_history
Hibernate: DELETE FROM opm.payment_reverse_history
Hibernate: DELETE FROM opm.payment_history
Hibernate: DELETE FROM opm.pay_trans_status_code_history
Hibernate: DELETE FROM opm.notification_READBY_history
Hibernate: DELETE FROM opm.refund_transaction_history
Hibernate: DELETE FROM opm.summary_data_history
Hibernate: DELETE FROM opm.dedeposit_history
Hibernate: DELETE FROM opm.redeposit_history
Hibernate: DELETE FROM opm.calculation_result_item_history
Hibernate: DELETE FROM opm.calculation_result_history
Hibernate: DELETE FROM opm.calculation_history
Hibernate: DELETE FROM opm.fers_redeposit_history
Hibernate: DELETE FROM opm.fers_deposit_history
Hibernate: DELETE FROM opm.calculation_version_history
Hibernate: DELETE FROM opm.billing_history
Hibernate: DELETE FROM opm.billing_summary_history
Hibernate: DELETE FROM opm.account_note_history
Hibernate: DELETE FROM opm.address_history
Hibernate: DELETE FROM opm.account_history
Hibernate: DELETE FROM opm.account_holder_history
Hibernate: DELETE FROM opm.error_history
Hibernate: DELETE FROM opm.info_history
Hibernate: DELETE FROM opm.notification_history
Hibernate: DELETE FROM opm.app_user_history
Hibernate: DELETE FROM opm.change_trans_field_number_code
Hibernate: DELETE FROM opm.pay_code
Hibernate: DELETE FROM opm.payment_applied_order
Hibernate: DELETE FROM opm.agency_code
Hibernate: DELETE FROM opm.calculation_status
Hibernate: DELETE FROM opm.transfer_type
Hibernate: DELETE FROM opm.user_status
Hibernate: DELETE FROM opm.claim_officer
Hibernate: DELETE FROM opm.payment_status
Hibernate: DELETE FROM opm.application_designation
Hibernate: DELETE FROM opm.payment_reversal_reason
Hibernate: DELETE FROM opm.pay_type
Hibernate: DELETE FROM opm.appointment_type
Hibernate: DELETE FROM opm.role
Hibernate: DELETE FROM opm.service_type
Hibernate: DELETE FROM opm.retirement_type
Hibernate: DELETE FROM opm.account_status
Hibernate: DELETE FROM opm.country
Hibernate: DELETE FROM opm.state
Hibernate: DELETE FROM opm.period_type
Hibernate: DELETE FROM opm.suffix
Hibernate: DELETE FROM opm.form_type
Hibernate: DELETE FROM opm.batch_daily_payments
Hibernate: DELETE FROM opm.audit_batch
Hibernate: DELETE FROM opm.new_claim_number
Hibernate: DELETE FROM opm.annuitant_list
Hibernate: DELETE FROM opm.time_factor
Hibernate: DELETE FROM opm.contact_info
Hibernate: DELETE FROM opm.interest_suppression
Hibernate: DELETE FROM opm.gl_payment_type
Hibernate: DELETE FROM opm.scm_first_insert
Hibernate: DELETE FROM opm.holiday
Hibernate: DELETE FROM opm.deduction_rate
Hibernate: DELETE FROM opm.interest_grace_period
Hibernate: DELETE FROM opm.gl_code
Hibernate: DELETE FROM opm.claim_without_service
Hibernate: DELETE FROM opm.payment_transaction_note
Hibernate: DELETE FROM opm.payment_move_transaction
Hibernate: DELETE FROM opm.interest_rate
Hibernate: DELETE FROM opm.payment_interest_detail
Hibernate: DELETE FROM opm.adjustment_transaction
Hibernate: DELETE FROM opm.invoice
Hibernate: DELETE FROM opm.a01_print_suppression_case
Hibernate: DELETE FROM opm.user_account_assignment
Hibernate: DELETE FROM opm.payment_refund_link
Hibernate: DELETE FROM opm.role_permission
Hibernate: DELETE FROM opm.user_permission
Hibernate: DELETE FROM opm.service_credit_preference
Hibernate: DELETE FROM opm.account_confirmation_validation_entry
Hibernate: DELETE FROM opm.payment_reverse
Hibernate: DELETE FROM opm.payment
Hibernate: DELETE FROM opm.pay_trans_status_code
Hibernate: DELETE FROM opm.payments_applied_order_code
Hibernate: DELETE FROM opm.printout
Hibernate: DELETE FROM opm.related_help_items
Hibernate: DELETE FROM opm.help_item
Hibernate: DELETE FROM opm.notification_READBY
Hibernate: DELETE FROM opm.date_calculation_data
Hibernate: DELETE FROM opm.refund_transaction
Hibernate: DELETE FROM opm.audit_parameter_record
Hibernate: DELETE FROM opm.audit_record
Hibernate: DELETE FROM opm.dedeposit
Hibernate: DELETE FROM opm.redeposit
Hibernate: DELETE FROM opm.calculation_result_item
Hibernate: DELETE FROM opm.calculation
Hibernate: DELETE FROM opm.fers_redeposit
Hibernate: DELETE FROM opm.fers_deposit
Hibernate: DELETE FROM opm.calculation_version
Hibernate: DELETE FROM opm.calculation_result
Hibernate: DELETE FROM opm.summary_data
Hibernate: DELETE FROM opm.billing
Hibernate: DELETE FROM opm.account_note
Hibernate: DELETE FROM opm.account
Hibernate: DELETE FROM opm.account_confirmation_validation
Hibernate: DELETE FROM opm.billing_summary
Hibernate: DELETE FROM opm.account_holder
Hibernate: DELETE FROM opm.address
Hibernate: DELETE FROM opm.error
Hibernate: DELETE FROM opm.info
Hibernate: DELETE FROM opm.notification
Hibernate: DELETE FROM opm.app_user
Hibernate: DELETE FROM opm.batch_daily_payments_history
Hibernate: DELETE FROM opm.audit_batch_history
Hibernate: DELETE FROM opm.new_claim_number_history
Hibernate: DELETE FROM opm.annuitant_list_history
Hibernate: DELETE FROM opm.time_factor_history
Hibernate: DELETE FROM opm.contact_info_history
Hibernate: DELETE FROM opm.interest_suppression_history
Hibernate: DELETE FROM opm.gl_payment_type_history
Hibernate: DELETE FROM opm.scm_first_insert_history
Hibernate: DELETE FROM opm.holiday_history
Hibernate: DELETE FROM opm.deduction_rate_history
Hibernate: DELETE FROM opm.interest_grace_period_history
Hibernate: DELETE FROM opm.gl_code_history
Hibernate: DELETE FROM opm.claim_without_service_history
Hibernate: DELETE FROM opm.payment_transaction_note_history
Hibernate: DELETE FROM opm.payment_move_transaction_history
Hibernate: DELETE FROM opm.interest_rate_history
Hibernate: DELETE FROM opm.payment_interest_detail_history
Hibernate: DELETE FROM opm.adjustment_transaction_history
Hibernate: DELETE FROM opm.invoice_history
Hibernate: DELETE FROM opm.a01_print_suppression_case_history
Hibernate: DELETE FROM opm.user_account_assignment_history
Hibernate: DELETE FROM opm.payment_refund_link_history
Hibernate: DELETE FROM opm.payments_applied_order_code_history
Hibernate: DELETE FROM opm.service_credit_preference_history
Hibernate: DELETE FROM opm.account_confirmation_validation_entry_history
Hibernate: DELETE FROM opm.account_confirmation_validation_history
Hibernate: DELETE FROM opm.payment_reverse_history
Hibernate: DELETE FROM opm.payment_history
Hibernate: DELETE FROM opm.pay_trans_status_code_history
Hibernate: DELETE FROM opm.notification_READBY_history
Hibernate: DELETE FROM opm.refund_transaction_history
Hibernate: DELETE FROM opm.summary_data_history
Hibernate: DELETE FROM opm.dedeposit_history
Hibernate: DELETE FROM opm.redeposit_history
Hibernate: DELETE FROM opm.calculation_result_item_history
Hibernate: DELETE FROM opm.calculation_result_history
Hibernate: DELETE FROM opm.calculation_history
Hibernate: DELETE FROM opm.fers_redeposit_history
Hibernate: DELETE FROM opm.fers_deposit_history
Hibernate: DELETE FROM opm.calculation_version_history
Hibernate: DELETE FROM opm.billing_history
Hibernate: DELETE FROM opm.billing_summary_history
Hibernate: DELETE FROM opm.account_note_history
Hibernate: DELETE FROM opm.address_history
Hibernate: DELETE FROM opm.account_history
Hibernate: DELETE FROM opm.account_holder_history
Hibernate: DELETE FROM opm.error_history
Hibernate: DELETE FROM opm.info_history
Hibernate: DELETE FROM opm.notification_history
Hibernate: DELETE FROM opm.app_user_history
Hibernate: DELETE FROM opm.change_trans_field_number_code
Hibernate: DELETE FROM opm.pay_code
Hibernate: DELETE FROM opm.payment_applied_order
Hibernate: DELETE FROM opm.agency_code
Hibernate: DELETE FROM opm.calculation_status
Hibernate: DELETE FROM opm.transfer_type
Hibernate: DELETE FROM opm.user_status
Hibernate: DELETE FROM opm.claim_officer
Hibernate: DELETE FROM opm.payment_status
Hibernate: DELETE FROM opm.application_designation
Hibernate: DELETE FROM opm.payment_reversal_reason
Hibernate: DELETE FROM opm.pay_type
Hibernate: DELETE FROM opm.appointment_type
Hibernate: DELETE FROM opm.role
Hibernate: DELETE FROM opm.service_type
Hibernate: DELETE FROM opm.retirement_type
Hibernate: DELETE FROM opm.account_status
Hibernate: DELETE FROM opm.country
Hibernate: DELETE FROM opm.state
Hibernate: DELETE FROM opm.period_type
Hibernate: DELETE FROM opm.suffix
Hibernate: DELETE FROM opm.form_type
Hibernate: DELETE FROM opm.batch_daily_payments
Hibernate: DELETE FROM opm.audit_batch
Hibernate: DELETE FROM opm.new_claim_number
Hibernate: DELETE FROM opm.annuitant_list
Hibernate: DELETE FROM opm.time_factor
Hibernate: DELETE FROM opm.contact_info
Hibernate: DELETE FROM opm.interest_suppression
Hibernate: DELETE FROM opm.gl_payment_type
Hibernate: DELETE FROM opm.scm_first_insert
Hibernate: DELETE FROM opm.holiday
Hibernate: DELETE FROM opm.deduction_rate
Hibernate: DELETE FROM opm.interest_grace_period
Hibernate: DELETE FROM opm.gl_code
Hibernate: DELETE FROM opm.claim_without_service
Hibernate: DELETE FROM opm.payment_transaction_note
Hibernate: DELETE FROM opm.payment_move_transaction
Hibernate: DELETE FROM opm.interest_rate
Hibernate: DELETE FROM opm.payment_interest_detail
Hibernate: DELETE FROM opm.adjustment_transaction
Hibernate: DELETE FROM opm.invoice
Hibernate: DELETE FROM opm.a01_print_suppression_case
Hibernate: DELETE FROM opm.user_account_assignment
Hibernate: DELETE FROM opm.payment_refund_link
Hibernate: DELETE FROM opm.role_permission
Hibernate: DELETE FROM opm.user_permission
Hibernate: DELETE FROM opm.service_credit_preference
Hibernate: DELETE FROM opm.account_confirmation_validation_entry
Hibernate: DELETE FROM opm.payment_reverse
Hibernate: DELETE FROM opm.payment
Hibernate: DELETE FROM opm.pay_trans_status_code
Hibernate: DELETE FROM opm.payments_applied_order_code
Hibernate: DELETE FROM opm.printout
Hibernate: DELETE FROM opm.related_help_items
Hibernate: DELETE FROM opm.help_item
Hibernate: DELETE FROM opm.notification_READBY
Hibernate: DELETE FROM opm.date_calculation_data
Hibernate: DELETE FROM opm.refund_transaction
Hibernate: DELETE FROM opm.audit_parameter_record
Hibernate: DELETE FROM opm.audit_record
Hibernate: DELETE FROM opm.dedeposit
Hibernate: DELETE FROM opm.redeposit
Hibernate: DELETE FROM opm.calculation_result_item
Hibernate: DELETE FROM opm.calculation
Hibernate: DELETE FROM opm.fers_redeposit
Hibernate: DELETE FROM opm.fers_deposit
Hibernate: DELETE FROM opm.calculation_version
Hibernate: DELETE FROM opm.calculation_result
Hibernate: DELETE FROM opm.summary_data
Hibernate: DELETE FROM opm.billing
Hibernate: DELETE FROM opm.account_note
Hibernate: DELETE FROM opm.account
Hibernate: DELETE FROM opm.account_confirmation_validation
Hibernate: DELETE FROM opm.billing_summary
Hibernate: DELETE FROM opm.account_holder
Hibernate: DELETE FROM opm.address
Hibernate: DELETE FROM opm.error
Hibernate: DELETE FROM opm.info
Hibernate: DELETE FROM opm.notification
Hibernate: DELETE FROM opm.app_user
Hibernate: DELETE FROM opm.batch_daily_payments_history
Hibernate: DELETE FROM opm.audit_batch_history
Hibernate: DELETE FROM opm.new_claim_number_history
Hibernate: DELETE FROM opm.annuitant_list_history
Hibernate: DELETE FROM opm.time_factor_history
Hibernate: DELETE FROM opm.contact_info_history
Hibernate: DELETE FROM opm.interest_suppression_history
Hibernate: DELETE FROM opm.gl_payment_type_history
Hibernate: DELETE FROM opm.scm_first_insert_history
Hibernate: DELETE FROM opm.holiday_history
Hibernate: DELETE FROM opm.deduction_rate_history
Hibernate: DELETE FROM opm.interest_grace_period_history
Hibernate: DELETE FROM opm.gl_code_history
Hibernate: DELETE FROM opm.claim_without_service_history
Hibernate: DELETE FROM opm.payment_transaction_note_history
Hibernate: DELETE FROM opm.payment_move_transaction_history
Hibernate: DELETE FROM opm.interest_rate_history
Hibernate: DELETE FROM opm.payment_interest_detail_history
Hibernate: DELETE FROM opm.adjustment_transaction_history
Hibernate: DELETE FROM opm.invoice_history
Hibernate: DELETE FROM opm.a01_print_suppression_case_history
Hibernate: DELETE FROM opm.user_account_assignment_history
Hibernate: DELETE FROM opm.payment_refund_link_history
Hibernate: DELETE FROM opm.payments_applied_order_code_history
Hibernate: DELETE FROM opm.service_credit_preference_history
Hibernate: DELETE FROM opm.account_confirmation_validation_entry_history
Hibernate: DELETE FROM opm.account_confirmation_validation_history
Hibernate: DELETE FROM opm.payment_reverse_history
Hibernate: DELETE FROM opm.payment_history
Hibernate: DELETE FROM opm.pay_trans_status_code_history
Hibernate: DELETE FROM opm.notification_READBY_history
Hibernate: DELETE FROM opm.refund_transaction_history
Hibernate: DELETE FROM opm.summary_data_history
Hibernate: DELETE FROM opm.dedeposit_history
Hibernate: DELETE FROM opm.redeposit_history
Hibernate: DELETE FROM opm.calculation_result_item_history
Hibernate: DELETE FROM opm.calculation_result_history
Hibernate: DELETE FROM opm.calculation_history
Hibernate: DELETE FROM opm.fers_redeposit_history
Hibernate: DELETE FROM opm.fers_deposit_history
Hibernate: DELETE FROM opm.calculation_version_history
Hibernate: DELETE FROM opm.billing_history
Hibernate: DELETE FROM opm.billing_summary_history
Hibernate: DELETE FROM opm.account_note_history
Hibernate: DELETE FROM opm.address_history
Hibernate: DELETE FROM opm.account_history
Hibernate: DELETE FROM opm.account_holder_history
Hibernate: DELETE FROM opm.error_history
Hibernate: DELETE FROM opm.info_history
Hibernate: DELETE FROM opm.notification_history
Hibernate: DELETE FROM opm.app_user_history
Hibernate: DELETE FROM opm.change_trans_field_number_code
Hibernate: DELETE FROM opm.pay_code
Hibernate: DELETE FROM opm.payment_applied_order
Hibernate: DELETE FROM opm.agency_code
Hibernate: DELETE FROM opm.calculation_status
Hibernate: DELETE FROM opm.transfer_type
Hibernate: DELETE FROM opm.user_status
Hibernate: DELETE FROM opm.claim_officer
Hibernate: DELETE FROM opm.payment_status
Hibernate: DELETE FROM opm.application_designation
Hibernate: DELETE FROM opm.payment_reversal_reason
Hibernate: DELETE FROM opm.pay_type
Hibernate: DELETE FROM opm.appointment_type
Hibernate: DELETE FROM opm.role
Hibernate: DELETE FROM opm.service_type
Hibernate: DELETE FROM opm.retirement_type
Hibernate: DELETE FROM opm.account_status
Hibernate: DELETE FROM opm.country
Hibernate: DELETE FROM opm.state
Hibernate: DELETE FROM opm.period_type
Hibernate: DELETE FROM opm.suffix
Hibernate: DELETE FROM opm.form_type
Hibernate: DELETE FROM opm.batch_daily_payments
Hibernate: DELETE FROM opm.audit_batch
Hibernate: DELETE FROM opm.new_claim_number
Hibernate: DELETE FROM opm.annuitant_list
Hibernate: DELETE FROM opm.time_factor
Hibernate: DELETE FROM opm.contact_info
Hibernate: DELETE FROM opm.interest_suppression
Hibernate: DELETE FROM opm.gl_payment_type
Hibernate: DELETE FROM opm.scm_first_insert
Hibernate: DELETE FROM opm.holiday
Hibernate: DELETE FROM opm.deduction_rate
Hibernate: DELETE FROM opm.interest_grace_period
Hibernate: DELETE FROM opm.gl_code
Hibernate: DELETE FROM opm.claim_without_service
Hibernate: DELETE FROM opm.payment_transaction_note
Hibernate: DELETE FROM opm.payment_move_transaction
Hibernate: DELETE FROM opm.interest_rate
Hibernate: DELETE FROM opm.payment_interest_detail
Hibernate: DELETE FROM opm.adjustment_transaction
Hibernate: DELETE FROM opm.invoice
Hibernate: DELETE FROM opm.a01_print_suppression_case
Hibernate: DELETE FROM opm.user_account_assignment
Hibernate: DELETE FROM opm.payment_refund_link
Hibernate: DELETE FROM opm.role_permission
Hibernate: DELETE FROM opm.user_permission
Hibernate: DELETE FROM opm.service_credit_preference
Hibernate: DELETE FROM opm.account_confirmation_validation_entry
Hibernate: DELETE FROM opm.payment_reverse
Hibernate: DELETE FROM opm.payment
Hibernate: DELETE FROM opm.pay_trans_status_code
Hibernate: DELETE FROM opm.payments_applied_order_code
Hibernate: DELETE FROM opm.printout
Hibernate: DELETE FROM opm.related_help_items
Hibernate: DELETE FROM opm.help_item
Hibernate: DELETE FROM opm.notification_READBY
Hibernate: DELETE FROM opm.date_calculation_data
Hibernate: DELETE FROM opm.refund_transaction
Hibernate: DELETE FROM opm.audit_parameter_record
Hibernate: DELETE FROM opm.audit_record
Hibernate: DELETE FROM opm.dedeposit
Hibernate: DELETE FROM opm.redeposit
Hibernate: DELETE FROM opm.calculation_result_item
Hibernate: DELETE FROM opm.calculation
Hibernate: DELETE FROM opm.fers_redeposit
Hibernate: DELETE FROM opm.fers_deposit
Hibernate: DELETE FROM opm.calculation_version
Hibernate: DELETE FROM opm.calculation_result
Hibernate: DELETE FROM opm.summary_data
Hibernate: DELETE FROM opm.billing
Hibernate: DELETE FROM opm.account_note
Hibernate: DELETE FROM opm.account
Hibernate: DELETE FROM opm.account_confirmation_validation
Hibernate: DELETE FROM opm.billing_summary
Hibernate: DELETE FROM opm.account_holder
Hibernate: DELETE FROM opm.address
Hibernate: DELETE FROM opm.error
Hibernate: DELETE FROM opm.info
Hibernate: DELETE FROM opm.notification
Hibernate: DELETE FROM opm.app_user
Hibernate: DELETE FROM opm.batch_daily_payments_history
Hibernate: DELETE FROM opm.audit_batch_history
Hibernate: DELETE FROM opm.new_claim_number_history
Hibernate: DELETE FROM opm.annuitant_list_history
Hibernate: DELETE FROM opm.time_factor_history
Hibernate: DELETE FROM opm.contact_info_history
Hibernate: DELETE FROM opm.interest_suppression_history
Hibernate: DELETE FROM opm.gl_payment_type_history
Hibernate: DELETE FROM opm.scm_first_insert_history
Hibernate: DELETE FROM opm.holiday_history
Hibernate: DELETE FROM opm.deduction_rate_history
Hibernate: DELETE FROM opm.interest_grace_period_history
Hibernate: DELETE FROM opm.gl_code_history
Hibernate: DELETE FROM opm.claim_without_service_history
Hibernate: DELETE FROM opm.payment_transaction_note_history
Hibernate: DELETE FROM opm.payment_move_transaction_history
Hibernate: DELETE FROM opm.interest_rate_history
Hibernate: DELETE FROM opm.payment_interest_detail_history
Hibernate: DELETE FROM opm.adjustment_transaction_history
Hibernate: DELETE FROM opm.invoice_history
Hibernate: DELETE FROM opm.a01_print_suppression_case_history
Hibernate: DELETE FROM opm.user_account_assignment_history
Hibernate: DELETE FROM opm.payment_refund_link_history
Hibernate: DELETE FROM opm.payments_applied_order_code_history
Hibernate: DELETE FROM opm.service_credit_preference_history
Hibernate: DELETE FROM opm.account_confirmation_validation_entry_history
Hibernate: DELETE FROM opm.account_confirmation_validation_history
Hibernate: DELETE FROM opm.payment_reverse_history
Hibernate: DELETE FROM opm.payment_history
Hibernate: DELETE FROM opm.pay_trans_status_code_history
Hibernate: DELETE FROM opm.notification_READBY_history
Hibernate: DELETE FROM opm.refund_transaction_history
Hibernate: DELETE FROM opm.summary_data_history
Hibernate: DELETE FROM opm.dedeposit_history
Hibernate: DELETE FROM opm.redeposit_history
Hibernate: DELETE FROM opm.calculation_result_item_history
Hibernate: DELETE FROM opm.calculation_result_history
Hibernate: DELETE FROM opm.calculation_history
Hibernate: DELETE FROM opm.fers_redeposit_history
Hibernate: DELETE FROM opm.fers_deposit_history
Hibernate: DELETE FROM opm.calculation_version_history
Hibernate: DELETE FROM opm.billing_history
Hibernate: DELETE FROM opm.billing_summary_history
Hibernate: DELETE FROM opm.account_note_history
Hibernate: DELETE FROM opm.address_history
Hibernate: DELETE FROM opm.account_history
Hibernate: DELETE FROM opm.account_holder_history
Hibernate: DELETE FROM opm.error_history
Hibernate: DELETE FROM opm.info_history
Hibernate: DELETE FROM opm.notification_history
Hibernate: DELETE FROM opm.app_user_history
Hibernate: DELETE FROM opm.change_trans_field_number_code
Hibernate: DELETE FROM opm.pay_code
Hibernate: DELETE FROM opm.payment_applied_order
Hibernate: DELETE FROM opm.agency_code
Hibernate: DELETE FROM opm.calculation_status
Hibernate: DELETE FROM opm.transfer_type
Hibernate: DELETE FROM opm.user_status
Hibernate: DELETE FROM opm.claim_officer
Hibernate: DELETE FROM opm.payment_status
Hibernate: DELETE FROM opm.application_designation
Hibernate: DELETE FROM opm.payment_reversal_reason
Hibernate: DELETE FROM opm.pay_type
Hibernate: DELETE FROM opm.appointment_type
Hibernate: DELETE FROM opm.role
Hibernate: DELETE FROM opm.service_type
Hibernate: DELETE FROM opm.retirement_type
Hibernate: DELETE FROM opm.account_status
Hibernate: DELETE FROM opm.country
Hibernate: DELETE FROM opm.state
Hibernate: DELETE FROM opm.period_type
Hibernate: DELETE FROM opm.suffix
Hibernate: DELETE FROM opm.form_type
Hibernate: DELETE FROM opm.batch_daily_payments
Hibernate: DELETE FROM opm.audit_batch
Hibernate: DELETE FROM opm.new_claim_number
Hibernate: DELETE FROM opm.annuitant_list
Hibernate: DELETE FROM opm.time_factor
Hibernate: DELETE FROM opm.contact_info
Hibernate: DELETE FROM opm.interest_suppression
Hibernate: DELETE FROM opm.gl_payment_type
Hibernate: DELETE FROM opm.scm_first_insert
Hibernate: DELETE FROM opm.holiday
Hibernate: DELETE FROM opm.deduction_rate
Hibernate: DELETE FROM opm.interest_grace_period
Hibernate: DELETE FROM opm.gl_code
Hibernate: DELETE FROM opm.claim_without_service
Hibernate: DELETE FROM opm.payment_transaction_note
Hibernate: DELETE FROM opm.payment_move_transaction
Hibernate: DELETE FROM opm.interest_rate
Hibernate: DELETE FROM opm.payment_interest_detail
Hibernate: DELETE FROM opm.adjustment_transaction
Hibernate: DELETE FROM opm.invoice
Hibernate: DELETE FROM opm.a01_print_suppression_case
Hibernate: DELETE FROM opm.user_account_assignment
Hibernate: DELETE FROM opm.payment_refund_link
Hibernate: DELETE FROM opm.role_permission
Hibernate: DELETE FROM opm.user_permission
Hibernate: DELETE FROM opm.service_credit_preference
Hibernate: DELETE FROM opm.account_confirmation_validation_entry
Hibernate: DELETE FROM opm.payment_reverse
Hibernate: DELETE FROM opm.payment
Hibernate: DELETE FROM opm.pay_trans_status_code
Hibernate: DELETE FROM opm.payments_applied_order_code
Hibernate: DELETE FROM opm.printout
Hibernate: DELETE FROM opm.related_help_items
Hibernate: DELETE FROM opm.help_item
Hibernate: DELETE FROM opm.notification_READBY
Hibernate: DELETE FROM opm.date_calculation_data
Hibernate: DELETE FROM opm.refund_transaction
Hibernate: DELETE FROM opm.audit_parameter_record
Hibernate: DELETE FROM opm.audit_record
Hibernate: DELETE FROM opm.dedeposit
Hibernate: DELETE FROM opm.redeposit
Hibernate: DELETE FROM opm.calculation_result_item
Hibernate: DELETE FROM opm.calculation
Hibernate: DELETE FROM opm.fers_redeposit
Hibernate: DELETE FROM opm.fers_deposit
Hibernate: DELETE FROM opm.calculation_version
Hibernate: DELETE FROM opm.calculation_result
Hibernate: DELETE FROM opm.summary_data
Hibernate: DELETE FROM opm.billing
Hibernate: DELETE FROM opm.account_note
Hibernate: DELETE FROM opm.account
Hibernate: DELETE FROM opm.account_confirmation_validation
Hibernate: DELETE FROM opm.billing_summary
Hibernate: DELETE FROM opm.account_holder
Hibernate: DELETE FROM opm.address
Hibernate: DELETE FROM opm.error
Hibernate: DELETE FROM opm.info
Hibernate: DELETE FROM opm.notification
Hibernate: DELETE FROM opm.app_user
Hibernate: DELETE FROM opm.batch_daily_payments_history
Hibernate: DELETE FROM opm.audit_batch_history
Hibernate: DELETE FROM opm.new_claim_number_history
Hibernate: DELETE FROM opm.annuitant_list_history
Hibernate: DELETE FROM opm.time_factor_history
Hibernate: DELETE FROM opm.contact_info_history
Hibernate: DELETE FROM opm.interest_suppression_history
Hibernate: DELETE FROM opm.gl_payment_type_history
Hibernate: DELETE FROM opm.scm_first_insert_history
Hibernate: DELETE FROM opm.holiday_history
Hibernate: DELETE FROM opm.deduction_rate_history
Hibernate: DELETE FROM opm.interest_grace_period_history
Hibernate: DELETE FROM opm.gl_code_history
Hibernate: DELETE FROM opm.claim_without_service_history
Hibernate: DELETE FROM opm.payment_transaction_note_history
Hibernate: DELETE FROM opm.payment_move_transaction_history
Hibernate: DELETE FROM opm.interest_rate_history
Hibernate: DELETE FROM opm.payment_interest_detail_history
Hibernate: DELETE FROM opm.adjustment_transaction_history
Hibernate: DELETE FROM opm.invoice_history
Hibernate: DELETE FROM opm.a01_print_suppression_case_history
Hibernate: DELETE FROM opm.user_account_assignment_history
Hibernate: DELETE FROM opm.payment_refund_link_history
Hibernate: DELETE FROM opm.payments_applied_order_code_history
Hibernate: DELETE FROM opm.service_credit_preference_history
Hibernate: DELETE FROM opm.account_confirmation_validation_entry_history
Hibernate: DELETE FROM opm.account_confirmation_validation_history
Hibernate: DELETE FROM opm.payment_reverse_history
Hibernate: DELETE FROM opm.payment_history
Hibernate: DELETE FROM opm.pay_trans_status_code_history
Hibernate: DELETE FROM opm.notification_READBY_history
Hibernate: DELETE FROM opm.refund_transaction_history
Hibernate: DELETE FROM opm.summary_data_history
Hibernate: DELETE FROM opm.dedeposit_history
Hibernate: DELETE FROM opm.redeposit_history
Hibernate: DELETE FROM opm.calculation_result_item_history
Hibernate: DELETE FROM opm.calculation_result_history
Hibernate: DELETE FROM opm.calculation_history
Hibernate: DELETE FROM opm.fers_redeposit_history
Hibernate: DELETE FROM opm.fers_deposit_history
Hibernate: DELETE FROM opm.calculation_version_history
Hibernate: DELETE FROM opm.billing_history
Hibernate: DELETE FROM opm.billing_summary_history
Hibernate: DELETE FROM opm.account_note_history
Hibernate: DELETE FROM opm.address_history
Hibernate: DELETE FROM opm.account_history
Hibernate: DELETE FROM opm.account_holder_history
Hibernate: DELETE FROM opm.error_history
Hibernate: DELETE FROM opm.info_history
Hibernate: DELETE FROM opm.notification_history
Hibernate: DELETE FROM opm.app_user_history
Hibernate: DELETE FROM opm.change_trans_field_number_code
Hibernate: DELETE FROM opm.pay_code
Hibernate: DELETE FROM opm.payment_applied_order
Hibernate: DELETE FROM opm.agency_code
Hibernate: DELETE FROM opm.calculation_status
Hibernate: DELETE FROM opm.transfer_type
Hibernate: DELETE FROM opm.user_status
Hibernate: DELETE FROM opm.claim_officer
Hibernate: DELETE FROM opm.payment_status
Hibernate: DELETE FROM opm.application_designation
Hibernate: DELETE FROM opm.payment_reversal_reason
Hibernate: DELETE FROM opm.pay_type
Hibernate: DELETE FROM opm.appointment_type
Hibernate: DELETE FROM opm.role
Hibernate: DELETE FROM opm.service_type
Hibernate: DELETE FROM opm.retirement_type
Hibernate: DELETE FROM opm.account_status
Hibernate: DELETE FROM opm.country
Hibernate: DELETE FROM opm.state
Hibernate: DELETE FROM opm.period_type
Hibernate: DELETE FROM opm.suffix
Hibernate: DELETE FROM opm.form_type
Hibernate: DELETE FROM opm.batch_daily_payments
Hibernate: DELETE FROM opm.audit_batch
Hibernate: DELETE FROM opm.new_claim_number
Hibernate: DELETE FROM opm.annuitant_list
Hibernate: DELETE FROM opm.time_factor
Hibernate: DELETE FROM opm.contact_info
Hibernate: DELETE FROM opm.interest_suppression
Hibernate: DELETE FROM opm.gl_payment_type
Hibernate: DELETE FROM opm.scm_first_insert
Hibernate: DELETE FROM opm.holiday
Hibernate: DELETE FROM opm.deduction_rate
Hibernate: DELETE FROM opm.interest_grace_period
Hibernate: DELETE FROM opm.gl_code
Hibernate: DELETE FROM opm.claim_without_service
Hibernate: DELETE FROM opm.payment_transaction_note
Hibernate: DELETE FROM opm.payment_move_transaction
Hibernate: DELETE FROM opm.interest_rate
Hibernate: DELETE FROM opm.payment_interest_detail
Hibernate: DELETE FROM opm.adjustment_transaction
Hibernate: DELETE FROM opm.invoice
Hibernate: DELETE FROM opm.a01_print_suppression_case
Hibernate: DELETE FROM opm.user_account_assignment
Hibernate: DELETE FROM opm.payment_refund_link
Hibernate: DELETE FROM opm.role_permission
Hibernate: DELETE FROM opm.user_permission
Hibernate: DELETE FROM opm.service_credit_preference
Hibernate: DELETE FROM opm.account_confirmation_validation_entry
Hibernate: DELETE FROM opm.payment_reverse
Hibernate: DELETE FROM opm.payment
Hibernate: DELETE FROM opm.pay_trans_status_code
Hibernate: DELETE FROM opm.payments_applied_order_code
Hibernate: DELETE FROM opm.printout
Hibernate: DELETE FROM opm.related_help_items
Hibernate: DELETE FROM opm.help_item
Hibernate: DELETE FROM opm.notification_READBY
Hibernate: DELETE FROM opm.date_calculation_data
Hibernate: DELETE FROM opm.refund_transaction
Hibernate: DELETE FROM opm.audit_parameter_record
Hibernate: DELETE FROM opm.audit_record
Hibernate: DELETE FROM opm.dedeposit
Hibernate: DELETE FROM opm.redeposit
Hibernate: DELETE FROM opm.calculation_result_item
Hibernate: DELETE FROM opm.calculation
Hibernate: DELETE FROM opm.fers_redeposit
Hibernate: DELETE FROM opm.fers_deposit
Hibernate: DELETE FROM opm.calculation_version
Hibernate: DELETE FROM opm.calculation_result
Hibernate: DELETE FROM opm.summary_data
Hibernate: DELETE FROM opm.billing
Hibernate: DELETE FROM opm.account_note
Hibernate: DELETE FROM opm.account
Hibernate: DELETE FROM opm.account_confirmation_validation
Hibernate: DELETE FROM opm.billing_summary
Hibernate: DELETE FROM opm.account_holder
Hibernate: DELETE FROM opm.address
Hibernate: DELETE FROM opm.error
Hibernate: DELETE FROM opm.info
Hibernate: DELETE FROM opm.notification
Hibernate: DELETE FROM opm.app_user
Hibernate: DELETE FROM opm.batch_daily_payments_history
Hibernate: DELETE FROM opm.audit_batch_history
Hibernate: DELETE FROM opm.new_claim_number_history
Hibernate: DELETE FROM opm.annuitant_list_history
Hibernate: DELETE FROM opm.time_factor_history
Hibernate: DELETE FROM opm.contact_info_history
Hibernate: DELETE FROM opm.interest_suppression_history
Hibernate: DELETE FROM opm.gl_payment_type_history
Hibernate: DELETE FROM opm.scm_first_insert_history
Hibernate: DELETE FROM opm.holiday_history
Hibernate: DELETE FROM opm.deduction_rate_history
Hibernate: DELETE FROM opm.interest_grace_period_history
Hibernate: DELETE FROM opm.gl_code_history
Hibernate: DELETE FROM opm.claim_without_service_history
Hibernate: DELETE FROM opm.payment_transaction_note_history
Hibernate: DELETE FROM opm.payment_move_transaction_history
Hibernate: DELETE FROM opm.interest_rate_history
Hibernate: DELETE FROM opm.payment_interest_detail_history
Hibernate: DELETE FROM opm.adjustment_transaction_history
Hibernate: DELETE FROM opm.invoice_history
Hibernate: DELETE FROM opm.a01_print_suppression_case_history
Hibernate: DELETE FROM opm.user_account_assignment_history
Hibernate: DELETE FROM opm.payment_refund_link_history
Hibernate: DELETE FROM opm.payments_applied_order_code_history
Hibernate: DELETE FROM opm.service_credit_preference_history
Hibernate: DELETE FROM opm.account_confirmation_validation_entry_history
Hibernate: DELETE FROM opm.account_confirmation_validation_history
Hibernate: DELETE FROM opm.payment_reverse_history
Hibernate: DELETE FROM opm.payment_history
Hibernate: DELETE FROM opm.pay_trans_status_code_history
Hibernate: DELETE FROM opm.notification_READBY_history
Hibernate: DELETE FROM opm.refund_transaction_history
Hibernate: DELETE FROM opm.summary_data_history
Hibernate: DELETE FROM opm.dedeposit_history
Hibernate: DELETE FROM opm.redeposit_history
Hibernate: DELETE FROM opm.calculation_result_item_history
Hibernate: DELETE FROM opm.calculation_result_history
Hibernate: DELETE FROM opm.calculation_history
Hibernate: DELETE FROM opm.fers_redeposit_history
Hibernate: DELETE FROM opm.fers_deposit_history
Hibernate: DELETE FROM opm.calculation_version_history
Hibernate: DELETE FROM opm.billing_history
Hibernate: DELETE FROM opm.billing_summary_history
Hibernate: DELETE FROM opm.account_note_history
Hibernate: DELETE FROM opm.address_history
Hibernate: DELETE FROM opm.account_history
Hibernate: DELETE FROM opm.account_holder_history
Hibernate: DELETE FROM opm.error_history
Hibernate: DELETE FROM opm.info_history
Hibernate: DELETE FROM opm.notification_history
Hibernate: DELETE FROM opm.app_user_history
Hibernate: DELETE FROM opm.change_trans_field_number_code
Hibernate: DELETE FROM opm.pay_code
Hibernate: DELETE FROM opm.payment_applied_order
Hibernate: DELETE FROM opm.agency_code
Hibernate: DELETE FROM opm.calculation_status
Hibernate: DELETE FROM opm.transfer_type
Hibernate: DELETE FROM opm.user_status
Hibernate: DELETE FROM opm.claim_officer
Hibernate: DELETE FROM opm.payment_status
Hibernate: DELETE FROM opm.application_designation
Hibernate: DELETE FROM opm.payment_reversal_reason
Hibernate: DELETE FROM opm.pay_type
Hibernate: DELETE FROM opm.appointment_type
Hibernate: DELETE FROM opm.role
Hibernate: DELETE FROM opm.service_type
Hibernate: DELETE FROM opm.retirement_type
Hibernate: DELETE FROM opm.account_status
Hibernate: DELETE FROM opm.country
Hibernate: DELETE FROM opm.state
Hibernate: DELETE FROM opm.period_type
Hibernate: DELETE FROM opm.suffix
Hibernate: DELETE FROM opm.form_type
Hibernate: DELETE FROM opm.batch_daily_payments
Hibernate: DELETE FROM opm.audit_batch
Hibernate: DELETE FROM opm.new_claim_number
Hibernate: DELETE FROM opm.annuitant_list
Hibernate: DELETE FROM opm.time_factor
Hibernate: DELETE FROM opm.contact_info
Hibernate: DELETE FROM opm.interest_suppression
Hibernate: DELETE FROM opm.gl_payment_type
Hibernate: DELETE FROM opm.scm_first_insert
Hibernate: DELETE FROM opm.holiday
Hibernate: DELETE FROM opm.deduction_rate
Hibernate: DELETE FROM opm.interest_grace_period
Hibernate: DELETE FROM opm.gl_code
Hibernate: DELETE FROM opm.claim_without_service
Hibernate: DELETE FROM opm.payment_transaction_note
Hibernate: DELETE FROM opm.payment_move_transaction
Hibernate: DELETE FROM opm.interest_rate
Hibernate: DELETE FROM opm.payment_interest_detail
Hibernate: DELETE FROM opm.adjustment_transaction
Hibernate: DELETE FROM opm.invoice
Hibernate: DELETE FROM opm.a01_print_suppression_case
Hibernate: DELETE FROM opm.user_account_assignment
Hibernate: DELETE FROM opm.payment_refund_link
Hibernate: DELETE FROM opm.role_permission
Hibernate: DELETE FROM opm.user_permission
Hibernate: DELETE FROM opm.service_credit_preference
Hibernate: DELETE FROM opm.account_confirmation_validation_entry
Hibernate: DELETE FROM opm.payment_reverse
Hibernate: DELETE FROM opm.payment
Hibernate: DELETE FROM opm.pay_trans_status_code
Hibernate: DELETE FROM opm.payments_applied_order_code
Hibernate: DELETE FROM opm.printout
Hibernate: DELETE FROM opm.related_help_items
Hibernate: DELETE FROM opm.help_item
Hibernate: DELETE FROM opm.notification_READBY
Hibernate: DELETE FROM opm.date_calculation_data
Hibernate: DELETE FROM opm.refund_transaction
Hibernate: DELETE FROM opm.audit_parameter_record
Hibernate: DELETE FROM opm.audit_record
Hibernate: DELETE FROM opm.dedeposit
Hibernate: DELETE FROM opm.redeposit
Hibernate: DELETE FROM opm.calculation_result_item
Hibernate: DELETE FROM opm.calculation
Hibernate: DELETE FROM opm.fers_redeposit
Hibernate: DELETE FROM opm.fers_deposit
Hibernate: DELETE FROM opm.calculation_version
Hibernate: DELETE FROM opm.calculation_result
Hibernate: DELETE FROM opm.summary_data
Hibernate: DELETE FROM opm.billing
Hibernate: DELETE FROM opm.account_note
Hibernate: DELETE FROM opm.account
Hibernate: DELETE FROM opm.account_confirmation_validation
Hibernate: DELETE FROM opm.billing_summary
Hibernate: DELETE FROM opm.account_holder
Hibernate: DELETE FROM opm.address
Hibernate: DELETE FROM opm.error
Hibernate: DELETE FROM opm.info
Hibernate: DELETE FROM opm.notification
Hibernate: DELETE FROM opm.app_user
Hibernate: DELETE FROM opm.batch_daily_payments_history
Hibernate: DELETE FROM opm.audit_batch_history
Hibernate: DELETE FROM opm.new_claim_number_history
Hibernate: DELETE FROM opm.annuitant_list_history
Hibernate: DELETE FROM opm.time_factor_history
Hibernate: DELETE FROM opm.contact_info_history
Hibernate: DELETE FROM opm.interest_suppression_history
Hibernate: DELETE FROM opm.gl_payment_type_history
Hibernate: DELETE FROM opm.scm_first_insert_history
Hibernate: DELETE FROM opm.holiday_history
Hibernate: DELETE FROM opm.deduction_rate_history
Hibernate: DELETE FROM opm.interest_grace_period_history
Hibernate: DELETE FROM opm.gl_code_history
Hibernate: DELETE FROM opm.claim_without_service_history
Hibernate: DELETE FROM opm.payment_transaction_note_history
Hibernate: DELETE FROM opm.payment_move_transaction_history
Hibernate: DELETE FROM opm.interest_rate_history
Hibernate: DELETE FROM opm.payment_interest_detail_history
Hibernate: DELETE FROM opm.adjustment_transaction_history
Hibernate: DELETE FROM opm.invoice_history
Hibernate: DELETE FROM opm.a01_print_suppression_case_history
Hibernate: DELETE FROM opm.user_account_assignment_history
Hibernate: DELETE FROM opm.payment_refund_link_history
Hibernate: DELETE FROM opm.payments_applied_order_code_history
Hibernate: DELETE FROM opm.service_credit_preference_history
Hibernate: DELETE FROM opm.account_confirmation_validation_entry_history
Hibernate: DELETE FROM opm.account_confirmation_validation_history
Hibernate: DELETE FROM opm.payment_reverse_history
Hibernate: DELETE FROM opm.payment_history
Hibernate: DELETE FROM opm.pay_trans_status_code_history
Hibernate: DELETE FROM opm.notification_READBY_history
Hibernate: DELETE FROM opm.refund_transaction_history
Hibernate: DELETE FROM opm.summary_data_history
Hibernate: DELETE FROM opm.dedeposit_history
Hibernate: DELETE FROM opm.redeposit_history
Hibernate: DELETE FROM opm.calculation_result_item_history
Hibernate: DELETE FROM opm.calculation_result_history
Hibernate: DELETE FROM opm.calculation_history
Hibernate: DELETE FROM opm.fers_redeposit_history
Hibernate: DELETE FROM opm.fers_deposit_history
Hibernate: DELETE FROM opm.calculation_version_history
Hibernate: DELETE FROM opm.billing_history
Hibernate: DELETE FROM opm.billing_summary_history
Hibernate: DELETE FROM opm.account_note_history
Hibernate: DELETE FROM opm.address_history
Hibernate: DELETE FROM opm.account_history
Hibernate: DELETE FROM opm.account_holder_history
Hibernate: DELETE FROM opm.error_history
Hibernate: DELETE FROM opm.info_history
Hibernate: DELETE FROM opm.notification_history
Hibernate: DELETE FROM opm.app_user_history
Hibernate: DELETE FROM opm.change_trans_field_number_code
Hibernate: DELETE FROM opm.pay_code
Hibernate: DELETE FROM opm.payment_applied_order
Hibernate: DELETE FROM opm.agency_code
Hibernate: DELETE FROM opm.calculation_status
Hibernate: DELETE FROM opm.transfer_type
Hibernate: DELETE FROM opm.user_status
Hibernate: DELETE FROM opm.claim_officer
Hibernate: DELETE FROM opm.payment_status
Hibernate: DELETE FROM opm.application_designation
Hibernate: DELETE FROM opm.payment_reversal_reason
Hibernate: DELETE FROM opm.pay_type
Hibernate: DELETE FROM opm.appointment_type
Hibernate: DELETE FROM opm.role
Hibernate: DELETE FROM opm.service_type
Hibernate: DELETE FROM opm.retirement_type
Hibernate: DELETE FROM opm.account_status
Hibernate: DELETE FROM opm.country
Hibernate: DELETE FROM opm.state
Hibernate: DELETE FROM opm.period_type
Hibernate: DELETE FROM opm.suffix
Hibernate: DELETE FROM opm.form_type
Hibernate: DELETE FROM opm.batch_daily_payments
Hibernate: DELETE FROM opm.audit_batch
Hibernate: DELETE FROM opm.new_claim_number
Hibernate: DELETE FROM opm.annuitant_list
Hibernate: DELETE FROM opm.time_factor
Hibernate: DELETE FROM opm.contact_info
Hibernate: DELETE FROM opm.interest_suppression
Hibernate: DELETE FROM opm.gl_payment_type
Hibernate: DELETE FROM opm.scm_first_insert
Hibernate: DELETE FROM opm.holiday
Hibernate: DELETE FROM opm.deduction_rate
Hibernate: DELETE FROM opm.interest_grace_period
Hibernate: DELETE FROM opm.gl_code
Hibernate: DELETE FROM opm.claim_without_service
Hibernate: DELETE FROM opm.payment_transaction_note
Hibernate: DELETE FROM opm.payment_move_transaction
Hibernate: DELETE FROM opm.interest_rate
Hibernate: DELETE FROM opm.payment_interest_detail
Hibernate: DELETE FROM opm.adjustment_transaction
Hibernate: DELETE FROM opm.invoice
Hibernate: DELETE FROM opm.a01_print_suppression_case
Hibernate: DELETE FROM opm.user_account_assignment
Hibernate: DELETE FROM opm.payment_refund_link
Hibernate: DELETE FROM opm.role_permission
Hibernate: DELETE FROM opm.user_permission
Hibernate: DELETE FROM opm.service_credit_preference
Hibernate: DELETE FROM opm.account_confirmation_validation_entry
Hibernate: DELETE FROM opm.payment_reverse
Hibernate: DELETE FROM opm.payment
Hibernate: DELETE FROM opm.pay_trans_status_code
Hibernate: DELETE FROM opm.payments_applied_order_code
Hibernate: DELETE FROM opm.printout
Hibernate: DELETE FROM opm.related_help_items
Hibernate: DELETE FROM opm.help_item
Hibernate: DELETE FROM opm.notification_READBY
Hibernate: DELETE FROM opm.date_calculation_data
Hibernate: DELETE FROM opm.refund_transaction
Hibernate: DELETE FROM opm.audit_parameter_record
Hibernate: DELETE FROM opm.audit_record
Hibernate: DELETE FROM opm.dedeposit
Hibernate: DELETE FROM opm.redeposit
Hibernate: DELETE FROM opm.calculation_result_item
Hibernate: DELETE FROM opm.calculation
Hibernate: DELETE FROM opm.fers_redeposit
Hibernate: DELETE FROM opm.fers_deposit
Hibernate: DELETE FROM opm.calculation_version
Hibernate: DELETE FROM opm.calculation_result
Hibernate: DELETE FROM opm.summary_data
Hibernate: DELETE FROM opm.billing
Hibernate: DELETE FROM opm.account_note
Hibernate: DELETE FROM opm.account
Hibernate: DELETE FROM opm.account_confirmation_validation
Hibernate: DELETE FROM opm.billing_summary
Hibernate: DELETE FROM opm.account_holder
Hibernate: DELETE FROM opm.address
Hibernate: DELETE FROM opm.error
Hibernate: DELETE FROM opm.info
Hibernate: DELETE FROM opm.notification
Hibernate: DELETE FROM opm.app_user
Hibernate: DELETE FROM opm.batch_daily_payments_history
Hibernate: DELETE FROM opm.audit_batch_history
Hibernate: DELETE FROM opm.new_claim_number_history
Hibernate: DELETE FROM opm.annuitant_list_history
Hibernate: DELETE FROM opm.time_factor_history
Hibernate: DELETE FROM opm.contact_info_history
Hibernate: DELETE FROM opm.interest_suppression_history
Hibernate: DELETE FROM opm.gl_payment_type_history
Hibernate: DELETE FROM opm.scm_first_insert_history
Hibernate: DELETE FROM opm.holiday_history
Hibernate: DELETE FROM opm.deduction_rate_history
Hibernate: DELETE FROM opm.interest_grace_period_history
Hibernate: DELETE FROM opm.gl_code_history
Hibernate: DELETE FROM opm.claim_without_service_history
Hibernate: DELETE FROM opm.payment_transaction_note_history
Hibernate: DELETE FROM opm.payment_move_transaction_history
Hibernate: DELETE FROM opm.interest_rate_history
Hibernate: DELETE FROM opm.payment_interest_detail_history
Hibernate: DELETE FROM opm.adjustment_transaction_history
Hibernate: DELETE FROM opm.invoice_history
Hibernate: DELETE FROM opm.a01_print_suppression_case_history
Hibernate: DELETE FROM opm.user_account_assignment_history
Hibernate: DELETE FROM opm.payment_refund_link_history
Hibernate: DELETE FROM opm.payments_applied_order_code_history
Hibernate: DELETE FROM opm.service_credit_preference_history
Hibernate: DELETE FROM opm.account_confirmation_validation_entry_history
Hibernate: DELETE FROM opm.account_confirmation_validation_history
Hibernate: DELETE FROM opm.payment_reverse_history
Hibernate: DELETE FROM opm.payment_history
Hibernate: DELETE FROM opm.pay_trans_status_code_history
Hibernate: DELETE FROM opm.notification_READBY_history
Hibernate: DELETE FROM opm.refund_transaction_history
Hibernate: DELETE FROM opm.summary_data_history
Hibernate: DELETE FROM opm.dedeposit_history
Hibernate: DELETE FROM opm.redeposit_history
Hibernate: DELETE FROM opm.calculation_result_item_history
Hibernate: DELETE FROM opm.calculation_result_history
Hibernate: DELETE FROM opm.calculation_history
Hibernate: DELETE FROM opm.fers_redeposit_history
Hibernate: DELETE FROM opm.fers_deposit_history
Hibernate: DELETE FROM opm.calculation_version_history
Hibernate: DELETE FROM opm.billing_history
Hibernate: DELETE FROM opm.billing_summary_history
Hibernate: DELETE FROM opm.account_note_history
Hibernate: DELETE FROM opm.address_history
Hibernate: DELETE FROM opm.account_history
Hibernate: DELETE FROM opm.account_holder_history
Hibernate: DELETE FROM opm.error_history
Hibernate: DELETE FROM opm.info_history
Hibernate: DELETE FROM opm.notification_history
Hibernate: DELETE FROM opm.app_user_history
Hibernate: DELETE FROM opm.change_trans_field_number_code
Hibernate: DELETE FROM opm.pay_code
Hibernate: DELETE FROM opm.payment_applied_order
Hibernate: DELETE FROM opm.agency_code
Hibernate: DELETE FROM opm.calculation_status
Hibernate: DELETE FROM opm.transfer_type
Hibernate: DELETE FROM opm.user_status
Hibernate: DELETE FROM opm.claim_officer
Hibernate: DELETE FROM opm.payment_status
Hibernate: DELETE FROM opm.application_designation
Hibernate: DELETE FROM opm.payment_reversal_reason
Hibernate: DELETE FROM opm.pay_type
Hibernate: DELETE FROM opm.appointment_type
Hibernate: DELETE FROM opm.role
Hibernate: DELETE FROM opm.service_type
Hibernate: DELETE FROM opm.retirement_type
Hibernate: DELETE FROM opm.account_status
Hibernate: DELETE FROM opm.country
Hibernate: DELETE FROM opm.state
Hibernate: DELETE FROM opm.period_type
Hibernate: DELETE FROM opm.suffix
Hibernate: DELETE FROM opm.form_type
Hibernate: DELETE FROM opm.batch_daily_payments
Hibernate: DELETE FROM opm.audit_batch
Hibernate: DELETE FROM opm.new_claim_number
Hibernate: DELETE FROM opm.annuitant_list
Hibernate: DELETE FROM opm.time_factor
Hibernate: DELETE FROM opm.contact_info
Hibernate: DELETE FROM opm.interest_suppression
Hibernate: DELETE FROM opm.gl_payment_type
Hibernate: DELETE FROM opm.scm_first_insert
Hibernate: DELETE FROM opm.holiday
Hibernate: DELETE FROM opm.deduction_rate
Hibernate: DELETE FROM opm.interest_grace_period
Hibernate: DELETE FROM opm.gl_code
Hibernate: DELETE FROM opm.claim_without_service
Hibernate: DELETE FROM opm.payment_transaction_note
Hibernate: DELETE FROM opm.payment_move_transaction
Hibernate: DELETE FROM opm.interest_rate
Hibernate: DELETE FROM opm.payment_interest_detail
Hibernate: DELETE FROM opm.adjustment_transaction
Hibernate: DELETE FROM opm.invoice
Hibernate: DELETE FROM opm.a01_print_suppression_case
Hibernate: DELETE FROM opm.user_account_assignment
Hibernate: DELETE FROM opm.payment_refund_link
Hibernate: DELETE FROM opm.role_permission
Hibernate: DELETE FROM opm.user_permission
Hibernate: DELETE FROM opm.service_credit_preference
Hibernate: DELETE FROM opm.account_confirmation_validation_entry
Hibernate: DELETE FROM opm.payment_reverse
Hibernate: DELETE FROM opm.payment
Hibernate: DELETE FROM opm.pay_trans_status_code
Hibernate: DELETE FROM opm.payments_applied_order_code
Hibernate: DELETE FROM opm.printout
Hibernate: DELETE FROM opm.related_help_items
Hibernate: DELETE FROM opm.help_item
Hibernate: DELETE FROM opm.notification_READBY
Hibernate: DELETE FROM opm.date_calculation_data
Hibernate: DELETE FROM opm.refund_transaction
Hibernate: DELETE FROM opm.audit_parameter_record
Hibernate: DELETE FROM opm.audit_record
Hibernate: DELETE FROM opm.dedeposit
Hibernate: DELETE FROM opm.redeposit
Hibernate: DELETE FROM opm.calculation_result_item
Hibernate: DELETE FROM opm.calculation
Hibernate: DELETE FROM opm.fers_redeposit
Hibernate: DELETE FROM opm.fers_deposit
Hibernate: DELETE FROM opm.calculation_version
Hibernate: DELETE FROM opm.calculation_result
Hibernate: DELETE FROM opm.summary_data
Hibernate: DELETE FROM opm.billing
Hibernate: DELETE FROM opm.account_note
Hibernate: DELETE FROM opm.account
Hibernate: DELETE FROM opm.account_confirmation_validation
Hibernate: DELETE FROM opm.billing_summary
Hibernate: DELETE FROM opm.account_holder
Hibernate: DELETE FROM opm.address
Hibernate: DELETE FROM opm.error
Hibernate: DELETE FROM opm.info
Hibernate: DELETE FROM opm.notification
Hibernate: DELETE FROM opm.app_user
Hibernate: DELETE FROM opm.batch_daily_payments_history
Hibernate: DELETE FROM opm.audit_batch_history
Hibernate: DELETE FROM opm.new_claim_number_history
Hibernate: DELETE FROM opm.annuitant_list_history
Hibernate: DELETE FROM opm.time_factor_history
Hibernate: DELETE FROM opm.contact_info_history
Hibernate: DELETE FROM opm.interest_suppression_history
Hibernate: DELETE FROM opm.gl_payment_type_history
Hibernate: DELETE FROM opm.scm_first_insert_history
Hibernate: DELETE FROM opm.holiday_history
Hibernate: DELETE FROM opm.deduction_rate_history
Hibernate: DELETE FROM opm.interest_grace_period_history
Hibernate: DELETE FROM opm.gl_code_history
Hibernate: DELETE FROM opm.claim_without_service_history
Hibernate: DELETE FROM opm.payment_transaction_note_history
Hibernate: DELETE FROM opm.payment_move_transaction_history
Hibernate: DELETE FROM opm.interest_rate_history
Hibernate: DELETE FROM opm.payment_interest_detail_history
Hibernate: DELETE FROM opm.adjustment_transaction_history
Hibernate: DELETE FROM opm.invoice_history
Hibernate: DELETE FROM opm.a01_print_suppression_case_history
Hibernate: DELETE FROM opm.user_account_assignment_history
Hibernate: DELETE FROM opm.payment_refund_link_history
Hibernate: DELETE FROM opm.payments_applied_order_code_history
Hibernate: DELETE FROM opm.service_credit_preference_history
Hibernate: DELETE FROM opm.account_confirmation_validation_entry_history
Hibernate: DELETE FROM opm.account_confirmation_validation_history
Hibernate: DELETE FROM opm.payment_reverse_history
Hibernate: DELETE FROM opm.payment_history
Hibernate: DELETE FROM opm.pay_trans_status_code_history
Hibernate: DELETE FROM opm.notification_READBY_history
Hibernate: DELETE FROM opm.refund_transaction_history
Hibernate: DELETE FROM opm.summary_data_history
Hibernate: DELETE FROM opm.dedeposit_history
Hibernate: DELETE FROM opm.redeposit_history
Hibernate: DELETE FROM opm.calculation_result_item_history
Hibernate: DELETE FROM opm.calculation_result_history
Hibernate: DELETE FROM opm.calculation_history
Hibernate: DELETE FROM opm.fers_redeposit_history
Hibernate: DELETE FROM opm.fers_deposit_history
Hibernate: DELETE FROM opm.calculation_version_history
Hibernate: DELETE FROM opm.billing_history
Hibernate: DELETE FROM opm.billing_summary_history
Hibernate: DELETE FROM opm.account_note_history
Hibernate: DELETE FROM opm.address_history
Hibernate: DELETE FROM opm.account_history
Hibernate: DELETE FROM opm.account_holder_history
Hibernate: DELETE FROM opm.error_history
Hibernate: DELETE FROM opm.info_history
Hibernate: DELETE FROM opm.notification_history
Hibernate: DELETE FROM opm.app_user_history
Hibernate: DELETE FROM opm.change_trans_field_number_code
Hibernate: DELETE FROM opm.pay_code
Hibernate: DELETE FROM opm.payment_applied_order
Hibernate: DELETE FROM opm.agency_code
Hibernate: DELETE FROM opm.calculation_status
Hibernate: DELETE FROM opm.transfer_type
Hibernate: DELETE FROM opm.user_status
Hibernate: DELETE FROM opm.claim_officer
Hibernate: DELETE FROM opm.payment_status
Hibernate: DELETE FROM opm.application_designation
Hibernate: DELETE FROM opm.payment_reversal_reason
Hibernate: DELETE FROM opm.pay_type
Hibernate: DELETE FROM opm.appointment_type
Hibernate: DELETE FROM opm.role
Hibernate: DELETE FROM opm.service_type
Hibernate: DELETE FROM opm.retirement_type
Hibernate: DELETE FROM opm.account_status
Hibernate: DELETE FROM opm.country
Hibernate: DELETE FROM opm.state
Hibernate: DELETE FROM opm.period_type
Hibernate: DELETE FROM opm.suffix
Hibernate: DELETE FROM opm.form_type
Hibernate: DELETE FROM opm.batch_daily_payments
Hibernate: DELETE FROM opm.audit_batch
Hibernate: DELETE FROM opm.new_claim_number
Hibernate: DELETE FROM opm.annuitant_list
Hibernate: DELETE FROM opm.time_factor
Hibernate: DELETE FROM opm.contact_info
Hibernate: DELETE FROM opm.interest_suppression
Hibernate: DELETE FROM opm.gl_payment_type
Hibernate: DELETE FROM opm.scm_first_insert
Hibernate: DELETE FROM opm.holiday
Hibernate: DELETE FROM opm.deduction_rate
Hibernate: DELETE FROM opm.interest_grace_period
Hibernate: DELETE FROM opm.gl_code
Hibernate: DELETE FROM opm.claim_without_service
Hibernate: DELETE FROM opm.payment_transaction_note
Hibernate: DELETE FROM opm.payment_move_transaction
Hibernate: DELETE FROM opm.interest_rate
Hibernate: DELETE FROM opm.payment_interest_detail
Hibernate: DELETE FROM opm.adjustment_transaction
Hibernate: DELETE FROM opm.invoice
Hibernate: DELETE FROM opm.a01_print_suppression_case
Hibernate: DELETE FROM opm.user_account_assignment
Hibernate: DELETE FROM opm.payment_refund_link
Hibernate: DELETE FROM opm.role_permission
Hibernate: DELETE FROM opm.user_permission
Hibernate: DELETE FROM opm.service_credit_preference
Hibernate: DELETE FROM opm.account_confirmation_validation_entry
Hibernate: DELETE FROM opm.payment_reverse
Hibernate: DELETE FROM opm.payment
Hibernate: DELETE FROM opm.pay_trans_status_code
Hibernate: DELETE FROM opm.payments_applied_order_code
Hibernate: DELETE FROM opm.printout
Hibernate: DELETE FROM opm.related_help_items
Hibernate: DELETE FROM opm.help_item
Hibernate: DELETE FROM opm.notification_READBY
Hibernate: DELETE FROM opm.date_calculation_data
Hibernate: DELETE FROM opm.refund_transaction
Hibernate: DELETE FROM opm.audit_parameter_record
Hibernate: DELETE FROM opm.audit_record
Hibernate: DELETE FROM opm.dedeposit
Hibernate: DELETE FROM opm.redeposit
Hibernate: DELETE FROM opm.calculation_result_item
Hibernate: DELETE FROM opm.calculation
Hibernate: DELETE FROM opm.fers_redeposit
Hibernate: DELETE FROM opm.fers_deposit
Hibernate: DELETE FROM opm.calculation_version
Hibernate: DELETE FROM opm.calculation_result
Hibernate: DELETE FROM opm.summary_data
Hibernate: DELETE FROM opm.billing
Hibernate: DELETE FROM opm.account_note
Hibernate: DELETE FROM opm.account
Hibernate: DELETE FROM opm.account_confirmation_validation
Hibernate: DELETE FROM opm.billing_summary
Hibernate: DELETE FROM opm.account_holder
Hibernate: DELETE FROM opm.address
Hibernate: DELETE FROM opm.error
Hibernate: DELETE FROM opm.info
Hibernate: DELETE FROM opm.notification
Hibernate: DELETE FROM opm.app_user
Hibernate: DELETE FROM opm.batch_daily_payments_history
Hibernate: DELETE FROM opm.audit_batch_history
Hibernate: DELETE FROM opm.new_claim_number_history
Hibernate: DELETE FROM opm.annuitant_list_history
Hibernate: DELETE FROM opm.time_factor_history
Hibernate: DELETE FROM opm.contact_info_history
Hibernate: DELETE FROM opm.interest_suppression_history
Hibernate: DELETE FROM opm.gl_payment_type_history
Hibernate: DELETE FROM opm.scm_first_insert_history
Hibernate: DELETE FROM opm.holiday_history
Hibernate: DELETE FROM opm.deduction_rate_history
Hibernate: DELETE FROM opm.interest_grace_period_history
Hibernate: DELETE FROM opm.gl_code_history
Hibernate: DELETE FROM opm.claim_without_service_history
Hibernate: DELETE FROM opm.payment_transaction_note_history
Hibernate: DELETE FROM opm.payment_move_transaction_history
Hibernate: DELETE FROM opm.interest_rate_history
Hibernate: DELETE FROM opm.payment_interest_detail_history
Hibernate: DELETE FROM opm.adjustment_transaction_history
Hibernate: DELETE FROM opm.invoice_history
Hibernate: DELETE FROM opm.a01_print_suppression_case_history
Hibernate: DELETE FROM opm.user_account_assignment_history
Hibernate: DELETE FROM opm.payment_refund_link_history
Hibernate: DELETE FROM opm.payments_applied_order_code_history
Hibernate: DELETE FROM opm.service_credit_preference_history
Hibernate: DELETE FROM opm.account_confirmation_validation_entry_history
Hibernate: DELETE FROM opm.account_confirmation_validation_history
Hibernate: DELETE FROM opm.payment_reverse_history
Hibernate: DELETE FROM opm.payment_history
Hibernate: DELETE FROM opm.pay_trans_status_code_history
Hibernate: DELETE FROM opm.notification_READBY_history
Hibernate: DELETE FROM opm.refund_transaction_history
Hibernate: DELETE FROM opm.summary_data_history
Hibernate: DELETE FROM opm.dedeposit_history
Hibernate: DELETE FROM opm.redeposit_history
Hibernate: DELETE FROM opm.calculation_result_item_history
Hibernate: DELETE FROM opm.calculation_result_history
Hibernate: DELETE FROM opm.calculation_history
Hibernate: DELETE FROM opm.fers_redeposit_history
Hibernate: DELETE FROM opm.fers_deposit_history
Hibernate: DELETE FROM opm.calculation_version_history
Hibernate: DELETE FROM opm.billing_history
Hibernate: DELETE FROM opm.billing_summary_history
Hibernate: DELETE FROM opm.account_note_history
Hibernate: DELETE FROM opm.address_history
Hibernate: DELETE FROM opm.account_history
Hibernate: DELETE FROM opm.account_holder_history
Hibernate: DELETE FROM opm.error_history
Hibernate: DELETE FROM opm.info_history
Hibernate: DELETE FROM opm.notification_history
Hibernate: DELETE FROM opm.app_user_history
Hibernate: DELETE FROM opm.change_trans_field_number_code
Hibernate: DELETE FROM opm.pay_code
Hibernate: DELETE FROM opm.payment_applied_order
Hibernate: DELETE FROM opm.agency_code
Hibernate: DELETE FROM opm.calculation_status
Hibernate: DELETE FROM opm.transfer_type
Hibernate: DELETE FROM opm.user_status
Hibernate: DELETE FROM opm.claim_officer
Hibernate: DELETE FROM opm.payment_status
Hibernate: DELETE FROM opm.application_designation
Hibernate: DELETE FROM opm.payment_reversal_reason
Hibernate: DELETE FROM opm.pay_type
Hibernate: DELETE FROM opm.appointment_type
Hibernate: DELETE FROM opm.role
Hibernate: DELETE FROM opm.service_type
Hibernate: DELETE FROM opm.retirement_type
Hibernate: DELETE FROM opm.account_status
Hibernate: DELETE FROM opm.country
Hibernate: DELETE FROM opm.state
Hibernate: DELETE FROM opm.period_type
Hibernate: DELETE FROM opm.suffix
Hibernate: DELETE FROM opm.form_type
Hibernate: DELETE FROM opm.batch_daily_payments
Hibernate: DELETE FROM opm.audit_batch
Hibernate: DELETE FROM opm.new_claim_number
Hibernate: DELETE FROM opm.annuitant_list
Hibernate: DELETE FROM opm.time_factor
Hibernate: DELETE FROM opm.contact_info
Hibernate: DELETE FROM opm.interest_suppression
Hibernate: DELETE FROM opm.gl_payment_type
Hibernate: DELETE FROM opm.scm_first_insert
Hibernate: DELETE FROM opm.holiday
Hibernate: DELETE FROM opm.deduction_rate
Hibernate: DELETE FROM opm.interest_grace_period
Hibernate: DELETE FROM opm.gl_code
Hibernate: DELETE FROM opm.claim_without_service
Hibernate: DELETE FROM opm.payment_transaction_note
Hibernate: DELETE FROM opm.payment_move_transaction
Hibernate: DELETE FROM opm.interest_rate
Hibernate: DELETE FROM opm.payment_interest_detail
Hibernate: DELETE FROM opm.adjustment_transaction
Hibernate: DELETE FROM opm.invoice
Hibernate: DELETE FROM opm.a01_print_suppression_case
Hibernate: DELETE FROM opm.user_account_assignment
Hibernate: DELETE FROM opm.payment_refund_link
Hibernate: DELETE FROM opm.role_permission
Hibernate: DELETE FROM opm.user_permission
Hibernate: DELETE FROM opm.service_credit_preference
Hibernate: DELETE FROM opm.account_confirmation_validation_entry
Hibernate: DELETE FROM opm.payment_reverse
Hibernate: DELETE FROM opm.payment
Hibernate: DELETE FROM opm.pay_trans_status_code
Hibernate: DELETE FROM opm.payments_applied_order_code
Hibernate: DELETE FROM opm.printout
Hibernate: DELETE FROM opm.related_help_items
Hibernate: DELETE FROM opm.help_item
Hibernate: DELETE FROM opm.notification_READBY
Hibernate: DELETE FROM opm.date_calculation_data
Hibernate: DELETE FROM opm.refund_transaction
Hibernate: DELETE FROM opm.audit_parameter_record
Hibernate: DELETE FROM opm.audit_record
Hibernate: DELETE FROM opm.dedeposit
Hibernate: DELETE FROM opm.redeposit
Hibernate: DELETE FROM opm.calculation_result_item
Hibernate: DELETE FROM opm.calculation
Hibernate: DELETE FROM opm.fers_redeposit
Hibernate: DELETE FROM opm.fers_deposit
Hibernate: DELETE FROM opm.calculation_version
Hibernate: DELETE FROM opm.calculation_result
Hibernate: DELETE FROM opm.summary_data
Hibernate: DELETE FROM opm.billing
Hibernate: DELETE FROM opm.account_note
Hibernate: DELETE FROM opm.account
Hibernate: DELETE FROM opm.account_confirmation_validation
Hibernate: DELETE FROM opm.billing_summary
Hibernate: DELETE FROM opm.account_holder
Hibernate: DELETE FROM opm.address
Hibernate: DELETE FROM opm.error
Hibernate: DELETE FROM opm.info
Hibernate: DELETE FROM opm.notification
Hibernate: DELETE FROM opm.app_user
Hibernate: DELETE FROM opm.batch_daily_payments_history
Hibernate: DELETE FROM opm.audit_batch_history
Hibernate: DELETE FROM opm.new_claim_number_history
Hibernate: DELETE FROM opm.annuitant_list_history
Hibernate: DELETE FROM opm.time_factor_history
Hibernate: DELETE FROM opm.contact_info_history
Hibernate: DELETE FROM opm.interest_suppression_history
Hibernate: DELETE FROM opm.gl_payment_type_history
Hibernate: DELETE FROM opm.scm_first_insert_history
Hibernate: DELETE FROM opm.holiday_history
Hibernate: DELETE FROM opm.deduction_rate_history
Hibernate: DELETE FROM opm.interest_grace_period_history
Hibernate: DELETE FROM opm.gl_code_history
Hibernate: DELETE FROM opm.claim_without_service_history
Hibernate: DELETE FROM opm.payment_transaction_note_history
Hibernate: DELETE FROM opm.payment_move_transaction_history
Hibernate: DELETE FROM opm.interest_rate_history
Hibernate: DELETE FROM opm.payment_interest_detail_history
Hibernate: DELETE FROM opm.adjustment_transaction_history
Hibernate: DELETE FROM opm.invoice_history
Hibernate: DELETE FROM opm.a01_print_suppression_case_history
Hibernate: DELETE FROM opm.user_account_assignment_history
Hibernate: DELETE FROM opm.payment_refund_link_history
Hibernate: DELETE FROM opm.payments_applied_order_code_history
Hibernate: DELETE FROM opm.service_credit_preference_history
Hibernate: DELETE FROM opm.account_confirmation_validation_entry_history
Hibernate: DELETE FROM opm.account_confirmation_validation_history
Hibernate: DELETE FROM opm.payment_reverse_history
Hibernate: DELETE FROM opm.payment_history
Hibernate: DELETE FROM opm.pay_trans_status_code_history
Hibernate: DELETE FROM opm.notification_READBY_history
Hibernate: DELETE FROM opm.refund_transaction_history
Hibernate: DELETE FROM opm.summary_data_history
Hibernate: DELETE FROM opm.dedeposit_history
Hibernate: DELETE FROM opm.redeposit_history
Hibernate: DELETE FROM opm.calculation_result_item_history
Hibernate: DELETE FROM opm.calculation_result_history
Hibernate: DELETE FROM opm.calculation_history
Hibernate: DELETE FROM opm.fers_redeposit_history
Hibernate: DELETE FROM opm.fers_deposit_history
Hibernate: DELETE FROM opm.calculation_version_history
Hibernate: DELETE FROM opm.billing_history
Hibernate: DELETE FROM opm.billing_summary_history
Hibernate: DELETE FROM opm.account_note_history
Hibernate: DELETE FROM opm.address_history
Hibernate: DELETE FROM opm.account_history
Hibernate: DELETE FROM opm.account_holder_history
Hibernate: DELETE FROM opm.error_history
Hibernate: DELETE FROM opm.info_history
Hibernate: DELETE FROM opm.notification_history
Hibernate: DELETE FROM opm.app_user_history
Hibernate: DELETE FROM opm.change_trans_field_number_code
Hibernate: DELETE FROM opm.pay_code
Hibernate: DELETE FROM opm.payment_applied_order
Hibernate: DELETE FROM opm.agency_code
Hibernate: DELETE FROM opm.calculation_status
Hibernate: DELETE FROM opm.transfer_type
Hibernate: DELETE FROM opm.user_status
Hibernate: DELETE FROM opm.claim_officer
Hibernate: DELETE FROM opm.payment_status
Hibernate: DELETE FROM opm.application_designation
Hibernate: DELETE FROM opm.payment_reversal_reason
Hibernate: DELETE FROM opm.pay_type
Hibernate: DELETE FROM opm.appointment_type
Hibernate: DELETE FROM opm.role
Hibernate: DELETE FROM opm.service_type
Hibernate: DELETE FROM opm.retirement_type
Hibernate: DELETE FROM opm.account_status
Hibernate: DELETE FROM opm.country
Hibernate: DELETE FROM opm.state
Hibernate: DELETE FROM opm.period_type
Hibernate: DELETE FROM opm.suffix
Hibernate: DELETE FROM opm.form_type
Hibernate: DELETE FROM opm.batch_daily_payments
Hibernate: DELETE FROM opm.audit_batch
Hibernate: DELETE FROM opm.new_claim_number
Hibernate: DELETE FROM opm.annuitant_list
Hibernate: DELETE FROM opm.time_factor
Hibernate: DELETE FROM opm.contact_info
Hibernate: DELETE FROM opm.interest_suppression
Hibernate: DELETE FROM opm.gl_payment_type
Hibernate: DELETE FROM opm.scm_first_insert
Hibernate: DELETE FROM opm.holiday
Hibernate: DELETE FROM opm.deduction_rate
Hibernate: DELETE FROM opm.interest_grace_period
Hibernate: DELETE FROM opm.gl_code
Hibernate: DELETE FROM opm.claim_without_service
Hibernate: DELETE FROM opm.payment_transaction_note
Hibernate: DELETE FROM opm.payment_move_transaction
Hibernate: DELETE FROM opm.interest_rate
Hibernate: DELETE FROM opm.payment_interest_detail
Hibernate: DELETE FROM opm.adjustment_transaction
Hibernate: DELETE FROM opm.invoice
Hibernate: DELETE FROM opm.a01_print_suppression_case
Hibernate: DELETE FROM opm.user_account_assignment
Hibernate: DELETE FROM opm.payment_refund_link
Hibernate: DELETE FROM opm.role_permission
Hibernate: DELETE FROM opm.user_permission
Hibernate: DELETE FROM opm.service_credit_preference
Hibernate: DELETE FROM opm.account_confirmation_validation_entry
Hibernate: DELETE FROM opm.payment_reverse
Hibernate: DELETE FROM opm.payment
Hibernate: DELETE FROM opm.pay_trans_status_code
Hibernate: DELETE FROM opm.payments_applied_order_code
Hibernate: DELETE FROM opm.printout
Hibernate: DELETE FROM opm.related_help_items
Hibernate: DELETE FROM opm.help_item
Hibernate: DELETE FROM opm.notification_READBY
Hibernate: DELETE FROM opm.date_calculation_data
Hibernate: DELETE FROM opm.refund_transaction
Hibernate: DELETE FROM opm.audit_parameter_record
Hibernate: DELETE FROM opm.audit_record
Hibernate: DELETE FROM opm.dedeposit
Hibernate: DELETE FROM opm.redeposit
Hibernate: DELETE FROM opm.calculation_result_item
Hibernate: DELETE FROM opm.calculation
Hibernate: DELETE FROM opm.fers_redeposit
Hibernate: DELETE FROM opm.fers_deposit
Hibernate: DELETE FROM opm.calculation_version
Hibernate: DELETE FROM opm.calculation_result
Hibernate: DELETE FROM opm.summary_data
Hibernate: DELETE FROM opm.billing
Hibernate: DELETE FROM opm.account_note
Hibernate: DELETE FROM opm.account
Hibernate: DELETE FROM opm.account_confirmation_validation
Hibernate: DELETE FROM opm.billing_summary
Hibernate: DELETE FROM opm.account_holder
Hibernate: DELETE FROM opm.address
Hibernate: DELETE FROM opm.error
Hibernate: DELETE FROM opm.info
Hibernate: DELETE FROM opm.notification
Hibernate: DELETE FROM opm.app_user
Hibernate: DELETE FROM opm.batch_daily_payments_history
Hibernate: DELETE FROM opm.audit_batch_history
Hibernate: DELETE FROM opm.new_claim_number_history
Hibernate: DELETE FROM opm.annuitant_list_history
Hibernate: DELETE FROM opm.time_factor_history
Hibernate: DELETE FROM opm.contact_info_history
Hibernate: DELETE FROM opm.interest_suppression_history
Hibernate: DELETE FROM opm.gl_payment_type_history
Hibernate: DELETE FROM opm.scm_first_insert_history
Hibernate: DELETE FROM opm.holiday_history
Hibernate: DELETE FROM opm.deduction_rate_history
Hibernate: DELETE FROM opm.interest_grace_period_history
Hibernate: DELETE FROM opm.gl_code_history
Hibernate: DELETE FROM opm.claim_without_service_history
Hibernate: DELETE FROM opm.payment_transaction_note_history
Hibernate: DELETE FROM opm.payment_move_transaction_history
Hibernate: DELETE FROM opm.interest_rate_history
Hibernate: DELETE FROM opm.payment_interest_detail_history
Hibernate: DELETE FROM opm.adjustment_transaction_history
Hibernate: DELETE FROM opm.invoice_history
Hibernate: DELETE FROM opm.a01_print_suppression_case_history
Hibernate: DELETE FROM opm.user_account_assignment_history
Hibernate: DELETE FROM opm.payment_refund_link_history
Hibernate: DELETE FROM opm.payments_applied_order_code_history
Hibernate: DELETE FROM opm.service_credit_preference_history
Hibernate: DELETE FROM opm.account_confirmation_validation_entry_history
Hibernate: DELETE FROM opm.account_confirmation_validation_history
Hibernate: DELETE FROM opm.payment_reverse_history
Hibernate: DELETE FROM opm.payment_history
Hibernate: DELETE FROM opm.pay_trans_status_code_history
Hibernate: DELETE FROM opm.notification_READBY_history
Hibernate: DELETE FROM opm.refund_transaction_history
Hibernate: DELETE FROM opm.summary_data_history
Hibernate: DELETE FROM opm.dedeposit_history
Hibernate: DELETE FROM opm.redeposit_history
Hibernate: DELETE FROM opm.calculation_result_item_history
Hibernate: DELETE FROM opm.calculation_result_history
Hibernate: DELETE FROM opm.calculation_history
Hibernate: DELETE FROM opm.fers_redeposit_history
Hibernate: DELETE FROM opm.fers_deposit_history
Hibernate: DELETE FROM opm.calculation_version_history
Hibernate: DELETE FROM opm.billing_history
Hibernate: DELETE FROM opm.billing_summary_history
Hibernate: DELETE FROM opm.account_note_history
Hibernate: DELETE FROM opm.address_history
Hibernate: DELETE FROM opm.account_history
Hibernate: DELETE FROM opm.account_holder_history
Hibernate: DELETE FROM opm.error_history
Hibernate: DELETE FROM opm.info_history
Hibernate: DELETE FROM opm.notification_history
Hibernate: DELETE FROM opm.app_user_history
Hibernate: DELETE FROM opm.change_trans_field_number_code
Hibernate: DELETE FROM opm.pay_code
Hibernate: DELETE FROM opm.payment_applied_order
Hibernate: DELETE FROM opm.agency_code
Hibernate: DELETE FROM opm.calculation_status
Hibernate: DELETE FROM opm.transfer_type
Hibernate: DELETE FROM opm.user_status
Hibernate: DELETE FROM opm.claim_officer
Hibernate: DELETE FROM opm.payment_status
Hibernate: DELETE FROM opm.application_designation
Hibernate: DELETE FROM opm.payment_reversal_reason
Hibernate: DELETE FROM opm.pay_type
Hibernate: DELETE FROM opm.appointment_type
Hibernate: DELETE FROM opm.role
Hibernate: DELETE FROM opm.service_type
Hibernate: DELETE FROM opm.retirement_type
Hibernate: DELETE FROM opm.account_status
Hibernate: DELETE FROM opm.country
Hibernate: DELETE FROM opm.state
Hibernate: DELETE FROM opm.period_type
Hibernate: DELETE FROM opm.suffix
Hibernate: DELETE FROM opm.form_type
Hibernate: DELETE FROM opm.batch_daily_payments
Hibernate: DELETE FROM opm.audit_batch
Hibernate: DELETE FROM opm.new_claim_number
Hibernate: DELETE FROM opm.annuitant_list
Hibernate: DELETE FROM opm.time_factor
Hibernate: DELETE FROM opm.contact_info
Hibernate: DELETE FROM opm.interest_suppression
Hibernate: DELETE FROM opm.gl_payment_type
Hibernate: DELETE FROM opm.scm_first_insert
Hibernate: DELETE FROM opm.holiday
Hibernate: DELETE FROM opm.deduction_rate
Hibernate: DELETE FROM opm.interest_grace_period
Hibernate: DELETE FROM opm.gl_code
Hibernate: DELETE FROM opm.claim_without_service
Hibernate: DELETE FROM opm.payment_transaction_note
Hibernate: DELETE FROM opm.payment_move_transaction
Hibernate: DELETE FROM opm.interest_rate
Hibernate: DELETE FROM opm.payment_interest_detail
Hibernate: DELETE FROM opm.adjustment_transaction
Hibernate: DELETE FROM opm.invoice
Hibernate: DELETE FROM opm.a01_print_suppression_case
Hibernate: DELETE FROM opm.user_account_assignment
Hibernate: DELETE FROM opm.payment_refund_link
Hibernate: DELETE FROM opm.role_permission
Hibernate: DELETE FROM opm.user_permission
Hibernate: DELETE FROM opm.service_credit_preference
Hibernate: DELETE FROM opm.account_confirmation_validation_entry
Hibernate: DELETE FROM opm.payment_reverse
Hibernate: DELETE FROM opm.payment
Hibernate: DELETE FROM opm.pay_trans_status_code
Hibernate: DELETE FROM opm.payments_applied_order_code
Hibernate: DELETE FROM opm.printout
Hibernate: DELETE FROM opm.related_help_items
Hibernate: DELETE FROM opm.help_item
Hibernate: DELETE FROM opm.notification_READBY
Hibernate: DELETE FROM opm.date_calculation_data
Hibernate: DELETE FROM opm.refund_transaction
Hibernate: DELETE FROM opm.audit_parameter_record
Hibernate: DELETE FROM opm.audit_record
Hibernate: DELETE FROM opm.dedeposit
Hibernate: DELETE FROM opm.redeposit
Hibernate: DELETE FROM opm.calculation_result_item
Hibernate: DELETE FROM opm.calculation
Hibernate: DELETE FROM opm.fers_redeposit
Hibernate: DELETE FROM opm.fers_deposit
Hibernate: DELETE FROM opm.calculation_version
Hibernate: DELETE FROM opm.calculation_result
Hibernate: DELETE FROM opm.summary_data
Hibernate: DELETE FROM opm.billing
Hibernate: DELETE FROM opm.account_note
Hibernate: DELETE FROM opm.account
Hibernate: DELETE FROM opm.account_confirmation_validation
Hibernate: DELETE FROM opm.billing_summary
Hibernate: DELETE FROM opm.account_holder
Hibernate: DELETE FROM opm.address
Hibernate: DELETE FROM opm.error
Hibernate: DELETE FROM opm.info
Hibernate: DELETE FROM opm.notification
Hibernate: DELETE FROM opm.app_user
Hibernate: DELETE FROM opm.batch_daily_payments_history
Hibernate: DELETE FROM opm.audit_batch_history
Hibernate: DELETE FROM opm.new_claim_number_history
Hibernate: DELETE FROM opm.annuitant_list_history
Hibernate: DELETE FROM opm.time_factor_history
Hibernate: DELETE FROM opm.contact_info_history
Hibernate: DELETE FROM opm.interest_suppression_history
Hibernate: DELETE FROM opm.gl_payment_type_history
Hibernate: DELETE FROM opm.scm_first_insert_history
Hibernate: DELETE FROM opm.holiday_history
Hibernate: DELETE FROM opm.deduction_rate_history
Hibernate: DELETE FROM opm.interest_grace_period_history
Hibernate: DELETE FROM opm.gl_code_history
Hibernate: DELETE FROM opm.claim_without_service_history
Hibernate: DELETE FROM opm.payment_transaction_note_history
Hibernate: DELETE FROM opm.payment_move_transaction_history
Hibernate: DELETE FROM opm.interest_rate_history
Hibernate: DELETE FROM opm.payment_interest_detail_history
Hibernate: DELETE FROM opm.adjustment_transaction_history
Hibernate: DELETE FROM opm.invoice_history
Hibernate: DELETE FROM opm.a01_print_suppression_case_history
Hibernate: DELETE FROM opm.user_account_assignment_history
Hibernate: DELETE FROM opm.payment_refund_link_history
Hibernate: DELETE FROM opm.payments_applied_order_code_history
Hibernate: DELETE FROM opm.service_credit_preference_history
Hibernate: DELETE FROM opm.account_confirmation_validation_entry_history
Hibernate: DELETE FROM opm.account_confirmation_validation_history
Hibernate: DELETE FROM opm.payment_reverse_history
Hibernate: DELETE FROM opm.payment_history
Hibernate: DELETE FROM opm.pay_trans_status_code_history
Hibernate: DELETE FROM opm.notification_READBY_history
Hibernate: DELETE FROM opm.refund_transaction_history
Hibernate: DELETE FROM opm.summary_data_history
Hibernate: DELETE FROM opm.dedeposit_history
Hibernate: DELETE FROM opm.redeposit_history
Hibernate: DELETE FROM opm.calculation_result_item_history
Hibernate: DELETE FROM opm.calculation_result_history
Hibernate: DELETE FROM opm.calculation_history
Hibernate: DELETE FROM opm.fers_redeposit_history
Hibernate: DELETE FROM opm.fers_deposit_history
Hibernate: DELETE FROM opm.calculation_version_history
Hibernate: DELETE FROM opm.billing_history
Hibernate: DELETE FROM opm.billing_summary_history
Hibernate: DELETE FROM opm.account_note_history
Hibernate: DELETE FROM opm.address_history
Hibernate: DELETE FROM opm.account_history
Hibernate: DELETE FROM opm.account_holder_history
Hibernate: DELETE FROM opm.error_history
Hibernate: DELETE FROM opm.info_history
Hibernate: DELETE FROM opm.notification_history
Hibernate: DELETE FROM opm.app_user_history
Hibernate: DELETE FROM opm.change_trans_field_number_code
Hibernate: DELETE FROM opm.pay_code
Hibernate: DELETE FROM opm.payment_applied_order
Hibernate: DELETE FROM opm.agency_code
Hibernate: DELETE FROM opm.calculation_status
Hibernate: DELETE FROM opm.transfer_type
Hibernate: DELETE FROM opm.user_status
Hibernate: DELETE FROM opm.claim_officer
Hibernate: DELETE FROM opm.payment_status
Hibernate: DELETE FROM opm.application_designation
Hibernate: DELETE FROM opm.payment_reversal_reason
Hibernate: DELETE FROM opm.pay_type
Hibernate: DELETE FROM opm.appointment_type
Hibernate: DELETE FROM opm.role
Hibernate: DELETE FROM opm.service_type
Hibernate: DELETE FROM opm.retirement_type
Hibernate: DELETE FROM opm.account_status
Hibernate: DELETE FROM opm.country
Hibernate: DELETE FROM opm.state
Hibernate: DELETE FROM opm.period_type
Hibernate: DELETE FROM opm.suffix
Hibernate: DELETE FROM opm.form_type
Hibernate: DELETE FROM opm.batch_daily_payments
Hibernate: DELETE FROM opm.audit_batch
Hibernate: DELETE FROM opm.new_claim_number
Hibernate: DELETE FROM opm.annuitant_list
Hibernate: DELETE FROM opm.time_factor
Hibernate: DELETE FROM opm.contact_info
Hibernate: DELETE FROM opm.interest_suppression
Hibernate: DELETE FROM opm.gl_payment_type
Hibernate: DELETE FROM opm.scm_first_insert
Hibernate: DELETE FROM opm.holiday
Hibernate: DELETE FROM opm.deduction_rate
Hibernate: DELETE FROM opm.interest_grace_period
Hibernate: DELETE FROM opm.gl_code
Hibernate: DELETE FROM opm.claim_without_service
Hibernate: DELETE FROM opm.payment_transaction_note
Hibernate: DELETE FROM opm.payment_move_transaction
Hibernate: DELETE FROM opm.interest_rate
Hibernate: DELETE FROM opm.payment_interest_detail
Hibernate: DELETE FROM opm.adjustment_transaction
Hibernate: DELETE FROM opm.invoice
Hibernate: DELETE FROM opm.a01_print_suppression_case
Hibernate: DELETE FROM opm.user_account_assignment
Hibernate: DELETE FROM opm.payment_refund_link
Hibernate: DELETE FROM opm.role_permission
Hibernate: DELETE FROM opm.user_permission
Hibernate: DELETE FROM opm.service_credit_preference
Hibernate: DELETE FROM opm.account_confirmation_validation_entry
Hibernate: DELETE FROM opm.payment_reverse
Hibernate: DELETE FROM opm.payment
Hibernate: DELETE FROM opm.pay_trans_status_code
Hibernate: DELETE FROM opm.payments_applied_order_code
Hibernate: DELETE FROM opm.printout
Hibernate: DELETE FROM opm.related_help_items
Hibernate: DELETE FROM opm.help_item
Hibernate: DELETE FROM opm.notification_READBY
Hibernate: DELETE FROM opm.date_calculation_data
Hibernate: DELETE FROM opm.refund_transaction
Hibernate: DELETE FROM opm.audit_parameter_record
Hibernate: DELETE FROM opm.audit_record
Hibernate: DELETE FROM opm.dedeposit
Hibernate: DELETE FROM opm.redeposit
Hibernate: DELETE FROM opm.calculation_result_item
Hibernate: DELETE FROM opm.calculation
Hibernate: DELETE FROM opm.fers_redeposit
Hibernate: DELETE FROM opm.fers_deposit
Hibernate: DELETE FROM opm.calculation_version
Hibernate: DELETE FROM opm.calculation_result
Hibernate: DELETE FROM opm.summary_data
Hibernate: DELETE FROM opm.billing
Hibernate: DELETE FROM opm.account_note
Hibernate: DELETE FROM opm.account
Hibernate: DELETE FROM opm.account_confirmation_validation
Hibernate: DELETE FROM opm.billing_summary
Hibernate: DELETE FROM opm.account_holder
Hibernate: DELETE FROM opm.address
Hibernate: DELETE FROM opm.error
Hibernate: DELETE FROM opm.info
Hibernate: DELETE FROM opm.notification
Hibernate: DELETE FROM opm.app_user
Hibernate: DELETE FROM opm.batch_daily_payments_history
Hibernate: DELETE FROM opm.audit_batch_history
Hibernate: DELETE FROM opm.new_claim_number_history
Hibernate: DELETE FROM opm.annuitant_list_history
Hibernate: DELETE FROM opm.time_factor_history
Hibernate: DELETE FROM opm.contact_info_history
Hibernate: DELETE FROM opm.interest_suppression_history
Hibernate: DELETE FROM opm.gl_payment_type_history
Hibernate: DELETE FROM opm.scm_first_insert_history
Hibernate: DELETE FROM opm.holiday_history
Hibernate: DELETE FROM opm.deduction_rate_history
Hibernate: DELETE FROM opm.interest_grace_period_history
Hibernate: DELETE FROM opm.gl_code_history
Hibernate: DELETE FROM opm.claim_without_service_history
Hibernate: DELETE FROM opm.payment_transaction_note_history
Hibernate: DELETE FROM opm.payment_move_transaction_history
Hibernate: DELETE FROM opm.interest_rate_history
Hibernate: DELETE FROM opm.payment_interest_detail_history
Hibernate: DELETE FROM opm.adjustment_transaction_history
Hibernate: DELETE FROM opm.invoice_history
Hibernate: DELETE FROM opm.a01_print_suppression_case_history
Hibernate: DELETE FROM opm.user_account_assignment_history
Hibernate: DELETE FROM opm.payment_refund_link_history
Hibernate: DELETE FROM opm.payments_applied_order_code_history
Hibernate: DELETE FROM opm.service_credit_preference_history
Hibernate: DELETE FROM opm.account_confirmation_validation_entry_history
Hibernate: DELETE FROM opm.account_confirmation_validation_history
Hibernate: DELETE FROM opm.payment_reverse_history
Hibernate: DELETE FROM opm.payment_history
Hibernate: DELETE FROM opm.pay_trans_status_code_history
Hibernate: DELETE FROM opm.notification_READBY_history
Hibernate: DELETE FROM opm.refund_transaction_history
Hibernate: DELETE FROM opm.summary_data_history
Hibernate: DELETE FROM opm.dedeposit_history
Hibernate: DELETE FROM opm.redeposit_history
Hibernate: DELETE FROM opm.calculation_result_item_history
Hibernate: DELETE FROM opm.calculation_result_history
Hibernate: DELETE FROM opm.calculation_history
Hibernate: DELETE FROM opm.fers_redeposit_history
Hibernate: DELETE FROM opm.fers_deposit_history
Hibernate: DELETE FROM opm.calculation_version_history
Hibernate: DELETE FROM opm.billing_history
Hibernate: DELETE FROM opm.billing_summary_history
Hibernate: DELETE FROM opm.account_note_history
Hibernate: DELETE FROM opm.address_history
Hibernate: DELETE FROM opm.account_history
Hibernate: DELETE FROM opm.account_holder_history
Hibernate: DELETE FROM opm.error_history
Hibernate: DELETE FROM opm.info_history
Hibernate: DELETE FROM opm.notification_history
Hibernate: DELETE FROM opm.app_user_history
Hibernate: DELETE FROM opm.change_trans_field_number_code
Hibernate: DELETE FROM opm.pay_code
Hibernate: DELETE FROM opm.payment_applied_order
Hibernate: DELETE FROM opm.agency_code
Hibernate: DELETE FROM opm.calculation_status
Hibernate: DELETE FROM opm.transfer_type
Hibernate: DELETE FROM opm.user_status
Hibernate: DELETE FROM opm.claim_officer
Hibernate: DELETE FROM opm.payment_status
Hibernate: DELETE FROM opm.application_designation
Hibernate: DELETE FROM opm.payment_reversal_reason
Hibernate: DELETE FROM opm.pay_type
Hibernate: DELETE FROM opm.appointment_type
Hibernate: DELETE FROM opm.role
Hibernate: DELETE FROM opm.service_type
Hibernate: DELETE FROM opm.retirement_type
Hibernate: DELETE FROM opm.account_status
Hibernate: DELETE FROM opm.country
Hibernate: DELETE FROM opm.state
Hibernate: DELETE FROM opm.period_type
Hibernate: DELETE FROM opm.suffix
Hibernate: DELETE FROM opm.form_type
Hibernate: DELETE FROM opm.batch_daily_payments
Hibernate: DELETE FROM opm.audit_batch
Hibernate: DELETE FROM opm.new_claim_number
Hibernate: DELETE FROM opm.annuitant_list
Hibernate: DELETE FROM opm.time_factor
Hibernate: DELETE FROM opm.contact_info
Hibernate: DELETE FROM opm.interest_suppression
Hibernate: DELETE FROM opm.gl_payment_type
Hibernate: DELETE FROM opm.scm_first_insert
Hibernate: DELETE FROM opm.holiday
Hibernate: DELETE FROM opm.deduction_rate
Hibernate: DELETE FROM opm.interest_grace_period
Hibernate: DELETE FROM opm.gl_code
Hibernate: DELETE FROM opm.claim_without_service
Hibernate: DELETE FROM opm.payment_transaction_note
Hibernate: DELETE FROM opm.payment_move_transaction
Hibernate: DELETE FROM opm.interest_rate
Hibernate: DELETE FROM opm.payment_interest_detail
Hibernate: DELETE FROM opm.adjustment_transaction
Hibernate: DELETE FROM opm.invoice
Hibernate: DELETE FROM opm.a01_print_suppression_case
Hibernate: DELETE FROM opm.user_account_assignment
Hibernate: DELETE FROM opm.payment_refund_link
Hibernate: DELETE FROM opm.role_permission
Hibernate: DELETE FROM opm.user_permission
Hibernate: DELETE FROM opm.service_credit_preference
Hibernate: DELETE FROM opm.account_confirmation_validation_entry
Hibernate: DELETE FROM opm.payment_reverse
Hibernate: DELETE FROM opm.payment
Hibernate: DELETE FROM opm.pay_trans_status_code
Hibernate: DELETE FROM opm.payments_applied_order_code
Hibernate: DELETE FROM opm.printout
Hibernate: DELETE FROM opm.related_help_items
Hibernate: DELETE FROM opm.help_item
Hibernate: DELETE FROM opm.notification_READBY
Hibernate: DELETE FROM opm.date_calculation_data
Hibernate: DELETE FROM opm.refund_transaction
Hibernate: DELETE FROM opm.audit_parameter_record
Hibernate: DELETE FROM opm.audit_record
Hibernate: DELETE FROM opm.dedeposit
Hibernate: DELETE FROM opm.redeposit
Hibernate: DELETE FROM opm.calculation_result_item
Hibernate: DELETE FROM opm.calculation
Hibernate: DELETE FROM opm.fers_redeposit
Hibernate: DELETE FROM opm.fers_deposit
Hibernate: DELETE FROM opm.calculation_version
Hibernate: DELETE FROM opm.calculation_result
Hibernate: DELETE FROM opm.summary_data
Hibernate: DELETE FROM opm.billing
Hibernate: DELETE FROM opm.account_note
Hibernate: DELETE FROM opm.account
Hibernate: DELETE FROM opm.account_confirmation_validation
Hibernate: DELETE FROM opm.billing_summary
Hibernate: DELETE FROM opm.account_holder
Hibernate: DELETE FROM opm.address
Hibernate: DELETE FROM opm.error
Hibernate: DELETE FROM opm.info
Hibernate: DELETE FROM opm.notification
Hibernate: DELETE FROM opm.app_user
Hibernate: DELETE FROM opm.batch_daily_payments_history
Hibernate: DELETE FROM opm.audit_batch_history
Hibernate: DELETE FROM opm.new_claim_number_history
Hibernate: DELETE FROM opm.annuitant_list_history
Hibernate: DELETE FROM opm.time_factor_history
Hibernate: DELETE FROM opm.contact_info_history
Hibernate: DELETE FROM opm.interest_suppression_history
Hibernate: DELETE FROM opm.gl_payment_type_history
Hibernate: DELETE FROM opm.scm_first_insert_history
Hibernate: DELETE FROM opm.holiday_history
Hibernate: DELETE FROM opm.deduction_rate_history
Hibernate: DELETE FROM opm.interest_grace_period_history
Hibernate: DELETE FROM opm.gl_code_history
Hibernate: DELETE FROM opm.claim_without_service_history
Hibernate: DELETE FROM opm.payment_transaction_note_history
Hibernate: DELETE FROM opm.payment_move_transaction_history
Hibernate: DELETE FROM opm.interest_rate_history
Hibernate: DELETE FROM opm.payment_interest_detail_history
Hibernate: DELETE FROM opm.adjustment_transaction_history
Hibernate: DELETE FROM opm.invoice_history
Hibernate: DELETE FROM opm.a01_print_suppression_case_history
Hibernate: DELETE FROM opm.user_account_assignment_history
Hibernate: DELETE FROM opm.payment_refund_link_history
Hibernate: DELETE FROM opm.payments_applied_order_code_history
Hibernate: DELETE FROM opm.service_credit_preference_history
Hibernate: DELETE FROM opm.account_confirmation_validation_entry_history
Hibernate: DELETE FROM opm.account_confirmation_validation_history
Hibernate: DELETE FROM opm.payment_reverse_history
Hibernate: DELETE FROM opm.payment_history
Hibernate: DELETE FROM opm.pay_trans_status_code_history
Hibernate: DELETE FROM opm.notification_READBY_history
Hibernate: DELETE FROM opm.refund_transaction_history
Hibernate: DELETE FROM opm.summary_data_history
Hibernate: DELETE FROM opm.dedeposit_history
Hibernate: DELETE FROM opm.redeposit_history
Hibernate: DELETE FROM opm.calculation_result_item_history
Hibernate: DELETE FROM opm.calculation_result_history
Hibernate: DELETE FROM opm.calculation_history
Hibernate: DELETE FROM opm.fers_redeposit_history
Hibernate: DELETE FROM opm.fers_deposit_history
Hibernate: DELETE FROM opm.calculation_version_history
Hibernate: DELETE FROM opm.billing_history
Hibernate: DELETE FROM opm.billing_summary_history
Hibernate: DELETE FROM opm.account_note_history
Hibernate: DELETE FROM opm.address_history
Hibernate: DELETE FROM opm.account_history
Hibernate: DELETE FROM opm.account_holder_history
Hibernate: DELETE FROM opm.error_history
Hibernate: DELETE FROM opm.info_history
Hibernate: DELETE FROM opm.notification_history
Hibernate: DELETE FROM opm.app_user_history
Hibernate: DELETE FROM opm.change_trans_field_number_code
Hibernate: DELETE FROM opm.pay_code
Hibernate: DELETE FROM opm.payment_applied_order
Hibernate: DELETE FROM opm.agency_code
Hibernate: DELETE FROM opm.calculation_status
Hibernate: DELETE FROM opm.transfer_type
Hibernate: DELETE FROM opm.user_status
Hibernate: DELETE FROM opm.claim_officer
Hibernate: DELETE FROM opm.payment_status
Hibernate: DELETE FROM opm.application_designation
Hibernate: DELETE FROM opm.payment_reversal_reason
Hibernate: DELETE FROM opm.pay_type
Hibernate: DELETE FROM opm.appointment_type
Hibernate: DELETE FROM opm.role
Hibernate: DELETE FROM opm.service_type
Hibernate: DELETE FROM opm.retirement_type
Hibernate: DELETE FROM opm.account_status
Hibernate: DELETE FROM opm.country
Hibernate: DELETE FROM opm.state
Hibernate: DELETE FROM opm.period_type
Hibernate: DELETE FROM opm.suffix
Hibernate: DELETE FROM opm.form_type
Hibernate: DELETE FROM opm.batch_daily_payments
Hibernate: DELETE FROM opm.audit_batch
Hibernate: DELETE FROM opm.new_claim_number
Hibernate: DELETE FROM opm.annuitant_list
Hibernate: DELETE FROM opm.time_factor
Hibernate: DELETE FROM opm.contact_info
Hibernate: DELETE FROM opm.interest_suppression
Hibernate: DELETE FROM opm.gl_payment_type
Hibernate: DELETE FROM opm.scm_first_insert
Hibernate: DELETE FROM opm.holiday
Hibernate: DELETE FROM opm.deduction_rate
Hibernate: DELETE FROM opm.interest_grace_period
Hibernate: DELETE FROM opm.gl_code
Hibernate: DELETE FROM opm.claim_without_service
Hibernate: DELETE FROM opm.payment_transaction_note
Hibernate: DELETE FROM opm.payment_move_transaction
Hibernate: DELETE FROM opm.interest_rate
Hibernate: DELETE FROM opm.payment_interest_detail
Hibernate: DELETE FROM opm.adjustment_transaction
Hibernate: DELETE FROM opm.invoice
Hibernate: DELETE FROM opm.a01_print_suppression_case
Hibernate: DELETE FROM opm.user_account_assignment
Hibernate: DELETE FROM opm.payment_refund_link
Hibernate: DELETE FROM opm.role_permission
Hibernate: DELETE FROM opm.user_permission
Hibernate: DELETE FROM opm.service_credit_preference
Hibernate: DELETE FROM opm.account_confirmation_validation_entry
Hibernate: DELETE FROM opm.payment_reverse
Hibernate: DELETE FROM opm.payment
Hibernate: DELETE FROM opm.pay_trans_status_code
Hibernate: DELETE FROM opm.payments_applied_order_code
Hibernate: DELETE FROM opm.printout
Hibernate: DELETE FROM opm.related_help_items
Hibernate: DELETE FROM opm.help_item
Hibernate: DELETE FROM opm.notification_READBY
Hibernate: DELETE FROM opm.date_calculation_data
Hibernate: DELETE FROM opm.refund_transaction
Hibernate: DELETE FROM opm.audit_parameter_record
Hibernate: DELETE FROM opm.audit_record
Hibernate: DELETE FROM opm.dedeposit
Hibernate: DELETE FROM opm.redeposit
Hibernate: DELETE FROM opm.calculation_result_item
Hibernate: DELETE FROM opm.calculation
Hibernate: DELETE FROM opm.fers_redeposit
Hibernate: DELETE FROM opm.fers_deposit
Hibernate: DELETE FROM opm.calculation_version
Hibernate: DELETE FROM opm.calculation_result
Hibernate: DELETE FROM opm.summary_data
Hibernate: DELETE FROM opm.billing
Hibernate: DELETE FROM opm.account_note
Hibernate: DELETE FROM opm.account
Hibernate: DELETE FROM opm.account_confirmation_validation
Hibernate: DELETE FROM opm.billing_summary
Hibernate: DELETE FROM opm.account_holder
Hibernate: DELETE FROM opm.address
Hibernate: DELETE FROM opm.error
Hibernate: DELETE FROM opm.info
Hibernate: DELETE FROM opm.notification
Hibernate: DELETE FROM opm.app_user
Hibernate: DELETE FROM opm.batch_daily_payments_history
Hibernate: DELETE FROM opm.audit_batch_history
Hibernate: DELETE FROM opm.new_claim_number_history
Hibernate: DELETE FROM opm.annuitant_list_history
Hibernate: DELETE FROM opm.time_factor_history
Hibernate: DELETE FROM opm.contact_info_history
Hibernate: DELETE FROM opm.interest_suppression_history
Hibernate: DELETE FROM opm.gl_payment_type_history
Hibernate: DELETE FROM opm.scm_first_insert_history
Hibernate: DELETE FROM opm.holiday_history
Hibernate: DELETE FROM opm.deduction_rate_history
Hibernate: DELETE FROM opm.interest_grace_period_history
Hibernate: DELETE FROM opm.gl_code_history
Hibernate: DELETE FROM opm.claim_without_service_history
Hibernate: DELETE FROM opm.payment_transaction_note_history
Hibernate: DELETE FROM opm.payment_move_transaction_history
Hibernate: DELETE FROM opm.interest_rate_history
Hibernate: DELETE FROM opm.payment_interest_detail_history
Hibernate: DELETE FROM opm.adjustment_transaction_history
Hibernate: DELETE FROM opm.invoice_history
Hibernate: DELETE FROM opm.a01_print_suppression_case_history
Hibernate: DELETE FROM opm.user_account_assignment_history
Hibernate: DELETE FROM opm.payment_refund_link_history
Hibernate: DELETE FROM opm.payments_applied_order_code_history
Hibernate: DELETE FROM opm.service_credit_preference_history
Hibernate: DELETE FROM opm.account_confirmation_validation_entry_history
Hibernate: DELETE FROM opm.account_confirmation_validation_history
Hibernate: DELETE FROM opm.payment_reverse_history
Hibernate: DELETE FROM opm.payment_history
Hibernate: DELETE FROM opm.pay_trans_status_code_history
Hibernate: DELETE FROM opm.notification_READBY_history
Hibernate: DELETE FROM opm.refund_transaction_history
Hibernate: DELETE FROM opm.summary_data_history
Hibernate: DELETE FROM opm.dedeposit_history
Hibernate: DELETE FROM opm.redeposit_history
Hibernate: DELETE FROM opm.calculation_result_item_history
Hibernate: DELETE FROM opm.calculation_result_history
Hibernate: DELETE FROM opm.calculation_history
Hibernate: DELETE FROM opm.fers_redeposit_history
Hibernate: DELETE FROM opm.fers_deposit_history
Hibernate: DELETE FROM opm.calculation_version_history
Hibernate: DELETE FROM opm.billing_history
Hibernate: DELETE FROM opm.billing_summary_history
Hibernate: DELETE FROM opm.account_note_history
Hibernate: DELETE FROM opm.address_history
Hibernate: DELETE FROM opm.account_history
Hibernate: DELETE FROM opm.account_holder_history
Hibernate: DELETE FROM opm.error_history
Hibernate: DELETE FROM opm.info_history
Hibernate: DELETE FROM opm.notification_history
Hibernate: DELETE FROM opm.app_user_history
Hibernate: DELETE FROM opm.change_trans_field_number_code
Hibernate: DELETE FROM opm.pay_code
Hibernate: DELETE FROM opm.payment_applied_order
Hibernate: DELETE FROM opm.agency_code
Hibernate: DELETE FROM opm.calculation_status
Hibernate: DELETE FROM opm.transfer_type
Hibernate: DELETE FROM opm.user_status
Hibernate: DELETE FROM opm.claim_officer
Hibernate: DELETE FROM opm.payment_status
Hibernate: DELETE FROM opm.application_designation
Hibernate: DELETE FROM opm.payment_reversal_reason
Hibernate: DELETE FROM opm.pay_type
Hibernate: DELETE FROM opm.appointment_type
Hibernate: DELETE FROM opm.role
Hibernate: DELETE FROM opm.service_type
Hibernate: DELETE FROM opm.retirement_type
Hibernate: DELETE FROM opm.account_status
Hibernate: DELETE FROM opm.country
Hibernate: DELETE FROM opm.state
Hibernate: DELETE FROM opm.period_type
Hibernate: DELETE FROM opm.suffix
Hibernate: DELETE FROM opm.form_type
Hibernate: DELETE FROM opm.batch_daily_payments
Hibernate: DELETE FROM opm.audit_batch
Hibernate: DELETE FROM opm.new_claim_number
Hibernate: DELETE FROM opm.annuitant_list
Hibernate: DELETE FROM opm.time_factor
Hibernate: DELETE FROM opm.contact_info
Hibernate: DELETE FROM opm.interest_suppression
Hibernate: DELETE FROM opm.gl_payment_type
Hibernate: DELETE FROM opm.scm_first_insert
Hibernate: DELETE FROM opm.holiday
Hibernate: DELETE FROM opm.deduction_rate
Hibernate: DELETE FROM opm.interest_grace_period
Hibernate: DELETE FROM opm.gl_code
Hibernate: DELETE FROM opm.claim_without_service
Hibernate: DELETE FROM opm.payment_transaction_note
Hibernate: DELETE FROM opm.payment_move_transaction
Hibernate: DELETE FROM opm.interest_rate
Hibernate: DELETE FROM opm.payment_interest_detail
Hibernate: DELETE FROM opm.adjustment_transaction
Hibernate: DELETE FROM opm.invoice
Hibernate: DELETE FROM opm.a01_print_suppression_case
Hibernate: DELETE FROM opm.user_account_assignment
Hibernate: DELETE FROM opm.payment_refund_link
Hibernate: DELETE FROM opm.role_permission
Hibernate: DELETE FROM opm.user_permission
Hibernate: DELETE FROM opm.service_credit_preference
Hibernate: DELETE FROM opm.account_confirmation_validation_entry
Hibernate: DELETE FROM opm.payment_reverse
Hibernate: DELETE FROM opm.payment
Hibernate: DELETE FROM opm.pay_trans_status_code
Hibernate: DELETE FROM opm.payments_applied_order_code
Hibernate: DELETE FROM opm.printout
Hibernate: DELETE FROM opm.related_help_items
Hibernate: DELETE FROM opm.help_item
Hibernate: DELETE FROM opm.notification_READBY
Hibernate: DELETE FROM opm.date_calculation_data
Hibernate: DELETE FROM opm.refund_transaction
Hibernate: DELETE FROM opm.audit_parameter_record
Hibernate: DELETE FROM opm.audit_record
Hibernate: DELETE FROM opm.dedeposit
Hibernate: DELETE FROM opm.redeposit
Hibernate: DELETE FROM opm.calculation_result_item
Hibernate: DELETE FROM opm.calculation
Hibernate: DELETE FROM opm.fers_redeposit
Hibernate: DELETE FROM opm.fers_deposit
Hibernate: DELETE FROM opm.calculation_version
Hibernate: DELETE FROM opm.calculation_result
Hibernate: DELETE FROM opm.summary_data
Hibernate: DELETE FROM opm.billing
Hibernate: DELETE FROM opm.account_note
Hibernate: DELETE FROM opm.account
Hibernate: DELETE FROM opm.account_confirmation_validation
Hibernate: DELETE FROM opm.billing_summary
Hibernate: DELETE FROM opm.account_holder
Hibernate: DELETE FROM opm.address
Hibernate: DELETE FROM opm.error
Hibernate: DELETE FROM opm.info
Hibernate: DELETE FROM opm.notification
Hibernate: DELETE FROM opm.app_user
Hibernate: DELETE FROM opm.batch_daily_payments_history
Hibernate: DELETE FROM opm.audit_batch_history
Hibernate: DELETE FROM opm.new_claim_number_history
Hibernate: DELETE FROM opm.annuitant_list_history
Hibernate: DELETE FROM opm.time_factor_history
Hibernate: DELETE FROM opm.contact_info_history
Hibernate: DELETE FROM opm.interest_suppression_history
Hibernate: DELETE FROM opm.gl_payment_type_history
Hibernate: DELETE FROM opm.scm_first_insert_history
Hibernate: DELETE FROM opm.holiday_history
Hibernate: DELETE FROM opm.deduction_rate_history
Hibernate: DELETE FROM opm.interest_grace_period_history
Hibernate: DELETE FROM opm.gl_code_history
Hibernate: DELETE FROM opm.claim_without_service_history
Hibernate: DELETE FROM opm.payment_transaction_note_history
Hibernate: DELETE FROM opm.payment_move_transaction_history
Hibernate: DELETE FROM opm.interest_rate_history
Hibernate: DELETE FROM opm.payment_interest_detail_history
Hibernate: DELETE FROM opm.adjustment_transaction_history
Hibernate: DELETE FROM opm.invoice_history
Hibernate: DELETE FROM opm.a01_print_suppression_case_history
Hibernate: DELETE FROM opm.user_account_assignment_history
Hibernate: DELETE FROM opm.payment_refund_link_history
Hibernate: DELETE FROM opm.payments_applied_order_code_history
Hibernate: DELETE FROM opm.service_credit_preference_history
Hibernate: DELETE FROM opm.account_confirmation_validation_entry_history
Hibernate: DELETE FROM opm.account_confirmation_validation_history
Hibernate: DELETE FROM opm.payment_reverse_history
Hibernate: DELETE FROM opm.payment_history
Hibernate: DELETE FROM opm.pay_trans_status_code_history
Hibernate: DELETE FROM opm.notification_READBY_history
Hibernate: DELETE FROM opm.refund_transaction_history
Hibernate: DELETE FROM opm.summary_data_history
Hibernate: DELETE FROM opm.dedeposit_history
Hibernate: DELETE FROM opm.redeposit_history
Hibernate: DELETE FROM opm.calculation_result_item_history
Hibernate: DELETE FROM opm.calculation_result_history
Hibernate: DELETE FROM opm.calculation_history
Hibernate: DELETE FROM opm.fers_redeposit_history
Hibernate: DELETE FROM opm.fers_deposit_history
Hibernate: DELETE FROM opm.calculation_version_history
Hibernate: DELETE FROM opm.billing_history
Hibernate: DELETE FROM opm.billing_summary_history
Hibernate: DELETE FROM opm.account_note_history
Hibernate: DELETE FROM opm.address_history
Hibernate: DELETE FROM opm.account_history
Hibernate: DELETE FROM opm.account_holder_history
Hibernate: DELETE FROM opm.error_history
Hibernate: DELETE FROM opm.info_history
Hibernate: DELETE FROM opm.notification_history
Hibernate: DELETE FROM opm.app_user_history
Hibernate: DELETE FROM opm.change_trans_field_number_code
Hibernate: DELETE FROM opm.pay_code
Hibernate: DELETE FROM opm.payment_applied_order
Hibernate: DELETE FROM opm.agency_code
Hibernate: DELETE FROM opm.calculation_status
Hibernate: DELETE FROM opm.transfer_type
Hibernate: DELETE FROM opm.user_status
Hibernate: DELETE FROM opm.claim_officer
Hibernate: DELETE FROM opm.payment_status
Hibernate: DELETE FROM opm.application_designation
Hibernate: DELETE FROM opm.payment_reversal_reason
Hibernate: DELETE FROM opm.pay_type
Hibernate: DELETE FROM opm.appointment_type
Hibernate: DELETE FROM opm.role
Hibernate: DELETE FROM opm.service_type
Hibernate: DELETE FROM opm.retirement_type
Hibernate: DELETE FROM opm.account_status
Hibernate: DELETE FROM opm.country
Hibernate: DELETE FROM opm.state
Hibernate: DELETE FROM opm.period_type
Hibernate: DELETE FROM opm.suffix
Hibernate: DELETE FROM opm.form_type
Hibernate: DELETE FROM opm.batch_daily_payments
Hibernate: DELETE FROM opm.audit_batch
Hibernate: DELETE FROM opm.new_claim_number
Hibernate: DELETE FROM opm.annuitant_list
Hibernate: DELETE FROM opm.time_factor
Hibernate: DELETE FROM opm.contact_info
Hibernate: DELETE FROM opm.interest_suppression
Hibernate: DELETE FROM opm.gl_payment_type
Hibernate: DELETE FROM opm.scm_first_insert
Hibernate: DELETE FROM opm.holiday
Hibernate: DELETE FROM opm.deduction_rate
Hibernate: DELETE FROM opm.interest_grace_period
Hibernate: DELETE FROM opm.gl_code
Hibernate: DELETE FROM opm.claim_without_service
Hibernate: DELETE FROM opm.payment_transaction_note
Hibernate: DELETE FROM opm.payment_move_transaction
Hibernate: DELETE FROM opm.interest_rate
Hibernate: DELETE FROM opm.payment_interest_detail
Hibernate: DELETE FROM opm.adjustment_transaction
Hibernate: DELETE FROM opm.invoice
Hibernate: DELETE FROM opm.a01_print_suppression_case
Hibernate: DELETE FROM opm.user_account_assignment
Hibernate: DELETE FROM opm.payment_refund_link
Hibernate: DELETE FROM opm.role_permission
Hibernate: DELETE FROM opm.user_permission
Hibernate: DELETE FROM opm.service_credit_preference
Hibernate: DELETE FROM opm.account_confirmation_validation_entry
Hibernate: DELETE FROM opm.payment_reverse
Hibernate: DELETE FROM opm.payment
Hibernate: DELETE FROM opm.pay_trans_status_code
Hibernate: DELETE FROM opm.payments_applied_order_code
Hibernate: DELETE FROM opm.printout
Hibernate: DELETE FROM opm.related_help_items
Hibernate: DELETE FROM opm.help_item
Hibernate: DELETE FROM opm.notification_READBY
Hibernate: DELETE FROM opm.date_calculation_data
Hibernate: DELETE FROM opm.refund_transaction
Hibernate: DELETE FROM opm.audit_parameter_record
Hibernate: DELETE FROM opm.audit_record
Hibernate: DELETE FROM opm.dedeposit
Hibernate: DELETE FROM opm.redeposit
Hibernate: DELETE FROM opm.calculation_result_item
Hibernate: DELETE FROM opm.calculation
Hibernate: DELETE FROM opm.fers_redeposit
Hibernate: DELETE FROM opm.fers_deposit
Hibernate: DELETE FROM opm.calculation_version
Hibernate: DELETE FROM opm.calculation_result
Hibernate: DELETE FROM opm.summary_data
Hibernate: DELETE FROM opm.billing
Hibernate: DELETE FROM opm.account_note
Hibernate: DELETE FROM opm.account
Hibernate: DELETE FROM opm.account_confirmation_validation
Hibernate: DELETE FROM opm.billing_summary
Hibernate: DELETE FROM opm.account_holder
Hibernate: DELETE FROM opm.address
Hibernate: DELETE FROM opm.error
Hibernate: DELETE FROM opm.info
Hibernate: DELETE FROM opm.notification
Hibernate: DELETE FROM opm.app_user
Hibernate: DELETE FROM opm.batch_daily_payments_history
Hibernate: DELETE FROM opm.audit_batch_history
Hibernate: DELETE FROM opm.new_claim_number_history
Hibernate: DELETE FROM opm.annuitant_list_history
Hibernate: DELETE FROM opm.time_factor_history
Hibernate: DELETE FROM opm.contact_info_history
Hibernate: DELETE FROM opm.interest_suppression_history
Hibernate: DELETE FROM opm.gl_payment_type_history
Hibernate: DELETE FROM opm.scm_first_insert_history
Hibernate: DELETE FROM opm.holiday_history
Hibernate: DELETE FROM opm.deduction_rate_history
Hibernate: DELETE FROM opm.interest_grace_period_history
Hibernate: DELETE FROM opm.gl_code_history
Hibernate: DELETE FROM opm.claim_without_service_history
Hibernate: DELETE FROM opm.payment_transaction_note_history
Hibernate: DELETE FROM opm.payment_move_transaction_history
Hibernate: DELETE FROM opm.interest_rate_history
Hibernate: DELETE FROM opm.payment_interest_detail_history
Hibernate: DELETE FROM opm.adjustment_transaction_history
Hibernate: DELETE FROM opm.invoice_history
Hibernate: DELETE FROM opm.a01_print_suppression_case_history
Hibernate: DELETE FROM opm.user_account_assignment_history
Hibernate: DELETE FROM opm.payment_refund_link_history
Hibernate: DELETE FROM opm.payments_applied_order_code_history
Hibernate: DELETE FROM opm.service_credit_preference_history
Hibernate: DELETE FROM opm.account_confirmation_validation_entry_history
Hibernate: DELETE FROM opm.account_confirmation_validation_history
Hibernate: DELETE FROM opm.payment_reverse_history
Hibernate: DELETE FROM opm.payment_history
Hibernate: DELETE FROM opm.pay_trans_status_code_history
Hibernate: DELETE FROM opm.notification_READBY_history
Hibernate: DELETE FROM opm.refund_transaction_history
Hibernate: DELETE FROM opm.summary_data_history
Hibernate: DELETE FROM opm.dedeposit_history
Hibernate: DELETE FROM opm.redeposit_history
Hibernate: DELETE FROM opm.calculation_result_item_history
Hibernate: DELETE FROM opm.calculation_result_history
Hibernate: DELETE FROM opm.calculation_history
Hibernate: DELETE FROM opm.fers_redeposit_history
Hibernate: DELETE FROM opm.fers_deposit_history
Hibernate: DELETE FROM opm.calculation_version_history
Hibernate: DELETE FROM opm.billing_history
Hibernate: DELETE FROM opm.billing_summary_history
Hibernate: DELETE FROM opm.account_note_history
Hibernate: DELETE FROM opm.address_history
Hibernate: DELETE FROM opm.account_history
Hibernate: DELETE FROM opm.account_holder_history
Hibernate: DELETE FROM opm.error_history
Hibernate: DELETE FROM opm.info_history
Hibernate: DELETE FROM opm.notification_history
Hibernate: DELETE FROM opm.app_user_history
Hibernate: DELETE FROM opm.change_trans_field_number_code
Hibernate: DELETE FROM opm.pay_code
Hibernate: DELETE FROM opm.payment_applied_order
Hibernate: DELETE FROM opm.agency_code
Hibernate: DELETE FROM opm.calculation_status
Hibernate: DELETE FROM opm.transfer_type
Hibernate: DELETE FROM opm.user_status
Hibernate: DELETE FROM opm.claim_officer
Hibernate: DELETE FROM opm.payment_status
Hibernate: DELETE FROM opm.application_designation
Hibernate: DELETE FROM opm.payment_reversal_reason
Hibernate: DELETE FROM opm.pay_type
Hibernate: DELETE FROM opm.appointment_type
Hibernate: DELETE FROM opm.role
Hibernate: DELETE FROM opm.service_type
Hibernate: DELETE FROM opm.retirement_type
Hibernate: DELETE FROM opm.account_status
Hibernate: DELETE FROM opm.country
Hibernate: DELETE FROM opm.state
Hibernate: DELETE FROM opm.period_type
Hibernate: DELETE FROM opm.suffix
Hibernate: DELETE FROM opm.form_type
Hibernate: DELETE FROM opm.batch_daily_payments
Hibernate: DELETE FROM opm.audit_batch
Hibernate: DELETE FROM opm.new_claim_number
Hibernate: DELETE FROM opm.annuitant_list
Hibernate: DELETE FROM opm.time_factor
Hibernate: DELETE FROM opm.contact_info
Hibernate: DELETE FROM opm.interest_suppression
Hibernate: DELETE FROM opm.gl_payment_type
Hibernate: DELETE FROM opm.scm_first_insert
Hibernate: DELETE FROM opm.holiday
Hibernate: DELETE FROM opm.deduction_rate
Hibernate: DELETE FROM opm.interest_grace_period
Hibernate: DELETE FROM opm.gl_code
Hibernate: DELETE FROM opm.claim_without_service
Hibernate: DELETE FROM opm.payment_transaction_note
Hibernate: DELETE FROM opm.payment_move_transaction
Hibernate: DELETE FROM opm.interest_rate
Hibernate: DELETE FROM opm.payment_interest_detail
Hibernate: DELETE FROM opm.adjustment_transaction
Hibernate: DELETE FROM opm.invoice
Hibernate: DELETE FROM opm.a01_print_suppression_case
Hibernate: DELETE FROM opm.user_account_assignment
Hibernate: DELETE FROM opm.payment_refund_link
Hibernate: DELETE FROM opm.role_permission
Hibernate: DELETE FROM opm.user_permission
Hibernate: DELETE FROM opm.service_credit_preference
Hibernate: DELETE FROM opm.account_confirmation_validation_entry
Hibernate: DELETE FROM opm.payment_reverse
Hibernate: DELETE FROM opm.payment
Hibernate: DELETE FROM opm.pay_trans_status_code
Hibernate: DELETE FROM opm.payments_applied_order_code
Hibernate: DELETE FROM opm.printout
Hibernate: DELETE FROM opm.related_help_items
Hibernate: DELETE FROM opm.help_item
Hibernate: DELETE FROM opm.notification_READBY
Hibernate: DELETE FROM opm.date_calculation_data
Hibernate: DELETE FROM opm.refund_transaction
Hibernate: DELETE FROM opm.audit_parameter_record
Hibernate: DELETE FROM opm.audit_record
Hibernate: DELETE FROM opm.dedeposit
Hibernate: DELETE FROM opm.redeposit
Hibernate: DELETE FROM opm.calculation_result_item
Hibernate: DELETE FROM opm.calculation
Hibernate: DELETE FROM opm.fers_redeposit
Hibernate: DELETE FROM opm.fers_deposit
Hibernate: DELETE FROM opm.calculation_version
Hibernate: DELETE FROM opm.calculation_result
Hibernate: DELETE FROM opm.summary_data
Hibernate: DELETE FROM opm.billing
Hibernate: DELETE FROM opm.account_note
Hibernate: DELETE FROM opm.account
Hibernate: DELETE FROM opm.account_confirmation_validation
Hibernate: DELETE FROM opm.billing_summary
Hibernate: DELETE FROM opm.account_holder
Hibernate: DELETE FROM opm.address
Hibernate: DELETE FROM opm.error
Hibernate: DELETE FROM opm.info
Hibernate: DELETE FROM opm.notification
Hibernate: DELETE FROM opm.app_user
Hibernate: DELETE FROM opm.batch_daily_payments_history
Hibernate: DELETE FROM opm.audit_batch_history
Hibernate: DELETE FROM opm.new_claim_number_history
Hibernate: DELETE FROM opm.annuitant_list_history
Hibernate: DELETE FROM opm.time_factor_history
Hibernate: DELETE FROM opm.contact_info_history
Hibernate: DELETE FROM opm.interest_suppression_history
Hibernate: DELETE FROM opm.gl_payment_type_history
Hibernate: DELETE FROM opm.scm_first_insert_history
Hibernate: DELETE FROM opm.holiday_history
Hibernate: DELETE FROM opm.deduction_rate_history
Hibernate: DELETE FROM opm.interest_grace_period_history
Hibernate: DELETE FROM opm.gl_code_history
Hibernate: DELETE FROM opm.claim_without_service_history
Hibernate: DELETE FROM opm.payment_transaction_note_history
Hibernate: DELETE FROM opm.payment_move_transaction_history
Hibernate: DELETE FROM opm.interest_rate_history
Hibernate: DELETE FROM opm.payment_interest_detail_history
Hibernate: DELETE FROM opm.adjustment_transaction_history
Hibernate: DELETE FROM opm.invoice_history
Hibernate: DELETE FROM opm.a01_print_suppression_case_history
Hibernate: DELETE FROM opm.user_account_assignment_history
Hibernate: DELETE FROM opm.payment_refund_link_history
Hibernate: DELETE FROM opm.payments_applied_order_code_history
Hibernate: DELETE FROM opm.service_credit_preference_history
Hibernate: DELETE FROM opm.account_confirmation_validation_entry_history
Hibernate: DELETE FROM opm.account_confirmation_validation_history
Hibernate: DELETE FROM opm.payment_reverse_history
Hibernate: DELETE FROM opm.payment_history
Hibernate: DELETE FROM opm.pay_trans_status_code_history
Hibernate: DELETE FROM opm.notification_READBY_history
Hibernate: DELETE FROM opm.refund_transaction_history
Hibernate: DELETE FROM opm.summary_data_history
Hibernate: DELETE FROM opm.dedeposit_history
Hibernate: DELETE FROM opm.redeposit_history
Hibernate: DELETE FROM opm.calculation_result_item_history
Hibernate: DELETE FROM opm.calculation_result_history
Hibernate: DELETE FROM opm.calculation_history
Hibernate: DELETE FROM opm.fers_redeposit_history
Hibernate: DELETE FROM opm.fers_deposit_history
Hibernate: DELETE FROM opm.calculation_version_history
Hibernate: DELETE FROM opm.billing_history
Hibernate: DELETE FROM opm.billing_summary_history
Hibernate: DELETE FROM opm.account_note_history
Hibernate: DELETE FROM opm.address_history
Hibernate: DELETE FROM opm.account_history
Hibernate: DELETE FROM opm.account_holder_history
Hibernate: DELETE FROM opm.error_history
Hibernate: DELETE FROM opm.info_history
Hibernate: DELETE FROM opm.notification_history
Hibernate: DELETE FROM opm.app_user_history
Hibernate: DELETE FROM opm.change_trans_field_number_code
Hibernate: DELETE FROM opm.pay_code
Hibernate: DELETE FROM opm.payment_applied_order
Hibernate: DELETE FROM opm.agency_code
Hibernate: DELETE FROM opm.calculation_status
Hibernate: DELETE FROM opm.transfer_type
Hibernate: DELETE FROM opm.user_status
Hibernate: DELETE FROM opm.claim_officer
Hibernate: DELETE FROM opm.payment_status
Hibernate: DELETE FROM opm.application_designation
Hibernate: DELETE FROM opm.payment_reversal_reason
Hibernate: DELETE FROM opm.pay_type
Hibernate: DELETE FROM opm.appointment_type
Hibernate: DELETE FROM opm.role
Hibernate: DELETE FROM opm.service_type
Hibernate: DELETE FROM opm.retirement_type
Hibernate: DELETE FROM opm.account_status
Hibernate: DELETE FROM opm.country
Hibernate: DELETE FROM opm.state
Hibernate: DELETE FROM opm.period_type
Hibernate: DELETE FROM opm.suffix
Hibernate: DELETE FROM opm.form_type
Hibernate: DELETE FROM opm.batch_daily_payments
Hibernate: DELETE FROM opm.audit_batch
Hibernate: DELETE FROM opm.new_claim_number
Hibernate: DELETE FROM opm.annuitant_list
Hibernate: DELETE FROM opm.time_factor
Hibernate: DELETE FROM opm.contact_info
Hibernate: DELETE FROM opm.interest_suppression
Hibernate: DELETE FROM opm.gl_payment_type
Hibernate: DELETE FROM opm.scm_first_insert
Hibernate: DELETE FROM opm.holiday
Hibernate: DELETE FROM opm.deduction_rate
Hibernate: DELETE FROM opm.interest_grace_period
Hibernate: DELETE FROM opm.gl_code
Hibernate: DELETE FROM opm.claim_without_service
Hibernate: DELETE FROM opm.payment_transaction_note
Hibernate: DELETE FROM opm.payment_move_transaction
Hibernate: DELETE FROM opm.interest_rate
Hibernate: DELETE FROM opm.payment_interest_detail
Hibernate: DELETE FROM opm.adjustment_transaction
Hibernate: DELETE FROM opm.invoice
Hibernate: DELETE FROM opm.a01_print_suppression_case
Hibernate: DELETE FROM opm.user_account_assignment
Hibernate: DELETE FROM opm.payment_refund_link
Hibernate: DELETE FROM opm.role_permission
Hibernate: DELETE FROM opm.user_permission
Hibernate: DELETE FROM opm.service_credit_preference
Hibernate: DELETE FROM opm.account_confirmation_validation_entry
Hibernate: DELETE FROM opm.payment_reverse
Hibernate: DELETE FROM opm.payment
Hibernate: DELETE FROM opm.pay_trans_status_code
Hibernate: DELETE FROM opm.payments_applied_order_code
Hibernate: DELETE FROM opm.printout
Hibernate: DELETE FROM opm.related_help_items
Hibernate: DELETE FROM opm.help_item
Hibernate: DELETE FROM opm.notification_READBY
Hibernate: DELETE FROM opm.date_calculation_data
Hibernate: DELETE FROM opm.refund_transaction
Hibernate: DELETE FROM opm.audit_parameter_record
Hibernate: DELETE FROM opm.audit_record
Hibernate: DELETE FROM opm.dedeposit
Hibernate: DELETE FROM opm.redeposit
Hibernate: DELETE FROM opm.calculation_result_item
Hibernate: DELETE FROM opm.calculation
Hibernate: DELETE FROM opm.fers_redeposit
Hibernate: DELETE FROM opm.fers_deposit
Hibernate: DELETE FROM opm.calculation_version
Hibernate: DELETE FROM opm.calculation_result
Hibernate: DELETE FROM opm.summary_data
Hibernate: DELETE FROM opm.billing
Hibernate: DELETE FROM opm.account_note
Hibernate: DELETE FROM opm.account
Hibernate: DELETE FROM opm.account_confirmation_validation
Hibernate: DELETE FROM opm.billing_summary
Hibernate: DELETE FROM opm.account_holder
Hibernate: DELETE FROM opm.address
Hibernate: DELETE FROM opm.error
Hibernate: DELETE FROM opm.info
Hibernate: DELETE FROM opm.notification
Hibernate: DELETE FROM opm.app_user
Hibernate: DELETE FROM opm.batch_daily_payments_history
Hibernate: DELETE FROM opm.audit_batch_history
Hibernate: DELETE FROM opm.new_claim_number_history
Hibernate: DELETE FROM opm.annuitant_list_history
Hibernate: DELETE FROM opm.time_factor_history
Hibernate: DELETE FROM opm.contact_info_history
Hibernate: DELETE FROM opm.interest_suppression_history
Hibernate: DELETE FROM opm.gl_payment_type_history
Hibernate: DELETE FROM opm.scm_first_insert_history
Hibernate: DELETE FROM opm.holiday_history
Hibernate: DELETE FROM opm.deduction_rate_history
Hibernate: DELETE FROM opm.interest_grace_period_history
Hibernate: DELETE FROM opm.gl_code_history
Hibernate: DELETE FROM opm.claim_without_service_history
Hibernate: DELETE FROM opm.payment_transaction_note_history
Hibernate: DELETE FROM opm.payment_move_transaction_history
Hibernate: DELETE FROM opm.interest_rate_history
Hibernate: DELETE FROM opm.payment_interest_detail_history
Hibernate: DELETE FROM opm.adjustment_transaction_history
Hibernate: DELETE FROM opm.invoice_history
Hibernate: DELETE FROM opm.a01_print_suppression_case_history
Hibernate: DELETE FROM opm.user_account_assignment_history
Hibernate: DELETE FROM opm.payment_refund_link_history
Hibernate: DELETE FROM opm.payments_applied_order_code_history
Hibernate: DELETE FROM opm.service_credit_preference_history
Hibernate: DELETE FROM opm.account_confirmation_validation_entry_history
Hibernate: DELETE FROM opm.account_confirmation_validation_history
Hibernate: DELETE FROM opm.payment_reverse_history
Hibernate: DELETE FROM opm.payment_history
Hibernate: DELETE FROM opm.pay_trans_status_code_history
Hibernate: DELETE FROM opm.notification_READBY_history
Hibernate: DELETE FROM opm.refund_transaction_history
Hibernate: DELETE FROM opm.summary_data_history
Hibernate: DELETE FROM opm.dedeposit_history
Hibernate: DELETE FROM opm.redeposit_history
Hibernate: DELETE FROM opm.calculation_result_item_history
Hibernate: DELETE FROM opm.calculation_result_history
Hibernate: DELETE FROM opm.calculation_history
Hibernate: DELETE FROM opm.fers_redeposit_history
Hibernate: DELETE FROM opm.fers_deposit_history
Hibernate: DELETE FROM opm.calculation_version_history
Hibernate: DELETE FROM opm.billing_history
Hibernate: DELETE FROM opm.billing_summary_history
Hibernate: DELETE FROM opm.account_note_history
Hibernate: DELETE FROM opm.address_history
Hibernate: DELETE FROM opm.account_history
Hibernate: DELETE FROM opm.account_holder_history
Hibernate: DELETE FROM opm.error_history
Hibernate: DELETE FROM opm.info_history
Hibernate: DELETE FROM opm.notification_history
Hibernate: DELETE FROM opm.app_user_history
Hibernate: DELETE FROM opm.change_trans_field_number_code
Hibernate: DELETE FROM opm.pay_code
Hibernate: DELETE FROM opm.payment_applied_order
Hibernate: DELETE FROM opm.agency_code
Hibernate: DELETE FROM opm.calculation_status
Hibernate: DELETE FROM opm.transfer_type
Hibernate: DELETE FROM opm.user_status
Hibernate: DELETE FROM opm.claim_officer
Hibernate: DELETE FROM opm.payment_status
Hibernate: DELETE FROM opm.application_designation
Hibernate: DELETE FROM opm.payment_reversal_reason
Hibernate: DELETE FROM opm.pay_type
Hibernate: DELETE FROM opm.appointment_type
Hibernate: DELETE FROM opm.role
Hibernate: DELETE FROM opm.service_type
Hibernate: DELETE FROM opm.retirement_type
Hibernate: DELETE FROM opm.account_status
Hibernate: DELETE FROM opm.country
Hibernate: DELETE FROM opm.state
Hibernate: DELETE FROM opm.period_type
Hibernate: DELETE FROM opm.suffix
Hibernate: DELETE FROM opm.form_type
Hibernate: DELETE FROM opm.batch_daily_payments
Hibernate: DELETE FROM opm.audit_batch
Hibernate: DELETE FROM opm.new_claim_number
Hibernate: DELETE FROM opm.annuitant_list
Hibernate: DELETE FROM opm.time_factor
Hibernate: DELETE FROM opm.contact_info
Hibernate: DELETE FROM opm.interest_suppression
Hibernate: DELETE FROM opm.gl_payment_type
Hibernate: DELETE FROM opm.scm_first_insert
Hibernate: DELETE FROM opm.holiday
Hibernate: DELETE FROM opm.deduction_rate
Hibernate: DELETE FROM opm.interest_grace_period
Hibernate: DELETE FROM opm.gl_code
Hibernate: DELETE FROM opm.claim_without_service
Hibernate: DELETE FROM opm.payment_transaction_note
Hibernate: DELETE FROM opm.payment_move_transaction
Hibernate: DELETE FROM opm.interest_rate
Hibernate: DELETE FROM opm.payment_interest_detail
Hibernate: DELETE FROM opm.adjustment_transaction
Hibernate: DELETE FROM opm.invoice
Hibernate: DELETE FROM opm.a01_print_suppression_case
Hibernate: DELETE FROM opm.user_account_assignment
Hibernate: DELETE FROM opm.payment_refund_link
Hibernate: DELETE FROM opm.role_permission
Hibernate: DELETE FROM opm.user_permission
Hibernate: DELETE FROM opm.service_credit_preference
Hibernate: DELETE FROM opm.account_confirmation_validation_entry
Hibernate: DELETE FROM opm.payment_reverse
Hibernate: DELETE FROM opm.payment
Hibernate: DELETE FROM opm.pay_trans_status_code
Hibernate: DELETE FROM opm.payments_applied_order_code
Hibernate: DELETE FROM opm.printout
Hibernate: DELETE FROM opm.related_help_items
Hibernate: DELETE FROM opm.help_item
Hibernate: DELETE FROM opm.notification_READBY
Hibernate: DELETE FROM opm.date_calculation_data
Hibernate: DELETE FROM opm.refund_transaction
Hibernate: DELETE FROM opm.audit_parameter_record
Hibernate: DELETE FROM opm.audit_record
Hibernate: DELETE FROM opm.dedeposit
Hibernate: DELETE FROM opm.redeposit
Hibernate: DELETE FROM opm.calculation_result_item
Hibernate: DELETE FROM opm.calculation
Hibernate: DELETE FROM opm.fers_redeposit
Hibernate: DELETE FROM opm.fers_deposit
Hibernate: DELETE FROM opm.calculation_version
Hibernate: DELETE FROM opm.calculation_result
Hibernate: DELETE FROM opm.summary_data
Hibernate: DELETE FROM opm.billing
Hibernate: DELETE FROM opm.account_note
Hibernate: DELETE FROM opm.account
Hibernate: DELETE FROM opm.account_confirmation_validation
Hibernate: DELETE FROM opm.billing_summary
Hibernate: DELETE FROM opm.account_holder
Hibernate: DELETE FROM opm.address
Hibernate: DELETE FROM opm.error
Hibernate: DELETE FROM opm.info
Hibernate: DELETE FROM opm.notification
Hibernate: DELETE FROM opm.app_user
Hibernate: DELETE FROM opm.batch_daily_payments_history
Hibernate: DELETE FROM opm.audit_batch_history
Hibernate: DELETE FROM opm.new_claim_number_history
Hibernate: DELETE FROM opm.annuitant_list_history
Hibernate: DELETE FROM opm.time_factor_history
Hibernate: DELETE FROM opm.contact_info_history
Hibernate: DELETE FROM opm.interest_suppression_history
Hibernate: DELETE FROM opm.gl_payment_type_history
Hibernate: DELETE FROM opm.scm_first_insert_history
Hibernate: DELETE FROM opm.holiday_history
Hibernate: DELETE FROM opm.deduction_rate_history
Hibernate: DELETE FROM opm.interest_grace_period_history
Hibernate: DELETE FROM opm.gl_code_history
Hibernate: DELETE FROM opm.claim_without_service_history
Hibernate: DELETE FROM opm.payment_transaction_note_history
Hibernate: DELETE FROM opm.payment_move_transaction_history
Hibernate: DELETE FROM opm.interest_rate_history
Hibernate: DELETE FROM opm.payment_interest_detail_history
Hibernate: DELETE FROM opm.adjustment_transaction_history
Hibernate: DELETE FROM opm.invoice_history
Hibernate: DELETE FROM opm.a01_print_suppression_case_history
Hibernate: DELETE FROM opm.user_account_assignment_history
Hibernate: DELETE FROM opm.payment_refund_link_history
Hibernate: DELETE FROM opm.payments_applied_order_code_history
Hibernate: DELETE FROM opm.service_credit_preference_history
Hibernate: DELETE FROM opm.account_confirmation_validation_entry_history
Hibernate: DELETE FROM opm.account_confirmation_validation_history
Hibernate: DELETE FROM opm.payment_reverse_history
Hibernate: DELETE FROM opm.payment_history
Hibernate: DELETE FROM opm.pay_trans_status_code_history
Hibernate: DELETE FROM opm.notification_READBY_history
Hibernate: DELETE FROM opm.refund_transaction_history
Hibernate: DELETE FROM opm.summary_data_history
Hibernate: DELETE FROM opm.dedeposit_history
Hibernate: DELETE FROM opm.redeposit_history
Hibernate: DELETE FROM opm.calculation_result_item_history
Hibernate: DELETE FROM opm.calculation_result_history
Hibernate: DELETE FROM opm.calculation_history
Hibernate: DELETE FROM opm.fers_redeposit_history
Hibernate: DELETE FROM opm.fers_deposit_history
Hibernate: DELETE FROM opm.calculation_version_history
Hibernate: DELETE FROM opm.billing_history
Hibernate: DELETE FROM opm.billing_summary_history
Hibernate: DELETE FROM opm.account_note_history
Hibernate: DELETE FROM opm.address_history
Hibernate: DELETE FROM opm.account_history
Hibernate: DELETE FROM opm.account_holder_history
Hibernate: DELETE FROM opm.error_history
Hibernate: DELETE FROM opm.info_history
Hibernate: DELETE FROM opm.notification_history
Hibernate: DELETE FROM opm.app_user_history
Hibernate: DELETE FROM opm.change_trans_field_number_code
Hibernate: DELETE FROM opm.pay_code
Hibernate: DELETE FROM opm.payment_applied_order
Hibernate: DELETE FROM opm.agency_code
Hibernate: DELETE FROM opm.calculation_status
Hibernate: DELETE FROM opm.transfer_type
Hibernate: DELETE FROM opm.user_status
Hibernate: DELETE FROM opm.claim_officer
Hibernate: DELETE FROM opm.payment_status
Hibernate: DELETE FROM opm.application_designation
Hibernate: DELETE FROM opm.payment_reversal_reason
Hibernate: DELETE FROM opm.pay_type
Hibernate: DELETE FROM opm.appointment_type
Hibernate: DELETE FROM opm.role
Hibernate: DELETE FROM opm.service_type
Hibernate: DELETE FROM opm.retirement_type
Hibernate: DELETE FROM opm.account_status
Hibernate: DELETE FROM opm.country
Hibernate: DELETE FROM opm.state
Hibernate: DELETE FROM opm.period_type
Hibernate: DELETE FROM opm.suffix
Hibernate: DELETE FROM opm.form_type
Hibernate: DELETE FROM opm.batch_daily_payments
Hibernate: DELETE FROM opm.audit_batch
Hibernate: DELETE FROM opm.new_claim_number
Hibernate: DELETE FROM opm.annuitant_list
Hibernate: DELETE FROM opm.time_factor
Hibernate: DELETE FROM opm.contact_info
Hibernate: DELETE FROM opm.interest_suppression
Hibernate: DELETE FROM opm.gl_payment_type
Hibernate: DELETE FROM opm.scm_first_insert
Hibernate: DELETE FROM opm.holiday
Hibernate: DELETE FROM opm.deduction_rate
Hibernate: DELETE FROM opm.interest_grace_period
Hibernate: DELETE FROM opm.gl_code
Hibernate: DELETE FROM opm.claim_without_service
Hibernate: DELETE FROM opm.payment_transaction_note
Hibernate: DELETE FROM opm.payment_move_transaction
Hibernate: DELETE FROM opm.interest_rate
Hibernate: DELETE FROM opm.payment_interest_detail
Hibernate: DELETE FROM opm.adjustment_transaction
Hibernate: DELETE FROM opm.invoice
Hibernate: DELETE FROM opm.a01_print_suppression_case
Hibernate: DELETE FROM opm.user_account_assignment
Hibernate: DELETE FROM opm.payment_refund_link
Hibernate: DELETE FROM opm.role_permission
Hibernate: DELETE FROM opm.user_permission
Hibernate: DELETE FROM opm.service_credit_preference
Hibernate: DELETE FROM opm.account_confirmation_validation_entry
Hibernate: DELETE FROM opm.payment_reverse
Hibernate: DELETE FROM opm.payment
Hibernate: DELETE FROM opm.pay_trans_status_code
Hibernate: DELETE FROM opm.payments_applied_order_code
Hibernate: DELETE FROM opm.printout
Hibernate: DELETE FROM opm.related_help_items
Hibernate: DELETE FROM opm.help_item
Hibernate: DELETE FROM opm.notification_READBY
Hibernate: DELETE FROM opm.date_calculation_data
Hibernate: DELETE FROM opm.refund_transaction
Hibernate: DELETE FROM opm.audit_parameter_record
Hibernate: DELETE FROM opm.audit_record
Hibernate: DELETE FROM opm.dedeposit
Hibernate: DELETE FROM opm.redeposit
Hibernate: DELETE FROM opm.calculation_result_item
Hibernate: DELETE FROM opm.calculation
Hibernate: DELETE FROM opm.fers_redeposit
Hibernate: DELETE FROM opm.fers_deposit
Hibernate: DELETE FROM opm.calculation_version
Hibernate: DELETE FROM opm.calculation_result
Hibernate: DELETE FROM opm.summary_data
Hibernate: DELETE FROM opm.billing
Hibernate: DELETE FROM opm.account_note
Hibernate: DELETE FROM opm.account
Hibernate: DELETE FROM opm.account_confirmation_validation
Hibernate: DELETE FROM opm.billing_summary
Hibernate: DELETE FROM opm.account_holder
Hibernate: DELETE FROM opm.address
Hibernate: DELETE FROM opm.error
Hibernate: DELETE FROM opm.info
Hibernate: DELETE FROM opm.notification
Hibernate: DELETE FROM opm.app_user
Hibernate: DELETE FROM opm.batch_daily_payments_history
Hibernate: DELETE FROM opm.audit_batch_history
Hibernate: DELETE FROM opm.new_claim_number_history
Hibernate: DELETE FROM opm.annuitant_list_history
Hibernate: DELETE FROM opm.time_factor_history
Hibernate: DELETE FROM opm.contact_info_history
Hibernate: DELETE FROM opm.interest_suppression_history
Hibernate: DELETE FROM opm.gl_payment_type_history
Hibernate: DELETE FROM opm.scm_first_insert_history
Hibernate: DELETE FROM opm.holiday_history
Hibernate: DELETE FROM opm.deduction_rate_history
Hibernate: DELETE FROM opm.interest_grace_period_history
Hibernate: DELETE FROM opm.gl_code_history
Hibernate: DELETE FROM opm.claim_without_service_history
Hibernate: DELETE FROM opm.payment_transaction_note_history
Hibernate: DELETE FROM opm.payment_move_transaction_history
Hibernate: DELETE FROM opm.interest_rate_history
Hibernate: DELETE FROM opm.payment_interest_detail_history
Hibernate: DELETE FROM opm.adjustment_transaction_history
Hibernate: DELETE FROM opm.invoice_history
Hibernate: DELETE FROM opm.a01_print_suppression_case_history
Hibernate: DELETE FROM opm.user_account_assignment_history
Hibernate: DELETE FROM opm.payment_refund_link_history
Hibernate: DELETE FROM opm.payments_applied_order_code_history
Hibernate: DELETE FROM opm.service_credit_preference_history
Hibernate: DELETE FROM opm.account_confirmation_validation_entry_history
Hibernate: DELETE FROM opm.account_confirmation_validation_history
Hibernate: DELETE FROM opm.payment_reverse_history
Hibernate: DELETE FROM opm.payment_history
Hibernate: DELETE FROM opm.pay_trans_status_code_history
Hibernate: DELETE FROM opm.notification_READBY_history
Hibernate: DELETE FROM opm.refund_transaction_history
Hibernate: DELETE FROM opm.summary_data_history
Hibernate: DELETE FROM opm.dedeposit_history
Hibernate: DELETE FROM opm.redeposit_history
Hibernate: DELETE FROM opm.calculation_result_item_history
Hibernate: DELETE FROM opm.calculation_result_history
Hibernate: DELETE FROM opm.calculation_history
Hibernate: DELETE FROM opm.fers_redeposit_history
Hibernate: DELETE FROM opm.fers_deposit_history
Hibernate: DELETE FROM opm.calculation_version_history
Hibernate: DELETE FROM opm.billing_history
Hibernate: DELETE FROM opm.billing_summary_history
Hibernate: DELETE FROM opm.account_note_history
Hibernate: DELETE FROM opm.address_history
Hibernate: DELETE FROM opm.account_history
Hibernate: DELETE FROM opm.account_holder_history
Hibernate: DELETE FROM opm.error_history
Hibernate: DELETE FROM opm.info_history
Hibernate: DELETE FROM opm.notification_history
Hibernate: DELETE FROM opm.app_user_history
Hibernate: DELETE FROM opm.change_trans_field_number_code
Hibernate: DELETE FROM opm.pay_code
Hibernate: DELETE FROM opm.payment_applied_order
Hibernate: DELETE FROM opm.agency_code
Hibernate: DELETE FROM opm.calculation_status
Hibernate: DELETE FROM opm.transfer_type
Hibernate: DELETE FROM opm.user_status
Hibernate: DELETE FROM opm.claim_officer
Hibernate: DELETE FROM opm.payment_status
Hibernate: DELETE FROM opm.application_designation
Hibernate: DELETE FROM opm.payment_reversal_reason
Hibernate: DELETE FROM opm.pay_type
Hibernate: DELETE FROM opm.appointment_type
Hibernate: DELETE FROM opm.role
Hibernate: DELETE FROM opm.service_type
Hibernate: DELETE FROM opm.retirement_type
Hibernate: DELETE FROM opm.account_status
Hibernate: DELETE FROM opm.country
Hibernate: DELETE FROM opm.state
Hibernate: DELETE FROM opm.period_type
Hibernate: DELETE FROM opm.suffix
Hibernate: DELETE FROM opm.form_type
Hibernate: DELETE FROM opm.batch_daily_payments
Hibernate: DELETE FROM opm.audit_batch
Hibernate: DELETE FROM opm.new_claim_number
Hibernate: DELETE FROM opm.annuitant_list
Hibernate: DELETE FROM opm.time_factor
Hibernate: DELETE FROM opm.contact_info
Hibernate: DELETE FROM opm.interest_suppression
Hibernate: DELETE FROM opm.gl_payment_type
Hibernate: DELETE FROM opm.scm_first_insert
Hibernate: DELETE FROM opm.holiday
Hibernate: DELETE FROM opm.deduction_rate
Hibernate: DELETE FROM opm.interest_grace_period
Hibernate: DELETE FROM opm.gl_code
Hibernate: DELETE FROM opm.claim_without_service
Hibernate: DELETE FROM opm.payment_transaction_note
Hibernate: DELETE FROM opm.payment_move_transaction
Hibernate: DELETE FROM opm.interest_rate
Hibernate: DELETE FROM opm.payment_interest_detail
Hibernate: DELETE FROM opm.adjustment_transaction
Hibernate: DELETE FROM opm.invoice
Hibernate: DELETE FROM opm.a01_print_suppression_case
Hibernate: DELETE FROM opm.user_account_assignment
Hibernate: DELETE FROM opm.payment_refund_link
Hibernate: DELETE FROM opm.role_permission
Hibernate: DELETE FROM opm.user_permission
Hibernate: DELETE FROM opm.service_credit_preference
Hibernate: DELETE FROM opm.account_confirmation_validation_entry
Hibernate: DELETE FROM opm.payment_reverse
Hibernate: DELETE FROM opm.payment
Hibernate: DELETE FROM opm.pay_trans_status_code
Hibernate: DELETE FROM opm.payments_applied_order_code
Hibernate: DELETE FROM opm.printout
Hibernate: DELETE FROM opm.related_help_items
Hibernate: DELETE FROM opm.help_item
Hibernate: DELETE FROM opm.notification_READBY
Hibernate: DELETE FROM opm.date_calculation_data
Hibernate: DELETE FROM opm.refund_transaction
Hibernate: DELETE FROM opm.audit_parameter_record
Hibernate: DELETE FROM opm.audit_record
Hibernate: DELETE FROM opm.dedeposit
Hibernate: DELETE FROM opm.redeposit
Hibernate: DELETE FROM opm.calculation_result_item
Hibernate: DELETE FROM opm.calculation
Hibernate: DELETE FROM opm.fers_redeposit
Hibernate: DELETE FROM opm.fers_deposit
Hibernate: DELETE FROM opm.calculation_version
Hibernate: DELETE FROM opm.calculation_result
Hibernate: DELETE FROM opm.summary_data
Hibernate: DELETE FROM opm.billing
Hibernate: DELETE FROM opm.account_note
Hibernate: DELETE FROM opm.account
Hibernate: DELETE FROM opm.account_confirmation_validation
Hibernate: DELETE FROM opm.billing_summary
Hibernate: DELETE FROM opm.account_holder
Hibernate: DELETE FROM opm.address
Hibernate: DELETE FROM opm.error
Hibernate: DELETE FROM opm.info
Hibernate: DELETE FROM opm.notification
Hibernate: DELETE FROM opm.app_user
Hibernate: DELETE FROM opm.batch_daily_payments_history
Hibernate: DELETE FROM opm.audit_batch_history
Hibernate: DELETE FROM opm.new_claim_number_history
Hibernate: DELETE FROM opm.annuitant_list_history
Hibernate: DELETE FROM opm.time_factor_history
Hibernate: DELETE FROM opm.contact_info_history
Hibernate: DELETE FROM opm.interest_suppression_history
Hibernate: DELETE FROM opm.gl_payment_type_history
Hibernate: DELETE FROM opm.scm_first_insert_history
Hibernate: DELETE FROM opm.holiday_history
Hibernate: DELETE FROM opm.deduction_rate_history
Hibernate: DELETE FROM opm.interest_grace_period_history
Hibernate: DELETE FROM opm.gl_code_history
Hibernate: DELETE FROM opm.claim_without_service_history
Hibernate: DELETE FROM opm.payment_transaction_note_history
Hibernate: DELETE FROM opm.payment_move_transaction_history
Hibernate: DELETE FROM opm.interest_rate_history
Hibernate: DELETE FROM opm.payment_interest_detail_history
Hibernate: DELETE FROM opm.adjustment_transaction_history
Hibernate: DELETE FROM opm.invoice_history
Hibernate: DELETE FROM opm.a01_print_suppression_case_history
Hibernate: DELETE FROM opm.user_account_assignment_history
Hibernate: DELETE FROM opm.payment_refund_link_history
Hibernate: DELETE FROM opm.payments_applied_order_code_history
Hibernate: DELETE FROM opm.service_credit_preference_history
Hibernate: DELETE FROM opm.account_confirmation_validation_entry_history
Hibernate: DELETE FROM opm.account_confirmation_validation_history
Hibernate: DELETE FROM opm.payment_reverse_history
Hibernate: DELETE FROM opm.payment_history
Hibernate: DELETE FROM opm.pay_trans_status_code_history
Hibernate: DELETE FROM opm.notification_READBY_history
Hibernate: DELETE FROM opm.refund_transaction_history
Hibernate: DELETE FROM opm.summary_data_history
Hibernate: DELETE FROM opm.dedeposit_history
Hibernate: DELETE FROM opm.redeposit_history
Hibernate: DELETE FROM opm.calculation_result_item_history
Hibernate: DELETE FROM opm.calculation_result_history
Hibernate: DELETE FROM opm.calculation_history
Hibernate: DELETE FROM opm.fers_redeposit_history
Hibernate: DELETE FROM opm.fers_deposit_history
Hibernate: DELETE FROM opm.calculation_version_history
Hibernate: DELETE FROM opm.billing_history
Hibernate: DELETE FROM opm.billing_summary_history
Hibernate: DELETE FROM opm.account_note_history
Hibernate: DELETE FROM opm.address_history
Hibernate: DELETE FROM opm.account_history
Hibernate: DELETE FROM opm.account_holder_history
Hibernate: DELETE FROM opm.error_history
Hibernate: DELETE FROM opm.info_history
Hibernate: DELETE FROM opm.notification_history
Hibernate: DELETE FROM opm.app_user_history
Hibernate: DELETE FROM opm.change_trans_field_number_code
Hibernate: DELETE FROM opm.pay_code
Hibernate: DELETE FROM opm.payment_applied_order
Hibernate: DELETE FROM opm.agency_code
Hibernate: DELETE FROM opm.calculation_status
Hibernate: DELETE FROM opm.transfer_type
Hibernate: DELETE FROM opm.user_status
Hibernate: DELETE FROM opm.claim_officer
Hibernate: DELETE FROM opm.payment_status
Hibernate: DELETE FROM opm.application_designation
Hibernate: DELETE FROM opm.payment_reversal_reason
Hibernate: DELETE FROM opm.pay_type
Hibernate: DELETE FROM opm.appointment_type
Hibernate: DELETE FROM opm.role
Hibernate: DELETE FROM opm.service_type
Hibernate: DELETE FROM opm.retirement_type
Hibernate: DELETE FROM opm.account_status
Hibernate: DELETE FROM opm.country
Hibernate: DELETE FROM opm.state
Hibernate: DELETE FROM opm.period_type
Hibernate: DELETE FROM opm.suffix
Hibernate: DELETE FROM opm.form_type
Hibernate: DELETE FROM opm.batch_daily_payments
Hibernate: DELETE FROM opm.audit_batch
Hibernate: DELETE FROM opm.new_claim_number
Hibernate: DELETE FROM opm.annuitant_list
Hibernate: DELETE FROM opm.time_factor
Hibernate: DELETE FROM opm.contact_info
Hibernate: DELETE FROM opm.interest_suppression
Hibernate: DELETE FROM opm.gl_payment_type
Hibernate: DELETE FROM opm.scm_first_insert
Hibernate: DELETE FROM opm.holiday
Hibernate: DELETE FROM opm.deduction_rate
Hibernate: DELETE FROM opm.interest_grace_period
Hibernate: DELETE FROM opm.gl_code
Hibernate: DELETE FROM opm.claim_without_service
Hibernate: DELETE FROM opm.payment_transaction_note
Hibernate: DELETE FROM opm.payment_move_transaction
Hibernate: DELETE FROM opm.interest_rate
Hibernate: DELETE FROM opm.payment_interest_detail
Hibernate: DELETE FROM opm.adjustment_transaction
Hibernate: DELETE FROM opm.invoice
Hibernate: DELETE FROM opm.a01_print_suppression_case
Hibernate: DELETE FROM opm.user_account_assignment
Hibernate: DELETE FROM opm.payment_refund_link
Hibernate: DELETE FROM opm.role_permission
Hibernate: DELETE FROM opm.user_permission
Hibernate: DELETE FROM opm.service_credit_preference
Hibernate: DELETE FROM opm.account_confirmation_validation_entry
Hibernate: DELETE FROM opm.payment_reverse
Hibernate: DELETE FROM opm.payment
Hibernate: DELETE FROM opm.pay_trans_status_code
Hibernate: DELETE FROM opm.payments_applied_order_code
Hibernate: DELETE FROM opm.printout
Hibernate: DELETE FROM opm.related_help_items
Hibernate: DELETE FROM opm.help_item
Hibernate: DELETE FROM opm.notification_READBY
Hibernate: DELETE FROM opm.date_calculation_data
Hibernate: DELETE FROM opm.refund_transaction
Hibernate: DELETE FROM opm.audit_parameter_record
Hibernate: DELETE FROM opm.audit_record
Hibernate: DELETE FROM opm.dedeposit
Hibernate: DELETE FROM opm.redeposit
Hibernate: DELETE FROM opm.calculation_result_item
Hibernate: DELETE FROM opm.calculation
Hibernate: DELETE FROM opm.fers_redeposit
Hibernate: DELETE FROM opm.fers_deposit
Hibernate: DELETE FROM opm.calculation_version
Hibernate: DELETE FROM opm.calculation_result
Hibernate: DELETE FROM opm.summary_data
Hibernate: DELETE FROM opm.billing
Hibernate: DELETE FROM opm.account_note
Hibernate: DELETE FROM opm.account
Hibernate: DELETE FROM opm.account_confirmation_validation
Hibernate: DELETE FROM opm.billing_summary
Hibernate: DELETE FROM opm.account_holder
Hibernate: DELETE FROM opm.address
Hibernate: DELETE FROM opm.error
Hibernate: DELETE FROM opm.info
Hibernate: DELETE FROM opm.notification
Hibernate: DELETE FROM opm.app_user
Hibernate: DELETE FROM opm.batch_daily_payments_history
Hibernate: DELETE FROM opm.audit_batch_history
Hibernate: DELETE FROM opm.new_claim_number_history
Hibernate: DELETE FROM opm.annuitant_list_history
Hibernate: DELETE FROM opm.time_factor_history
Hibernate: DELETE FROM opm.contact_info_history
Hibernate: DELETE FROM opm.interest_suppression_history
Hibernate: DELETE FROM opm.gl_payment_type_history
Hibernate: DELETE FROM opm.scm_first_insert_history
Hibernate: DELETE FROM opm.holiday_history
Hibernate: DELETE FROM opm.deduction_rate_history
Hibernate: DELETE FROM opm.interest_grace_period_history
Hibernate: DELETE FROM opm.gl_code_history
Hibernate: DELETE FROM opm.claim_without_service_history
Hibernate: DELETE FROM opm.payment_transaction_note_history
Hibernate: DELETE FROM opm.payment_move_transaction_history
Hibernate: DELETE FROM opm.interest_rate_history
Hibernate: DELETE FROM opm.payment_interest_detail_history
Hibernate: DELETE FROM opm.adjustment_transaction_history
Hibernate: DELETE FROM opm.invoice_history
Hibernate: DELETE FROM opm.a01_print_suppression_case_history
Hibernate: DELETE FROM opm.user_account_assignment_history
Hibernate: DELETE FROM opm.payment_refund_link_history
Hibernate: DELETE FROM opm.payments_applied_order_code_history
Hibernate: DELETE FROM opm.service_credit_preference_history
Hibernate: DELETE FROM opm.account_confirmation_validation_entry_history
Hibernate: DELETE FROM opm.account_confirmation_validation_history
Hibernate: DELETE FROM opm.payment_reverse_history
Hibernate: DELETE FROM opm.payment_history
Hibernate: DELETE FROM opm.pay_trans_status_code_history
Hibernate: DELETE FROM opm.notification_READBY_history
Hibernate: DELETE FROM opm.refund_transaction_history
Hibernate: DELETE FROM opm.summary_data_history
Hibernate: DELETE FROM opm.dedeposit_history
Hibernate: DELETE FROM opm.redeposit_history
Hibernate: DELETE FROM opm.calculation_result_item_history
Hibernate: DELETE FROM opm.calculation_result_history
Hibernate: DELETE FROM opm.calculation_history
Hibernate: DELETE FROM opm.fers_redeposit_history
Hibernate: DELETE FROM opm.fers_deposit_history
Hibernate: DELETE FROM opm.calculation_version_history
Hibernate: DELETE FROM opm.billing_history
Hibernate: DELETE FROM opm.billing_summary_history
Hibernate: DELETE FROM opm.account_note_history
Hibernate: DELETE FROM opm.address_history
Hibernate: DELETE FROM opm.account_history
Hibernate: DELETE FROM opm.account_holder_history
Hibernate: DELETE FROM opm.error_history
Hibernate: DELETE FROM opm.info_history
Hibernate: DELETE FROM opm.notification_history
Hibernate: DELETE FROM opm.app_user_history
Hibernate: DELETE FROM opm.change_trans_field_number_code
Hibernate: DELETE FROM opm.pay_code
Hibernate: DELETE FROM opm.payment_applied_order
Hibernate: DELETE FROM opm.agency_code
Hibernate: DELETE FROM opm.calculation_status
Hibernate: DELETE FROM opm.transfer_type
Hibernate: DELETE FROM opm.user_status
Hibernate: DELETE FROM opm.claim_officer
Hibernate: DELETE FROM opm.payment_status
Hibernate: DELETE FROM opm.application_designation
Hibernate: DELETE FROM opm.payment_reversal_reason
Hibernate: DELETE FROM opm.pay_type
Hibernate: DELETE FROM opm.appointment_type
Hibernate: DELETE FROM opm.role
Hibernate: DELETE FROM opm.service_type
Hibernate: DELETE FROM opm.retirement_type
Hibernate: DELETE FROM opm.account_status
Hibernate: DELETE FROM opm.country
Hibernate: DELETE FROM opm.state
Hibernate: DELETE FROM opm.period_type
Hibernate: DELETE FROM opm.suffix
Hibernate: DELETE FROM opm.form_type
Hibernate: insert into opm.gl_payment_type (deleted, code_description, payment_code) values (?, ?, ?)
Hibernate: select glpaymentt0_.id as id1_37_0_, glpaymentt0_.deleted as deleted2_37_0_, glpaymentt0_.code_description as code3_37_0_, glpaymentt0_.payment_code as payment4_37_0_ from opm.gl_payment_type glpaymentt0_ where glpaymentt0_.id=?
Hibernate: insert into opm.gl_payment_type (deleted, code_description, payment_code) values (?, ?, ?)
Hibernate: select glpaymentt0_.id as id1_37_0_, glpaymentt0_.deleted as deleted2_37_0_, glpaymentt0_.code_description as code3_37_0_, glpaymentt0_.payment_code as payment4_37_0_ from opm.gl_payment_type glpaymentt0_ where glpaymentt0_.id=?
Currently processed entity: GLPaymentType, records count: 2
Progress (processed records/total records): 2/90
Hibernate: insert into opm.retirement_type (deleted, name, display_order, description) values (?, ?, ?, ?)
Hibernate: select retirement0_.id as id1_66_0_, retirement0_.deleted as deleted2_66_0_, retirement0_.name as name3_66_0_, retirement0_.display_order as display4_66_0_, retirement0_.description as descript5_66_0_ from opm.retirement_type retirement0_ where retirement0_.id=?
Hibernate: insert into opm.retirement_type (deleted, name, display_order, description) values (?, ?, ?, ?)
Hibernate: select retirement0_.id as id1_66_0_, retirement0_.deleted as deleted2_66_0_, retirement0_.name as name3_66_0_, retirement0_.display_order as display4_66_0_, retirement0_.description as descript5_66_0_ from opm.retirement_type retirement0_ where retirement0_.id=?
Currently processed entity: RetirementType, records count: 2
Progress (processed records/total records): 4/90
Hibernate: insert into opm.gl_code (deleted, code, name, payment_type, post_office, retirement_type_id) values (?, ?, ?, ?, ?, ?)
Hibernate: select glcode0_.id as id1_36_0_, glcode0_.deleted as deleted2_36_0_, glcode0_.code as code3_36_0_, glcode0_.name as name4_36_0_, glcode0_.payment_type as payment5_36_0_, glcode0_.post_office as post6_36_0_, glcode0_.retirement_type_id as retireme7_36_0_ from opm.gl_code glcode0_ where glcode0_.id=?
Hibernate: insert into opm.gl_code (deleted, code, name, payment_type, post_office, retirement_type_id) values (?, ?, ?, ?, ?, ?)
Hibernate: select glcode0_.id as id1_36_0_, glcode0_.deleted as deleted2_36_0_, glcode0_.code as code3_36_0_, glcode0_.name as name4_36_0_, glcode0_.payment_type as payment5_36_0_, glcode0_.post_office as post6_36_0_, glcode0_.retirement_type_id as retireme7_36_0_ from opm.gl_code glcode0_ where glcode0_.id=?
Currently processed entity: GLCode, records count: 2
Progress (processed records/total records): 6/90
Hibernate: insert into opm.interest_rate (deleted, interest_rate, interest_year) values (?, ?, ?)
Hibernate: select interestra0_.id as id1_42_0_, interestra0_.deleted as deleted2_42_0_, interestra0_.interest_rate as interest3_42_0_, interestra0_.interest_year as interest4_42_0_ from opm.interest_rate interestra0_ where interestra0_.id=?
Hibernate: insert into opm.interest_rate (deleted, interest_rate, interest_year) values (?, ?, ?)
Hibernate: select interestra0_.id as id1_42_0_, interestra0_.deleted as deleted2_42_0_, interestra0_.interest_rate as interest3_42_0_, interestra0_.interest_year as interest4_42_0_ from opm.interest_rate interestra0_ where interestra0_.id=?
Currently processed entity: InterestRate, records count: 2
Progress (processed records/total records): 8/90
Hibernate: insert into opm.interest_suppression (deleted, claim_number, fers_deposit, post_982_deposit, post_982_redeposit, pre_1082_deposit, pre_1082_redeposit) values (?, ?, ?, ?, ?, ?, ?)
Hibernate: select interestsu0_.id as id1_43_0_, interestsu0_.deleted as deleted2_43_0_, interestsu0_.claim_number as claim3_43_0_, interestsu0_.fers_deposit as fers4_43_0_, interestsu0_.post_982_deposit as post5_43_0_, interestsu0_.post_982_redeposit as post6_43_0_, interestsu0_.pre_1082_deposit as pre7_43_0_, interestsu0_.pre_1082_redeposit as pre8_43_0_ from opm.interest_suppression interestsu0_ where interestsu0_.id=?
Hibernate: insert into opm.interest_suppression (deleted, claim_number, fers_deposit, post_982_deposit, post_982_redeposit, pre_1082_deposit, pre_1082_redeposit) values (?, ?, ?, ?, ?, ?, ?)
Hibernate: select interestsu0_.id as id1_43_0_, interestsu0_.deleted as deleted2_43_0_, interestsu0_.claim_number as claim3_43_0_, interestsu0_.fers_deposit as fers4_43_0_, interestsu0_.post_982_deposit as post5_43_0_, interestsu0_.post_982_redeposit as post6_43_0_, interestsu0_.pre_1082_deposit as pre7_43_0_, interestsu0_.pre_1082_redeposit as pre8_43_0_ from opm.interest_suppression interestsu0_ where interestsu0_.id=?
Currently processed entity: InterestSuppression, records count: 2
Progress (processed records/total records): 10/90
Hibernate: insert into opm.deduction_rate (deleted, days_in_period, deduction_conversion_factor, end_date, rate, retirement_type_id, service_type, service_type_description, start_date) values (?, ?, ?, ?, ?, ?, ?, ?, ?)
Hibernate: select deductionr0_.id as id1_31_0_, deductionr0_.deleted as deleted2_31_0_, deductionr0_.days_in_period as days3_31_0_, deductionr0_.deduction_conversion_factor as deductio4_31_0_, deductionr0_.end_date as end5_31_0_, deductionr0_.rate as rate6_31_0_, deductionr0_.retirement_type_id as retirem10_31_0_, deductionr0_.service_type as service7_31_0_, deductionr0_.service_type_description as service8_31_0_, deductionr0_.start_date as start9_31_0_ from opm.deduction_rate deductionr0_ where deductionr0_.id=?
Hibernate: insert into opm.deduction_rate (deleted, days_in_period, deduction_conversion_factor, end_date, rate, retirement_type_id, service_type, service_type_description, start_date) values (?, ?, ?, ?, ?, ?, ?, ?, ?)
Hibernate: select deductionr0_.id as id1_31_0_, deductionr0_.deleted as deleted2_31_0_, deductionr0_.days_in_period as days3_31_0_, deductionr0_.deduction_conversion_factor as deductio4_31_0_, deductionr0_.end_date as end5_31_0_, deductionr0_.rate as rate6_31_0_, deductionr0_.retirement_type_id as retirem10_31_0_, deductionr0_.service_type as service7_31_0_, deductionr0_.service_type_description as service8_31_0_, deductionr0_.start_date as start9_31_0_ from opm.deduction_rate deductionr0_ where deductionr0_.id=?
Currently processed entity: DeductionRate, records count: 2
Progress (processed records/total records): 12/90
Hibernate: insert into opm.pay_code (deleted, name, description) values (?, ?, ?)
Hibernate: select paycode0_.id as id1_48_0_, paycode0_.deleted as deleted2_48_0_, paycode0_.name as name3_48_0_, paycode0_.description as descript4_48_0_ from opm.pay_code paycode0_ where paycode0_.id=?
Hibernate: insert into opm.pay_code (deleted, name, description) values (?, ?, ?)
Hibernate: select paycode0_.id as id1_48_0_, paycode0_.deleted as deleted2_48_0_, paycode0_.name as name3_48_0_, paycode0_.description as descript4_48_0_ from opm.pay_code paycode0_ where paycode0_.id=?
Currently processed entity: PayCode, records count: 2
Progress (processed records/total records): 14/90
Hibernate: insert into opm.payment_applied_order (deleted, name, display_order) values (?, ?, ?)
Hibernate: select paymentapp0_.id as id1_52_0_, paymentapp0_.deleted as deleted2_52_0_, paymentapp0_.name as name3_52_0_, paymentapp0_.display_order as display4_52_0_ from opm.payment_applied_order paymentapp0_ where paymentapp0_.id=?
Hibernate: insert into opm.payment_applied_order (deleted, name, display_order) values (?, ?, ?)
Hibernate: select paymentapp0_.id as id1_52_0_, paymentapp0_.deleted as deleted2_52_0_, paymentapp0_.name as name3_52_0_, paymentapp0_.display_order as display4_52_0_ from opm.payment_applied_order paymentapp0_ where paymentapp0_.id=?
Currently processed entity: PaymentAppliedOrder, records count: 2
Progress (processed records/total records): 16/90
Hibernate: insert into opm.agency_code (deleted, name, display_order) values (?, ?, ?)
Hibernate: select agencycode0_.id as id1_9_0_, agencycode0_.deleted as deleted2_9_0_, agencycode0_.name as name3_9_0_, agencycode0_.display_order as display4_9_0_ from opm.agency_code agencycode0_ where agencycode0_.id=?
Hibernate: insert into opm.agency_code (deleted, name, display_order) values (?, ?, ?)
Hibernate: select agencycode0_.id as id1_9_0_, agencycode0_.deleted as deleted2_9_0_, agencycode0_.name as name3_9_0_, agencycode0_.display_order as display4_9_0_ from opm.agency_code agencycode0_ where agencycode0_.id=?
Currently processed entity: AgencyCode, records count: 2
Progress (processed records/total records): 18/90
Hibernate: insert into opm.interest_grace_period (deleted, claim_number, fers_deposit, post_982_deposit, post_982_redeposit, pre_1082_deposit, pre_1082_redeposit) values (?, ?, ?, ?, ?, ?, ?)
Hibernate: select interestgr0_.id as id1_41_0_, interestgr0_.deleted as deleted2_41_0_, interestgr0_.claim_number as claim3_41_0_, interestgr0_.fers_deposit as fers4_41_0_, interestgr0_.post_982_deposit as post5_41_0_, interestgr0_.post_982_redeposit as post6_41_0_, interestgr0_.pre_1082_deposit as pre7_41_0_, interestgr0_.pre_1082_redeposit as pre8_41_0_ from opm.interest_grace_period interestgr0_ where interestgr0_.id=?
Hibernate: insert into opm.interest_grace_period (deleted, claim_number, fers_deposit, post_982_deposit, post_982_redeposit, pre_1082_deposit, pre_1082_redeposit) values (?, ?, ?, ?, ?, ?, ?)
Hibernate: select interestgr0_.id as id1_41_0_, interestgr0_.deleted as deleted2_41_0_, interestgr0_.claim_number as claim3_41_0_, interestgr0_.fers_deposit as fers4_41_0_, interestgr0_.post_982_deposit as post5_41_0_, interestgr0_.post_982_redeposit as post6_41_0_, interestgr0_.pre_1082_deposit as pre7_41_0_, interestgr0_.pre_1082_redeposit as pre8_41_0_ from opm.interest_grace_period interestgr0_ where interestgr0_.id=?
Currently processed entity: InterestGracePeriod, records count: 2
Progress (processed records/total records): 20/90
Hibernate: insert into opm.pay_trans_status_code (deleted, balanced_scorecard, batch_processing_order, can_hit_gl, category, deletable, description, display_order, final_state, include_in_balance, manual_entered, needs_approval, next_state_link, nightly_batch, reversable, reversing_type, send_to_dbts, show_on_suspense, suspense_action) values (?, ?, ?, ?, ?, ?, ?, ?, ?, ?, ?, ?, ?, ?, ?, ?, ?, ?, ?)
Hibernate: select paytransst0_.id as id1_49_0_, paytransst0_.deleted as deleted2_49_0_, paytransst0_.balanced_scorecard as balanced3_49_0_, paytransst0_.batch_processing_order as batch4_49_0_, paytransst0_.can_hit_gl as can5_49_0_, paytransst0_.category as category6_49_0_, paytransst0_.deletable as deletabl7_49_0_, paytransst0_.description as descript8_49_0_, paytransst0_.display_order as display9_49_0_, paytransst0_.final_state as final10_49_0_, paytransst0_.include_in_balance as include11_49_0_, paytransst0_.manual_entered as manual12_49_0_, paytransst0_.needs_approval as needs13_49_0_, paytransst0_.next_state_link as next14_49_0_, paytransst0_.nightly_batch as nightly15_49_0_, paytransst0_.reversable as reversa16_49_0_, paytransst0_.reversing_type as reversi17_49_0_, paytransst0_.send_to_dbts as send18_49_0_, paytransst0_.show_on_suspense as show19_49_0_, paytransst0_.suspense_action as suspens20_49_0_ from opm.pay_trans_status_code paytransst0_ where paytransst0_.id=?
Hibernate: insert into opm.pay_trans_status_code (deleted, balanced_scorecard, batch_processing_order, can_hit_gl, category, deletable, description, display_order, final_state, include_in_balance, manual_entered, needs_approval, next_state_link, nightly_batch, reversable, reversing_type, send_to_dbts, show_on_suspense, suspense_action) values (?, ?, ?, ?, ?, ?, ?, ?, ?, ?, ?, ?, ?, ?, ?, ?, ?, ?, ?)
Hibernate: select paytransst0_.id as id1_49_0_, paytransst0_.deleted as deleted2_49_0_, paytransst0_.balanced_scorecard as balanced3_49_0_, paytransst0_.batch_processing_order as batch4_49_0_, paytransst0_.can_hit_gl as can5_49_0_, paytransst0_.category as category6_49_0_, paytransst0_.deletable as deletabl7_49_0_, paytransst0_.description as descript8_49_0_, paytransst0_.display_order as display9_49_0_, paytransst0_.final_state as final10_49_0_, paytransst0_.include_in_balance as include11_49_0_, paytransst0_.manual_entered as manual12_49_0_, paytransst0_.needs_approval as needs13_49_0_, paytransst0_.next_state_link as next14_49_0_, paytransst0_.nightly_batch as nightly15_49_0_, paytransst0_.reversable as reversa16_49_0_, paytransst0_.reversing_type as reversi17_49_0_, paytransst0_.send_to_dbts as send18_49_0_, paytransst0_.show_on_suspense as show19_49_0_, paytransst0_.suspense_action as suspens20_49_0_ from opm.pay_trans_status_code paytransst0_ where paytransst0_.id=?
Currently processed entity: PayTransStatusCode, records count: 2
Progress (processed records/total records): 22/90
Hibernate: insert into opm.change_trans_field_number_code (deleted, name, description) values (?, ?, ?)
Hibernate: select changetran0_.id as id1_25_0_, changetran0_.deleted as deleted2_25_0_, changetran0_.name as name3_25_0_, changetran0_.description as descript4_25_0_ from opm.change_trans_field_number_code changetran0_ where changetran0_.id=?
Hibernate: insert into opm.change_trans_field_number_code (deleted, name, description) values (?, ?, ?)
Hibernate: select changetran0_.id as id1_25_0_, changetran0_.deleted as deleted2_25_0_, changetran0_.name as name3_25_0_, changetran0_.description as descript4_25_0_ from opm.change_trans_field_number_code changetran0_ where changetran0_.id=?
Currently processed entity: ChangeTransFieldNumberCode, records count: 2
Progress (processed records/total records): 24/90
Hibernate: insert into opm.user_status (deleted, name) values (?, ?)
Hibernate: select userstatus0_.id as id1_79_0_, userstatus0_.deleted as deleted2_79_0_, userstatus0_.name as name3_79_0_ from opm.user_status userstatus0_ where userstatus0_.id=?
Hibernate: insert into opm.user_status (deleted, name) values (?, ?)
Hibernate: select userstatus0_.id as id1_79_0_, userstatus0_.deleted as deleted2_79_0_, userstatus0_.name as name3_79_0_ from opm.user_status userstatus0_ where userstatus0_.id=?
Currently processed entity: UserStatus, records count: 2
Progress (processed records/total records): 26/90
Hibernate: insert into opm.account_status (deleted, name, display_order, status_category) values (?, ?, ?, ?)
Hibernate: select accountsta0_.id as id1_6_0_, accountsta0_.deleted as deleted2_6_0_, accountsta0_.name as name3_6_0_, accountsta0_.display_order as display4_6_0_, accountsta0_.status_category as status5_6_0_ from opm.account_status accountsta0_ where accountsta0_.id=?
Hibernate: insert into opm.account_status (deleted, name, display_order, status_category) values (?, ?, ?, ?)
Hibernate: select accountsta0_.id as id1_6_0_, accountsta0_.deleted as deleted2_6_0_, accountsta0_.name as name3_6_0_, accountsta0_.display_order as display4_6_0_, accountsta0_.status_category as status5_6_0_ from opm.account_status accountsta0_ where accountsta0_.id=?
Currently processed entity: AccountStatus, records count: 2
Progress (processed records/total records): 28/90
Hibernate: insert into opm.service_type (deleted, name, display_order, fers_deposit_allowed_after_88) values (?, ?, ?, ?)
Hibernate: select servicetyp0_.id as id1_71_0_, servicetyp0_.deleted as deleted2_71_0_, servicetyp0_.name as name3_71_0_, servicetyp0_.display_order as display4_71_0_, servicetyp0_.fers_deposit_allowed_after_88 as fers5_71_0_ from opm.service_type servicetyp0_ where servicetyp0_.id=?
Hibernate: insert into opm.service_type (deleted, name, display_order, fers_deposit_allowed_after_88) values (?, ?, ?, ?)
Hibernate: select servicetyp0_.id as id1_71_0_, servicetyp0_.deleted as deleted2_71_0_, servicetyp0_.name as name3_71_0_, servicetyp0_.display_order as display4_71_0_, servicetyp0_.fers_deposit_allowed_after_88 as fers5_71_0_ from opm.service_type servicetyp0_ where servicetyp0_.id=?
Currently processed entity: ServiceType, records count: 2
Progress (processed records/total records): 30/90
Hibernate: insert into opm.pay_type (deleted, name, display_order, description) values (?, ?, ?, ?)
Hibernate: select paytype0_.id as id1_50_0_, paytype0_.deleted as deleted2_50_0_, paytype0_.name as name3_50_0_, paytype0_.display_order as display4_50_0_, paytype0_.description as descript5_50_0_ from opm.pay_type paytype0_ where paytype0_.id=?
Hibernate: insert into opm.pay_type (deleted, name, display_order, description) values (?, ?, ?, ?)
Hibernate: select paytype0_.id as id1_50_0_, paytype0_.deleted as deleted2_50_0_, paytype0_.name as name3_50_0_, paytype0_.display_order as display4_50_0_, paytype0_.description as descript5_50_0_ from opm.pay_type paytype0_ where paytype0_.id=?
Currently processed entity: PayType, records count: 2
Progress (processed records/total records): 32/90
Hibernate: insert into opm.appointment_type (deleted, name, display_order, type_category, description) values (?, ?, ?, ?, ?)
Hibernate: select appointmen0_.id as id1_13_0_, appointmen0_.deleted as deleted2_13_0_, appointmen0_.name as name3_13_0_, appointmen0_.display_order as display4_13_0_, appointmen0_.type_category as type5_13_0_, appointmen0_.description as descript6_13_0_ from opm.appointment_type appointmen0_ where appointmen0_.id=?
Hibernate: insert into opm.appointment_type (deleted, name, display_order, type_category, description) values (?, ?, ?, ?, ?)
Hibernate: select appointmen0_.id as id1_13_0_, appointmen0_.deleted as deleted2_13_0_, appointmen0_.name as name3_13_0_, appointmen0_.display_order as display4_13_0_, appointmen0_.type_category as type5_13_0_, appointmen0_.description as descript6_13_0_ from opm.appointment_type appointmen0_ where appointmen0_.id=?
Currently processed entity: AppointmentType, records count: 2
Progress (processed records/total records): 34/90
Hibernate: insert into opm.period_type (deleted, name, display_order, description) values (?, ?, ?, ?)
Hibernate: select periodtype0_.id as id1_61_0_, periodtype0_.deleted as deleted2_61_0_, periodtype0_.name as name3_61_0_, periodtype0_.display_order as display4_61_0_, periodtype0_.description as descript5_61_0_ from opm.period_type periodtype0_ where periodtype0_.id=?
Hibernate: insert into opm.period_type (deleted, name, display_order, description) values (?, ?, ?, ?)
Hibernate: select periodtype0_.id as id1_61_0_, periodtype0_.deleted as deleted2_61_0_, periodtype0_.name as name3_61_0_, periodtype0_.display_order as display4_61_0_, periodtype0_.description as descript5_61_0_ from opm.period_type periodtype0_ where periodtype0_.id=?
Currently processed entity: PeriodType, records count: 2
Progress (processed records/total records): 36/90
Hibernate: insert into opm.annuitant_list (deleted, claim_number) values (?, ?)
Hibernate: select annuitantl0_.id as id1_10_0_, annuitantl0_.deleted as deleted2_10_0_, annuitantl0_.claim_number as claim3_10_0_ from opm.annuitant_list annuitantl0_ where annuitantl0_.id=?
Hibernate: insert into opm.annuitant_list (deleted, claim_number) values (?, ?)
Hibernate: select annuitantl0_.id as id1_10_0_, annuitantl0_.deleted as deleted2_10_0_, annuitantl0_.claim_number as claim3_10_0_ from opm.annuitant_list annuitantl0_ where annuitantl0_.id=?
Currently processed entity: AnnuitantList, records count: 2
Progress (processed records/total records): 38/90
Hibernate: insert into opm.state (deleted, name, abbreviation) values (?, ?, ?)
Hibernate: select state0_.id as id1_72_0_, state0_.deleted as deleted2_72_0_, state0_.name as name3_72_0_, state0_.abbreviation as abbrevia4_72_0_ from opm.state state0_ where state0_.id=?
Hibernate: insert into opm.state (deleted, name, abbreviation) values (?, ?, ?)
Hibernate: select state0_.id as id1_72_0_, state0_.deleted as deleted2_72_0_, state0_.name as name3_72_0_, state0_.abbreviation as abbrevia4_72_0_ from opm.state state0_ where state0_.id=?
Currently processed entity: State, records count: 2
Progress (processed records/total records): 40/90
Hibernate: insert into opm.new_claim_number (deleted, claim_number) values (?, ?)
Hibernate: select newclaimnu0_.id as id1_45_0_, newclaimnu0_.deleted as deleted2_45_0_, newclaimnu0_.claim_number as claim3_45_0_ from opm.new_claim_number newclaimnu0_ where newclaimnu0_.id=?
Hibernate: insert into opm.new_claim_number (deleted, claim_number) values (?, ?)
Hibernate: select newclaimnu0_.id as id1_45_0_, newclaimnu0_.deleted as deleted2_45_0_, newclaimnu0_.claim_number as claim3_45_0_ from opm.new_claim_number newclaimnu0_ where newclaimnu0_.id=?
Currently processed entity: NewClaimNumber, records count: 2
Progress (processed records/total records): 42/90
Hibernate: insert into opm.suffix (deleted, name) values (?, ?)
Hibernate: select suffix0_.id as id1_73_0_, suffix0_.deleted as deleted2_73_0_, suffix0_.name as name3_73_0_ from opm.suffix suffix0_ where suffix0_.id=?
Hibernate: insert into opm.suffix (deleted, name) values (?, ?)
Hibernate: select suffix0_.id as id1_73_0_, suffix0_.deleted as deleted2_73_0_, suffix0_.name as name3_73_0_ from opm.suffix suffix0_ where suffix0_.id=?
Currently processed entity: Suffix, records count: 2
Progress (processed records/total records): 44/90
Hibernate: insert into opm.holiday (deleted, day_of_month, exact_date, holiday, holiday_id, month_number, week_day, week_of_month) values (?, ?, ?, ?, ?, ?, ?, ?)
Hibernate: select holiday0_.id as id1_39_0_, holiday0_.deleted as deleted2_39_0_, holiday0_.day_of_month as day3_39_0_, holiday0_.exact_date as exact4_39_0_, holiday0_.holiday as holiday5_39_0_, holiday0_.holiday_id as holiday6_39_0_, holiday0_.month_number as month7_39_0_, holiday0_.week_day as week8_39_0_, holiday0_.week_of_month as week9_39_0_ from opm.holiday holiday0_ where holiday0_.id=?
Hibernate: insert into opm.holiday (deleted, day_of_month, exact_date, holiday, holiday_id, month_number, week_day, week_of_month) values (?, ?, ?, ?, ?, ?, ?, ?)
Hibernate: select holiday0_.id as id1_39_0_, holiday0_.deleted as deleted2_39_0_, holiday0_.day_of_month as day3_39_0_, holiday0_.exact_date as exact4_39_0_, holiday0_.holiday as holiday5_39_0_, holiday0_.holiday_id as holiday6_39_0_, holiday0_.month_number as month7_39_0_, holiday0_.week_day as week8_39_0_, holiday0_.week_of_month as week9_39_0_ from opm.holiday holiday0_ where holiday0_.id=?
Currently processed entity: Holiday, records count: 2
Progress (processed records/total records): 46/90
Hibernate: insert into opm.claim_without_service (deleted, claim_number, date_of_birth) values (?, ?, ?)
Hibernate: select claimwitho0_.id as id1_27_0_, claimwitho0_.deleted as deleted2_27_0_, claimwitho0_.claim_number as claim3_27_0_, claimwitho0_.date_of_birth as date4_27_0_ from opm.claim_without_service claimwitho0_ where claimwitho0_.id=?
Hibernate: insert into opm.claim_without_service (deleted, claim_number, date_of_birth) values (?, ?, ?)
Hibernate: select claimwitho0_.id as id1_27_0_, claimwitho0_.deleted as deleted2_27_0_, claimwitho0_.claim_number as claim3_27_0_, claimwitho0_.date_of_birth as date4_27_0_ from opm.claim_without_service claimwitho0_ where claimwitho0_.id=?
Currently processed entity: ClaimWithoutService, records count: 2
Progress (processed records/total records): 48/90
Hibernate: insert into opm.scm_first_insert (deleted, claim_number, last_action) values (?, ?, ?)
Hibernate: select scmfirstin0_.id as id1_69_0_, scmfirstin0_.deleted as deleted2_69_0_, scmfirstin0_.claim_number as claim3_69_0_, scmfirstin0_.last_action as last4_69_0_ from opm.scm_first_insert scmfirstin0_ where scmfirstin0_.id=?
Hibernate: insert into opm.scm_first_insert (deleted, claim_number, last_action) values (?, ?, ?)
Hibernate: select scmfirstin0_.id as id1_69_0_, scmfirstin0_.deleted as deleted2_69_0_, scmfirstin0_.claim_number as claim3_69_0_, scmfirstin0_.last_action as last4_69_0_ from opm.scm_first_insert scmfirstin0_ where scmfirstin0_.id=?
Currently processed entity: SCMFirstInsert, records count: 2
Progress (processed records/total records): 50/90
Hibernate: insert into opm.a01_print_suppression_case (deleted, claim_number, reason_for_print_suppression) values (?, ?, ?)
Hibernate: select a01printsu0_.id as id1_0_0_, a01printsu0_.deleted as deleted2_0_0_, a01printsu0_.claim_number as claim3_0_0_, a01printsu0_.reason_for_print_suppression as reason4_0_0_ from opm.a01_print_suppression_case a01printsu0_ where a01printsu0_.id=?
Hibernate: insert into opm.a01_print_suppression_case (deleted, claim_number, reason_for_print_suppression) values (?, ?, ?)
Hibernate: select a01printsu0_.id as id1_0_0_, a01printsu0_.deleted as deleted2_0_0_, a01printsu0_.claim_number as claim3_0_0_, a01printsu0_.reason_for_print_suppression as reason4_0_0_ from opm.a01_print_suppression_case a01printsu0_ where a01printsu0_.id=?
Currently processed entity: A01PrintSuppressionCases, records count: 2
Progress (processed records/total records): 52/90
Hibernate: insert into opm.time_factor (deleted, num_days, num_months, time_factor) values (?, ?, ?, ?)
Hibernate: select timefactor0_.id as id1_75_0_, timefactor0_.deleted as deleted2_75_0_, timefactor0_.num_days as num3_75_0_, timefactor0_.num_months as num4_75_0_, timefactor0_.time_factor as time5_75_0_ from opm.time_factor timefactor0_ where timefactor0_.id=?
Hibernate: insert into opm.time_factor (deleted, num_days, num_months, time_factor) values (?, ?, ?, ?)
Hibernate: select timefactor0_.id as id1_75_0_, timefactor0_.deleted as deleted2_75_0_, timefactor0_.num_days as num3_75_0_, timefactor0_.num_months as num4_75_0_, timefactor0_.time_factor as time5_75_0_ from opm.time_factor timefactor0_ where timefactor0_.id=?
Currently processed entity: TimeFactor, records count: 2
Progress (processed records/total records): 54/90
Hibernate: insert into opm.contact_info (deleted, name, text) values (?, ?, ?)
Hibernate: select contactinf0_.id as id1_28_0_, contactinf0_.deleted as deleted2_28_0_, contactinf0_.name as name3_28_0_, contactinf0_.text as text4_28_0_ from opm.contact_info contactinf0_ where contactinf0_.id=?
Hibernate: insert into opm.contact_info (deleted, name, text) values (?, ?, ?)
Hibernate: select contactinf0_.id as id1_28_0_, contactinf0_.deleted as deleted2_28_0_, contactinf0_.name as name3_28_0_, contactinf0_.text as text4_28_0_ from opm.contact_info contactinf0_ where contactinf0_.id=?
Currently processed entity: ContactInfo, records count: 2
Progress (processed records/total records): 56/90
Hibernate: insert into opm.role (deleted, name, description) values (?, ?, ?)
Hibernate: select role0_.id as id1_67_0_, role0_.deleted as deleted2_67_0_, role0_.name as name3_67_0_, role0_.description as descript4_67_0_ from opm.role role0_ where role0_.id=?
Hibernate: insert into opm.role_permission (deleted, action, rolename) values (?, ?, ?)
Hibernate: select rolepermis0_.id as id1_68_0_, rolepermis0_.deleted as deleted2_68_0_, rolepermis0_.action as action3_68_0_, rolepermis0_.rolename as rolename4_68_0_ from opm.role_permission rolepermis0_ where rolepermis0_.id=?
Hibernate: insert into opm.role (deleted, name, description) values (?, ?, ?)
Hibernate: select role0_.id as id1_67_0_, role0_.deleted as deleted2_67_0_, role0_.name as name3_67_0_, role0_.description as descript4_67_0_ from opm.role role0_ where role0_.id=?
Hibernate: insert into opm.role_permission (deleted, action, rolename) values (?, ?, ?)
Hibernate: select rolepermis0_.id as id1_68_0_, rolepermis0_.deleted as deleted2_68_0_, rolepermis0_.action as action3_68_0_, rolepermis0_.rolename as rolename4_68_0_ from opm.role_permission rolepermis0_ where rolepermis0_.id=?
Currently processed entity: Role, records count: 2
Progress (processed records/total records): 58/90
Hibernate: insert into opm.app_user (deleted, default_tab, email, first_name, last_name, network_id, role_id, user_status_id, supervisor_id, telephone, username) values (?, ?, ?, ?, ?, ?, ?, ?, ?, ?, ?)
Hibernate: select user0_.id as id1_11_0_, user0_.deleted as deleted2_11_0_, user0_.default_tab as default3_11_0_, user0_.email as email4_11_0_, user0_.first_name as first5_11_0_, user0_.last_name as last6_11_0_, user0_.network_id as network7_11_0_, user0_.role_id as role10_11_0_, user0_.user_status_id as user11_11_0_, user0_.supervisor_id as supervi12_11_0_, user0_.telephone as telephon8_11_0_, user0_.username as username9_11_0_ from opm.app_user user0_ where user0_.id=?
Hibernate: insert into opm.app_user (deleted, default_tab, email, first_name, last_name, network_id, role_id, user_status_id, supervisor_id, telephone, username) values (?, ?, ?, ?, ?, ?, ?, ?, ?, ?, ?)
Hibernate: select user0_.id as id1_11_0_, user0_.deleted as deleted2_11_0_, user0_.default_tab as default3_11_0_, user0_.email as email4_11_0_, user0_.first_name as first5_11_0_, user0_.last_name as last6_11_0_, user0_.network_id as network7_11_0_, user0_.role_id as role10_11_0_, user0_.user_status_id as user11_11_0_, user0_.supervisor_id as supervi12_11_0_, user0_.telephone as telephon8_11_0_, user0_.username as username9_11_0_ from opm.app_user user0_ where user0_.id=?
Currently processed entity: User, records count: 2
Progress (processed records/total records): 60/90
Hibernate: select user0_.id as id1_11_0_, user0_.deleted as deleted2_11_0_, user0_.default_tab as default3_11_0_, user0_.email as email4_11_0_, user0_.first_name as first5_11_0_, user0_.last_name as last6_11_0_, user0_.network_id as network7_11_0_, user0_.role_id as role10_11_0_, user0_.user_status_id as user11_11_0_, user0_.supervisor_id as supervi12_11_0_, user0_.telephone as telephon8_11_0_, user0_.username as username9_11_0_ from opm.app_user user0_ where user0_.id=?
Hibernate: update opm.app_user set deleted=?, default_tab=?, email=?, first_name=?, last_name=?, network_id=?, role_id=?, user_status_id=?, supervisor_id=?, telephone=?, username=? where id=?
Hibernate: select suffix0_.id as id1_73_, suffix0_.deleted as deleted2_73_, suffix0_.name as name3_73_ from opm.suffix suffix0_ where suffix0_.name=?
Hibernate: select country0_.id as id1_29_, country0_.deleted as deleted2_29_, country0_.name as name3_29_ from opm.country country0_ where country0_.name=?
Hibernate: insert into opm.country (deleted, name) values (?, ?)
Hibernate: select country0_.id as id1_29_0_, country0_.deleted as deleted2_29_0_, country0_.name as name3_29_0_ from opm.country country0_ where country0_.id=?
Hibernate: select state0_.id as id1_72_, state0_.deleted as deleted2_72_, state0_.name as name3_72_, state0_.abbreviation as abbrevia4_72_ from opm.state state0_ where state0_.abbreviation=?
Hibernate: select state0_.id as id1_72_, state0_.deleted as deleted2_72_, state0_.name as name3_72_, state0_.abbreviation as abbrevia4_72_ from opm.state state0_ where state0_.abbreviation=?
Hibernate: insert into opm.address (deleted, city, country_id, state_id, street1, street2, street3, street4, street5, zip_code) values (?, ?, ?, ?, ?, ?, ?, ?, ?, ?)
Hibernate: insert into opm.account_holder (deleted, address_id, agency_code, birth_date, city_of_employment, department_code, email, first_name, geo_code, last_name, middle_initial, holder_position, ssn, state_of_employment_id, suffix_id, telephone, title) values (?, ?, ?, ?, ?, ?, ?, ?, ?, ?, ?, ?, ?, ?, ?, ?, ?)
Hibernate: select address0_.id as id1_7_0_, address0_.deleted as deleted2_7_0_, address0_.city as city3_7_0_, address0_.country_id as country10_7_0_, address0_.state_id as state11_7_0_, address0_.street1 as street4_7_0_, address0_.street2 as street5_7_0_, address0_.street3 as street6_7_0_, address0_.street4 as street7_7_0_, address0_.street5 as street8_7_0_, address0_.zip_code as zip9_7_0_ from opm.address address0_ where address0_.id=?
Hibernate: select accounthol0_.id as id1_4_1_, accounthol0_.deleted as deleted2_4_1_, accounthol0_.address_id as address16_4_1_, accounthol0_.agency_code as agency3_4_1_, accounthol0_.birth_date as birth4_4_1_, accounthol0_.city_of_employment as city5_4_1_, accounthol0_.department_code as departme6_4_1_, accounthol0_.email as email7_4_1_, accounthol0_.first_name as first8_4_1_, accounthol0_.geo_code as geo9_4_1_, accounthol0_.last_name as last10_4_1_, accounthol0_.middle_initial as middle11_4_1_, accounthol0_.holder_position as holder12_4_1_, accounthol0_.ssn as ssn13_4_1_, accounthol0_.state_of_employment_id as state17_4_1_, accounthol0_.suffix_id as suffix18_4_1_, accounthol0_.telephone as telepho14_4_1_, accounthol0_.title as title15_4_1_, address1_.id as id1_7_0_, address1_.deleted as deleted2_7_0_, address1_.city as city3_7_0_, address1_.country_id as country10_7_0_, address1_.state_id as state11_7_0_, address1_.street1 as street4_7_0_, address1_.street2 as street5_7_0_, address1_.street3 as street6_7_0_, address1_.street4 as street7_7_0_, address1_.street5 as street8_7_0_, address1_.zip_code as zip9_7_0_ from opm.account_holder accounthol0_ left outer join opm.address address1_ on accounthol0_.address_id=address1_.id where accounthol0_.id=?
Hibernate: select paycode0_.id as id1_48_, paycode0_.deleted as deleted2_48_, paycode0_.name as name3_48_, paycode0_.description as descript4_48_ from opm.pay_code paycode0_ where paycode0_.name=?
Hibernate: insert into opm.account (deleted, acc_int_dep, acc_int_fers, acc_int_non_dep, acc_int_rdep, acc_int_var_rdep, additional_service, balance, billing_summary_id, claim_number, claim_officer, claim_officer_assignment_date, claimant_birthdate, code_20_date, computation_date, dbts_account, flag_postredeposit, flag_preredeposit, form_type_id, frozen, grace, account_holder_id, last_action, last_pay, new_claim_number, no_interest, pay_code_id, payment_order, plan_type, prior_claim_number, returned_from_record_date, account_status_id, stop_ach_payment, time_period, tot_pay_d, tot_pay_fers, tot_pay_n, tot_pay_r, tot_pay_vr, total_deposit, total_fers_w, total_non_deposit, total_redeposit, total_var_redeposit, account_confirmation_validation_id, var_int_computation_date) values (?, ?, ?, ?, ?, ?, ?, ?, ?, ?, ?, ?, ?, ?, ?, ?, ?, ?, ?, ?, ?, ?, ?, ?, ?, ?, ?, ?, ?, ?, ?, ?, ?, ?, ?, ?, ?, ?, ?, ?, ?, ?, ?, ?, ?, ?)
Hibernate: select account0_.id as id1_1_2_, account0_.deleted as deleted2_1_2_, account0_.acc_int_dep as acc3_1_2_, account0_.acc_int_fers as acc4_1_2_, account0_.acc_int_non_dep as acc5_1_2_, account0_.acc_int_rdep as acc6_1_2_, account0_.acc_int_var_rdep as acc7_1_2_, account0_.additional_service as addition8_1_2_, account0_.balance as balance9_1_2_, account0_.billing_summary_id as billing42_1_2_, account0_.claim_number as claim10_1_2_, account0_.claim_officer as claim11_1_2_, account0_.claim_officer_assignment_date as claim12_1_2_, account0_.claimant_birthdate as claiman13_1_2_, account0_.code_20_date as code14_1_2_, account0_.computation_date as computa15_1_2_, account0_.dbts_account as dbts16_1_2_, account0_.flag_postredeposit as flag17_1_2_, account0_.flag_preredeposit as flag18_1_2_, account0_.form_type_id as form43_1_2_, account0_.frozen as frozen19_1_2_, account0_.grace as grace20_1_2_, account0_.account_holder_id as account44_1_2_, account0_.last_action as last21_1_2_, account0_.last_pay as last22_1_2_, account0_.new_claim_number as new23_1_2_, account0_.no_interest as no24_1_2_, account0_.pay_code_id as pay45_1_2_, account0_.payment_order as payment25_1_2_, account0_.plan_type as plan26_1_2_, account0_.prior_claim_number as prior27_1_2_, account0_.returned_from_record_date as returne28_1_2_, account0_.account_status_id as account46_1_2_, account0_.stop_ach_payment as stop29_1_2_, account0_.time_period as time30_1_2_, account0_.tot_pay_d as tot31_1_2_, account0_.tot_pay_fers as tot32_1_2_, account0_.tot_pay_n as tot33_1_2_, account0_.tot_pay_r as tot34_1_2_, account0_.tot_pay_vr as tot35_1_2_, account0_.total_deposit as total36_1_2_, account0_.total_fers_w as total37_1_2_, account0_.total_non_deposit as total38_1_2_, account0_.total_redeposit as total39_1_2_, account0_.total_var_redeposit as total40_1_2_, account0_.account_confirmation_validation_id as account47_1_2_, account0_.var_int_computation_date as var41_1_2_, billingsum1_.id as id1_19_0_, billingsum1_.deleted as deleted2_19_0_, billingsum1_.computed_date as computed3_19_0_, billingsum1_.first_billing_date as first4_19_0_, billingsum1_.last_deposit_date as last5_19_0_, billingsum1_.last_interest_calculation as last6_19_0_, billingsum1_.last_transaction_date as last7_19_0_, billingsum1_.stop_ach_payments as stop8_19_0_, billingsum1_.transaction_type as transact9_19_0_, billings2_.billing_summary_id as billing9_19_4_, billings2_.id as id1_18_4_, billings2_.id as id1_18_1_, billings2_.deleted as deleted2_18_1_, billings2_.additional_interest as addition3_18_1_, billings2_.balance as balance4_18_1_, billings2_.initial_billing as initial5_18_1_, billings2_.name as name6_18_1_, billings2_.payment_order as payment7_18_1_, billings2_.total_payments as total8_18_1_ from opm.account account0_ left outer join opm.billing_summary billingsum1_ on account0_.billing_summary_id=billingsum1_.id left outer join opm.billing billings2_ on billingsum1_.id=billings2_.billing_summary_id where account0_.id=?
Hibernate: select suffix0_.id as id1_73_, suffix0_.deleted as deleted2_73_, suffix0_.name as name3_73_ from opm.suffix suffix0_ where suffix0_.name=?
Hibernate: select country0_.id as id1_29_, country0_.deleted as deleted2_29_, country0_.name as name3_29_ from opm.country country0_ where country0_.name=?
Hibernate: select state0_.id as id1_72_, state0_.deleted as deleted2_72_, state0_.name as name3_72_, state0_.abbreviation as abbrevia4_72_ from opm.state state0_ where state0_.abbreviation=?
Hibernate: select state0_.id as id1_72_, state0_.deleted as deleted2_72_, state0_.name as name3_72_, state0_.abbreviation as abbrevia4_72_ from opm.state state0_ where state0_.abbreviation=?
Hibernate: insert into opm.address (deleted, city, country_id, state_id, street1, street2, street3, street4, street5, zip_code) values (?, ?, ?, ?, ?, ?, ?, ?, ?, ?)
Hibernate: insert into opm.account_holder (deleted, address_id, agency_code, birth_date, city_of_employment, department_code, email, first_name, geo_code, last_name, middle_initial, holder_position, ssn, state_of_employment_id, suffix_id, telephone, title) values (?, ?, ?, ?, ?, ?, ?, ?, ?, ?, ?, ?, ?, ?, ?, ?, ?)
Hibernate: select address0_.id as id1_7_0_, address0_.deleted as deleted2_7_0_, address0_.city as city3_7_0_, address0_.country_id as country10_7_0_, address0_.state_id as state11_7_0_, address0_.street1 as street4_7_0_, address0_.street2 as street5_7_0_, address0_.street3 as street6_7_0_, address0_.street4 as street7_7_0_, address0_.street5 as street8_7_0_, address0_.zip_code as zip9_7_0_ from opm.address address0_ where address0_.id=?
Hibernate: select accounthol0_.id as id1_4_1_, accounthol0_.deleted as deleted2_4_1_, accounthol0_.address_id as address16_4_1_, accounthol0_.agency_code as agency3_4_1_, accounthol0_.birth_date as birth4_4_1_, accounthol0_.city_of_employment as city5_4_1_, accounthol0_.department_code as departme6_4_1_, accounthol0_.email as email7_4_1_, accounthol0_.first_name as first8_4_1_, accounthol0_.geo_code as geo9_4_1_, accounthol0_.last_name as last10_4_1_, accounthol0_.middle_initial as middle11_4_1_, accounthol0_.holder_position as holder12_4_1_, accounthol0_.ssn as ssn13_4_1_, accounthol0_.state_of_employment_id as state17_4_1_, accounthol0_.suffix_id as suffix18_4_1_, accounthol0_.telephone as telepho14_4_1_, accounthol0_.title as title15_4_1_, address1_.id as id1_7_0_, address1_.deleted as deleted2_7_0_, address1_.city as city3_7_0_, address1_.country_id as country10_7_0_, address1_.state_id as state11_7_0_, address1_.street1 as street4_7_0_, address1_.street2 as street5_7_0_, address1_.street3 as street6_7_0_, address1_.street4 as street7_7_0_, address1_.street5 as street8_7_0_, address1_.zip_code as zip9_7_0_ from opm.account_holder accounthol0_ left outer join opm.address address1_ on accounthol0_.address_id=address1_.id where accounthol0_.id=?
Hibernate: select paycode0_.id as id1_48_, paycode0_.deleted as deleted2_48_, paycode0_.name as name3_48_, paycode0_.description as descript4_48_ from opm.pay_code paycode0_ where paycode0_.name=?
Hibernate: insert into opm.account (deleted, acc_int_dep, acc_int_fers, acc_int_non_dep, acc_int_rdep, acc_int_var_rdep, additional_service, balance, billing_summary_id, claim_number, claim_officer, claim_officer_assignment_date, claimant_birthdate, code_20_date, computation_date, dbts_account, flag_postredeposit, flag_preredeposit, form_type_id, frozen, grace, account_holder_id, last_action, last_pay, new_claim_number, no_interest, pay_code_id, payment_order, plan_type, prior_claim_number, returned_from_record_date, account_status_id, stop_ach_payment, time_period, tot_pay_d, tot_pay_fers, tot_pay_n, tot_pay_r, tot_pay_vr, total_deposit, total_fers_w, total_non_deposit, total_redeposit, total_var_redeposit, account_confirmation_validation_id, var_int_computation_date) values (?, ?, ?, ?, ?, ?, ?, ?, ?, ?, ?, ?, ?, ?, ?, ?, ?, ?, ?, ?, ?, ?, ?, ?, ?, ?, ?, ?, ?, ?, ?, ?, ?, ?, ?, ?, ?, ?, ?, ?, ?, ?, ?, ?, ?, ?)
Hibernate: select account0_.id as id1_1_2_, account0_.deleted as deleted2_1_2_, account0_.acc_int_dep as acc3_1_2_, account0_.acc_int_fers as acc4_1_2_, account0_.acc_int_non_dep as acc5_1_2_, account0_.acc_int_rdep as acc6_1_2_, account0_.acc_int_var_rdep as acc7_1_2_, account0_.additional_service as addition8_1_2_, account0_.balance as balance9_1_2_, account0_.billing_summary_id as billing42_1_2_, account0_.claim_number as claim10_1_2_, account0_.claim_officer as claim11_1_2_, account0_.claim_officer_assignment_date as claim12_1_2_, account0_.claimant_birthdate as claiman13_1_2_, account0_.code_20_date as code14_1_2_, account0_.computation_date as computa15_1_2_, account0_.dbts_account as dbts16_1_2_, account0_.flag_postredeposit as flag17_1_2_, account0_.flag_preredeposit as flag18_1_2_, account0_.form_type_id as form43_1_2_, account0_.frozen as frozen19_1_2_, account0_.grace as grace20_1_2_, account0_.account_holder_id as account44_1_2_, account0_.last_action as last21_1_2_, account0_.last_pay as last22_1_2_, account0_.new_claim_number as new23_1_2_, account0_.no_interest as no24_1_2_, account0_.pay_code_id as pay45_1_2_, account0_.payment_order as payment25_1_2_, account0_.plan_type as plan26_1_2_, account0_.prior_claim_number as prior27_1_2_, account0_.returned_from_record_date as returne28_1_2_, account0_.account_status_id as account46_1_2_, account0_.stop_ach_payment as stop29_1_2_, account0_.time_period as time30_1_2_, account0_.tot_pay_d as tot31_1_2_, account0_.tot_pay_fers as tot32_1_2_, account0_.tot_pay_n as tot33_1_2_, account0_.tot_pay_r as tot34_1_2_, account0_.tot_pay_vr as tot35_1_2_, account0_.total_deposit as total36_1_2_, account0_.total_fers_w as total37_1_2_, account0_.total_non_deposit as total38_1_2_, account0_.total_redeposit as total39_1_2_, account0_.total_var_redeposit as total40_1_2_, account0_.account_confirmation_validation_id as account47_1_2_, account0_.var_int_computation_date as var41_1_2_, billingsum1_.id as id1_19_0_, billingsum1_.deleted as deleted2_19_0_, billingsum1_.computed_date as computed3_19_0_, billingsum1_.first_billing_date as first4_19_0_, billingsum1_.last_deposit_date as last5_19_0_, billingsum1_.last_interest_calculation as last6_19_0_, billingsum1_.last_transaction_date as last7_19_0_, billingsum1_.stop_ach_payments as stop8_19_0_, billingsum1_.transaction_type as transact9_19_0_, billings2_.billing_summary_id as billing9_19_4_, billings2_.id as id1_18_4_, billings2_.id as id1_18_1_, billings2_.deleted as deleted2_18_1_, billings2_.additional_interest as addition3_18_1_, billings2_.balance as balance4_18_1_, billings2_.initial_billing as initial5_18_1_, billings2_.name as name6_18_1_, billings2_.payment_order as payment7_18_1_, billings2_.total_payments as total8_18_1_ from opm.account account0_ left outer join opm.billing_summary billingsum1_ on account0_.billing_summary_id=billingsum1_.id left outer join opm.billing billings2_ on billingsum1_.id=billings2_.billing_summary_id where account0_.id=?
Currently processed entity: Account, records count: 2
Progress (processed records/total records): 62/90
Hibernate: select account0_.id as id1_1_, account0_.deleted as deleted2_1_, account0_.acc_int_dep as acc3_1_, account0_.acc_int_fers as acc4_1_, account0_.acc_int_non_dep as acc5_1_, account0_.acc_int_rdep as acc6_1_, account0_.acc_int_var_rdep as acc7_1_, account0_.additional_service as addition8_1_, account0_.balance as balance9_1_, account0_.billing_summary_id as billing42_1_, account0_.claim_number as claim10_1_, account0_.claim_officer as claim11_1_, account0_.claim_officer_assignment_date as claim12_1_, account0_.claimant_birthdate as claiman13_1_, account0_.code_20_date as code14_1_, account0_.computation_date as computa15_1_, account0_.dbts_account as dbts16_1_, account0_.flag_postredeposit as flag17_1_, account0_.flag_preredeposit as flag18_1_, account0_.form_type_id as form43_1_, account0_.frozen as frozen19_1_, account0_.grace as grace20_1_, account0_.account_holder_id as account44_1_, account0_.last_action as last21_1_, account0_.last_pay as last22_1_, account0_.new_claim_number as new23_1_, account0_.no_interest as no24_1_, account0_.pay_code_id as pay45_1_, account0_.payment_order as payment25_1_, account0_.plan_type as plan26_1_, account0_.prior_claim_number as prior27_1_, account0_.returned_from_record_date as returne28_1_, account0_.account_status_id as account46_1_, account0_.stop_ach_payment as stop29_1_, account0_.time_period as time30_1_, account0_.tot_pay_d as tot31_1_, account0_.tot_pay_fers as tot32_1_, account0_.tot_pay_n as tot33_1_, account0_.tot_pay_r as tot34_1_, account0_.tot_pay_vr as tot35_1_, account0_.total_deposit as total36_1_, account0_.total_fers_w as total37_1_, account0_.total_non_deposit as total38_1_, account0_.total_redeposit as total39_1_, account0_.total_var_redeposit as total40_1_, account0_.account_confirmation_validation_id as account47_1_, account0_.var_int_computation_date as var41_1_ from opm.account account0_ where account0_.claim_number=?
Hibernate: select appointmen0_.id as id1_13_, appointmen0_.deleted as deleted2_13_, appointmen0_.name as name3_13_, appointmen0_.display_order as display4_13_, appointmen0_.type_category as type5_13_, appointmen0_.description as descript6_13_ from opm.appointment_type appointmen0_ where appointmen0_.name=?
Hibernate: select periodtype0_.id as id1_61_, periodtype0_.deleted as deleted2_61_, periodtype0_.name as name3_61_, periodtype0_.display_order as display4_61_, periodtype0_.description as descript5_61_ from opm.period_type periodtype0_ where periodtype0_.name=?
Hibernate: select paytype0_.id as id1_50_, paytype0_.deleted as deleted2_50_, paytype0_.name as name3_50_, paytype0_.display_order as display4_50_, paytype0_.description as descript5_50_ from opm.pay_type paytype0_ where paytype0_.name=?
Hibernate: select fersdeposi0_.account_id as account1_1_1_, fersdeposi0_.calculation_version_id as calculat2_33_1_, calculatio1_.id as id1_24_0_, calculatio1_.deleted as deleted2_24_0_, calculatio1_.calculation_date as calculat3_24_0_, calculatio1_.calculation_result_id as calculat7_24_0_, calculatio1_.line_number as line4_24_0_, calculatio1_.name as name5_24_0_, calculatio1_.version as version6_24_0_ from opm.fers_deposit fersdeposi0_ inner join opm.calculation_version calculatio1_ on fersdeposi0_.calculation_version_id=calculatio1_.id where fersdeposi0_.account_id=?
Hibernate: insert into opm.calculation_version (deleted, calculation_date, calculation_result_id, line_number, name, version) values (?, ?, ?, ?, ?, ?)
Hibernate: insert into opm.calculation (deleted, agency_code_id, amount, annualized_amount, appointment_type_id, begin_date, date_entered, end_date, entered_by, hours_in_year, pay_type_id, period_type_id, retirement_type_id, service_type_id, calculation_version_id) values (?, ?, ?, ?, ?, ?, ?, ?, ?, ?, ?, ?, ?, ?, ?)
Hibernate: insert into opm.fers_deposit (account_id, calculation_version_id) values (?, ?)
Hibernate: update opm.calculation set calculation_version_id=? where id=?
Hibernate: select account0_.id as id1_1_, account0_.deleted as deleted2_1_, account0_.acc_int_dep as acc3_1_, account0_.acc_int_fers as acc4_1_, account0_.acc_int_non_dep as acc5_1_, account0_.acc_int_rdep as acc6_1_, account0_.acc_int_var_rdep as acc7_1_, account0_.additional_service as addition8_1_, account0_.balance as balance9_1_, account0_.billing_summary_id as billing42_1_, account0_.claim_number as claim10_1_, account0_.claim_officer as claim11_1_, account0_.claim_officer_assignment_date as claim12_1_, account0_.claimant_birthdate as claiman13_1_, account0_.code_20_date as code14_1_, account0_.computation_date as computa15_1_, account0_.dbts_account as dbts16_1_, account0_.flag_postredeposit as flag17_1_, account0_.flag_preredeposit as flag18_1_, account0_.form_type_id as form43_1_, account0_.frozen as frozen19_1_, account0_.grace as grace20_1_, account0_.account_holder_id as account44_1_, account0_.last_action as last21_1_, account0_.last_pay as last22_1_, account0_.new_claim_number as new23_1_, account0_.no_interest as no24_1_, account0_.pay_code_id as pay45_1_, account0_.payment_order as payment25_1_, account0_.plan_type as plan26_1_, account0_.prior_claim_number as prior27_1_, account0_.returned_from_record_date as returne28_1_, account0_.account_status_id as account46_1_, account0_.stop_ach_payment as stop29_1_, account0_.time_period as time30_1_, account0_.tot_pay_d as tot31_1_, account0_.tot_pay_fers as tot32_1_, account0_.tot_pay_n as tot33_1_, account0_.tot_pay_r as tot34_1_, account0_.tot_pay_vr as tot35_1_, account0_.total_deposit as total36_1_, account0_.total_fers_w as total37_1_, account0_.total_non_deposit as total38_1_, account0_.total_redeposit as total39_1_, account0_.total_var_redeposit as total40_1_, account0_.account_confirmation_validation_id as account47_1_, account0_.var_int_computation_date as var41_1_ from opm.account account0_ where account0_.claim_number=?
Hibernate: select appointmen0_.id as id1_13_, appointmen0_.deleted as deleted2_13_, appointmen0_.name as name3_13_, appointmen0_.display_order as display4_13_, appointmen0_.type_category as type5_13_, appointmen0_.description as descript6_13_ from opm.appointment_type appointmen0_ where appointmen0_.name=?
Hibernate: select periodtype0_.id as id1_61_, periodtype0_.deleted as deleted2_61_, periodtype0_.name as name3_61_, periodtype0_.display_order as display4_61_, periodtype0_.description as descript5_61_ from opm.period_type periodtype0_ where periodtype0_.name=?
Hibernate: select paytype0_.id as id1_50_, paytype0_.deleted as deleted2_50_, paytype0_.name as name3_50_, paytype0_.display_order as display4_50_, paytype0_.description as descript5_50_ from opm.pay_type paytype0_ where paytype0_.name=?
Hibernate: select fersredepo0_.account_id as account1_1_1_, fersredepo0_.calculation_version_id as calculat2_34_1_, calculatio1_.id as id1_24_0_, calculatio1_.deleted as deleted2_24_0_, calculatio1_.calculation_date as calculat3_24_0_, calculatio1_.calculation_result_id as calculat7_24_0_, calculatio1_.line_number as line4_24_0_, calculatio1_.name as name5_24_0_, calculatio1_.version as version6_24_0_ from opm.fers_redeposit fersredepo0_ inner join opm.calculation_version calculatio1_ on fersredepo0_.calculation_version_id=calculatio1_.id where fersredepo0_.account_id=?
Hibernate: insert into opm.calculation_version (deleted, calculation_date, calculation_result_id, line_number, name, version) values (?, ?, ?, ?, ?, ?)
Hibernate: insert into opm.calculation (deleted, agency_code_id, amount, annualized_amount, appointment_type_id, begin_date, date_entered, end_date, entered_by, hours_in_year, pay_type_id, period_type_id, retirement_type_id, service_type_id, calculation_version_id) values (?, ?, ?, ?, ?, ?, ?, ?, ?, ?, ?, ?, ?, ?, ?)
Hibernate: insert into opm.fers_redeposit (account_id, calculation_version_id) values (?, ?)
Hibernate: update opm.calculation set calculation_version_id=? where id=?
Currently processed entity: CalculationVersion (ServicePeriods), records count: 2
Progress (processed records/total records): 64/90
Hibernate: select account0_.id as id1_1_, account0_.deleted as deleted2_1_, account0_.acc_int_dep as acc3_1_, account0_.acc_int_fers as acc4_1_, account0_.acc_int_non_dep as acc5_1_, account0_.acc_int_rdep as acc6_1_, account0_.acc_int_var_rdep as acc7_1_, account0_.additional_service as addition8_1_, account0_.balance as balance9_1_, account0_.billing_summary_id as billing42_1_, account0_.claim_number as claim10_1_, account0_.claim_officer as claim11_1_, account0_.claim_officer_assignment_date as claim12_1_, account0_.claimant_birthdate as claiman13_1_, account0_.code_20_date as code14_1_, account0_.computation_date as computa15_1_, account0_.dbts_account as dbts16_1_, account0_.flag_postredeposit as flag17_1_, account0_.flag_preredeposit as flag18_1_, account0_.form_type_id as form43_1_, account0_.frozen as frozen19_1_, account0_.grace as grace20_1_, account0_.account_holder_id as account44_1_, account0_.last_action as last21_1_, account0_.last_pay as last22_1_, account0_.new_claim_number as new23_1_, account0_.no_interest as no24_1_, account0_.pay_code_id as pay45_1_, account0_.payment_order as payment25_1_, account0_.plan_type as plan26_1_, account0_.prior_claim_number as prior27_1_, account0_.returned_from_record_date as returne28_1_, account0_.account_status_id as account46_1_, account0_.stop_ach_payment as stop29_1_, account0_.time_period as time30_1_, account0_.tot_pay_d as tot31_1_, account0_.tot_pay_fers as tot32_1_, account0_.tot_pay_n as tot33_1_, account0_.tot_pay_r as tot34_1_, account0_.tot_pay_vr as tot35_1_, account0_.total_deposit as total36_1_, account0_.total_fers_w as total37_1_, account0_.total_non_deposit as total38_1_, account0_.total_redeposit as total39_1_, account0_.total_var_redeposit as total40_1_, account0_.account_confirmation_validation_id as account47_1_, account0_.var_int_computation_date as var41_1_ from opm.account account0_ where account0_.claim_number=?
Hibernate: select periodtype0_.id as id1_61_, periodtype0_.deleted as deleted2_61_, periodtype0_.name as name3_61_, periodtype0_.display_order as display4_61_, periodtype0_.description as descript5_61_ from opm.period_type periodtype0_ where periodtype0_.name=?
Hibernate: insert into opm.calculation_result (deleted, apply_to_real_payment, calculation_status_id, interest_accrual_date, official, payment_order, summary_data_id) values (?, ?, ?, ?, ?, ?, ?)
Hibernate: insert into opm.calculation_result_item (deleted, balance, deduction_amount, effective_date, end_date, mid_date, payment_applied, period_type_id, start_date, total_interest, calculation_result_id) values (?, ?, ?, ?, ?, ?, ?, ?, ?, ?, ?)
Hibernate: insert into opm.calculation_version (deleted, calculation_date, calculation_result_id, line_number, name, version) values (?, ?, ?, ?, ?, ?)
Hibernate: insert into opm.calculation (deleted, agency_code_id, amount, annualized_amount, appointment_type_id, begin_date, date_entered, end_date, entered_by, hours_in_year, pay_type_id, period_type_id, retirement_type_id, service_type_id, calculation_version_id) values (?, ?, ?, ?, ?, ?, ?, ?, ?, ?, ?, ?, ?, ?, ?)
Hibernate: delete from opm.fers_deposit where account_id=?
Hibernate: insert into opm.fers_deposit (account_id, calculation_version_id) values (?, ?)
Hibernate: insert into opm.fers_deposit (account_id, calculation_version_id) values (?, ?)
Hibernate: update opm.calculation_result_item set calculation_result_id=? where id=?
Hibernate: update opm.calculation set calculation_version_id=? where id=?
Hibernate: select account0_.id as id1_1_, account0_.deleted as deleted2_1_, account0_.acc_int_dep as acc3_1_, account0_.acc_int_fers as acc4_1_, account0_.acc_int_non_dep as acc5_1_, account0_.acc_int_rdep as acc6_1_, account0_.acc_int_var_rdep as acc7_1_, account0_.additional_service as addition8_1_, account0_.balance as balance9_1_, account0_.billing_summary_id as billing42_1_, account0_.claim_number as claim10_1_, account0_.claim_officer as claim11_1_, account0_.claim_officer_assignment_date as claim12_1_, account0_.claimant_birthdate as claiman13_1_, account0_.code_20_date as code14_1_, account0_.computation_date as computa15_1_, account0_.dbts_account as dbts16_1_, account0_.flag_postredeposit as flag17_1_, account0_.flag_preredeposit as flag18_1_, account0_.form_type_id as form43_1_, account0_.frozen as frozen19_1_, account0_.grace as grace20_1_, account0_.account_holder_id as account44_1_, account0_.last_action as last21_1_, account0_.last_pay as last22_1_, account0_.new_claim_number as new23_1_, account0_.no_interest as no24_1_, account0_.pay_code_id as pay45_1_, account0_.payment_order as payment25_1_, account0_.plan_type as plan26_1_, account0_.prior_claim_number as prior27_1_, account0_.returned_from_record_date as returne28_1_, account0_.account_status_id as account46_1_, account0_.stop_ach_payment as stop29_1_, account0_.time_period as time30_1_, account0_.tot_pay_d as tot31_1_, account0_.tot_pay_fers as tot32_1_, account0_.tot_pay_n as tot33_1_, account0_.tot_pay_r as tot34_1_, account0_.tot_pay_vr as tot35_1_, account0_.total_deposit as total36_1_, account0_.total_fers_w as total37_1_, account0_.total_non_deposit as total38_1_, account0_.total_redeposit as total39_1_, account0_.total_var_redeposit as total40_1_, account0_.account_confirmation_validation_id as account47_1_, account0_.var_int_computation_date as var41_1_ from opm.account account0_ where account0_.claim_number=?
Hibernate: select periodtype0_.id as id1_61_, periodtype0_.deleted as deleted2_61_, periodtype0_.name as name3_61_, periodtype0_.display_order as display4_61_, periodtype0_.description as descript5_61_ from opm.period_type periodtype0_ where periodtype0_.name=?
Hibernate: insert into opm.calculation_result (deleted, apply_to_real_payment, calculation_status_id, interest_accrual_date, official, payment_order, summary_data_id) values (?, ?, ?, ?, ?, ?, ?)
Hibernate: insert into opm.calculation_result_item (deleted, balance, deduction_amount, effective_date, end_date, mid_date, payment_applied, period_type_id, start_date, total_interest, calculation_result_id) values (?, ?, ?, ?, ?, ?, ?, ?, ?, ?, ?)
Hibernate: insert into opm.calculation_version (deleted, calculation_date, calculation_result_id, line_number, name, version) values (?, ?, ?, ?, ?, ?)
Hibernate: insert into opm.calculation (deleted, agency_code_id, amount, annualized_amount, appointment_type_id, begin_date, date_entered, end_date, entered_by, hours_in_year, pay_type_id, period_type_id, retirement_type_id, service_type_id, calculation_version_id) values (?, ?, ?, ?, ?, ?, ?, ?, ?, ?, ?, ?, ?, ?, ?)
Hibernate: delete from opm.fers_redeposit where account_id=?
Hibernate: insert into opm.fers_redeposit (account_id, calculation_version_id) values (?, ?)
Hibernate: insert into opm.fers_redeposit (account_id, calculation_version_id) values (?, ?)
Hibernate: update opm.calculation_result_item set calculation_result_id=? where id=?
Hibernate: update opm.calculation set calculation_version_id=? where id=?
Currently processed entity: CalculationVersion (CalculatedServicePeriods), records count: 2
Progress (processed records/total records): 66/90
Hibernate: select account0_.id as id1_1_, account0_.deleted as deleted2_1_, account0_.acc_int_dep as acc3_1_, account0_.acc_int_fers as acc4_1_, account0_.acc_int_non_dep as acc5_1_, account0_.acc_int_rdep as acc6_1_, account0_.acc_int_var_rdep as acc7_1_, account0_.additional_service as addition8_1_, account0_.balance as balance9_1_, account0_.billing_summary_id as billing42_1_, account0_.claim_number as claim10_1_, account0_.claim_officer as claim11_1_, account0_.claim_officer_assignment_date as claim12_1_, account0_.claimant_birthdate as claiman13_1_, account0_.code_20_date as code14_1_, account0_.computation_date as computa15_1_, account0_.dbts_account as dbts16_1_, account0_.flag_postredeposit as flag17_1_, account0_.flag_preredeposit as flag18_1_, account0_.form_type_id as form43_1_, account0_.frozen as frozen19_1_, account0_.grace as grace20_1_, account0_.account_holder_id as account44_1_, account0_.last_action as last21_1_, account0_.last_pay as last22_1_, account0_.new_claim_number as new23_1_, account0_.no_interest as no24_1_, account0_.pay_code_id as pay45_1_, account0_.payment_order as payment25_1_, account0_.plan_type as plan26_1_, account0_.prior_claim_number as prior27_1_, account0_.returned_from_record_date as returne28_1_, account0_.account_status_id as account46_1_, account0_.stop_ach_payment as stop29_1_, account0_.time_period as time30_1_, account0_.tot_pay_d as tot31_1_, account0_.tot_pay_fers as tot32_1_, account0_.tot_pay_n as tot33_1_, account0_.tot_pay_r as tot34_1_, account0_.tot_pay_vr as tot35_1_, account0_.total_deposit as total36_1_, account0_.total_fers_w as total37_1_, account0_.total_non_deposit as total38_1_, account0_.total_redeposit as total39_1_, account0_.total_var_redeposit as total40_1_, account0_.account_confirmation_validation_id as account47_1_, account0_.var_int_computation_date as var41_1_ from opm.account account0_ where account0_.claim_number=?
Hibernate: insert into opm.account_note (deleted, account_id, date, priority, text, writer) values (?, ?, ?, ?, ?, ?)
Hibernate: select accountnot0_.id as id1_5_0_, accountnot0_.deleted as deleted2_5_0_, accountnot0_.account_id as account3_5_0_, accountnot0_.date as date4_5_0_, accountnot0_.priority as priority5_5_0_, accountnot0_.text as text6_5_0_, accountnot0_.writer as writer7_5_0_ from opm.account_note accountnot0_ where accountnot0_.id=?
Hibernate: select account0_.id as id1_1_, account0_.deleted as deleted2_1_, account0_.acc_int_dep as acc3_1_, account0_.acc_int_fers as acc4_1_, account0_.acc_int_non_dep as acc5_1_, account0_.acc_int_rdep as acc6_1_, account0_.acc_int_var_rdep as acc7_1_, account0_.additional_service as addition8_1_, account0_.balance as balance9_1_, account0_.billing_summary_id as billing42_1_, account0_.claim_number as claim10_1_, account0_.claim_officer as claim11_1_, account0_.claim_officer_assignment_date as claim12_1_, account0_.claimant_birthdate as claiman13_1_, account0_.code_20_date as code14_1_, account0_.computation_date as computa15_1_, account0_.dbts_account as dbts16_1_, account0_.flag_postredeposit as flag17_1_, account0_.flag_preredeposit as flag18_1_, account0_.form_type_id as form43_1_, account0_.frozen as frozen19_1_, account0_.grace as grace20_1_, account0_.account_holder_id as account44_1_, account0_.last_action as last21_1_, account0_.last_pay as last22_1_, account0_.new_claim_number as new23_1_, account0_.no_interest as no24_1_, account0_.pay_code_id as pay45_1_, account0_.payment_order as payment25_1_, account0_.plan_type as plan26_1_, account0_.prior_claim_number as prior27_1_, account0_.returned_from_record_date as returne28_1_, account0_.account_status_id as account46_1_, account0_.stop_ach_payment as stop29_1_, account0_.time_period as time30_1_, account0_.tot_pay_d as tot31_1_, account0_.tot_pay_fers as tot32_1_, account0_.tot_pay_n as tot33_1_, account0_.tot_pay_r as tot34_1_, account0_.tot_pay_vr as tot35_1_, account0_.total_deposit as total36_1_, account0_.total_fers_w as total37_1_, account0_.total_non_deposit as total38_1_, account0_.total_redeposit as total39_1_, account0_.total_var_redeposit as total40_1_, account0_.account_confirmation_validation_id as account47_1_, account0_.var_int_computation_date as var41_1_ from opm.account account0_ where account0_.claim_number=?
Hibernate: insert into opm.account_note (deleted, account_id, date, priority, text, writer) values (?, ?, ?, ?, ?, ?)
Hibernate: select accountnot0_.id as id1_5_0_, accountnot0_.deleted as deleted2_5_0_, accountnot0_.account_id as account3_5_0_, accountnot0_.date as date4_5_0_, accountnot0_.priority as priority5_5_0_, accountnot0_.text as text6_5_0_, accountnot0_.writer as writer7_5_0_ from opm.account_note accountnot0_ where accountnot0_.id=?
Currently processed entity: AccountNote, records count: 2
Progress (processed records/total records): 68/90
Hibernate: select account0_.id as id1_1_, account0_.deleted as deleted2_1_, account0_.acc_int_dep as acc3_1_, account0_.acc_int_fers as acc4_1_, account0_.acc_int_non_dep as acc5_1_, account0_.acc_int_rdep as acc6_1_, account0_.acc_int_var_rdep as acc7_1_, account0_.additional_service as addition8_1_, account0_.balance as balance9_1_, account0_.billing_summary_id as billing42_1_, account0_.claim_number as claim10_1_, account0_.claim_officer as claim11_1_, account0_.claim_officer_assignment_date as claim12_1_, account0_.claimant_birthdate as claiman13_1_, account0_.code_20_date as code14_1_, account0_.computation_date as computa15_1_, account0_.dbts_account as dbts16_1_, account0_.flag_postredeposit as flag17_1_, account0_.flag_preredeposit as flag18_1_, account0_.form_type_id as form43_1_, account0_.frozen as frozen19_1_, account0_.grace as grace20_1_, account0_.account_holder_id as account44_1_, account0_.last_action as last21_1_, account0_.last_pay as last22_1_, account0_.new_claim_number as new23_1_, account0_.no_interest as no24_1_, account0_.pay_code_id as pay45_1_, account0_.payment_order as payment25_1_, account0_.plan_type as plan26_1_, account0_.prior_claim_number as prior27_1_, account0_.returned_from_record_date as returne28_1_, account0_.account_status_id as account46_1_, account0_.stop_ach_payment as stop29_1_, account0_.time_period as time30_1_, account0_.tot_pay_d as tot31_1_, account0_.tot_pay_fers as tot32_1_, account0_.tot_pay_n as tot33_1_, account0_.tot_pay_r as tot34_1_, account0_.tot_pay_vr as tot35_1_, account0_.total_deposit as total36_1_, account0_.total_fers_w as total37_1_, account0_.total_non_deposit as total38_1_, account0_.total_redeposit as total39_1_, account0_.total_var_redeposit as total40_1_, account0_.account_confirmation_validation_id as account47_1_, account0_.var_int_computation_date as var41_1_ from opm.account account0_ where account0_.claim_number=?
Hibernate: insert into opm.user_account_assignment (deleted, account_id, assignment_date, user_id) values (?, ?, ?, ?)
Hibernate: select useraccoun0_.id as id1_77_0_, useraccoun0_.deleted as deleted2_77_0_, useraccoun0_.account_id as account4_77_0_, useraccoun0_.assignment_date as assignme3_77_0_, useraccoun0_.user_id as user5_77_0_ from opm.user_account_assignment useraccoun0_ where useraccoun0_.id=?
Hibernate: select account0_.id as id1_1_, account0_.deleted as deleted2_1_, account0_.acc_int_dep as acc3_1_, account0_.acc_int_fers as acc4_1_, account0_.acc_int_non_dep as acc5_1_, account0_.acc_int_rdep as acc6_1_, account0_.acc_int_var_rdep as acc7_1_, account0_.additional_service as addition8_1_, account0_.balance as balance9_1_, account0_.billing_summary_id as billing42_1_, account0_.claim_number as claim10_1_, account0_.claim_officer as claim11_1_, account0_.claim_officer_assignment_date as claim12_1_, account0_.claimant_birthdate as claiman13_1_, account0_.code_20_date as code14_1_, account0_.computation_date as computa15_1_, account0_.dbts_account as dbts16_1_, account0_.flag_postredeposit as flag17_1_, account0_.flag_preredeposit as flag18_1_, account0_.form_type_id as form43_1_, account0_.frozen as frozen19_1_, account0_.grace as grace20_1_, account0_.account_holder_id as account44_1_, account0_.last_action as last21_1_, account0_.last_pay as last22_1_, account0_.new_claim_number as new23_1_, account0_.no_interest as no24_1_, account0_.pay_code_id as pay45_1_, account0_.payment_order as payment25_1_, account0_.plan_type as plan26_1_, account0_.prior_claim_number as prior27_1_, account0_.returned_from_record_date as returne28_1_, account0_.account_status_id as account46_1_, account0_.stop_ach_payment as stop29_1_, account0_.time_period as time30_1_, account0_.tot_pay_d as tot31_1_, account0_.tot_pay_fers as tot32_1_, account0_.tot_pay_n as tot33_1_, account0_.tot_pay_r as tot34_1_, account0_.tot_pay_vr as tot35_1_, account0_.total_deposit as total36_1_, account0_.total_fers_w as total37_1_, account0_.total_non_deposit as total38_1_, account0_.total_redeposit as total39_1_, account0_.total_var_redeposit as total40_1_, account0_.account_confirmation_validation_id as account47_1_, account0_.var_int_computation_date as var41_1_ from opm.account account0_ where account0_.claim_number=?
Hibernate: insert into opm.user_account_assignment (deleted, account_id, assignment_date, user_id) values (?, ?, ?, ?)
Hibernate: select useraccoun0_.id as id1_77_0_, useraccoun0_.deleted as deleted2_77_0_, useraccoun0_.account_id as account4_77_0_, useraccoun0_.assignment_date as assignme3_77_0_, useraccoun0_.user_id as user5_77_0_ from opm.user_account_assignment useraccoun0_ where useraccoun0_.id=?
Currently processed entity: UserAccountAssignment, records count: 2
Progress (processed records/total records): 70/90
Hibernate: insert into opm.payments_applied_order_code (deleted, display_order, payment_account) values (?, ?, ?)
Hibernate: select paymentsap0_.id as id1_60_0_, paymentsap0_.deleted as deleted2_60_0_, paymentsap0_.display_order as display3_60_0_, paymentsap0_.payment_account as payment4_60_0_ from opm.payments_applied_order_code paymentsap0_ where paymentsap0_.id=?
Hibernate: insert into opm.payment (deleted, account_balance, account_holder_birthdate, account_id, account_status_id, ach, amount, apply_designation_id, apply_to_gl, approval_reason, approval_status, approval_user, batch_number, block_number, claim_number, claimant, claimant_birthday, deposit_date, disapprove, gov_refund, history_payment, import_id, master_account_balance, master_account_id, master_account_status_id, master_claim_number, master_claimant_birthday, note, order_code_id, payment_status_id, payment_type, post_deposit_amount, post_flag, post_redeposit_amount, pre_deposit_amount, pre_redeposit_amount, resolve_suspense, sequence, sequence_number, ssn, pay_trans_status_code_id, status_date, transaction_date, transaction_key, user_inserted) values (?, ?, ?, ?, ?, ?, ?, ?, ?, ?, ?, ?, ?, ?, ?, ?, ?, ?, ?, ?, ?, ?, ?, ?, ?, ?, ?, ?, ?, ?, ?, ?, ?, ?, ?, ?, ?, ?, ?, ?, ?, ?, ?, ?, ?)
Hibernate: select payment0_.id as id1_51_0_, payment0_.deleted as deleted2_51_0_, payment0_.account_balance as account3_51_0_, payment0_.account_holder_birthdate as account4_51_0_, payment0_.account_id as account5_51_0_, payment0_.account_status_id as account41_51_0_, payment0_.ach as ach6_51_0_, payment0_.amount as amount7_51_0_, payment0_.apply_designation_id as apply42_51_0_, payment0_.apply_to_gl as apply8_51_0_, payment0_.approval_reason as approval9_51_0_, payment0_.approval_status as approva10_51_0_, payment0_.approval_user as approva11_51_0_, payment0_.batch_number as batch12_51_0_, payment0_.block_number as block13_51_0_, payment0_.claim_number as claim14_51_0_, payment0_.claimant as claiman15_51_0_, payment0_.claimant_birthday as claiman16_51_0_, payment0_.deposit_date as deposit17_51_0_, payment0_.disapprove as disappr18_51_0_, payment0_.gov_refund as gov19_51_0_, payment0_.history_payment as history20_51_0_, payment0_.import_id as import21_51_0_, payment0_.master_account_balance as master22_51_0_, payment0_.master_account_id as master23_51_0_, payment0_.master_account_status_id as master43_51_0_, payment0_.master_claim_number as master24_51_0_, payment0_.master_claimant_birthday as master25_51_0_, payment0_.note as note26_51_0_, payment0_.order_code_id as order44_51_0_, payment0_.payment_status_id as payment45_51_0_, payment0_.payment_type as payment27_51_0_, payment0_.post_deposit_amount as post28_51_0_, payment0_.post_flag as post29_51_0_, payment0_.post_redeposit_amount as post30_51_0_, payment0_.pre_deposit_amount as pre31_51_0_, payment0_.pre_redeposit_amount as pre32_51_0_, payment0_.resolve_suspense as resolve33_51_0_, payment0_.sequence as sequenc34_51_0_, payment0_.sequence_number as sequenc35_51_0_, payment0_.ssn as ssn36_51_0_, payment0_.pay_trans_status_code_id as pay46_51_0_, payment0_.status_date as status37_51_0_, payment0_.transaction_date as transac38_51_0_, payment0_.transaction_key as transac39_51_0_, payment0_.user_inserted as user40_51_0_ from opm.payment payment0_ where payment0_.id=?
Hibernate: select account0_.id as id1_1_, account0_.deleted as deleted2_1_, account0_.acc_int_dep as acc3_1_, account0_.acc_int_fers as acc4_1_, account0_.acc_int_non_dep as acc5_1_, account0_.acc_int_rdep as acc6_1_, account0_.acc_int_var_rdep as acc7_1_, account0_.additional_service as addition8_1_, account0_.balance as balance9_1_, account0_.billing_summary_id as billing42_1_, account0_.claim_number as claim10_1_, account0_.claim_officer as claim11_1_, account0_.claim_officer_assignment_date as claim12_1_, account0_.claimant_birthdate as claiman13_1_, account0_.code_20_date as code14_1_, account0_.computation_date as computa15_1_, account0_.dbts_account as dbts16_1_, account0_.flag_postredeposit as flag17_1_, account0_.flag_preredeposit as flag18_1_, account0_.form_type_id as form43_1_, account0_.frozen as frozen19_1_, account0_.grace as grace20_1_, account0_.account_holder_id as account44_1_, account0_.last_action as last21_1_, account0_.last_pay as last22_1_, account0_.new_claim_number as new23_1_, account0_.no_interest as no24_1_, account0_.pay_code_id as pay45_1_, account0_.payment_order as payment25_1_, account0_.plan_type as plan26_1_, account0_.prior_claim_number as prior27_1_, account0_.returned_from_record_date as returne28_1_, account0_.account_status_id as account46_1_, account0_.stop_ach_payment as stop29_1_, account0_.time_period as time30_1_, account0_.tot_pay_d as tot31_1_, account0_.tot_pay_fers as tot32_1_, account0_.tot_pay_n as tot33_1_, account0_.tot_pay_r as tot34_1_, account0_.tot_pay_vr as tot35_1_, account0_.total_deposit as total36_1_, account0_.total_fers_w as total37_1_, account0_.total_non_deposit as total38_1_, account0_.total_redeposit as total39_1_, account0_.total_var_redeposit as total40_1_, account0_.account_confirmation_validation_id as account47_1_, account0_.var_int_computation_date as var41_1_ from opm.account account0_ where account0_.claim_number=?
Hibernate: select paymenthis0_.account_id as account5_1_1_, paymenthis0_.id as id1_51_1_, paymenthis0_.id as id1_51_0_, paymenthis0_.deleted as deleted2_51_0_, paymenthis0_.account_balance as account3_51_0_, paymenthis0_.account_holder_birthdate as account4_51_0_, paymenthis0_.account_id as account5_51_0_, paymenthis0_.account_status_id as account41_51_0_, paymenthis0_.ach as ach6_51_0_, paymenthis0_.amount as amount7_51_0_, paymenthis0_.apply_designation_id as apply42_51_0_, paymenthis0_.apply_to_gl as apply8_51_0_, paymenthis0_.approval_reason as approval9_51_0_, paymenthis0_.approval_status as approva10_51_0_, paymenthis0_.approval_user as approva11_51_0_, paymenthis0_.batch_number as batch12_51_0_, paymenthis0_.block_number as block13_51_0_, paymenthis0_.claim_number as claim14_51_0_, paymenthis0_.claimant as claiman15_51_0_, paymenthis0_.claimant_birthday as claiman16_51_0_, paymenthis0_.deposit_date as deposit17_51_0_, paymenthis0_.disapprove as disappr18_51_0_, paymenthis0_.gov_refund as gov19_51_0_, paymenthis0_.history_payment as history20_51_0_, paymenthis0_.import_id as import21_51_0_, paymenthis0_.master_account_balance as master22_51_0_, paymenthis0_.master_account_id as master23_51_0_, paymenthis0_.master_account_status_id as master43_51_0_, paymenthis0_.master_claim_number as master24_51_0_, paymenthis0_.master_claimant_birthday as master25_51_0_, paymenthis0_.note as note26_51_0_, paymenthis0_.order_code_id as order44_51_0_, paymenthis0_.payment_status_id as payment45_51_0_, paymenthis0_.payment_type as payment27_51_0_, paymenthis0_.post_deposit_amount as post28_51_0_, paymenthis0_.post_flag as post29_51_0_, paymenthis0_.post_redeposit_amount as post30_51_0_, paymenthis0_.pre_deposit_amount as pre31_51_0_, paymenthis0_.pre_redeposit_amount as pre32_51_0_, paymenthis0_.resolve_suspense as resolve33_51_0_, paymenthis0_.sequence as sequenc34_51_0_, paymenthis0_.sequence_number as sequenc35_51_0_, paymenthis0_.ssn as ssn36_51_0_, paymenthis0_.pay_trans_status_code_id as pay46_51_0_, paymenthis0_.status_date as status37_51_0_, paymenthis0_.transaction_date as transac38_51_0_, paymenthis0_.transaction_key as transac39_51_0_, paymenthis0_.user_inserted as user40_51_0_ from opm.payment paymenthis0_ where paymenthis0_.account_id=?
Hibernate: update opm.payment set account_id=? where id=?
Hibernate: insert into opm.payments_applied_order_code (deleted, display_order, payment_account) values (?, ?, ?)
Hibernate: select paymentsap0_.id as id1_60_0_, paymentsap0_.deleted as deleted2_60_0_, paymentsap0_.display_order as display3_60_0_, paymentsap0_.payment_account as payment4_60_0_ from opm.payments_applied_order_code paymentsap0_ where paymentsap0_.id=?
Hibernate: insert into opm.payment (deleted, account_balance, account_holder_birthdate, account_id, account_status_id, ach, amount, apply_designation_id, apply_to_gl, approval_reason, approval_status, approval_user, batch_number, block_number, claim_number, claimant, claimant_birthday, deposit_date, disapprove, gov_refund, history_payment, import_id, master_account_balance, master_account_id, master_account_status_id, master_claim_number, master_claimant_birthday, note, order_code_id, payment_status_id, payment_type, post_deposit_amount, post_flag, post_redeposit_amount, pre_deposit_amount, pre_redeposit_amount, resolve_suspense, sequence, sequence_number, ssn, pay_trans_status_code_id, status_date, transaction_date, transaction_key, user_inserted) values (?, ?, ?, ?, ?, ?, ?, ?, ?, ?, ?, ?, ?, ?, ?, ?, ?, ?, ?, ?, ?, ?, ?, ?, ?, ?, ?, ?, ?, ?, ?, ?, ?, ?, ?, ?, ?, ?, ?, ?, ?, ?, ?, ?, ?)
Hibernate: select payment0_.id as id1_51_0_, payment0_.deleted as deleted2_51_0_, payment0_.account_balance as account3_51_0_, payment0_.account_holder_birthdate as account4_51_0_, payment0_.account_id as account5_51_0_, payment0_.account_status_id as account41_51_0_, payment0_.ach as ach6_51_0_, payment0_.amount as amount7_51_0_, payment0_.apply_designation_id as apply42_51_0_, payment0_.apply_to_gl as apply8_51_0_, payment0_.approval_reason as approval9_51_0_, payment0_.approval_status as approva10_51_0_, payment0_.approval_user as approva11_51_0_, payment0_.batch_number as batch12_51_0_, payment0_.block_number as block13_51_0_, payment0_.claim_number as claim14_51_0_, payment0_.claimant as claiman15_51_0_, payment0_.claimant_birthday as claiman16_51_0_, payment0_.deposit_date as deposit17_51_0_, payment0_.disapprove as disappr18_51_0_, payment0_.gov_refund as gov19_51_0_, payment0_.history_payment as history20_51_0_, payment0_.import_id as import21_51_0_, payment0_.master_account_balance as master22_51_0_, payment0_.master_account_id as master23_51_0_, payment0_.master_account_status_id as master43_51_0_, payment0_.master_claim_number as master24_51_0_, payment0_.master_claimant_birthday as master25_51_0_, payment0_.note as note26_51_0_, payment0_.order_code_id as order44_51_0_, payment0_.payment_status_id as payment45_51_0_, payment0_.payment_type as payment27_51_0_, payment0_.post_deposit_amount as post28_51_0_, payment0_.post_flag as post29_51_0_, payment0_.post_redeposit_amount as post30_51_0_, payment0_.pre_deposit_amount as pre31_51_0_, payment0_.pre_redeposit_amount as pre32_51_0_, payment0_.resolve_suspense as resolve33_51_0_, payment0_.sequence as sequenc34_51_0_, payment0_.sequence_number as sequenc35_51_0_, payment0_.ssn as ssn36_51_0_, payment0_.pay_trans_status_code_id as pay46_51_0_, payment0_.status_date as status37_51_0_, payment0_.transaction_date as transac38_51_0_, payment0_.transaction_key as transac39_51_0_, payment0_.user_inserted as user40_51_0_ from opm.payment payment0_ where payment0_.id=?
Hibernate: select account0_.id as id1_1_, account0_.deleted as deleted2_1_, account0_.acc_int_dep as acc3_1_, account0_.acc_int_fers as acc4_1_, account0_.acc_int_non_dep as acc5_1_, account0_.acc_int_rdep as acc6_1_, account0_.acc_int_var_rdep as acc7_1_, account0_.additional_service as addition8_1_, account0_.balance as balance9_1_, account0_.billing_summary_id as billing42_1_, account0_.claim_number as claim10_1_, account0_.claim_officer as claim11_1_, account0_.claim_officer_assignment_date as claim12_1_, account0_.claimant_birthdate as claiman13_1_, account0_.code_20_date as code14_1_, account0_.computation_date as computa15_1_, account0_.dbts_account as dbts16_1_, account0_.flag_postredeposit as flag17_1_, account0_.flag_preredeposit as flag18_1_, account0_.form_type_id as form43_1_, account0_.frozen as frozen19_1_, account0_.grace as grace20_1_, account0_.account_holder_id as account44_1_, account0_.last_action as last21_1_, account0_.last_pay as last22_1_, account0_.new_claim_number as new23_1_, account0_.no_interest as no24_1_, account0_.pay_code_id as pay45_1_, account0_.payment_order as payment25_1_, account0_.plan_type as plan26_1_, account0_.prior_claim_number as prior27_1_, account0_.returned_from_record_date as returne28_1_, account0_.account_status_id as account46_1_, account0_.stop_ach_payment as stop29_1_, account0_.time_period as time30_1_, account0_.tot_pay_d as tot31_1_, account0_.tot_pay_fers as tot32_1_, account0_.tot_pay_n as tot33_1_, account0_.tot_pay_r as tot34_1_, account0_.tot_pay_vr as tot35_1_, account0_.total_deposit as total36_1_, account0_.total_fers_w as total37_1_, account0_.total_non_deposit as total38_1_, account0_.total_redeposit as total39_1_, account0_.total_var_redeposit as total40_1_, account0_.account_confirmation_validation_id as account47_1_, account0_.var_int_computation_date as var41_1_ from opm.account account0_ where account0_.claim_number=?
Hibernate: select paymenthis0_.account_id as account5_1_1_, paymenthis0_.id as id1_51_1_, paymenthis0_.id as id1_51_0_, paymenthis0_.deleted as deleted2_51_0_, paymenthis0_.account_balance as account3_51_0_, paymenthis0_.account_holder_birthdate as account4_51_0_, paymenthis0_.account_id as account5_51_0_, paymenthis0_.account_status_id as account41_51_0_, paymenthis0_.ach as ach6_51_0_, paymenthis0_.amount as amount7_51_0_, paymenthis0_.apply_designation_id as apply42_51_0_, paymenthis0_.apply_to_gl as apply8_51_0_, paymenthis0_.approval_reason as approval9_51_0_, paymenthis0_.approval_status as approva10_51_0_, paymenthis0_.approval_user as approva11_51_0_, paymenthis0_.batch_number as batch12_51_0_, paymenthis0_.block_number as block13_51_0_, paymenthis0_.claim_number as claim14_51_0_, paymenthis0_.claimant as claiman15_51_0_, paymenthis0_.claimant_birthday as claiman16_51_0_, paymenthis0_.deposit_date as deposit17_51_0_, paymenthis0_.disapprove as disappr18_51_0_, paymenthis0_.gov_refund as gov19_51_0_, paymenthis0_.history_payment as history20_51_0_, paymenthis0_.import_id as import21_51_0_, paymenthis0_.master_account_balance as master22_51_0_, paymenthis0_.master_account_id as master23_51_0_, paymenthis0_.master_account_status_id as master43_51_0_, paymenthis0_.master_claim_number as master24_51_0_, paymenthis0_.master_claimant_birthday as master25_51_0_, paymenthis0_.note as note26_51_0_, paymenthis0_.order_code_id as order44_51_0_, paymenthis0_.payment_status_id as payment45_51_0_, paymenthis0_.payment_type as payment27_51_0_, paymenthis0_.post_deposit_amount as post28_51_0_, paymenthis0_.post_flag as post29_51_0_, paymenthis0_.post_redeposit_amount as post30_51_0_, paymenthis0_.pre_deposit_amount as pre31_51_0_, paymenthis0_.pre_redeposit_amount as pre32_51_0_, paymenthis0_.resolve_suspense as resolve33_51_0_, paymenthis0_.sequence as sequenc34_51_0_, paymenthis0_.sequence_number as sequenc35_51_0_, paymenthis0_.ssn as ssn36_51_0_, paymenthis0_.pay_trans_status_code_id as pay46_51_0_, paymenthis0_.status_date as status37_51_0_, paymenthis0_.transaction_date as transac38_51_0_, paymenthis0_.transaction_key as transac39_51_0_, paymenthis0_.user_inserted as user40_51_0_ from opm.payment paymenthis0_ where paymenthis0_.account_id=?
Hibernate: update opm.payment set account_id=? where id=?
Currently processed entity: Payment, records count: 2
Progress (processed records/total records): 72/90
Hibernate: insert into opm.payment_transaction_note (deleted, note, pay_transaction_key) values (?, ?, ?)
Hibernate: select paymenttra0_.id as id1_59_0_, paymenttra0_.deleted as deleted2_59_0_, paymenttra0_.note as note3_59_0_, paymenttra0_.pay_transaction_key as pay4_59_0_ from opm.payment_transaction_note paymenttra0_ where paymenttra0_.id=?
Hibernate: insert into opm.payment_transaction_note (deleted, note, pay_transaction_key) values (?, ?, ?)
Hibernate: select paymenttra0_.id as id1_59_0_, paymenttra0_.deleted as deleted2_59_0_, paymenttra0_.note as note3_59_0_, paymenttra0_.pay_transaction_key as pay4_59_0_ from opm.payment_transaction_note paymenttra0_ where paymenttra0_.id=?
Currently processed entity: ResultSet, records count: 2
Progress (processed records/total records): 74/90
Hibernate: insert into opm.refund_transaction (deleted, amount, claim_number, refund_date, refund_username, transaction_key, transfer_type_id) values (?, ?, ?, ?, ?, ?, ?)
Hibernate: select refundtran0_.id as id1_64_0_, refundtran0_.deleted as deleted2_64_0_, refundtran0_.amount as amount3_64_0_, refundtran0_.claim_number as claim4_64_0_, refundtran0_.refund_date as refund5_64_0_, refundtran0_.refund_username as refund6_64_0_, refundtran0_.transaction_key as transact7_64_0_, refundtran0_.transfer_type_id as transfer8_64_0_ from opm.refund_transaction refundtran0_ where refundtran0_.id=?
Hibernate: insert into opm.refund_transaction (deleted, amount, claim_number, refund_date, refund_username, transaction_key, transfer_type_id) values (?, ?, ?, ?, ?, ?, ?)
Hibernate: select refundtran0_.id as id1_64_0_, refundtran0_.deleted as deleted2_64_0_, refundtran0_.amount as amount3_64_0_, refundtran0_.claim_number as claim4_64_0_, refundtran0_.refund_date as refund5_64_0_, refundtran0_.refund_username as refund6_64_0_, refundtran0_.transaction_key as transact7_64_0_, refundtran0_.transfer_type_id as transfer8_64_0_ from opm.refund_transaction refundtran0_ where refundtran0_.id=?
Currently processed entity: RefundTransaction, records count: 2
Progress (processed records/total records): 76/90
Hibernate: insert into opm.payment_refund_link (deleted, payment_needing_refund, refund_for_payment) values (?, ?, ?)
Hibernate: select paymentref0_.id as id1_55_0_, paymentref0_.deleted as deleted2_55_0_, paymentref0_.payment_needing_refund as payment3_55_0_, paymentref0_.refund_for_payment as refund4_55_0_ from opm.payment_refund_link paymentref0_ where paymentref0_.id=?
Hibernate: insert into opm.payment_refund_link (deleted, payment_needing_refund, refund_for_payment) values (?, ?, ?)
Hibernate: select paymentref0_.id as id1_55_0_, paymentref0_.deleted as deleted2_55_0_, paymentref0_.payment_needing_refund as payment3_55_0_, paymentref0_.refund_for_payment as refund4_55_0_ from opm.payment_refund_link paymentref0_ where paymentref0_.id=?
Currently processed entity: PaymentRefundLink, records count: 2
Progress (processed records/total records): 78/90
Hibernate: insert into opm.invoice (deleted, acc_int_dep, acc_int_fers, acc_int_non_dep, acc_int_rdep, acc_int_var_rdep, calc_date, deposit, fers_w, last_invoice_id, last_pay, non_ded, pay_transaction_key, redeposit, tot_pay_d, tot_pay_fers, tot_pay_n, tot_pay_r, tot_pay_vr, tot_var_redeposit) values (?, ?, ?, ?, ?, ?, ?, ?, ?, ?, ?, ?, ?, ?, ?, ?, ?, ?, ?, ?)
Hibernate: select invoice0_.id as id1_44_0_, invoice0_.deleted as deleted2_44_0_, invoice0_.acc_int_dep as acc3_44_0_, invoice0_.acc_int_fers as acc4_44_0_, invoice0_.acc_int_non_dep as acc5_44_0_, invoice0_.acc_int_rdep as acc6_44_0_, invoice0_.acc_int_var_rdep as acc7_44_0_, invoice0_.calc_date as calc8_44_0_, invoice0_.deposit as deposit9_44_0_, invoice0_.fers_w as fers10_44_0_, invoice0_.last_invoice_id as last11_44_0_, invoice0_.last_pay as last12_44_0_, invoice0_.non_ded as non13_44_0_, invoice0_.pay_transaction_key as pay14_44_0_, invoice0_.redeposit as redepos15_44_0_, invoice0_.tot_pay_d as tot16_44_0_, invoice0_.tot_pay_fers as tot17_44_0_, invoice0_.tot_pay_n as tot18_44_0_, invoice0_.tot_pay_r as tot19_44_0_, invoice0_.tot_pay_vr as tot20_44_0_, invoice0_.tot_var_redeposit as tot21_44_0_ from opm.invoice invoice0_ where invoice0_.id=?
Hibernate: insert into opm.invoice (deleted, acc_int_dep, acc_int_fers, acc_int_non_dep, acc_int_rdep, acc_int_var_rdep, calc_date, deposit, fers_w, last_invoice_id, last_pay, non_ded, pay_transaction_key, redeposit, tot_pay_d, tot_pay_fers, tot_pay_n, tot_pay_r, tot_pay_vr, tot_var_redeposit) values (?, ?, ?, ?, ?, ?, ?, ?, ?, ?, ?, ?, ?, ?, ?, ?, ?, ?, ?, ?)
Hibernate: select invoice0_.id as id1_44_0_, invoice0_.deleted as deleted2_44_0_, invoice0_.acc_int_dep as acc3_44_0_, invoice0_.acc_int_fers as acc4_44_0_, invoice0_.acc_int_non_dep as acc5_44_0_, invoice0_.acc_int_rdep as acc6_44_0_, invoice0_.acc_int_var_rdep as acc7_44_0_, invoice0_.calc_date as calc8_44_0_, invoice0_.deposit as deposit9_44_0_, invoice0_.fers_w as fers10_44_0_, invoice0_.last_invoice_id as last11_44_0_, invoice0_.last_pay as last12_44_0_, invoice0_.non_ded as non13_44_0_, invoice0_.pay_transaction_key as pay14_44_0_, invoice0_.redeposit as redepos15_44_0_, invoice0_.tot_pay_d as tot16_44_0_, invoice0_.tot_pay_fers as tot17_44_0_, invoice0_.tot_pay_n as tot18_44_0_, invoice0_.tot_pay_r as tot19_44_0_, invoice0_.tot_pay_vr as tot20_44_0_, invoice0_.tot_var_redeposit as tot21_44_0_ from opm.invoice invoice0_ where invoice0_.id=?
Currently processed entity: Invoice, records count: 2
Progress (processed records/total records): 80/90
Hibernate: insert into opm.payment_interest_detail (deleted, account_type, calculated_interest, computed_date, gui, last_pay_to_eoy_factor, last_payment_date, last_payment_was_this_year, num_whole_years, partial_to_this_factor, pay_transaction_key, post, this_interest_rate, transaction_date) values (?, ?, ?, ?, ?, ?, ?, ?, ?, ?, ?, ?, ?, ?)
Hibernate: select paymentint0_.id as id1_53_0_, paymentint0_.deleted as deleted2_53_0_, paymentint0_.account_type as account3_53_0_, paymentint0_.calculated_interest as calculat4_53_0_, paymentint0_.computed_date as computed5_53_0_, paymentint0_.gui as gui6_53_0_, paymentint0_.last_pay_to_eoy_factor as last7_53_0_, paymentint0_.last_payment_date as last8_53_0_, paymentint0_.last_payment_was_this_year as last9_53_0_, paymentint0_.num_whole_years as num10_53_0_, paymentint0_.partial_to_this_factor as partial11_53_0_, paymentint0_.pay_transaction_key as pay12_53_0_, paymentint0_.post as post13_53_0_, paymentint0_.this_interest_rate as this14_53_0_, paymentint0_.transaction_date as transac15_53_0_ from opm.payment_interest_detail paymentint0_ where paymentint0_.id=?
Hibernate: insert into opm.payment_interest_detail (deleted, account_type, calculated_interest, computed_date, gui, last_pay_to_eoy_factor, last_payment_date, last_payment_was_this_year, num_whole_years, partial_to_this_factor, pay_transaction_key, post, this_interest_rate, transaction_date) values (?, ?, ?, ?, ?, ?, ?, ?, ?, ?, ?, ?, ?, ?)
Hibernate: select paymentint0_.id as id1_53_0_, paymentint0_.deleted as deleted2_53_0_, paymentint0_.account_type as account3_53_0_, paymentint0_.calculated_interest as calculat4_53_0_, paymentint0_.computed_date as computed5_53_0_, paymentint0_.gui as gui6_53_0_, paymentint0_.last_pay_to_eoy_factor as last7_53_0_, paymentint0_.last_payment_date as last8_53_0_, paymentint0_.last_payment_was_this_year as last9_53_0_, paymentint0_.num_whole_years as num10_53_0_, paymentint0_.partial_to_this_factor as partial11_53_0_, paymentint0_.pay_transaction_key as pay12_53_0_, paymentint0_.post as post13_53_0_, paymentint0_.this_interest_rate as this14_53_0_, paymentint0_.transaction_date as transac15_53_0_ from opm.payment_interest_detail paymentint0_ where paymentint0_.id=?
Currently processed entity: PaymentInterestDetail, records count: 2
Progress (processed records/total records): 82/90
Hibernate: insert into opm.adjustment_transaction (deleted, acc_int_dep, acc_int_fers, acc_int_non_dep, acc_int_rdep, acc_int_var_rdep, approved_date, approved, claim_number, disapproved, manager_user_key, modification_date, modified, note, pay_transaction_key, processed_date, technician_user_key) values (?, ?, ?, ?, ?, ?, ?, ?, ?, ?, ?, ?, ?, ?, ?, ?, ?)
Hibernate: select adjustment0_.id as id1_8_0_, adjustment0_.deleted as deleted2_8_0_, adjustment0_.acc_int_dep as acc3_8_0_, adjustment0_.acc_int_fers as acc4_8_0_, adjustment0_.acc_int_non_dep as acc5_8_0_, adjustment0_.acc_int_rdep as acc6_8_0_, adjustment0_.acc_int_var_rdep as acc7_8_0_, adjustment0_.approved_date as approved8_8_0_, adjustment0_.approved as approved9_8_0_, adjustment0_.claim_number as claim10_8_0_, adjustment0_.disapproved as disappr11_8_0_, adjustment0_.manager_user_key as manager12_8_0_, adjustment0_.modification_date as modific13_8_0_, adjustment0_.modified as modifie14_8_0_, adjustment0_.note as note15_8_0_, adjustment0_.pay_transaction_key as pay16_8_0_, adjustment0_.processed_date as process17_8_0_, adjustment0_.technician_user_key as technic18_8_0_ from opm.adjustment_transaction adjustment0_ where adjustment0_.id=?
Hibernate: insert into opm.adjustment_transaction (deleted, acc_int_dep, acc_int_fers, acc_int_non_dep, acc_int_rdep, acc_int_var_rdep, approved_date, approved, claim_number, disapproved, manager_user_key, modification_date, modified, note, pay_transaction_key, processed_date, technician_user_key) values (?, ?, ?, ?, ?, ?, ?, ?, ?, ?, ?, ?, ?, ?, ?, ?, ?)
Hibernate: select adjustment0_.id as id1_8_0_, adjustment0_.deleted as deleted2_8_0_, adjustment0_.acc_int_dep as acc3_8_0_, adjustment0_.acc_int_fers as acc4_8_0_, adjustment0_.acc_int_non_dep as acc5_8_0_, adjustment0_.acc_int_rdep as acc6_8_0_, adjustment0_.acc_int_var_rdep as acc7_8_0_, adjustment0_.approved_date as approved8_8_0_, adjustment0_.approved as approved9_8_0_, adjustment0_.claim_number as claim10_8_0_, adjustment0_.disapproved as disappr11_8_0_, adjustment0_.manager_user_key as manager12_8_0_, adjustment0_.modification_date as modific13_8_0_, adjustment0_.modified as modifie14_8_0_, adjustment0_.note as note15_8_0_, adjustment0_.pay_transaction_key as pay16_8_0_, adjustment0_.processed_date as process17_8_0_, adjustment0_.technician_user_key as technic18_8_0_ from opm.adjustment_transaction adjustment0_ where adjustment0_.id=?
Currently processed entity: AdjustmentTransaction, records count: 2
Progress (processed records/total records): 84/90
Hibernate: insert into opm.payment_move_transaction (deleted, approved_date, approved, claim_number, disapproved, manager_user_key, modification_date, modified, note, pay_transaction_key, processed_date, technician_user_key, tot_pay_d, tot_pay_fers, tot_pay_n, tot_pay_r, tot_pay_vr) values (?, ?, ?, ?, ?, ?, ?, ?, ?, ?, ?, ?, ?, ?, ?, ?, ?)
Hibernate: select paymentmov0_.id as id1_54_0_, paymentmov0_.deleted as deleted2_54_0_, paymentmov0_.approved_date as approved3_54_0_, paymentmov0_.approved as approved4_54_0_, paymentmov0_.claim_number as claim5_54_0_, paymentmov0_.disapproved as disappro6_54_0_, paymentmov0_.manager_user_key as manager7_54_0_, paymentmov0_.modification_date as modifica8_54_0_, paymentmov0_.modified as modified9_54_0_, paymentmov0_.note as note10_54_0_, paymentmov0_.pay_transaction_key as pay11_54_0_, paymentmov0_.processed_date as process12_54_0_, paymentmov0_.technician_user_key as technic13_54_0_, paymentmov0_.tot_pay_d as tot14_54_0_, paymentmov0_.tot_pay_fers as tot15_54_0_, paymentmov0_.tot_pay_n as tot16_54_0_, paymentmov0_.tot_pay_r as tot17_54_0_, paymentmov0_.tot_pay_vr as tot18_54_0_ from opm.payment_move_transaction paymentmov0_ where paymentmov0_.id=?
Hibernate: insert into opm.payment_move_transaction (deleted, approved_date, approved, claim_number, disapproved, manager_user_key, modification_date, modified, note, pay_transaction_key, processed_date, technician_user_key, tot_pay_d, tot_pay_fers, tot_pay_n, tot_pay_r, tot_pay_vr) values (?, ?, ?, ?, ?, ?, ?, ?, ?, ?, ?, ?, ?, ?, ?, ?, ?)
Hibernate: select paymentmov0_.id as id1_54_0_, paymentmov0_.deleted as deleted2_54_0_, paymentmov0_.approved_date as approved3_54_0_, paymentmov0_.approved as approved4_54_0_, paymentmov0_.claim_number as claim5_54_0_, paymentmov0_.disapproved as disappro6_54_0_, paymentmov0_.manager_user_key as manager7_54_0_, paymentmov0_.modification_date as modifica8_54_0_, paymentmov0_.modified as modified9_54_0_, paymentmov0_.note as note10_54_0_, paymentmov0_.pay_transaction_key as pay11_54_0_, paymentmov0_.processed_date as process12_54_0_, paymentmov0_.technician_user_key as technic13_54_0_, paymentmov0_.tot_pay_d as tot14_54_0_, paymentmov0_.tot_pay_fers as tot15_54_0_, paymentmov0_.tot_pay_n as tot16_54_0_, paymentmov0_.tot_pay_r as tot17_54_0_, paymentmov0_.tot_pay_vr as tot18_54_0_ from opm.payment_move_transaction paymentmov0_ where paymentmov0_.id=?
Currently processed entity: PaymentMoveTransaction, records count: 2
Progress (processed records/total records): 86/90
Hibernate: insert into opm.audit_batch (deleted, ach_stop_letters, amount_imported, amount_processed, batch_time, daily_action, error_count_processing, error_importing, error_processing, event_day, event_month, event_year, file_received, initial_bills_processed, latest_batch, manual_batch, number_accepted, number_ach_accepted, number_ach_suspended, number_ach_unresolved, number_change_requests, number_suspended, number_unresolved, payments_processed, refund_memos, reversed_processed, user_key) values (?, ?, ?, ?, ?, ?, ?, ?, ?, ?, ?, ?, ?, ?, ?, ?, ?, ?, ?, ?, ?, ?, ?, ?, ?, ?, ?)
Hibernate: select auditbatch0_.id as id1_14_0_, auditbatch0_.deleted as deleted2_14_0_, auditbatch0_.ach_stop_letters as ach3_14_0_, auditbatch0_.amount_imported as amount4_14_0_, auditbatch0_.amount_processed as amount5_14_0_, auditbatch0_.batch_time as batch6_14_0_, auditbatch0_.daily_action as daily7_14_0_, auditbatch0_.error_count_processing as error8_14_0_, auditbatch0_.error_importing as error9_14_0_, auditbatch0_.error_processing as error10_14_0_, auditbatch0_.event_day as event11_14_0_, auditbatch0_.event_month as event12_14_0_, auditbatch0_.event_year as event13_14_0_, auditbatch0_.file_received as file14_14_0_, auditbatch0_.initial_bills_processed as initial15_14_0_, auditbatch0_.latest_batch as latest16_14_0_, auditbatch0_.manual_batch as manual17_14_0_, auditbatch0_.number_accepted as number18_14_0_, auditbatch0_.number_ach_accepted as number19_14_0_, auditbatch0_.number_ach_suspended as number20_14_0_, auditbatch0_.number_ach_unresolved as number21_14_0_, auditbatch0_.number_change_requests as number22_14_0_, auditbatch0_.number_suspended as number23_14_0_, auditbatch0_.number_unresolved as number24_14_0_, auditbatch0_.payments_processed as payment25_14_0_, auditbatch0_.refund_memos as refund26_14_0_, auditbatch0_.reversed_processed as reverse27_14_0_, auditbatch0_.user_key as user28_14_0_ from opm.audit_batch auditbatch0_ where auditbatch0_.id=?
Hibernate: insert into opm.audit_batch (deleted, ach_stop_letters, amount_imported, amount_processed, batch_time, daily_action, error_count_processing, error_importing, error_processing, event_day, event_month, event_year, file_received, initial_bills_processed, latest_batch, manual_batch, number_accepted, number_ach_accepted, number_ach_suspended, number_ach_unresolved, number_change_requests, number_suspended, number_unresolved, payments_processed, refund_memos, reversed_processed, user_key) values (?, ?, ?, ?, ?, ?, ?, ?, ?, ?, ?, ?, ?, ?, ?, ?, ?, ?, ?, ?, ?, ?, ?, ?, ?, ?, ?)
Hibernate: select auditbatch0_.id as id1_14_0_, auditbatch0_.deleted as deleted2_14_0_, auditbatch0_.ach_stop_letters as ach3_14_0_, auditbatch0_.amount_imported as amount4_14_0_, auditbatch0_.amount_processed as amount5_14_0_, auditbatch0_.batch_time as batch6_14_0_, auditbatch0_.daily_action as daily7_14_0_, auditbatch0_.error_count_processing as error8_14_0_, auditbatch0_.error_importing as error9_14_0_, auditbatch0_.error_processing as error10_14_0_, auditbatch0_.event_day as event11_14_0_, auditbatch0_.event_month as event12_14_0_, auditbatch0_.event_year as event13_14_0_, auditbatch0_.file_received as file14_14_0_, auditbatch0_.initial_bills_processed as initial15_14_0_, auditbatch0_.latest_batch as latest16_14_0_, auditbatch0_.manual_batch as manual17_14_0_, auditbatch0_.number_accepted as number18_14_0_, auditbatch0_.number_ach_accepted as number19_14_0_, auditbatch0_.number_ach_suspended as number20_14_0_, auditbatch0_.number_ach_unresolved as number21_14_0_, auditbatch0_.number_change_requests as number22_14_0_, auditbatch0_.number_suspended as number23_14_0_, auditbatch0_.number_unresolved as number24_14_0_, auditbatch0_.payments_processed as payment25_14_0_, auditbatch0_.refund_memos as refund26_14_0_, auditbatch0_.reversed_processed as reverse27_14_0_, auditbatch0_.user_key as user28_14_0_ from opm.audit_batch auditbatch0_ where auditbatch0_.id=?
Currently processed entity: AuditBatch, records count: 2
Progress (processed records/total records): 88/90
Hibernate: insert into opm.batch_daily_payments (deleted, account_balance, account_status_id, ach_payment, ach_stop_letter, audit_batch_log_id, batch_time, claim_number, error_processing, latest_batch, number_payment_today, over_payment_amount, pay_trans_status_code, pay_transaction_key, print_initial_bill, print_invoice, refund_required, reversed_payment, update_to_completed) values (?, ?, ?, ?, ?, ?, ?, ?, ?, ?, ?, ?, ?, ?, ?, ?, ?, ?, ?)
Hibernate: select batchdaily0_.id as id1_17_0_, batchdaily0_.deleted as deleted2_17_0_, batchdaily0_.account_balance as account3_17_0_, batchdaily0_.account_status_id as account20_17_0_, batchdaily0_.ach_payment as ach4_17_0_, batchdaily0_.ach_stop_letter as ach5_17_0_, batchdaily0_.audit_batch_log_id as audit6_17_0_, batchdaily0_.batch_time as batch7_17_0_, batchdaily0_.claim_number as claim8_17_0_, batchdaily0_.error_processing as error9_17_0_, batchdaily0_.latest_batch as latest10_17_0_, batchdaily0_.number_payment_today as number11_17_0_, batchdaily0_.over_payment_amount as over12_17_0_, batchdaily0_.pay_trans_status_code as pay13_17_0_, batchdaily0_.pay_transaction_key as pay14_17_0_, batchdaily0_.print_initial_bill as print15_17_0_, batchdaily0_.print_invoice as print16_17_0_, batchdaily0_.refund_required as refund17_17_0_, batchdaily0_.reversed_payment as reverse18_17_0_, batchdaily0_.update_to_completed as update19_17_0_ from opm.batch_daily_payments batchdaily0_ where batchdaily0_.id=?
Hibernate: insert into opm.batch_daily_payments (deleted, account_balance, account_status_id, ach_payment, ach_stop_letter, audit_batch_log_id, batch_time, claim_number, error_processing, latest_batch, number_payment_today, over_payment_amount, pay_trans_status_code, pay_transaction_key, print_initial_bill, print_invoice, refund_required, reversed_payment, update_to_completed) values (?, ?, ?, ?, ?, ?, ?, ?, ?, ?, ?, ?, ?, ?, ?, ?, ?, ?, ?)
Hibernate: select batchdaily0_.id as id1_17_0_, batchdaily0_.deleted as deleted2_17_0_, batchdaily0_.account_balance as account3_17_0_, batchdaily0_.account_status_id as account20_17_0_, batchdaily0_.ach_payment as ach4_17_0_, batchdaily0_.ach_stop_letter as ach5_17_0_, batchdaily0_.audit_batch_log_id as audit6_17_0_, batchdaily0_.batch_time as batch7_17_0_, batchdaily0_.claim_number as claim8_17_0_, batchdaily0_.error_processing as error9_17_0_, batchdaily0_.latest_batch as latest10_17_0_, batchdaily0_.number_payment_today as number11_17_0_, batchdaily0_.over_payment_amount as over12_17_0_, batchdaily0_.pay_trans_status_code as pay13_17_0_, batchdaily0_.pay_transaction_key as pay14_17_0_, batchdaily0_.print_initial_bill as print15_17_0_, batchdaily0_.print_invoice as print16_17_0_, batchdaily0_.refund_required as refund17_17_0_, batchdaily0_.reversed_payment as reverse18_17_0_, batchdaily0_.update_to_completed as update19_17_0_ from opm.batch_daily_payments batchdaily0_ where batchdaily0_.id=?
Currently processed entity: BatchDailyPayments, records count: 2
Progress (processed records/total records): 90/90
Hibernate: SELECT payment_code, code_description FROM opm.gl_payment_type ORDER BY payment_code
Hibernate: SELECT name, description, display_order FROM opm.retirement_type ORDER BY description
Hibernate: SELECT name, code, payment_type, post_office FROM opm.gl_code ORDER BY name
Hibernate: SELECT interest_year, interest_rate FROM opm.interest_rate ORDER BY interest_year
Hibernate: SELECT claim_number, post_982_redeposit, pre_1082_redeposit, post_982_deposit, pre_1082_deposit, fers_deposit FROM opm.interest_suppression ORDER BY claim_number
Hibernate: SELECT service_type, days_in_period, rate, service_type_description, deduction_conversion_factor FROM opm.deduction_rate ORDER BY service_type
Hibernate: SELECT name, description FROM opm.pay_code ORDER BY description
Hibernate: SELECT name, display_order FROM opm.payment_applied_order ORDER BY name
Hibernate: SELECT name, display_order FROM opm.agency_code ORDER BY name
Hibernate: SELECT claim_number, post_982_redeposit, pre_1082_redeposit, post_982_deposit, pre_1082_deposit, fers_deposit FROM opm.interest_grace_period ORDER BY claim_number
Hibernate: SELECT description, category, display_order, next_state_link, batch_processing_order, final_state, needs_approval, show_on_suspense, include_in_balance, nightly_batch, deletable, reversable, manual_entered, suspense_action, can_hit_gl, reversing_type, balanced_scorecard, send_to_dbts FROM opm.pay_trans_status_code ORDER BY description
Hibernate: SELECT name, description FROM opm.change_trans_field_number_code ORDER BY name
Hibernate: SELECT name, id FROM opm.user_status ORDER BY name
Hibernate: SELECT name, status_category, display_order FROM opm.account_status ORDER BY name
Hibernate: SELECT name, display_order, fers_deposit_allowed_after_88 FROM opm.service_type ORDER BY name
Hibernate: SELECT name, description, display_order FROM opm.pay_type ORDER BY name
Hibernate: SELECT name, description, display_order, type_category FROM opm.appointment_type ORDER BY name
Hibernate: SELECT name, description, display_order FROM opm.period_type ORDER BY name
Hibernate: SELECT claim_number, id FROM opm.annuitant_list ORDER BY claim_number
Hibernate: SELECT name, abbreviation FROM opm.state ORDER BY name
Hibernate: SELECT claim_number, id FROM opm.new_claim_number ORDER BY claim_number
Hibernate: SELECT name, id FROM opm.suffix ORDER BY name
Hibernate: SELECT holiday, exact_date, week_day, month_number, day_of_month, week_of_month FROM opm.holiday ORDER BY holiday
Hibernate: SELECT claim_number, date_of_birth FROM opm.claim_without_service ORDER BY claim_number
Hibernate: SELECT claim_number, last_action FROM opm.scm_first_insert ORDER BY claim_number
Hibernate: SELECT claim_number, reason_for_print_suppression FROM opm.a01_print_suppression_case ORDER BY claim_number
Hibernate: SELECT num_days, num_months, time_factor FROM opm.time_factor ORDER BY num_days
Hibernate: SELECT name, text FROM opm.contact_info ORDER BY name
Hibernate: SELECT name, description FROM opm.role ORDER BY name
Hibernate: SELECT rolename, action FROM opm.role_permission ORDER BY rolename
Hibernate: SELECT username, network_id, first_name, last_name, email, telephone, supervisor_id, id FROM opm.app_user ORDER BY username
Hibernate: SELECT street1, street2, street3, street4, street5, city, zip_code FROM opm.address ORDER BY city
Hibernate: SELECT ssn, first_name, middle_initial, last_name, title, telephone, holder_position, agency_code, city_of_employment FROM opm.account_holder ORDER BY ssn
Hibernate: SELECT claim_number, total_deposit, total_redeposit, total_var_redeposit, total_non_deposit, total_fers_w, acc_int_dep, acc_int_rdep, acc_int_non_dep, acc_int_var_rdep, acc_int_fers, tot_pay_d, tot_pay_r, tot_pay_n, tot_pay_vr, tot_pay_fers, time_period, additional_service, no_interest, flag_preredeposit, flag_postredeposit, prior_claim_number, payment_order, new_claim_number, stop_ach_payment, dbts_account FROM opm.account ORDER BY claim_number
Hibernate: SELECT amount, hours_in_year, annualized_amount, entered_by FROM opm.calculation WHERE entered_by < 3 ORDER BY amount
Hibernate: SELECT version, line_number FROM opm.calculation_version WHERE version < 3 ORDER BY version
Hibernate: SELECT entered_by, id FROM opm.calculation WHERE entered_by >= 3 ORDER BY entered_by
Hibernate: SELECT deduction_amount, total_interest, payment_applied, balance FROM opm.calculation_result_item ORDER BY deduction_amount
Hibernate: SELECT official, payment_order FROM opm.calculation_result ORDER BY payment_order
Hibernate: SELECT version, line_number FROM opm.calculation_version WHERE version >= 3 ORDER BY version
Hibernate: SELECT text, writer, priority FROM opm.account_note ORDER BY text
Hibernate: SELECT id FROM opm.user_account_assignment
Hibernate: SELECT batch_number, block_number, sequence_number, claim_number, amount, approval_user, post_flag, user_inserted, ach, resolve_suspense, history_payment, disapprove, gov_refund, apply_to_gl FROM opm.payment ORDER BY claim_number
Hibernate: SELECT note, id FROM opm.payment_transaction_note ORDER BY note
Hibernate: SELECT claim_number, amount, refund_username FROM opm.refund_transaction ORDER BY claim_number
Hibernate: SELECT id FROM opm.payment_refund_link ORDER BY id
Hibernate: SELECT deposit, redeposit, tot_var_redeposit, non_ded, fers_w, acc_int_dep, acc_int_rdep, acc_int_non_dep, acc_int_var_rdep, acc_int_fers, tot_pay_d, tot_pay_r, tot_pay_n, tot_pay_vr, tot_pay_fers, last_invoice_id FROM opm.invoice ORDER BY last_invoice_id
Hibernate: SELECT account_type, num_whole_years, calculated_interest, last_pay_to_eoy_factor, partial_to_this_factor, this_interest_rate, post, gui, last_payment_was_this_year FROM opm.payment_interest_detail ORDER BY account_type
Hibernate: SELECT claim_number, acc_int_dep, acc_int_rdep, acc_int_non_dep, acc_int_var_rdep, acc_int_fers, approved, disapproved, modified, note FROM opm.adjustment_transaction ORDER BY claim_number
Hibernate: SELECT claim_number, tot_pay_d, tot_pay_r, tot_pay_n, tot_pay_vr, tot_pay_fers, approved, disapproved, modified, note FROM opm.payment_move_transaction ORDER BY claim_number
Hibernate: SELECT event_year, event_month, event_day, file_received, daily_action, manual_batch, error_importing, error_processing, latest_batch, amount_imported, amount_processed, number_accepted, number_unresolved, number_suspended, number_ach_accepted, number_ach_unresolved, number_ach_suspended, number_change_requests, payments_processed, initial_bills_processed, reversed_processed, ach_stop_letters, refund_memos, error_count_processing, user_key FROM opm.audit_batch ORDER BY user_key
Hibernate: SELECT pay_transaction_key, number_payment_today, pay_trans_status_code, claim_number, account_balance, over_payment_amount, ach_payment, ach_stop_letter, print_invoice, refund_required, reversed_payment, update_to_completed, print_initial_bill, latest_batch, error_processing FROM opm.batch_daily_payments ORDER BY pay_transaction_key
Hibernate: DELETE FROM opm.batch_daily_payments
Hibernate: DELETE FROM opm.audit_batch
Hibernate: DELETE FROM opm.new_claim_number
Hibernate: DELETE FROM opm.annuitant_list
Hibernate: DELETE FROM opm.time_factor
Hibernate: DELETE FROM opm.contact_info
Hibernate: DELETE FROM opm.interest_suppression
Hibernate: DELETE FROM opm.gl_payment_type
Hibernate: DELETE FROM opm.scm_first_insert
Hibernate: DELETE FROM opm.holiday
Hibernate: DELETE FROM opm.deduction_rate
Hibernate: DELETE FROM opm.interest_grace_period
Hibernate: DELETE FROM opm.gl_code
Hibernate: DELETE FROM opm.claim_without_service
Hibernate: DELETE FROM opm.payment_transaction_note
Hibernate: DELETE FROM opm.payment_move_transaction
Hibernate: DELETE FROM opm.interest_rate
Hibernate: DELETE FROM opm.payment_interest_detail
Hibernate: DELETE FROM opm.adjustment_transaction
Hibernate: DELETE FROM opm.invoice
Hibernate: DELETE FROM opm.a01_print_suppression_case
Hibernate: DELETE FROM opm.user_account_assignment
Hibernate: DELETE FROM opm.payment_refund_link
Hibernate: DELETE FROM opm.role_permission
Hibernate: DELETE FROM opm.user_permission
Hibernate: DELETE FROM opm.service_credit_preference
Hibernate: DELETE FROM opm.account_confirmation_validation_entry
Hibernate: DELETE FROM opm.payment_reverse
Hibernate: DELETE FROM opm.payment
Hibernate: DELETE FROM opm.pay_trans_status_code
Hibernate: DELETE FROM opm.payments_applied_order_code
Hibernate: DELETE FROM opm.printout
Hibernate: DELETE FROM opm.related_help_items
Hibernate: DELETE FROM opm.help_item
Hibernate: DELETE FROM opm.notification_READBY
Hibernate: DELETE FROM opm.date_calculation_data
Hibernate: DELETE FROM opm.refund_transaction
Hibernate: DELETE FROM opm.audit_parameter_record
Hibernate: DELETE FROM opm.audit_record
Hibernate: DELETE FROM opm.dedeposit
Hibernate: DELETE FROM opm.redeposit
Hibernate: DELETE FROM opm.calculation_result_item
Hibernate: DELETE FROM opm.calculation
Hibernate: DELETE FROM opm.fers_redeposit
Hibernate: DELETE FROM opm.fers_deposit
Hibernate: DELETE FROM opm.calculation_version
Hibernate: DELETE FROM opm.calculation_result
Hibernate: DELETE FROM opm.summary_data
Hibernate: DELETE FROM opm.billing
Hibernate: DELETE FROM opm.account_note
Hibernate: DELETE FROM opm.account
Hibernate: DELETE FROM opm.account_confirmation_validation
Hibernate: DELETE FROM opm.billing_summary
Hibernate: DELETE FROM opm.account_holder
Hibernate: DELETE FROM opm.address
Hibernate: DELETE FROM opm.error
Hibernate: DELETE FROM opm.info
Hibernate: DELETE FROM opm.notification
Hibernate: DELETE FROM opm.app_user
Hibernate: DELETE FROM opm.batch_daily_payments_history
Hibernate: DELETE FROM opm.audit_batch_history
Hibernate: DELETE FROM opm.new_claim_number_history
Hibernate: DELETE FROM opm.annuitant_list_history
Hibernate: DELETE FROM opm.time_factor_history
Hibernate: DELETE FROM opm.contact_info_history
Hibernate: DELETE FROM opm.interest_suppression_history
Hibernate: DELETE FROM opm.gl_payment_type_history
Hibernate: DELETE FROM opm.scm_first_insert_history
Hibernate: DELETE FROM opm.holiday_history
Hibernate: DELETE FROM opm.deduction_rate_history
Hibernate: DELETE FROM opm.interest_grace_period_history
Hibernate: DELETE FROM opm.gl_code_history
Hibernate: DELETE FROM opm.claim_without_service_history
Hibernate: DELETE FROM opm.payment_transaction_note_history
Hibernate: DELETE FROM opm.payment_move_transaction_history
Hibernate: DELETE FROM opm.interest_rate_history
Hibernate: DELETE FROM opm.payment_interest_detail_history
Hibernate: DELETE FROM opm.adjustment_transaction_history
Hibernate: DELETE FROM opm.invoice_history
Hibernate: DELETE FROM opm.a01_print_suppression_case_history
Hibernate: DELETE FROM opm.user_account_assignment_history
Hibernate: DELETE FROM opm.payment_refund_link_history
Hibernate: DELETE FROM opm.payments_applied_order_code_history
Hibernate: DELETE FROM opm.service_credit_preference_history
Hibernate: DELETE FROM opm.account_confirmation_validation_entry_history
Hibernate: DELETE FROM opm.account_confirmation_validation_history
Hibernate: DELETE FROM opm.payment_reverse_history
Hibernate: DELETE FROM opm.payment_history
Hibernate: DELETE FROM opm.pay_trans_status_code_history
Hibernate: DELETE FROM opm.notification_READBY_history
Hibernate: DELETE FROM opm.refund_transaction_history
Hibernate: DELETE FROM opm.summary_data_history
Hibernate: DELETE FROM opm.dedeposit_history
Hibernate: DELETE FROM opm.redeposit_history
Hibernate: DELETE FROM opm.calculation_result_item_history
Hibernate: DELETE FROM opm.calculation_result_history
Hibernate: DELETE FROM opm.calculation_history
Hibernate: DELETE FROM opm.fers_redeposit_history
Hibernate: DELETE FROM opm.fers_deposit_history
Hibernate: DELETE FROM opm.calculation_version_history
Hibernate: DELETE FROM opm.billing_history
Hibernate: DELETE FROM opm.billing_summary_history
Hibernate: DELETE FROM opm.account_note_history
Hibernate: DELETE FROM opm.address_history
Hibernate: DELETE FROM opm.account_history
Hibernate: DELETE FROM opm.account_holder_history
Hibernate: DELETE FROM opm.error_history
Hibernate: DELETE FROM opm.info_history
Hibernate: DELETE FROM opm.notification_history
Hibernate: DELETE FROM opm.app_user_history
Hibernate: DELETE FROM opm.change_trans_field_number_code
Hibernate: DELETE FROM opm.pay_code
Hibernate: DELETE FROM opm.payment_applied_order
Hibernate: DELETE FROM opm.agency_code
Hibernate: DELETE FROM opm.calculation_status
Hibernate: DELETE FROM opm.transfer_type
Hibernate: DELETE FROM opm.user_status
Hibernate: DELETE FROM opm.claim_officer
Hibernate: DELETE FROM opm.payment_status
Hibernate: DELETE FROM opm.application_designation
Hibernate: DELETE FROM opm.payment_reversal_reason
Hibernate: DELETE FROM opm.pay_type
Hibernate: DELETE FROM opm.appointment_type
Hibernate: DELETE FROM opm.role
Hibernate: DELETE FROM opm.service_type
Hibernate: DELETE FROM opm.retirement_type
Hibernate: DELETE FROM opm.account_status
Hibernate: DELETE FROM opm.country
Hibernate: DELETE FROM opm.state
Hibernate: DELETE FROM opm.period_type
Hibernate: DELETE FROM opm.suffix
Hibernate: DELETE FROM opm.form_type
Hibernate: DELETE FROM opm.batch_daily_payments
Hibernate: DELETE FROM opm.audit_batch
Hibernate: DELETE FROM opm.new_claim_number
Hibernate: DELETE FROM opm.annuitant_list
Hibernate: DELETE FROM opm.time_factor
Hibernate: DELETE FROM opm.contact_info
Hibernate: DELETE FROM opm.interest_suppression
Hibernate: DELETE FROM opm.gl_payment_type
Hibernate: DELETE FROM opm.scm_first_insert
Hibernate: DELETE FROM opm.holiday
Hibernate: DELETE FROM opm.deduction_rate
Hibernate: DELETE FROM opm.interest_grace_period
Hibernate: DELETE FROM opm.gl_code
Hibernate: DELETE FROM opm.claim_without_service
Hibernate: DELETE FROM opm.payment_transaction_note
Hibernate: DELETE FROM opm.payment_move_transaction
Hibernate: DELETE FROM opm.interest_rate
Hibernate: DELETE FROM opm.payment_interest_detail
Hibernate: DELETE FROM opm.adjustment_transaction
Hibernate: DELETE FROM opm.invoice
Hibernate: DELETE FROM opm.a01_print_suppression_case
Hibernate: DELETE FROM opm.user_account_assignment
Hibernate: DELETE FROM opm.payment_refund_link
Hibernate: DELETE FROM opm.role_permission
Hibernate: DELETE FROM opm.user_permission
Hibernate: DELETE FROM opm.service_credit_preference
Hibernate: DELETE FROM opm.account_confirmation_validation_entry
Hibernate: DELETE FROM opm.payment_reverse
Hibernate: DELETE FROM opm.payment
Hibernate: DELETE FROM opm.pay_trans_status_code
Hibernate: DELETE FROM opm.payments_applied_order_code
Hibernate: DELETE FROM opm.printout
Hibernate: DELETE FROM opm.related_help_items
Hibernate: DELETE FROM opm.help_item
Hibernate: DELETE FROM opm.notification_READBY
Hibernate: DELETE FROM opm.date_calculation_data
Hibernate: DELETE FROM opm.refund_transaction
Hibernate: DELETE FROM opm.audit_parameter_record
Hibernate: DELETE FROM opm.audit_record
Hibernate: DELETE FROM opm.dedeposit
Hibernate: DELETE FROM opm.redeposit
Hibernate: DELETE FROM opm.calculation_result_item
Hibernate: DELETE FROM opm.calculation
Hibernate: DELETE FROM opm.fers_redeposit
Hibernate: DELETE FROM opm.fers_deposit
Hibernate: DELETE FROM opm.calculation_version
Hibernate: DELETE FROM opm.calculation_result
Hibernate: DELETE FROM opm.summary_data
Hibernate: DELETE FROM opm.billing
Hibernate: DELETE FROM opm.account_note
Hibernate: DELETE FROM opm.account
Hibernate: DELETE FROM opm.account_confirmation_validation
Hibernate: DELETE FROM opm.billing_summary
Hibernate: DELETE FROM opm.account_holder
Hibernate: DELETE FROM opm.address
Hibernate: DELETE FROM opm.error
Hibernate: DELETE FROM opm.info
Hibernate: DELETE FROM opm.notification
Hibernate: DELETE FROM opm.app_user
Hibernate: DELETE FROM opm.batch_daily_payments_history
Hibernate: DELETE FROM opm.audit_batch_history
Hibernate: DELETE FROM opm.new_claim_number_history
Hibernate: DELETE FROM opm.annuitant_list_history
Hibernate: DELETE FROM opm.time_factor_history
Hibernate: DELETE FROM opm.contact_info_history
Hibernate: DELETE FROM opm.interest_suppression_history
Hibernate: DELETE FROM opm.gl_payment_type_history
Hibernate: DELETE FROM opm.scm_first_insert_history
Hibernate: DELETE FROM opm.holiday_history
Hibernate: DELETE FROM opm.deduction_rate_history
Hibernate: DELETE FROM opm.interest_grace_period_history
Hibernate: DELETE FROM opm.gl_code_history
Hibernate: DELETE FROM opm.claim_without_service_history
Hibernate: DELETE FROM opm.payment_transaction_note_history
Hibernate: DELETE FROM opm.payment_move_transaction_history
Hibernate: DELETE FROM opm.interest_rate_history
Hibernate: DELETE FROM opm.payment_interest_detail_history
Hibernate: DELETE FROM opm.adjustment_transaction_history
Hibernate: DELETE FROM opm.invoice_history
Hibernate: DELETE FROM opm.a01_print_suppression_case_history
Hibernate: DELETE FROM opm.user_account_assignment_history
Hibernate: DELETE FROM opm.payment_refund_link_history
Hibernate: DELETE FROM opm.payments_applied_order_code_history
Hibernate: DELETE FROM opm.service_credit_preference_history
Hibernate: DELETE FROM opm.account_confirmation_validation_entry_history
Hibernate: DELETE FROM opm.account_confirmation_validation_history
Hibernate: DELETE FROM opm.payment_reverse_history
Hibernate: DELETE FROM opm.payment_history
Hibernate: DELETE FROM opm.pay_trans_status_code_history
Hibernate: DELETE FROM opm.notification_READBY_history
Hibernate: DELETE FROM opm.refund_transaction_history
Hibernate: DELETE FROM opm.summary_data_history
Hibernate: DELETE FROM opm.dedeposit_history
Hibernate: DELETE FROM opm.redeposit_history
Hibernate: DELETE FROM opm.calculation_result_item_history
Hibernate: DELETE FROM opm.calculation_result_history
Hibernate: DELETE FROM opm.calculation_history
Hibernate: DELETE FROM opm.fers_redeposit_history
Hibernate: DELETE FROM opm.fers_deposit_history
Hibernate: DELETE FROM opm.calculation_version_history
Hibernate: DELETE FROM opm.billing_history
Hibernate: DELETE FROM opm.billing_summary_history
Hibernate: DELETE FROM opm.account_note_history
Hibernate: DELETE FROM opm.address_history
Hibernate: DELETE FROM opm.account_history
Hibernate: DELETE FROM opm.account_holder_history
Hibernate: DELETE FROM opm.error_history
Hibernate: DELETE FROM opm.info_history
Hibernate: DELETE FROM opm.notification_history
Hibernate: DELETE FROM opm.app_user_history
Hibernate: DELETE FROM opm.change_trans_field_number_code
Hibernate: DELETE FROM opm.pay_code
Hibernate: DELETE FROM opm.payment_applied_order
Hibernate: DELETE FROM opm.agency_code
Hibernate: DELETE FROM opm.calculation_status
Hibernate: DELETE FROM opm.transfer_type
Hibernate: DELETE FROM opm.user_status
Hibernate: DELETE FROM opm.claim_officer
Hibernate: DELETE FROM opm.payment_status
Hibernate: DELETE FROM opm.application_designation
Hibernate: DELETE FROM opm.payment_reversal_reason
Hibernate: DELETE FROM opm.pay_type
Hibernate: DELETE FROM opm.appointment_type
Hibernate: DELETE FROM opm.role
Hibernate: DELETE FROM opm.service_type
Hibernate: DELETE FROM opm.retirement_type
Hibernate: DELETE FROM opm.account_status
Hibernate: DELETE FROM opm.country
Hibernate: DELETE FROM opm.state
Hibernate: DELETE FROM opm.period_type
Hibernate: DELETE FROM opm.suffix
Hibernate: DELETE FROM opm.form_type
Hibernate: DELETE FROM opm.batch_daily_payments
Hibernate: DELETE FROM opm.audit_batch
Hibernate: DELETE FROM opm.new_claim_number
Hibernate: DELETE FROM opm.annuitant_list
Hibernate: DELETE FROM opm.time_factor
Hibernate: DELETE FROM opm.contact_info
Hibernate: DELETE FROM opm.interest_suppression
Hibernate: DELETE FROM opm.gl_payment_type
Hibernate: DELETE FROM opm.scm_first_insert
Hibernate: DELETE FROM opm.holiday
Hibernate: DELETE FROM opm.deduction_rate
Hibernate: DELETE FROM opm.interest_grace_period
Hibernate: DELETE FROM opm.gl_code
Hibernate: DELETE FROM opm.claim_without_service
Hibernate: DELETE FROM opm.payment_transaction_note
Hibernate: DELETE FROM opm.payment_move_transaction
Hibernate: DELETE FROM opm.interest_rate
Hibernate: DELETE FROM opm.payment_interest_detail
Hibernate: DELETE FROM opm.adjustment_transaction
Hibernate: DELETE FROM opm.invoice
Hibernate: DELETE FROM opm.a01_print_suppression_case
Hibernate: DELETE FROM opm.user_account_assignment
Hibernate: DELETE FROM opm.payment_refund_link
Hibernate: DELETE FROM opm.role_permission
Hibernate: DELETE FROM opm.user_permission
Hibernate: DELETE FROM opm.service_credit_preference
Hibernate: DELETE FROM opm.account_confirmation_validation_entry
Hibernate: DELETE FROM opm.payment_reverse
Hibernate: DELETE FROM opm.payment
Hibernate: DELETE FROM opm.pay_trans_status_code
Hibernate: DELETE FROM opm.payments_applied_order_code
Hibernate: DELETE FROM opm.printout
Hibernate: DELETE FROM opm.related_help_items
Hibernate: DELETE FROM opm.help_item
Hibernate: DELETE FROM opm.notification_READBY
Hibernate: DELETE FROM opm.date_calculation_data
Hibernate: DELETE FROM opm.refund_transaction
Hibernate: DELETE FROM opm.audit_parameter_record
Hibernate: DELETE FROM opm.audit_record
Hibernate: DELETE FROM opm.dedeposit
Hibernate: DELETE FROM opm.redeposit
Hibernate: DELETE FROM opm.calculation_result_item
Hibernate: DELETE FROM opm.calculation
Hibernate: DELETE FROM opm.fers_redeposit
Hibernate: DELETE FROM opm.fers_deposit
Hibernate: DELETE FROM opm.calculation_version
Hibernate: DELETE FROM opm.calculation_result
Hibernate: DELETE FROM opm.summary_data
Hibernate: DELETE FROM opm.billing
Hibernate: DELETE FROM opm.account_note
Hibernate: DELETE FROM opm.account
Hibernate: DELETE FROM opm.account_confirmation_validation
Hibernate: DELETE FROM opm.billing_summary
Hibernate: DELETE FROM opm.account_holder
Hibernate: DELETE FROM opm.address
Hibernate: DELETE FROM opm.error
Hibernate: DELETE FROM opm.info
Hibernate: DELETE FROM opm.notification
Hibernate: DELETE FROM opm.app_user
Hibernate: DELETE FROM opm.batch_daily_payments_history
Hibernate: DELETE FROM opm.audit_batch_history
Hibernate: DELETE FROM opm.new_claim_number_history
Hibernate: DELETE FROM opm.annuitant_list_history
Hibernate: DELETE FROM opm.time_factor_history
Hibernate: DELETE FROM opm.contact_info_history
Hibernate: DELETE FROM opm.interest_suppression_history
Hibernate: DELETE FROM opm.gl_payment_type_history
Hibernate: DELETE FROM opm.scm_first_insert_history
Hibernate: DELETE FROM opm.holiday_history
Hibernate: DELETE FROM opm.deduction_rate_history
Hibernate: DELETE FROM opm.interest_grace_period_history
Hibernate: DELETE FROM opm.gl_code_history
Hibernate: DELETE FROM opm.claim_without_service_history
Hibernate: DELETE FROM opm.payment_transaction_note_history
Hibernate: DELETE FROM opm.payment_move_transaction_history
Hibernate: DELETE FROM opm.interest_rate_history
Hibernate: DELETE FROM opm.payment_interest_detail_history
Hibernate: DELETE FROM opm.adjustment_transaction_history
Hibernate: DELETE FROM opm.invoice_history
Hibernate: DELETE FROM opm.a01_print_suppression_case_history
Hibernate: DELETE FROM opm.user_account_assignment_history
Hibernate: DELETE FROM opm.payment_refund_link_history
Hibernate: DELETE FROM opm.payments_applied_order_code_history
Hibernate: DELETE FROM opm.service_credit_preference_history
Hibernate: DELETE FROM opm.account_confirmation_validation_entry_history
Hibernate: DELETE FROM opm.account_confirmation_validation_history
Hibernate: DELETE FROM opm.payment_reverse_history
Hibernate: DELETE FROM opm.payment_history
Hibernate: DELETE FROM opm.pay_trans_status_code_history
Hibernate: DELETE FROM opm.notification_READBY_history
Hibernate: DELETE FROM opm.refund_transaction_history
Hibernate: DELETE FROM opm.summary_data_history
Hibernate: DELETE FROM opm.dedeposit_history
Hibernate: DELETE FROM opm.redeposit_history
Hibernate: DELETE FROM opm.calculation_result_item_history
Hibernate: DELETE FROM opm.calculation_result_history
Hibernate: DELETE FROM opm.calculation_history
Hibernate: DELETE FROM opm.fers_redeposit_history
Hibernate: DELETE FROM opm.fers_deposit_history
Hibernate: DELETE FROM opm.calculation_version_history
Hibernate: DELETE FROM opm.billing_history
Hibernate: DELETE FROM opm.billing_summary_history
Hibernate: DELETE FROM opm.account_note_history
Hibernate: DELETE FROM opm.address_history
Hibernate: DELETE FROM opm.account_history
Hibernate: DELETE FROM opm.account_holder_history
Hibernate: DELETE FROM opm.error_history
Hibernate: DELETE FROM opm.info_history
Hibernate: DELETE FROM opm.notification_history
Hibernate: DELETE FROM opm.app_user_history
Hibernate: DELETE FROM opm.change_trans_field_number_code
Hibernate: DELETE FROM opm.pay_code
Hibernate: DELETE FROM opm.payment_applied_order
Hibernate: DELETE FROM opm.agency_code
Hibernate: DELETE FROM opm.calculation_status
Hibernate: DELETE FROM opm.transfer_type
Hibernate: DELETE FROM opm.user_status
Hibernate: DELETE FROM opm.claim_officer
Hibernate: DELETE FROM opm.payment_status
Hibernate: DELETE FROM opm.application_designation
Hibernate: DELETE FROM opm.payment_reversal_reason
Hibernate: DELETE FROM opm.pay_type
Hibernate: DELETE FROM opm.appointment_type
Hibernate: DELETE FROM opm.role
Hibernate: DELETE FROM opm.service_type
Hibernate: DELETE FROM opm.retirement_type
Hibernate: DELETE FROM opm.account_status
Hibernate: DELETE FROM opm.country
Hibernate: DELETE FROM opm.state
Hibernate: DELETE FROM opm.period_type
Hibernate: DELETE FROM opm.suffix
Hibernate: DELETE FROM opm.form_type
Hibernate: DELETE FROM opm.batch_daily_payments
Hibernate: DELETE FROM opm.audit_batch
Hibernate: DELETE FROM opm.new_claim_number
Hibernate: DELETE FROM opm.annuitant_list
Hibernate: DELETE FROM opm.time_factor
Hibernate: DELETE FROM opm.contact_info
Hibernate: DELETE FROM opm.interest_suppression
Hibernate: DELETE FROM opm.gl_payment_type
Hibernate: DELETE FROM opm.scm_first_insert
Hibernate: DELETE FROM opm.holiday
Hibernate: DELETE FROM opm.deduction_rate
Hibernate: DELETE FROM opm.interest_grace_period
Hibernate: DELETE FROM opm.gl_code
Hibernate: DELETE FROM opm.claim_without_service
Hibernate: DELETE FROM opm.payment_transaction_note
Hibernate: DELETE FROM opm.payment_move_transaction
Hibernate: DELETE FROM opm.interest_rate
Hibernate: DELETE FROM opm.payment_interest_detail
Hibernate: DELETE FROM opm.adjustment_transaction
Hibernate: DELETE FROM opm.invoice
Hibernate: DELETE FROM opm.a01_print_suppression_case
Hibernate: DELETE FROM opm.user_account_assignment
Hibernate: DELETE FROM opm.payment_refund_link
Hibernate: DELETE FROM opm.role_permission
Hibernate: DELETE FROM opm.user_permission
Hibernate: DELETE FROM opm.service_credit_preference
Hibernate: DELETE FROM opm.account_confirmation_validation_entry
Hibernate: DELETE FROM opm.payment_reverse
Hibernate: DELETE FROM opm.payment
Hibernate: DELETE FROM opm.pay_trans_status_code
Hibernate: DELETE FROM opm.payments_applied_order_code
Hibernate: DELETE FROM opm.printout
Hibernate: DELETE FROM opm.related_help_items
Hibernate: DELETE FROM opm.help_item
Hibernate: DELETE FROM opm.notification_READBY
Hibernate: DELETE FROM opm.date_calculation_data
Hibernate: DELETE FROM opm.refund_transaction
Hibernate: DELETE FROM opm.audit_parameter_record
Hibernate: DELETE FROM opm.audit_record
Hibernate: DELETE FROM opm.dedeposit
Hibernate: DELETE FROM opm.redeposit
Hibernate: DELETE FROM opm.calculation_result_item
Hibernate: DELETE FROM opm.calculation
Hibernate: DELETE FROM opm.fers_redeposit
Hibernate: DELETE FROM opm.fers_deposit
Hibernate: DELETE FROM opm.calculation_version
Hibernate: DELETE FROM opm.calculation_result
Hibernate: DELETE FROM opm.summary_data
Hibernate: DELETE FROM opm.billing
Hibernate: DELETE FROM opm.account_note
Hibernate: DELETE FROM opm.account
Hibernate: DELETE FROM opm.account_confirmation_validation
Hibernate: DELETE FROM opm.billing_summary
Hibernate: DELETE FROM opm.account_holder
Hibernate: DELETE FROM opm.address
Hibernate: DELETE FROM opm.error
Hibernate: DELETE FROM opm.info
Hibernate: DELETE FROM opm.notification
Hibernate: DELETE FROM opm.app_user
Hibernate: DELETE FROM opm.batch_daily_payments_history
Hibernate: DELETE FROM opm.audit_batch_history
Hibernate: DELETE FROM opm.new_claim_number_history
Hibernate: DELETE FROM opm.annuitant_list_history
Hibernate: DELETE FROM opm.time_factor_history
Hibernate: DELETE FROM opm.contact_info_history
Hibernate: DELETE FROM opm.interest_suppression_history
Hibernate: DELETE FROM opm.gl_payment_type_history
Hibernate: DELETE FROM opm.scm_first_insert_history
Hibernate: DELETE FROM opm.holiday_history
Hibernate: DELETE FROM opm.deduction_rate_history
Hibernate: DELETE FROM opm.interest_grace_period_history
Hibernate: DELETE FROM opm.gl_code_history
Hibernate: DELETE FROM opm.claim_without_service_history
Hibernate: DELETE FROM opm.payment_transaction_note_history
Hibernate: DELETE FROM opm.payment_move_transaction_history
Hibernate: DELETE FROM opm.interest_rate_history
Hibernate: DELETE FROM opm.payment_interest_detail_history
Hibernate: DELETE FROM opm.adjustment_transaction_history
Hibernate: DELETE FROM opm.invoice_history
Hibernate: DELETE FROM opm.a01_print_suppression_case_history
Hibernate: DELETE FROM opm.user_account_assignment_history
Hibernate: DELETE FROM opm.payment_refund_link_history
Hibernate: DELETE FROM opm.payments_applied_order_code_history
Hibernate: DELETE FROM opm.service_credit_preference_history
Hibernate: DELETE FROM opm.account_confirmation_validation_entry_history
Hibernate: DELETE FROM opm.account_confirmation_validation_history
Hibernate: DELETE FROM opm.payment_reverse_history
Hibernate: DELETE FROM opm.payment_history
Hibernate: DELETE FROM opm.pay_trans_status_code_history
Hibernate: DELETE FROM opm.notification_READBY_history
Hibernate: DELETE FROM opm.refund_transaction_history
Hibernate: DELETE FROM opm.summary_data_history
Hibernate: DELETE FROM opm.dedeposit_history
Hibernate: DELETE FROM opm.redeposit_history
Hibernate: DELETE FROM opm.calculation_result_item_history
Hibernate: DELETE FROM opm.calculation_result_history
Hibernate: DELETE FROM opm.calculation_history
Hibernate: DELETE FROM opm.fers_redeposit_history
Hibernate: DELETE FROM opm.fers_deposit_history
Hibernate: DELETE FROM opm.calculation_version_history
Hibernate: DELETE FROM opm.billing_history
Hibernate: DELETE FROM opm.billing_summary_history
Hibernate: DELETE FROM opm.account_note_history
Hibernate: DELETE FROM opm.address_history
Hibernate: DELETE FROM opm.account_history
Hibernate: DELETE FROM opm.account_holder_history
Hibernate: DELETE FROM opm.error_history
Hibernate: DELETE FROM opm.info_history
Hibernate: DELETE FROM opm.notification_history
Hibernate: DELETE FROM opm.app_user_history
Hibernate: DELETE FROM opm.change_trans_field_number_code
Hibernate: DELETE FROM opm.pay_code
Hibernate: DELETE FROM opm.payment_applied_order
Hibernate: DELETE FROM opm.agency_code
Hibernate: DELETE FROM opm.calculation_status
Hibernate: DELETE FROM opm.transfer_type
Hibernate: DELETE FROM opm.user_status
Hibernate: DELETE FROM opm.claim_officer
Hibernate: DELETE FROM opm.payment_status
Hibernate: DELETE FROM opm.application_designation
Hibernate: DELETE FROM opm.payment_reversal_reason
Hibernate: DELETE FROM opm.pay_type
Hibernate: DELETE FROM opm.appointment_type
Hibernate: DELETE FROM opm.role
Hibernate: DELETE FROM opm.service_type
Hibernate: DELETE FROM opm.retirement_type
Hibernate: DELETE FROM opm.account_status
Hibernate: DELETE FROM opm.country
Hibernate: DELETE FROM opm.state
Hibernate: DELETE FROM opm.period_type
Hibernate: DELETE FROM opm.suffix
Hibernate: DELETE FROM opm.form_type
Hibernate: DELETE FROM opm.batch_daily_payments
Hibernate: DELETE FROM opm.audit_batch
Hibernate: DELETE FROM opm.new_claim_number
Hibernate: DELETE FROM opm.annuitant_list
Hibernate: DELETE FROM opm.time_factor
Hibernate: DELETE FROM opm.contact_info
Hibernate: DELETE FROM opm.interest_suppression
Hibernate: DELETE FROM opm.gl_payment_type
Hibernate: DELETE FROM opm.scm_first_insert
Hibernate: DELETE FROM opm.holiday
Hibernate: DELETE FROM opm.deduction_rate
Hibernate: DELETE FROM opm.interest_grace_period
Hibernate: DELETE FROM opm.gl_code
Hibernate: DELETE FROM opm.claim_without_service
Hibernate: DELETE FROM opm.payment_transaction_note
Hibernate: DELETE FROM opm.payment_move_transaction
Hibernate: DELETE FROM opm.interest_rate
Hibernate: DELETE FROM opm.payment_interest_detail
Hibernate: DELETE FROM opm.adjustment_transaction
Hibernate: DELETE FROM opm.invoice
Hibernate: DELETE FROM opm.a01_print_suppression_case
Hibernate: DELETE FROM opm.user_account_assignment
Hibernate: DELETE FROM opm.payment_refund_link
Hibernate: DELETE FROM opm.role_permission
Hibernate: DELETE FROM opm.user_permission
Hibernate: DELETE FROM opm.service_credit_preference
Hibernate: DELETE FROM opm.account_confirmation_validation_entry
Hibernate: DELETE FROM opm.payment_reverse
Hibernate: DELETE FROM opm.payment
Hibernate: DELETE FROM opm.pay_trans_status_code
Hibernate: DELETE FROM opm.payments_applied_order_code
Hibernate: DELETE FROM opm.printout
Hibernate: DELETE FROM opm.related_help_items
Hibernate: DELETE FROM opm.help_item
Hibernate: DELETE FROM opm.notification_READBY
Hibernate: DELETE FROM opm.date_calculation_data
Hibernate: DELETE FROM opm.refund_transaction
Hibernate: DELETE FROM opm.audit_parameter_record
Hibernate: DELETE FROM opm.audit_record
Hibernate: DELETE FROM opm.dedeposit
Hibernate: DELETE FROM opm.redeposit
Hibernate: DELETE FROM opm.calculation_result_item
Hibernate: DELETE FROM opm.calculation
Hibernate: DELETE FROM opm.fers_redeposit
Hibernate: DELETE FROM opm.fers_deposit
Hibernate: DELETE FROM opm.calculation_version
Hibernate: DELETE FROM opm.calculation_result
Hibernate: DELETE FROM opm.summary_data
Hibernate: DELETE FROM opm.billing
Hibernate: DELETE FROM opm.account_note
Hibernate: DELETE FROM opm.account
Hibernate: DELETE FROM opm.account_confirmation_validation
Hibernate: DELETE FROM opm.billing_summary
Hibernate: DELETE FROM opm.account_holder
Hibernate: DELETE FROM opm.address
Hibernate: DELETE FROM opm.error
Hibernate: DELETE FROM opm.info
Hibernate: DELETE FROM opm.notification
Hibernate: DELETE FROM opm.app_user
Hibernate: DELETE FROM opm.batch_daily_payments_history
Hibernate: DELETE FROM opm.audit_batch_history
Hibernate: DELETE FROM opm.new_claim_number_history
Hibernate: DELETE FROM opm.annuitant_list_history
Hibernate: DELETE FROM opm.time_factor_history
Hibernate: DELETE FROM opm.contact_info_history
Hibernate: DELETE FROM opm.interest_suppression_history
Hibernate: DELETE FROM opm.gl_payment_type_history
Hibernate: DELETE FROM opm.scm_first_insert_history
Hibernate: DELETE FROM opm.holiday_history
Hibernate: DELETE FROM opm.deduction_rate_history
Hibernate: DELETE FROM opm.interest_grace_period_history
Hibernate: DELETE FROM opm.gl_code_history
Hibernate: DELETE FROM opm.claim_without_service_history
Hibernate: DELETE FROM opm.payment_transaction_note_history
Hibernate: DELETE FROM opm.payment_move_transaction_history
Hibernate: DELETE FROM opm.interest_rate_history
Hibernate: DELETE FROM opm.payment_interest_detail_history
Hibernate: DELETE FROM opm.adjustment_transaction_history
Hibernate: DELETE FROM opm.invoice_history
Hibernate: DELETE FROM opm.a01_print_suppression_case_history
Hibernate: DELETE FROM opm.user_account_assignment_history
Hibernate: DELETE FROM opm.payment_refund_link_history
Hibernate: DELETE FROM opm.payments_applied_order_code_history
Hibernate: DELETE FROM opm.service_credit_preference_history
Hibernate: DELETE FROM opm.account_confirmation_validation_entry_history
Hibernate: DELETE FROM opm.account_confirmation_validation_history
Hibernate: DELETE FROM opm.payment_reverse_history
Hibernate: DELETE FROM opm.payment_history
Hibernate: DELETE FROM opm.pay_trans_status_code_history
Hibernate: DELETE FROM opm.notification_READBY_history
Hibernate: DELETE FROM opm.refund_transaction_history
Hibernate: DELETE FROM opm.summary_data_history
Hibernate: DELETE FROM opm.dedeposit_history
Hibernate: DELETE FROM opm.redeposit_history
Hibernate: DELETE FROM opm.calculation_result_item_history
Hibernate: DELETE FROM opm.calculation_result_history
Hibernate: DELETE FROM opm.calculation_history
Hibernate: DELETE FROM opm.fers_redeposit_history
Hibernate: DELETE FROM opm.fers_deposit_history
Hibernate: DELETE FROM opm.calculation_version_history
Hibernate: DELETE FROM opm.billing_history
Hibernate: DELETE FROM opm.billing_summary_history
Hibernate: DELETE FROM opm.account_note_history
Hibernate: DELETE FROM opm.address_history
Hibernate: DELETE FROM opm.account_history
Hibernate: DELETE FROM opm.account_holder_history
Hibernate: DELETE FROM opm.error_history
Hibernate: DELETE FROM opm.info_history
Hibernate: DELETE FROM opm.notification_history
Hibernate: DELETE FROM opm.app_user_history
Hibernate: DELETE FROM opm.change_trans_field_number_code
Hibernate: DELETE FROM opm.pay_code
Hibernate: DELETE FROM opm.payment_applied_order
Hibernate: DELETE FROM opm.agency_code
Hibernate: DELETE FROM opm.calculation_status
Hibernate: DELETE FROM opm.transfer_type
Hibernate: DELETE FROM opm.user_status
Hibernate: DELETE FROM opm.claim_officer
Hibernate: DELETE FROM opm.payment_status
Hibernate: DELETE FROM opm.application_designation
Hibernate: DELETE FROM opm.payment_reversal_reason
Hibernate: DELETE FROM opm.pay_type
Hibernate: DELETE FROM opm.appointment_type
Hibernate: DELETE FROM opm.role
Hibernate: DELETE FROM opm.service_type
Hibernate: DELETE FROM opm.retirement_type
Hibernate: DELETE FROM opm.account_status
Hibernate: DELETE FROM opm.country
Hibernate: DELETE FROM opm.state
Hibernate: DELETE FROM opm.period_type
Hibernate: DELETE FROM opm.suffix
Hibernate: DELETE FROM opm.form_type
Hibernate: DELETE FROM opm.batch_daily_payments
Hibernate: DELETE FROM opm.audit_batch
Hibernate: DELETE FROM opm.new_claim_number
Hibernate: DELETE FROM opm.annuitant_list
Hibernate: DELETE FROM opm.time_factor
Hibernate: DELETE FROM opm.contact_info
Hibernate: DELETE FROM opm.interest_suppression
Hibernate: DELETE FROM opm.gl_payment_type
Hibernate: DELETE FROM opm.scm_first_insert
Hibernate: DELETE FROM opm.holiday
Hibernate: DELETE FROM opm.deduction_rate
Hibernate: DELETE FROM opm.interest_grace_period
Hibernate: DELETE FROM opm.gl_code
Hibernate: DELETE FROM opm.claim_without_service
Hibernate: DELETE FROM opm.payment_transaction_note
Hibernate: DELETE FROM opm.payment_move_transaction
Hibernate: DELETE FROM opm.interest_rate
Hibernate: DELETE FROM opm.payment_interest_detail
Hibernate: DELETE FROM opm.adjustment_transaction
Hibernate: DELETE FROM opm.invoice
Hibernate: DELETE FROM opm.a01_print_suppression_case
Hibernate: DELETE FROM opm.user_account_assignment
Hibernate: DELETE FROM opm.payment_refund_link
Hibernate: DELETE FROM opm.role_permission
Hibernate: DELETE FROM opm.user_permission
Hibernate: DELETE FROM opm.service_credit_preference
Hibernate: DELETE FROM opm.account_confirmation_validation_entry
Hibernate: DELETE FROM opm.payment_reverse
Hibernate: DELETE FROM opm.payment
Hibernate: DELETE FROM opm.pay_trans_status_code
Hibernate: DELETE FROM opm.payments_applied_order_code
Hibernate: DELETE FROM opm.printout
Hibernate: DELETE FROM opm.related_help_items
Hibernate: DELETE FROM opm.help_item
Hibernate: DELETE FROM opm.notification_READBY
Hibernate: DELETE FROM opm.date_calculation_data
Hibernate: DELETE FROM opm.refund_transaction
Hibernate: DELETE FROM opm.audit_parameter_record
Hibernate: DELETE FROM opm.audit_record
Hibernate: DELETE FROM opm.dedeposit
Hibernate: DELETE FROM opm.redeposit
Hibernate: DELETE FROM opm.calculation_result_item
Hibernate: DELETE FROM opm.calculation
Hibernate: DELETE FROM opm.fers_redeposit
Hibernate: DELETE FROM opm.fers_deposit
Hibernate: DELETE FROM opm.calculation_version
Hibernate: DELETE FROM opm.calculation_result
Hibernate: DELETE FROM opm.summary_data
Hibernate: DELETE FROM opm.billing
Hibernate: DELETE FROM opm.account_note
Hibernate: DELETE FROM opm.account
Hibernate: DELETE FROM opm.account_confirmation_validation
Hibernate: DELETE FROM opm.billing_summary
Hibernate: DELETE FROM opm.account_holder
Hibernate: DELETE FROM opm.address
Hibernate: DELETE FROM opm.error
Hibernate: DELETE FROM opm.info
Hibernate: DELETE FROM opm.notification
Hibernate: DELETE FROM opm.app_user
Hibernate: DELETE FROM opm.batch_daily_payments_history
Hibernate: DELETE FROM opm.audit_batch_history
Hibernate: DELETE FROM opm.new_claim_number_history
Hibernate: DELETE FROM opm.annuitant_list_history
Hibernate: DELETE FROM opm.time_factor_history
Hibernate: DELETE FROM opm.contact_info_history
Hibernate: DELETE FROM opm.interest_suppression_history
Hibernate: DELETE FROM opm.gl_payment_type_history
Hibernate: DELETE FROM opm.scm_first_insert_history
Hibernate: DELETE FROM opm.holiday_history
Hibernate: DELETE FROM opm.deduction_rate_history
Hibernate: DELETE FROM opm.interest_grace_period_history
Hibernate: DELETE FROM opm.gl_code_history
Hibernate: DELETE FROM opm.claim_without_service_history
Hibernate: DELETE FROM opm.payment_transaction_note_history
Hibernate: DELETE FROM opm.payment_move_transaction_history
Hibernate: DELETE FROM opm.interest_rate_history
Hibernate: DELETE FROM opm.payment_interest_detail_history
Hibernate: DELETE FROM opm.adjustment_transaction_history
Hibernate: DELETE FROM opm.invoice_history
Hibernate: DELETE FROM opm.a01_print_suppression_case_history
Hibernate: DELETE FROM opm.user_account_assignment_history
Hibernate: DELETE FROM opm.payment_refund_link_history
Hibernate: DELETE FROM opm.payments_applied_order_code_history
Hibernate: DELETE FROM opm.service_credit_preference_history
Hibernate: DELETE FROM opm.account_confirmation_validation_entry_history
Hibernate: DELETE FROM opm.account_confirmation_validation_history
Hibernate: DELETE FROM opm.payment_reverse_history
Hibernate: DELETE FROM opm.payment_history
Hibernate: DELETE FROM opm.pay_trans_status_code_history
Hibernate: DELETE FROM opm.notification_READBY_history
Hibernate: DELETE FROM opm.refund_transaction_history
Hibernate: DELETE FROM opm.summary_data_history
Hibernate: DELETE FROM opm.dedeposit_history
Hibernate: DELETE FROM opm.redeposit_history
Hibernate: DELETE FROM opm.calculation_result_item_history
Hibernate: DELETE FROM opm.calculation_result_history
Hibernate: DELETE FROM opm.calculation_history
Hibernate: DELETE FROM opm.fers_redeposit_history
Hibernate: DELETE FROM opm.fers_deposit_history
Hibernate: DELETE FROM opm.calculation_version_history
Hibernate: DELETE FROM opm.billing_history
Hibernate: DELETE FROM opm.billing_summary_history
Hibernate: DELETE FROM opm.account_note_history
Hibernate: DELETE FROM opm.address_history
Hibernate: DELETE FROM opm.account_history
Hibernate: DELETE FROM opm.account_holder_history
Hibernate: DELETE FROM opm.error_history
Hibernate: DELETE FROM opm.info_history
Hibernate: DELETE FROM opm.notification_history
Hibernate: DELETE FROM opm.app_user_history
Hibernate: DELETE FROM opm.change_trans_field_number_code
Hibernate: DELETE FROM opm.pay_code
Hibernate: DELETE FROM opm.payment_applied_order
Hibernate: DELETE FROM opm.agency_code
Hibernate: DELETE FROM opm.calculation_status
Hibernate: DELETE FROM opm.transfer_type
Hibernate: DELETE FROM opm.user_status
Hibernate: DELETE FROM opm.claim_officer
Hibernate: DELETE FROM opm.payment_status
Hibernate: DELETE FROM opm.application_designation
Hibernate: DELETE FROM opm.payment_reversal_reason
Hibernate: DELETE FROM opm.pay_type
Hibernate: DELETE FROM opm.appointment_type
Hibernate: DELETE FROM opm.role
Hibernate: DELETE FROM opm.service_type
Hibernate: DELETE FROM opm.retirement_type
Hibernate: DELETE FROM opm.account_status
Hibernate: DELETE FROM opm.country
Hibernate: DELETE FROM opm.state
Hibernate: DELETE FROM opm.period_type
Hibernate: DELETE FROM opm.suffix
Hibernate: DELETE FROM opm.form_type
Hibernate: insert into opm.pay_code (deleted, name, description) values (?, ?, ?)
Hibernate: insert into opm.form_type (deleted, name) values (?, ?)
Hibernate: insert into opm.suffix (deleted, name) values (?, ?)
Hibernate: insert into opm.state (deleted, name, abbreviation) values (?, ?, ?)
Hibernate: insert into opm.country (deleted, name) values (?, ?)
Hibernate: insert into opm.state (deleted, name, abbreviation) values (?, ?, ?)
Hibernate: insert into opm.address (deleted, city, country_id, state_id, street1, street2, street3, street4, street5, zip_code) values (?, ?, ?, ?, ?, ?, ?, ?, ?, ?)
Hibernate: insert into opm.account_holder (deleted, address_id, agency_code, birth_date, city_of_employment, department_code, email, first_name, geo_code, last_name, middle_initial, holder_position, ssn, state_of_employment_id, suffix_id, telephone, title) values (?, ?, ?, ?, ?, ?, ?, ?, ?, ?, ?, ?, ?, ?, ?, ?, ?)
Hibernate: insert into opm.account_status (deleted, name, display_order, status_category) values (?, ?, ?, ?)
Hibernate: insert into opm.billing_summary (deleted, computed_date, first_billing_date, last_deposit_date, last_interest_calculation, last_transaction_date, stop_ach_payments, transaction_type) values (?, ?, ?, ?, ?, ?, ?, ?)
Hibernate: insert into opm.billing (deleted, additional_interest, balance, initial_billing, name, payment_order, total_payments, billing_summary_id) values (?, ?, ?, ?, ?, ?, ?, ?)
Hibernate: insert into opm.account (deleted, acc_int_dep, acc_int_fers, acc_int_non_dep, acc_int_rdep, acc_int_var_rdep, additional_service, balance, billing_summary_id, claim_number, claim_officer, claim_officer_assignment_date, claimant_birthdate, code_20_date, computation_date, dbts_account, flag_postredeposit, flag_preredeposit, form_type_id, frozen, grace, account_holder_id, last_action, last_pay, new_claim_number, no_interest, pay_code_id, payment_order, plan_type, prior_claim_number, returned_from_record_date, account_status_id, stop_ach_payment, time_period, tot_pay_d, tot_pay_fers, tot_pay_n, tot_pay_r, tot_pay_vr, total_deposit, total_fers_w, total_non_deposit, total_redeposit, total_var_redeposit, account_confirmation_validation_id, var_int_computation_date) values (?, ?, ?, ?, ?, ?, ?, ?, ?, ?, ?, ?, ?, ?, ?, ?, ?, ?, ?, ?, ?, ?, ?, ?, ?, ?, ?, ?, ?, ?, ?, ?, ?, ?, ?, ?, ?, ?, ?, ?, ?, ?, ?, ?, ?, ?)
Hibernate: update opm.billing set billing_summary_id=? where id=?
Hibernate: insert into opm.payments_applied_order_code (deleted, display_order, payment_account) values (?, ?, ?)
Hibernate: insert into opm.pay_trans_status_code (deleted, balanced_scorecard, batch_processing_order, can_hit_gl, category, deletable, description, display_order, final_state, include_in_balance, manual_entered, needs_approval, next_state_link, nightly_batch, reversable, reversing_type, send_to_dbts, show_on_suspense, suspense_action) values (?, ?, ?, ?, ?, ?, ?, ?, ?, ?, ?, ?, ?, ?, ?, ?, ?, ?, ?)
Hibernate: insert into opm.payment_status (deleted, name) values (?, ?)
Hibernate: insert into opm.application_designation (deleted, name) values (?, ?)
Hibernate: insert into opm.account_status (deleted, name, display_order, status_category) values (?, ?, ?, ?)
Hibernate: insert into opm.account_status (deleted, name, display_order, status_category) values (?, ?, ?, ?)
Hibernate: insert into opm.account_status (deleted, name, display_order, status_category) values (?, ?, ?, ?)
Hibernate: insert into opm.payment (deleted, account_balance, account_holder_birthdate, account_id, account_status_id, ach, amount, apply_designation_id, apply_to_gl, approval_reason, approval_status, approval_user, batch_number, block_number, claim_number, claimant, claimant_birthday, deposit_date, disapprove, gov_refund, history_payment, import_id, master_account_balance, master_account_id, master_account_status_id, master_claim_number, master_claimant_birthday, note, order_code_id, payment_status_id, payment_type, post_deposit_amount, post_flag, post_redeposit_amount, pre_deposit_amount, pre_redeposit_amount, resolve_suspense, sequence, sequence_number, ssn, pay_trans_status_code_id, status_date, transaction_date, transaction_key, user_inserted) values (?, ?, ?, ?, ?, ?, ?, ?, ?, ?, ?, ?, ?, ?, ?, ?, ?, ?, ?, ?, ?, ?, ?, ?, ?, ?, ?, ?, ?, ?, ?, ?, ?, ?, ?, ?, ?, ?, ?, ?, ?, ?, ?, ?, ?)
Hibernate: SELECT COUNT(*) FROM opm.payment_history WHERE id=? AND action=?
Hibernate: select payment0_.id as id1_51_0_, payment0_.deleted as deleted2_51_0_, payment0_.account_balance as account3_51_0_, payment0_.account_holder_birthdate as account4_51_0_, payment0_.account_id as account5_51_0_, payment0_.account_status_id as account41_51_0_, payment0_.ach as ach6_51_0_, payment0_.amount as amount7_51_0_, payment0_.apply_designation_id as apply42_51_0_, payment0_.apply_to_gl as apply8_51_0_, payment0_.approval_reason as approval9_51_0_, payment0_.approval_status as approva10_51_0_, payment0_.approval_user as approva11_51_0_, payment0_.batch_number as batch12_51_0_, payment0_.block_number as block13_51_0_, payment0_.claim_number as claim14_51_0_, payment0_.claimant as claiman15_51_0_, payment0_.claimant_birthday as claiman16_51_0_, payment0_.deposit_date as deposit17_51_0_, payment0_.disapprove as disappr18_51_0_, payment0_.gov_refund as gov19_51_0_, payment0_.history_payment as history20_51_0_, payment0_.import_id as import21_51_0_, payment0_.master_account_balance as master22_51_0_, payment0_.master_account_id as master23_51_0_, payment0_.master_account_status_id as master43_51_0_, payment0_.master_claim_number as master24_51_0_, payment0_.master_claimant_birthday as master25_51_0_, payment0_.note as note26_51_0_, payment0_.order_code_id as order44_51_0_, payment0_.payment_status_id as payment45_51_0_, payment0_.payment_type as payment27_51_0_, payment0_.post_deposit_amount as post28_51_0_, payment0_.post_flag as post29_51_0_, payment0_.post_redeposit_amount as post30_51_0_, payment0_.pre_deposit_amount as pre31_51_0_, payment0_.pre_redeposit_amount as pre32_51_0_, payment0_.resolve_suspense as resolve33_51_0_, payment0_.sequence as sequenc34_51_0_, payment0_.sequence_number as sequenc35_51_0_, payment0_.ssn as ssn36_51_0_, payment0_.pay_trans_status_code_id as pay46_51_0_, payment0_.status_date as status37_51_0_, payment0_.transaction_date as transac38_51_0_, payment0_.transaction_key as transac39_51_0_, payment0_.user_inserted as user40_51_0_ from opm.payment payment0_ where payment0_.id=?
Hibernate: update opm.payment set deleted=?, account_balance=?, account_holder_birthdate=?, account_id=?, account_status_id=?, ach=?, amount=?, apply_designation_id=?, apply_to_gl=?, approval_reason=?, approval_status=?, approval_user=?, batch_number=?, block_number=?, claim_number=?, claimant=?, claimant_birthday=?, deposit_date=?, disapprove=?, gov_refund=?, history_payment=?, import_id=?, master_account_balance=?, master_account_id=?, master_account_status_id=?, master_claim_number=?, master_claimant_birthday=?, note=?, order_code_id=?, payment_status_id=?, payment_type=?, post_deposit_amount=?, post_flag=?, post_redeposit_amount=?, pre_deposit_amount=?, pre_redeposit_amount=?, resolve_suspense=?, sequence=?, sequence_number=?, ssn=?, pay_trans_status_code_id=?, status_date=?, transaction_date=?, transaction_key=?, user_inserted=? where id=?
Hibernate: SELECT COUNT(*) FROM opm.payment_history WHERE id=? AND action=?
Hibernate: delete from opm.payment where id=?
Hibernate: select payment0_.id as id1_51_0_, payment0_.deleted as deleted2_51_0_, payment0_.account_balance as account3_51_0_, payment0_.account_holder_birthdate as account4_51_0_, payment0_.account_id as account5_51_0_, payment0_.account_status_id as account41_51_0_, payment0_.ach as ach6_51_0_, payment0_.amount as amount7_51_0_, payment0_.apply_designation_id as apply42_51_0_, payment0_.apply_to_gl as apply8_51_0_, payment0_.approval_reason as approval9_51_0_, payment0_.approval_status as approva10_51_0_, payment0_.approval_user as approva11_51_0_, payment0_.batch_number as batch12_51_0_, payment0_.block_number as block13_51_0_, payment0_.claim_number as claim14_51_0_, payment0_.claimant as claiman15_51_0_, payment0_.claimant_birthday as claiman16_51_0_, payment0_.deposit_date as deposit17_51_0_, payment0_.disapprove as disappr18_51_0_, payment0_.gov_refund as gov19_51_0_, payment0_.history_payment as history20_51_0_, payment0_.import_id as import21_51_0_, payment0_.master_account_balance as master22_51_0_, payment0_.master_account_id as master23_51_0_, payment0_.master_account_status_id as master43_51_0_, payment0_.master_claim_number as master24_51_0_, payment0_.master_claimant_birthday as master25_51_0_, payment0_.note as note26_51_0_, payment0_.order_code_id as order44_51_0_, payment0_.payment_status_id as payment45_51_0_, payment0_.payment_type as payment27_51_0_, payment0_.post_deposit_amount as post28_51_0_, payment0_.post_flag as post29_51_0_, payment0_.post_redeposit_amount as post30_51_0_, payment0_.pre_deposit_amount as pre31_51_0_, payment0_.pre_redeposit_amount as pre32_51_0_, payment0_.resolve_suspense as resolve33_51_0_, payment0_.sequence as sequenc34_51_0_, payment0_.sequence_number as sequenc35_51_0_, payment0_.ssn as ssn36_51_0_, payment0_.pay_trans_status_code_id as pay46_51_0_, payment0_.status_date as status37_51_0_, payment0_.transaction_date as transac38_51_0_, payment0_.transaction_key as transac39_51_0_, payment0_.user_inserted as user40_51_0_ from opm.payment payment0_ where payment0_.id=?
Hibernate: SELECT COUNT(*) FROM opm.payment_history WHERE id=? AND action=?
Hibernate: DELETE FROM opm.batch_daily_payments
Hibernate: DELETE FROM opm.audit_batch
Hibernate: DELETE FROM opm.new_claim_number
Hibernate: DELETE FROM opm.annuitant_list
Hibernate: DELETE FROM opm.time_factor
Hibernate: DELETE FROM opm.contact_info
Hibernate: DELETE FROM opm.interest_suppression
Hibernate: DELETE FROM opm.gl_payment_type
Hibernate: DELETE FROM opm.scm_first_insert
Hibernate: DELETE FROM opm.holiday
Hibernate: DELETE FROM opm.deduction_rate
Hibernate: DELETE FROM opm.interest_grace_period
Hibernate: DELETE FROM opm.gl_code
Hibernate: DELETE FROM opm.claim_without_service
Hibernate: DELETE FROM opm.payment_transaction_note
Hibernate: DELETE FROM opm.payment_move_transaction
Hibernate: DELETE FROM opm.interest_rate
Hibernate: DELETE FROM opm.payment_interest_detail
Hibernate: DELETE FROM opm.adjustment_transaction
Hibernate: DELETE FROM opm.invoice
Hibernate: DELETE FROM opm.a01_print_suppression_case
Hibernate: DELETE FROM opm.user_account_assignment
Hibernate: DELETE FROM opm.payment_refund_link
Hibernate: DELETE FROM opm.role_permission
Hibernate: DELETE FROM opm.user_permission
Hibernate: DELETE FROM opm.service_credit_preference
Hibernate: DELETE FROM opm.account_confirmation_validation_entry
Hibernate: DELETE FROM opm.payment_reverse
Hibernate: DELETE FROM opm.payment
Hibernate: DELETE FROM opm.pay_trans_status_code
Hibernate: DELETE FROM opm.payments_applied_order_code
Hibernate: DELETE FROM opm.printout
Hibernate: DELETE FROM opm.related_help_items
Hibernate: DELETE FROM opm.help_item
Hibernate: DELETE FROM opm.notification_READBY
Hibernate: DELETE FROM opm.date_calculation_data
Hibernate: DELETE FROM opm.refund_transaction
Hibernate: DELETE FROM opm.audit_parameter_record
Hibernate: DELETE FROM opm.audit_record
Hibernate: DELETE FROM opm.dedeposit
Hibernate: DELETE FROM opm.redeposit
Hibernate: DELETE FROM opm.calculation_result_item
Hibernate: DELETE FROM opm.calculation
Hibernate: DELETE FROM opm.fers_redeposit
Hibernate: DELETE FROM opm.fers_deposit
Hibernate: DELETE FROM opm.calculation_version
Hibernate: DELETE FROM opm.calculation_result
Hibernate: DELETE FROM opm.summary_data
Hibernate: DELETE FROM opm.billing
Hibernate: DELETE FROM opm.account_note
Hibernate: DELETE FROM opm.account
Hibernate: DELETE FROM opm.account_confirmation_validation
Hibernate: DELETE FROM opm.billing_summary
Hibernate: DELETE FROM opm.account_holder
Hibernate: DELETE FROM opm.address
Hibernate: DELETE FROM opm.error
Hibernate: DELETE FROM opm.info
Hibernate: DELETE FROM opm.notification
Hibernate: DELETE FROM opm.app_user
Hibernate: DELETE FROM opm.batch_daily_payments_history
Hibernate: DELETE FROM opm.audit_batch_history
Hibernate: DELETE FROM opm.new_claim_number_history
Hibernate: DELETE FROM opm.annuitant_list_history
Hibernate: DELETE FROM opm.time_factor_history
Hibernate: DELETE FROM opm.contact_info_history
Hibernate: DELETE FROM opm.interest_suppression_history
Hibernate: DELETE FROM opm.gl_payment_type_history
Hibernate: DELETE FROM opm.scm_first_insert_history
Hibernate: DELETE FROM opm.holiday_history
Hibernate: DELETE FROM opm.deduction_rate_history
Hibernate: DELETE FROM opm.interest_grace_period_history
Hibernate: DELETE FROM opm.gl_code_history
Hibernate: DELETE FROM opm.claim_without_service_history
Hibernate: DELETE FROM opm.payment_transaction_note_history
Hibernate: DELETE FROM opm.payment_move_transaction_history
Hibernate: DELETE FROM opm.interest_rate_history
Hibernate: DELETE FROM opm.payment_interest_detail_history
Hibernate: DELETE FROM opm.adjustment_transaction_history
Hibernate: DELETE FROM opm.invoice_history
Hibernate: DELETE FROM opm.a01_print_suppression_case_history
Hibernate: DELETE FROM opm.user_account_assignment_history
Hibernate: DELETE FROM opm.payment_refund_link_history
Hibernate: DELETE FROM opm.payments_applied_order_code_history
Hibernate: DELETE FROM opm.service_credit_preference_history
Hibernate: DELETE FROM opm.account_confirmation_validation_entry_history
Hibernate: DELETE FROM opm.account_confirmation_validation_history
Hibernate: DELETE FROM opm.payment_reverse_history
Hibernate: DELETE FROM opm.payment_history
Hibernate: DELETE FROM opm.pay_trans_status_code_history
Hibernate: DELETE FROM opm.notification_READBY_history
Hibernate: DELETE FROM opm.refund_transaction_history
Hibernate: DELETE FROM opm.summary_data_history
Hibernate: DELETE FROM opm.dedeposit_history
Hibernate: DELETE FROM opm.redeposit_history
Hibernate: DELETE FROM opm.calculation_result_item_history
Hibernate: DELETE FROM opm.calculation_result_history
Hibernate: DELETE FROM opm.calculation_history
Hibernate: DELETE FROM opm.fers_redeposit_history
Hibernate: DELETE FROM opm.fers_deposit_history
Hibernate: DELETE FROM opm.calculation_version_history
Hibernate: DELETE FROM opm.billing_history
Hibernate: DELETE FROM opm.billing_summary_history
Hibernate: DELETE FROM opm.account_note_history
Hibernate: DELETE FROM opm.address_history
Hibernate: DELETE FROM opm.account_history
Hibernate: DELETE FROM opm.account_holder_history
Hibernate: DELETE FROM opm.error_history
Hibernate: DELETE FROM opm.info_history
Hibernate: DELETE FROM opm.notification_history
Hibernate: DELETE FROM opm.app_user_history
Hibernate: DELETE FROM opm.change_trans_field_number_code
Hibernate: DELETE FROM opm.pay_code
Hibernate: DELETE FROM opm.payment_applied_order
Hibernate: DELETE FROM opm.agency_code
Hibernate: DELETE FROM opm.calculation_status
Hibernate: DELETE FROM opm.transfer_type
Hibernate: DELETE FROM opm.user_status
Hibernate: DELETE FROM opm.claim_officer
Hibernate: DELETE FROM opm.payment_status
Hibernate: DELETE FROM opm.application_designation
Hibernate: DELETE FROM opm.payment_reversal_reason
Hibernate: DELETE FROM opm.pay_type
Hibernate: DELETE FROM opm.appointment_type
Hibernate: DELETE FROM opm.role
Hibernate: DELETE FROM opm.service_type
Hibernate: DELETE FROM opm.retirement_type
Hibernate: DELETE FROM opm.account_status
Hibernate: DELETE FROM opm.country
Hibernate: DELETE FROM opm.state
Hibernate: DELETE FROM opm.period_type
Hibernate: DELETE FROM opm.suffix
Hibernate: DELETE FROM opm.form_type
Hibernate: DELETE FROM opm.batch_daily_payments
Hibernate: DELETE FROM opm.audit_batch
Hibernate: DELETE FROM opm.new_claim_number
Hibernate: DELETE FROM opm.annuitant_list
Hibernate: DELETE FROM opm.time_factor
Hibernate: DELETE FROM opm.contact_info
Hibernate: DELETE FROM opm.interest_suppression
Hibernate: DELETE FROM opm.gl_payment_type
Hibernate: DELETE FROM opm.scm_first_insert
Hibernate: DELETE FROM opm.holiday
Hibernate: DELETE FROM opm.deduction_rate
Hibernate: DELETE FROM opm.interest_grace_period
Hibernate: DELETE FROM opm.gl_code
Hibernate: DELETE FROM opm.claim_without_service
Hibernate: DELETE FROM opm.payment_transaction_note
Hibernate: DELETE FROM opm.payment_move_transaction
Hibernate: DELETE FROM opm.interest_rate
Hibernate: DELETE FROM opm.payment_interest_detail
Hibernate: DELETE FROM opm.adjustment_transaction
Hibernate: DELETE FROM opm.invoice
Hibernate: DELETE FROM opm.a01_print_suppression_case
Hibernate: DELETE FROM opm.user_account_assignment
Hibernate: DELETE FROM opm.payment_refund_link
Hibernate: DELETE FROM opm.role_permission
Hibernate: DELETE FROM opm.user_permission
Hibernate: DELETE FROM opm.service_credit_preference
Hibernate: DELETE FROM opm.account_confirmation_validation_entry
Hibernate: DELETE FROM opm.payment_reverse
Hibernate: DELETE FROM opm.payment
Hibernate: DELETE FROM opm.pay_trans_status_code
Hibernate: DELETE FROM opm.payments_applied_order_code
Hibernate: DELETE FROM opm.printout
Hibernate: DELETE FROM opm.related_help_items
Hibernate: DELETE FROM opm.help_item
Hibernate: DELETE FROM opm.notification_READBY
Hibernate: DELETE FROM opm.date_calculation_data
Hibernate: DELETE FROM opm.refund_transaction
Hibernate: DELETE FROM opm.audit_parameter_record
Hibernate: DELETE FROM opm.audit_record
Hibernate: DELETE FROM opm.dedeposit
Hibernate: DELETE FROM opm.redeposit
Hibernate: DELETE FROM opm.calculation_result_item
Hibernate: DELETE FROM opm.calculation
Hibernate: DELETE FROM opm.fers_redeposit
Hibernate: DELETE FROM opm.fers_deposit
Hibernate: DELETE FROM opm.calculation_version
Hibernate: DELETE FROM opm.calculation_result
Hibernate: DELETE FROM opm.summary_data
Hibernate: DELETE FROM opm.billing
Hibernate: DELETE FROM opm.account_note
Hibernate: DELETE FROM opm.account
Hibernate: DELETE FROM opm.account_confirmation_validation
Hibernate: DELETE FROM opm.billing_summary
Hibernate: DELETE FROM opm.account_holder
Hibernate: DELETE FROM opm.address
Hibernate: DELETE FROM opm.error
Hibernate: DELETE FROM opm.info
Hibernate: DELETE FROM opm.notification
Hibernate: DELETE FROM opm.app_user
Hibernate: DELETE FROM opm.batch_daily_payments_history
Hibernate: DELETE FROM opm.audit_batch_history
Hibernate: DELETE FROM opm.new_claim_number_history
Hibernate: DELETE FROM opm.annuitant_list_history
Hibernate: DELETE FROM opm.time_factor_history
Hibernate: DELETE FROM opm.contact_info_history
Hibernate: DELETE FROM opm.interest_suppression_history
Hibernate: DELETE FROM opm.gl_payment_type_history
Hibernate: DELETE FROM opm.scm_first_insert_history
Hibernate: DELETE FROM opm.holiday_history
Hibernate: DELETE FROM opm.deduction_rate_history
Hibernate: DELETE FROM opm.interest_grace_period_history
Hibernate: DELETE FROM opm.gl_code_history
Hibernate: DELETE FROM opm.claim_without_service_history
Hibernate: DELETE FROM opm.payment_transaction_note_history
Hibernate: DELETE FROM opm.payment_move_transaction_history
Hibernate: DELETE FROM opm.interest_rate_history
Hibernate: DELETE FROM opm.payment_interest_detail_history
Hibernate: DELETE FROM opm.adjustment_transaction_history
Hibernate: DELETE FROM opm.invoice_history
Hibernate: DELETE FROM opm.a01_print_suppression_case_history
Hibernate: DELETE FROM opm.user_account_assignment_history
Hibernate: DELETE FROM opm.payment_refund_link_history
Hibernate: DELETE FROM opm.payments_applied_order_code_history
Hibernate: DELETE FROM opm.service_credit_preference_history
Hibernate: DELETE FROM opm.account_confirmation_validation_entry_history
Hibernate: DELETE FROM opm.account_confirmation_validation_history
Hibernate: DELETE FROM opm.payment_reverse_history
Hibernate: DELETE FROM opm.payment_history
Hibernate: DELETE FROM opm.pay_trans_status_code_history
Hibernate: DELETE FROM opm.notification_READBY_history
Hibernate: DELETE FROM opm.refund_transaction_history
Hibernate: DELETE FROM opm.summary_data_history
Hibernate: DELETE FROM opm.dedeposit_history
Hibernate: DELETE FROM opm.redeposit_history
Hibernate: DELETE FROM opm.calculation_result_item_history
Hibernate: DELETE FROM opm.calculation_result_history
Hibernate: DELETE FROM opm.calculation_history
Hibernate: DELETE FROM opm.fers_redeposit_history
Hibernate: DELETE FROM opm.fers_deposit_history
Hibernate: DELETE FROM opm.calculation_version_history
Hibernate: DELETE FROM opm.billing_history
Hibernate: DELETE FROM opm.billing_summary_history
Hibernate: DELETE FROM opm.account_note_history
Hibernate: DELETE FROM opm.address_history
Hibernate: DELETE FROM opm.account_history
Hibernate: DELETE FROM opm.account_holder_history
Hibernate: DELETE FROM opm.error_history
Hibernate: DELETE FROM opm.info_history
Hibernate: DELETE FROM opm.notification_history
Hibernate: DELETE FROM opm.app_user_history
Hibernate: DELETE FROM opm.change_trans_field_number_code
Hibernate: DELETE FROM opm.pay_code
Hibernate: DELETE FROM opm.payment_applied_order
Hibernate: DELETE FROM opm.agency_code
Hibernate: DELETE FROM opm.calculation_status
Hibernate: DELETE FROM opm.transfer_type
Hibernate: DELETE FROM opm.user_status
Hibernate: DELETE FROM opm.claim_officer
Hibernate: DELETE FROM opm.payment_status
Hibernate: DELETE FROM opm.application_designation
Hibernate: DELETE FROM opm.payment_reversal_reason
Hibernate: DELETE FROM opm.pay_type
Hibernate: DELETE FROM opm.appointment_type
Hibernate: DELETE FROM opm.role
Hibernate: DELETE FROM opm.service_type
Hibernate: DELETE FROM opm.retirement_type
Hibernate: DELETE FROM opm.account_status
Hibernate: DELETE FROM opm.country
Hibernate: DELETE FROM opm.state
Hibernate: DELETE FROM opm.period_type
Hibernate: DELETE FROM opm.suffix
Hibernate: DELETE FROM opm.form_type
Hibernate: insert into opm.pay_code (deleted, name, description) values (?, ?, ?)
Hibernate: insert into opm.form_type (deleted, name) values (?, ?)
Hibernate: insert into opm.suffix (deleted, name) values (?, ?)
Hibernate: insert into opm.state (deleted, name, abbreviation) values (?, ?, ?)
Hibernate: insert into opm.country (deleted, name) values (?, ?)
Hibernate: insert into opm.state (deleted, name, abbreviation) values (?, ?, ?)
Hibernate: insert into opm.address (deleted, city, country_id, state_id, street1, street2, street3, street4, street5, zip_code) values (?, ?, ?, ?, ?, ?, ?, ?, ?, ?)
Hibernate: insert into opm.account_holder (deleted, address_id, agency_code, birth_date, city_of_employment, department_code, email, first_name, geo_code, last_name, middle_initial, holder_position, ssn, state_of_employment_id, suffix_id, telephone, title) values (?, ?, ?, ?, ?, ?, ?, ?, ?, ?, ?, ?, ?, ?, ?, ?, ?)
Hibernate: insert into opm.account_status (deleted, name, display_order, status_category) values (?, ?, ?, ?)
Hibernate: insert into opm.billing_summary (deleted, computed_date, first_billing_date, last_deposit_date, last_interest_calculation, last_transaction_date, stop_ach_payments, transaction_type) values (?, ?, ?, ?, ?, ?, ?, ?)
Hibernate: insert into opm.billing (deleted, additional_interest, balance, initial_billing, name, payment_order, total_payments, billing_summary_id) values (?, ?, ?, ?, ?, ?, ?, ?)
Hibernate: insert into opm.account (deleted, acc_int_dep, acc_int_fers, acc_int_non_dep, acc_int_rdep, acc_int_var_rdep, additional_service, balance, billing_summary_id, claim_number, claim_officer, claim_officer_assignment_date, claimant_birthdate, code_20_date, computation_date, dbts_account, flag_postredeposit, flag_preredeposit, form_type_id, frozen, grace, account_holder_id, last_action, last_pay, new_claim_number, no_interest, pay_code_id, payment_order, plan_type, prior_claim_number, returned_from_record_date, account_status_id, stop_ach_payment, time_period, tot_pay_d, tot_pay_fers, tot_pay_n, tot_pay_r, tot_pay_vr, total_deposit, total_fers_w, total_non_deposit, total_redeposit, total_var_redeposit, account_confirmation_validation_id, var_int_computation_date) values (?, ?, ?, ?, ?, ?, ?, ?, ?, ?, ?, ?, ?, ?, ?, ?, ?, ?, ?, ?, ?, ?, ?, ?, ?, ?, ?, ?, ?, ?, ?, ?, ?, ?, ?, ?, ?, ?, ?, ?, ?, ?, ?, ?, ?, ?)
Hibernate: update opm.billing set billing_summary_id=? where id=?
Hibernate: insert into opm.account_confirmation_validation (deleted, account_id, data_check_status, data_check_status_reason, data_check_status_validator) values (?, ?, ?, ?, ?)
Hibernate: insert into opm.account_confirmation_validation_entry (deleted, field_name, valid, account_confirmation_validation_id) values (?, ?, ?, ?)
Hibernate: update opm.account_confirmation_validation_entry set account_confirmation_validation_id=? where id=?
Hibernate: SELECT COUNT(*) FROM opm.account_confirmation_validation_history WHERE id=? AND action=?
Hibernate: SELECT COUNT(*) FROM opm.account_confirmation_validation_entry_history WHERE id=? AND action=?
Hibernate: select accountcon0_.id as id1_2_0_, accountcon0_.deleted as deleted2_2_0_, accountcon0_.account_id as account3_2_0_, accountcon0_.data_check_status as data4_2_0_, accountcon0_.data_check_status_reason as data5_2_0_, accountcon0_.data_check_status_validator as data6_2_0_ from opm.account_confirmation_validation accountcon0_ where accountcon0_.id=?
Hibernate: select entries0_.account_confirmation_validation_id as account5_2_1_, entries0_.id as id1_3_1_, entries0_.id as id1_3_0_, entries0_.deleted as deleted2_3_0_, entries0_.field_name as field3_3_0_, entries0_.valid as valid4_3_0_ from opm.account_confirmation_validation_entry entries0_ where entries0_.account_confirmation_validation_id=?
Hibernate: update opm.account_confirmation_validation set deleted=?, account_id=?, data_check_status=?, data_check_status_reason=?, data_check_status_validator=? where id=?
Hibernate: SELECT COUNT(*) FROM opm.account_confirmation_validation_history WHERE id=? AND action=?
Hibernate: delete from opm.account_confirmation_validation_entry where id=?
Hibernate: delete from opm.account_confirmation_validation where id=?
Hibernate: select accountcon0_.id as id1_2_0_, accountcon0_.deleted as deleted2_2_0_, accountcon0_.account_id as account3_2_0_, accountcon0_.data_check_status as data4_2_0_, accountcon0_.data_check_status_reason as data5_2_0_, accountcon0_.data_check_status_validator as data6_2_0_ from opm.account_confirmation_validation accountcon0_ where accountcon0_.id=?
Hibernate: SELECT COUNT(*) FROM opm.account_confirmation_validation_history WHERE id=? AND action=?
Hibernate: SELECT COUNT(*) FROM opm.account_confirmation_validation_entry_history WHERE id=? AND action=?
Hibernate: DELETE FROM opm.batch_daily_payments
Hibernate: DELETE FROM opm.audit_batch
Hibernate: DELETE FROM opm.new_claim_number
Hibernate: DELETE FROM opm.annuitant_list
Hibernate: DELETE FROM opm.time_factor
Hibernate: DELETE FROM opm.contact_info
Hibernate: DELETE FROM opm.interest_suppression
Hibernate: DELETE FROM opm.gl_payment_type
Hibernate: DELETE FROM opm.scm_first_insert
Hibernate: DELETE FROM opm.holiday
Hibernate: DELETE FROM opm.deduction_rate
Hibernate: DELETE FROM opm.interest_grace_period
Hibernate: DELETE FROM opm.gl_code
Hibernate: DELETE FROM opm.claim_without_service
Hibernate: DELETE FROM opm.payment_transaction_note
Hibernate: DELETE FROM opm.payment_move_transaction
Hibernate: DELETE FROM opm.interest_rate
Hibernate: DELETE FROM opm.payment_interest_detail
Hibernate: DELETE FROM opm.adjustment_transaction
Hibernate: DELETE FROM opm.invoice
Hibernate: DELETE FROM opm.a01_print_suppression_case
Hibernate: DELETE FROM opm.user_account_assignment
Hibernate: DELETE FROM opm.payment_refund_link
Hibernate: DELETE FROM opm.role_permission
Hibernate: DELETE FROM opm.user_permission
Hibernate: DELETE FROM opm.service_credit_preference
Hibernate: DELETE FROM opm.account_confirmation_validation_entry
Hibernate: DELETE FROM opm.payment_reverse
Hibernate: DELETE FROM opm.payment
Hibernate: DELETE FROM opm.pay_trans_status_code
Hibernate: DELETE FROM opm.payments_applied_order_code
Hibernate: DELETE FROM opm.printout
Hibernate: DELETE FROM opm.related_help_items
Hibernate: DELETE FROM opm.help_item
Hibernate: DELETE FROM opm.notification_READBY
Hibernate: DELETE FROM opm.date_calculation_data
Hibernate: DELETE FROM opm.refund_transaction
Hibernate: DELETE FROM opm.audit_parameter_record
Hibernate: DELETE FROM opm.audit_record
Hibernate: DELETE FROM opm.dedeposit
Hibernate: DELETE FROM opm.redeposit
Hibernate: DELETE FROM opm.calculation_result_item
Hibernate: DELETE FROM opm.calculation
Hibernate: DELETE FROM opm.fers_redeposit
Hibernate: DELETE FROM opm.fers_deposit
Hibernate: DELETE FROM opm.calculation_version
Hibernate: DELETE FROM opm.calculation_result
Hibernate: DELETE FROM opm.summary_data
Hibernate: DELETE FROM opm.billing
Hibernate: DELETE FROM opm.account_note
Hibernate: DELETE FROM opm.account
Hibernate: DELETE FROM opm.account_confirmation_validation
Hibernate: DELETE FROM opm.billing_summary
Hibernate: DELETE FROM opm.account_holder
Hibernate: DELETE FROM opm.address
Hibernate: DELETE FROM opm.error
Hibernate: DELETE FROM opm.info
Hibernate: DELETE FROM opm.notification
Hibernate: DELETE FROM opm.app_user
Hibernate: DELETE FROM opm.batch_daily_payments_history
Hibernate: DELETE FROM opm.audit_batch_history
Hibernate: DELETE FROM opm.new_claim_number_history
Hibernate: DELETE FROM opm.annuitant_list_history
Hibernate: DELETE FROM opm.time_factor_history
Hibernate: DELETE FROM opm.contact_info_history
Hibernate: DELETE FROM opm.interest_suppression_history
Hibernate: DELETE FROM opm.gl_payment_type_history
Hibernate: DELETE FROM opm.scm_first_insert_history
Hibernate: DELETE FROM opm.holiday_history
Hibernate: DELETE FROM opm.deduction_rate_history
Hibernate: DELETE FROM opm.interest_grace_period_history
Hibernate: DELETE FROM opm.gl_code_history
Hibernate: DELETE FROM opm.claim_without_service_history
Hibernate: DELETE FROM opm.payment_transaction_note_history
Hibernate: DELETE FROM opm.payment_move_transaction_history
Hibernate: DELETE FROM opm.interest_rate_history
Hibernate: DELETE FROM opm.payment_interest_detail_history
Hibernate: DELETE FROM opm.adjustment_transaction_history
Hibernate: DELETE FROM opm.invoice_history
Hibernate: DELETE FROM opm.a01_print_suppression_case_history
Hibernate: DELETE FROM opm.user_account_assignment_history
Hibernate: DELETE FROM opm.payment_refund_link_history
Hibernate: DELETE FROM opm.payments_applied_order_code_history
Hibernate: DELETE FROM opm.service_credit_preference_history
Hibernate: DELETE FROM opm.account_confirmation_validation_entry_history
Hibernate: DELETE FROM opm.account_confirmation_validation_history
Hibernate: DELETE FROM opm.payment_reverse_history
Hibernate: DELETE FROM opm.payment_history
Hibernate: DELETE FROM opm.pay_trans_status_code_history
Hibernate: DELETE FROM opm.notification_READBY_history
Hibernate: DELETE FROM opm.refund_transaction_history
Hibernate: DELETE FROM opm.summary_data_history
Hibernate: DELETE FROM opm.dedeposit_history
Hibernate: DELETE FROM opm.redeposit_history
Hibernate: DELETE FROM opm.calculation_result_item_history
Hibernate: DELETE FROM opm.calculation_result_history
Hibernate: DELETE FROM opm.calculation_history
Hibernate: DELETE FROM opm.fers_redeposit_history
Hibernate: DELETE FROM opm.fers_deposit_history
Hibernate: DELETE FROM opm.calculation_version_history
Hibernate: DELETE FROM opm.billing_history
Hibernate: DELETE FROM opm.billing_summary_history
Hibernate: DELETE FROM opm.account_note_history
Hibernate: DELETE FROM opm.address_history
Hibernate: DELETE FROM opm.account_history
Hibernate: DELETE FROM opm.account_holder_history
Hibernate: DELETE FROM opm.error_history
Hibernate: DELETE FROM opm.info_history
Hibernate: DELETE FROM opm.notification_history
Hibernate: DELETE FROM opm.app_user_history
Hibernate: DELETE FROM opm.change_trans_field_number_code
Hibernate: DELETE FROM opm.pay_code
Hibernate: DELETE FROM opm.payment_applied_order
Hibernate: DELETE FROM opm.agency_code
Hibernate: DELETE FROM opm.calculation_status
Hibernate: DELETE FROM opm.transfer_type
Hibernate: DELETE FROM opm.user_status
Hibernate: DELETE FROM opm.claim_officer
Hibernate: DELETE FROM opm.payment_status
Hibernate: DELETE FROM opm.application_designation
Hibernate: DELETE FROM opm.payment_reversal_reason
Hibernate: DELETE FROM opm.pay_type
Hibernate: DELETE FROM opm.appointment_type
Hibernate: DELETE FROM opm.role
Hibernate: DELETE FROM opm.service_type
Hibernate: DELETE FROM opm.retirement_type
Hibernate: DELETE FROM opm.account_status
Hibernate: DELETE FROM opm.country
Hibernate: DELETE FROM opm.state
Hibernate: DELETE FROM opm.period_type
Hibernate: DELETE FROM opm.suffix
Hibernate: DELETE FROM opm.form_type
Hibernate: DELETE FROM opm.batch_daily_payments
Hibernate: DELETE FROM opm.audit_batch
Hibernate: DELETE FROM opm.new_claim_number
Hibernate: DELETE FROM opm.annuitant_list
Hibernate: DELETE FROM opm.time_factor
Hibernate: DELETE FROM opm.contact_info
Hibernate: DELETE FROM opm.interest_suppression
Hibernate: DELETE FROM opm.gl_payment_type
Hibernate: DELETE FROM opm.scm_first_insert
Hibernate: DELETE FROM opm.holiday
Hibernate: DELETE FROM opm.deduction_rate
Hibernate: DELETE FROM opm.interest_grace_period
Hibernate: DELETE FROM opm.gl_code
Hibernate: DELETE FROM opm.claim_without_service
Hibernate: DELETE FROM opm.payment_transaction_note
Hibernate: DELETE FROM opm.payment_move_transaction
Hibernate: DELETE FROM opm.interest_rate
Hibernate: DELETE FROM opm.payment_interest_detail
Hibernate: DELETE FROM opm.adjustment_transaction
Hibernate: DELETE FROM opm.invoice
Hibernate: DELETE FROM opm.a01_print_suppression_case
Hibernate: DELETE FROM opm.user_account_assignment
Hibernate: DELETE FROM opm.payment_refund_link
Hibernate: DELETE FROM opm.role_permission
Hibernate: DELETE FROM opm.user_permission
Hibernate: DELETE FROM opm.service_credit_preference
Hibernate: DELETE FROM opm.account_confirmation_validation_entry
Hibernate: DELETE FROM opm.payment_reverse
Hibernate: DELETE FROM opm.payment
Hibernate: DELETE FROM opm.pay_trans_status_code
Hibernate: DELETE FROM opm.payments_applied_order_code
Hibernate: DELETE FROM opm.printout
Hibernate: DELETE FROM opm.related_help_items
Hibernate: DELETE FROM opm.help_item
Hibernate: DELETE FROM opm.notification_READBY
Hibernate: DELETE FROM opm.date_calculation_data
Hibernate: DELETE FROM opm.refund_transaction
Hibernate: DELETE FROM opm.audit_parameter_record
Hibernate: DELETE FROM opm.audit_record
Hibernate: DELETE FROM opm.dedeposit
Hibernate: DELETE FROM opm.redeposit
Hibernate: DELETE FROM opm.calculation_result_item
Hibernate: DELETE FROM opm.calculation
Hibernate: DELETE FROM opm.fers_redeposit
Hibernate: DELETE FROM opm.fers_deposit
Hibernate: DELETE FROM opm.calculation_version
Hibernate: DELETE FROM opm.calculation_result
Hibernate: DELETE FROM opm.summary_data
Hibernate: DELETE FROM opm.billing
Hibernate: DELETE FROM opm.account_note
Hibernate: DELETE FROM opm.account
Hibernate: DELETE FROM opm.account_confirmation_validation
Hibernate: DELETE FROM opm.billing_summary
Hibernate: DELETE FROM opm.account_holder
Hibernate: DELETE FROM opm.address
Hibernate: DELETE FROM opm.error
Hibernate: DELETE FROM opm.info
Hibernate: DELETE FROM opm.notification
Hibernate: DELETE FROM opm.app_user
Hibernate: DELETE FROM opm.batch_daily_payments_history
Hibernate: DELETE FROM opm.audit_batch_history
Hibernate: DELETE FROM opm.new_claim_number_history
Hibernate: DELETE FROM opm.annuitant_list_history
Hibernate: DELETE FROM opm.time_factor_history
Hibernate: DELETE FROM opm.contact_info_history
Hibernate: DELETE FROM opm.interest_suppression_history
Hibernate: DELETE FROM opm.gl_payment_type_history
Hibernate: DELETE FROM opm.scm_first_insert_history
Hibernate: DELETE FROM opm.holiday_history
Hibernate: DELETE FROM opm.deduction_rate_history
Hibernate: DELETE FROM opm.interest_grace_period_history
Hibernate: DELETE FROM opm.gl_code_history
Hibernate: DELETE FROM opm.claim_without_service_history
Hibernate: DELETE FROM opm.payment_transaction_note_history
Hibernate: DELETE FROM opm.payment_move_transaction_history
Hibernate: DELETE FROM opm.interest_rate_history
Hibernate: DELETE FROM opm.payment_interest_detail_history
Hibernate: DELETE FROM opm.adjustment_transaction_history
Hibernate: DELETE FROM opm.invoice_history
Hibernate: DELETE FROM opm.a01_print_suppression_case_history
Hibernate: DELETE FROM opm.user_account_assignment_history
Hibernate: DELETE FROM opm.payment_refund_link_history
Hibernate: DELETE FROM opm.payments_applied_order_code_history
Hibernate: DELETE FROM opm.service_credit_preference_history
Hibernate: DELETE FROM opm.account_confirmation_validation_entry_history
Hibernate: DELETE FROM opm.account_confirmation_validation_history
Hibernate: DELETE FROM opm.payment_reverse_history
Hibernate: DELETE FROM opm.payment_history
Hibernate: DELETE FROM opm.pay_trans_status_code_history
Hibernate: DELETE FROM opm.notification_READBY_history
Hibernate: DELETE FROM opm.refund_transaction_history
Hibernate: DELETE FROM opm.summary_data_history
Hibernate: DELETE FROM opm.dedeposit_history
Hibernate: DELETE FROM opm.redeposit_history
Hibernate: DELETE FROM opm.calculation_result_item_history
Hibernate: DELETE FROM opm.calculation_result_history
Hibernate: DELETE FROM opm.calculation_history
Hibernate: DELETE FROM opm.fers_redeposit_history
Hibernate: DELETE FROM opm.fers_deposit_history
Hibernate: DELETE FROM opm.calculation_version_history
Hibernate: DELETE FROM opm.billing_history
Hibernate: DELETE FROM opm.billing_summary_history
Hibernate: DELETE FROM opm.account_note_history
Hibernate: DELETE FROM opm.address_history
Hibernate: DELETE FROM opm.account_history
Hibernate: DELETE FROM opm.account_holder_history
Hibernate: DELETE FROM opm.error_history
Hibernate: DELETE FROM opm.info_history
Hibernate: DELETE FROM opm.notification_history
Hibernate: DELETE FROM opm.app_user_history
Hibernate: DELETE FROM opm.change_trans_field_number_code
Hibernate: DELETE FROM opm.pay_code
Hibernate: DELETE FROM opm.payment_applied_order
Hibernate: DELETE FROM opm.agency_code
Hibernate: DELETE FROM opm.calculation_status
Hibernate: DELETE FROM opm.transfer_type
Hibernate: DELETE FROM opm.user_status
Hibernate: DELETE FROM opm.claim_officer
Hibernate: DELETE FROM opm.payment_status
Hibernate: DELETE FROM opm.application_designation
Hibernate: DELETE FROM opm.payment_reversal_reason
Hibernate: DELETE FROM opm.pay_type
Hibernate: DELETE FROM opm.appointment_type
Hibernate: DELETE FROM opm.role
Hibernate: DELETE FROM opm.service_type
Hibernate: DELETE FROM opm.retirement_type
Hibernate: DELETE FROM opm.account_status
Hibernate: DELETE FROM opm.country
Hibernate: DELETE FROM opm.state
Hibernate: DELETE FROM opm.period_type
Hibernate: DELETE FROM opm.suffix
Hibernate: DELETE FROM opm.form_type
Hibernate: insert into opm.pay_code (deleted, name, description) values (?, ?, ?)
Hibernate: insert into opm.form_type (deleted, name) values (?, ?)
Hibernate: insert into opm.suffix (deleted, name) values (?, ?)
Hibernate: insert into opm.state (deleted, name, abbreviation) values (?, ?, ?)
Hibernate: insert into opm.country (deleted, name) values (?, ?)
Hibernate: insert into opm.state (deleted, name, abbreviation) values (?, ?, ?)
Hibernate: insert into opm.address (deleted, city, country_id, state_id, street1, street2, street3, street4, street5, zip_code) values (?, ?, ?, ?, ?, ?, ?, ?, ?, ?)
Hibernate: insert into opm.account_holder (deleted, address_id, agency_code, birth_date, city_of_employment, department_code, email, first_name, geo_code, last_name, middle_initial, holder_position, ssn, state_of_employment_id, suffix_id, telephone, title) values (?, ?, ?, ?, ?, ?, ?, ?, ?, ?, ?, ?, ?, ?, ?, ?, ?)
Hibernate: insert into opm.account_status (deleted, name, display_order, status_category) values (?, ?, ?, ?)
Hibernate: insert into opm.billing_summary (deleted, computed_date, first_billing_date, last_deposit_date, last_interest_calculation, last_transaction_date, stop_ach_payments, transaction_type) values (?, ?, ?, ?, ?, ?, ?, ?)
Hibernate: insert into opm.billing (deleted, additional_interest, balance, initial_billing, name, payment_order, total_payments, billing_summary_id) values (?, ?, ?, ?, ?, ?, ?, ?)
Hibernate: insert into opm.account (deleted, acc_int_dep, acc_int_fers, acc_int_non_dep, acc_int_rdep, acc_int_var_rdep, additional_service, balance, billing_summary_id, claim_number, claim_officer, claim_officer_assignment_date, claimant_birthdate, code_20_date, computation_date, dbts_account, flag_postredeposit, flag_preredeposit, form_type_id, frozen, grace, account_holder_id, last_action, last_pay, new_claim_number, no_interest, pay_code_id, payment_order, plan_type, prior_claim_number, returned_from_record_date, account_status_id, stop_ach_payment, time_period, tot_pay_d, tot_pay_fers, tot_pay_n, tot_pay_r, tot_pay_vr, total_deposit, total_fers_w, total_non_deposit, total_redeposit, total_var_redeposit, account_confirmation_validation_id, var_int_computation_date) values (?, ?, ?, ?, ?, ?, ?, ?, ?, ?, ?, ?, ?, ?, ?, ?, ?, ?, ?, ?, ?, ?, ?, ?, ?, ?, ?, ?, ?, ?, ?, ?, ?, ?, ?, ?, ?, ?, ?, ?, ?, ?, ?, ?, ?, ?)
Hibernate: update opm.billing set billing_summary_id=? where id=?
Hibernate: insert into opm.account_note (deleted, account_id, date, priority, text, writer) values (?, ?, ?, ?, ?, ?)
Hibernate: SELECT COUNT(*) FROM opm.account_note_history WHERE id=? AND action=?
Hibernate: select accountnot0_.id as id1_5_0_, accountnot0_.deleted as deleted2_5_0_, accountnot0_.account_id as account3_5_0_, accountnot0_.date as date4_5_0_, accountnot0_.priority as priority5_5_0_, accountnot0_.text as text6_5_0_, accountnot0_.writer as writer7_5_0_ from opm.account_note accountnot0_ where accountnot0_.id=?
Hibernate: update opm.account_note set deleted=?, account_id=?, date=?, priority=?, text=?, writer=? where id=?
Hibernate: SELECT COUNT(*) FROM opm.account_note_history WHERE id=? AND action=?
Hibernate: delete from opm.account_note where id=?
Hibernate: select accountnot0_.id as id1_5_0_, accountnot0_.deleted as deleted2_5_0_, accountnot0_.account_id as account3_5_0_, accountnot0_.date as date4_5_0_, accountnot0_.priority as priority5_5_0_, accountnot0_.text as text6_5_0_, accountnot0_.writer as writer7_5_0_ from opm.account_note accountnot0_ where accountnot0_.id=?
Hibernate: SELECT COUNT(*) FROM opm.account_note_history WHERE id=? AND action=?
Hibernate: DELETE FROM opm.batch_daily_payments
Hibernate: DELETE FROM opm.audit_batch
Hibernate: DELETE FROM opm.new_claim_number
Hibernate: DELETE FROM opm.annuitant_list
Hibernate: DELETE FROM opm.time_factor
Hibernate: DELETE FROM opm.contact_info
Hibernate: DELETE FROM opm.interest_suppression
Hibernate: DELETE FROM opm.gl_payment_type
Hibernate: DELETE FROM opm.scm_first_insert
Hibernate: DELETE FROM opm.holiday
Hibernate: DELETE FROM opm.deduction_rate
Hibernate: DELETE FROM opm.interest_grace_period
Hibernate: DELETE FROM opm.gl_code
Hibernate: DELETE FROM opm.claim_without_service
Hibernate: DELETE FROM opm.payment_transaction_note
Hibernate: DELETE FROM opm.payment_move_transaction
Hibernate: DELETE FROM opm.interest_rate
Hibernate: DELETE FROM opm.payment_interest_detail
Hibernate: DELETE FROM opm.adjustment_transaction
Hibernate: DELETE FROM opm.invoice
Hibernate: DELETE FROM opm.a01_print_suppression_case
Hibernate: DELETE FROM opm.user_account_assignment
Hibernate: DELETE FROM opm.payment_refund_link
Hibernate: DELETE FROM opm.role_permission
Hibernate: DELETE FROM opm.user_permission
Hibernate: DELETE FROM opm.service_credit_preference
Hibernate: DELETE FROM opm.account_confirmation_validation_entry
Hibernate: DELETE FROM opm.payment_reverse
Hibernate: DELETE FROM opm.payment
Hibernate: DELETE FROM opm.pay_trans_status_code
Hibernate: DELETE FROM opm.payments_applied_order_code
Hibernate: DELETE FROM opm.printout
Hibernate: DELETE FROM opm.related_help_items
Hibernate: DELETE FROM opm.help_item
Hibernate: DELETE FROM opm.notification_READBY
Hibernate: DELETE FROM opm.date_calculation_data
Hibernate: DELETE FROM opm.refund_transaction
Hibernate: DELETE FROM opm.audit_parameter_record
Hibernate: DELETE FROM opm.audit_record
Hibernate: DELETE FROM opm.dedeposit
Hibernate: DELETE FROM opm.redeposit
Hibernate: DELETE FROM opm.calculation_result_item
Hibernate: DELETE FROM opm.calculation
Hibernate: DELETE FROM opm.fers_redeposit
Hibernate: DELETE FROM opm.fers_deposit
Hibernate: DELETE FROM opm.calculation_version
Hibernate: DELETE FROM opm.calculation_result
Hibernate: DELETE FROM opm.summary_data
Hibernate: DELETE FROM opm.billing
Hibernate: DELETE FROM opm.account_note
Hibernate: DELETE FROM opm.account
Hibernate: DELETE FROM opm.account_confirmation_validation
Hibernate: DELETE FROM opm.billing_summary
Hibernate: DELETE FROM opm.account_holder
Hibernate: DELETE FROM opm.address
Hibernate: DELETE FROM opm.error
Hibernate: DELETE FROM opm.info
Hibernate: DELETE FROM opm.notification
Hibernate: DELETE FROM opm.app_user
Hibernate: DELETE FROM opm.batch_daily_payments_history
Hibernate: DELETE FROM opm.audit_batch_history
Hibernate: DELETE FROM opm.new_claim_number_history
Hibernate: DELETE FROM opm.annuitant_list_history
Hibernate: DELETE FROM opm.time_factor_history
Hibernate: DELETE FROM opm.contact_info_history
Hibernate: DELETE FROM opm.interest_suppression_history
Hibernate: DELETE FROM opm.gl_payment_type_history
Hibernate: DELETE FROM opm.scm_first_insert_history
Hibernate: DELETE FROM opm.holiday_history
Hibernate: DELETE FROM opm.deduction_rate_history
Hibernate: DELETE FROM opm.interest_grace_period_history
Hibernate: DELETE FROM opm.gl_code_history
Hibernate: DELETE FROM opm.claim_without_service_history
Hibernate: DELETE FROM opm.payment_transaction_note_history
Hibernate: DELETE FROM opm.payment_move_transaction_history
Hibernate: DELETE FROM opm.interest_rate_history
Hibernate: DELETE FROM opm.payment_interest_detail_history
Hibernate: DELETE FROM opm.adjustment_transaction_history
Hibernate: DELETE FROM opm.invoice_history
Hibernate: DELETE FROM opm.a01_print_suppression_case_history
Hibernate: DELETE FROM opm.user_account_assignment_history
Hibernate: DELETE FROM opm.payment_refund_link_history
Hibernate: DELETE FROM opm.payments_applied_order_code_history
Hibernate: DELETE FROM opm.service_credit_preference_history
Hibernate: DELETE FROM opm.account_confirmation_validation_entry_history
Hibernate: DELETE FROM opm.account_confirmation_validation_history
Hibernate: DELETE FROM opm.payment_reverse_history
Hibernate: DELETE FROM opm.payment_history
Hibernate: DELETE FROM opm.pay_trans_status_code_history
Hibernate: DELETE FROM opm.notification_READBY_history
Hibernate: DELETE FROM opm.refund_transaction_history
Hibernate: DELETE FROM opm.summary_data_history
Hibernate: DELETE FROM opm.dedeposit_history
Hibernate: DELETE FROM opm.redeposit_history
Hibernate: DELETE FROM opm.calculation_result_item_history
Hibernate: DELETE FROM opm.calculation_result_history
Hibernate: DELETE FROM opm.calculation_history
Hibernate: DELETE FROM opm.fers_redeposit_history
Hibernate: DELETE FROM opm.fers_deposit_history
Hibernate: DELETE FROM opm.calculation_version_history
Hibernate: DELETE FROM opm.billing_history
Hibernate: DELETE FROM opm.billing_summary_history
Hibernate: DELETE FROM opm.account_note_history
Hibernate: DELETE FROM opm.address_history
Hibernate: DELETE FROM opm.account_history
Hibernate: DELETE FROM opm.account_holder_history
Hibernate: DELETE FROM opm.error_history
Hibernate: DELETE FROM opm.info_history
Hibernate: DELETE FROM opm.notification_history
Hibernate: DELETE FROM opm.app_user_history
Hibernate: DELETE FROM opm.change_trans_field_number_code
Hibernate: DELETE FROM opm.pay_code
Hibernate: DELETE FROM opm.payment_applied_order
Hibernate: DELETE FROM opm.agency_code
Hibernate: DELETE FROM opm.calculation_status
Hibernate: DELETE FROM opm.transfer_type
Hibernate: DELETE FROM opm.user_status
Hibernate: DELETE FROM opm.claim_officer
Hibernate: DELETE FROM opm.payment_status
Hibernate: DELETE FROM opm.application_designation
Hibernate: DELETE FROM opm.payment_reversal_reason
Hibernate: DELETE FROM opm.pay_type
Hibernate: DELETE FROM opm.appointment_type
Hibernate: DELETE FROM opm.role
Hibernate: DELETE FROM opm.service_type
Hibernate: DELETE FROM opm.retirement_type
Hibernate: DELETE FROM opm.account_status
Hibernate: DELETE FROM opm.country
Hibernate: DELETE FROM opm.state
Hibernate: DELETE FROM opm.period_type
Hibernate: DELETE FROM opm.suffix
Hibernate: DELETE FROM opm.form_type
Hibernate: DELETE FROM opm.batch_daily_payments
Hibernate: DELETE FROM opm.audit_batch
Hibernate: DELETE FROM opm.new_claim_number
Hibernate: DELETE FROM opm.annuitant_list
Hibernate: DELETE FROM opm.time_factor
Hibernate: DELETE FROM opm.contact_info
Hibernate: DELETE FROM opm.interest_suppression
Hibernate: DELETE FROM opm.gl_payment_type
Hibernate: DELETE FROM opm.scm_first_insert
Hibernate: DELETE FROM opm.holiday
Hibernate: DELETE FROM opm.deduction_rate
Hibernate: DELETE FROM opm.interest_grace_period
Hibernate: DELETE FROM opm.gl_code
Hibernate: DELETE FROM opm.claim_without_service
Hibernate: DELETE FROM opm.payment_transaction_note
Hibernate: DELETE FROM opm.payment_move_transaction
Hibernate: DELETE FROM opm.interest_rate
Hibernate: DELETE FROM opm.payment_interest_detail
Hibernate: DELETE FROM opm.adjustment_transaction
Hibernate: DELETE FROM opm.invoice
Hibernate: DELETE FROM opm.a01_print_suppression_case
Hibernate: DELETE FROM opm.user_account_assignment
Hibernate: DELETE FROM opm.payment_refund_link
Hibernate: DELETE FROM opm.role_permission
Hibernate: DELETE FROM opm.user_permission
Hibernate: DELETE FROM opm.service_credit_preference
Hibernate: DELETE FROM opm.account_confirmation_validation_entry
Hibernate: DELETE FROM opm.payment_reverse
Hibernate: DELETE FROM opm.payment
Hibernate: DELETE FROM opm.pay_trans_status_code
Hibernate: DELETE FROM opm.payments_applied_order_code
Hibernate: DELETE FROM opm.printout
Hibernate: DELETE FROM opm.related_help_items
Hibernate: DELETE FROM opm.help_item
Hibernate: DELETE FROM opm.notification_READBY
Hibernate: DELETE FROM opm.date_calculation_data
Hibernate: DELETE FROM opm.refund_transaction
Hibernate: DELETE FROM opm.audit_parameter_record
Hibernate: DELETE FROM opm.audit_record
Hibernate: DELETE FROM opm.dedeposit
Hibernate: DELETE FROM opm.redeposit
Hibernate: DELETE FROM opm.calculation_result_item
Hibernate: DELETE FROM opm.calculation
Hibernate: DELETE FROM opm.fers_redeposit
Hibernate: DELETE FROM opm.fers_deposit
Hibernate: DELETE FROM opm.calculation_version
Hibernate: DELETE FROM opm.calculation_result
Hibernate: DELETE FROM opm.summary_data
Hibernate: DELETE FROM opm.billing
Hibernate: DELETE FROM opm.account_note
Hibernate: DELETE FROM opm.account
Hibernate: DELETE FROM opm.account_confirmation_validation
Hibernate: DELETE FROM opm.billing_summary
Hibernate: DELETE FROM opm.account_holder
Hibernate: DELETE FROM opm.address
Hibernate: DELETE FROM opm.error
Hibernate: DELETE FROM opm.info
Hibernate: DELETE FROM opm.notification
Hibernate: DELETE FROM opm.app_user
Hibernate: DELETE FROM opm.batch_daily_payments_history
Hibernate: DELETE FROM opm.audit_batch_history
Hibernate: DELETE FROM opm.new_claim_number_history
Hibernate: DELETE FROM opm.annuitant_list_history
Hibernate: DELETE FROM opm.time_factor_history
Hibernate: DELETE FROM opm.contact_info_history
Hibernate: DELETE FROM opm.interest_suppression_history
Hibernate: DELETE FROM opm.gl_payment_type_history
Hibernate: DELETE FROM opm.scm_first_insert_history
Hibernate: DELETE FROM opm.holiday_history
Hibernate: DELETE FROM opm.deduction_rate_history
Hibernate: DELETE FROM opm.interest_grace_period_history
Hibernate: DELETE FROM opm.gl_code_history
Hibernate: DELETE FROM opm.claim_without_service_history
Hibernate: DELETE FROM opm.payment_transaction_note_history
Hibernate: DELETE FROM opm.payment_move_transaction_history
Hibernate: DELETE FROM opm.interest_rate_history
Hibernate: DELETE FROM opm.payment_interest_detail_history
Hibernate: DELETE FROM opm.adjustment_transaction_history
Hibernate: DELETE FROM opm.invoice_history
Hibernate: DELETE FROM opm.a01_print_suppression_case_history
Hibernate: DELETE FROM opm.user_account_assignment_history
Hibernate: DELETE FROM opm.payment_refund_link_history
Hibernate: DELETE FROM opm.payments_applied_order_code_history
Hibernate: DELETE FROM opm.service_credit_preference_history
Hibernate: DELETE FROM opm.account_confirmation_validation_entry_history
Hibernate: DELETE FROM opm.account_confirmation_validation_history
Hibernate: DELETE FROM opm.payment_reverse_history
Hibernate: DELETE FROM opm.payment_history
Hibernate: DELETE FROM opm.pay_trans_status_code_history
Hibernate: DELETE FROM opm.notification_READBY_history
Hibernate: DELETE FROM opm.refund_transaction_history
Hibernate: DELETE FROM opm.summary_data_history
Hibernate: DELETE FROM opm.dedeposit_history
Hibernate: DELETE FROM opm.redeposit_history
Hibernate: DELETE FROM opm.calculation_result_item_history
Hibernate: DELETE FROM opm.calculation_result_history
Hibernate: DELETE FROM opm.calculation_history
Hibernate: DELETE FROM opm.fers_redeposit_history
Hibernate: DELETE FROM opm.fers_deposit_history
Hibernate: DELETE FROM opm.calculation_version_history
Hibernate: DELETE FROM opm.billing_history
Hibernate: DELETE FROM opm.billing_summary_history
Hibernate: DELETE FROM opm.account_note_history
Hibernate: DELETE FROM opm.address_history
Hibernate: DELETE FROM opm.account_history
Hibernate: DELETE FROM opm.account_holder_history
Hibernate: DELETE FROM opm.error_history
Hibernate: DELETE FROM opm.info_history
Hibernate: DELETE FROM opm.notification_history
Hibernate: DELETE FROM opm.app_user_history
Hibernate: DELETE FROM opm.change_trans_field_number_code
Hibernate: DELETE FROM opm.pay_code
Hibernate: DELETE FROM opm.payment_applied_order
Hibernate: DELETE FROM opm.agency_code
Hibernate: DELETE FROM opm.calculation_status
Hibernate: DELETE FROM opm.transfer_type
Hibernate: DELETE FROM opm.user_status
Hibernate: DELETE FROM opm.claim_officer
Hibernate: DELETE FROM opm.payment_status
Hibernate: DELETE FROM opm.application_designation
Hibernate: DELETE FROM opm.payment_reversal_reason
Hibernate: DELETE FROM opm.pay_type
Hibernate: DELETE FROM opm.appointment_type
Hibernate: DELETE FROM opm.role
Hibernate: DELETE FROM opm.service_type
Hibernate: DELETE FROM opm.retirement_type
Hibernate: DELETE FROM opm.account_status
Hibernate: DELETE FROM opm.country
Hibernate: DELETE FROM opm.state
Hibernate: DELETE FROM opm.period_type
Hibernate: DELETE FROM opm.suffix
Hibernate: DELETE FROM opm.form_type
Hibernate: insert into opm.pay_code (deleted, name, description) values (?, ?, ?)
Hibernate: insert into opm.form_type (deleted, name) values (?, ?)
Hibernate: insert into opm.suffix (deleted, name) values (?, ?)
Hibernate: insert into opm.state (deleted, name, abbreviation) values (?, ?, ?)
Hibernate: insert into opm.country (deleted, name) values (?, ?)
Hibernate: insert into opm.state (deleted, name, abbreviation) values (?, ?, ?)
Hibernate: insert into opm.address (deleted, city, country_id, state_id, street1, street2, street3, street4, street5, zip_code) values (?, ?, ?, ?, ?, ?, ?, ?, ?, ?)
Hibernate: insert into opm.account_holder (deleted, address_id, agency_code, birth_date, city_of_employment, department_code, email, first_name, geo_code, last_name, middle_initial, holder_position, ssn, state_of_employment_id, suffix_id, telephone, title) values (?, ?, ?, ?, ?, ?, ?, ?, ?, ?, ?, ?, ?, ?, ?, ?, ?)
Hibernate: insert into opm.account_status (deleted, name, display_order, status_category) values (?, ?, ?, ?)
Hibernate: insert into opm.billing_summary (deleted, computed_date, first_billing_date, last_deposit_date, last_interest_calculation, last_transaction_date, stop_ach_payments, transaction_type) values (?, ?, ?, ?, ?, ?, ?, ?)
Hibernate: insert into opm.billing (deleted, additional_interest, balance, initial_billing, name, payment_order, total_payments, billing_summary_id) values (?, ?, ?, ?, ?, ?, ?, ?)
Hibernate: insert into opm.account (deleted, acc_int_dep, acc_int_fers, acc_int_non_dep, acc_int_rdep, acc_int_var_rdep, additional_service, balance, billing_summary_id, claim_number, claim_officer, claim_officer_assignment_date, claimant_birthdate, code_20_date, computation_date, dbts_account, flag_postredeposit, flag_preredeposit, form_type_id, frozen, grace, account_holder_id, last_action, last_pay, new_claim_number, no_interest, pay_code_id, payment_order, plan_type, prior_claim_number, returned_from_record_date, account_status_id, stop_ach_payment, time_period, tot_pay_d, tot_pay_fers, tot_pay_n, tot_pay_r, tot_pay_vr, total_deposit, total_fers_w, total_non_deposit, total_redeposit, total_var_redeposit, account_confirmation_validation_id, var_int_computation_date) values (?, ?, ?, ?, ?, ?, ?, ?, ?, ?, ?, ?, ?, ?, ?, ?, ?, ?, ?, ?, ?, ?, ?, ?, ?, ?, ?, ?, ?, ?, ?, ?, ?, ?, ?, ?, ?, ?, ?, ?, ?, ?, ?, ?, ?, ?)
Hibernate: update opm.billing set billing_summary_id=? where id=?
Hibernate: SELECT COUNT(*) FROM opm.account_history WHERE id=? AND action=?
Hibernate: insert into opm.account_note (deleted, account_id, date, priority, text, writer) values (?, ?, ?, ?, ?, ?)
Hibernate: insert into opm.payments_applied_order_code (deleted, display_order, payment_account) values (?, ?, ?)
Hibernate: insert into opm.pay_trans_status_code (deleted, balanced_scorecard, batch_processing_order, can_hit_gl, category, deletable, description, display_order, final_state, include_in_balance, manual_entered, needs_approval, next_state_link, nightly_batch, reversable, reversing_type, send_to_dbts, show_on_suspense, suspense_action) values (?, ?, ?, ?, ?, ?, ?, ?, ?, ?, ?, ?, ?, ?, ?, ?, ?, ?, ?)
Hibernate: insert into opm.payment_status (deleted, name) values (?, ?)
Hibernate: insert into opm.application_designation (deleted, name) values (?, ?)
Hibernate: insert into opm.account_status (deleted, name, display_order, status_category) values (?, ?, ?, ?)
Hibernate: insert into opm.account_status (deleted, name, display_order, status_category) values (?, ?, ?, ?)
Hibernate: insert into opm.account_status (deleted, name, display_order, status_category) values (?, ?, ?, ?)
Hibernate: insert into opm.payment (deleted, account_balance, account_holder_birthdate, account_id, account_status_id, ach, amount, apply_designation_id, apply_to_gl, approval_reason, approval_status, approval_user, batch_number, block_number, claim_number, claimant, claimant_birthday, deposit_date, disapprove, gov_refund, history_payment, import_id, master_account_balance, master_account_id, master_account_status_id, master_claim_number, master_claimant_birthday, note, order_code_id, payment_status_id, payment_type, post_deposit_amount, post_flag, post_redeposit_amount, pre_deposit_amount, pre_redeposit_amount, resolve_suspense, sequence, sequence_number, ssn, pay_trans_status_code_id, status_date, transaction_date, transaction_key, user_inserted) values (?, ?, ?, ?, ?, ?, ?, ?, ?, ?, ?, ?, ?, ?, ?, ?, ?, ?, ?, ?, ?, ?, ?, ?, ?, ?, ?, ?, ?, ?, ?, ?, ?, ?, ?, ?, ?, ?, ?, ?, ?, ?, ?, ?, ?)
Hibernate: insert into opm.account_confirmation_validation (deleted, account_id, data_check_status, data_check_status_reason, data_check_status_validator) values (?, ?, ?, ?, ?)
Hibernate: insert into opm.account_confirmation_validation_entry (deleted, field_name, valid, account_confirmation_validation_id) values (?, ?, ?, ?)
Hibernate: update opm.account_confirmation_validation_entry set account_confirmation_validation_id=? where id=?
Hibernate: select account0_.id as id1_1_4_, account0_.deleted as deleted2_1_4_, account0_.acc_int_dep as acc3_1_4_, account0_.acc_int_fers as acc4_1_4_, account0_.acc_int_non_dep as acc5_1_4_, account0_.acc_int_rdep as acc6_1_4_, account0_.acc_int_var_rdep as acc7_1_4_, account0_.additional_service as addition8_1_4_, account0_.balance as balance9_1_4_, account0_.billing_summary_id as billing42_1_4_, account0_.claim_number as claim10_1_4_, account0_.claim_officer as claim11_1_4_, account0_.claim_officer_assignment_date as claim12_1_4_, account0_.claimant_birthdate as claiman13_1_4_, account0_.code_20_date as code14_1_4_, account0_.computation_date as computa15_1_4_, account0_.dbts_account as dbts16_1_4_, account0_.flag_postredeposit as flag17_1_4_, account0_.flag_preredeposit as flag18_1_4_, account0_.form_type_id as form43_1_4_, account0_.frozen as frozen19_1_4_, account0_.grace as grace20_1_4_, account0_.account_holder_id as account44_1_4_, account0_.last_action as last21_1_4_, account0_.last_pay as last22_1_4_, account0_.new_claim_number as new23_1_4_, account0_.no_interest as no24_1_4_, account0_.pay_code_id as pay45_1_4_, account0_.payment_order as payment25_1_4_, account0_.plan_type as plan26_1_4_, account0_.prior_claim_number as prior27_1_4_, account0_.returned_from_record_date as returne28_1_4_, account0_.account_status_id as account46_1_4_, account0_.stop_ach_payment as stop29_1_4_, account0_.time_period as time30_1_4_, account0_.tot_pay_d as tot31_1_4_, account0_.tot_pay_fers as tot32_1_4_, account0_.tot_pay_n as tot33_1_4_, account0_.tot_pay_r as tot34_1_4_, account0_.tot_pay_vr as tot35_1_4_, account0_.total_deposit as total36_1_4_, account0_.total_fers_w as total37_1_4_, account0_.total_non_deposit as total38_1_4_, account0_.total_redeposit as total39_1_4_, account0_.total_var_redeposit as total40_1_4_, account0_.account_confirmation_validation_id as account47_1_4_, account0_.var_int_computation_date as var41_1_4_, formtype1_.id as id1_35_0_, formtype1_.deleted as deleted2_35_0_, formtype1_.name as name3_35_0_, accounthol2_.id as id1_4_1_, accounthol2_.deleted as deleted2_4_1_, accounthol2_.address_id as address16_4_1_, accounthol2_.agency_code as agency3_4_1_, accounthol2_.birth_date as birth4_4_1_, accounthol2_.city_of_employment as city5_4_1_, accounthol2_.department_code as departme6_4_1_, accounthol2_.email as email7_4_1_, accounthol2_.first_name as first8_4_1_, accounthol2_.geo_code as geo9_4_1_, accounthol2_.last_name as last10_4_1_, accounthol2_.middle_initial as middle11_4_1_, accounthol2_.holder_position as holder12_4_1_, accounthol2_.ssn as ssn13_4_1_, accounthol2_.state_of_employment_id as state17_4_1_, accounthol2_.suffix_id as suffix18_4_1_, accounthol2_.telephone as telepho14_4_1_, accounthol2_.title as title15_4_1_, paycode3_.id as id1_48_2_, paycode3_.deleted as deleted2_48_2_, paycode3_.name as name3_48_2_, paycode3_.description as descript4_48_2_, accountsta4_.id as id1_6_3_, accountsta4_.deleted as deleted2_6_3_, accountsta4_.name as name3_6_3_, accountsta4_.display_order as display4_6_3_, accountsta4_.status_category as status5_6_3_ from opm.account account0_ left outer join opm.form_type formtype1_ on account0_.form_type_id=formtype1_.id inner join opm.account_holder accounthol2_ on account0_.account_holder_id=accounthol2_.id left outer join opm.pay_code paycode3_ on account0_.pay_code_id=paycode3_.id inner join opm.account_status accountsta4_ on account0_.account_status_id=accountsta4_.id where account0_.id=?
Hibernate: select fersdeposi0_.account_id as account1_1_1_, fersdeposi0_.calculation_version_id as calculat2_33_1_, calculatio1_.id as id1_24_0_, calculatio1_.deleted as deleted2_24_0_, calculatio1_.calculation_date as calculat3_24_0_, calculatio1_.calculation_result_id as calculat7_24_0_, calculatio1_.line_number as line4_24_0_, calculatio1_.name as name5_24_0_, calculatio1_.version as version6_24_0_ from opm.fers_deposit fersdeposi0_ inner join opm.calculation_version calculatio1_ on fersdeposi0_.calculation_version_id=calculatio1_.id where fersdeposi0_.account_id=?
Hibernate: select notes0_.account_id as account3_1_1_, notes0_.id as id1_5_1_, notes0_.id as id1_5_0_, notes0_.deleted as deleted2_5_0_, notes0_.account_id as account3_5_0_, notes0_.date as date4_5_0_, notes0_.priority as priority5_5_0_, notes0_.text as text6_5_0_, notes0_.writer as writer7_5_0_ from opm.account_note notes0_ where notes0_.account_id=?
Hibernate: select billingsum0_.id as id1_19_0_, billingsum0_.deleted as deleted2_19_0_, billingsum0_.computed_date as computed3_19_0_, billingsum0_.first_billing_date as first4_19_0_, billingsum0_.last_deposit_date as last5_19_0_, billingsum0_.last_interest_calculation as last6_19_0_, billingsum0_.last_transaction_date as last7_19_0_, billingsum0_.stop_ach_payments as stop8_19_0_, billingsum0_.transaction_type as transact9_19_0_ from opm.billing_summary billingsum0_ where billingsum0_.id=?
Hibernate: select billings0_.billing_summary_id as billing9_19_1_, billings0_.id as id1_18_1_, billings0_.id as id1_18_0_, billings0_.deleted as deleted2_18_0_, billings0_.additional_interest as addition3_18_0_, billings0_.balance as balance4_18_0_, billings0_.initial_billing as initial5_18_0_, billings0_.name as name6_18_0_, billings0_.payment_order as payment7_18_0_, billings0_.total_payments as total8_18_0_ from opm.billing billings0_ where billings0_.billing_summary_id=?
Hibernate: select fersredepo0_.account_id as account1_1_1_, fersredepo0_.calculation_version_id as calculat2_34_1_, calculatio1_.id as id1_24_0_, calculatio1_.deleted as deleted2_24_0_, calculatio1_.calculation_date as calculat3_24_0_, calculatio1_.calculation_result_id as calculat7_24_0_, calculatio1_.line_number as line4_24_0_, calculatio1_.name as name5_24_0_, calculatio1_.version as version6_24_0_ from opm.fers_redeposit fersredepo0_ inner join opm.calculation_version calculatio1_ on fersredepo0_.calculation_version_id=calculatio1_.id where fersredepo0_.account_id=?
Hibernate: update opm.account set deleted=?, acc_int_dep=?, acc_int_fers=?, acc_int_non_dep=?, acc_int_rdep=?, acc_int_var_rdep=?, additional_service=?, balance=?, billing_summary_id=?, claim_number=?, claim_officer=?, claim_officer_assignment_date=?, claimant_birthdate=?, code_20_date=?, computation_date=?, dbts_account=?, flag_postredeposit=?, flag_preredeposit=?, form_type_id=?, frozen=?, grace=?, account_holder_id=?, last_action=?, last_pay=?, new_claim_number=?, no_interest=?, pay_code_id=?, payment_order=?, plan_type=?, prior_claim_number=?, returned_from_record_date=?, account_status_id=?, stop_ach_payment=?, time_period=?, tot_pay_d=?, tot_pay_fers=?, tot_pay_n=?, tot_pay_r=?, tot_pay_vr=?, total_deposit=?, total_fers_w=?, total_non_deposit=?, total_redeposit=?, total_var_redeposit=?, account_confirmation_validation_id=?, var_int_computation_date=? where id=?
Hibernate: update opm.account_note set account_id=null where account_id=?
Hibernate: update opm.payment set account_id=null where account_id=?
Hibernate: SELECT COUNT(*) FROM opm.account_history WHERE id=? AND action=?
Hibernate: delete from opm.account where id=?
Hibernate: delete from opm.billing where id=?
Hibernate: delete from opm.billing_summary where id=?
Hibernate: select account0_.id as id1_1_4_, account0_.deleted as deleted2_1_4_, account0_.acc_int_dep as acc3_1_4_, account0_.acc_int_fers as acc4_1_4_, account0_.acc_int_non_dep as acc5_1_4_, account0_.acc_int_rdep as acc6_1_4_, account0_.acc_int_var_rdep as acc7_1_4_, account0_.additional_service as addition8_1_4_, account0_.balance as balance9_1_4_, account0_.billing_summary_id as billing42_1_4_, account0_.claim_number as claim10_1_4_, account0_.claim_officer as claim11_1_4_, account0_.claim_officer_assignment_date as claim12_1_4_, account0_.claimant_birthdate as claiman13_1_4_, account0_.code_20_date as code14_1_4_, account0_.computation_date as computa15_1_4_, account0_.dbts_account as dbts16_1_4_, account0_.flag_postredeposit as flag17_1_4_, account0_.flag_preredeposit as flag18_1_4_, account0_.form_type_id as form43_1_4_, account0_.frozen as frozen19_1_4_, account0_.grace as grace20_1_4_, account0_.account_holder_id as account44_1_4_, account0_.last_action as last21_1_4_, account0_.last_pay as last22_1_4_, account0_.new_claim_number as new23_1_4_, account0_.no_interest as no24_1_4_, account0_.pay_code_id as pay45_1_4_, account0_.payment_order as payment25_1_4_, account0_.plan_type as plan26_1_4_, account0_.prior_claim_number as prior27_1_4_, account0_.returned_from_record_date as returne28_1_4_, account0_.account_status_id as account46_1_4_, account0_.stop_ach_payment as stop29_1_4_, account0_.time_period as time30_1_4_, account0_.tot_pay_d as tot31_1_4_, account0_.tot_pay_fers as tot32_1_4_, account0_.tot_pay_n as tot33_1_4_, account0_.tot_pay_r as tot34_1_4_, account0_.tot_pay_vr as tot35_1_4_, account0_.total_deposit as total36_1_4_, account0_.total_fers_w as total37_1_4_, account0_.total_non_deposit as total38_1_4_, account0_.total_redeposit as total39_1_4_, account0_.total_var_redeposit as total40_1_4_, account0_.account_confirmation_validation_id as account47_1_4_, account0_.var_int_computation_date as var41_1_4_, formtype1_.id as id1_35_0_, formtype1_.deleted as deleted2_35_0_, formtype1_.name as name3_35_0_, accounthol2_.id as id1_4_1_, accounthol2_.deleted as deleted2_4_1_, accounthol2_.address_id as address16_4_1_, accounthol2_.agency_code as agency3_4_1_, accounthol2_.birth_date as birth4_4_1_, accounthol2_.city_of_employment as city5_4_1_, accounthol2_.department_code as departme6_4_1_, accounthol2_.email as email7_4_1_, accounthol2_.first_name as first8_4_1_, accounthol2_.geo_code as geo9_4_1_, accounthol2_.last_name as last10_4_1_, accounthol2_.middle_initial as middle11_4_1_, accounthol2_.holder_position as holder12_4_1_, accounthol2_.ssn as ssn13_4_1_, accounthol2_.state_of_employment_id as state17_4_1_, accounthol2_.suffix_id as suffix18_4_1_, accounthol2_.telephone as telepho14_4_1_, accounthol2_.title as title15_4_1_, paycode3_.id as id1_48_2_, paycode3_.deleted as deleted2_48_2_, paycode3_.name as name3_48_2_, paycode3_.description as descript4_48_2_, accountsta4_.id as id1_6_3_, accountsta4_.deleted as deleted2_6_3_, accountsta4_.name as name3_6_3_, accountsta4_.display_order as display4_6_3_, accountsta4_.status_category as status5_6_3_ from opm.account account0_ left outer join opm.form_type formtype1_ on account0_.form_type_id=formtype1_.id inner join opm.account_holder accounthol2_ on account0_.account_holder_id=accounthol2_.id left outer join opm.pay_code paycode3_ on account0_.pay_code_id=paycode3_.id inner join opm.account_status accountsta4_ on account0_.account_status_id=accountsta4_.id where account0_.id=?
Hibernate: SELECT COUNT(*) FROM opm.account_history WHERE id=? AND action=?
Hibernate: DELETE FROM opm.batch_daily_payments
Hibernate: DELETE FROM opm.audit_batch
Hibernate: DELETE FROM opm.new_claim_number
Hibernate: DELETE FROM opm.annuitant_list
Hibernate: DELETE FROM opm.time_factor
Hibernate: DELETE FROM opm.contact_info
Hibernate: DELETE FROM opm.interest_suppression
Hibernate: DELETE FROM opm.gl_payment_type
Hibernate: DELETE FROM opm.scm_first_insert
Hibernate: DELETE FROM opm.holiday
Hibernate: DELETE FROM opm.deduction_rate
Hibernate: DELETE FROM opm.interest_grace_period
Hibernate: DELETE FROM opm.gl_code
Hibernate: DELETE FROM opm.claim_without_service
Hibernate: DELETE FROM opm.payment_transaction_note
Hibernate: DELETE FROM opm.payment_move_transaction
Hibernate: DELETE FROM opm.interest_rate
Hibernate: DELETE FROM opm.payment_interest_detail
Hibernate: DELETE FROM opm.adjustment_transaction
Hibernate: DELETE FROM opm.invoice
Hibernate: DELETE FROM opm.a01_print_suppression_case
Hibernate: DELETE FROM opm.user_account_assignment
Hibernate: DELETE FROM opm.payment_refund_link
Hibernate: DELETE FROM opm.role_permission
Hibernate: DELETE FROM opm.user_permission
Hibernate: DELETE FROM opm.service_credit_preference
Hibernate: DELETE FROM opm.account_confirmation_validation_entry
Hibernate: DELETE FROM opm.payment_reverse
Hibernate: DELETE FROM opm.payment
Hibernate: DELETE FROM opm.pay_trans_status_code
Hibernate: DELETE FROM opm.payments_applied_order_code
Hibernate: DELETE FROM opm.printout
Hibernate: DELETE FROM opm.related_help_items
Hibernate: DELETE FROM opm.help_item
Hibernate: DELETE FROM opm.notification_READBY
Hibernate: DELETE FROM opm.date_calculation_data
Hibernate: DELETE FROM opm.refund_transaction
Hibernate: DELETE FROM opm.audit_parameter_record
Hibernate: DELETE FROM opm.audit_record
Hibernate: DELETE FROM opm.dedeposit
Hibernate: DELETE FROM opm.redeposit
Hibernate: DELETE FROM opm.calculation_result_item
Hibernate: DELETE FROM opm.calculation
Hibernate: DELETE FROM opm.fers_redeposit
Hibernate: DELETE FROM opm.fers_deposit
Hibernate: DELETE FROM opm.calculation_version
Hibernate: DELETE FROM opm.calculation_result
Hibernate: DELETE FROM opm.summary_data
Hibernate: DELETE FROM opm.billing
Hibernate: DELETE FROM opm.account_note
Hibernate: DELETE FROM opm.account
Hibernate: DELETE FROM opm.account_confirmation_validation
Hibernate: DELETE FROM opm.billing_summary
Hibernate: DELETE FROM opm.account_holder
Hibernate: DELETE FROM opm.address
Hibernate: DELETE FROM opm.error
Hibernate: DELETE FROM opm.info
Hibernate: DELETE FROM opm.notification
Hibernate: DELETE FROM opm.app_user
Hibernate: DELETE FROM opm.batch_daily_payments_history
Hibernate: DELETE FROM opm.audit_batch_history
Hibernate: DELETE FROM opm.new_claim_number_history
Hibernate: DELETE FROM opm.annuitant_list_history
Hibernate: DELETE FROM opm.time_factor_history
Hibernate: DELETE FROM opm.contact_info_history
Hibernate: DELETE FROM opm.interest_suppression_history
Hibernate: DELETE FROM opm.gl_payment_type_history
Hibernate: DELETE FROM opm.scm_first_insert_history
Hibernate: DELETE FROM opm.holiday_history
Hibernate: DELETE FROM opm.deduction_rate_history
Hibernate: DELETE FROM opm.interest_grace_period_history
Hibernate: DELETE FROM opm.gl_code_history
Hibernate: DELETE FROM opm.claim_without_service_history
Hibernate: DELETE FROM opm.payment_transaction_note_history
Hibernate: DELETE FROM opm.payment_move_transaction_history
Hibernate: DELETE FROM opm.interest_rate_history
Hibernate: DELETE FROM opm.payment_interest_detail_history
Hibernate: DELETE FROM opm.adjustment_transaction_history
Hibernate: DELETE FROM opm.invoice_history
Hibernate: DELETE FROM opm.a01_print_suppression_case_history
Hibernate: DELETE FROM opm.user_account_assignment_history
Hibernate: DELETE FROM opm.payment_refund_link_history
Hibernate: DELETE FROM opm.payments_applied_order_code_history
Hibernate: DELETE FROM opm.service_credit_preference_history
Hibernate: DELETE FROM opm.account_confirmation_validation_entry_history
Hibernate: DELETE FROM opm.account_confirmation_validation_history
Hibernate: DELETE FROM opm.payment_reverse_history
Hibernate: DELETE FROM opm.payment_history
Hibernate: DELETE FROM opm.pay_trans_status_code_history
Hibernate: DELETE FROM opm.notification_READBY_history
Hibernate: DELETE FROM opm.refund_transaction_history
Hibernate: DELETE FROM opm.summary_data_history
Hibernate: DELETE FROM opm.dedeposit_history
Hibernate: DELETE FROM opm.redeposit_history
Hibernate: DELETE FROM opm.calculation_result_item_history
Hibernate: DELETE FROM opm.calculation_result_history
Hibernate: DELETE FROM opm.calculation_history
Hibernate: DELETE FROM opm.fers_redeposit_history
Hibernate: DELETE FROM opm.fers_deposit_history
Hibernate: DELETE FROM opm.calculation_version_history
Hibernate: DELETE FROM opm.billing_history
Hibernate: DELETE FROM opm.billing_summary_history
Hibernate: DELETE FROM opm.account_note_history
Hibernate: DELETE FROM opm.address_history
Hibernate: DELETE FROM opm.account_history
Hibernate: DELETE FROM opm.account_holder_history
Hibernate: DELETE FROM opm.error_history
Hibernate: DELETE FROM opm.info_history
Hibernate: DELETE FROM opm.notification_history
Hibernate: DELETE FROM opm.app_user_history
Hibernate: DELETE FROM opm.change_trans_field_number_code
Hibernate: DELETE FROM opm.pay_code
Hibernate: DELETE FROM opm.payment_applied_order
Hibernate: DELETE FROM opm.agency_code
Hibernate: DELETE FROM opm.calculation_status
Hibernate: DELETE FROM opm.transfer_type
Hibernate: DELETE FROM opm.user_status
Hibernate: DELETE FROM opm.claim_officer
Hibernate: DELETE FROM opm.payment_status
Hibernate: DELETE FROM opm.application_designation
Hibernate: DELETE FROM opm.payment_reversal_reason
Hibernate: DELETE FROM opm.pay_type
Hibernate: DELETE FROM opm.appointment_type
Hibernate: DELETE FROM opm.role
Hibernate: DELETE FROM opm.service_type
Hibernate: DELETE FROM opm.retirement_type
Hibernate: DELETE FROM opm.account_status
Hibernate: DELETE FROM opm.country
Hibernate: DELETE FROM opm.state
Hibernate: DELETE FROM opm.period_type
Hibernate: DELETE FROM opm.suffix
Hibernate: DELETE FROM opm.form_type
Hibernate: DELETE FROM opm.batch_daily_payments
Hibernate: DELETE FROM opm.audit_batch
Hibernate: DELETE FROM opm.new_claim_number
Hibernate: DELETE FROM opm.annuitant_list
Hibernate: DELETE FROM opm.time_factor
Hibernate: DELETE FROM opm.contact_info
Hibernate: DELETE FROM opm.interest_suppression
Hibernate: DELETE FROM opm.gl_payment_type
Hibernate: DELETE FROM opm.scm_first_insert
Hibernate: DELETE FROM opm.holiday
Hibernate: DELETE FROM opm.deduction_rate
Hibernate: DELETE FROM opm.interest_grace_period
Hibernate: DELETE FROM opm.gl_code
Hibernate: DELETE FROM opm.claim_without_service
Hibernate: DELETE FROM opm.payment_transaction_note
Hibernate: DELETE FROM opm.payment_move_transaction
Hibernate: DELETE FROM opm.interest_rate
Hibernate: DELETE FROM opm.payment_interest_detail
Hibernate: DELETE FROM opm.adjustment_transaction
Hibernate: DELETE FROM opm.invoice
Hibernate: DELETE FROM opm.a01_print_suppression_case
Hibernate: DELETE FROM opm.user_account_assignment
Hibernate: DELETE FROM opm.payment_refund_link
Hibernate: DELETE FROM opm.role_permission
Hibernate: DELETE FROM opm.user_permission
Hibernate: DELETE FROM opm.service_credit_preference
Hibernate: DELETE FROM opm.account_confirmation_validation_entry
Hibernate: DELETE FROM opm.payment_reverse
Hibernate: DELETE FROM opm.payment
Hibernate: DELETE FROM opm.pay_trans_status_code
Hibernate: DELETE FROM opm.payments_applied_order_code
Hibernate: DELETE FROM opm.printout
Hibernate: DELETE FROM opm.related_help_items
Hibernate: DELETE FROM opm.help_item
Hibernate: DELETE FROM opm.notification_READBY
Hibernate: DELETE FROM opm.date_calculation_data
Hibernate: DELETE FROM opm.refund_transaction
Hibernate: DELETE FROM opm.audit_parameter_record
Hibernate: DELETE FROM opm.audit_record
Hibernate: DELETE FROM opm.dedeposit
Hibernate: DELETE FROM opm.redeposit
Hibernate: DELETE FROM opm.calculation_result_item
Hibernate: DELETE FROM opm.calculation
Hibernate: DELETE FROM opm.fers_redeposit
Hibernate: DELETE FROM opm.fers_deposit
Hibernate: DELETE FROM opm.calculation_version
Hibernate: DELETE FROM opm.calculation_result
Hibernate: DELETE FROM opm.summary_data
Hibernate: DELETE FROM opm.billing
Hibernate: DELETE FROM opm.account_note
Hibernate: DELETE FROM opm.account
Hibernate: DELETE FROM opm.account_confirmation_validation
Hibernate: DELETE FROM opm.billing_summary
Hibernate: DELETE FROM opm.account_holder
Hibernate: DELETE FROM opm.address
Hibernate: DELETE FROM opm.error
Hibernate: DELETE FROM opm.info
Hibernate: DELETE FROM opm.notification
Hibernate: DELETE FROM opm.app_user
Hibernate: DELETE FROM opm.batch_daily_payments_history
Hibernate: DELETE FROM opm.audit_batch_history
Hibernate: DELETE FROM opm.new_claim_number_history
Hibernate: DELETE FROM opm.annuitant_list_history
Hibernate: DELETE FROM opm.time_factor_history
Hibernate: DELETE FROM opm.contact_info_history
Hibernate: DELETE FROM opm.interest_suppression_history
Hibernate: DELETE FROM opm.gl_payment_type_history
Hibernate: DELETE FROM opm.scm_first_insert_history
Hibernate: DELETE FROM opm.holiday_history
Hibernate: DELETE FROM opm.deduction_rate_history
Hibernate: DELETE FROM opm.interest_grace_period_history
Hibernate: DELETE FROM opm.gl_code_history
Hibernate: DELETE FROM opm.claim_without_service_history
Hibernate: DELETE FROM opm.payment_transaction_note_history
Hibernate: DELETE FROM opm.payment_move_transaction_history
Hibernate: DELETE FROM opm.interest_rate_history
Hibernate: DELETE FROM opm.payment_interest_detail_history
Hibernate: DELETE FROM opm.adjustment_transaction_history
Hibernate: DELETE FROM opm.invoice_history
Hibernate: DELETE FROM opm.a01_print_suppression_case_history
Hibernate: DELETE FROM opm.user_account_assignment_history
Hibernate: DELETE FROM opm.payment_refund_link_history
Hibernate: DELETE FROM opm.payments_applied_order_code_history
Hibernate: DELETE FROM opm.service_credit_preference_history
Hibernate: DELETE FROM opm.account_confirmation_validation_entry_history
Hibernate: DELETE FROM opm.account_confirmation_validation_history
Hibernate: DELETE FROM opm.payment_reverse_history
Hibernate: DELETE FROM opm.payment_history
Hibernate: DELETE FROM opm.pay_trans_status_code_history
Hibernate: DELETE FROM opm.notification_READBY_history
Hibernate: DELETE FROM opm.refund_transaction_history
Hibernate: DELETE FROM opm.summary_data_history
Hibernate: DELETE FROM opm.dedeposit_history
Hibernate: DELETE FROM opm.redeposit_history
Hibernate: DELETE FROM opm.calculation_result_item_history
Hibernate: DELETE FROM opm.calculation_result_history
Hibernate: DELETE FROM opm.calculation_history
Hibernate: DELETE FROM opm.fers_redeposit_history
Hibernate: DELETE FROM opm.fers_deposit_history
Hibernate: DELETE FROM opm.calculation_version_history
Hibernate: DELETE FROM opm.billing_history
Hibernate: DELETE FROM opm.billing_summary_history
Hibernate: DELETE FROM opm.account_note_history
Hibernate: DELETE FROM opm.address_history
Hibernate: DELETE FROM opm.account_history
Hibernate: DELETE FROM opm.account_holder_history
Hibernate: DELETE FROM opm.error_history
Hibernate: DELETE FROM opm.info_history
Hibernate: DELETE FROM opm.notification_history
Hibernate: DELETE FROM opm.app_user_history
Hibernate: DELETE FROM opm.change_trans_field_number_code
Hibernate: DELETE FROM opm.pay_code
Hibernate: DELETE FROM opm.payment_applied_order
Hibernate: DELETE FROM opm.agency_code
Hibernate: DELETE FROM opm.calculation_status
Hibernate: DELETE FROM opm.transfer_type
Hibernate: DELETE FROM opm.user_status
Hibernate: DELETE FROM opm.claim_officer
Hibernate: DELETE FROM opm.payment_status
Hibernate: DELETE FROM opm.application_designation
Hibernate: DELETE FROM opm.payment_reversal_reason
Hibernate: DELETE FROM opm.pay_type
Hibernate: DELETE FROM opm.appointment_type
Hibernate: DELETE FROM opm.role
Hibernate: DELETE FROM opm.service_type
Hibernate: DELETE FROM opm.retirement_type
Hibernate: DELETE FROM opm.account_status
Hibernate: DELETE FROM opm.country
Hibernate: DELETE FROM opm.state
Hibernate: DELETE FROM opm.period_type
Hibernate: DELETE FROM opm.suffix
Hibernate: DELETE FROM opm.form_type
Hibernate: insert into opm.retirement_type (deleted, name, display_order, description) values (?, ?, ?, ?)
Hibernate: insert into opm.period_type (deleted, name, display_order, description) values (?, ?, ?, ?)
Hibernate: insert into opm.appointment_type (deleted, name, display_order, type_category, description) values (?, ?, ?, ?, ?)
Hibernate: insert into opm.service_type (deleted, name, display_order, fers_deposit_allowed_after_88) values (?, ?, ?, ?)
Hibernate: insert into opm.pay_type (deleted, name, display_order, description) values (?, ?, ?, ?)
Hibernate: insert into opm.agency_code (deleted, name, display_order) values (?, ?, ?)
Hibernate: insert into opm.period_type (deleted, name, display_order, description) values (?, ?, ?, ?)
Hibernate: insert into opm.calculation_status (deleted, name) values (?, ?)
Hibernate: insert into opm.summary_data (deleted, total_balance, total_initial_interest, total_payments_applied, total_payments_required) values (?, ?, ?, ?, ?)
Hibernate: insert into opm.calculation_result (deleted, apply_to_real_payment, calculation_status_id, interest_accrual_date, official, payment_order, summary_data_id) values (?, ?, ?, ?, ?, ?, ?)
Hibernate: insert into opm.dedeposit (deleted, deposit, label, interest, total) values (?, ?, ?, ?, ?)
Hibernate: insert into opm.calculation_result_item (deleted, balance, deduction_amount, effective_date, end_date, mid_date, payment_applied, period_type_id, start_date, total_interest, calculation_result_id) values (?, ?, ?, ?, ?, ?, ?, ?, ?, ?, ?)
Hibernate: insert into opm.redeposit (deleted, deposit, label, interest, total) values (?, ?, ?, ?, ?)
Hibernate: insert into opm.calculation_version (deleted, calculation_date, calculation_result_id, line_number, name, version) values (?, ?, ?, ?, ?, ?)
Hibernate: insert into opm.calculation (deleted, agency_code_id, amount, annualized_amount, appointment_type_id, begin_date, date_entered, end_date, entered_by, hours_in_year, pay_type_id, period_type_id, retirement_type_id, service_type_id, calculation_version_id) values (?, ?, ?, ?, ?, ?, ?, ?, ?, ?, ?, ?, ?, ?, ?)
Hibernate: update opm.dedeposit set calculation_result_id=? where id=?
Hibernate: update opm.calculation_result_item set calculation_result_id=? where id=?
Hibernate: update opm.redeposit set calculation_result_id=? where id=?
Hibernate: update opm.calculation set calculation_version_id=? where id=?
Hibernate: SELECT COUNT(*) FROM opm.calculation_version_history WHERE id=? AND action=?
Hibernate: SELECT COUNT(*) FROM opm.calculation_history WHERE id=? AND action=?
Hibernate: SELECT COUNT(*) FROM opm.calculation_result_history WHERE id=? AND action=?
Hibernate: SELECT COUNT(*) FROM opm.calculation_result_item_history WHERE id=? AND action=?
Hibernate: SELECT COUNT(*) FROM opm.summary_data_history WHERE id=? AND action=?
Hibernate: SELECT COUNT(*) FROM opm.redeposit_history WHERE id=? AND action=?
Hibernate: SELECT COUNT(*) FROM opm.dedeposit_history WHERE id=? AND action=?
Hibernate: select calculatio0_.id as id1_24_0_, calculatio0_.deleted as deleted2_24_0_, calculatio0_.calculation_date as calculat3_24_0_, calculatio0_.calculation_result_id as calculat7_24_0_, calculatio0_.line_number as line4_24_0_, calculatio0_.name as name5_24_0_, calculatio0_.version as version6_24_0_ from opm.calculation_version calculatio0_ where calculatio0_.id=?
Hibernate: select calculatio0_.calculation_version_id as calcula16_24_1_, calculatio0_.id as id1_20_1_, calculatio0_.id as id1_20_0_, calculatio0_.deleted as deleted2_20_0_, calculatio0_.agency_code_id as agency10_20_0_, calculatio0_.amount as amount3_20_0_, calculatio0_.annualized_amount as annualiz4_20_0_, calculatio0_.appointment_type_id as appoint11_20_0_, calculatio0_.begin_date as begin5_20_0_, calculatio0_.date_entered as date6_20_0_, calculatio0_.end_date as end7_20_0_, calculatio0_.entered_by as entered8_20_0_, calculatio0_.hours_in_year as hours9_20_0_, calculatio0_.pay_type_id as pay12_20_0_, calculatio0_.period_type_id as period13_20_0_, calculatio0_.retirement_type_id as retirem14_20_0_, calculatio0_.service_type_id as service15_20_0_ from opm.calculation calculatio0_ where calculatio0_.calculation_version_id=?
Hibernate: select calculatio0_.id as id1_21_0_, calculatio0_.deleted as deleted2_21_0_, calculatio0_.apply_to_real_payment as apply3_21_0_, calculatio0_.calculation_status_id as calculat7_21_0_, calculatio0_.interest_accrual_date as interest4_21_0_, calculatio0_.official as official5_21_0_, calculatio0_.payment_order as payment6_21_0_, calculatio0_.summary_data_id as summary8_21_0_ from opm.calculation_result calculatio0_ where calculatio0_.id=?
Hibernate: select items0_.calculation_result_id as calcula12_21_1_, items0_.id as id1_22_1_, items0_.id as id1_22_0_, items0_.deleted as deleted2_22_0_, items0_.balance as balance3_22_0_, items0_.deduction_amount as deductio4_22_0_, items0_.effective_date as effectiv5_22_0_, items0_.end_date as end6_22_0_, items0_.mid_date as mid7_22_0_, items0_.payment_applied as payment8_22_0_, items0_.period_type_id as period11_22_0_, items0_.start_date as start9_22_0_, items0_.total_interest as total10_22_0_ from opm.calculation_result_item items0_ where items0_.calculation_result_id=?
Hibernate: select redeposits0_.calculation_result_id as calculat7_21_1_, redeposits0_.id as id1_63_1_, redeposits0_.id as id1_63_0_, redeposits0_.deleted as deleted2_63_0_, redeposits0_.deposit as deposit3_63_0_, redeposits0_.label as label4_63_0_, redeposits0_.interest as interest5_63_0_, redeposits0_.total as total6_63_0_ from opm.redeposit redeposits0_ where redeposits0_.calculation_result_id=?
Hibernate: select dedeposits0_.calculation_result_id as calculat7_21_1_, dedeposits0_.id as id1_30_1_, dedeposits0_.id as id1_30_0_, dedeposits0_.deleted as deleted2_30_0_, dedeposits0_.deposit as deposit3_30_0_, dedeposits0_.label as label4_30_0_, dedeposits0_.interest as interest5_30_0_, dedeposits0_.total as total6_30_0_ from opm.dedeposit dedeposits0_ where dedeposits0_.calculation_result_id=?
Hibernate: select summarydat0_.id as id1_74_0_, summarydat0_.deleted as deleted2_74_0_, summarydat0_.total_balance as total3_74_0_, summarydat0_.total_initial_interest as total4_74_0_, summarydat0_.total_payments_applied as total5_74_0_, summarydat0_.total_payments_required as total6_74_0_ from opm.summary_data summarydat0_ where summarydat0_.id=?
Hibernate: select periodtype0_.id as id1_61_0_, periodtype0_.deleted as deleted2_61_0_, periodtype0_.name as name3_61_0_, periodtype0_.display_order as display4_61_0_, periodtype0_.description as descript5_61_0_ from opm.period_type periodtype0_ where periodtype0_.id=?
Hibernate: select retirement0_.id as id1_66_0_, retirement0_.deleted as deleted2_66_0_, retirement0_.name as name3_66_0_, retirement0_.display_order as display4_66_0_, retirement0_.description as descript5_66_0_ from opm.retirement_type retirement0_ where retirement0_.id=?
Hibernate: update opm.calculation_version set deleted=?, calculation_date=?, calculation_result_id=?, line_number=?, name=?, version=? where id=?
Hibernate: SELECT COUNT(*) FROM opm.calculation_version_history WHERE id=? AND action=?
Hibernate: update opm.dedeposit set calculation_result_id=null where calculation_result_id=?
Hibernate: update opm.redeposit set calculation_result_id=null where calculation_result_id=?
Hibernate: delete from opm.calculation where id=?
Hibernate: delete from opm.calculation_version where id=?
Hibernate: delete from opm.dedeposit where id=?
Hibernate: delete from opm.calculation_result_item where id=?
Hibernate: delete from opm.redeposit where id=?
Hibernate: delete from opm.calculation_result where id=?
Hibernate: delete from opm.summary_data where id=?
Hibernate: select calculatio0_.id as id1_24_0_, calculatio0_.deleted as deleted2_24_0_, calculatio0_.calculation_date as calculat3_24_0_, calculatio0_.calculation_result_id as calculat7_24_0_, calculatio0_.line_number as line4_24_0_, calculatio0_.name as name5_24_0_, calculatio0_.version as version6_24_0_ from opm.calculation_version calculatio0_ where calculatio0_.id=?
Hibernate: SELECT COUNT(*) FROM opm.calculation_version_history WHERE id=? AND action=?
Hibernate: SELECT COUNT(*) FROM opm.calculation_history WHERE id=? AND action=?
Hibernate: SELECT COUNT(*) FROM opm.calculation_result_history WHERE id=? AND action=?
Hibernate: SELECT COUNT(*) FROM opm.calculation_result_item_history WHERE id=? AND action=?
Hibernate: SELECT COUNT(*) FROM opm.summary_data_history WHERE id=? AND action=?
Hibernate: SELECT COUNT(*) FROM opm.redeposit_history WHERE id=? AND action=?
Hibernate: SELECT COUNT(*) FROM opm.dedeposit_history WHERE id=? AND action=?
Hibernate: DELETE FROM opm.batch_daily_payments
Hibernate: DELETE FROM opm.audit_batch
Hibernate: DELETE FROM opm.new_claim_number
Hibernate: DELETE FROM opm.annuitant_list
Hibernate: DELETE FROM opm.time_factor
Hibernate: DELETE FROM opm.contact_info
Hibernate: DELETE FROM opm.interest_suppression
Hibernate: DELETE FROM opm.gl_payment_type
Hibernate: DELETE FROM opm.scm_first_insert
Hibernate: DELETE FROM opm.holiday
Hibernate: DELETE FROM opm.deduction_rate
Hibernate: DELETE FROM opm.interest_grace_period
Hibernate: DELETE FROM opm.gl_code
Hibernate: DELETE FROM opm.claim_without_service
Hibernate: DELETE FROM opm.payment_transaction_note
Hibernate: DELETE FROM opm.payment_move_transaction
Hibernate: DELETE FROM opm.interest_rate
Hibernate: DELETE FROM opm.payment_interest_detail
Hibernate: DELETE FROM opm.adjustment_transaction
Hibernate: DELETE FROM opm.invoice
Hibernate: DELETE FROM opm.a01_print_suppression_case
Hibernate: DELETE FROM opm.user_account_assignment
Hibernate: DELETE FROM opm.payment_refund_link
Hibernate: DELETE FROM opm.role_permission
Hibernate: DELETE FROM opm.user_permission
Hibernate: DELETE FROM opm.service_credit_preference
Hibernate: DELETE FROM opm.account_confirmation_validation_entry
Hibernate: DELETE FROM opm.payment_reverse
Hibernate: DELETE FROM opm.payment
Hibernate: DELETE FROM opm.pay_trans_status_code
Hibernate: DELETE FROM opm.payments_applied_order_code
Hibernate: DELETE FROM opm.printout
Hibernate: DELETE FROM opm.related_help_items
Hibernate: DELETE FROM opm.help_item
Hibernate: DELETE FROM opm.notification_READBY
Hibernate: DELETE FROM opm.date_calculation_data
Hibernate: DELETE FROM opm.refund_transaction
Hibernate: DELETE FROM opm.audit_parameter_record
Hibernate: DELETE FROM opm.audit_record
Hibernate: DELETE FROM opm.dedeposit
Hibernate: DELETE FROM opm.redeposit
Hibernate: DELETE FROM opm.calculation_result_item
Hibernate: DELETE FROM opm.calculation
Hibernate: DELETE FROM opm.fers_redeposit
Hibernate: DELETE FROM opm.fers_deposit
Hibernate: DELETE FROM opm.calculation_version
Hibernate: DELETE FROM opm.calculation_result
Hibernate: DELETE FROM opm.summary_data
Hibernate: DELETE FROM opm.billing
Hibernate: DELETE FROM opm.account_note
Hibernate: DELETE FROM opm.account
Hibernate: DELETE FROM opm.account_confirmation_validation
Hibernate: DELETE FROM opm.billing_summary
Hibernate: DELETE FROM opm.account_holder
Hibernate: DELETE FROM opm.address
Hibernate: DELETE FROM opm.error
Hibernate: DELETE FROM opm.info
Hibernate: DELETE FROM opm.notification
Hibernate: DELETE FROM opm.app_user
Hibernate: DELETE FROM opm.batch_daily_payments_history
Hibernate: DELETE FROM opm.audit_batch_history
Hibernate: DELETE FROM opm.new_claim_number_history
Hibernate: DELETE FROM opm.annuitant_list_history
Hibernate: DELETE FROM opm.time_factor_history
Hibernate: DELETE FROM opm.contact_info_history
Hibernate: DELETE FROM opm.interest_suppression_history
Hibernate: DELETE FROM opm.gl_payment_type_history
Hibernate: DELETE FROM opm.scm_first_insert_history
Hibernate: DELETE FROM opm.holiday_history
Hibernate: DELETE FROM opm.deduction_rate_history
Hibernate: DELETE FROM opm.interest_grace_period_history
Hibernate: DELETE FROM opm.gl_code_history
Hibernate: DELETE FROM opm.claim_without_service_history
Hibernate: DELETE FROM opm.payment_transaction_note_history
Hibernate: DELETE FROM opm.payment_move_transaction_history
Hibernate: DELETE FROM opm.interest_rate_history
Hibernate: DELETE FROM opm.payment_interest_detail_history
Hibernate: DELETE FROM opm.adjustment_transaction_history
Hibernate: DELETE FROM opm.invoice_history
Hibernate: DELETE FROM opm.a01_print_suppression_case_history
Hibernate: DELETE FROM opm.user_account_assignment_history
Hibernate: DELETE FROM opm.payment_refund_link_history
Hibernate: DELETE FROM opm.payments_applied_order_code_history
Hibernate: DELETE FROM opm.service_credit_preference_history
Hibernate: DELETE FROM opm.account_confirmation_validation_entry_history
Hibernate: DELETE FROM opm.account_confirmation_validation_history
Hibernate: DELETE FROM opm.payment_reverse_history
Hibernate: DELETE FROM opm.payment_history
Hibernate: DELETE FROM opm.pay_trans_status_code_history
Hibernate: DELETE FROM opm.notification_READBY_history
Hibernate: DELETE FROM opm.refund_transaction_history
Hibernate: DELETE FROM opm.summary_data_history
Hibernate: DELETE FROM opm.dedeposit_history
Hibernate: DELETE FROM opm.redeposit_history
Hibernate: DELETE FROM opm.calculation_result_item_history
Hibernate: DELETE FROM opm.calculation_result_history
Hibernate: DELETE FROM opm.calculation_history
Hibernate: DELETE FROM opm.fers_redeposit_history
Hibernate: DELETE FROM opm.fers_deposit_history
Hibernate: DELETE FROM opm.calculation_version_history
Hibernate: DELETE FROM opm.billing_history
Hibernate: DELETE FROM opm.billing_summary_history
Hibernate: DELETE FROM opm.account_note_history
Hibernate: DELETE FROM opm.address_history
Hibernate: DELETE FROM opm.account_history
Hibernate: DELETE FROM opm.account_holder_history
Hibernate: DELETE FROM opm.error_history
Hibernate: DELETE FROM opm.info_history
Hibernate: DELETE FROM opm.notification_history
Hibernate: DELETE FROM opm.app_user_history
Hibernate: DELETE FROM opm.change_trans_field_number_code
Hibernate: DELETE FROM opm.pay_code
Hibernate: DELETE FROM opm.payment_applied_order
Hibernate: DELETE FROM opm.agency_code
Hibernate: DELETE FROM opm.calculation_status
Hibernate: DELETE FROM opm.transfer_type
Hibernate: DELETE FROM opm.user_status
Hibernate: DELETE FROM opm.claim_officer
Hibernate: DELETE FROM opm.payment_status
Hibernate: DELETE FROM opm.application_designation
Hibernate: DELETE FROM opm.payment_reversal_reason
Hibernate: DELETE FROM opm.pay_type
Hibernate: DELETE FROM opm.appointment_type
Hibernate: DELETE FROM opm.role
Hibernate: DELETE FROM opm.service_type
Hibernate: DELETE FROM opm.retirement_type
Hibernate: DELETE FROM opm.account_status
Hibernate: DELETE FROM opm.country
Hibernate: DELETE FROM opm.state
Hibernate: DELETE FROM opm.period_type
Hibernate: DELETE FROM opm.suffix
Hibernate: DELETE FROM opm.form_type
Hibernate: DELETE FROM opm.batch_daily_payments
Hibernate: DELETE FROM opm.audit_batch
Hibernate: DELETE FROM opm.new_claim_number
Hibernate: DELETE FROM opm.annuitant_list
Hibernate: DELETE FROM opm.time_factor
Hibernate: DELETE FROM opm.contact_info
Hibernate: DELETE FROM opm.interest_suppression
Hibernate: DELETE FROM opm.gl_payment_type
Hibernate: DELETE FROM opm.scm_first_insert
Hibernate: DELETE FROM opm.holiday
Hibernate: DELETE FROM opm.deduction_rate
Hibernate: DELETE FROM opm.interest_grace_period
Hibernate: DELETE FROM opm.gl_code
Hibernate: DELETE FROM opm.claim_without_service
Hibernate: DELETE FROM opm.payment_transaction_note
Hibernate: DELETE FROM opm.payment_move_transaction
Hibernate: DELETE FROM opm.interest_rate
Hibernate: DELETE FROM opm.payment_interest_detail
Hibernate: DELETE FROM opm.adjustment_transaction
Hibernate: DELETE FROM opm.invoice
Hibernate: DELETE FROM opm.a01_print_suppression_case
Hibernate: DELETE FROM opm.user_account_assignment
Hibernate: DELETE FROM opm.payment_refund_link
Hibernate: DELETE FROM opm.role_permission
Hibernate: DELETE FROM opm.user_permission
Hibernate: DELETE FROM opm.service_credit_preference
Hibernate: DELETE FROM opm.account_confirmation_validation_entry
Hibernate: DELETE FROM opm.payment_reverse
Hibernate: DELETE FROM opm.payment
Hibernate: DELETE FROM opm.pay_trans_status_code
Hibernate: DELETE FROM opm.payments_applied_order_code
Hibernate: DELETE FROM opm.printout
Hibernate: DELETE FROM opm.related_help_items
Hibernate: DELETE FROM opm.help_item
Hibernate: DELETE FROM opm.notification_READBY
Hibernate: DELETE FROM opm.date_calculation_data
Hibernate: DELETE FROM opm.refund_transaction
Hibernate: DELETE FROM opm.audit_parameter_record
Hibernate: DELETE FROM opm.audit_record
Hibernate: DELETE FROM opm.dedeposit
Hibernate: DELETE FROM opm.redeposit
Hibernate: DELETE FROM opm.calculation_result_item
Hibernate: DELETE FROM opm.calculation
Hibernate: DELETE FROM opm.fers_redeposit
Hibernate: DELETE FROM opm.fers_deposit
Hibernate: DELETE FROM opm.calculation_version
Hibernate: DELETE FROM opm.calculation_result
Hibernate: DELETE FROM opm.summary_data
Hibernate: DELETE FROM opm.billing
Hibernate: DELETE FROM opm.account_note
Hibernate: DELETE FROM opm.account
Hibernate: DELETE FROM opm.account_confirmation_validation
Hibernate: DELETE FROM opm.billing_summary
Hibernate: DELETE FROM opm.account_holder
Hibernate: DELETE FROM opm.address
Hibernate: DELETE FROM opm.error
Hibernate: DELETE FROM opm.info
Hibernate: DELETE FROM opm.notification
Hibernate: DELETE FROM opm.app_user
Hibernate: DELETE FROM opm.batch_daily_payments_history
Hibernate: DELETE FROM opm.audit_batch_history
Hibernate: DELETE FROM opm.new_claim_number_history
Hibernate: DELETE FROM opm.annuitant_list_history
Hibernate: DELETE FROM opm.time_factor_history
Hibernate: DELETE FROM opm.contact_info_history
Hibernate: DELETE FROM opm.interest_suppression_history
Hibernate: DELETE FROM opm.gl_payment_type_history
Hibernate: DELETE FROM opm.scm_first_insert_history
Hibernate: DELETE FROM opm.holiday_history
Hibernate: DELETE FROM opm.deduction_rate_history
Hibernate: DELETE FROM opm.interest_grace_period_history
Hibernate: DELETE FROM opm.gl_code_history
Hibernate: DELETE FROM opm.claim_without_service_history
Hibernate: DELETE FROM opm.payment_transaction_note_history
Hibernate: DELETE FROM opm.payment_move_transaction_history
Hibernate: DELETE FROM opm.interest_rate_history
Hibernate: DELETE FROM opm.payment_interest_detail_history
Hibernate: DELETE FROM opm.adjustment_transaction_history
Hibernate: DELETE FROM opm.invoice_history
Hibernate: DELETE FROM opm.a01_print_suppression_case_history
Hibernate: DELETE FROM opm.user_account_assignment_history
Hibernate: DELETE FROM opm.payment_refund_link_history
Hibernate: DELETE FROM opm.payments_applied_order_code_history
Hibernate: DELETE FROM opm.service_credit_preference_history
Hibernate: DELETE FROM opm.account_confirmation_validation_entry_history
Hibernate: DELETE FROM opm.account_confirmation_validation_history
Hibernate: DELETE FROM opm.payment_reverse_history
Hibernate: DELETE FROM opm.payment_history
Hibernate: DELETE FROM opm.pay_trans_status_code_history
Hibernate: DELETE FROM opm.notification_READBY_history
Hibernate: DELETE FROM opm.refund_transaction_history
Hibernate: DELETE FROM opm.summary_data_history
Hibernate: DELETE FROM opm.dedeposit_history
Hibernate: DELETE FROM opm.redeposit_history
Hibernate: DELETE FROM opm.calculation_result_item_history
Hibernate: DELETE FROM opm.calculation_result_history
Hibernate: DELETE FROM opm.calculation_history
Hibernate: DELETE FROM opm.fers_redeposit_history
Hibernate: DELETE FROM opm.fers_deposit_history
Hibernate: DELETE FROM opm.calculation_version_history
Hibernate: DELETE FROM opm.billing_history
Hibernate: DELETE FROM opm.billing_summary_history
Hibernate: DELETE FROM opm.account_note_history
Hibernate: DELETE FROM opm.address_history
Hibernate: DELETE FROM opm.account_history
Hibernate: DELETE FROM opm.account_holder_history
Hibernate: DELETE FROM opm.error_history
Hibernate: DELETE FROM opm.info_history
Hibernate: DELETE FROM opm.notification_history
Hibernate: DELETE FROM opm.app_user_history
Hibernate: DELETE FROM opm.change_trans_field_number_code
Hibernate: DELETE FROM opm.pay_code
Hibernate: DELETE FROM opm.payment_applied_order
Hibernate: DELETE FROM opm.agency_code
Hibernate: DELETE FROM opm.calculation_status
Hibernate: DELETE FROM opm.transfer_type
Hibernate: DELETE FROM opm.user_status
Hibernate: DELETE FROM opm.claim_officer
Hibernate: DELETE FROM opm.payment_status
Hibernate: DELETE FROM opm.application_designation
Hibernate: DELETE FROM opm.payment_reversal_reason
Hibernate: DELETE FROM opm.pay_type
Hibernate: DELETE FROM opm.appointment_type
Hibernate: DELETE FROM opm.role
Hibernate: DELETE FROM opm.service_type
Hibernate: DELETE FROM opm.retirement_type
Hibernate: DELETE FROM opm.account_status
Hibernate: DELETE FROM opm.country
Hibernate: DELETE FROM opm.state
Hibernate: DELETE FROM opm.period_type
Hibernate: DELETE FROM opm.suffix
Hibernate: DELETE FROM opm.form_type
Hibernate: insert into opm.suffix (deleted, name) values (?, ?)
Hibernate: insert into opm.state (deleted, name, abbreviation) values (?, ?, ?)
Hibernate: insert into opm.country (deleted, name) values (?, ?)
Hibernate: insert into opm.state (deleted, name, abbreviation) values (?, ?, ?)
Hibernate: insert into opm.address (deleted, city, country_id, state_id, street1, street2, street3, street4, street5, zip_code) values (?, ?, ?, ?, ?, ?, ?, ?, ?, ?)
Hibernate: insert into opm.account_holder (deleted, address_id, agency_code, birth_date, city_of_employment, department_code, email, first_name, geo_code, last_name, middle_initial, holder_position, ssn, state_of_employment_id, suffix_id, telephone, title) values (?, ?, ?, ?, ?, ?, ?, ?, ?, ?, ?, ?, ?, ?, ?, ?, ?)
Hibernate: SELECT COUNT(*) FROM opm.account_holder_history WHERE id=? AND action=?
Hibernate: SELECT COUNT(*) FROM opm.address_history WHERE id=? AND action=?
Hibernate: select accounthol0_.id as id1_4_0_, accounthol0_.deleted as deleted2_4_0_, accounthol0_.address_id as address16_4_0_, accounthol0_.agency_code as agency3_4_0_, accounthol0_.birth_date as birth4_4_0_, accounthol0_.city_of_employment as city5_4_0_, accounthol0_.department_code as departme6_4_0_, accounthol0_.email as email7_4_0_, accounthol0_.first_name as first8_4_0_, accounthol0_.geo_code as geo9_4_0_, accounthol0_.last_name as last10_4_0_, accounthol0_.middle_initial as middle11_4_0_, accounthol0_.holder_position as holder12_4_0_, accounthol0_.ssn as ssn13_4_0_, accounthol0_.state_of_employment_id as state17_4_0_, accounthol0_.suffix_id as suffix18_4_0_, accounthol0_.telephone as telepho14_4_0_, accounthol0_.title as title15_4_0_ from opm.account_holder accounthol0_ where accounthol0_.id=?
Hibernate: select address0_.id as id1_7_0_, address0_.deleted as deleted2_7_0_, address0_.city as city3_7_0_, address0_.country_id as country10_7_0_, address0_.state_id as state11_7_0_, address0_.street1 as street4_7_0_, address0_.street2 as street5_7_0_, address0_.street3 as street6_7_0_, address0_.street4 as street7_7_0_, address0_.street5 as street8_7_0_, address0_.zip_code as zip9_7_0_ from opm.address address0_ where address0_.id=?
Hibernate: update opm.account_holder set deleted=?, address_id=?, agency_code=?, birth_date=?, city_of_employment=?, department_code=?, email=?, first_name=?, geo_code=?, last_name=?, middle_initial=?, holder_position=?, ssn=?, state_of_employment_id=?, suffix_id=?, telephone=?, title=? where id=?
Hibernate: SELECT COUNT(*) FROM opm.account_holder_history WHERE id=? AND action=?
Hibernate: delete from opm.account_holder where id=?
Hibernate: delete from opm.address where id=?
Hibernate: select accounthol0_.id as id1_4_0_, accounthol0_.deleted as deleted2_4_0_, accounthol0_.address_id as address16_4_0_, accounthol0_.agency_code as agency3_4_0_, accounthol0_.birth_date as birth4_4_0_, accounthol0_.city_of_employment as city5_4_0_, accounthol0_.department_code as departme6_4_0_, accounthol0_.email as email7_4_0_, accounthol0_.first_name as first8_4_0_, accounthol0_.geo_code as geo9_4_0_, accounthol0_.last_name as last10_4_0_, accounthol0_.middle_initial as middle11_4_0_, accounthol0_.holder_position as holder12_4_0_, accounthol0_.ssn as ssn13_4_0_, accounthol0_.state_of_employment_id as state17_4_0_, accounthol0_.suffix_id as suffix18_4_0_, accounthol0_.telephone as telepho14_4_0_, accounthol0_.title as title15_4_0_ from opm.account_holder accounthol0_ where accounthol0_.id=?
Hibernate: SELECT COUNT(*) FROM opm.account_holder_history WHERE id=? AND action=?
Hibernate: SELECT COUNT(*) FROM opm.address_history WHERE id=? AND action=?
Hibernate: DELETE FROM opm.batch_daily_payments
Hibernate: DELETE FROM opm.audit_batch
Hibernate: DELETE FROM opm.new_claim_number
Hibernate: DELETE FROM opm.annuitant_list
Hibernate: DELETE FROM opm.time_factor
Hibernate: DELETE FROM opm.contact_info
Hibernate: DELETE FROM opm.interest_suppression
Hibernate: DELETE FROM opm.gl_payment_type
Hibernate: DELETE FROM opm.scm_first_insert
Hibernate: DELETE FROM opm.holiday
Hibernate: DELETE FROM opm.deduction_rate
Hibernate: DELETE FROM opm.interest_grace_period
Hibernate: DELETE FROM opm.gl_code
Hibernate: DELETE FROM opm.claim_without_service
Hibernate: DELETE FROM opm.payment_transaction_note
Hibernate: DELETE FROM opm.payment_move_transaction
Hibernate: DELETE FROM opm.interest_rate
Hibernate: DELETE FROM opm.payment_interest_detail
Hibernate: DELETE FROM opm.adjustment_transaction
Hibernate: DELETE FROM opm.invoice
Hibernate: DELETE FROM opm.a01_print_suppression_case
Hibernate: DELETE FROM opm.user_account_assignment
Hibernate: DELETE FROM opm.payment_refund_link
Hibernate: DELETE FROM opm.role_permission
Hibernate: DELETE FROM opm.user_permission
Hibernate: DELETE FROM opm.service_credit_preference
Hibernate: DELETE FROM opm.account_confirmation_validation_entry
Hibernate: DELETE FROM opm.payment_reverse
Hibernate: DELETE FROM opm.payment
Hibernate: DELETE FROM opm.pay_trans_status_code
Hibernate: DELETE FROM opm.payments_applied_order_code
Hibernate: DELETE FROM opm.printout
Hibernate: DELETE FROM opm.related_help_items
Hibernate: DELETE FROM opm.help_item
Hibernate: DELETE FROM opm.notification_READBY
Hibernate: DELETE FROM opm.date_calculation_data
Hibernate: DELETE FROM opm.refund_transaction
Hibernate: DELETE FROM opm.audit_parameter_record
Hibernate: DELETE FROM opm.audit_record
Hibernate: DELETE FROM opm.dedeposit
Hibernate: DELETE FROM opm.redeposit
Hibernate: DELETE FROM opm.calculation_result_item
Hibernate: DELETE FROM opm.calculation
Hibernate: DELETE FROM opm.fers_redeposit
Hibernate: DELETE FROM opm.fers_deposit
Hibernate: DELETE FROM opm.calculation_version
Hibernate: DELETE FROM opm.calculation_result
Hibernate: DELETE FROM opm.summary_data
Hibernate: DELETE FROM opm.billing
Hibernate: DELETE FROM opm.account_note
Hibernate: DELETE FROM opm.account
Hibernate: DELETE FROM opm.account_confirmation_validation
Hibernate: DELETE FROM opm.billing_summary
Hibernate: DELETE FROM opm.account_holder
Hibernate: DELETE FROM opm.address
Hibernate: DELETE FROM opm.error
Hibernate: DELETE FROM opm.info
Hibernate: DELETE FROM opm.notification
Hibernate: DELETE FROM opm.app_user
Hibernate: DELETE FROM opm.batch_daily_payments_history
Hibernate: DELETE FROM opm.audit_batch_history
Hibernate: DELETE FROM opm.new_claim_number_history
Hibernate: DELETE FROM opm.annuitant_list_history
Hibernate: DELETE FROM opm.time_factor_history
Hibernate: DELETE FROM opm.contact_info_history
Hibernate: DELETE FROM opm.interest_suppression_history
Hibernate: DELETE FROM opm.gl_payment_type_history
Hibernate: DELETE FROM opm.scm_first_insert_history
Hibernate: DELETE FROM opm.holiday_history
Hibernate: DELETE FROM opm.deduction_rate_history
Hibernate: DELETE FROM opm.interest_grace_period_history
Hibernate: DELETE FROM opm.gl_code_history
Hibernate: DELETE FROM opm.claim_without_service_history
Hibernate: DELETE FROM opm.payment_transaction_note_history
Hibernate: DELETE FROM opm.payment_move_transaction_history
Hibernate: DELETE FROM opm.interest_rate_history
Hibernate: DELETE FROM opm.payment_interest_detail_history
Hibernate: DELETE FROM opm.adjustment_transaction_history
Hibernate: DELETE FROM opm.invoice_history
Hibernate: DELETE FROM opm.a01_print_suppression_case_history
Hibernate: DELETE FROM opm.user_account_assignment_history
Hibernate: DELETE FROM opm.payment_refund_link_history
Hibernate: DELETE FROM opm.payments_applied_order_code_history
Hibernate: DELETE FROM opm.service_credit_preference_history
Hibernate: DELETE FROM opm.account_confirmation_validation_entry_history
Hibernate: DELETE FROM opm.account_confirmation_validation_history
Hibernate: DELETE FROM opm.payment_reverse_history
Hibernate: DELETE FROM opm.payment_history
Hibernate: DELETE FROM opm.pay_trans_status_code_history
Hibernate: DELETE FROM opm.notification_READBY_history
Hibernate: DELETE FROM opm.refund_transaction_history
Hibernate: DELETE FROM opm.summary_data_history
Hibernate: DELETE FROM opm.dedeposit_history
Hibernate: DELETE FROM opm.redeposit_history
Hibernate: DELETE FROM opm.calculation_result_item_history
Hibernate: DELETE FROM opm.calculation_result_history
Hibernate: DELETE FROM opm.calculation_history
Hibernate: DELETE FROM opm.fers_redeposit_history
Hibernate: DELETE FROM opm.fers_deposit_history
Hibernate: DELETE FROM opm.calculation_version_history
Hibernate: DELETE FROM opm.billing_history
Hibernate: DELETE FROM opm.billing_summary_history
Hibernate: DELETE FROM opm.account_note_history
Hibernate: DELETE FROM opm.address_history
Hibernate: DELETE FROM opm.account_history
Hibernate: DELETE FROM opm.account_holder_history
Hibernate: DELETE FROM opm.error_history
Hibernate: DELETE FROM opm.info_history
Hibernate: DELETE FROM opm.notification_history
Hibernate: DELETE FROM opm.app_user_history
Hibernate: DELETE FROM opm.change_trans_field_number_code
Hibernate: DELETE FROM opm.pay_code
Hibernate: DELETE FROM opm.payment_applied_order
Hibernate: DELETE FROM opm.agency_code
Hibernate: DELETE FROM opm.calculation_status
Hibernate: DELETE FROM opm.transfer_type
Hibernate: DELETE FROM opm.user_status
Hibernate: DELETE FROM opm.claim_officer
Hibernate: DELETE FROM opm.payment_status
Hibernate: DELETE FROM opm.application_designation
Hibernate: DELETE FROM opm.payment_reversal_reason
Hibernate: DELETE FROM opm.pay_type
Hibernate: DELETE FROM opm.appointment_type
Hibernate: DELETE FROM opm.role
Hibernate: DELETE FROM opm.service_type
Hibernate: DELETE FROM opm.retirement_type
Hibernate: DELETE FROM opm.account_status
Hibernate: DELETE FROM opm.country
Hibernate: DELETE FROM opm.state
Hibernate: DELETE FROM opm.period_type
Hibernate: DELETE FROM opm.suffix
Hibernate: DELETE FROM opm.form_type
Hibernate: DELETE FROM opm.batch_daily_payments
Hibernate: DELETE FROM opm.audit_batch
Hibernate: DELETE FROM opm.new_claim_number
Hibernate: DELETE FROM opm.annuitant_list
Hibernate: DELETE FROM opm.time_factor
Hibernate: DELETE FROM opm.contact_info
Hibernate: DELETE FROM opm.interest_suppression
Hibernate: DELETE FROM opm.gl_payment_type
Hibernate: DELETE FROM opm.scm_first_insert
Hibernate: DELETE FROM opm.holiday
Hibernate: DELETE FROM opm.deduction_rate
Hibernate: DELETE FROM opm.interest_grace_period
Hibernate: DELETE FROM opm.gl_code
Hibernate: DELETE FROM opm.claim_without_service
Hibernate: DELETE FROM opm.payment_transaction_note
Hibernate: DELETE FROM opm.payment_move_transaction
Hibernate: DELETE FROM opm.interest_rate
Hibernate: DELETE FROM opm.payment_interest_detail
Hibernate: DELETE FROM opm.adjustment_transaction
Hibernate: DELETE FROM opm.invoice
Hibernate: DELETE FROM opm.a01_print_suppression_case
Hibernate: DELETE FROM opm.user_account_assignment
Hibernate: DELETE FROM opm.payment_refund_link
Hibernate: DELETE FROM opm.role_permission
Hibernate: DELETE FROM opm.user_permission
Hibernate: DELETE FROM opm.service_credit_preference
Hibernate: DELETE FROM opm.account_confirmation_validation_entry
Hibernate: DELETE FROM opm.payment_reverse
Hibernate: DELETE FROM opm.payment
Hibernate: DELETE FROM opm.pay_trans_status_code
Hibernate: DELETE FROM opm.payments_applied_order_code
Hibernate: DELETE FROM opm.printout
Hibernate: DELETE FROM opm.related_help_items
Hibernate: DELETE FROM opm.help_item
Hibernate: DELETE FROM opm.notification_READBY
Hibernate: DELETE FROM opm.date_calculation_data
Hibernate: DELETE FROM opm.refund_transaction
Hibernate: DELETE FROM opm.audit_parameter_record
Hibernate: DELETE FROM opm.audit_record
Hibernate: DELETE FROM opm.dedeposit
Hibernate: DELETE FROM opm.redeposit
Hibernate: DELETE FROM opm.calculation_result_item
Hibernate: DELETE FROM opm.calculation
Hibernate: DELETE FROM opm.fers_redeposit
Hibernate: DELETE FROM opm.fers_deposit
Hibernate: DELETE FROM opm.calculation_version
Hibernate: DELETE FROM opm.calculation_result
Hibernate: DELETE FROM opm.summary_data
Hibernate: DELETE FROM opm.billing
Hibernate: DELETE FROM opm.account_note
Hibernate: DELETE FROM opm.account
Hibernate: DELETE FROM opm.account_confirmation_validation
Hibernate: DELETE FROM opm.billing_summary
Hibernate: DELETE FROM opm.account_holder
Hibernate: DELETE FROM opm.address
Hibernate: DELETE FROM opm.error
Hibernate: DELETE FROM opm.info
Hibernate: DELETE FROM opm.notification
Hibernate: DELETE FROM opm.app_user
Hibernate: DELETE FROM opm.batch_daily_payments_history
Hibernate: DELETE FROM opm.audit_batch_history
Hibernate: DELETE FROM opm.new_claim_number_history
Hibernate: DELETE FROM opm.annuitant_list_history
Hibernate: DELETE FROM opm.time_factor_history
Hibernate: DELETE FROM opm.contact_info_history
Hibernate: DELETE FROM opm.interest_suppression_history
Hibernate: DELETE FROM opm.gl_payment_type_history
Hibernate: DELETE FROM opm.scm_first_insert_history
Hibernate: DELETE FROM opm.holiday_history
Hibernate: DELETE FROM opm.deduction_rate_history
Hibernate: DELETE FROM opm.interest_grace_period_history
Hibernate: DELETE FROM opm.gl_code_history
Hibernate: DELETE FROM opm.claim_without_service_history
Hibernate: DELETE FROM opm.payment_transaction_note_history
Hibernate: DELETE FROM opm.payment_move_transaction_history
Hibernate: DELETE FROM opm.interest_rate_history
Hibernate: DELETE FROM opm.payment_interest_detail_history
Hibernate: DELETE FROM opm.adjustment_transaction_history
Hibernate: DELETE FROM opm.invoice_history
Hibernate: DELETE FROM opm.a01_print_suppression_case_history
Hibernate: DELETE FROM opm.user_account_assignment_history
Hibernate: DELETE FROM opm.payment_refund_link_history
Hibernate: DELETE FROM opm.payments_applied_order_code_history
Hibernate: DELETE FROM opm.service_credit_preference_history
Hibernate: DELETE FROM opm.account_confirmation_validation_entry_history
Hibernate: DELETE FROM opm.account_confirmation_validation_history
Hibernate: DELETE FROM opm.payment_reverse_history
Hibernate: DELETE FROM opm.payment_history
Hibernate: DELETE FROM opm.pay_trans_status_code_history
Hibernate: DELETE FROM opm.notification_READBY_history
Hibernate: DELETE FROM opm.refund_transaction_history
Hibernate: DELETE FROM opm.summary_data_history
Hibernate: DELETE FROM opm.dedeposit_history
Hibernate: DELETE FROM opm.redeposit_history
Hibernate: DELETE FROM opm.calculation_result_item_history
Hibernate: DELETE FROM opm.calculation_result_history
Hibernate: DELETE FROM opm.calculation_history
Hibernate: DELETE FROM opm.fers_redeposit_history
Hibernate: DELETE FROM opm.fers_deposit_history
Hibernate: DELETE FROM opm.calculation_version_history
Hibernate: DELETE FROM opm.billing_history
Hibernate: DELETE FROM opm.billing_summary_history
Hibernate: DELETE FROM opm.account_note_history
Hibernate: DELETE FROM opm.address_history
Hibernate: DELETE FROM opm.account_history
Hibernate: DELETE FROM opm.account_holder_history
Hibernate: DELETE FROM opm.error_history
Hibernate: DELETE FROM opm.info_history
Hibernate: DELETE FROM opm.notification_history
Hibernate: DELETE FROM opm.app_user_history
Hibernate: DELETE FROM opm.change_trans_field_number_code
Hibernate: DELETE FROM opm.pay_code
Hibernate: DELETE FROM opm.payment_applied_order
Hibernate: DELETE FROM opm.agency_code
Hibernate: DELETE FROM opm.calculation_status
Hibernate: DELETE FROM opm.transfer_type
Hibernate: DELETE FROM opm.user_status
Hibernate: DELETE FROM opm.claim_officer
Hibernate: DELETE FROM opm.payment_status
Hibernate: DELETE FROM opm.application_designation
Hibernate: DELETE FROM opm.payment_reversal_reason
Hibernate: DELETE FROM opm.pay_type
Hibernate: DELETE FROM opm.appointment_type
Hibernate: DELETE FROM opm.role
Hibernate: DELETE FROM opm.service_type
Hibernate: DELETE FROM opm.retirement_type
Hibernate: DELETE FROM opm.account_status
Hibernate: DELETE FROM opm.country
Hibernate: DELETE FROM opm.state
Hibernate: DELETE FROM opm.period_type
Hibernate: DELETE FROM opm.suffix
Hibernate: DELETE FROM opm.form_type
Hibernate: insert into opm.payments_applied_order_code (deleted, display_order, payment_account) values (?, ?, ?)
Hibernate: insert into opm.pay_trans_status_code (deleted, balanced_scorecard, batch_processing_order, can_hit_gl, category, deletable, description, display_order, final_state, include_in_balance, manual_entered, needs_approval, next_state_link, nightly_batch, reversable, reversing_type, send_to_dbts, show_on_suspense, suspense_action) values (?, ?, ?, ?, ?, ?, ?, ?, ?, ?, ?, ?, ?, ?, ?, ?, ?, ?, ?)
Hibernate: insert into opm.payment_status (deleted, name) values (?, ?)
Hibernate: insert into opm.application_designation (deleted, name) values (?, ?)
Hibernate: insert into opm.account_status (deleted, name, display_order, status_category) values (?, ?, ?, ?)
Hibernate: insert into opm.account_status (deleted, name, display_order, status_category) values (?, ?, ?, ?)
Hibernate: insert into opm.account_status (deleted, name, display_order, status_category) values (?, ?, ?, ?)
Hibernate: insert into opm.payment (deleted, account_balance, account_holder_birthdate, account_id, account_status_id, ach, amount, apply_designation_id, apply_to_gl, approval_reason, approval_status, approval_user, batch_number, block_number, claim_number, claimant, claimant_birthday, deposit_date, disapprove, gov_refund, history_payment, import_id, master_account_balance, master_account_id, master_account_status_id, master_claim_number, master_claimant_birthday, note, order_code_id, payment_status_id, payment_type, post_deposit_amount, post_flag, post_redeposit_amount, pre_deposit_amount, pre_redeposit_amount, resolve_suspense, sequence, sequence_number, ssn, pay_trans_status_code_id, status_date, transaction_date, transaction_key, user_inserted) values (?, ?, ?, ?, ?, ?, ?, ?, ?, ?, ?, ?, ?, ?, ?, ?, ?, ?, ?, ?, ?, ?, ?, ?, ?, ?, ?, ?, ?, ?, ?, ?, ?, ?, ?, ?, ?, ?, ?, ?, ?, ?, ?, ?, ?)
Hibernate: insert into opm.payment_reversal_reason (deleted, name) values (?, ?)
Hibernate: insert into opm.payment_reverse (deleted, apply_to_gl, payment_id, payment_reversal_reason_id, reverser) values (?, ?, ?, ?, ?)
Hibernate: SELECT COUNT(*) FROM opm.payment_reverse_history WHERE id=? AND action=?
Hibernate: select paymentrev0_.id as id1_57_0_, paymentrev0_.deleted as deleted2_57_0_, paymentrev0_.apply_to_gl as apply3_57_0_, paymentrev0_.payment_id as payment4_57_0_, paymentrev0_.payment_reversal_reason_id as payment6_57_0_, paymentrev0_.reverser as reverser5_57_0_ from opm.payment_reverse paymentrev0_ where paymentrev0_.id=?
Hibernate: update opm.payment_reverse set deleted=?, apply_to_gl=?, payment_id=?, payment_reversal_reason_id=?, reverser=? where id=?
Hibernate: SELECT COUNT(*) FROM opm.payment_reverse_history WHERE id=? AND action=?
Hibernate: delete from opm.payment_reverse where id=?
Hibernate: select paymentrev0_.id as id1_57_0_, paymentrev0_.deleted as deleted2_57_0_, paymentrev0_.apply_to_gl as apply3_57_0_, paymentrev0_.payment_id as payment4_57_0_, paymentrev0_.payment_reversal_reason_id as payment6_57_0_, paymentrev0_.reverser as reverser5_57_0_ from opm.payment_reverse paymentrev0_ where paymentrev0_.id=?
Hibernate: SELECT COUNT(*) FROM opm.payment_reverse_history WHERE id=? AND action=?
Hibernate: DELETE FROM opm.batch_daily_payments
Hibernate: DELETE FROM opm.audit_batch
Hibernate: DELETE FROM opm.new_claim_number
Hibernate: DELETE FROM opm.annuitant_list
Hibernate: DELETE FROM opm.time_factor
Hibernate: DELETE FROM opm.contact_info
Hibernate: DELETE FROM opm.interest_suppression
Hibernate: DELETE FROM opm.gl_payment_type
Hibernate: DELETE FROM opm.scm_first_insert
Hibernate: DELETE FROM opm.holiday
Hibernate: DELETE FROM opm.deduction_rate
Hibernate: DELETE FROM opm.interest_grace_period
Hibernate: DELETE FROM opm.gl_code
Hibernate: DELETE FROM opm.claim_without_service
Hibernate: DELETE FROM opm.payment_transaction_note
Hibernate: DELETE FROM opm.payment_move_transaction
Hibernate: DELETE FROM opm.interest_rate
Hibernate: DELETE FROM opm.payment_interest_detail
Hibernate: DELETE FROM opm.adjustment_transaction
Hibernate: DELETE FROM opm.invoice
Hibernate: DELETE FROM opm.a01_print_suppression_case
Hibernate: DELETE FROM opm.user_account_assignment
Hibernate: DELETE FROM opm.payment_refund_link
Hibernate: DELETE FROM opm.role_permission
Hibernate: DELETE FROM opm.user_permission
Hibernate: DELETE FROM opm.service_credit_preference
Hibernate: DELETE FROM opm.account_confirmation_validation_entry
Hibernate: DELETE FROM opm.payment_reverse
Hibernate: DELETE FROM opm.payment
Hibernate: DELETE FROM opm.pay_trans_status_code
Hibernate: DELETE FROM opm.payments_applied_order_code
Hibernate: DELETE FROM opm.printout
Hibernate: DELETE FROM opm.related_help_items
Hibernate: DELETE FROM opm.help_item
Hibernate: DELETE FROM opm.notification_READBY
Hibernate: DELETE FROM opm.date_calculation_data
Hibernate: DELETE FROM opm.refund_transaction
Hibernate: DELETE FROM opm.audit_parameter_record
Hibernate: DELETE FROM opm.audit_record
Hibernate: DELETE FROM opm.dedeposit
Hibernate: DELETE FROM opm.redeposit
Hibernate: DELETE FROM opm.calculation_result_item
Hibernate: DELETE FROM opm.calculation
Hibernate: DELETE FROM opm.fers_redeposit
Hibernate: DELETE FROM opm.fers_deposit
Hibernate: DELETE FROM opm.calculation_version
Hibernate: DELETE FROM opm.calculation_result
Hibernate: DELETE FROM opm.summary_data
Hibernate: DELETE FROM opm.billing
Hibernate: DELETE FROM opm.account_note
Hibernate: DELETE FROM opm.account
Hibernate: DELETE FROM opm.account_confirmation_validation
Hibernate: DELETE FROM opm.billing_summary
Hibernate: DELETE FROM opm.account_holder
Hibernate: DELETE FROM opm.address
Hibernate: DELETE FROM opm.error
Hibernate: DELETE FROM opm.info
Hibernate: DELETE FROM opm.notification
Hibernate: DELETE FROM opm.app_user
Hibernate: DELETE FROM opm.batch_daily_payments_history
Hibernate: DELETE FROM opm.audit_batch_history
Hibernate: DELETE FROM opm.new_claim_number_history
Hibernate: DELETE FROM opm.annuitant_list_history
Hibernate: DELETE FROM opm.time_factor_history
Hibernate: DELETE FROM opm.contact_info_history
Hibernate: DELETE FROM opm.interest_suppression_history
Hibernate: DELETE FROM opm.gl_payment_type_history
Hibernate: DELETE FROM opm.scm_first_insert_history
Hibernate: DELETE FROM opm.holiday_history
Hibernate: DELETE FROM opm.deduction_rate_history
Hibernate: DELETE FROM opm.interest_grace_period_history
Hibernate: DELETE FROM opm.gl_code_history
Hibernate: DELETE FROM opm.claim_without_service_history
Hibernate: DELETE FROM opm.payment_transaction_note_history
Hibernate: DELETE FROM opm.payment_move_transaction_history
Hibernate: DELETE FROM opm.interest_rate_history
Hibernate: DELETE FROM opm.payment_interest_detail_history
Hibernate: DELETE FROM opm.adjustment_transaction_history
Hibernate: DELETE FROM opm.invoice_history
Hibernate: DELETE FROM opm.a01_print_suppression_case_history
Hibernate: DELETE FROM opm.user_account_assignment_history
Hibernate: DELETE FROM opm.payment_refund_link_history
Hibernate: DELETE FROM opm.payments_applied_order_code_history
Hibernate: DELETE FROM opm.service_credit_preference_history
Hibernate: DELETE FROM opm.account_confirmation_validation_entry_history
Hibernate: DELETE FROM opm.account_confirmation_validation_history
Hibernate: DELETE FROM opm.payment_reverse_history
Hibernate: DELETE FROM opm.payment_history
Hibernate: DELETE FROM opm.pay_trans_status_code_history
Hibernate: DELETE FROM opm.notification_READBY_history
Hibernate: DELETE FROM opm.refund_transaction_history
Hibernate: DELETE FROM opm.summary_data_history
Hibernate: DELETE FROM opm.dedeposit_history
Hibernate: DELETE FROM opm.redeposit_history
Hibernate: DELETE FROM opm.calculation_result_item_history
Hibernate: DELETE FROM opm.calculation_result_history
Hibernate: DELETE FROM opm.calculation_history
Hibernate: DELETE FROM opm.fers_redeposit_history
Hibernate: DELETE FROM opm.fers_deposit_history
Hibernate: DELETE FROM opm.calculation_version_history
Hibernate: DELETE FROM opm.billing_history
Hibernate: DELETE FROM opm.billing_summary_history
Hibernate: DELETE FROM opm.account_note_history
Hibernate: DELETE FROM opm.address_history
Hibernate: DELETE FROM opm.account_history
Hibernate: DELETE FROM opm.account_holder_history
Hibernate: DELETE FROM opm.error_history
Hibernate: DELETE FROM opm.info_history
Hibernate: DELETE FROM opm.notification_history
Hibernate: DELETE FROM opm.app_user_history
Hibernate: DELETE FROM opm.change_trans_field_number_code
Hibernate: DELETE FROM opm.pay_code
Hibernate: DELETE FROM opm.payment_applied_order
Hibernate: DELETE FROM opm.agency_code
Hibernate: DELETE FROM opm.calculation_status
Hibernate: DELETE FROM opm.transfer_type
Hibernate: DELETE FROM opm.user_status
Hibernate: DELETE FROM opm.claim_officer
Hibernate: DELETE FROM opm.payment_status
Hibernate: DELETE FROM opm.application_designation
Hibernate: DELETE FROM opm.payment_reversal_reason
Hibernate: DELETE FROM opm.pay_type
Hibernate: DELETE FROM opm.appointment_type
Hibernate: DELETE FROM opm.role
Hibernate: DELETE FROM opm.service_type
Hibernate: DELETE FROM opm.retirement_type
Hibernate: DELETE FROM opm.account_status
Hibernate: DELETE FROM opm.country
Hibernate: DELETE FROM opm.state
Hibernate: DELETE FROM opm.period_type
Hibernate: DELETE FROM opm.suffix
Hibernate: DELETE FROM opm.form_type
Hibernate: DELETE FROM opm.batch_daily_payments
Hibernate: DELETE FROM opm.audit_batch
Hibernate: DELETE FROM opm.new_claim_number
Hibernate: DELETE FROM opm.annuitant_list
Hibernate: DELETE FROM opm.time_factor
Hibernate: DELETE FROM opm.contact_info
Hibernate: DELETE FROM opm.interest_suppression
Hibernate: DELETE FROM opm.gl_payment_type
Hibernate: DELETE FROM opm.scm_first_insert
Hibernate: DELETE FROM opm.holiday
Hibernate: DELETE FROM opm.deduction_rate
Hibernate: DELETE FROM opm.interest_grace_period
Hibernate: DELETE FROM opm.gl_code
Hibernate: DELETE FROM opm.claim_without_service
Hibernate: DELETE FROM opm.payment_transaction_note
Hibernate: DELETE FROM opm.payment_move_transaction
Hibernate: DELETE FROM opm.interest_rate
Hibernate: DELETE FROM opm.payment_interest_detail
Hibernate: DELETE FROM opm.adjustment_transaction
Hibernate: DELETE FROM opm.invoice
Hibernate: DELETE FROM opm.a01_print_suppression_case
Hibernate: DELETE FROM opm.user_account_assignment
Hibernate: DELETE FROM opm.payment_refund_link
Hibernate: DELETE FROM opm.role_permission
Hibernate: DELETE FROM opm.user_permission
Hibernate: DELETE FROM opm.service_credit_preference
Hibernate: DELETE FROM opm.account_confirmation_validation_entry
Hibernate: DELETE FROM opm.payment_reverse
Hibernate: DELETE FROM opm.payment
Hibernate: DELETE FROM opm.pay_trans_status_code
Hibernate: DELETE FROM opm.payments_applied_order_code
Hibernate: DELETE FROM opm.printout
Hibernate: DELETE FROM opm.related_help_items
Hibernate: DELETE FROM opm.help_item
Hibernate: DELETE FROM opm.notification_READBY
Hibernate: DELETE FROM opm.date_calculation_data
Hibernate: DELETE FROM opm.refund_transaction
Hibernate: DELETE FROM opm.audit_parameter_record
Hibernate: DELETE FROM opm.audit_record
Hibernate: DELETE FROM opm.dedeposit
Hibernate: DELETE FROM opm.redeposit
Hibernate: DELETE FROM opm.calculation_result_item
Hibernate: DELETE FROM opm.calculation
Hibernate: DELETE FROM opm.fers_redeposit
Hibernate: DELETE FROM opm.fers_deposit
Hibernate: DELETE FROM opm.calculation_version
Hibernate: DELETE FROM opm.calculation_result
Hibernate: DELETE FROM opm.summary_data
Hibernate: DELETE FROM opm.billing
Hibernate: DELETE FROM opm.account_note
Hibernate: DELETE FROM opm.account
Hibernate: DELETE FROM opm.account_confirmation_validation
Hibernate: DELETE FROM opm.billing_summary
Hibernate: DELETE FROM opm.account_holder
Hibernate: DELETE FROM opm.address
Hibernate: DELETE FROM opm.error
Hibernate: DELETE FROM opm.info
Hibernate: DELETE FROM opm.notification
Hibernate: DELETE FROM opm.app_user
Hibernate: DELETE FROM opm.batch_daily_payments_history
Hibernate: DELETE FROM opm.audit_batch_history
Hibernate: DELETE FROM opm.new_claim_number_history
Hibernate: DELETE FROM opm.annuitant_list_history
Hibernate: DELETE FROM opm.time_factor_history
Hibernate: DELETE FROM opm.contact_info_history
Hibernate: DELETE FROM opm.interest_suppression_history
Hibernate: DELETE FROM opm.gl_payment_type_history
Hibernate: DELETE FROM opm.scm_first_insert_history
Hibernate: DELETE FROM opm.holiday_history
Hibernate: DELETE FROM opm.deduction_rate_history
Hibernate: DELETE FROM opm.interest_grace_period_history
Hibernate: DELETE FROM opm.gl_code_history
Hibernate: DELETE FROM opm.claim_without_service_history
Hibernate: DELETE FROM opm.payment_transaction_note_history
Hibernate: DELETE FROM opm.payment_move_transaction_history
Hibernate: DELETE FROM opm.interest_rate_history
Hibernate: DELETE FROM opm.payment_interest_detail_history
Hibernate: DELETE FROM opm.adjustment_transaction_history
Hibernate: DELETE FROM opm.invoice_history
Hibernate: DELETE FROM opm.a01_print_suppression_case_history
Hibernate: DELETE FROM opm.user_account_assignment_history
Hibernate: DELETE FROM opm.payment_refund_link_history
Hibernate: DELETE FROM opm.payments_applied_order_code_history
Hibernate: DELETE FROM opm.service_credit_preference_history
Hibernate: DELETE FROM opm.account_confirmation_validation_entry_history
Hibernate: DELETE FROM opm.account_confirmation_validation_history
Hibernate: DELETE FROM opm.payment_reverse_history
Hibernate: DELETE FROM opm.payment_history
Hibernate: DELETE FROM opm.pay_trans_status_code_history
Hibernate: DELETE FROM opm.notification_READBY_history
Hibernate: DELETE FROM opm.refund_transaction_history
Hibernate: DELETE FROM opm.summary_data_history
Hibernate: DELETE FROM opm.dedeposit_history
Hibernate: DELETE FROM opm.redeposit_history
Hibernate: DELETE FROM opm.calculation_result_item_history
Hibernate: DELETE FROM opm.calculation_result_history
Hibernate: DELETE FROM opm.calculation_history
Hibernate: DELETE FROM opm.fers_redeposit_history
Hibernate: DELETE FROM opm.fers_deposit_history
Hibernate: DELETE FROM opm.calculation_version_history
Hibernate: DELETE FROM opm.billing_history
Hibernate: DELETE FROM opm.billing_summary_history
Hibernate: DELETE FROM opm.account_note_history
Hibernate: DELETE FROM opm.address_history
Hibernate: DELETE FROM opm.account_history
Hibernate: DELETE FROM opm.account_holder_history
Hibernate: DELETE FROM opm.error_history
Hibernate: DELETE FROM opm.info_history
Hibernate: DELETE FROM opm.notification_history
Hibernate: DELETE FROM opm.app_user_history
Hibernate: DELETE FROM opm.change_trans_field_number_code
Hibernate: DELETE FROM opm.pay_code
Hibernate: DELETE FROM opm.payment_applied_order
Hibernate: DELETE FROM opm.agency_code
Hibernate: DELETE FROM opm.calculation_status
Hibernate: DELETE FROM opm.transfer_type
Hibernate: DELETE FROM opm.user_status
Hibernate: DELETE FROM opm.claim_officer
Hibernate: DELETE FROM opm.payment_status
Hibernate: DELETE FROM opm.application_designation
Hibernate: DELETE FROM opm.payment_reversal_reason
Hibernate: DELETE FROM opm.pay_type
Hibernate: DELETE FROM opm.appointment_type
Hibernate: DELETE FROM opm.role
Hibernate: DELETE FROM opm.service_type
Hibernate: DELETE FROM opm.retirement_type
Hibernate: DELETE FROM opm.account_status
Hibernate: DELETE FROM opm.country
Hibernate: DELETE FROM opm.state
Hibernate: DELETE FROM opm.period_type
Hibernate: DELETE FROM opm.suffix
Hibernate: DELETE FROM opm.form_type
Hibernate: insert into opm.transfer_type (deleted, name) values (?, ?)
Hibernate: insert into opm.refund_transaction (deleted, amount, claim_number, refund_date, refund_username, transaction_key, transfer_type_id) values (?, ?, ?, ?, ?, ?, ?)
Hibernate: SELECT COUNT(*) FROM opm.refund_transaction_history WHERE id=? AND action=?
Hibernate: select refundtran0_.id as id1_64_0_, refundtran0_.deleted as deleted2_64_0_, refundtran0_.amount as amount3_64_0_, refundtran0_.claim_number as claim4_64_0_, refundtran0_.refund_date as refund5_64_0_, refundtran0_.refund_username as refund6_64_0_, refundtran0_.transaction_key as transact7_64_0_, refundtran0_.transfer_type_id as transfer8_64_0_ from opm.refund_transaction refundtran0_ where refundtran0_.id=?
Hibernate: update opm.refund_transaction set deleted=?, amount=?, claim_number=?, refund_date=?, refund_username=?, transaction_key=?, transfer_type_id=? where id=?
Hibernate: SELECT COUNT(*) FROM opm.refund_transaction_history WHERE id=? AND action=?
Hibernate: delete from opm.refund_transaction where id=?
Hibernate: select refundtran0_.id as id1_64_0_, refundtran0_.deleted as deleted2_64_0_, refundtran0_.amount as amount3_64_0_, refundtran0_.claim_number as claim4_64_0_, refundtran0_.refund_date as refund5_64_0_, refundtran0_.refund_username as refund6_64_0_, refundtran0_.transaction_key as transact7_64_0_, refundtran0_.transfer_type_id as transfer8_64_0_ from opm.refund_transaction refundtran0_ where refundtran0_.id=?
Hibernate: SELECT COUNT(*) FROM opm.refund_transaction_history WHERE id=? AND action=?
Hibernate: DELETE FROM opm.batch_daily_payments
Hibernate: DELETE FROM opm.audit_batch
Hibernate: DELETE FROM opm.new_claim_number
Hibernate: DELETE FROM opm.annuitant_list
Hibernate: DELETE FROM opm.time_factor
Hibernate: DELETE FROM opm.contact_info
Hibernate: DELETE FROM opm.interest_suppression
Hibernate: DELETE FROM opm.gl_payment_type
Hibernate: DELETE FROM opm.scm_first_insert
Hibernate: DELETE FROM opm.holiday
Hibernate: DELETE FROM opm.deduction_rate
Hibernate: DELETE FROM opm.interest_grace_period
Hibernate: DELETE FROM opm.gl_code
Hibernate: DELETE FROM opm.claim_without_service
Hibernate: DELETE FROM opm.payment_transaction_note
Hibernate: DELETE FROM opm.payment_move_transaction
Hibernate: DELETE FROM opm.interest_rate
Hibernate: DELETE FROM opm.payment_interest_detail
Hibernate: DELETE FROM opm.adjustment_transaction
Hibernate: DELETE FROM opm.invoice
Hibernate: DELETE FROM opm.a01_print_suppression_case
Hibernate: DELETE FROM opm.user_account_assignment
Hibernate: DELETE FROM opm.payment_refund_link
Hibernate: DELETE FROM opm.role_permission
Hibernate: DELETE FROM opm.user_permission
Hibernate: DELETE FROM opm.service_credit_preference
Hibernate: DELETE FROM opm.account_confirmation_validation_entry
Hibernate: DELETE FROM opm.payment_reverse
Hibernate: DELETE FROM opm.payment
Hibernate: DELETE FROM opm.pay_trans_status_code
Hibernate: DELETE FROM opm.payments_applied_order_code
Hibernate: DELETE FROM opm.printout
Hibernate: DELETE FROM opm.related_help_items
Hibernate: DELETE FROM opm.help_item
Hibernate: DELETE FROM opm.notification_READBY
Hibernate: DELETE FROM opm.date_calculation_data
Hibernate: DELETE FROM opm.refund_transaction
Hibernate: DELETE FROM opm.audit_parameter_record
Hibernate: DELETE FROM opm.audit_record
Hibernate: DELETE FROM opm.dedeposit
Hibernate: DELETE FROM opm.redeposit
Hibernate: DELETE FROM opm.calculation_result_item
Hibernate: DELETE FROM opm.calculation
Hibernate: DELETE FROM opm.fers_redeposit
Hibernate: DELETE FROM opm.fers_deposit
Hibernate: DELETE FROM opm.calculation_version
Hibernate: DELETE FROM opm.calculation_result
Hibernate: DELETE FROM opm.summary_data
Hibernate: DELETE FROM opm.billing
Hibernate: DELETE FROM opm.account_note
Hibernate: DELETE FROM opm.account
Hibernate: DELETE FROM opm.account_confirmation_validation
Hibernate: DELETE FROM opm.billing_summary
Hibernate: DELETE FROM opm.account_holder
Hibernate: DELETE FROM opm.address
Hibernate: DELETE FROM opm.error
Hibernate: DELETE FROM opm.info
Hibernate: DELETE FROM opm.notification
Hibernate: DELETE FROM opm.app_user
Hibernate: DELETE FROM opm.batch_daily_payments_history
Hibernate: DELETE FROM opm.audit_batch_history
Hibernate: DELETE FROM opm.new_claim_number_history
Hibernate: DELETE FROM opm.annuitant_list_history
Hibernate: DELETE FROM opm.time_factor_history
Hibernate: DELETE FROM opm.contact_info_history
Hibernate: DELETE FROM opm.interest_suppression_history
Hibernate: DELETE FROM opm.gl_payment_type_history
Hibernate: DELETE FROM opm.scm_first_insert_history
Hibernate: DELETE FROM opm.holiday_history
Hibernate: DELETE FROM opm.deduction_rate_history
Hibernate: DELETE FROM opm.interest_grace_period_history
Hibernate: DELETE FROM opm.gl_code_history
Hibernate: DELETE FROM opm.claim_without_service_history
Hibernate: DELETE FROM opm.payment_transaction_note_history
Hibernate: DELETE FROM opm.payment_move_transaction_history
Hibernate: DELETE FROM opm.interest_rate_history
Hibernate: DELETE FROM opm.payment_interest_detail_history
Hibernate: DELETE FROM opm.adjustment_transaction_history
Hibernate: DELETE FROM opm.invoice_history
Hibernate: DELETE FROM opm.a01_print_suppression_case_history
Hibernate: DELETE FROM opm.user_account_assignment_history
Hibernate: DELETE FROM opm.payment_refund_link_history
Hibernate: DELETE FROM opm.payments_applied_order_code_history
Hibernate: DELETE FROM opm.service_credit_preference_history
Hibernate: DELETE FROM opm.account_confirmation_validation_entry_history
Hibernate: DELETE FROM opm.account_confirmation_validation_history
Hibernate: DELETE FROM opm.payment_reverse_history
Hibernate: DELETE FROM opm.payment_history
Hibernate: DELETE FROM opm.pay_trans_status_code_history
Hibernate: DELETE FROM opm.notification_READBY_history
Hibernate: DELETE FROM opm.refund_transaction_history
Hibernate: DELETE FROM opm.summary_data_history
Hibernate: DELETE FROM opm.dedeposit_history
Hibernate: DELETE FROM opm.redeposit_history
Hibernate: DELETE FROM opm.calculation_result_item_history
Hibernate: DELETE FROM opm.calculation_result_history
Hibernate: DELETE FROM opm.calculation_history
Hibernate: DELETE FROM opm.fers_redeposit_history
Hibernate: DELETE FROM opm.fers_deposit_history
Hibernate: DELETE FROM opm.calculation_version_history
Hibernate: DELETE FROM opm.billing_history
Hibernate: DELETE FROM opm.billing_summary_history
Hibernate: DELETE FROM opm.account_note_history
Hibernate: DELETE FROM opm.address_history
Hibernate: DELETE FROM opm.account_history
Hibernate: DELETE FROM opm.account_holder_history
Hibernate: DELETE FROM opm.error_history
Hibernate: DELETE FROM opm.info_history
Hibernate: DELETE FROM opm.notification_history
Hibernate: DELETE FROM opm.app_user_history
Hibernate: DELETE FROM opm.change_trans_field_number_code
Hibernate: DELETE FROM opm.pay_code
Hibernate: DELETE FROM opm.payment_applied_order
Hibernate: DELETE FROM opm.agency_code
Hibernate: DELETE FROM opm.calculation_status
Hibernate: DELETE FROM opm.transfer_type
Hibernate: DELETE FROM opm.user_status
Hibernate: DELETE FROM opm.claim_officer
Hibernate: DELETE FROM opm.payment_status
Hibernate: DELETE FROM opm.application_designation
Hibernate: DELETE FROM opm.payment_reversal_reason
Hibernate: DELETE FROM opm.pay_type
Hibernate: DELETE FROM opm.appointment_type
Hibernate: DELETE FROM opm.role
Hibernate: DELETE FROM opm.service_type
Hibernate: DELETE FROM opm.retirement_type
Hibernate: DELETE FROM opm.account_status
Hibernate: DELETE FROM opm.country
Hibernate: DELETE FROM opm.state
Hibernate: DELETE FROM opm.period_type
Hibernate: DELETE FROM opm.suffix
Hibernate: DELETE FROM opm.form_type
Hibernate: DELETE FROM opm.batch_daily_payments
Hibernate: DELETE FROM opm.audit_batch
Hibernate: DELETE FROM opm.new_claim_number
Hibernate: DELETE FROM opm.annuitant_list
Hibernate: DELETE FROM opm.time_factor
Hibernate: DELETE FROM opm.contact_info
Hibernate: DELETE FROM opm.interest_suppression
Hibernate: DELETE FROM opm.gl_payment_type
Hibernate: DELETE FROM opm.scm_first_insert
Hibernate: DELETE FROM opm.holiday
Hibernate: DELETE FROM opm.deduction_rate
Hibernate: DELETE FROM opm.interest_grace_period
Hibernate: DELETE FROM opm.gl_code
Hibernate: DELETE FROM opm.claim_without_service
Hibernate: DELETE FROM opm.payment_transaction_note
Hibernate: DELETE FROM opm.payment_move_transaction
Hibernate: DELETE FROM opm.interest_rate
Hibernate: DELETE FROM opm.payment_interest_detail
Hibernate: DELETE FROM opm.adjustment_transaction
Hibernate: DELETE FROM opm.invoice
Hibernate: DELETE FROM opm.a01_print_suppression_case
Hibernate: DELETE FROM opm.user_account_assignment
Hibernate: DELETE FROM opm.payment_refund_link
Hibernate: DELETE FROM opm.role_permission
Hibernate: DELETE FROM opm.user_permission
Hibernate: DELETE FROM opm.service_credit_preference
Hibernate: DELETE FROM opm.account_confirmation_validation_entry
Hibernate: DELETE FROM opm.payment_reverse
Hibernate: DELETE FROM opm.payment
Hibernate: DELETE FROM opm.pay_trans_status_code
Hibernate: DELETE FROM opm.payments_applied_order_code
Hibernate: DELETE FROM opm.printout
Hibernate: DELETE FROM opm.related_help_items
Hibernate: DELETE FROM opm.help_item
Hibernate: DELETE FROM opm.notification_READBY
Hibernate: DELETE FROM opm.date_calculation_data
Hibernate: DELETE FROM opm.refund_transaction
Hibernate: DELETE FROM opm.audit_parameter_record
Hibernate: DELETE FROM opm.audit_record
Hibernate: DELETE FROM opm.dedeposit
Hibernate: DELETE FROM opm.redeposit
Hibernate: DELETE FROM opm.calculation_result_item
Hibernate: DELETE FROM opm.calculation
Hibernate: DELETE FROM opm.fers_redeposit
Hibernate: DELETE FROM opm.fers_deposit
Hibernate: DELETE FROM opm.calculation_version
Hibernate: DELETE FROM opm.calculation_result
Hibernate: DELETE FROM opm.summary_data
Hibernate: DELETE FROM opm.billing
Hibernate: DELETE FROM opm.account_note
Hibernate: DELETE FROM opm.account
Hibernate: DELETE FROM opm.account_confirmation_validation
Hibernate: DELETE FROM opm.billing_summary
Hibernate: DELETE FROM opm.account_holder
Hibernate: DELETE FROM opm.address
Hibernate: DELETE FROM opm.error
Hibernate: DELETE FROM opm.info
Hibernate: DELETE FROM opm.notification
Hibernate: DELETE FROM opm.app_user
Hibernate: DELETE FROM opm.batch_daily_payments_history
Hibernate: DELETE FROM opm.audit_batch_history
Hibernate: DELETE FROM opm.new_claim_number_history
Hibernate: DELETE FROM opm.annuitant_list_history
Hibernate: DELETE FROM opm.time_factor_history
Hibernate: DELETE FROM opm.contact_info_history
Hibernate: DELETE FROM opm.interest_suppression_history
Hibernate: DELETE FROM opm.gl_payment_type_history
Hibernate: DELETE FROM opm.scm_first_insert_history
Hibernate: DELETE FROM opm.holiday_history
Hibernate: DELETE FROM opm.deduction_rate_history
Hibernate: DELETE FROM opm.interest_grace_period_history
Hibernate: DELETE FROM opm.gl_code_history
Hibernate: DELETE FROM opm.claim_without_service_history
Hibernate: DELETE FROM opm.payment_transaction_note_history
Hibernate: DELETE FROM opm.payment_move_transaction_history
Hibernate: DELETE FROM opm.interest_rate_history
Hibernate: DELETE FROM opm.payment_interest_detail_history
Hibernate: DELETE FROM opm.adjustment_transaction_history
Hibernate: DELETE FROM opm.invoice_history
Hibernate: DELETE FROM opm.a01_print_suppression_case_history
Hibernate: DELETE FROM opm.user_account_assignment_history
Hibernate: DELETE FROM opm.payment_refund_link_history
Hibernate: DELETE FROM opm.payments_applied_order_code_history
Hibernate: DELETE FROM opm.service_credit_preference_history
Hibernate: DELETE FROM opm.account_confirmation_validation_entry_history
Hibernate: DELETE FROM opm.account_confirmation_validation_history
Hibernate: DELETE FROM opm.payment_reverse_history
Hibernate: DELETE FROM opm.payment_history
Hibernate: DELETE FROM opm.pay_trans_status_code_history
Hibernate: DELETE FROM opm.notification_READBY_history
Hibernate: DELETE FROM opm.refund_transaction_history
Hibernate: DELETE FROM opm.summary_data_history
Hibernate: DELETE FROM opm.dedeposit_history
Hibernate: DELETE FROM opm.redeposit_history
Hibernate: DELETE FROM opm.calculation_result_item_history
Hibernate: DELETE FROM opm.calculation_result_history
Hibernate: DELETE FROM opm.calculation_history
Hibernate: DELETE FROM opm.fers_redeposit_history
Hibernate: DELETE FROM opm.fers_deposit_history
Hibernate: DELETE FROM opm.calculation_version_history
Hibernate: DELETE FROM opm.billing_history
Hibernate: DELETE FROM opm.billing_summary_history
Hibernate: DELETE FROM opm.account_note_history
Hibernate: DELETE FROM opm.address_history
Hibernate: DELETE FROM opm.account_history
Hibernate: DELETE FROM opm.account_holder_history
Hibernate: DELETE FROM opm.error_history
Hibernate: DELETE FROM opm.info_history
Hibernate: DELETE FROM opm.notification_history
Hibernate: DELETE FROM opm.app_user_history
Hibernate: DELETE FROM opm.change_trans_field_number_code
Hibernate: DELETE FROM opm.pay_code
Hibernate: DELETE FROM opm.payment_applied_order
Hibernate: DELETE FROM opm.agency_code
Hibernate: DELETE FROM opm.calculation_status
Hibernate: DELETE FROM opm.transfer_type
Hibernate: DELETE FROM opm.user_status
Hibernate: DELETE FROM opm.claim_officer
Hibernate: DELETE FROM opm.payment_status
Hibernate: DELETE FROM opm.application_designation
Hibernate: DELETE FROM opm.payment_reversal_reason
Hibernate: DELETE FROM opm.pay_type
Hibernate: DELETE FROM opm.appointment_type
Hibernate: DELETE FROM opm.role
Hibernate: DELETE FROM opm.service_type
Hibernate: DELETE FROM opm.retirement_type
Hibernate: DELETE FROM opm.account_status
Hibernate: DELETE FROM opm.country
Hibernate: DELETE FROM opm.state
Hibernate: DELETE FROM opm.period_type
Hibernate: DELETE FROM opm.suffix
Hibernate: DELETE FROM opm.form_type
Hibernate: insert into opm.audit_record (deleted, action, date, ip_address, username) values (?, ?, ?, ?, ?)
Hibernate: insert into opm.audit_parameter_record (deleted, item_id, item_type, new_value, previous_value, property_name, audit_record_id) values (?, ?, ?, ?, ?, ?, ?)
Hibernate: update opm.audit_parameter_record set audit_record_id=? where id=?
Hibernate: select auditrecor0_.id as id1_16_0_, auditrecor0_.deleted as deleted2_16_0_, auditrecor0_.action as action3_16_0_, auditrecor0_.date as date4_16_0_, auditrecor0_.ip_address as ip5_16_0_, auditrecor0_.username as username6_16_0_ from opm.audit_record auditrecor0_ where auditrecor0_.id=?
Hibernate: select parameters0_.audit_record_id as audit8_16_1_, parameters0_.id as id1_15_1_, parameters0_.id as id1_15_0_, parameters0_.deleted as deleted2_15_0_, parameters0_.item_id as item3_15_0_, parameters0_.item_type as item4_15_0_, parameters0_.new_value as new5_15_0_, parameters0_.previous_value as previous6_15_0_, parameters0_.property_name as property7_15_0_ from opm.audit_parameter_record parameters0_ where parameters0_.audit_record_id=?
Hibernate: update opm.audit_record set deleted=?, action=?, date=?, ip_address=?, username=? where id=?
Hibernate: delete from opm.audit_parameter_record where id=?
Hibernate: delete from opm.audit_record where id=?
Hibernate: select auditrecor0_.id as id1_16_0_, auditrecor0_.deleted as deleted2_16_0_, auditrecor0_.action as action3_16_0_, auditrecor0_.date as date4_16_0_, auditrecor0_.ip_address as ip5_16_0_, auditrecor0_.username as username6_16_0_ from opm.audit_record auditrecor0_ where auditrecor0_.id=?
Hibernate: select auditparam0_.id as id1_15_0_, auditparam0_.deleted as deleted2_15_0_, auditparam0_.item_id as item3_15_0_, auditparam0_.item_type as item4_15_0_, auditparam0_.new_value as new5_15_0_, auditparam0_.previous_value as previous6_15_0_, auditparam0_.property_name as property7_15_0_ from opm.audit_parameter_record auditparam0_ where auditparam0_.id=?
Hibernate: DELETE FROM opm.batch_daily_payments
Hibernate: DELETE FROM opm.audit_batch
Hibernate: DELETE FROM opm.new_claim_number
Hibernate: DELETE FROM opm.annuitant_list
Hibernate: DELETE FROM opm.time_factor
Hibernate: DELETE FROM opm.contact_info
Hibernate: DELETE FROM opm.interest_suppression
Hibernate: DELETE FROM opm.gl_payment_type
Hibernate: DELETE FROM opm.scm_first_insert
Hibernate: DELETE FROM opm.holiday
Hibernate: DELETE FROM opm.deduction_rate
Hibernate: DELETE FROM opm.interest_grace_period
Hibernate: DELETE FROM opm.gl_code
Hibernate: DELETE FROM opm.claim_without_service
Hibernate: DELETE FROM opm.payment_transaction_note
Hibernate: DELETE FROM opm.payment_move_transaction
Hibernate: DELETE FROM opm.interest_rate
Hibernate: DELETE FROM opm.payment_interest_detail
Hibernate: DELETE FROM opm.adjustment_transaction
Hibernate: DELETE FROM opm.invoice
Hibernate: DELETE FROM opm.a01_print_suppression_case
Hibernate: DELETE FROM opm.user_account_assignment
Hibernate: DELETE FROM opm.payment_refund_link
Hibernate: DELETE FROM opm.role_permission
Hibernate: DELETE FROM opm.user_permission
Hibernate: DELETE FROM opm.service_credit_preference
Hibernate: DELETE FROM opm.account_confirmation_validation_entry
Hibernate: DELETE FROM opm.payment_reverse
Hibernate: DELETE FROM opm.payment
Hibernate: DELETE FROM opm.pay_trans_status_code
Hibernate: DELETE FROM opm.payments_applied_order_code
Hibernate: DELETE FROM opm.printout
Hibernate: DELETE FROM opm.related_help_items
Hibernate: DELETE FROM opm.help_item
Hibernate: DELETE FROM opm.notification_READBY
Hibernate: DELETE FROM opm.date_calculation_data
Hibernate: DELETE FROM opm.refund_transaction
Hibernate: DELETE FROM opm.audit_parameter_record
Hibernate: DELETE FROM opm.audit_record
Hibernate: DELETE FROM opm.dedeposit
Hibernate: DELETE FROM opm.redeposit
Hibernate: DELETE FROM opm.calculation_result_item
Hibernate: DELETE FROM opm.calculation
Hibernate: DELETE FROM opm.fers_redeposit
Hibernate: DELETE FROM opm.fers_deposit
Hibernate: DELETE FROM opm.calculation_version
Hibernate: DELETE FROM opm.calculation_result
Hibernate: DELETE FROM opm.summary_data
Hibernate: DELETE FROM opm.billing
Hibernate: DELETE FROM opm.account_note
Hibernate: DELETE FROM opm.account
Hibernate: DELETE FROM opm.account_confirmation_validation
Hibernate: DELETE FROM opm.billing_summary
Hibernate: DELETE FROM opm.account_holder
Hibernate: DELETE FROM opm.address
Hibernate: DELETE FROM opm.error
Hibernate: DELETE FROM opm.info
Hibernate: DELETE FROM opm.notification
Hibernate: DELETE FROM opm.app_user
Hibernate: DELETE FROM opm.batch_daily_payments_history
Hibernate: DELETE FROM opm.audit_batch_history
Hibernate: DELETE FROM opm.new_claim_number_history
Hibernate: DELETE FROM opm.annuitant_list_history
Hibernate: DELETE FROM opm.time_factor_history
Hibernate: DELETE FROM opm.contact_info_history
Hibernate: DELETE FROM opm.interest_suppression_history
Hibernate: DELETE FROM opm.gl_payment_type_history
Hibernate: DELETE FROM opm.scm_first_insert_history
Hibernate: DELETE FROM opm.holiday_history
Hibernate: DELETE FROM opm.deduction_rate_history
Hibernate: DELETE FROM opm.interest_grace_period_history
Hibernate: DELETE FROM opm.gl_code_history
Hibernate: DELETE FROM opm.claim_without_service_history
Hibernate: DELETE FROM opm.payment_transaction_note_history
Hibernate: DELETE FROM opm.payment_move_transaction_history
Hibernate: DELETE FROM opm.interest_rate_history
Hibernate: DELETE FROM opm.payment_interest_detail_history
Hibernate: DELETE FROM opm.adjustment_transaction_history
Hibernate: DELETE FROM opm.invoice_history
Hibernate: DELETE FROM opm.a01_print_suppression_case_history
Hibernate: DELETE FROM opm.user_account_assignment_history
Hibernate: DELETE FROM opm.payment_refund_link_history
Hibernate: DELETE FROM opm.payments_applied_order_code_history
Hibernate: DELETE FROM opm.service_credit_preference_history
Hibernate: DELETE FROM opm.account_confirmation_validation_entry_history
Hibernate: DELETE FROM opm.account_confirmation_validation_history
Hibernate: DELETE FROM opm.payment_reverse_history
Hibernate: DELETE FROM opm.payment_history
Hibernate: DELETE FROM opm.pay_trans_status_code_history
Hibernate: DELETE FROM opm.notification_READBY_history
Hibernate: DELETE FROM opm.refund_transaction_history
Hibernate: DELETE FROM opm.summary_data_history
Hibernate: DELETE FROM opm.dedeposit_history
Hibernate: DELETE FROM opm.redeposit_history
Hibernate: DELETE FROM opm.calculation_result_item_history
Hibernate: DELETE FROM opm.calculation_result_history
Hibernate: DELETE FROM opm.calculation_history
Hibernate: DELETE FROM opm.fers_redeposit_history
Hibernate: DELETE FROM opm.fers_deposit_history
Hibernate: DELETE FROM opm.calculation_version_history
Hibernate: DELETE FROM opm.billing_history
Hibernate: DELETE FROM opm.billing_summary_history
Hibernate: DELETE FROM opm.account_note_history
Hibernate: DELETE FROM opm.address_history
Hibernate: DELETE FROM opm.account_history
Hibernate: DELETE FROM opm.account_holder_history
Hibernate: DELETE FROM opm.error_history
Hibernate: DELETE FROM opm.info_history
Hibernate: DELETE FROM opm.notification_history
Hibernate: DELETE FROM opm.app_user_history
Hibernate: DELETE FROM opm.change_trans_field_number_code
Hibernate: DELETE FROM opm.pay_code
Hibernate: DELETE FROM opm.payment_applied_order
Hibernate: DELETE FROM opm.agency_code
Hibernate: DELETE FROM opm.calculation_status
Hibernate: DELETE FROM opm.transfer_type
Hibernate: DELETE FROM opm.user_status
Hibernate: DELETE FROM opm.claim_officer
Hibernate: DELETE FROM opm.payment_status
Hibernate: DELETE FROM opm.application_designation
Hibernate: DELETE FROM opm.payment_reversal_reason
Hibernate: DELETE FROM opm.pay_type
Hibernate: DELETE FROM opm.appointment_type
Hibernate: DELETE FROM opm.role
Hibernate: DELETE FROM opm.service_type
Hibernate: DELETE FROM opm.retirement_type
Hibernate: DELETE FROM opm.account_status
Hibernate: DELETE FROM opm.country
Hibernate: DELETE FROM opm.state
Hibernate: DELETE FROM opm.period_type
Hibernate: DELETE FROM opm.suffix
Hibernate: DELETE FROM opm.form_type
Hibernate: DELETE FROM opm.batch_daily_payments
Hibernate: DELETE FROM opm.audit_batch
Hibernate: DELETE FROM opm.new_claim_number
Hibernate: DELETE FROM opm.annuitant_list
Hibernate: DELETE FROM opm.time_factor
Hibernate: DELETE FROM opm.contact_info
Hibernate: DELETE FROM opm.interest_suppression
Hibernate: DELETE FROM opm.gl_payment_type
Hibernate: DELETE FROM opm.scm_first_insert
Hibernate: DELETE FROM opm.holiday
Hibernate: DELETE FROM opm.deduction_rate
Hibernate: DELETE FROM opm.interest_grace_period
Hibernate: DELETE FROM opm.gl_code
Hibernate: DELETE FROM opm.claim_without_service
Hibernate: DELETE FROM opm.payment_transaction_note
Hibernate: DELETE FROM opm.payment_move_transaction
Hibernate: DELETE FROM opm.interest_rate
Hibernate: DELETE FROM opm.payment_interest_detail
Hibernate: DELETE FROM opm.adjustment_transaction
Hibernate: DELETE FROM opm.invoice
Hibernate: DELETE FROM opm.a01_print_suppression_case
Hibernate: DELETE FROM opm.user_account_assignment
Hibernate: DELETE FROM opm.payment_refund_link
Hibernate: DELETE FROM opm.role_permission
Hibernate: DELETE FROM opm.user_permission
Hibernate: DELETE FROM opm.service_credit_preference
Hibernate: DELETE FROM opm.account_confirmation_validation_entry
Hibernate: DELETE FROM opm.payment_reverse
Hibernate: DELETE FROM opm.payment
Hibernate: DELETE FROM opm.pay_trans_status_code
Hibernate: DELETE FROM opm.payments_applied_order_code
Hibernate: DELETE FROM opm.printout
Hibernate: DELETE FROM opm.related_help_items
Hibernate: DELETE FROM opm.help_item
Hibernate: DELETE FROM opm.notification_READBY
Hibernate: DELETE FROM opm.date_calculation_data
Hibernate: DELETE FROM opm.refund_transaction
Hibernate: DELETE FROM opm.audit_parameter_record
Hibernate: DELETE FROM opm.audit_record
Hibernate: DELETE FROM opm.dedeposit
Hibernate: DELETE FROM opm.redeposit
Hibernate: DELETE FROM opm.calculation_result_item
Hibernate: DELETE FROM opm.calculation
Hibernate: DELETE FROM opm.fers_redeposit
Hibernate: DELETE FROM opm.fers_deposit
Hibernate: DELETE FROM opm.calculation_version
Hibernate: DELETE FROM opm.calculation_result
Hibernate: DELETE FROM opm.summary_data
Hibernate: DELETE FROM opm.billing
Hibernate: DELETE FROM opm.account_note
Hibernate: DELETE FROM opm.account
Hibernate: DELETE FROM opm.account_confirmation_validation
Hibernate: DELETE FROM opm.billing_summary
Hibernate: DELETE FROM opm.account_holder
Hibernate: DELETE FROM opm.address
Hibernate: DELETE FROM opm.error
Hibernate: DELETE FROM opm.info
Hibernate: DELETE FROM opm.notification
Hibernate: DELETE FROM opm.app_user
Hibernate: DELETE FROM opm.batch_daily_payments_history
Hibernate: DELETE FROM opm.audit_batch_history
Hibernate: DELETE FROM opm.new_claim_number_history
Hibernate: DELETE FROM opm.annuitant_list_history
Hibernate: DELETE FROM opm.time_factor_history
Hibernate: DELETE FROM opm.contact_info_history
Hibernate: DELETE FROM opm.interest_suppression_history
Hibernate: DELETE FROM opm.gl_payment_type_history
Hibernate: DELETE FROM opm.scm_first_insert_history
Hibernate: DELETE FROM opm.holiday_history
Hibernate: DELETE FROM opm.deduction_rate_history
Hibernate: DELETE FROM opm.interest_grace_period_history
Hibernate: DELETE FROM opm.gl_code_history
Hibernate: DELETE FROM opm.claim_without_service_history
Hibernate: DELETE FROM opm.payment_transaction_note_history
Hibernate: DELETE FROM opm.payment_move_transaction_history
Hibernate: DELETE FROM opm.interest_rate_history
Hibernate: DELETE FROM opm.payment_interest_detail_history
Hibernate: DELETE FROM opm.adjustment_transaction_history
Hibernate: DELETE FROM opm.invoice_history
Hibernate: DELETE FROM opm.a01_print_suppression_case_history
Hibernate: DELETE FROM opm.user_account_assignment_history
Hibernate: DELETE FROM opm.payment_refund_link_history
Hibernate: DELETE FROM opm.payments_applied_order_code_history
Hibernate: DELETE FROM opm.service_credit_preference_history
Hibernate: DELETE FROM opm.account_confirmation_validation_entry_history
Hibernate: DELETE FROM opm.account_confirmation_validation_history
Hibernate: DELETE FROM opm.payment_reverse_history
Hibernate: DELETE FROM opm.payment_history
Hibernate: DELETE FROM opm.pay_trans_status_code_history
Hibernate: DELETE FROM opm.notification_READBY_history
Hibernate: DELETE FROM opm.refund_transaction_history
Hibernate: DELETE FROM opm.summary_data_history
Hibernate: DELETE FROM opm.dedeposit_history
Hibernate: DELETE FROM opm.redeposit_history
Hibernate: DELETE FROM opm.calculation_result_item_history
Hibernate: DELETE FROM opm.calculation_result_history
Hibernate: DELETE FROM opm.calculation_history
Hibernate: DELETE FROM opm.fers_redeposit_history
Hibernate: DELETE FROM opm.fers_deposit_history
Hibernate: DELETE FROM opm.calculation_version_history
Hibernate: DELETE FROM opm.billing_history
Hibernate: DELETE FROM opm.billing_summary_history
Hibernate: DELETE FROM opm.account_note_history
Hibernate: DELETE FROM opm.address_history
Hibernate: DELETE FROM opm.account_history
Hibernate: DELETE FROM opm.account_holder_history
Hibernate: DELETE FROM opm.error_history
Hibernate: DELETE FROM opm.info_history
Hibernate: DELETE FROM opm.notification_history
Hibernate: DELETE FROM opm.app_user_history
Hibernate: DELETE FROM opm.change_trans_field_number_code
Hibernate: DELETE FROM opm.pay_code
Hibernate: DELETE FROM opm.payment_applied_order
Hibernate: DELETE FROM opm.agency_code
Hibernate: DELETE FROM opm.calculation_status
Hibernate: DELETE FROM opm.transfer_type
Hibernate: DELETE FROM opm.user_status
Hibernate: DELETE FROM opm.claim_officer
Hibernate: DELETE FROM opm.payment_status
Hibernate: DELETE FROM opm.application_designation
Hibernate: DELETE FROM opm.payment_reversal_reason
Hibernate: DELETE FROM opm.pay_type
Hibernate: DELETE FROM opm.appointment_type
Hibernate: DELETE FROM opm.role
Hibernate: DELETE FROM opm.service_type
Hibernate: DELETE FROM opm.retirement_type
Hibernate: DELETE FROM opm.account_status
Hibernate: DELETE FROM opm.country
Hibernate: DELETE FROM opm.state
Hibernate: DELETE FROM opm.period_type
Hibernate: DELETE FROM opm.suffix
Hibernate: DELETE FROM opm.form_type
Hibernate: insert into opm.help_item (deleted, content, summary, title) values (?, ?, ?, ?)
Hibernate: select helpitem0_.id as id1_38_0_, helpitem0_.deleted as deleted2_38_0_, helpitem0_.content as content3_38_0_, helpitem0_.summary as summary4_38_0_, helpitem0_.title as title5_38_0_ from opm.help_item helpitem0_ where helpitem0_.id=?
Hibernate: update opm.help_item set deleted=?, content=?, summary=?, title=? where id=?
Hibernate: delete from opm.related_help_items where help_item_id1=?
Hibernate: delete from opm.help_item where id=?
Hibernate: select helpitem0_.id as id1_38_0_, helpitem0_.deleted as deleted2_38_0_, helpitem0_.content as content3_38_0_, helpitem0_.summary as summary4_38_0_, helpitem0_.title as title5_38_0_ from opm.help_item helpitem0_ where helpitem0_.id=?
Hibernate: DELETE FROM opm.batch_daily_payments
Hibernate: DELETE FROM opm.audit_batch
Hibernate: DELETE FROM opm.new_claim_number
Hibernate: DELETE FROM opm.annuitant_list
Hibernate: DELETE FROM opm.time_factor
Hibernate: DELETE FROM opm.contact_info
Hibernate: DELETE FROM opm.interest_suppression
Hibernate: DELETE FROM opm.gl_payment_type
Hibernate: DELETE FROM opm.scm_first_insert
Hibernate: DELETE FROM opm.holiday
Hibernate: DELETE FROM opm.deduction_rate
Hibernate: DELETE FROM opm.interest_grace_period
Hibernate: DELETE FROM opm.gl_code
Hibernate: DELETE FROM opm.claim_without_service
Hibernate: DELETE FROM opm.payment_transaction_note
Hibernate: DELETE FROM opm.payment_move_transaction
Hibernate: DELETE FROM opm.interest_rate
Hibernate: DELETE FROM opm.payment_interest_detail
Hibernate: DELETE FROM opm.adjustment_transaction
Hibernate: DELETE FROM opm.invoice
Hibernate: DELETE FROM opm.a01_print_suppression_case
Hibernate: DELETE FROM opm.user_account_assignment
Hibernate: DELETE FROM opm.payment_refund_link
Hibernate: DELETE FROM opm.role_permission
Hibernate: DELETE FROM opm.user_permission
Hibernate: DELETE FROM opm.service_credit_preference
Hibernate: DELETE FROM opm.account_confirmation_validation_entry
Hibernate: DELETE FROM opm.payment_reverse
Hibernate: DELETE FROM opm.payment
Hibernate: DELETE FROM opm.pay_trans_status_code
Hibernate: DELETE FROM opm.payments_applied_order_code
Hibernate: DELETE FROM opm.printout
Hibernate: DELETE FROM opm.related_help_items
Hibernate: DELETE FROM opm.help_item
Hibernate: DELETE FROM opm.notification_READBY
Hibernate: DELETE FROM opm.date_calculation_data
Hibernate: DELETE FROM opm.refund_transaction
Hibernate: DELETE FROM opm.audit_parameter_record
Hibernate: DELETE FROM opm.audit_record
Hibernate: DELETE FROM opm.dedeposit
Hibernate: DELETE FROM opm.redeposit
Hibernate: DELETE FROM opm.calculation_result_item
Hibernate: DELETE FROM opm.calculation
Hibernate: DELETE FROM opm.fers_redeposit
Hibernate: DELETE FROM opm.fers_deposit
Hibernate: DELETE FROM opm.calculation_version
Hibernate: DELETE FROM opm.calculation_result
Hibernate: DELETE FROM opm.summary_data
Hibernate: DELETE FROM opm.billing
Hibernate: DELETE FROM opm.account_note
Hibernate: DELETE FROM opm.account
Hibernate: DELETE FROM opm.account_confirmation_validation
Hibernate: DELETE FROM opm.billing_summary
Hibernate: DELETE FROM opm.account_holder
Hibernate: DELETE FROM opm.address
Hibernate: DELETE FROM opm.error
Hibernate: DELETE FROM opm.info
Hibernate: DELETE FROM opm.notification
Hibernate: DELETE FROM opm.app_user
Hibernate: DELETE FROM opm.batch_daily_payments_history
Hibernate: DELETE FROM opm.audit_batch_history
Hibernate: DELETE FROM opm.new_claim_number_history
Hibernate: DELETE FROM opm.annuitant_list_history
Hibernate: DELETE FROM opm.time_factor_history
Hibernate: DELETE FROM opm.contact_info_history
Hibernate: DELETE FROM opm.interest_suppression_history
Hibernate: DELETE FROM opm.gl_payment_type_history
Hibernate: DELETE FROM opm.scm_first_insert_history
Hibernate: DELETE FROM opm.holiday_history
Hibernate: DELETE FROM opm.deduction_rate_history
Hibernate: DELETE FROM opm.interest_grace_period_history
Hibernate: DELETE FROM opm.gl_code_history
Hibernate: DELETE FROM opm.claim_without_service_history
Hibernate: DELETE FROM opm.payment_transaction_note_history
Hibernate: DELETE FROM opm.payment_move_transaction_history
Hibernate: DELETE FROM opm.interest_rate_history
Hibernate: DELETE FROM opm.payment_interest_detail_history
Hibernate: DELETE FROM opm.adjustment_transaction_history
Hibernate: DELETE FROM opm.invoice_history
Hibernate: DELETE FROM opm.a01_print_suppression_case_history
Hibernate: DELETE FROM opm.user_account_assignment_history
Hibernate: DELETE FROM opm.payment_refund_link_history
Hibernate: DELETE FROM opm.payments_applied_order_code_history
Hibernate: DELETE FROM opm.service_credit_preference_history
Hibernate: DELETE FROM opm.account_confirmation_validation_entry_history
Hibernate: DELETE FROM opm.account_confirmation_validation_history
Hibernate: DELETE FROM opm.payment_reverse_history
Hibernate: DELETE FROM opm.payment_history
Hibernate: DELETE FROM opm.pay_trans_status_code_history
Hibernate: DELETE FROM opm.notification_READBY_history
Hibernate: DELETE FROM opm.refund_transaction_history
Hibernate: DELETE FROM opm.summary_data_history
Hibernate: DELETE FROM opm.dedeposit_history
Hibernate: DELETE FROM opm.redeposit_history
Hibernate: DELETE FROM opm.calculation_result_item_history
Hibernate: DELETE FROM opm.calculation_result_history
Hibernate: DELETE FROM opm.calculation_history
Hibernate: DELETE FROM opm.fers_redeposit_history
Hibernate: DELETE FROM opm.fers_deposit_history
Hibernate: DELETE FROM opm.calculation_version_history
Hibernate: DELETE FROM opm.billing_history
Hibernate: DELETE FROM opm.billing_summary_history
Hibernate: DELETE FROM opm.account_note_history
Hibernate: DELETE FROM opm.address_history
Hibernate: DELETE FROM opm.account_history
Hibernate: DELETE FROM opm.account_holder_history
Hibernate: DELETE FROM opm.error_history
Hibernate: DELETE FROM opm.info_history
Hibernate: DELETE FROM opm.notification_history
Hibernate: DELETE FROM opm.app_user_history
Hibernate: DELETE FROM opm.change_trans_field_number_code
Hibernate: DELETE FROM opm.pay_code
Hibernate: DELETE FROM opm.payment_applied_order
Hibernate: DELETE FROM opm.agency_code
Hibernate: DELETE FROM opm.calculation_status
Hibernate: DELETE FROM opm.transfer_type
Hibernate: DELETE FROM opm.user_status
Hibernate: DELETE FROM opm.claim_officer
Hibernate: DELETE FROM opm.payment_status
Hibernate: DELETE FROM opm.application_designation
Hibernate: DELETE FROM opm.payment_reversal_reason
Hibernate: DELETE FROM opm.pay_type
Hibernate: DELETE FROM opm.appointment_type
Hibernate: DELETE FROM opm.role
Hibernate: DELETE FROM opm.service_type
Hibernate: DELETE FROM opm.retirement_type
Hibernate: DELETE FROM opm.account_status
Hibernate: DELETE FROM opm.country
Hibernate: DELETE FROM opm.state
Hibernate: DELETE FROM opm.period_type
Hibernate: DELETE FROM opm.suffix
Hibernate: DELETE FROM opm.form_type
Hibernate: DELETE FROM opm.batch_daily_payments
Hibernate: DELETE FROM opm.audit_batch
Hibernate: DELETE FROM opm.new_claim_number
Hibernate: DELETE FROM opm.annuitant_list
Hibernate: DELETE FROM opm.time_factor
Hibernate: DELETE FROM opm.contact_info
Hibernate: DELETE FROM opm.interest_suppression
Hibernate: DELETE FROM opm.gl_payment_type
Hibernate: DELETE FROM opm.scm_first_insert
Hibernate: DELETE FROM opm.holiday
Hibernate: DELETE FROM opm.deduction_rate
Hibernate: DELETE FROM opm.interest_grace_period
Hibernate: DELETE FROM opm.gl_code
Hibernate: DELETE FROM opm.claim_without_service
Hibernate: DELETE FROM opm.payment_transaction_note
Hibernate: DELETE FROM opm.payment_move_transaction
Hibernate: DELETE FROM opm.interest_rate
Hibernate: DELETE FROM opm.payment_interest_detail
Hibernate: DELETE FROM opm.adjustment_transaction
Hibernate: DELETE FROM opm.invoice
Hibernate: DELETE FROM opm.a01_print_suppression_case
Hibernate: DELETE FROM opm.user_account_assignment
Hibernate: DELETE FROM opm.payment_refund_link
Hibernate: DELETE FROM opm.role_permission
Hibernate: DELETE FROM opm.user_permission
Hibernate: DELETE FROM opm.service_credit_preference
Hibernate: DELETE FROM opm.account_confirmation_validation_entry
Hibernate: DELETE FROM opm.payment_reverse
Hibernate: DELETE FROM opm.payment
Hibernate: DELETE FROM opm.pay_trans_status_code
Hibernate: DELETE FROM opm.payments_applied_order_code
Hibernate: DELETE FROM opm.printout
Hibernate: DELETE FROM opm.related_help_items
Hibernate: DELETE FROM opm.help_item
Hibernate: DELETE FROM opm.notification_READBY
Hibernate: DELETE FROM opm.date_calculation_data
Hibernate: DELETE FROM opm.refund_transaction
Hibernate: DELETE FROM opm.audit_parameter_record
Hibernate: DELETE FROM opm.audit_record
Hibernate: DELETE FROM opm.dedeposit
Hibernate: DELETE FROM opm.redeposit
Hibernate: DELETE FROM opm.calculation_result_item
Hibernate: DELETE FROM opm.calculation
Hibernate: DELETE FROM opm.fers_redeposit
Hibernate: DELETE FROM opm.fers_deposit
Hibernate: DELETE FROM opm.calculation_version
Hibernate: DELETE FROM opm.calculation_result
Hibernate: DELETE FROM opm.summary_data
Hibernate: DELETE FROM opm.billing
Hibernate: DELETE FROM opm.account_note
Hibernate: DELETE FROM opm.account
Hibernate: DELETE FROM opm.account_confirmation_validation
Hibernate: DELETE FROM opm.billing_summary
Hibernate: DELETE FROM opm.account_holder
Hibernate: DELETE FROM opm.address
Hibernate: DELETE FROM opm.error
Hibernate: DELETE FROM opm.info
Hibernate: DELETE FROM opm.notification
Hibernate: DELETE FROM opm.app_user
Hibernate: DELETE FROM opm.batch_daily_payments_history
Hibernate: DELETE FROM opm.audit_batch_history
Hibernate: DELETE FROM opm.new_claim_number_history
Hibernate: DELETE FROM opm.annuitant_list_history
Hibernate: DELETE FROM opm.time_factor_history
Hibernate: DELETE FROM opm.contact_info_history
Hibernate: DELETE FROM opm.interest_suppression_history
Hibernate: DELETE FROM opm.gl_payment_type_history
Hibernate: DELETE FROM opm.scm_first_insert_history
Hibernate: DELETE FROM opm.holiday_history
Hibernate: DELETE FROM opm.deduction_rate_history
Hibernate: DELETE FROM opm.interest_grace_period_history
Hibernate: DELETE FROM opm.gl_code_history
Hibernate: DELETE FROM opm.claim_without_service_history
Hibernate: DELETE FROM opm.payment_transaction_note_history
Hibernate: DELETE FROM opm.payment_move_transaction_history
Hibernate: DELETE FROM opm.interest_rate_history
Hibernate: DELETE FROM opm.payment_interest_detail_history
Hibernate: DELETE FROM opm.adjustment_transaction_history
Hibernate: DELETE FROM opm.invoice_history
Hibernate: DELETE FROM opm.a01_print_suppression_case_history
Hibernate: DELETE FROM opm.user_account_assignment_history
Hibernate: DELETE FROM opm.payment_refund_link_history
Hibernate: DELETE FROM opm.payments_applied_order_code_history
Hibernate: DELETE FROM opm.service_credit_preference_history
Hibernate: DELETE FROM opm.account_confirmation_validation_entry_history
Hibernate: DELETE FROM opm.account_confirmation_validation_history
Hibernate: DELETE FROM opm.payment_reverse_history
Hibernate: DELETE FROM opm.payment_history
Hibernate: DELETE FROM opm.pay_trans_status_code_history
Hibernate: DELETE FROM opm.notification_READBY_history
Hibernate: DELETE FROM opm.refund_transaction_history
Hibernate: DELETE FROM opm.summary_data_history
Hibernate: DELETE FROM opm.dedeposit_history
Hibernate: DELETE FROM opm.redeposit_history
Hibernate: DELETE FROM opm.calculation_result_item_history
Hibernate: DELETE FROM opm.calculation_result_history
Hibernate: DELETE FROM opm.calculation_history
Hibernate: DELETE FROM opm.fers_redeposit_history
Hibernate: DELETE FROM opm.fers_deposit_history
Hibernate: DELETE FROM opm.calculation_version_history
Hibernate: DELETE FROM opm.billing_history
Hibernate: DELETE FROM opm.billing_summary_history
Hibernate: DELETE FROM opm.account_note_history
Hibernate: DELETE FROM opm.address_history
Hibernate: DELETE FROM opm.account_history
Hibernate: DELETE FROM opm.account_holder_history
Hibernate: DELETE FROM opm.error_history
Hibernate: DELETE FROM opm.info_history
Hibernate: DELETE FROM opm.notification_history
Hibernate: DELETE FROM opm.app_user_history
Hibernate: DELETE FROM opm.change_trans_field_number_code
Hibernate: DELETE FROM opm.pay_code
Hibernate: DELETE FROM opm.payment_applied_order
Hibernate: DELETE FROM opm.agency_code
Hibernate: DELETE FROM opm.calculation_status
Hibernate: DELETE FROM opm.transfer_type
Hibernate: DELETE FROM opm.user_status
Hibernate: DELETE FROM opm.claim_officer
Hibernate: DELETE FROM opm.payment_status
Hibernate: DELETE FROM opm.application_designation
Hibernate: DELETE FROM opm.payment_reversal_reason
Hibernate: DELETE FROM opm.pay_type
Hibernate: DELETE FROM opm.appointment_type
Hibernate: DELETE FROM opm.role
Hibernate: DELETE FROM opm.service_type
Hibernate: DELETE FROM opm.retirement_type
Hibernate: DELETE FROM opm.account_status
Hibernate: DELETE FROM opm.country
Hibernate: DELETE FROM opm.state
Hibernate: DELETE FROM opm.period_type
Hibernate: DELETE FROM opm.suffix
Hibernate: DELETE FROM opm.form_type
Hibernate: insert into opm.printout (deleted, content, name, print_date) values (?, ?, ?, ?)
Hibernate: select printout0_.id as id1_62_0_, printout0_.deleted as deleted2_62_0_, printout0_.content as content3_62_0_, printout0_.name as name4_62_0_, printout0_.print_date as print5_62_0_ from opm.printout printout0_ where printout0_.id=?
Hibernate: update opm.printout set deleted=?, content=?, name=?, print_date=? where id=?
Hibernate: delete from opm.printout where id=?
Hibernate: select printout0_.id as id1_62_0_, printout0_.deleted as deleted2_62_0_, printout0_.content as content3_62_0_, printout0_.name as name4_62_0_, printout0_.print_date as print5_62_0_ from opm.printout printout0_ where printout0_.id=?
Hibernate: DELETE FROM opm.batch_daily_payments
Hibernate: DELETE FROM opm.audit_batch
Hibernate: DELETE FROM opm.new_claim_number
Hibernate: DELETE FROM opm.annuitant_list
Hibernate: DELETE FROM opm.time_factor
Hibernate: DELETE FROM opm.contact_info
Hibernate: DELETE FROM opm.interest_suppression
Hibernate: DELETE FROM opm.gl_payment_type
Hibernate: DELETE FROM opm.scm_first_insert
Hibernate: DELETE FROM opm.holiday
Hibernate: DELETE FROM opm.deduction_rate
Hibernate: DELETE FROM opm.interest_grace_period
Hibernate: DELETE FROM opm.gl_code
Hibernate: DELETE FROM opm.claim_without_service
Hibernate: DELETE FROM opm.payment_transaction_note
Hibernate: DELETE FROM opm.payment_move_transaction
Hibernate: DELETE FROM opm.interest_rate
Hibernate: DELETE FROM opm.payment_interest_detail
Hibernate: DELETE FROM opm.adjustment_transaction
Hibernate: DELETE FROM opm.invoice
Hibernate: DELETE FROM opm.a01_print_suppression_case
Hibernate: DELETE FROM opm.user_account_assignment
Hibernate: DELETE FROM opm.payment_refund_link
Hibernate: DELETE FROM opm.role_permission
Hibernate: DELETE FROM opm.user_permission
Hibernate: DELETE FROM opm.service_credit_preference
Hibernate: DELETE FROM opm.account_confirmation_validation_entry
Hibernate: DELETE FROM opm.payment_reverse
Hibernate: DELETE FROM opm.payment
Hibernate: DELETE FROM opm.pay_trans_status_code
Hibernate: DELETE FROM opm.payments_applied_order_code
Hibernate: DELETE FROM opm.printout
Hibernate: DELETE FROM opm.related_help_items
Hibernate: DELETE FROM opm.help_item
Hibernate: DELETE FROM opm.notification_READBY
Hibernate: DELETE FROM opm.date_calculation_data
Hibernate: DELETE FROM opm.refund_transaction
Hibernate: DELETE FROM opm.audit_parameter_record
Hibernate: DELETE FROM opm.audit_record
Hibernate: DELETE FROM opm.dedeposit
Hibernate: DELETE FROM opm.redeposit
Hibernate: DELETE FROM opm.calculation_result_item
Hibernate: DELETE FROM opm.calculation
Hibernate: DELETE FROM opm.fers_redeposit
Hibernate: DELETE FROM opm.fers_deposit
Hibernate: DELETE FROM opm.calculation_version
Hibernate: DELETE FROM opm.calculation_result
Hibernate: DELETE FROM opm.summary_data
Hibernate: DELETE FROM opm.billing
Hibernate: DELETE FROM opm.account_note
Hibernate: DELETE FROM opm.account
Hibernate: DELETE FROM opm.account_confirmation_validation
Hibernate: DELETE FROM opm.billing_summary
Hibernate: DELETE FROM opm.account_holder
Hibernate: DELETE FROM opm.address
Hibernate: DELETE FROM opm.error
Hibernate: DELETE FROM opm.info
Hibernate: DELETE FROM opm.notification
Hibernate: DELETE FROM opm.app_user
Hibernate: DELETE FROM opm.batch_daily_payments_history
Hibernate: DELETE FROM opm.audit_batch_history
Hibernate: DELETE FROM opm.new_claim_number_history
Hibernate: DELETE FROM opm.annuitant_list_history
Hibernate: DELETE FROM opm.time_factor_history
Hibernate: DELETE FROM opm.contact_info_history
Hibernate: DELETE FROM opm.interest_suppression_history
Hibernate: DELETE FROM opm.gl_payment_type_history
Hibernate: DELETE FROM opm.scm_first_insert_history
Hibernate: DELETE FROM opm.holiday_history
Hibernate: DELETE FROM opm.deduction_rate_history
Hibernate: DELETE FROM opm.interest_grace_period_history
Hibernate: DELETE FROM opm.gl_code_history
Hibernate: DELETE FROM opm.claim_without_service_history
Hibernate: DELETE FROM opm.payment_transaction_note_history
Hibernate: DELETE FROM opm.payment_move_transaction_history
Hibernate: DELETE FROM opm.interest_rate_history
Hibernate: DELETE FROM opm.payment_interest_detail_history
Hibernate: DELETE FROM opm.adjustment_transaction_history
Hibernate: DELETE FROM opm.invoice_history
Hibernate: DELETE FROM opm.a01_print_suppression_case_history
Hibernate: DELETE FROM opm.user_account_assignment_history
Hibernate: DELETE FROM opm.payment_refund_link_history
Hibernate: DELETE FROM opm.payments_applied_order_code_history
Hibernate: DELETE FROM opm.service_credit_preference_history
Hibernate: DELETE FROM opm.account_confirmation_validation_entry_history
Hibernate: DELETE FROM opm.account_confirmation_validation_history
Hibernate: DELETE FROM opm.payment_reverse_history
Hibernate: DELETE FROM opm.payment_history
Hibernate: DELETE FROM opm.pay_trans_status_code_history
Hibernate: DELETE FROM opm.notification_READBY_history
Hibernate: DELETE FROM opm.refund_transaction_history
Hibernate: DELETE FROM opm.summary_data_history
Hibernate: DELETE FROM opm.dedeposit_history
Hibernate: DELETE FROM opm.redeposit_history
Hibernate: DELETE FROM opm.calculation_result_item_history
Hibernate: DELETE FROM opm.calculation_result_history
Hibernate: DELETE FROM opm.calculation_history
Hibernate: DELETE FROM opm.fers_redeposit_history
Hibernate: DELETE FROM opm.fers_deposit_history
Hibernate: DELETE FROM opm.calculation_version_history
Hibernate: DELETE FROM opm.billing_history
Hibernate: DELETE FROM opm.billing_summary_history
Hibernate: DELETE FROM opm.account_note_history
Hibernate: DELETE FROM opm.address_history
Hibernate: DELETE FROM opm.account_history
Hibernate: DELETE FROM opm.account_holder_history
Hibernate: DELETE FROM opm.error_history
Hibernate: DELETE FROM opm.info_history
Hibernate: DELETE FROM opm.notification_history
Hibernate: DELETE FROM opm.app_user_history
Hibernate: DELETE FROM opm.change_trans_field_number_code
Hibernate: DELETE FROM opm.pay_code
Hibernate: DELETE FROM opm.payment_applied_order
Hibernate: DELETE FROM opm.agency_code
Hibernate: DELETE FROM opm.calculation_status
Hibernate: DELETE FROM opm.transfer_type
Hibernate: DELETE FROM opm.user_status
Hibernate: DELETE FROM opm.claim_officer
Hibernate: DELETE FROM opm.payment_status
Hibernate: DELETE FROM opm.application_designation
Hibernate: DELETE FROM opm.payment_reversal_reason
Hibernate: DELETE FROM opm.pay_type
Hibernate: DELETE FROM opm.appointment_type
Hibernate: DELETE FROM opm.role
Hibernate: DELETE FROM opm.service_type
Hibernate: DELETE FROM opm.retirement_type
Hibernate: DELETE FROM opm.account_status
Hibernate: DELETE FROM opm.country
Hibernate: DELETE FROM opm.state
Hibernate: DELETE FROM opm.period_type
Hibernate: DELETE FROM opm.suffix
Hibernate: DELETE FROM opm.form_type
Hibernate: DELETE FROM opm.batch_daily_payments
Hibernate: DELETE FROM opm.audit_batch
Hibernate: DELETE FROM opm.new_claim_number
Hibernate: DELETE FROM opm.annuitant_list
Hibernate: DELETE FROM opm.time_factor
Hibernate: DELETE FROM opm.contact_info
Hibernate: DELETE FROM opm.interest_suppression
Hibernate: DELETE FROM opm.gl_payment_type
Hibernate: DELETE FROM opm.scm_first_insert
Hibernate: DELETE FROM opm.holiday
Hibernate: DELETE FROM opm.deduction_rate
Hibernate: DELETE FROM opm.interest_grace_period
Hibernate: DELETE FROM opm.gl_code
Hibernate: DELETE FROM opm.claim_without_service
Hibernate: DELETE FROM opm.payment_transaction_note
Hibernate: DELETE FROM opm.payment_move_transaction
Hibernate: DELETE FROM opm.interest_rate
Hibernate: DELETE FROM opm.payment_interest_detail
Hibernate: DELETE FROM opm.adjustment_transaction
Hibernate: DELETE FROM opm.invoice
Hibernate: DELETE FROM opm.a01_print_suppression_case
Hibernate: DELETE FROM opm.user_account_assignment
Hibernate: DELETE FROM opm.payment_refund_link
Hibernate: DELETE FROM opm.role_permission
Hibernate: DELETE FROM opm.user_permission
Hibernate: DELETE FROM opm.service_credit_preference
Hibernate: DELETE FROM opm.account_confirmation_validation_entry
Hibernate: DELETE FROM opm.payment_reverse
Hibernate: DELETE FROM opm.payment
Hibernate: DELETE FROM opm.pay_trans_status_code
Hibernate: DELETE FROM opm.payments_applied_order_code
Hibernate: DELETE FROM opm.printout
Hibernate: DELETE FROM opm.related_help_items
Hibernate: DELETE FROM opm.help_item
Hibernate: DELETE FROM opm.notification_READBY
Hibernate: DELETE FROM opm.date_calculation_data
Hibernate: DELETE FROM opm.refund_transaction
Hibernate: DELETE FROM opm.audit_parameter_record
Hibernate: DELETE FROM opm.audit_record
Hibernate: DELETE FROM opm.dedeposit
Hibernate: DELETE FROM opm.redeposit
Hibernate: DELETE FROM opm.calculation_result_item
Hibernate: DELETE FROM opm.calculation
Hibernate: DELETE FROM opm.fers_redeposit
Hibernate: DELETE FROM opm.fers_deposit
Hibernate: DELETE FROM opm.calculation_version
Hibernate: DELETE FROM opm.calculation_result
Hibernate: DELETE FROM opm.summary_data
Hibernate: DELETE FROM opm.billing
Hibernate: DELETE FROM opm.account_note
Hibernate: DELETE FROM opm.account
Hibernate: DELETE FROM opm.account_confirmation_validation
Hibernate: DELETE FROM opm.billing_summary
Hibernate: DELETE FROM opm.account_holder
Hibernate: DELETE FROM opm.address
Hibernate: DELETE FROM opm.error
Hibernate: DELETE FROM opm.info
Hibernate: DELETE FROM opm.notification
Hibernate: DELETE FROM opm.app_user
Hibernate: DELETE FROM opm.batch_daily_payments_history
Hibernate: DELETE FROM opm.audit_batch_history
Hibernate: DELETE FROM opm.new_claim_number_history
Hibernate: DELETE FROM opm.annuitant_list_history
Hibernate: DELETE FROM opm.time_factor_history
Hibernate: DELETE FROM opm.contact_info_history
Hibernate: DELETE FROM opm.interest_suppression_history
Hibernate: DELETE FROM opm.gl_payment_type_history
Hibernate: DELETE FROM opm.scm_first_insert_history
Hibernate: DELETE FROM opm.holiday_history
Hibernate: DELETE FROM opm.deduction_rate_history
Hibernate: DELETE FROM opm.interest_grace_period_history
Hibernate: DELETE FROM opm.gl_code_history
Hibernate: DELETE FROM opm.claim_without_service_history
Hibernate: DELETE FROM opm.payment_transaction_note_history
Hibernate: DELETE FROM opm.payment_move_transaction_history
Hibernate: DELETE FROM opm.interest_rate_history
Hibernate: DELETE FROM opm.payment_interest_detail_history
Hibernate: DELETE FROM opm.adjustment_transaction_history
Hibernate: DELETE FROM opm.invoice_history
Hibernate: DELETE FROM opm.a01_print_suppression_case_history
Hibernate: DELETE FROM opm.user_account_assignment_history
Hibernate: DELETE FROM opm.payment_refund_link_history
Hibernate: DELETE FROM opm.payments_applied_order_code_history
Hibernate: DELETE FROM opm.service_credit_preference_history
Hibernate: DELETE FROM opm.account_confirmation_validation_entry_history
Hibernate: DELETE FROM opm.account_confirmation_validation_history
Hibernate: DELETE FROM opm.payment_reverse_history
Hibernate: DELETE FROM opm.payment_history
Hibernate: DELETE FROM opm.pay_trans_status_code_history
Hibernate: DELETE FROM opm.notification_READBY_history
Hibernate: DELETE FROM opm.refund_transaction_history
Hibernate: DELETE FROM opm.summary_data_history
Hibernate: DELETE FROM opm.dedeposit_history
Hibernate: DELETE FROM opm.redeposit_history
Hibernate: DELETE FROM opm.calculation_result_item_history
Hibernate: DELETE FROM opm.calculation_result_history
Hibernate: DELETE FROM opm.calculation_history
Hibernate: DELETE FROM opm.fers_redeposit_history
Hibernate: DELETE FROM opm.fers_deposit_history
Hibernate: DELETE FROM opm.calculation_version_history
Hibernate: DELETE FROM opm.billing_history
Hibernate: DELETE FROM opm.billing_summary_history
Hibernate: DELETE FROM opm.account_note_history
Hibernate: DELETE FROM opm.address_history
Hibernate: DELETE FROM opm.account_history
Hibernate: DELETE FROM opm.account_holder_history
Hibernate: DELETE FROM opm.error_history
Hibernate: DELETE FROM opm.info_history
Hibernate: DELETE FROM opm.notification_history
Hibernate: DELETE FROM opm.app_user_history
Hibernate: DELETE FROM opm.change_trans_field_number_code
Hibernate: DELETE FROM opm.pay_code
Hibernate: DELETE FROM opm.payment_applied_order
Hibernate: DELETE FROM opm.agency_code
Hibernate: DELETE FROM opm.calculation_status
Hibernate: DELETE FROM opm.transfer_type
Hibernate: DELETE FROM opm.user_status
Hibernate: DELETE FROM opm.claim_officer
Hibernate: DELETE FROM opm.payment_status
Hibernate: DELETE FROM opm.application_designation
Hibernate: DELETE FROM opm.payment_reversal_reason
Hibernate: DELETE FROM opm.pay_type
Hibernate: DELETE FROM opm.appointment_type
Hibernate: DELETE FROM opm.role
Hibernate: DELETE FROM opm.service_type
Hibernate: DELETE FROM opm.retirement_type
Hibernate: DELETE FROM opm.account_status
Hibernate: DELETE FROM opm.country
Hibernate: DELETE FROM opm.state
Hibernate: DELETE FROM opm.period_type
Hibernate: DELETE FROM opm.suffix
Hibernate: DELETE FROM opm.form_type
Hibernate: insert into opm.service_credit_preference (deleted, other, use_agents, use_message_box, use_status_bar) values (?, ?, ?, ?, ?)
Hibernate: SELECT COUNT(*) FROM opm.service_credit_preference_history WHERE id=? AND action=?
Hibernate: select servicecre0_.id as id1_70_0_, servicecre0_.deleted as deleted2_70_0_, servicecre0_.other as other3_70_0_, servicecre0_.use_agents as use4_70_0_, servicecre0_.use_message_box as use5_70_0_, servicecre0_.use_status_bar as use6_70_0_ from opm.service_credit_preference servicecre0_ where servicecre0_.id=?
Hibernate: update opm.service_credit_preference set deleted=?, other=?, use_agents=?, use_message_box=?, use_status_bar=? where id=?
Hibernate: SELECT COUNT(*) FROM opm.service_credit_preference_history WHERE id=? AND action=?
Hibernate: delete from opm.service_credit_preference where id=?
Hibernate: select servicecre0_.id as id1_70_0_, servicecre0_.deleted as deleted2_70_0_, servicecre0_.other as other3_70_0_, servicecre0_.use_agents as use4_70_0_, servicecre0_.use_message_box as use5_70_0_, servicecre0_.use_status_bar as use6_70_0_ from opm.service_credit_preference servicecre0_ where servicecre0_.id=?
Hibernate: SELECT COUNT(*) FROM opm.service_credit_preference_history WHERE id=? AND action=?
Hibernate: DELETE FROM opm.batch_daily_payments
Hibernate: DELETE FROM opm.audit_batch
Hibernate: DELETE FROM opm.new_claim_number
Hibernate: DELETE FROM opm.annuitant_list
Hibernate: DELETE FROM opm.time_factor
Hibernate: DELETE FROM opm.contact_info
Hibernate: DELETE FROM opm.interest_suppression
Hibernate: DELETE FROM opm.gl_payment_type
Hibernate: DELETE FROM opm.scm_first_insert
Hibernate: DELETE FROM opm.holiday
Hibernate: DELETE FROM opm.deduction_rate
Hibernate: DELETE FROM opm.interest_grace_period
Hibernate: DELETE FROM opm.gl_code
Hibernate: DELETE FROM opm.claim_without_service
Hibernate: DELETE FROM opm.payment_transaction_note
Hibernate: DELETE FROM opm.payment_move_transaction
Hibernate: DELETE FROM opm.interest_rate
Hibernate: DELETE FROM opm.payment_interest_detail
Hibernate: DELETE FROM opm.adjustment_transaction
Hibernate: DELETE FROM opm.invoice
Hibernate: DELETE FROM opm.a01_print_suppression_case
Hibernate: DELETE FROM opm.user_account_assignment
Hibernate: DELETE FROM opm.payment_refund_link
Hibernate: DELETE FROM opm.role_permission
Hibernate: DELETE FROM opm.user_permission
Hibernate: DELETE FROM opm.service_credit_preference
Hibernate: DELETE FROM opm.account_confirmation_validation_entry
Hibernate: DELETE FROM opm.payment_reverse
Hibernate: DELETE FROM opm.payment
Hibernate: DELETE FROM opm.pay_trans_status_code
Hibernate: DELETE FROM opm.payments_applied_order_code
Hibernate: DELETE FROM opm.printout
Hibernate: DELETE FROM opm.related_help_items
Hibernate: DELETE FROM opm.help_item
Hibernate: DELETE FROM opm.notification_READBY
Hibernate: DELETE FROM opm.date_calculation_data
Hibernate: DELETE FROM opm.refund_transaction
Hibernate: DELETE FROM opm.audit_parameter_record
Hibernate: DELETE FROM opm.audit_record
Hibernate: DELETE FROM opm.dedeposit
Hibernate: DELETE FROM opm.redeposit
Hibernate: DELETE FROM opm.calculation_result_item
Hibernate: DELETE FROM opm.calculation
Hibernate: DELETE FROM opm.fers_redeposit
Hibernate: DELETE FROM opm.fers_deposit
Hibernate: DELETE FROM opm.calculation_version
Hibernate: DELETE FROM opm.calculation_result
Hibernate: DELETE FROM opm.summary_data
Hibernate: DELETE FROM opm.billing
Hibernate: DELETE FROM opm.account_note
Hibernate: DELETE FROM opm.account
Hibernate: DELETE FROM opm.account_confirmation_validation
Hibernate: DELETE FROM opm.billing_summary
Hibernate: DELETE FROM opm.account_holder
Hibernate: DELETE FROM opm.address
Hibernate: DELETE FROM opm.error
Hibernate: DELETE FROM opm.info
Hibernate: DELETE FROM opm.notification
Hibernate: DELETE FROM opm.app_user
Hibernate: DELETE FROM opm.batch_daily_payments_history
Hibernate: DELETE FROM opm.audit_batch_history
Hibernate: DELETE FROM opm.new_claim_number_history
Hibernate: DELETE FROM opm.annuitant_list_history
Hibernate: DELETE FROM opm.time_factor_history
Hibernate: DELETE FROM opm.contact_info_history
Hibernate: DELETE FROM opm.interest_suppression_history
Hibernate: DELETE FROM opm.gl_payment_type_history
Hibernate: DELETE FROM opm.scm_first_insert_history
Hibernate: DELETE FROM opm.holiday_history
Hibernate: DELETE FROM opm.deduction_rate_history
Hibernate: DELETE FROM opm.interest_grace_period_history
Hibernate: DELETE FROM opm.gl_code_history
Hibernate: DELETE FROM opm.claim_without_service_history
Hibernate: DELETE FROM opm.payment_transaction_note_history
Hibernate: DELETE FROM opm.payment_move_transaction_history
Hibernate: DELETE FROM opm.interest_rate_history
Hibernate: DELETE FROM opm.payment_interest_detail_history
Hibernate: DELETE FROM opm.adjustment_transaction_history
Hibernate: DELETE FROM opm.invoice_history
Hibernate: DELETE FROM opm.a01_print_suppression_case_history
Hibernate: DELETE FROM opm.user_account_assignment_history
Hibernate: DELETE FROM opm.payment_refund_link_history
Hibernate: DELETE FROM opm.payments_applied_order_code_history
Hibernate: DELETE FROM opm.service_credit_preference_history
Hibernate: DELETE FROM opm.account_confirmation_validation_entry_history
Hibernate: DELETE FROM opm.account_confirmation_validation_history
Hibernate: DELETE FROM opm.payment_reverse_history
Hibernate: DELETE FROM opm.payment_history
Hibernate: DELETE FROM opm.pay_trans_status_code_history
Hibernate: DELETE FROM opm.notification_READBY_history
Hibernate: DELETE FROM opm.refund_transaction_history
Hibernate: DELETE FROM opm.summary_data_history
Hibernate: DELETE FROM opm.dedeposit_history
Hibernate: DELETE FROM opm.redeposit_history
Hibernate: DELETE FROM opm.calculation_result_item_history
Hibernate: DELETE FROM opm.calculation_result_history
Hibernate: DELETE FROM opm.calculation_history
Hibernate: DELETE FROM opm.fers_redeposit_history
Hibernate: DELETE FROM opm.fers_deposit_history
Hibernate: DELETE FROM opm.calculation_version_history
Hibernate: DELETE FROM opm.billing_history
Hibernate: DELETE FROM opm.billing_summary_history
Hibernate: DELETE FROM opm.account_note_history
Hibernate: DELETE FROM opm.address_history
Hibernate: DELETE FROM opm.account_history
Hibernate: DELETE FROM opm.account_holder_history
Hibernate: DELETE FROM opm.error_history
Hibernate: DELETE FROM opm.info_history
Hibernate: DELETE FROM opm.notification_history
Hibernate: DELETE FROM opm.app_user_history
Hibernate: DELETE FROM opm.change_trans_field_number_code
Hibernate: DELETE FROM opm.pay_code
Hibernate: DELETE FROM opm.payment_applied_order
Hibernate: DELETE FROM opm.agency_code
Hibernate: DELETE FROM opm.calculation_status
Hibernate: DELETE FROM opm.transfer_type
Hibernate: DELETE FROM opm.user_status
Hibernate: DELETE FROM opm.claim_officer
Hibernate: DELETE FROM opm.payment_status
Hibernate: DELETE FROM opm.application_designation
Hibernate: DELETE FROM opm.payment_reversal_reason
Hibernate: DELETE FROM opm.pay_type
Hibernate: DELETE FROM opm.appointment_type
Hibernate: DELETE FROM opm.role
Hibernate: DELETE FROM opm.service_type
Hibernate: DELETE FROM opm.retirement_type
Hibernate: DELETE FROM opm.account_status
Hibernate: DELETE FROM opm.country
Hibernate: DELETE FROM opm.state
Hibernate: DELETE FROM opm.period_type
Hibernate: DELETE FROM opm.suffix
Hibernate: DELETE FROM opm.form_type
Hibernate: DELETE FROM opm.batch_daily_payments
Hibernate: DELETE FROM opm.audit_batch
Hibernate: DELETE FROM opm.new_claim_number
Hibernate: DELETE FROM opm.annuitant_list
Hibernate: DELETE FROM opm.time_factor
Hibernate: DELETE FROM opm.contact_info
Hibernate: DELETE FROM opm.interest_suppression
Hibernate: DELETE FROM opm.gl_payment_type
Hibernate: DELETE FROM opm.scm_first_insert
Hibernate: DELETE FROM opm.holiday
Hibernate: DELETE FROM opm.deduction_rate
Hibernate: DELETE FROM opm.interest_grace_period
Hibernate: DELETE FROM opm.gl_code
Hibernate: DELETE FROM opm.claim_without_service
Hibernate: DELETE FROM opm.payment_transaction_note
Hibernate: DELETE FROM opm.payment_move_transaction
Hibernate: DELETE FROM opm.interest_rate
Hibernate: DELETE FROM opm.payment_interest_detail
Hibernate: DELETE FROM opm.adjustment_transaction
Hibernate: DELETE FROM opm.invoice
Hibernate: DELETE FROM opm.a01_print_suppression_case
Hibernate: DELETE FROM opm.user_account_assignment
Hibernate: DELETE FROM opm.payment_refund_link
Hibernate: DELETE FROM opm.role_permission
Hibernate: DELETE FROM opm.user_permission
Hibernate: DELETE FROM opm.service_credit_preference
Hibernate: DELETE FROM opm.account_confirmation_validation_entry
Hibernate: DELETE FROM opm.payment_reverse
Hibernate: DELETE FROM opm.payment
Hibernate: DELETE FROM opm.pay_trans_status_code
Hibernate: DELETE FROM opm.payments_applied_order_code
Hibernate: DELETE FROM opm.printout
Hibernate: DELETE FROM opm.related_help_items
Hibernate: DELETE FROM opm.help_item
Hibernate: DELETE FROM opm.notification_READBY
Hibernate: DELETE FROM opm.date_calculation_data
Hibernate: DELETE FROM opm.refund_transaction
Hibernate: DELETE FROM opm.audit_parameter_record
Hibernate: DELETE FROM opm.audit_record
Hibernate: DELETE FROM opm.dedeposit
Hibernate: DELETE FROM opm.redeposit
Hibernate: DELETE FROM opm.calculation_result_item
Hibernate: DELETE FROM opm.calculation
Hibernate: DELETE FROM opm.fers_redeposit
Hibernate: DELETE FROM opm.fers_deposit
Hibernate: DELETE FROM opm.calculation_version
Hibernate: DELETE FROM opm.calculation_result
Hibernate: DELETE FROM opm.summary_data
Hibernate: DELETE FROM opm.billing
Hibernate: DELETE FROM opm.account_note
Hibernate: DELETE FROM opm.account
Hibernate: DELETE FROM opm.account_confirmation_validation
Hibernate: DELETE FROM opm.billing_summary
Hibernate: DELETE FROM opm.account_holder
Hibernate: DELETE FROM opm.address
Hibernate: DELETE FROM opm.error
Hibernate: DELETE FROM opm.info
Hibernate: DELETE FROM opm.notification
Hibernate: DELETE FROM opm.app_user
Hibernate: DELETE FROM opm.batch_daily_payments_history
Hibernate: DELETE FROM opm.audit_batch_history
Hibernate: DELETE FROM opm.new_claim_number_history
Hibernate: DELETE FROM opm.annuitant_list_history
Hibernate: DELETE FROM opm.time_factor_history
Hibernate: DELETE FROM opm.contact_info_history
Hibernate: DELETE FROM opm.interest_suppression_history
Hibernate: DELETE FROM opm.gl_payment_type_history
Hibernate: DELETE FROM opm.scm_first_insert_history
Hibernate: DELETE FROM opm.holiday_history
Hibernate: DELETE FROM opm.deduction_rate_history
Hibernate: DELETE FROM opm.interest_grace_period_history
Hibernate: DELETE FROM opm.gl_code_history
Hibernate: DELETE FROM opm.claim_without_service_history
Hibernate: DELETE FROM opm.payment_transaction_note_history
Hibernate: DELETE FROM opm.payment_move_transaction_history
Hibernate: DELETE FROM opm.interest_rate_history
Hibernate: DELETE FROM opm.payment_interest_detail_history
Hibernate: DELETE FROM opm.adjustment_transaction_history
Hibernate: DELETE FROM opm.invoice_history
Hibernate: DELETE FROM opm.a01_print_suppression_case_history
Hibernate: DELETE FROM opm.user_account_assignment_history
Hibernate: DELETE FROM opm.payment_refund_link_history
Hibernate: DELETE FROM opm.payments_applied_order_code_history
Hibernate: DELETE FROM opm.service_credit_preference_history
Hibernate: DELETE FROM opm.account_confirmation_validation_entry_history
Hibernate: DELETE FROM opm.account_confirmation_validation_history
Hibernate: DELETE FROM opm.payment_reverse_history
Hibernate: DELETE FROM opm.payment_history
Hibernate: DELETE FROM opm.pay_trans_status_code_history
Hibernate: DELETE FROM opm.notification_READBY_history
Hibernate: DELETE FROM opm.refund_transaction_history
Hibernate: DELETE FROM opm.summary_data_history
Hibernate: DELETE FROM opm.dedeposit_history
Hibernate: DELETE FROM opm.redeposit_history
Hibernate: DELETE FROM opm.calculation_result_item_history
Hibernate: DELETE FROM opm.calculation_result_history
Hibernate: DELETE FROM opm.calculation_history
Hibernate: DELETE FROM opm.fers_redeposit_history
Hibernate: DELETE FROM opm.fers_deposit_history
Hibernate: DELETE FROM opm.calculation_version_history
Hibernate: DELETE FROM opm.billing_history
Hibernate: DELETE FROM opm.billing_summary_history
Hibernate: DELETE FROM opm.account_note_history
Hibernate: DELETE FROM opm.address_history
Hibernate: DELETE FROM opm.account_history
Hibernate: DELETE FROM opm.account_holder_history
Hibernate: DELETE FROM opm.error_history
Hibernate: DELETE FROM opm.info_history
Hibernate: DELETE FROM opm.notification_history
Hibernate: DELETE FROM opm.app_user_history
Hibernate: DELETE FROM opm.change_trans_field_number_code
Hibernate: DELETE FROM opm.pay_code
Hibernate: DELETE FROM opm.payment_applied_order
Hibernate: DELETE FROM opm.agency_code
Hibernate: DELETE FROM opm.calculation_status
Hibernate: DELETE FROM opm.transfer_type
Hibernate: DELETE FROM opm.user_status
Hibernate: DELETE FROM opm.claim_officer
Hibernate: DELETE FROM opm.payment_status
Hibernate: DELETE FROM opm.application_designation
Hibernate: DELETE FROM opm.payment_reversal_reason
Hibernate: DELETE FROM opm.pay_type
Hibernate: DELETE FROM opm.appointment_type
Hibernate: DELETE FROM opm.role
Hibernate: DELETE FROM opm.service_type
Hibernate: DELETE FROM opm.retirement_type
Hibernate: DELETE FROM opm.account_status
Hibernate: DELETE FROM opm.country
Hibernate: DELETE FROM opm.state
Hibernate: DELETE FROM opm.period_type
Hibernate: DELETE FROM opm.suffix
Hibernate: DELETE FROM opm.form_type
Hibernate: insert into opm.role (deleted, name, description) values (?, ?, ?)
Hibernate: insert into opm.notification (deleted, date, details, read, recipient, recipient_role_id, sender) values (?, ?, ?, ?, ?, ?, ?)
Hibernate: insert into opm.notification_READBY (notification_id, value) values (?, ?)
Hibernate: SELECT COUNT(*) FROM opm.notification_history WHERE id=? AND action=?
Hibernate: SELECT COUNT(*) FROM opm.notification_READBY_history WHERE notification_id=? AND action=?
Hibernate: select notificati0_.id as id1_46_0_, notificati0_.deleted as deleted2_46_0_, notificati0_.date as date3_46_0_, notificati0_.details as details4_46_0_, notificati0_.read as read5_46_0_, notificati0_.recipient as recipien6_46_0_, notificati0_.recipient_role_id as recipien8_46_0_, notificati0_.sender as sender7_46_0_ from opm.notification notificati0_ where notificati0_.id=?
Hibernate: select readby0_.notification_id as notifica1_46_0_, readby0_.value as value2_47_0_ from opm.notification_READBY readby0_ where readby0_.notification_id=?
Hibernate: update opm.notification set deleted=?, date=?, details=?, read=?, recipient=?, recipient_role_id=?, sender=? where id=?
Hibernate: SELECT COUNT(*) FROM opm.notification_history WHERE id=? AND action=?
Hibernate: delete from opm.notification_READBY where notification_id=?
Hibernate: delete from opm.notification where id=?
Hibernate: select notificati0_.id as id1_46_0_, notificati0_.deleted as deleted2_46_0_, notificati0_.date as date3_46_0_, notificati0_.details as details4_46_0_, notificati0_.read as read5_46_0_, notificati0_.recipient as recipien6_46_0_, notificati0_.recipient_role_id as recipien8_46_0_, notificati0_.sender as sender7_46_0_ from opm.notification notificati0_ where notificati0_.id=?
Hibernate: SELECT COUNT(*) FROM opm.notification_history WHERE id=? AND action=?
Hibernate: SELECT COUNT(*) FROM opm.notification_READBY_history WHERE notification_id=? AND action=?
Hibernate: DELETE FROM opm.batch_daily_payments
Hibernate: DELETE FROM opm.audit_batch
Hibernate: DELETE FROM opm.new_claim_number
Hibernate: DELETE FROM opm.annuitant_list
Hibernate: DELETE FROM opm.time_factor
Hibernate: DELETE FROM opm.contact_info
Hibernate: DELETE FROM opm.interest_suppression
Hibernate: DELETE FROM opm.gl_payment_type
Hibernate: DELETE FROM opm.scm_first_insert
Hibernate: DELETE FROM opm.holiday
Hibernate: DELETE FROM opm.deduction_rate
Hibernate: DELETE FROM opm.interest_grace_period
Hibernate: DELETE FROM opm.gl_code
Hibernate: DELETE FROM opm.claim_without_service
Hibernate: DELETE FROM opm.payment_transaction_note
Hibernate: DELETE FROM opm.payment_move_transaction
Hibernate: DELETE FROM opm.interest_rate
Hibernate: DELETE FROM opm.payment_interest_detail
Hibernate: DELETE FROM opm.adjustment_transaction
Hibernate: DELETE FROM opm.invoice
Hibernate: DELETE FROM opm.a01_print_suppression_case
Hibernate: DELETE FROM opm.user_account_assignment
Hibernate: DELETE FROM opm.payment_refund_link
Hibernate: DELETE FROM opm.role_permission
Hibernate: DELETE FROM opm.user_permission
Hibernate: DELETE FROM opm.service_credit_preference
Hibernate: DELETE FROM opm.account_confirmation_validation_entry
Hibernate: DELETE FROM opm.payment_reverse
Hibernate: DELETE FROM opm.payment
Hibernate: DELETE FROM opm.pay_trans_status_code
Hibernate: DELETE FROM opm.payments_applied_order_code
Hibernate: DELETE FROM opm.printout
Hibernate: DELETE FROM opm.related_help_items
Hibernate: DELETE FROM opm.help_item
Hibernate: DELETE FROM opm.notification_READBY
Hibernate: DELETE FROM opm.date_calculation_data
Hibernate: DELETE FROM opm.refund_transaction
Hibernate: DELETE FROM opm.audit_parameter_record
Hibernate: DELETE FROM opm.audit_record
Hibernate: DELETE FROM opm.dedeposit
Hibernate: DELETE FROM opm.redeposit
Hibernate: DELETE FROM opm.calculation_result_item
Hibernate: DELETE FROM opm.calculation
Hibernate: DELETE FROM opm.fers_redeposit
Hibernate: DELETE FROM opm.fers_deposit
Hibernate: DELETE FROM opm.calculation_version
Hibernate: DELETE FROM opm.calculation_result
Hibernate: DELETE FROM opm.summary_data
Hibernate: DELETE FROM opm.billing
Hibernate: DELETE FROM opm.account_note
Hibernate: DELETE FROM opm.account
Hibernate: DELETE FROM opm.account_confirmation_validation
Hibernate: DELETE FROM opm.billing_summary
Hibernate: DELETE FROM opm.account_holder
Hibernate: DELETE FROM opm.address
Hibernate: DELETE FROM opm.error
Hibernate: DELETE FROM opm.info
Hibernate: DELETE FROM opm.notification
Hibernate: DELETE FROM opm.app_user
Hibernate: DELETE FROM opm.batch_daily_payments_history
Hibernate: DELETE FROM opm.audit_batch_history
Hibernate: DELETE FROM opm.new_claim_number_history
Hibernate: DELETE FROM opm.annuitant_list_history
Hibernate: DELETE FROM opm.time_factor_history
Hibernate: DELETE FROM opm.contact_info_history
Hibernate: DELETE FROM opm.interest_suppression_history
Hibernate: DELETE FROM opm.gl_payment_type_history
Hibernate: DELETE FROM opm.scm_first_insert_history
Hibernate: DELETE FROM opm.holiday_history
Hibernate: DELETE FROM opm.deduction_rate_history
Hibernate: DELETE FROM opm.interest_grace_period_history
Hibernate: DELETE FROM opm.gl_code_history
Hibernate: DELETE FROM opm.claim_without_service_history
Hibernate: DELETE FROM opm.payment_transaction_note_history
Hibernate: DELETE FROM opm.payment_move_transaction_history
Hibernate: DELETE FROM opm.interest_rate_history
Hibernate: DELETE FROM opm.payment_interest_detail_history
Hibernate: DELETE FROM opm.adjustment_transaction_history
Hibernate: DELETE FROM opm.invoice_history
Hibernate: DELETE FROM opm.a01_print_suppression_case_history
Hibernate: DELETE FROM opm.user_account_assignment_history
Hibernate: DELETE FROM opm.payment_refund_link_history
Hibernate: DELETE FROM opm.payments_applied_order_code_history
Hibernate: DELETE FROM opm.service_credit_preference_history
Hibernate: DELETE FROM opm.account_confirmation_validation_entry_history
Hibernate: DELETE FROM opm.account_confirmation_validation_history
Hibernate: DELETE FROM opm.payment_reverse_history
Hibernate: DELETE FROM opm.payment_history
Hibernate: DELETE FROM opm.pay_trans_status_code_history
Hibernate: DELETE FROM opm.notification_READBY_history
Hibernate: DELETE FROM opm.refund_transaction_history
Hibernate: DELETE FROM opm.summary_data_history
Hibernate: DELETE FROM opm.dedeposit_history
Hibernate: DELETE FROM opm.redeposit_history
Hibernate: DELETE FROM opm.calculation_result_item_history
Hibernate: DELETE FROM opm.calculation_result_history
Hibernate: DELETE FROM opm.calculation_history
Hibernate: DELETE FROM opm.fers_redeposit_history
Hibernate: DELETE FROM opm.fers_deposit_history
Hibernate: DELETE FROM opm.calculation_version_history
Hibernate: DELETE FROM opm.billing_history
Hibernate: DELETE FROM opm.billing_summary_history
Hibernate: DELETE FROM opm.account_note_history
Hibernate: DELETE FROM opm.address_history
Hibernate: DELETE FROM opm.account_history
Hibernate: DELETE FROM opm.account_holder_history
Hibernate: DELETE FROM opm.error_history
Hibernate: DELETE FROM opm.info_history
Hibernate: DELETE FROM opm.notification_history
Hibernate: DELETE FROM opm.app_user_history
Hibernate: DELETE FROM opm.change_trans_field_number_code
Hibernate: DELETE FROM opm.pay_code
Hibernate: DELETE FROM opm.payment_applied_order
Hibernate: DELETE FROM opm.agency_code
Hibernate: DELETE FROM opm.calculation_status
Hibernate: DELETE FROM opm.transfer_type
Hibernate: DELETE FROM opm.user_status
Hibernate: DELETE FROM opm.claim_officer
Hibernate: DELETE FROM opm.payment_status
Hibernate: DELETE FROM opm.application_designation
Hibernate: DELETE FROM opm.payment_reversal_reason
Hibernate: DELETE FROM opm.pay_type
Hibernate: DELETE FROM opm.appointment_type
Hibernate: DELETE FROM opm.role
Hibernate: DELETE FROM opm.service_type
Hibernate: DELETE FROM opm.retirement_type
Hibernate: DELETE FROM opm.account_status
Hibernate: DELETE FROM opm.country
Hibernate: DELETE FROM opm.state
Hibernate: DELETE FROM opm.period_type
Hibernate: DELETE FROM opm.suffix
Hibernate: DELETE FROM opm.form_type
Hibernate: DELETE FROM opm.batch_daily_payments
Hibernate: DELETE FROM opm.audit_batch
Hibernate: DELETE FROM opm.new_claim_number
Hibernate: DELETE FROM opm.annuitant_list
Hibernate: DELETE FROM opm.time_factor
Hibernate: DELETE FROM opm.contact_info
Hibernate: DELETE FROM opm.interest_suppression
Hibernate: DELETE FROM opm.gl_payment_type
Hibernate: DELETE FROM opm.scm_first_insert
Hibernate: DELETE FROM opm.holiday
Hibernate: DELETE FROM opm.deduction_rate
Hibernate: DELETE FROM opm.interest_grace_period
Hibernate: DELETE FROM opm.gl_code
Hibernate: DELETE FROM opm.claim_without_service
Hibernate: DELETE FROM opm.payment_transaction_note
Hibernate: DELETE FROM opm.payment_move_transaction
Hibernate: DELETE FROM opm.interest_rate
Hibernate: DELETE FROM opm.payment_interest_detail
Hibernate: DELETE FROM opm.adjustment_transaction
Hibernate: DELETE FROM opm.invoice
Hibernate: DELETE FROM opm.a01_print_suppression_case
Hibernate: DELETE FROM opm.user_account_assignment
Hibernate: DELETE FROM opm.payment_refund_link
Hibernate: DELETE FROM opm.role_permission
Hibernate: DELETE FROM opm.user_permission
Hibernate: DELETE FROM opm.service_credit_preference
Hibernate: DELETE FROM opm.account_confirmation_validation_entry
Hibernate: DELETE FROM opm.payment_reverse
Hibernate: DELETE FROM opm.payment
Hibernate: DELETE FROM opm.pay_trans_status_code
Hibernate: DELETE FROM opm.payments_applied_order_code
Hibernate: DELETE FROM opm.printout
Hibernate: DELETE FROM opm.related_help_items
Hibernate: DELETE FROM opm.help_item
Hibernate: DELETE FROM opm.notification_READBY
Hibernate: DELETE FROM opm.date_calculation_data
Hibernate: DELETE FROM opm.refund_transaction
Hibernate: DELETE FROM opm.audit_parameter_record
Hibernate: DELETE FROM opm.audit_record
Hibernate: DELETE FROM opm.dedeposit
Hibernate: DELETE FROM opm.redeposit
Hibernate: DELETE FROM opm.calculation_result_item
Hibernate: DELETE FROM opm.calculation
Hibernate: DELETE FROM opm.fers_redeposit
Hibernate: DELETE FROM opm.fers_deposit
Hibernate: DELETE FROM opm.calculation_version
Hibernate: DELETE FROM opm.calculation_result
Hibernate: DELETE FROM opm.summary_data
Hibernate: DELETE FROM opm.billing
Hibernate: DELETE FROM opm.account_note
Hibernate: DELETE FROM opm.account
Hibernate: DELETE FROM opm.account_confirmation_validation
Hibernate: DELETE FROM opm.billing_summary
Hibernate: DELETE FROM opm.account_holder
Hibernate: DELETE FROM opm.address
Hibernate: DELETE FROM opm.error
Hibernate: DELETE FROM opm.info
Hibernate: DELETE FROM opm.notification
Hibernate: DELETE FROM opm.app_user
Hibernate: DELETE FROM opm.batch_daily_payments_history
Hibernate: DELETE FROM opm.audit_batch_history
Hibernate: DELETE FROM opm.new_claim_number_history
Hibernate: DELETE FROM opm.annuitant_list_history
Hibernate: DELETE FROM opm.time_factor_history
Hibernate: DELETE FROM opm.contact_info_history
Hibernate: DELETE FROM opm.interest_suppression_history
Hibernate: DELETE FROM opm.gl_payment_type_history
Hibernate: DELETE FROM opm.scm_first_insert_history
Hibernate: DELETE FROM opm.holiday_history
Hibernate: DELETE FROM opm.deduction_rate_history
Hibernate: DELETE FROM opm.interest_grace_period_history
Hibernate: DELETE FROM opm.gl_code_history
Hibernate: DELETE FROM opm.claim_without_service_history
Hibernate: DELETE FROM opm.payment_transaction_note_history
Hibernate: DELETE FROM opm.payment_move_transaction_history
Hibernate: DELETE FROM opm.interest_rate_history
Hibernate: DELETE FROM opm.payment_interest_detail_history
Hibernate: DELETE FROM opm.adjustment_transaction_history
Hibernate: DELETE FROM opm.invoice_history
Hibernate: DELETE FROM opm.a01_print_suppression_case_history
Hibernate: DELETE FROM opm.user_account_assignment_history
Hibernate: DELETE FROM opm.payment_refund_link_history
Hibernate: DELETE FROM opm.payments_applied_order_code_history
Hibernate: DELETE FROM opm.service_credit_preference_history
Hibernate: DELETE FROM opm.account_confirmation_validation_entry_history
Hibernate: DELETE FROM opm.account_confirmation_validation_history
Hibernate: DELETE FROM opm.payment_reverse_history
Hibernate: DELETE FROM opm.payment_history
Hibernate: DELETE FROM opm.pay_trans_status_code_history
Hibernate: DELETE FROM opm.notification_READBY_history
Hibernate: DELETE FROM opm.refund_transaction_history
Hibernate: DELETE FROM opm.summary_data_history
Hibernate: DELETE FROM opm.dedeposit_history
Hibernate: DELETE FROM opm.redeposit_history
Hibernate: DELETE FROM opm.calculation_result_item_history
Hibernate: DELETE FROM opm.calculation_result_history
Hibernate: DELETE FROM opm.calculation_history
Hibernate: DELETE FROM opm.fers_redeposit_history
Hibernate: DELETE FROM opm.fers_deposit_history
Hibernate: DELETE FROM opm.calculation_version_history
Hibernate: DELETE FROM opm.billing_history
Hibernate: DELETE FROM opm.billing_summary_history
Hibernate: DELETE FROM opm.account_note_history
Hibernate: DELETE FROM opm.address_history
Hibernate: DELETE FROM opm.account_history
Hibernate: DELETE FROM opm.account_holder_history
Hibernate: DELETE FROM opm.error_history
Hibernate: DELETE FROM opm.info_history
Hibernate: DELETE FROM opm.notification_history
Hibernate: DELETE FROM opm.app_user_history
Hibernate: DELETE FROM opm.change_trans_field_number_code
Hibernate: DELETE FROM opm.pay_code
Hibernate: DELETE FROM opm.payment_applied_order
Hibernate: DELETE FROM opm.agency_code
Hibernate: DELETE FROM opm.calculation_status
Hibernate: DELETE FROM opm.transfer_type
Hibernate: DELETE FROM opm.user_status
Hibernate: DELETE FROM opm.claim_officer
Hibernate: DELETE FROM opm.payment_status
Hibernate: DELETE FROM opm.application_designation
Hibernate: DELETE FROM opm.payment_reversal_reason
Hibernate: DELETE FROM opm.pay_type
Hibernate: DELETE FROM opm.appointment_type
Hibernate: DELETE FROM opm.role
Hibernate: DELETE FROM opm.service_type
Hibernate: DELETE FROM opm.retirement_type
Hibernate: DELETE FROM opm.account_status
Hibernate: DELETE FROM opm.country
Hibernate: DELETE FROM opm.state
Hibernate: DELETE FROM opm.period_type
Hibernate: DELETE FROM opm.suffix
Hibernate: DELETE FROM opm.form_type
Hibernate: insert into opm.info (deleted, date, details) values (?, ?, ?)
Hibernate: SELECT COUNT(*) FROM opm.info_history WHERE id=? AND action=?
Hibernate: select info0_.id as id1_40_0_, info0_.deleted as deleted2_40_0_, info0_.date as date3_40_0_, info0_.details as details4_40_0_ from opm.info info0_ where info0_.id=?
Hibernate: update opm.info set deleted=?, date=?, details=? where id=?
Hibernate: SELECT COUNT(*) FROM opm.info_history WHERE id=? AND action=?
Hibernate: delete from opm.info where id=?
Hibernate: select info0_.id as id1_40_0_, info0_.deleted as deleted2_40_0_, info0_.date as date3_40_0_, info0_.details as details4_40_0_ from opm.info info0_ where info0_.id=?
Hibernate: SELECT COUNT(*) FROM opm.info_history WHERE id=? AND action=?
Hibernate: DELETE FROM opm.batch_daily_payments
Hibernate: DELETE FROM opm.audit_batch
Hibernate: DELETE FROM opm.new_claim_number
Hibernate: DELETE FROM opm.annuitant_list
Hibernate: DELETE FROM opm.time_factor
Hibernate: DELETE FROM opm.contact_info
Hibernate: DELETE FROM opm.interest_suppression
Hibernate: DELETE FROM opm.gl_payment_type
Hibernate: DELETE FROM opm.scm_first_insert
Hibernate: DELETE FROM opm.holiday
Hibernate: DELETE FROM opm.deduction_rate
Hibernate: DELETE FROM opm.interest_grace_period
Hibernate: DELETE FROM opm.gl_code
Hibernate: DELETE FROM opm.claim_without_service
Hibernate: DELETE FROM opm.payment_transaction_note
Hibernate: DELETE FROM opm.payment_move_transaction
Hibernate: DELETE FROM opm.interest_rate
Hibernate: DELETE FROM opm.payment_interest_detail
Hibernate: DELETE FROM opm.adjustment_transaction
Hibernate: DELETE FROM opm.invoice
Hibernate: DELETE FROM opm.a01_print_suppression_case
Hibernate: DELETE FROM opm.user_account_assignment
Hibernate: DELETE FROM opm.payment_refund_link
Hibernate: DELETE FROM opm.role_permission
Hibernate: DELETE FROM opm.user_permission
Hibernate: DELETE FROM opm.service_credit_preference
Hibernate: DELETE FROM opm.account_confirmation_validation_entry
Hibernate: DELETE FROM opm.payment_reverse
Hibernate: DELETE FROM opm.payment
Hibernate: DELETE FROM opm.pay_trans_status_code
Hibernate: DELETE FROM opm.payments_applied_order_code
Hibernate: DELETE FROM opm.printout
Hibernate: DELETE FROM opm.related_help_items
Hibernate: DELETE FROM opm.help_item
Hibernate: DELETE FROM opm.notification_READBY
Hibernate: DELETE FROM opm.date_calculation_data
Hibernate: DELETE FROM opm.refund_transaction
Hibernate: DELETE FROM opm.audit_parameter_record
Hibernate: DELETE FROM opm.audit_record
Hibernate: DELETE FROM opm.dedeposit
Hibernate: DELETE FROM opm.redeposit
Hibernate: DELETE FROM opm.calculation_result_item
Hibernate: DELETE FROM opm.calculation
Hibernate: DELETE FROM opm.fers_redeposit
Hibernate: DELETE FROM opm.fers_deposit
Hibernate: DELETE FROM opm.calculation_version
Hibernate: DELETE FROM opm.calculation_result
Hibernate: DELETE FROM opm.summary_data
Hibernate: DELETE FROM opm.billing
Hibernate: DELETE FROM opm.account_note
Hibernate: DELETE FROM opm.account
Hibernate: DELETE FROM opm.account_confirmation_validation
Hibernate: DELETE FROM opm.billing_summary
Hibernate: DELETE FROM opm.account_holder
Hibernate: DELETE FROM opm.address
Hibernate: DELETE FROM opm.error
Hibernate: DELETE FROM opm.info
Hibernate: DELETE FROM opm.notification
Hibernate: DELETE FROM opm.app_user
Hibernate: DELETE FROM opm.batch_daily_payments_history
Hibernate: DELETE FROM opm.audit_batch_history
Hibernate: DELETE FROM opm.new_claim_number_history
Hibernate: DELETE FROM opm.annuitant_list_history
Hibernate: DELETE FROM opm.time_factor_history
Hibernate: DELETE FROM opm.contact_info_history
Hibernate: DELETE FROM opm.interest_suppression_history
Hibernate: DELETE FROM opm.gl_payment_type_history
Hibernate: DELETE FROM opm.scm_first_insert_history
Hibernate: DELETE FROM opm.holiday_history
Hibernate: DELETE FROM opm.deduction_rate_history
Hibernate: DELETE FROM opm.interest_grace_period_history
Hibernate: DELETE FROM opm.gl_code_history
Hibernate: DELETE FROM opm.claim_without_service_history
Hibernate: DELETE FROM opm.payment_transaction_note_history
Hibernate: DELETE FROM opm.payment_move_transaction_history
Hibernate: DELETE FROM opm.interest_rate_history
Hibernate: DELETE FROM opm.payment_interest_detail_history
Hibernate: DELETE FROM opm.adjustment_transaction_history
Hibernate: DELETE FROM opm.invoice_history
Hibernate: DELETE FROM opm.a01_print_suppression_case_history
Hibernate: DELETE FROM opm.user_account_assignment_history
Hibernate: DELETE FROM opm.payment_refund_link_history
Hibernate: DELETE FROM opm.payments_applied_order_code_history
Hibernate: DELETE FROM opm.service_credit_preference_history
Hibernate: DELETE FROM opm.account_confirmation_validation_entry_history
Hibernate: DELETE FROM opm.account_confirmation_validation_history
Hibernate: DELETE FROM opm.payment_reverse_history
Hibernate: DELETE FROM opm.payment_history
Hibernate: DELETE FROM opm.pay_trans_status_code_history
Hibernate: DELETE FROM opm.notification_READBY_history
Hibernate: DELETE FROM opm.refund_transaction_history
Hibernate: DELETE FROM opm.summary_data_history
Hibernate: DELETE FROM opm.dedeposit_history
Hibernate: DELETE FROM opm.redeposit_history
Hibernate: DELETE FROM opm.calculation_result_item_history
Hibernate: DELETE FROM opm.calculation_result_history
Hibernate: DELETE FROM opm.calculation_history
Hibernate: DELETE FROM opm.fers_redeposit_history
Hibernate: DELETE FROM opm.fers_deposit_history
Hibernate: DELETE FROM opm.calculation_version_history
Hibernate: DELETE FROM opm.billing_history
Hibernate: DELETE FROM opm.billing_summary_history
Hibernate: DELETE FROM opm.account_note_history
Hibernate: DELETE FROM opm.address_history
Hibernate: DELETE FROM opm.account_history
Hibernate: DELETE FROM opm.account_holder_history
Hibernate: DELETE FROM opm.error_history
Hibernate: DELETE FROM opm.info_history
Hibernate: DELETE FROM opm.notification_history
Hibernate: DELETE FROM opm.app_user_history
Hibernate: DELETE FROM opm.change_trans_field_number_code
Hibernate: DELETE FROM opm.pay_code
Hibernate: DELETE FROM opm.payment_applied_order
Hibernate: DELETE FROM opm.agency_code
Hibernate: DELETE FROM opm.calculation_status
Hibernate: DELETE FROM opm.transfer_type
Hibernate: DELETE FROM opm.user_status
Hibernate: DELETE FROM opm.claim_officer
Hibernate: DELETE FROM opm.payment_status
Hibernate: DELETE FROM opm.application_designation
Hibernate: DELETE FROM opm.payment_reversal_reason
Hibernate: DELETE FROM opm.pay_type
Hibernate: DELETE FROM opm.appointment_type
Hibernate: DELETE FROM opm.role
Hibernate: DELETE FROM opm.service_type
Hibernate: DELETE FROM opm.retirement_type
Hibernate: DELETE FROM opm.account_status
Hibernate: DELETE FROM opm.country
Hibernate: DELETE FROM opm.state
Hibernate: DELETE FROM opm.period_type
Hibernate: DELETE FROM opm.suffix
Hibernate: DELETE FROM opm.form_type
Hibernate: DELETE FROM opm.batch_daily_payments
Hibernate: DELETE FROM opm.audit_batch
Hibernate: DELETE FROM opm.new_claim_number
Hibernate: DELETE FROM opm.annuitant_list
Hibernate: DELETE FROM opm.time_factor
Hibernate: DELETE FROM opm.contact_info
Hibernate: DELETE FROM opm.interest_suppression
Hibernate: DELETE FROM opm.gl_payment_type
Hibernate: DELETE FROM opm.scm_first_insert
Hibernate: DELETE FROM opm.holiday
Hibernate: DELETE FROM opm.deduction_rate
Hibernate: DELETE FROM opm.interest_grace_period
Hibernate: DELETE FROM opm.gl_code
Hibernate: DELETE FROM opm.claim_without_service
Hibernate: DELETE FROM opm.payment_transaction_note
Hibernate: DELETE FROM opm.payment_move_transaction
Hibernate: DELETE FROM opm.interest_rate
Hibernate: DELETE FROM opm.payment_interest_detail
Hibernate: DELETE FROM opm.adjustment_transaction
Hibernate: DELETE FROM opm.invoice
Hibernate: DELETE FROM opm.a01_print_suppression_case
Hibernate: DELETE FROM opm.user_account_assignment
Hibernate: DELETE FROM opm.payment_refund_link
Hibernate: DELETE FROM opm.role_permission
Hibernate: DELETE FROM opm.user_permission
Hibernate: DELETE FROM opm.service_credit_preference
Hibernate: DELETE FROM opm.account_confirmation_validation_entry
Hibernate: DELETE FROM opm.payment_reverse
Hibernate: DELETE FROM opm.payment
Hibernate: DELETE FROM opm.pay_trans_status_code
Hibernate: DELETE FROM opm.payments_applied_order_code
Hibernate: DELETE FROM opm.printout
Hibernate: DELETE FROM opm.related_help_items
Hibernate: DELETE FROM opm.help_item
Hibernate: DELETE FROM opm.notification_READBY
Hibernate: DELETE FROM opm.date_calculation_data
Hibernate: DELETE FROM opm.refund_transaction
Hibernate: DELETE FROM opm.audit_parameter_record
Hibernate: DELETE FROM opm.audit_record
Hibernate: DELETE FROM opm.dedeposit
Hibernate: DELETE FROM opm.redeposit
Hibernate: DELETE FROM opm.calculation_result_item
Hibernate: DELETE FROM opm.calculation
Hibernate: DELETE FROM opm.fers_redeposit
Hibernate: DELETE FROM opm.fers_deposit
Hibernate: DELETE FROM opm.calculation_version
Hibernate: DELETE FROM opm.calculation_result
Hibernate: DELETE FROM opm.summary_data
Hibernate: DELETE FROM opm.billing
Hibernate: DELETE FROM opm.account_note
Hibernate: DELETE FROM opm.account
Hibernate: DELETE FROM opm.account_confirmation_validation
Hibernate: DELETE FROM opm.billing_summary
Hibernate: DELETE FROM opm.account_holder
Hibernate: DELETE FROM opm.address
Hibernate: DELETE FROM opm.error
Hibernate: DELETE FROM opm.info
Hibernate: DELETE FROM opm.notification
Hibernate: DELETE FROM opm.app_user
Hibernate: DELETE FROM opm.batch_daily_payments_history
Hibernate: DELETE FROM opm.audit_batch_history
Hibernate: DELETE FROM opm.new_claim_number_history
Hibernate: DELETE FROM opm.annuitant_list_history
Hibernate: DELETE FROM opm.time_factor_history
Hibernate: DELETE FROM opm.contact_info_history
Hibernate: DELETE FROM opm.interest_suppression_history
Hibernate: DELETE FROM opm.gl_payment_type_history
Hibernate: DELETE FROM opm.scm_first_insert_history
Hibernate: DELETE FROM opm.holiday_history
Hibernate: DELETE FROM opm.deduction_rate_history
Hibernate: DELETE FROM opm.interest_grace_period_history
Hibernate: DELETE FROM opm.gl_code_history
Hibernate: DELETE FROM opm.claim_without_service_history
Hibernate: DELETE FROM opm.payment_transaction_note_history
Hibernate: DELETE FROM opm.payment_move_transaction_history
Hibernate: DELETE FROM opm.interest_rate_history
Hibernate: DELETE FROM opm.payment_interest_detail_history
Hibernate: DELETE FROM opm.adjustment_transaction_history
Hibernate: DELETE FROM opm.invoice_history
Hibernate: DELETE FROM opm.a01_print_suppression_case_history
Hibernate: DELETE FROM opm.user_account_assignment_history
Hibernate: DELETE FROM opm.payment_refund_link_history
Hibernate: DELETE FROM opm.payments_applied_order_code_history
Hibernate: DELETE FROM opm.service_credit_preference_history
Hibernate: DELETE FROM opm.account_confirmation_validation_entry_history
Hibernate: DELETE FROM opm.account_confirmation_validation_history
Hibernate: DELETE FROM opm.payment_reverse_history
Hibernate: DELETE FROM opm.payment_history
Hibernate: DELETE FROM opm.pay_trans_status_code_history
Hibernate: DELETE FROM opm.notification_READBY_history
Hibernate: DELETE FROM opm.refund_transaction_history
Hibernate: DELETE FROM opm.summary_data_history
Hibernate: DELETE FROM opm.dedeposit_history
Hibernate: DELETE FROM opm.redeposit_history
Hibernate: DELETE FROM opm.calculation_result_item_history
Hibernate: DELETE FROM opm.calculation_result_history
Hibernate: DELETE FROM opm.calculation_history
Hibernate: DELETE FROM opm.fers_redeposit_history
Hibernate: DELETE FROM opm.fers_deposit_history
Hibernate: DELETE FROM opm.calculation_version_history
Hibernate: DELETE FROM opm.billing_history
Hibernate: DELETE FROM opm.billing_summary_history
Hibernate: DELETE FROM opm.account_note_history
Hibernate: DELETE FROM opm.address_history
Hibernate: DELETE FROM opm.account_history
Hibernate: DELETE FROM opm.account_holder_history
Hibernate: DELETE FROM opm.error_history
Hibernate: DELETE FROM opm.info_history
Hibernate: DELETE FROM opm.notification_history
Hibernate: DELETE FROM opm.app_user_history
Hibernate: DELETE FROM opm.change_trans_field_number_code
Hibernate: DELETE FROM opm.pay_code
Hibernate: DELETE FROM opm.payment_applied_order
Hibernate: DELETE FROM opm.agency_code
Hibernate: DELETE FROM opm.calculation_status
Hibernate: DELETE FROM opm.transfer_type
Hibernate: DELETE FROM opm.user_status
Hibernate: DELETE FROM opm.claim_officer
Hibernate: DELETE FROM opm.payment_status
Hibernate: DELETE FROM opm.application_designation
Hibernate: DELETE FROM opm.payment_reversal_reason
Hibernate: DELETE FROM opm.pay_type
Hibernate: DELETE FROM opm.appointment_type
Hibernate: DELETE FROM opm.role
Hibernate: DELETE FROM opm.service_type
Hibernate: DELETE FROM opm.retirement_type
Hibernate: DELETE FROM opm.account_status
Hibernate: DELETE FROM opm.country
Hibernate: DELETE FROM opm.state
Hibernate: DELETE FROM opm.period_type
Hibernate: DELETE FROM opm.suffix
Hibernate: DELETE FROM opm.form_type
Hibernate: insert into opm.error (deleted, date, details) values (?, ?, ?)
Hibernate: SELECT COUNT(*) FROM opm.error_history WHERE id=? AND action=?
Hibernate: select error0_.id as id1_32_0_, error0_.deleted as deleted2_32_0_, error0_.date as date3_32_0_, error0_.details as details4_32_0_ from opm.error error0_ where error0_.id=?
Hibernate: update opm.error set deleted=?, date=?, details=? where id=?
Hibernate: SELECT COUNT(*) FROM opm.error_history WHERE id=? AND action=?
Hibernate: delete from opm.error where id=?
Hibernate: select error0_.id as id1_32_0_, error0_.deleted as deleted2_32_0_, error0_.date as date3_32_0_, error0_.details as details4_32_0_ from opm.error error0_ where error0_.id=?
Hibernate: SELECT COUNT(*) FROM opm.error_history WHERE id=? AND action=?
Hibernate: DELETE FROM opm.batch_daily_payments
Hibernate: DELETE FROM opm.audit_batch
Hibernate: DELETE FROM opm.new_claim_number
Hibernate: DELETE FROM opm.annuitant_list
Hibernate: DELETE FROM opm.time_factor
Hibernate: DELETE FROM opm.contact_info
Hibernate: DELETE FROM opm.interest_suppression
Hibernate: DELETE FROM opm.gl_payment_type
Hibernate: DELETE FROM opm.scm_first_insert
Hibernate: DELETE FROM opm.holiday
Hibernate: DELETE FROM opm.deduction_rate
Hibernate: DELETE FROM opm.interest_grace_period
Hibernate: DELETE FROM opm.gl_code
Hibernate: DELETE FROM opm.claim_without_service
Hibernate: DELETE FROM opm.payment_transaction_note
Hibernate: DELETE FROM opm.payment_move_transaction
Hibernate: DELETE FROM opm.interest_rate
Hibernate: DELETE FROM opm.payment_interest_detail
Hibernate: DELETE FROM opm.adjustment_transaction
Hibernate: DELETE FROM opm.invoice
Hibernate: DELETE FROM opm.a01_print_suppression_case
Hibernate: DELETE FROM opm.user_account_assignment
Hibernate: DELETE FROM opm.payment_refund_link
Hibernate: DELETE FROM opm.role_permission
Hibernate: DELETE FROM opm.user_permission
Hibernate: DELETE FROM opm.service_credit_preference
Hibernate: DELETE FROM opm.account_confirmation_validation_entry
Hibernate: DELETE FROM opm.payment_reverse
Hibernate: DELETE FROM opm.payment
Hibernate: DELETE FROM opm.pay_trans_status_code
Hibernate: DELETE FROM opm.payments_applied_order_code
Hibernate: DELETE FROM opm.printout
Hibernate: DELETE FROM opm.related_help_items
Hibernate: DELETE FROM opm.help_item
Hibernate: DELETE FROM opm.notification_READBY
Hibernate: DELETE FROM opm.date_calculation_data
Hibernate: DELETE FROM opm.refund_transaction
Hibernate: DELETE FROM opm.audit_parameter_record
Hibernate: DELETE FROM opm.audit_record
Hibernate: DELETE FROM opm.dedeposit
Hibernate: DELETE FROM opm.redeposit
Hibernate: DELETE FROM opm.calculation_result_item
Hibernate: DELETE FROM opm.calculation
Hibernate: DELETE FROM opm.fers_redeposit
Hibernate: DELETE FROM opm.fers_deposit
Hibernate: DELETE FROM opm.calculation_version
Hibernate: DELETE FROM opm.calculation_result
Hibernate: DELETE FROM opm.summary_data
Hibernate: DELETE FROM opm.billing
Hibernate: DELETE FROM opm.account_note
Hibernate: DELETE FROM opm.account
Hibernate: DELETE FROM opm.account_confirmation_validation
Hibernate: DELETE FROM opm.billing_summary
Hibernate: DELETE FROM opm.account_holder
Hibernate: DELETE FROM opm.address
Hibernate: DELETE FROM opm.error
Hibernate: DELETE FROM opm.info
Hibernate: DELETE FROM opm.notification
Hibernate: DELETE FROM opm.app_user
Hibernate: DELETE FROM opm.batch_daily_payments_history
Hibernate: DELETE FROM opm.audit_batch_history
Hibernate: DELETE FROM opm.new_claim_number_history
Hibernate: DELETE FROM opm.annuitant_list_history
Hibernate: DELETE FROM opm.time_factor_history
Hibernate: DELETE FROM opm.contact_info_history
Hibernate: DELETE FROM opm.interest_suppression_history
Hibernate: DELETE FROM opm.gl_payment_type_history
Hibernate: DELETE FROM opm.scm_first_insert_history
Hibernate: DELETE FROM opm.holiday_history
Hibernate: DELETE FROM opm.deduction_rate_history
Hibernate: DELETE FROM opm.interest_grace_period_history
Hibernate: DELETE FROM opm.gl_code_history
Hibernate: DELETE FROM opm.claim_without_service_history
Hibernate: DELETE FROM opm.payment_transaction_note_history
Hibernate: DELETE FROM opm.payment_move_transaction_history
Hibernate: DELETE FROM opm.interest_rate_history
Hibernate: DELETE FROM opm.payment_interest_detail_history
Hibernate: DELETE FROM opm.adjustment_transaction_history
Hibernate: DELETE FROM opm.invoice_history
Hibernate: DELETE FROM opm.a01_print_suppression_case_history
Hibernate: DELETE FROM opm.user_account_assignment_history
Hibernate: DELETE FROM opm.payment_refund_link_history
Hibernate: DELETE FROM opm.payments_applied_order_code_history
Hibernate: DELETE FROM opm.service_credit_preference_history
Hibernate: DELETE FROM opm.account_confirmation_validation_entry_history
Hibernate: DELETE FROM opm.account_confirmation_validation_history
Hibernate: DELETE FROM opm.payment_reverse_history
Hibernate: DELETE FROM opm.payment_history
Hibernate: DELETE FROM opm.pay_trans_status_code_history
Hibernate: DELETE FROM opm.notification_READBY_history
Hibernate: DELETE FROM opm.refund_transaction_history
Hibernate: DELETE FROM opm.summary_data_history
Hibernate: DELETE FROM opm.dedeposit_history
Hibernate: DELETE FROM opm.redeposit_history
Hibernate: DELETE FROM opm.calculation_result_item_history
Hibernate: DELETE FROM opm.calculation_result_history
Hibernate: DELETE FROM opm.calculation_history
Hibernate: DELETE FROM opm.fers_redeposit_history
Hibernate: DELETE FROM opm.fers_deposit_history
Hibernate: DELETE FROM opm.calculation_version_history
Hibernate: DELETE FROM opm.billing_history
Hibernate: DELETE FROM opm.billing_summary_history
Hibernate: DELETE FROM opm.account_note_history
Hibernate: DELETE FROM opm.address_history
Hibernate: DELETE FROM opm.account_history
Hibernate: DELETE FROM opm.account_holder_history
Hibernate: DELETE FROM opm.error_history
Hibernate: DELETE FROM opm.info_history
Hibernate: DELETE FROM opm.notification_history
Hibernate: DELETE FROM opm.app_user_history
Hibernate: DELETE FROM opm.change_trans_field_number_code
Hibernate: DELETE FROM opm.pay_code
Hibernate: DELETE FROM opm.payment_applied_order
Hibernate: DELETE FROM opm.agency_code
Hibernate: DELETE FROM opm.calculation_status
Hibernate: DELETE FROM opm.transfer_type
Hibernate: DELETE FROM opm.user_status
Hibernate: DELETE FROM opm.claim_officer
Hibernate: DELETE FROM opm.payment_status
Hibernate: DELETE FROM opm.application_designation
Hibernate: DELETE FROM opm.payment_reversal_reason
Hibernate: DELETE FROM opm.pay_type
Hibernate: DELETE FROM opm.appointment_type
Hibernate: DELETE FROM opm.role
Hibernate: DELETE FROM opm.service_type
Hibernate: DELETE FROM opm.retirement_type
Hibernate: DELETE FROM opm.account_status
Hibernate: DELETE FROM opm.country
Hibernate: DELETE FROM opm.state
Hibernate: DELETE FROM opm.period_type
Hibernate: DELETE FROM opm.suffix
Hibernate: DELETE FROM opm.form_type
Hibernate: DELETE FROM opm.batch_daily_payments
Hibernate: DELETE FROM opm.audit_batch
Hibernate: DELETE FROM opm.new_claim_number
Hibernate: DELETE FROM opm.annuitant_list
Hibernate: DELETE FROM opm.time_factor
Hibernate: DELETE FROM opm.contact_info
Hibernate: DELETE FROM opm.interest_suppression
Hibernate: DELETE FROM opm.gl_payment_type
Hibernate: DELETE FROM opm.scm_first_insert
Hibernate: DELETE FROM opm.holiday
Hibernate: DELETE FROM opm.deduction_rate
Hibernate: DELETE FROM opm.interest_grace_period
Hibernate: DELETE FROM opm.gl_code
Hibernate: DELETE FROM opm.claim_without_service
Hibernate: DELETE FROM opm.payment_transaction_note
Hibernate: DELETE FROM opm.payment_move_transaction
Hibernate: DELETE FROM opm.interest_rate
Hibernate: DELETE FROM opm.payment_interest_detail
Hibernate: DELETE FROM opm.adjustment_transaction
Hibernate: DELETE FROM opm.invoice
Hibernate: DELETE FROM opm.a01_print_suppression_case
Hibernate: DELETE FROM opm.user_account_assignment
Hibernate: DELETE FROM opm.payment_refund_link
Hibernate: DELETE FROM opm.role_permission
Hibernate: DELETE FROM opm.user_permission
Hibernate: DELETE FROM opm.service_credit_preference
Hibernate: DELETE FROM opm.account_confirmation_validation_entry
Hibernate: DELETE FROM opm.payment_reverse
Hibernate: DELETE FROM opm.payment
Hibernate: DELETE FROM opm.pay_trans_status_code
Hibernate: DELETE FROM opm.payments_applied_order_code
Hibernate: DELETE FROM opm.printout
Hibernate: DELETE FROM opm.related_help_items
Hibernate: DELETE FROM opm.help_item
Hibernate: DELETE FROM opm.notification_READBY
Hibernate: DELETE FROM opm.date_calculation_data
Hibernate: DELETE FROM opm.refund_transaction
Hibernate: DELETE FROM opm.audit_parameter_record
Hibernate: DELETE FROM opm.audit_record
Hibernate: DELETE FROM opm.dedeposit
Hibernate: DELETE FROM opm.redeposit
Hibernate: DELETE FROM opm.calculation_result_item
Hibernate: DELETE FROM opm.calculation
Hibernate: DELETE FROM opm.fers_redeposit
Hibernate: DELETE FROM opm.fers_deposit
Hibernate: DELETE FROM opm.calculation_version
Hibernate: DELETE FROM opm.calculation_result
Hibernate: DELETE FROM opm.summary_data
Hibernate: DELETE FROM opm.billing
Hibernate: DELETE FROM opm.account_note
Hibernate: DELETE FROM opm.account
Hibernate: DELETE FROM opm.account_confirmation_validation
Hibernate: DELETE FROM opm.billing_summary
Hibernate: DELETE FROM opm.account_holder
Hibernate: DELETE FROM opm.address
Hibernate: DELETE FROM opm.error
Hibernate: DELETE FROM opm.info
Hibernate: DELETE FROM opm.notification
Hibernate: DELETE FROM opm.app_user
Hibernate: DELETE FROM opm.batch_daily_payments_history
Hibernate: DELETE FROM opm.audit_batch_history
Hibernate: DELETE FROM opm.new_claim_number_history
Hibernate: DELETE FROM opm.annuitant_list_history
Hibernate: DELETE FROM opm.time_factor_history
Hibernate: DELETE FROM opm.contact_info_history
Hibernate: DELETE FROM opm.interest_suppression_history
Hibernate: DELETE FROM opm.gl_payment_type_history
Hibernate: DELETE FROM opm.scm_first_insert_history
Hibernate: DELETE FROM opm.holiday_history
Hibernate: DELETE FROM opm.deduction_rate_history
Hibernate: DELETE FROM opm.interest_grace_period_history
Hibernate: DELETE FROM opm.gl_code_history
Hibernate: DELETE FROM opm.claim_without_service_history
Hibernate: DELETE FROM opm.payment_transaction_note_history
Hibernate: DELETE FROM opm.payment_move_transaction_history
Hibernate: DELETE FROM opm.interest_rate_history
Hibernate: DELETE FROM opm.payment_interest_detail_history
Hibernate: DELETE FROM opm.adjustment_transaction_history
Hibernate: DELETE FROM opm.invoice_history
Hibernate: DELETE FROM opm.a01_print_suppression_case_history
Hibernate: DELETE FROM opm.user_account_assignment_history
Hibernate: DELETE FROM opm.payment_refund_link_history
Hibernate: DELETE FROM opm.payments_applied_order_code_history
Hibernate: DELETE FROM opm.service_credit_preference_history
Hibernate: DELETE FROM opm.account_confirmation_validation_entry_history
Hibernate: DELETE FROM opm.account_confirmation_validation_history
Hibernate: DELETE FROM opm.payment_reverse_history
Hibernate: DELETE FROM opm.payment_history
Hibernate: DELETE FROM opm.pay_trans_status_code_history
Hibernate: DELETE FROM opm.notification_READBY_history
Hibernate: DELETE FROM opm.refund_transaction_history
Hibernate: DELETE FROM opm.summary_data_history
Hibernate: DELETE FROM opm.dedeposit_history
Hibernate: DELETE FROM opm.redeposit_history
Hibernate: DELETE FROM opm.calculation_result_item_history
Hibernate: DELETE FROM opm.calculation_result_history
Hibernate: DELETE FROM opm.calculation_history
Hibernate: DELETE FROM opm.fers_redeposit_history
Hibernate: DELETE FROM opm.fers_deposit_history
Hibernate: DELETE FROM opm.calculation_version_history
Hibernate: DELETE FROM opm.billing_history
Hibernate: DELETE FROM opm.billing_summary_history
Hibernate: DELETE FROM opm.account_note_history
Hibernate: DELETE FROM opm.address_history
Hibernate: DELETE FROM opm.account_history
Hibernate: DELETE FROM opm.account_holder_history
Hibernate: DELETE FROM opm.error_history
Hibernate: DELETE FROM opm.info_history
Hibernate: DELETE FROM opm.notification_history
Hibernate: DELETE FROM opm.app_user_history
Hibernate: DELETE FROM opm.change_trans_field_number_code
Hibernate: DELETE FROM opm.pay_code
Hibernate: DELETE FROM opm.payment_applied_order
Hibernate: DELETE FROM opm.agency_code
Hibernate: DELETE FROM opm.calculation_status
Hibernate: DELETE FROM opm.transfer_type
Hibernate: DELETE FROM opm.user_status
Hibernate: DELETE FROM opm.claim_officer
Hibernate: DELETE FROM opm.payment_status
Hibernate: DELETE FROM opm.application_designation
Hibernate: DELETE FROM opm.payment_reversal_reason
Hibernate: DELETE FROM opm.pay_type
Hibernate: DELETE FROM opm.appointment_type
Hibernate: DELETE FROM opm.role
Hibernate: DELETE FROM opm.service_type
Hibernate: DELETE FROM opm.retirement_type
Hibernate: DELETE FROM opm.account_status
Hibernate: DELETE FROM opm.country
Hibernate: DELETE FROM opm.state
Hibernate: DELETE FROM opm.period_type
Hibernate: DELETE FROM opm.suffix
Hibernate: DELETE FROM opm.form_type
Hibernate: insert into opm.role_permission (deleted, action, rolename) values (?, ?, ?)
Hibernate: select rolepermis0_.id as id1_68_0_, rolepermis0_.deleted as deleted2_68_0_, rolepermis0_.action as action3_68_0_, rolepermis0_.rolename as rolename4_68_0_ from opm.role_permission rolepermis0_ where rolepermis0_.id=?
Hibernate: update opm.role_permission set deleted=?, action=?, rolename=? where id=?
Hibernate: delete from opm.role_permission where id=?
Hibernate: select rolepermis0_.id as id1_68_0_, rolepermis0_.deleted as deleted2_68_0_, rolepermis0_.action as action3_68_0_, rolepermis0_.rolename as rolename4_68_0_ from opm.role_permission rolepermis0_ where rolepermis0_.id=?
Hibernate: DELETE FROM opm.batch_daily_payments
Hibernate: DELETE FROM opm.audit_batch
Hibernate: DELETE FROM opm.new_claim_number
Hibernate: DELETE FROM opm.annuitant_list
Hibernate: DELETE FROM opm.time_factor
Hibernate: DELETE FROM opm.contact_info
Hibernate: DELETE FROM opm.interest_suppression
Hibernate: DELETE FROM opm.gl_payment_type
Hibernate: DELETE FROM opm.scm_first_insert
Hibernate: DELETE FROM opm.holiday
Hibernate: DELETE FROM opm.deduction_rate
Hibernate: DELETE FROM opm.interest_grace_period
Hibernate: DELETE FROM opm.gl_code
Hibernate: DELETE FROM opm.claim_without_service
Hibernate: DELETE FROM opm.payment_transaction_note
Hibernate: DELETE FROM opm.payment_move_transaction
Hibernate: DELETE FROM opm.interest_rate
Hibernate: DELETE FROM opm.payment_interest_detail
Hibernate: DELETE FROM opm.adjustment_transaction
Hibernate: DELETE FROM opm.invoice
Hibernate: DELETE FROM opm.a01_print_suppression_case
Hibernate: DELETE FROM opm.user_account_assignment
Hibernate: DELETE FROM opm.payment_refund_link
Hibernate: DELETE FROM opm.role_permission
Hibernate: DELETE FROM opm.user_permission
Hibernate: DELETE FROM opm.service_credit_preference
Hibernate: DELETE FROM opm.account_confirmation_validation_entry
Hibernate: DELETE FROM opm.payment_reverse
Hibernate: DELETE FROM opm.payment
Hibernate: DELETE FROM opm.pay_trans_status_code
Hibernate: DELETE FROM opm.payments_applied_order_code
Hibernate: DELETE FROM opm.printout
Hibernate: DELETE FROM opm.related_help_items
Hibernate: DELETE FROM opm.help_item
Hibernate: DELETE FROM opm.notification_READBY
Hibernate: DELETE FROM opm.date_calculation_data
Hibernate: DELETE FROM opm.refund_transaction
Hibernate: DELETE FROM opm.audit_parameter_record
Hibernate: DELETE FROM opm.audit_record
Hibernate: DELETE FROM opm.dedeposit
Hibernate: DELETE FROM opm.redeposit
Hibernate: DELETE FROM opm.calculation_result_item
Hibernate: DELETE FROM opm.calculation
Hibernate: DELETE FROM opm.fers_redeposit
Hibernate: DELETE FROM opm.fers_deposit
Hibernate: DELETE FROM opm.calculation_version
Hibernate: DELETE FROM opm.calculation_result
Hibernate: DELETE FROM opm.summary_data
Hibernate: DELETE FROM opm.billing
Hibernate: DELETE FROM opm.account_note
Hibernate: DELETE FROM opm.account
Hibernate: DELETE FROM opm.account_confirmation_validation
Hibernate: DELETE FROM opm.billing_summary
Hibernate: DELETE FROM opm.account_holder
Hibernate: DELETE FROM opm.address
Hibernate: DELETE FROM opm.error
Hibernate: DELETE FROM opm.info
Hibernate: DELETE FROM opm.notification
Hibernate: DELETE FROM opm.app_user
Hibernate: DELETE FROM opm.batch_daily_payments_history
Hibernate: DELETE FROM opm.audit_batch_history
Hibernate: DELETE FROM opm.new_claim_number_history
Hibernate: DELETE FROM opm.annuitant_list_history
Hibernate: DELETE FROM opm.time_factor_history
Hibernate: DELETE FROM opm.contact_info_history
Hibernate: DELETE FROM opm.interest_suppression_history
Hibernate: DELETE FROM opm.gl_payment_type_history
Hibernate: DELETE FROM opm.scm_first_insert_history
Hibernate: DELETE FROM opm.holiday_history
Hibernate: DELETE FROM opm.deduction_rate_history
Hibernate: DELETE FROM opm.interest_grace_period_history
Hibernate: DELETE FROM opm.gl_code_history
Hibernate: DELETE FROM opm.claim_without_service_history
Hibernate: DELETE FROM opm.payment_transaction_note_history
Hibernate: DELETE FROM opm.payment_move_transaction_history
Hibernate: DELETE FROM opm.interest_rate_history
Hibernate: DELETE FROM opm.payment_interest_detail_history
Hibernate: DELETE FROM opm.adjustment_transaction_history
Hibernate: DELETE FROM opm.invoice_history
Hibernate: DELETE FROM opm.a01_print_suppression_case_history
Hibernate: DELETE FROM opm.user_account_assignment_history
Hibernate: DELETE FROM opm.payment_refund_link_history
Hibernate: DELETE FROM opm.payments_applied_order_code_history
Hibernate: DELETE FROM opm.service_credit_preference_history
Hibernate: DELETE FROM opm.account_confirmation_validation_entry_history
Hibernate: DELETE FROM opm.account_confirmation_validation_history
Hibernate: DELETE FROM opm.payment_reverse_history
Hibernate: DELETE FROM opm.payment_history
Hibernate: DELETE FROM opm.pay_trans_status_code_history
Hibernate: DELETE FROM opm.notification_READBY_history
Hibernate: DELETE FROM opm.refund_transaction_history
Hibernate: DELETE FROM opm.summary_data_history
Hibernate: DELETE FROM opm.dedeposit_history
Hibernate: DELETE FROM opm.redeposit_history
Hibernate: DELETE FROM opm.calculation_result_item_history
Hibernate: DELETE FROM opm.calculation_result_history
Hibernate: DELETE FROM opm.calculation_history
Hibernate: DELETE FROM opm.fers_redeposit_history
Hibernate: DELETE FROM opm.fers_deposit_history
Hibernate: DELETE FROM opm.calculation_version_history
Hibernate: DELETE FROM opm.billing_history
Hibernate: DELETE FROM opm.billing_summary_history
Hibernate: DELETE FROM opm.account_note_history
Hibernate: DELETE FROM opm.address_history
Hibernate: DELETE FROM opm.account_history
Hibernate: DELETE FROM opm.account_holder_history
Hibernate: DELETE FROM opm.error_history
Hibernate: DELETE FROM opm.info_history
Hibernate: DELETE FROM opm.notification_history
Hibernate: DELETE FROM opm.app_user_history
Hibernate: DELETE FROM opm.change_trans_field_number_code
Hibernate: DELETE FROM opm.pay_code
Hibernate: DELETE FROM opm.payment_applied_order
Hibernate: DELETE FROM opm.agency_code
Hibernate: DELETE FROM opm.calculation_status
Hibernate: DELETE FROM opm.transfer_type
Hibernate: DELETE FROM opm.user_status
Hibernate: DELETE FROM opm.claim_officer
Hibernate: DELETE FROM opm.payment_status
Hibernate: DELETE FROM opm.application_designation
Hibernate: DELETE FROM opm.payment_reversal_reason
Hibernate: DELETE FROM opm.pay_type
Hibernate: DELETE FROM opm.appointment_type
Hibernate: DELETE FROM opm.role
Hibernate: DELETE FROM opm.service_type
Hibernate: DELETE FROM opm.retirement_type
Hibernate: DELETE FROM opm.account_status
Hibernate: DELETE FROM opm.country
Hibernate: DELETE FROM opm.state
Hibernate: DELETE FROM opm.period_type
Hibernate: DELETE FROM opm.suffix
Hibernate: DELETE FROM opm.form_type
Hibernate: DELETE FROM opm.batch_daily_payments
Hibernate: DELETE FROM opm.audit_batch
Hibernate: DELETE FROM opm.new_claim_number
Hibernate: DELETE FROM opm.annuitant_list
Hibernate: DELETE FROM opm.time_factor
Hibernate: DELETE FROM opm.contact_info
Hibernate: DELETE FROM opm.interest_suppression
Hibernate: DELETE FROM opm.gl_payment_type
Hibernate: DELETE FROM opm.scm_first_insert
Hibernate: DELETE FROM opm.holiday
Hibernate: DELETE FROM opm.deduction_rate
Hibernate: DELETE FROM opm.interest_grace_period
Hibernate: DELETE FROM opm.gl_code
Hibernate: DELETE FROM opm.claim_without_service
Hibernate: DELETE FROM opm.payment_transaction_note
Hibernate: DELETE FROM opm.payment_move_transaction
Hibernate: DELETE FROM opm.interest_rate
Hibernate: DELETE FROM opm.payment_interest_detail
Hibernate: DELETE FROM opm.adjustment_transaction
Hibernate: DELETE FROM opm.invoice
Hibernate: DELETE FROM opm.a01_print_suppression_case
Hibernate: DELETE FROM opm.user_account_assignment
Hibernate: DELETE FROM opm.payment_refund_link
Hibernate: DELETE FROM opm.role_permission
Hibernate: DELETE FROM opm.user_permission
Hibernate: DELETE FROM opm.service_credit_preference
Hibernate: DELETE FROM opm.account_confirmation_validation_entry
Hibernate: DELETE FROM opm.payment_reverse
Hibernate: DELETE FROM opm.payment
Hibernate: DELETE FROM opm.pay_trans_status_code
Hibernate: DELETE FROM opm.payments_applied_order_code
Hibernate: DELETE FROM opm.printout
Hibernate: DELETE FROM opm.related_help_items
Hibernate: DELETE FROM opm.help_item
Hibernate: DELETE FROM opm.notification_READBY
Hibernate: DELETE FROM opm.date_calculation_data
Hibernate: DELETE FROM opm.refund_transaction
Hibernate: DELETE FROM opm.audit_parameter_record
Hibernate: DELETE FROM opm.audit_record
Hibernate: DELETE FROM opm.dedeposit
Hibernate: DELETE FROM opm.redeposit
Hibernate: DELETE FROM opm.calculation_result_item
Hibernate: DELETE FROM opm.calculation
Hibernate: DELETE FROM opm.fers_redeposit
Hibernate: DELETE FROM opm.fers_deposit
Hibernate: DELETE FROM opm.calculation_version
Hibernate: DELETE FROM opm.calculation_result
Hibernate: DELETE FROM opm.summary_data
Hibernate: DELETE FROM opm.billing
Hibernate: DELETE FROM opm.account_note
Hibernate: DELETE FROM opm.account
Hibernate: DELETE FROM opm.account_confirmation_validation
Hibernate: DELETE FROM opm.billing_summary
Hibernate: DELETE FROM opm.account_holder
Hibernate: DELETE FROM opm.address
Hibernate: DELETE FROM opm.error
Hibernate: DELETE FROM opm.info
Hibernate: DELETE FROM opm.notification
Hibernate: DELETE FROM opm.app_user
Hibernate: DELETE FROM opm.batch_daily_payments_history
Hibernate: DELETE FROM opm.audit_batch_history
Hibernate: DELETE FROM opm.new_claim_number_history
Hibernate: DELETE FROM opm.annuitant_list_history
Hibernate: DELETE FROM opm.time_factor_history
Hibernate: DELETE FROM opm.contact_info_history
Hibernate: DELETE FROM opm.interest_suppression_history
Hibernate: DELETE FROM opm.gl_payment_type_history
Hibernate: DELETE FROM opm.scm_first_insert_history
Hibernate: DELETE FROM opm.holiday_history
Hibernate: DELETE FROM opm.deduction_rate_history
Hibernate: DELETE FROM opm.interest_grace_period_history
Hibernate: DELETE FROM opm.gl_code_history
Hibernate: DELETE FROM opm.claim_without_service_history
Hibernate: DELETE FROM opm.payment_transaction_note_history
Hibernate: DELETE FROM opm.payment_move_transaction_history
Hibernate: DELETE FROM opm.interest_rate_history
Hibernate: DELETE FROM opm.payment_interest_detail_history
Hibernate: DELETE FROM opm.adjustment_transaction_history
Hibernate: DELETE FROM opm.invoice_history
Hibernate: DELETE FROM opm.a01_print_suppression_case_history
Hibernate: DELETE FROM opm.user_account_assignment_history
Hibernate: DELETE FROM opm.payment_refund_link_history
Hibernate: DELETE FROM opm.payments_applied_order_code_history
Hibernate: DELETE FROM opm.service_credit_preference_history
Hibernate: DELETE FROM opm.account_confirmation_validation_entry_history
Hibernate: DELETE FROM opm.account_confirmation_validation_history
Hibernate: DELETE FROM opm.payment_reverse_history
Hibernate: DELETE FROM opm.payment_history
Hibernate: DELETE FROM opm.pay_trans_status_code_history
Hibernate: DELETE FROM opm.notification_READBY_history
Hibernate: DELETE FROM opm.refund_transaction_history
Hibernate: DELETE FROM opm.summary_data_history
Hibernate: DELETE FROM opm.dedeposit_history
Hibernate: DELETE FROM opm.redeposit_history
Hibernate: DELETE FROM opm.calculation_result_item_history
Hibernate: DELETE FROM opm.calculation_result_history
Hibernate: DELETE FROM opm.calculation_history
Hibernate: DELETE FROM opm.fers_redeposit_history
Hibernate: DELETE FROM opm.fers_deposit_history
Hibernate: DELETE FROM opm.calculation_version_history
Hibernate: DELETE FROM opm.billing_history
Hibernate: DELETE FROM opm.billing_summary_history
Hibernate: DELETE FROM opm.account_note_history
Hibernate: DELETE FROM opm.address_history
Hibernate: DELETE FROM opm.account_history
Hibernate: DELETE FROM opm.account_holder_history
Hibernate: DELETE FROM opm.error_history
Hibernate: DELETE FROM opm.info_history
Hibernate: DELETE FROM opm.notification_history
Hibernate: DELETE FROM opm.app_user_history
Hibernate: DELETE FROM opm.change_trans_field_number_code
Hibernate: DELETE FROM opm.pay_code
Hibernate: DELETE FROM opm.payment_applied_order
Hibernate: DELETE FROM opm.agency_code
Hibernate: DELETE FROM opm.calculation_status
Hibernate: DELETE FROM opm.transfer_type
Hibernate: DELETE FROM opm.user_status
Hibernate: DELETE FROM opm.claim_officer
Hibernate: DELETE FROM opm.payment_status
Hibernate: DELETE FROM opm.application_designation
Hibernate: DELETE FROM opm.payment_reversal_reason
Hibernate: DELETE FROM opm.pay_type
Hibernate: DELETE FROM opm.appointment_type
Hibernate: DELETE FROM opm.role
Hibernate: DELETE FROM opm.service_type
Hibernate: DELETE FROM opm.retirement_type
Hibernate: DELETE FROM opm.account_status
Hibernate: DELETE FROM opm.country
Hibernate: DELETE FROM opm.state
Hibernate: DELETE FROM opm.period_type
Hibernate: DELETE FROM opm.suffix
Hibernate: DELETE FROM opm.form_type
Hibernate: insert into opm.user_permission (deleted, action, username) values (?, ?, ?)
Hibernate: select userpermis0_.id as id1_78_0_, userpermis0_.deleted as deleted2_78_0_, userpermis0_.action as action3_78_0_, userpermis0_.username as username4_78_0_ from opm.user_permission userpermis0_ where userpermis0_.id=?
Hibernate: update opm.user_permission set deleted=?, action=?, username=? where id=?
Hibernate: delete from opm.user_permission where id=?
Hibernate: select userpermis0_.id as id1_78_0_, userpermis0_.deleted as deleted2_78_0_, userpermis0_.action as action3_78_0_, userpermis0_.username as username4_78_0_ from opm.user_permission userpermis0_ where userpermis0_.id=?
Hibernate: DELETE FROM opm.batch_daily_payments
Hibernate: DELETE FROM opm.audit_batch
Hibernate: DELETE FROM opm.new_claim_number
Hibernate: DELETE FROM opm.annuitant_list
Hibernate: DELETE FROM opm.time_factor
Hibernate: DELETE FROM opm.contact_info
Hibernate: DELETE FROM opm.interest_suppression
Hibernate: DELETE FROM opm.gl_payment_type
Hibernate: DELETE FROM opm.scm_first_insert
Hibernate: DELETE FROM opm.holiday
Hibernate: DELETE FROM opm.deduction_rate
Hibernate: DELETE FROM opm.interest_grace_period
Hibernate: DELETE FROM opm.gl_code
Hibernate: DELETE FROM opm.claim_without_service
Hibernate: DELETE FROM opm.payment_transaction_note
Hibernate: DELETE FROM opm.payment_move_transaction
Hibernate: DELETE FROM opm.interest_rate
Hibernate: DELETE FROM opm.payment_interest_detail
Hibernate: DELETE FROM opm.adjustment_transaction
Hibernate: DELETE FROM opm.invoice
Hibernate: DELETE FROM opm.a01_print_suppression_case
Hibernate: DELETE FROM opm.user_account_assignment
Hibernate: DELETE FROM opm.payment_refund_link
Hibernate: DELETE FROM opm.role_permission
Hibernate: DELETE FROM opm.user_permission
Hibernate: DELETE FROM opm.service_credit_preference
Hibernate: DELETE FROM opm.account_confirmation_validation_entry
Hibernate: DELETE FROM opm.payment_reverse
Hibernate: DELETE FROM opm.payment
Hibernate: DELETE FROM opm.pay_trans_status_code
Hibernate: DELETE FROM opm.payments_applied_order_code
Hibernate: DELETE FROM opm.printout
Hibernate: DELETE FROM opm.related_help_items
Hibernate: DELETE FROM opm.help_item
Hibernate: DELETE FROM opm.notification_READBY
Hibernate: DELETE FROM opm.date_calculation_data
Hibernate: DELETE FROM opm.refund_transaction
Hibernate: DELETE FROM opm.audit_parameter_record
Hibernate: DELETE FROM opm.audit_record
Hibernate: DELETE FROM opm.dedeposit
Hibernate: DELETE FROM opm.redeposit
Hibernate: DELETE FROM opm.calculation_result_item
Hibernate: DELETE FROM opm.calculation
Hibernate: DELETE FROM opm.fers_redeposit
Hibernate: DELETE FROM opm.fers_deposit
Hibernate: DELETE FROM opm.calculation_version
Hibernate: DELETE FROM opm.calculation_result
Hibernate: DELETE FROM opm.summary_data
Hibernate: DELETE FROM opm.billing
Hibernate: DELETE FROM opm.account_note
Hibernate: DELETE FROM opm.account
Hibernate: DELETE FROM opm.account_confirmation_validation
Hibernate: DELETE FROM opm.billing_summary
Hibernate: DELETE FROM opm.account_holder
Hibernate: DELETE FROM opm.address
Hibernate: DELETE FROM opm.error
Hibernate: DELETE FROM opm.info
Hibernate: DELETE FROM opm.notification
Hibernate: DELETE FROM opm.app_user
Hibernate: DELETE FROM opm.batch_daily_payments_history
Hibernate: DELETE FROM opm.audit_batch_history
Hibernate: DELETE FROM opm.new_claim_number_history
Hibernate: DELETE FROM opm.annuitant_list_history
Hibernate: DELETE FROM opm.time_factor_history
Hibernate: DELETE FROM opm.contact_info_history
Hibernate: DELETE FROM opm.interest_suppression_history
Hibernate: DELETE FROM opm.gl_payment_type_history
Hibernate: DELETE FROM opm.scm_first_insert_history
Hibernate: DELETE FROM opm.holiday_history
Hibernate: DELETE FROM opm.deduction_rate_history
Hibernate: DELETE FROM opm.interest_grace_period_history
Hibernate: DELETE FROM opm.gl_code_history
Hibernate: DELETE FROM opm.claim_without_service_history
Hibernate: DELETE FROM opm.payment_transaction_note_history
Hibernate: DELETE FROM opm.payment_move_transaction_history
Hibernate: DELETE FROM opm.interest_rate_history
Hibernate: DELETE FROM opm.payment_interest_detail_history
Hibernate: DELETE FROM opm.adjustment_transaction_history
Hibernate: DELETE FROM opm.invoice_history
Hibernate: DELETE FROM opm.a01_print_suppression_case_history
Hibernate: DELETE FROM opm.user_account_assignment_history
Hibernate: DELETE FROM opm.payment_refund_link_history
Hibernate: DELETE FROM opm.payments_applied_order_code_history
Hibernate: DELETE FROM opm.service_credit_preference_history
Hibernate: DELETE FROM opm.account_confirmation_validation_entry_history
Hibernate: DELETE FROM opm.account_confirmation_validation_history
Hibernate: DELETE FROM opm.payment_reverse_history
Hibernate: DELETE FROM opm.payment_history
Hibernate: DELETE FROM opm.pay_trans_status_code_history
Hibernate: DELETE FROM opm.notification_READBY_history
Hibernate: DELETE FROM opm.refund_transaction_history
Hibernate: DELETE FROM opm.summary_data_history
Hibernate: DELETE FROM opm.dedeposit_history
Hibernate: DELETE FROM opm.redeposit_history
Hibernate: DELETE FROM opm.calculation_result_item_history
Hibernate: DELETE FROM opm.calculation_result_history
Hibernate: DELETE FROM opm.calculation_history
Hibernate: DELETE FROM opm.fers_redeposit_history
Hibernate: DELETE FROM opm.fers_deposit_history
Hibernate: DELETE FROM opm.calculation_version_history
Hibernate: DELETE FROM opm.billing_history
Hibernate: DELETE FROM opm.billing_summary_history
Hibernate: DELETE FROM opm.account_note_history
Hibernate: DELETE FROM opm.address_history
Hibernate: DELETE FROM opm.account_history
Hibernate: DELETE FROM opm.account_holder_history
Hibernate: DELETE FROM opm.error_history
Hibernate: DELETE FROM opm.info_history
Hibernate: DELETE FROM opm.notification_history
Hibernate: DELETE FROM opm.app_user_history
Hibernate: DELETE FROM opm.change_trans_field_number_code
Hibernate: DELETE FROM opm.pay_code
Hibernate: DELETE FROM opm.payment_applied_order
Hibernate: DELETE FROM opm.agency_code
Hibernate: DELETE FROM opm.calculation_status
Hibernate: DELETE FROM opm.transfer_type
Hibernate: DELETE FROM opm.user_status
Hibernate: DELETE FROM opm.claim_officer
Hibernate: DELETE FROM opm.payment_status
Hibernate: DELETE FROM opm.application_designation
Hibernate: DELETE FROM opm.payment_reversal_reason
Hibernate: DELETE FROM opm.pay_type
Hibernate: DELETE FROM opm.appointment_type
Hibernate: DELETE FROM opm.role
Hibernate: DELETE FROM opm.service_type
Hibernate: DELETE FROM opm.retirement_type
Hibernate: DELETE FROM opm.account_status
Hibernate: DELETE FROM opm.country
Hibernate: DELETE FROM opm.state
Hibernate: DELETE FROM opm.period_type
Hibernate: DELETE FROM opm.suffix
Hibernate: DELETE FROM opm.form_type
Hibernate: DELETE FROM opm.batch_daily_payments
Hibernate: DELETE FROM opm.audit_batch
Hibernate: DELETE FROM opm.new_claim_number
Hibernate: DELETE FROM opm.annuitant_list
Hibernate: DELETE FROM opm.time_factor
Hibernate: DELETE FROM opm.contact_info
Hibernate: DELETE FROM opm.interest_suppression
Hibernate: DELETE FROM opm.gl_payment_type
Hibernate: DELETE FROM opm.scm_first_insert
Hibernate: DELETE FROM opm.holiday
Hibernate: DELETE FROM opm.deduction_rate
Hibernate: DELETE FROM opm.interest_grace_period
Hibernate: DELETE FROM opm.gl_code
Hibernate: DELETE FROM opm.claim_without_service
Hibernate: DELETE FROM opm.payment_transaction_note
Hibernate: DELETE FROM opm.payment_move_transaction
Hibernate: DELETE FROM opm.interest_rate
Hibernate: DELETE FROM opm.payment_interest_detail
Hibernate: DELETE FROM opm.adjustment_transaction
Hibernate: DELETE FROM opm.invoice
Hibernate: DELETE FROM opm.a01_print_suppression_case
Hibernate: DELETE FROM opm.user_account_assignment
Hibernate: DELETE FROM opm.payment_refund_link
Hibernate: DELETE FROM opm.role_permission
Hibernate: DELETE FROM opm.user_permission
Hibernate: DELETE FROM opm.service_credit_preference
Hibernate: DELETE FROM opm.account_confirmation_validation_entry
Hibernate: DELETE FROM opm.payment_reverse
Hibernate: DELETE FROM opm.payment
Hibernate: DELETE FROM opm.pay_trans_status_code
Hibernate: DELETE FROM opm.payments_applied_order_code
Hibernate: DELETE FROM opm.printout
Hibernate: DELETE FROM opm.related_help_items
Hibernate: DELETE FROM opm.help_item
Hibernate: DELETE FROM opm.notification_READBY
Hibernate: DELETE FROM opm.date_calculation_data
Hibernate: DELETE FROM opm.refund_transaction
Hibernate: DELETE FROM opm.audit_parameter_record
Hibernate: DELETE FROM opm.audit_record
Hibernate: DELETE FROM opm.dedeposit
Hibernate: DELETE FROM opm.redeposit
Hibernate: DELETE FROM opm.calculation_result_item
Hibernate: DELETE FROM opm.calculation
Hibernate: DELETE FROM opm.fers_redeposit
Hibernate: DELETE FROM opm.fers_deposit
Hibernate: DELETE FROM opm.calculation_version
Hibernate: DELETE FROM opm.calculation_result
Hibernate: DELETE FROM opm.summary_data
Hibernate: DELETE FROM opm.billing
Hibernate: DELETE FROM opm.account_note
Hibernate: DELETE FROM opm.account
Hibernate: DELETE FROM opm.account_confirmation_validation
Hibernate: DELETE FROM opm.billing_summary
Hibernate: DELETE FROM opm.account_holder
Hibernate: DELETE FROM opm.address
Hibernate: DELETE FROM opm.error
Hibernate: DELETE FROM opm.info
Hibernate: DELETE FROM opm.notification
Hibernate: DELETE FROM opm.app_user
Hibernate: DELETE FROM opm.batch_daily_payments_history
Hibernate: DELETE FROM opm.audit_batch_history
Hibernate: DELETE FROM opm.new_claim_number_history
Hibernate: DELETE FROM opm.annuitant_list_history
Hibernate: DELETE FROM opm.time_factor_history
Hibernate: DELETE FROM opm.contact_info_history
Hibernate: DELETE FROM opm.interest_suppression_history
Hibernate: DELETE FROM opm.gl_payment_type_history
Hibernate: DELETE FROM opm.scm_first_insert_history
Hibernate: DELETE FROM opm.holiday_history
Hibernate: DELETE FROM opm.deduction_rate_history
Hibernate: DELETE FROM opm.interest_grace_period_history
Hibernate: DELETE FROM opm.gl_code_history
Hibernate: DELETE FROM opm.claim_without_service_history
Hibernate: DELETE FROM opm.payment_transaction_note_history
Hibernate: DELETE FROM opm.payment_move_transaction_history
Hibernate: DELETE FROM opm.interest_rate_history
Hibernate: DELETE FROM opm.payment_interest_detail_history
Hibernate: DELETE FROM opm.adjustment_transaction_history
Hibernate: DELETE FROM opm.invoice_history
Hibernate: DELETE FROM opm.a01_print_suppression_case_history
Hibernate: DELETE FROM opm.user_account_assignment_history
Hibernate: DELETE FROM opm.payment_refund_link_history
Hibernate: DELETE FROM opm.payments_applied_order_code_history
Hibernate: DELETE FROM opm.service_credit_preference_history
Hibernate: DELETE FROM opm.account_confirmation_validation_entry_history
Hibernate: DELETE FROM opm.account_confirmation_validation_history
Hibernate: DELETE FROM opm.payment_reverse_history
Hibernate: DELETE FROM opm.payment_history
Hibernate: DELETE FROM opm.pay_trans_status_code_history
Hibernate: DELETE FROM opm.notification_READBY_history
Hibernate: DELETE FROM opm.refund_transaction_history
Hibernate: DELETE FROM opm.summary_data_history
Hibernate: DELETE FROM opm.dedeposit_history
Hibernate: DELETE FROM opm.redeposit_history
Hibernate: DELETE FROM opm.calculation_result_item_history
Hibernate: DELETE FROM opm.calculation_result_history
Hibernate: DELETE FROM opm.calculation_history
Hibernate: DELETE FROM opm.fers_redeposit_history
Hibernate: DELETE FROM opm.fers_deposit_history
Hibernate: DELETE FROM opm.calculation_version_history
Hibernate: DELETE FROM opm.billing_history
Hibernate: DELETE FROM opm.billing_summary_history
Hibernate: DELETE FROM opm.account_note_history
Hibernate: DELETE FROM opm.address_history
Hibernate: DELETE FROM opm.account_history
Hibernate: DELETE FROM opm.account_holder_history
Hibernate: DELETE FROM opm.error_history
Hibernate: DELETE FROM opm.info_history
Hibernate: DELETE FROM opm.notification_history
Hibernate: DELETE FROM opm.app_user_history
Hibernate: DELETE FROM opm.change_trans_field_number_code
Hibernate: DELETE FROM opm.pay_code
Hibernate: DELETE FROM opm.payment_applied_order
Hibernate: DELETE FROM opm.agency_code
Hibernate: DELETE FROM opm.calculation_status
Hibernate: DELETE FROM opm.transfer_type
Hibernate: DELETE FROM opm.user_status
Hibernate: DELETE FROM opm.claim_officer
Hibernate: DELETE FROM opm.payment_status
Hibernate: DELETE FROM opm.application_designation
Hibernate: DELETE FROM opm.payment_reversal_reason
Hibernate: DELETE FROM opm.pay_type
Hibernate: DELETE FROM opm.appointment_type
Hibernate: DELETE FROM opm.role
Hibernate: DELETE FROM opm.service_type
Hibernate: DELETE FROM opm.retirement_type
Hibernate: DELETE FROM opm.account_status
Hibernate: DELETE FROM opm.country
Hibernate: DELETE FROM opm.state
Hibernate: DELETE FROM opm.period_type
Hibernate: DELETE FROM opm.suffix
Hibernate: DELETE FROM opm.form_type
Hibernate: insert into opm.role (deleted, name, description) values (?, ?, ?)
Hibernate: insert into opm.user_status (deleted, name) values (?, ?)
Hibernate: insert into opm.app_user (deleted, default_tab, email, first_name, last_name, network_id, role_id, user_status_id, supervisor_id, telephone, username) values (?, ?, ?, ?, ?, ?, ?, ?, ?, ?, ?)
Hibernate: select user0_.id as id1_11_0_, user0_.deleted as deleted2_11_0_, user0_.default_tab as default3_11_0_, user0_.email as email4_11_0_, user0_.first_name as first5_11_0_, user0_.last_name as last6_11_0_, user0_.network_id as network7_11_0_, user0_.role_id as role10_11_0_, user0_.user_status_id as user11_11_0_, user0_.supervisor_id as supervi12_11_0_, user0_.telephone as telephon8_11_0_, user0_.username as username9_11_0_ from opm.app_user user0_ where user0_.id=?
Hibernate: update opm.app_user set deleted=?, default_tab=?, email=?, first_name=?, last_name=?, network_id=?, role_id=?, user_status_id=?, supervisor_id=?, telephone=?, username=? where id=?
Hibernate: delete from opm.app_user where id=?
Hibernate: select user0_.id as id1_11_0_, user0_.deleted as deleted2_11_0_, user0_.default_tab as default3_11_0_, user0_.email as email4_11_0_, user0_.first_name as first5_11_0_, user0_.last_name as last6_11_0_, user0_.network_id as network7_11_0_, user0_.role_id as role10_11_0_, user0_.user_status_id as user11_11_0_, user0_.supervisor_id as supervi12_11_0_, user0_.telephone as telephon8_11_0_, user0_.username as username9_11_0_ from opm.app_user user0_ where user0_.id=?
Hibernate: DELETE FROM opm.batch_daily_payments
Hibernate: DELETE FROM opm.audit_batch
Hibernate: DELETE FROM opm.new_claim_number
Hibernate: DELETE FROM opm.annuitant_list
Hibernate: DELETE FROM opm.time_factor
Hibernate: DELETE FROM opm.contact_info
Hibernate: DELETE FROM opm.interest_suppression
Hibernate: DELETE FROM opm.gl_payment_type
Hibernate: DELETE FROM opm.scm_first_insert
Hibernate: DELETE FROM opm.holiday
Hibernate: DELETE FROM opm.deduction_rate
Hibernate: DELETE FROM opm.interest_grace_period
Hibernate: DELETE FROM opm.gl_code
Hibernate: DELETE FROM opm.claim_without_service
Hibernate: DELETE FROM opm.payment_transaction_note
Hibernate: DELETE FROM opm.payment_move_transaction
Hibernate: DELETE FROM opm.interest_rate
Hibernate: DELETE FROM opm.payment_interest_detail
Hibernate: DELETE FROM opm.adjustment_transaction
Hibernate: DELETE FROM opm.invoice
Hibernate: DELETE FROM opm.a01_print_suppression_case
Hibernate: DELETE FROM opm.user_account_assignment
Hibernate: DELETE FROM opm.payment_refund_link
Hibernate: DELETE FROM opm.role_permission
Hibernate: DELETE FROM opm.user_permission
Hibernate: DELETE FROM opm.service_credit_preference
Hibernate: DELETE FROM opm.account_confirmation_validation_entry
Hibernate: DELETE FROM opm.payment_reverse
Hibernate: DELETE FROM opm.payment
Hibernate: DELETE FROM opm.pay_trans_status_code
Hibernate: DELETE FROM opm.payments_applied_order_code
Hibernate: DELETE FROM opm.printout
Hibernate: DELETE FROM opm.related_help_items
Hibernate: DELETE FROM opm.help_item
Hibernate: DELETE FROM opm.notification_READBY
Hibernate: DELETE FROM opm.date_calculation_data
Hibernate: DELETE FROM opm.refund_transaction
Hibernate: DELETE FROM opm.audit_parameter_record
Hibernate: DELETE FROM opm.audit_record
Hibernate: DELETE FROM opm.dedeposit
Hibernate: DELETE FROM opm.redeposit
Hibernate: DELETE FROM opm.calculation_result_item
Hibernate: DELETE FROM opm.calculation
Hibernate: DELETE FROM opm.fers_redeposit
Hibernate: DELETE FROM opm.fers_deposit
Hibernate: DELETE FROM opm.calculation_version
Hibernate: DELETE FROM opm.calculation_result
Hibernate: DELETE FROM opm.summary_data
Hibernate: DELETE FROM opm.billing
Hibernate: DELETE FROM opm.account_note
Hibernate: DELETE FROM opm.account
Hibernate: DELETE FROM opm.account_confirmation_validation
Hibernate: DELETE FROM opm.billing_summary
Hibernate: DELETE FROM opm.account_holder
Hibernate: DELETE FROM opm.address
Hibernate: DELETE FROM opm.error
Hibernate: DELETE FROM opm.info
Hibernate: DELETE FROM opm.notification
Hibernate: DELETE FROM opm.app_user
Hibernate: DELETE FROM opm.batch_daily_payments_history
Hibernate: DELETE FROM opm.audit_batch_history
Hibernate: DELETE FROM opm.new_claim_number_history
Hibernate: DELETE FROM opm.annuitant_list_history
Hibernate: DELETE FROM opm.time_factor_history
Hibernate: DELETE FROM opm.contact_info_history
Hibernate: DELETE FROM opm.interest_suppression_history
Hibernate: DELETE FROM opm.gl_payment_type_history
Hibernate: DELETE FROM opm.scm_first_insert_history
Hibernate: DELETE FROM opm.holiday_history
Hibernate: DELETE FROM opm.deduction_rate_history
Hibernate: DELETE FROM opm.interest_grace_period_history
Hibernate: DELETE FROM opm.gl_code_history
Hibernate: DELETE FROM opm.claim_without_service_history
Hibernate: DELETE FROM opm.payment_transaction_note_history
Hibernate: DELETE FROM opm.payment_move_transaction_history
Hibernate: DELETE FROM opm.interest_rate_history
Hibernate: DELETE FROM opm.payment_interest_detail_history
Hibernate: DELETE FROM opm.adjustment_transaction_history
Hibernate: DELETE FROM opm.invoice_history
Hibernate: DELETE FROM opm.a01_print_suppression_case_history
Hibernate: DELETE FROM opm.user_account_assignment_history
Hibernate: DELETE FROM opm.payment_refund_link_history
Hibernate: DELETE FROM opm.payments_applied_order_code_history
Hibernate: DELETE FROM opm.service_credit_preference_history
Hibernate: DELETE FROM opm.account_confirmation_validation_entry_history
Hibernate: DELETE FROM opm.account_confirmation_validation_history
Hibernate: DELETE FROM opm.payment_reverse_history
Hibernate: DELETE FROM opm.payment_history
Hibernate: DELETE FROM opm.pay_trans_status_code_history
Hibernate: DELETE FROM opm.notification_READBY_history
Hibernate: DELETE FROM opm.refund_transaction_history
Hibernate: DELETE FROM opm.summary_data_history
Hibernate: DELETE FROM opm.dedeposit_history
Hibernate: DELETE FROM opm.redeposit_history
Hibernate: DELETE FROM opm.calculation_result_item_history
Hibernate: DELETE FROM opm.calculation_result_history
Hibernate: DELETE FROM opm.calculation_history
Hibernate: DELETE FROM opm.fers_redeposit_history
Hibernate: DELETE FROM opm.fers_deposit_history
Hibernate: DELETE FROM opm.calculation_version_history
Hibernate: DELETE FROM opm.billing_history
Hibernate: DELETE FROM opm.billing_summary_history
Hibernate: DELETE FROM opm.account_note_history
Hibernate: DELETE FROM opm.address_history
Hibernate: DELETE FROM opm.account_history
Hibernate: DELETE FROM opm.account_holder_history
Hibernate: DELETE FROM opm.error_history
Hibernate: DELETE FROM opm.info_history
Hibernate: DELETE FROM opm.notification_history
Hibernate: DELETE FROM opm.app_user_history
Hibernate: DELETE FROM opm.change_trans_field_number_code
Hibernate: DELETE FROM opm.pay_code
Hibernate: DELETE FROM opm.payment_applied_order
Hibernate: DELETE FROM opm.agency_code
Hibernate: DELETE FROM opm.calculation_status
Hibernate: DELETE FROM opm.transfer_type
Hibernate: DELETE FROM opm.user_status
Hibernate: DELETE FROM opm.claim_officer
Hibernate: DELETE FROM opm.payment_status
Hibernate: DELETE FROM opm.application_designation
Hibernate: DELETE FROM opm.payment_reversal_reason
Hibernate: DELETE FROM opm.pay_type
Hibernate: DELETE FROM opm.appointment_type
Hibernate: DELETE FROM opm.role
Hibernate: DELETE FROM opm.service_type
Hibernate: DELETE FROM opm.retirement_type
Hibernate: DELETE FROM opm.account_status
Hibernate: DELETE FROM opm.country
Hibernate: DELETE FROM opm.state
Hibernate: DELETE FROM opm.period_type
Hibernate: DELETE FROM opm.suffix
Hibernate: DELETE FROM opm.form_type
Hibernate: DELETE FROM opm.batch_daily_payments
Hibernate: DELETE FROM opm.audit_batch
Hibernate: DELETE FROM opm.new_claim_number
Hibernate: DELETE FROM opm.annuitant_list
Hibernate: DELETE FROM opm.time_factor
Hibernate: DELETE FROM opm.contact_info
Hibernate: DELETE FROM opm.interest_suppression
Hibernate: DELETE FROM opm.gl_payment_type
Hibernate: DELETE FROM opm.scm_first_insert
Hibernate: DELETE FROM opm.holiday
Hibernate: DELETE FROM opm.deduction_rate
Hibernate: DELETE FROM opm.interest_grace_period
Hibernate: DELETE FROM opm.gl_code
Hibernate: DELETE FROM opm.claim_without_service
Hibernate: DELETE FROM opm.payment_transaction_note
Hibernate: DELETE FROM opm.payment_move_transaction
Hibernate: DELETE FROM opm.interest_rate
Hibernate: DELETE FROM opm.payment_interest_detail
Hibernate: DELETE FROM opm.adjustment_transaction
Hibernate: DELETE FROM opm.invoice
Hibernate: DELETE FROM opm.a01_print_suppression_case
Hibernate: DELETE FROM opm.user_account_assignment
Hibernate: DELETE FROM opm.payment_refund_link
Hibernate: DELETE FROM opm.role_permission
Hibernate: DELETE FROM opm.user_permission
Hibernate: DELETE FROM opm.service_credit_preference
Hibernate: DELETE FROM opm.account_confirmation_validation_entry
Hibernate: DELETE FROM opm.payment_reverse
Hibernate: DELETE FROM opm.payment
Hibernate: DELETE FROM opm.pay_trans_status_code
Hibernate: DELETE FROM opm.payments_applied_order_code
Hibernate: DELETE FROM opm.printout
Hibernate: DELETE FROM opm.related_help_items
Hibernate: DELETE FROM opm.help_item
Hibernate: DELETE FROM opm.notification_READBY
Hibernate: DELETE FROM opm.date_calculation_data
Hibernate: DELETE FROM opm.refund_transaction
Hibernate: DELETE FROM opm.audit_parameter_record
Hibernate: DELETE FROM opm.audit_record
Hibernate: DELETE FROM opm.dedeposit
Hibernate: DELETE FROM opm.redeposit
Hibernate: DELETE FROM opm.calculation_result_item
Hibernate: DELETE FROM opm.calculation
Hibernate: DELETE FROM opm.fers_redeposit
Hibernate: DELETE FROM opm.fers_deposit
Hibernate: DELETE FROM opm.calculation_version
Hibernate: DELETE FROM opm.calculation_result
Hibernate: DELETE FROM opm.summary_data
Hibernate: DELETE FROM opm.billing
Hibernate: DELETE FROM opm.account_note
Hibernate: DELETE FROM opm.account
Hibernate: DELETE FROM opm.account_confirmation_validation
Hibernate: DELETE FROM opm.billing_summary
Hibernate: DELETE FROM opm.account_holder
Hibernate: DELETE FROM opm.address
Hibernate: DELETE FROM opm.error
Hibernate: DELETE FROM opm.info
Hibernate: DELETE FROM opm.notification
Hibernate: DELETE FROM opm.app_user
Hibernate: DELETE FROM opm.batch_daily_payments_history
Hibernate: DELETE FROM opm.audit_batch_history
Hibernate: DELETE FROM opm.new_claim_number_history
Hibernate: DELETE FROM opm.annuitant_list_history
Hibernate: DELETE FROM opm.time_factor_history
Hibernate: DELETE FROM opm.contact_info_history
Hibernate: DELETE FROM opm.interest_suppression_history
Hibernate: DELETE FROM opm.gl_payment_type_history
Hibernate: DELETE FROM opm.scm_first_insert_history
Hibernate: DELETE FROM opm.holiday_history
Hibernate: DELETE FROM opm.deduction_rate_history
Hibernate: DELETE FROM opm.interest_grace_period_history
Hibernate: DELETE FROM opm.gl_code_history
Hibernate: DELETE FROM opm.claim_without_service_history
Hibernate: DELETE FROM opm.payment_transaction_note_history
Hibernate: DELETE FROM opm.payment_move_transaction_history
Hibernate: DELETE FROM opm.interest_rate_history
Hibernate: DELETE FROM opm.payment_interest_detail_history
Hibernate: DELETE FROM opm.adjustment_transaction_history
Hibernate: DELETE FROM opm.invoice_history
Hibernate: DELETE FROM opm.a01_print_suppression_case_history
Hibernate: DELETE FROM opm.user_account_assignment_history
Hibernate: DELETE FROM opm.payment_refund_link_history
Hibernate: DELETE FROM opm.payments_applied_order_code_history
Hibernate: DELETE FROM opm.service_credit_preference_history
Hibernate: DELETE FROM opm.account_confirmation_validation_entry_history
Hibernate: DELETE FROM opm.account_confirmation_validation_history
Hibernate: DELETE FROM opm.payment_reverse_history
Hibernate: DELETE FROM opm.payment_history
Hibernate: DELETE FROM opm.pay_trans_status_code_history
Hibernate: DELETE FROM opm.notification_READBY_history
Hibernate: DELETE FROM opm.refund_transaction_history
Hibernate: DELETE FROM opm.summary_data_history
Hibernate: DELETE FROM opm.dedeposit_history
Hibernate: DELETE FROM opm.redeposit_history
Hibernate: DELETE FROM opm.calculation_result_item_history
Hibernate: DELETE FROM opm.calculation_result_history
Hibernate: DELETE FROM opm.calculation_history
Hibernate: DELETE FROM opm.fers_redeposit_history
Hibernate: DELETE FROM opm.fers_deposit_history
Hibernate: DELETE FROM opm.calculation_version_history
Hibernate: DELETE FROM opm.billing_history
Hibernate: DELETE FROM opm.billing_summary_history
Hibernate: DELETE FROM opm.account_note_history
Hibernate: DELETE FROM opm.address_history
Hibernate: DELETE FROM opm.account_history
Hibernate: DELETE FROM opm.account_holder_history
Hibernate: DELETE FROM opm.error_history
Hibernate: DELETE FROM opm.info_history
Hibernate: DELETE FROM opm.notification_history
Hibernate: DELETE FROM opm.app_user_history
Hibernate: DELETE FROM opm.change_trans_field_number_code
Hibernate: DELETE FROM opm.pay_code
Hibernate: DELETE FROM opm.payment_applied_order
Hibernate: DELETE FROM opm.agency_code
Hibernate: DELETE FROM opm.calculation_status
Hibernate: DELETE FROM opm.transfer_type
Hibernate: DELETE FROM opm.user_status
Hibernate: DELETE FROM opm.claim_officer
Hibernate: DELETE FROM opm.payment_status
Hibernate: DELETE FROM opm.application_designation
Hibernate: DELETE FROM opm.payment_reversal_reason
Hibernate: DELETE FROM opm.pay_type
Hibernate: DELETE FROM opm.appointment_type
Hibernate: DELETE FROM opm.role
Hibernate: DELETE FROM opm.service_type
Hibernate: DELETE FROM opm.retirement_type
Hibernate: DELETE FROM opm.account_status
Hibernate: DELETE FROM opm.country
Hibernate: DELETE FROM opm.state
Hibernate: DELETE FROM opm.period_type
Hibernate: DELETE FROM opm.suffix
Hibernate: DELETE FROM opm.form_type
Hibernate: insert into opm.account_status (deleted, name, display_order, status_category) values (?, ?, ?, ?)
Hibernate: insert into opm.batch_daily_payments (deleted, account_balance, account_status_id, ach_payment, ach_stop_letter, audit_batch_log_id, batch_time, claim_number, error_processing, latest_batch, number_payment_today, over_payment_amount, pay_trans_status_code, pay_transaction_key, print_initial_bill, print_invoice, refund_required, reversed_payment, update_to_completed) values (?, ?, ?, ?, ?, ?, ?, ?, ?, ?, ?, ?, ?, ?, ?, ?, ?, ?, ?)
Hibernate: SELECT COUNT(*) FROM opm.batch_daily_payments_history WHERE id=? AND action=?
Hibernate: select batchdaily0_.id as id1_17_0_, batchdaily0_.deleted as deleted2_17_0_, batchdaily0_.account_balance as account3_17_0_, batchdaily0_.account_status_id as account20_17_0_, batchdaily0_.ach_payment as ach4_17_0_, batchdaily0_.ach_stop_letter as ach5_17_0_, batchdaily0_.audit_batch_log_id as audit6_17_0_, batchdaily0_.batch_time as batch7_17_0_, batchdaily0_.claim_number as claim8_17_0_, batchdaily0_.error_processing as error9_17_0_, batchdaily0_.latest_batch as latest10_17_0_, batchdaily0_.number_payment_today as number11_17_0_, batchdaily0_.over_payment_amount as over12_17_0_, batchdaily0_.pay_trans_status_code as pay13_17_0_, batchdaily0_.pay_transaction_key as pay14_17_0_, batchdaily0_.print_initial_bill as print15_17_0_, batchdaily0_.print_invoice as print16_17_0_, batchdaily0_.refund_required as refund17_17_0_, batchdaily0_.reversed_payment as reverse18_17_0_, batchdaily0_.update_to_completed as update19_17_0_ from opm.batch_daily_payments batchdaily0_ where batchdaily0_.id=?
Hibernate: update opm.batch_daily_payments set deleted=?, account_balance=?, account_status_id=?, ach_payment=?, ach_stop_letter=?, audit_batch_log_id=?, batch_time=?, claim_number=?, error_processing=?, latest_batch=?, number_payment_today=?, over_payment_amount=?, pay_trans_status_code=?, pay_transaction_key=?, print_initial_bill=?, print_invoice=?, refund_required=?, reversed_payment=?, update_to_completed=? where id=?
Hibernate: SELECT COUNT(*) FROM opm.batch_daily_payments_history WHERE id=? AND action=?
Hibernate: delete from opm.batch_daily_payments where id=?
Hibernate: select batchdaily0_.id as id1_17_0_, batchdaily0_.deleted as deleted2_17_0_, batchdaily0_.account_balance as account3_17_0_, batchdaily0_.account_status_id as account20_17_0_, batchdaily0_.ach_payment as ach4_17_0_, batchdaily0_.ach_stop_letter as ach5_17_0_, batchdaily0_.audit_batch_log_id as audit6_17_0_, batchdaily0_.batch_time as batch7_17_0_, batchdaily0_.claim_number as claim8_17_0_, batchdaily0_.error_processing as error9_17_0_, batchdaily0_.latest_batch as latest10_17_0_, batchdaily0_.number_payment_today as number11_17_0_, batchdaily0_.over_payment_amount as over12_17_0_, batchdaily0_.pay_trans_status_code as pay13_17_0_, batchdaily0_.pay_transaction_key as pay14_17_0_, batchdaily0_.print_initial_bill as print15_17_0_, batchdaily0_.print_invoice as print16_17_0_, batchdaily0_.refund_required as refund17_17_0_, batchdaily0_.reversed_payment as reverse18_17_0_, batchdaily0_.update_to_completed as update19_17_0_ from opm.batch_daily_payments batchdaily0_ where batchdaily0_.id=?
Hibernate: SELECT COUNT(*) FROM opm.batch_daily_payments_history WHERE id=? AND action=?
Hibernate: DELETE FROM opm.batch_daily_payments
Hibernate: DELETE FROM opm.audit_batch
Hibernate: DELETE FROM opm.new_claim_number
Hibernate: DELETE FROM opm.annuitant_list
Hibernate: DELETE FROM opm.time_factor
Hibernate: DELETE FROM opm.contact_info
Hibernate: DELETE FROM opm.interest_suppression
Hibernate: DELETE FROM opm.gl_payment_type
Hibernate: DELETE FROM opm.scm_first_insert
Hibernate: DELETE FROM opm.holiday
Hibernate: DELETE FROM opm.deduction_rate
Hibernate: DELETE FROM opm.interest_grace_period
Hibernate: DELETE FROM opm.gl_code
Hibernate: DELETE FROM opm.claim_without_service
Hibernate: DELETE FROM opm.payment_transaction_note
Hibernate: DELETE FROM opm.payment_move_transaction
Hibernate: DELETE FROM opm.interest_rate
Hibernate: DELETE FROM opm.payment_interest_detail
Hibernate: DELETE FROM opm.adjustment_transaction
Hibernate: DELETE FROM opm.invoice
Hibernate: DELETE FROM opm.a01_print_suppression_case
Hibernate: DELETE FROM opm.user_account_assignment
Hibernate: DELETE FROM opm.payment_refund_link
Hibernate: DELETE FROM opm.role_permission
Hibernate: DELETE FROM opm.user_permission
Hibernate: DELETE FROM opm.service_credit_preference
Hibernate: DELETE FROM opm.account_confirmation_validation_entry
Hibernate: DELETE FROM opm.payment_reverse
Hibernate: DELETE FROM opm.payment
Hibernate: DELETE FROM opm.pay_trans_status_code
Hibernate: DELETE FROM opm.payments_applied_order_code
Hibernate: DELETE FROM opm.printout
Hibernate: DELETE FROM opm.related_help_items
Hibernate: DELETE FROM opm.help_item
Hibernate: DELETE FROM opm.notification_READBY
Hibernate: DELETE FROM opm.date_calculation_data
Hibernate: DELETE FROM opm.refund_transaction
Hibernate: DELETE FROM opm.audit_parameter_record
Hibernate: DELETE FROM opm.audit_record
Hibernate: DELETE FROM opm.dedeposit
Hibernate: DELETE FROM opm.redeposit
Hibernate: DELETE FROM opm.calculation_result_item
Hibernate: DELETE FROM opm.calculation
Hibernate: DELETE FROM opm.fers_redeposit
Hibernate: DELETE FROM opm.fers_deposit
Hibernate: DELETE FROM opm.calculation_version
Hibernate: DELETE FROM opm.calculation_result
Hibernate: DELETE FROM opm.summary_data
Hibernate: DELETE FROM opm.billing
Hibernate: DELETE FROM opm.account_note
Hibernate: DELETE FROM opm.account
Hibernate: DELETE FROM opm.account_confirmation_validation
Hibernate: DELETE FROM opm.billing_summary
Hibernate: DELETE FROM opm.account_holder
Hibernate: DELETE FROM opm.address
Hibernate: DELETE FROM opm.error
Hibernate: DELETE FROM opm.info
Hibernate: DELETE FROM opm.notification
Hibernate: DELETE FROM opm.app_user
Hibernate: DELETE FROM opm.batch_daily_payments_history
Hibernate: DELETE FROM opm.audit_batch_history
Hibernate: DELETE FROM opm.new_claim_number_history
Hibernate: DELETE FROM opm.annuitant_list_history
Hibernate: DELETE FROM opm.time_factor_history
Hibernate: DELETE FROM opm.contact_info_history
Hibernate: DELETE FROM opm.interest_suppression_history
Hibernate: DELETE FROM opm.gl_payment_type_history
Hibernate: DELETE FROM opm.scm_first_insert_history
Hibernate: DELETE FROM opm.holiday_history
Hibernate: DELETE FROM opm.deduction_rate_history
Hibernate: DELETE FROM opm.interest_grace_period_history
Hibernate: DELETE FROM opm.gl_code_history
Hibernate: DELETE FROM opm.claim_without_service_history
Hibernate: DELETE FROM opm.payment_transaction_note_history
Hibernate: DELETE FROM opm.payment_move_transaction_history
Hibernate: DELETE FROM opm.interest_rate_history
Hibernate: DELETE FROM opm.payment_interest_detail_history
Hibernate: DELETE FROM opm.adjustment_transaction_history
Hibernate: DELETE FROM opm.invoice_history
Hibernate: DELETE FROM opm.a01_print_suppression_case_history
Hibernate: DELETE FROM opm.user_account_assignment_history
Hibernate: DELETE FROM opm.payment_refund_link_history
Hibernate: DELETE FROM opm.payments_applied_order_code_history
Hibernate: DELETE FROM opm.service_credit_preference_history
Hibernate: DELETE FROM opm.account_confirmation_validation_entry_history
Hibernate: DELETE FROM opm.account_confirmation_validation_history
Hibernate: DELETE FROM opm.payment_reverse_history
Hibernate: DELETE FROM opm.payment_history
Hibernate: DELETE FROM opm.pay_trans_status_code_history
Hibernate: DELETE FROM opm.notification_READBY_history
Hibernate: DELETE FROM opm.refund_transaction_history
Hibernate: DELETE FROM opm.summary_data_history
Hibernate: DELETE FROM opm.dedeposit_history
Hibernate: DELETE FROM opm.redeposit_history
Hibernate: DELETE FROM opm.calculation_result_item_history
Hibernate: DELETE FROM opm.calculation_result_history
Hibernate: DELETE FROM opm.calculation_history
Hibernate: DELETE FROM opm.fers_redeposit_history
Hibernate: DELETE FROM opm.fers_deposit_history
Hibernate: DELETE FROM opm.calculation_version_history
Hibernate: DELETE FROM opm.billing_history
Hibernate: DELETE FROM opm.billing_summary_history
Hibernate: DELETE FROM opm.account_note_history
Hibernate: DELETE FROM opm.address_history
Hibernate: DELETE FROM opm.account_history
Hibernate: DELETE FROM opm.account_holder_history
Hibernate: DELETE FROM opm.error_history
Hibernate: DELETE FROM opm.info_history
Hibernate: DELETE FROM opm.notification_history
Hibernate: DELETE FROM opm.app_user_history
Hibernate: DELETE FROM opm.change_trans_field_number_code
Hibernate: DELETE FROM opm.pay_code
Hibernate: DELETE FROM opm.payment_applied_order
Hibernate: DELETE FROM opm.agency_code
Hibernate: DELETE FROM opm.calculation_status
Hibernate: DELETE FROM opm.transfer_type
Hibernate: DELETE FROM opm.user_status
Hibernate: DELETE FROM opm.claim_officer
Hibernate: DELETE FROM opm.payment_status
Hibernate: DELETE FROM opm.application_designation
Hibernate: DELETE FROM opm.payment_reversal_reason
Hibernate: DELETE FROM opm.pay_type
Hibernate: DELETE FROM opm.appointment_type
Hibernate: DELETE FROM opm.role
Hibernate: DELETE FROM opm.service_type
Hibernate: DELETE FROM opm.retirement_type
Hibernate: DELETE FROM opm.account_status
Hibernate: DELETE FROM opm.country
Hibernate: DELETE FROM opm.state
Hibernate: DELETE FROM opm.period_type
Hibernate: DELETE FROM opm.suffix
Hibernate: DELETE FROM opm.form_type
Hibernate: DELETE FROM opm.batch_daily_payments
Hibernate: DELETE FROM opm.audit_batch
Hibernate: DELETE FROM opm.new_claim_number
Hibernate: DELETE FROM opm.annuitant_list
Hibernate: DELETE FROM opm.time_factor
Hibernate: DELETE FROM opm.contact_info
Hibernate: DELETE FROM opm.interest_suppression
Hibernate: DELETE FROM opm.gl_payment_type
Hibernate: DELETE FROM opm.scm_first_insert
Hibernate: DELETE FROM opm.holiday
Hibernate: DELETE FROM opm.deduction_rate
Hibernate: DELETE FROM opm.interest_grace_period
Hibernate: DELETE FROM opm.gl_code
Hibernate: DELETE FROM opm.claim_without_service
Hibernate: DELETE FROM opm.payment_transaction_note
Hibernate: DELETE FROM opm.payment_move_transaction
Hibernate: DELETE FROM opm.interest_rate
Hibernate: DELETE FROM opm.payment_interest_detail
Hibernate: DELETE FROM opm.adjustment_transaction
Hibernate: DELETE FROM opm.invoice
Hibernate: DELETE FROM opm.a01_print_suppression_case
Hibernate: DELETE FROM opm.user_account_assignment
Hibernate: DELETE FROM opm.payment_refund_link
Hibernate: DELETE FROM opm.role_permission
Hibernate: DELETE FROM opm.user_permission
Hibernate: DELETE FROM opm.service_credit_preference
Hibernate: DELETE FROM opm.account_confirmation_validation_entry
Hibernate: DELETE FROM opm.payment_reverse
Hibernate: DELETE FROM opm.payment
Hibernate: DELETE FROM opm.pay_trans_status_code
Hibernate: DELETE FROM opm.payments_applied_order_code
Hibernate: DELETE FROM opm.printout
Hibernate: DELETE FROM opm.related_help_items
Hibernate: DELETE FROM opm.help_item
Hibernate: DELETE FROM opm.notification_READBY
Hibernate: DELETE FROM opm.date_calculation_data
Hibernate: DELETE FROM opm.refund_transaction
Hibernate: DELETE FROM opm.audit_parameter_record
Hibernate: DELETE FROM opm.audit_record
Hibernate: DELETE FROM opm.dedeposit
Hibernate: DELETE FROM opm.redeposit
Hibernate: DELETE FROM opm.calculation_result_item
Hibernate: DELETE FROM opm.calculation
Hibernate: DELETE FROM opm.fers_redeposit
Hibernate: DELETE FROM opm.fers_deposit
Hibernate: DELETE FROM opm.calculation_version
Hibernate: DELETE FROM opm.calculation_result
Hibernate: DELETE FROM opm.summary_data
Hibernate: DELETE FROM opm.billing
Hibernate: DELETE FROM opm.account_note
Hibernate: DELETE FROM opm.account
Hibernate: DELETE FROM opm.account_confirmation_validation
Hibernate: DELETE FROM opm.billing_summary
Hibernate: DELETE FROM opm.account_holder
Hibernate: DELETE FROM opm.address
Hibernate: DELETE FROM opm.error
Hibernate: DELETE FROM opm.info
Hibernate: DELETE FROM opm.notification
Hibernate: DELETE FROM opm.app_user
Hibernate: DELETE FROM opm.batch_daily_payments_history
Hibernate: DELETE FROM opm.audit_batch_history
Hibernate: DELETE FROM opm.new_claim_number_history
Hibernate: DELETE FROM opm.annuitant_list_history
Hibernate: DELETE FROM opm.time_factor_history
Hibernate: DELETE FROM opm.contact_info_history
Hibernate: DELETE FROM opm.interest_suppression_history
Hibernate: DELETE FROM opm.gl_payment_type_history
Hibernate: DELETE FROM opm.scm_first_insert_history
Hibernate: DELETE FROM opm.holiday_history
Hibernate: DELETE FROM opm.deduction_rate_history
Hibernate: DELETE FROM opm.interest_grace_period_history
Hibernate: DELETE FROM opm.gl_code_history
Hibernate: DELETE FROM opm.claim_without_service_history
Hibernate: DELETE FROM opm.payment_transaction_note_history
Hibernate: DELETE FROM opm.payment_move_transaction_history
Hibernate: DELETE FROM opm.interest_rate_history
Hibernate: DELETE FROM opm.payment_interest_detail_history
Hibernate: DELETE FROM opm.adjustment_transaction_history
Hibernate: DELETE FROM opm.invoice_history
Hibernate: DELETE FROM opm.a01_print_suppression_case_history
Hibernate: DELETE FROM opm.user_account_assignment_history
Hibernate: DELETE FROM opm.payment_refund_link_history
Hibernate: DELETE FROM opm.payments_applied_order_code_history
Hibernate: DELETE FROM opm.service_credit_preference_history
Hibernate: DELETE FROM opm.account_confirmation_validation_entry_history
Hibernate: DELETE FROM opm.account_confirmation_validation_history
Hibernate: DELETE FROM opm.payment_reverse_history
Hibernate: DELETE FROM opm.payment_history
Hibernate: DELETE FROM opm.pay_trans_status_code_history
Hibernate: DELETE FROM opm.notification_READBY_history
Hibernate: DELETE FROM opm.refund_transaction_history
Hibernate: DELETE FROM opm.summary_data_history
Hibernate: DELETE FROM opm.dedeposit_history
Hibernate: DELETE FROM opm.redeposit_history
Hibernate: DELETE FROM opm.calculation_result_item_history
Hibernate: DELETE FROM opm.calculation_result_history
Hibernate: DELETE FROM opm.calculation_history
Hibernate: DELETE FROM opm.fers_redeposit_history
Hibernate: DELETE FROM opm.fers_deposit_history
Hibernate: DELETE FROM opm.calculation_version_history
Hibernate: DELETE FROM opm.billing_history
Hibernate: DELETE FROM opm.billing_summary_history
Hibernate: DELETE FROM opm.account_note_history
Hibernate: DELETE FROM opm.address_history
Hibernate: DELETE FROM opm.account_history
Hibernate: DELETE FROM opm.account_holder_history
Hibernate: DELETE FROM opm.error_history
Hibernate: DELETE FROM opm.info_history
Hibernate: DELETE FROM opm.notification_history
Hibernate: DELETE FROM opm.app_user_history
Hibernate: DELETE FROM opm.change_trans_field_number_code
Hibernate: DELETE FROM opm.pay_code
Hibernate: DELETE FROM opm.payment_applied_order
Hibernate: DELETE FROM opm.agency_code
Hibernate: DELETE FROM opm.calculation_status
Hibernate: DELETE FROM opm.transfer_type
Hibernate: DELETE FROM opm.user_status
Hibernate: DELETE FROM opm.claim_officer
Hibernate: DELETE FROM opm.payment_status
Hibernate: DELETE FROM opm.application_designation
Hibernate: DELETE FROM opm.payment_reversal_reason
Hibernate: DELETE FROM opm.pay_type
Hibernate: DELETE FROM opm.appointment_type
Hibernate: DELETE FROM opm.role
Hibernate: DELETE FROM opm.service_type
Hibernate: DELETE FROM opm.retirement_type
Hibernate: DELETE FROM opm.account_status
Hibernate: DELETE FROM opm.country
Hibernate: DELETE FROM opm.state
Hibernate: DELETE FROM opm.period_type
Hibernate: DELETE FROM opm.suffix
Hibernate: DELETE FROM opm.form_type
Hibernate: insert into opm.audit_batch (deleted, ach_stop_letters, amount_imported, amount_processed, batch_time, daily_action, error_count_processing, error_importing, error_processing, event_day, event_month, event_year, file_received, initial_bills_processed, latest_batch, manual_batch, number_accepted, number_ach_accepted, number_ach_suspended, number_ach_unresolved, number_change_requests, number_suspended, number_unresolved, payments_processed, refund_memos, reversed_processed, user_key) values (?, ?, ?, ?, ?, ?, ?, ?, ?, ?, ?, ?, ?, ?, ?, ?, ?, ?, ?, ?, ?, ?, ?, ?, ?, ?, ?)
Hibernate: SELECT COUNT(*) FROM opm.audit_batch_history WHERE id=? AND action=?
Hibernate: select auditbatch0_.id as id1_14_0_, auditbatch0_.deleted as deleted2_14_0_, auditbatch0_.ach_stop_letters as ach3_14_0_, auditbatch0_.amount_imported as amount4_14_0_, auditbatch0_.amount_processed as amount5_14_0_, auditbatch0_.batch_time as batch6_14_0_, auditbatch0_.daily_action as daily7_14_0_, auditbatch0_.error_count_processing as error8_14_0_, auditbatch0_.error_importing as error9_14_0_, auditbatch0_.error_processing as error10_14_0_, auditbatch0_.event_day as event11_14_0_, auditbatch0_.event_month as event12_14_0_, auditbatch0_.event_year as event13_14_0_, auditbatch0_.file_received as file14_14_0_, auditbatch0_.initial_bills_processed as initial15_14_0_, auditbatch0_.latest_batch as latest16_14_0_, auditbatch0_.manual_batch as manual17_14_0_, auditbatch0_.number_accepted as number18_14_0_, auditbatch0_.number_ach_accepted as number19_14_0_, auditbatch0_.number_ach_suspended as number20_14_0_, auditbatch0_.number_ach_unresolved as number21_14_0_, auditbatch0_.number_change_requests as number22_14_0_, auditbatch0_.number_suspended as number23_14_0_, auditbatch0_.number_unresolved as number24_14_0_, auditbatch0_.payments_processed as payment25_14_0_, auditbatch0_.refund_memos as refund26_14_0_, auditbatch0_.reversed_processed as reverse27_14_0_, auditbatch0_.user_key as user28_14_0_ from opm.audit_batch auditbatch0_ where auditbatch0_.id=?
Hibernate: update opm.audit_batch set deleted=?, ach_stop_letters=?, amount_imported=?, amount_processed=?, batch_time=?, daily_action=?, error_count_processing=?, error_importing=?, error_processing=?, event_day=?, event_month=?, event_year=?, file_received=?, initial_bills_processed=?, latest_batch=?, manual_batch=?, number_accepted=?, number_ach_accepted=?, number_ach_suspended=?, number_ach_unresolved=?, number_change_requests=?, number_suspended=?, number_unresolved=?, payments_processed=?, refund_memos=?, reversed_processed=?, user_key=? where id=?
Hibernate: SELECT COUNT(*) FROM opm.audit_batch_history WHERE id=? AND action=?
Hibernate: delete from opm.audit_batch where id=?
Hibernate: select auditbatch0_.id as id1_14_0_, auditbatch0_.deleted as deleted2_14_0_, auditbatch0_.ach_stop_letters as ach3_14_0_, auditbatch0_.amount_imported as amount4_14_0_, auditbatch0_.amount_processed as amount5_14_0_, auditbatch0_.batch_time as batch6_14_0_, auditbatch0_.daily_action as daily7_14_0_, auditbatch0_.error_count_processing as error8_14_0_, auditbatch0_.error_importing as error9_14_0_, auditbatch0_.error_processing as error10_14_0_, auditbatch0_.event_day as event11_14_0_, auditbatch0_.event_month as event12_14_0_, auditbatch0_.event_year as event13_14_0_, auditbatch0_.file_received as file14_14_0_, auditbatch0_.initial_bills_processed as initial15_14_0_, auditbatch0_.latest_batch as latest16_14_0_, auditbatch0_.manual_batch as manual17_14_0_, auditbatch0_.number_accepted as number18_14_0_, auditbatch0_.number_ach_accepted as number19_14_0_, auditbatch0_.number_ach_suspended as number20_14_0_, auditbatch0_.number_ach_unresolved as number21_14_0_, auditbatch0_.number_change_requests as number22_14_0_, auditbatch0_.number_suspended as number23_14_0_, auditbatch0_.number_unresolved as number24_14_0_, auditbatch0_.payments_processed as payment25_14_0_, auditbatch0_.refund_memos as refund26_14_0_, auditbatch0_.reversed_processed as reverse27_14_0_, auditbatch0_.user_key as user28_14_0_ from opm.audit_batch auditbatch0_ where auditbatch0_.id=?
Hibernate: SELECT COUNT(*) FROM opm.audit_batch_history WHERE id=? AND action=?
Hibernate: DELETE FROM opm.batch_daily_payments
Hibernate: DELETE FROM opm.audit_batch
Hibernate: DELETE FROM opm.new_claim_number
Hibernate: DELETE FROM opm.annuitant_list
Hibernate: DELETE FROM opm.time_factor
Hibernate: DELETE FROM opm.contact_info
Hibernate: DELETE FROM opm.interest_suppression
Hibernate: DELETE FROM opm.gl_payment_type
Hibernate: DELETE FROM opm.scm_first_insert
Hibernate: DELETE FROM opm.holiday
Hibernate: DELETE FROM opm.deduction_rate
Hibernate: DELETE FROM opm.interest_grace_period
Hibernate: DELETE FROM opm.gl_code
Hibernate: DELETE FROM opm.claim_without_service
Hibernate: DELETE FROM opm.payment_transaction_note
Hibernate: DELETE FROM opm.payment_move_transaction
Hibernate: DELETE FROM opm.interest_rate
Hibernate: DELETE FROM opm.payment_interest_detail
Hibernate: DELETE FROM opm.adjustment_transaction
Hibernate: DELETE FROM opm.invoice
Hibernate: DELETE FROM opm.a01_print_suppression_case
Hibernate: DELETE FROM opm.user_account_assignment
Hibernate: DELETE FROM opm.payment_refund_link
Hibernate: DELETE FROM opm.role_permission
Hibernate: DELETE FROM opm.user_permission
Hibernate: DELETE FROM opm.service_credit_preference
Hibernate: DELETE FROM opm.account_confirmation_validation_entry
Hibernate: DELETE FROM opm.payment_reverse
Hibernate: DELETE FROM opm.payment
Hibernate: DELETE FROM opm.pay_trans_status_code
Hibernate: DELETE FROM opm.payments_applied_order_code
Hibernate: DELETE FROM opm.printout
Hibernate: DELETE FROM opm.related_help_items
Hibernate: DELETE FROM opm.help_item
Hibernate: DELETE FROM opm.notification_READBY
Hibernate: DELETE FROM opm.date_calculation_data
Hibernate: DELETE FROM opm.refund_transaction
Hibernate: DELETE FROM opm.audit_parameter_record
Hibernate: DELETE FROM opm.audit_record
Hibernate: DELETE FROM opm.dedeposit
Hibernate: DELETE FROM opm.redeposit
Hibernate: DELETE FROM opm.calculation_result_item
Hibernate: DELETE FROM opm.calculation
Hibernate: DELETE FROM opm.fers_redeposit
Hibernate: DELETE FROM opm.fers_deposit
Hibernate: DELETE FROM opm.calculation_version
Hibernate: DELETE FROM opm.calculation_result
Hibernate: DELETE FROM opm.summary_data
Hibernate: DELETE FROM opm.billing
Hibernate: DELETE FROM opm.account_note
Hibernate: DELETE FROM opm.account
Hibernate: DELETE FROM opm.account_confirmation_validation
Hibernate: DELETE FROM opm.billing_summary
Hibernate: DELETE FROM opm.account_holder
Hibernate: DELETE FROM opm.address
Hibernate: DELETE FROM opm.error
Hibernate: DELETE FROM opm.info
Hibernate: DELETE FROM opm.notification
Hibernate: DELETE FROM opm.app_user
Hibernate: DELETE FROM opm.batch_daily_payments_history
Hibernate: DELETE FROM opm.audit_batch_history
Hibernate: DELETE FROM opm.new_claim_number_history
Hibernate: DELETE FROM opm.annuitant_list_history
Hibernate: DELETE FROM opm.time_factor_history
Hibernate: DELETE FROM opm.contact_info_history
Hibernate: DELETE FROM opm.interest_suppression_history
Hibernate: DELETE FROM opm.gl_payment_type_history
Hibernate: DELETE FROM opm.scm_first_insert_history
Hibernate: DELETE FROM opm.holiday_history
Hibernate: DELETE FROM opm.deduction_rate_history
Hibernate: DELETE FROM opm.interest_grace_period_history
Hibernate: DELETE FROM opm.gl_code_history
Hibernate: DELETE FROM opm.claim_without_service_history
Hibernate: DELETE FROM opm.payment_transaction_note_history
Hibernate: DELETE FROM opm.payment_move_transaction_history
Hibernate: DELETE FROM opm.interest_rate_history
Hibernate: DELETE FROM opm.payment_interest_detail_history
Hibernate: DELETE FROM opm.adjustment_transaction_history
Hibernate: DELETE FROM opm.invoice_history
Hibernate: DELETE FROM opm.a01_print_suppression_case_history
Hibernate: DELETE FROM opm.user_account_assignment_history
Hibernate: DELETE FROM opm.payment_refund_link_history
Hibernate: DELETE FROM opm.payments_applied_order_code_history
Hibernate: DELETE FROM opm.service_credit_preference_history
Hibernate: DELETE FROM opm.account_confirmation_validation_entry_history
Hibernate: DELETE FROM opm.account_confirmation_validation_history
Hibernate: DELETE FROM opm.payment_reverse_history
Hibernate: DELETE FROM opm.payment_history
Hibernate: DELETE FROM opm.pay_trans_status_code_history
Hibernate: DELETE FROM opm.notification_READBY_history
Hibernate: DELETE FROM opm.refund_transaction_history
Hibernate: DELETE FROM opm.summary_data_history
Hibernate: DELETE FROM opm.dedeposit_history
Hibernate: DELETE FROM opm.redeposit_history
Hibernate: DELETE FROM opm.calculation_result_item_history
Hibernate: DELETE FROM opm.calculation_result_history
Hibernate: DELETE FROM opm.calculation_history
Hibernate: DELETE FROM opm.fers_redeposit_history
Hibernate: DELETE FROM opm.fers_deposit_history
Hibernate: DELETE FROM opm.calculation_version_history
Hibernate: DELETE FROM opm.billing_history
Hibernate: DELETE FROM opm.billing_summary_history
Hibernate: DELETE FROM opm.account_note_history
Hibernate: DELETE FROM opm.address_history
Hibernate: DELETE FROM opm.account_history
Hibernate: DELETE FROM opm.account_holder_history
Hibernate: DELETE FROM opm.error_history
Hibernate: DELETE FROM opm.info_history
Hibernate: DELETE FROM opm.notification_history
Hibernate: DELETE FROM opm.app_user_history
Hibernate: DELETE FROM opm.change_trans_field_number_code
Hibernate: DELETE FROM opm.pay_code
Hibernate: DELETE FROM opm.payment_applied_order
Hibernate: DELETE FROM opm.agency_code
Hibernate: DELETE FROM opm.calculation_status
Hibernate: DELETE FROM opm.transfer_type
Hibernate: DELETE FROM opm.user_status
Hibernate: DELETE FROM opm.claim_officer
Hibernate: DELETE FROM opm.payment_status
Hibernate: DELETE FROM opm.application_designation
Hibernate: DELETE FROM opm.payment_reversal_reason
Hibernate: DELETE FROM opm.pay_type
Hibernate: DELETE FROM opm.appointment_type
Hibernate: DELETE FROM opm.role
Hibernate: DELETE FROM opm.service_type
Hibernate: DELETE FROM opm.retirement_type
Hibernate: DELETE FROM opm.account_status
Hibernate: DELETE FROM opm.country
Hibernate: DELETE FROM opm.state
Hibernate: DELETE FROM opm.period_type
Hibernate: DELETE FROM opm.suffix
Hibernate: DELETE FROM opm.form_type
Hibernate: DELETE FROM opm.batch_daily_payments
Hibernate: DELETE FROM opm.audit_batch
Hibernate: DELETE FROM opm.new_claim_number
Hibernate: DELETE FROM opm.annuitant_list
Hibernate: DELETE FROM opm.time_factor
Hibernate: DELETE FROM opm.contact_info
Hibernate: DELETE FROM opm.interest_suppression
Hibernate: DELETE FROM opm.gl_payment_type
Hibernate: DELETE FROM opm.scm_first_insert
Hibernate: DELETE FROM opm.holiday
Hibernate: DELETE FROM opm.deduction_rate
Hibernate: DELETE FROM opm.interest_grace_period
Hibernate: DELETE FROM opm.gl_code
Hibernate: DELETE FROM opm.claim_without_service
Hibernate: DELETE FROM opm.payment_transaction_note
Hibernate: DELETE FROM opm.payment_move_transaction
Hibernate: DELETE FROM opm.interest_rate
Hibernate: DELETE FROM opm.payment_interest_detail
Hibernate: DELETE FROM opm.adjustment_transaction
Hibernate: DELETE FROM opm.invoice
Hibernate: DELETE FROM opm.a01_print_suppression_case
Hibernate: DELETE FROM opm.user_account_assignment
Hibernate: DELETE FROM opm.payment_refund_link
Hibernate: DELETE FROM opm.role_permission
Hibernate: DELETE FROM opm.user_permission
Hibernate: DELETE FROM opm.service_credit_preference
Hibernate: DELETE FROM opm.account_confirmation_validation_entry
Hibernate: DELETE FROM opm.payment_reverse
Hibernate: DELETE FROM opm.payment
Hibernate: DELETE FROM opm.pay_trans_status_code
Hibernate: DELETE FROM opm.payments_applied_order_code
Hibernate: DELETE FROM opm.printout
Hibernate: DELETE FROM opm.related_help_items
Hibernate: DELETE FROM opm.help_item
Hibernate: DELETE FROM opm.notification_READBY
Hibernate: DELETE FROM opm.date_calculation_data
Hibernate: DELETE FROM opm.refund_transaction
Hibernate: DELETE FROM opm.audit_parameter_record
Hibernate: DELETE FROM opm.audit_record
Hibernate: DELETE FROM opm.dedeposit
Hibernate: DELETE FROM opm.redeposit
Hibernate: DELETE FROM opm.calculation_result_item
Hibernate: DELETE FROM opm.calculation
Hibernate: DELETE FROM opm.fers_redeposit
Hibernate: DELETE FROM opm.fers_deposit
Hibernate: DELETE FROM opm.calculation_version
Hibernate: DELETE FROM opm.calculation_result
Hibernate: DELETE FROM opm.summary_data
Hibernate: DELETE FROM opm.billing
Hibernate: DELETE FROM opm.account_note
Hibernate: DELETE FROM opm.account
Hibernate: DELETE FROM opm.account_confirmation_validation
Hibernate: DELETE FROM opm.billing_summary
Hibernate: DELETE FROM opm.account_holder
Hibernate: DELETE FROM opm.address
Hibernate: DELETE FROM opm.error
Hibernate: DELETE FROM opm.info
Hibernate: DELETE FROM opm.notification
Hibernate: DELETE FROM opm.app_user
Hibernate: DELETE FROM opm.batch_daily_payments_history
Hibernate: DELETE FROM opm.audit_batch_history
Hibernate: DELETE FROM opm.new_claim_number_history
Hibernate: DELETE FROM opm.annuitant_list_history
Hibernate: DELETE FROM opm.time_factor_history
Hibernate: DELETE FROM opm.contact_info_history
Hibernate: DELETE FROM opm.interest_suppression_history
Hibernate: DELETE FROM opm.gl_payment_type_history
Hibernate: DELETE FROM opm.scm_first_insert_history
Hibernate: DELETE FROM opm.holiday_history
Hibernate: DELETE FROM opm.deduction_rate_history
Hibernate: DELETE FROM opm.interest_grace_period_history
Hibernate: DELETE FROM opm.gl_code_history
Hibernate: DELETE FROM opm.claim_without_service_history
Hibernate: DELETE FROM opm.payment_transaction_note_history
Hibernate: DELETE FROM opm.payment_move_transaction_history
Hibernate: DELETE FROM opm.interest_rate_history
Hibernate: DELETE FROM opm.payment_interest_detail_history
Hibernate: DELETE FROM opm.adjustment_transaction_history
Hibernate: DELETE FROM opm.invoice_history
Hibernate: DELETE FROM opm.a01_print_suppression_case_history
Hibernate: DELETE FROM opm.user_account_assignment_history
Hibernate: DELETE FROM opm.payment_refund_link_history
Hibernate: DELETE FROM opm.payments_applied_order_code_history
Hibernate: DELETE FROM opm.service_credit_preference_history
Hibernate: DELETE FROM opm.account_confirmation_validation_entry_history
Hibernate: DELETE FROM opm.account_confirmation_validation_history
Hibernate: DELETE FROM opm.payment_reverse_history
Hibernate: DELETE FROM opm.payment_history
Hibernate: DELETE FROM opm.pay_trans_status_code_history
Hibernate: DELETE FROM opm.notification_READBY_history
Hibernate: DELETE FROM opm.refund_transaction_history
Hibernate: DELETE FROM opm.summary_data_history
Hibernate: DELETE FROM opm.dedeposit_history
Hibernate: DELETE FROM opm.redeposit_history
Hibernate: DELETE FROM opm.calculation_result_item_history
Hibernate: DELETE FROM opm.calculation_result_history
Hibernate: DELETE FROM opm.calculation_history
Hibernate: DELETE FROM opm.fers_redeposit_history
Hibernate: DELETE FROM opm.fers_deposit_history
Hibernate: DELETE FROM opm.calculation_version_history
Hibernate: DELETE FROM opm.billing_history
Hibernate: DELETE FROM opm.billing_summary_history
Hibernate: DELETE FROM opm.account_note_history
Hibernate: DELETE FROM opm.address_history
Hibernate: DELETE FROM opm.account_history
Hibernate: DELETE FROM opm.account_holder_history
Hibernate: DELETE FROM opm.error_history
Hibernate: DELETE FROM opm.info_history
Hibernate: DELETE FROM opm.notification_history
Hibernate: DELETE FROM opm.app_user_history
Hibernate: DELETE FROM opm.change_trans_field_number_code
Hibernate: DELETE FROM opm.pay_code
Hibernate: DELETE FROM opm.payment_applied_order
Hibernate: DELETE FROM opm.agency_code
Hibernate: DELETE FROM opm.calculation_status
Hibernate: DELETE FROM opm.transfer_type
Hibernate: DELETE FROM opm.user_status
Hibernate: DELETE FROM opm.claim_officer
Hibernate: DELETE FROM opm.payment_status
Hibernate: DELETE FROM opm.application_designation
Hibernate: DELETE FROM opm.payment_reversal_reason
Hibernate: DELETE FROM opm.pay_type
Hibernate: DELETE FROM opm.appointment_type
Hibernate: DELETE FROM opm.role
Hibernate: DELETE FROM opm.service_type
Hibernate: DELETE FROM opm.retirement_type
Hibernate: DELETE FROM opm.account_status
Hibernate: DELETE FROM opm.country
Hibernate: DELETE FROM opm.state
Hibernate: DELETE FROM opm.period_type
Hibernate: DELETE FROM opm.suffix
Hibernate: DELETE FROM opm.form_type
Hibernate: insert into opm.new_claim_number (deleted, claim_number) values (?, ?)
Hibernate: SELECT COUNT(*) FROM opm.new_claim_number_history WHERE id=? AND action=?
Hibernate: select newclaimnu0_.id as id1_45_0_, newclaimnu0_.deleted as deleted2_45_0_, newclaimnu0_.claim_number as claim3_45_0_ from opm.new_claim_number newclaimnu0_ where newclaimnu0_.id=?
Hibernate: update opm.new_claim_number set deleted=?, claim_number=? where id=?
Hibernate: SELECT COUNT(*) FROM opm.new_claim_number_history WHERE id=? AND action=?
Hibernate: delete from opm.new_claim_number where id=?
Hibernate: select newclaimnu0_.id as id1_45_0_, newclaimnu0_.deleted as deleted2_45_0_, newclaimnu0_.claim_number as claim3_45_0_ from opm.new_claim_number newclaimnu0_ where newclaimnu0_.id=?
Hibernate: SELECT COUNT(*) FROM opm.new_claim_number_history WHERE id=? AND action=?
Hibernate: DELETE FROM opm.batch_daily_payments
Hibernate: DELETE FROM opm.audit_batch
Hibernate: DELETE FROM opm.new_claim_number
Hibernate: DELETE FROM opm.annuitant_list
Hibernate: DELETE FROM opm.time_factor
Hibernate: DELETE FROM opm.contact_info
Hibernate: DELETE FROM opm.interest_suppression
Hibernate: DELETE FROM opm.gl_payment_type
Hibernate: DELETE FROM opm.scm_first_insert
Hibernate: DELETE FROM opm.holiday
Hibernate: DELETE FROM opm.deduction_rate
Hibernate: DELETE FROM opm.interest_grace_period
Hibernate: DELETE FROM opm.gl_code
Hibernate: DELETE FROM opm.claim_without_service
Hibernate: DELETE FROM opm.payment_transaction_note
Hibernate: DELETE FROM opm.payment_move_transaction
Hibernate: DELETE FROM opm.interest_rate
Hibernate: DELETE FROM opm.payment_interest_detail
Hibernate: DELETE FROM opm.adjustment_transaction
Hibernate: DELETE FROM opm.invoice
Hibernate: DELETE FROM opm.a01_print_suppression_case
Hibernate: DELETE FROM opm.user_account_assignment
Hibernate: DELETE FROM opm.payment_refund_link
Hibernate: DELETE FROM opm.role_permission
Hibernate: DELETE FROM opm.user_permission
Hibernate: DELETE FROM opm.service_credit_preference
Hibernate: DELETE FROM opm.account_confirmation_validation_entry
Hibernate: DELETE FROM opm.payment_reverse
Hibernate: DELETE FROM opm.payment
Hibernate: DELETE FROM opm.pay_trans_status_code
Hibernate: DELETE FROM opm.payments_applied_order_code
Hibernate: DELETE FROM opm.printout
Hibernate: DELETE FROM opm.related_help_items
Hibernate: DELETE FROM opm.help_item
Hibernate: DELETE FROM opm.notification_READBY
Hibernate: DELETE FROM opm.date_calculation_data
Hibernate: DELETE FROM opm.refund_transaction
Hibernate: DELETE FROM opm.audit_parameter_record
Hibernate: DELETE FROM opm.audit_record
Hibernate: DELETE FROM opm.dedeposit
Hibernate: DELETE FROM opm.redeposit
Hibernate: DELETE FROM opm.calculation_result_item
Hibernate: DELETE FROM opm.calculation
Hibernate: DELETE FROM opm.fers_redeposit
Hibernate: DELETE FROM opm.fers_deposit
Hibernate: DELETE FROM opm.calculation_version
Hibernate: DELETE FROM opm.calculation_result
Hibernate: DELETE FROM opm.summary_data
Hibernate: DELETE FROM opm.billing
Hibernate: DELETE FROM opm.account_note
Hibernate: DELETE FROM opm.account
Hibernate: DELETE FROM opm.account_confirmation_validation
Hibernate: DELETE FROM opm.billing_summary
Hibernate: DELETE FROM opm.account_holder
Hibernate: DELETE FROM opm.address
Hibernate: DELETE FROM opm.error
Hibernate: DELETE FROM opm.info
Hibernate: DELETE FROM opm.notification
Hibernate: DELETE FROM opm.app_user
Hibernate: DELETE FROM opm.batch_daily_payments_history
Hibernate: DELETE FROM opm.audit_batch_history
Hibernate: DELETE FROM opm.new_claim_number_history
Hibernate: DELETE FROM opm.annuitant_list_history
Hibernate: DELETE FROM opm.time_factor_history
Hibernate: DELETE FROM opm.contact_info_history
Hibernate: DELETE FROM opm.interest_suppression_history
Hibernate: DELETE FROM opm.gl_payment_type_history
Hibernate: DELETE FROM opm.scm_first_insert_history
Hibernate: DELETE FROM opm.holiday_history
Hibernate: DELETE FROM opm.deduction_rate_history
Hibernate: DELETE FROM opm.interest_grace_period_history
Hibernate: DELETE FROM opm.gl_code_history
Hibernate: DELETE FROM opm.claim_without_service_history
Hibernate: DELETE FROM opm.payment_transaction_note_history
Hibernate: DELETE FROM opm.payment_move_transaction_history
Hibernate: DELETE FROM opm.interest_rate_history
Hibernate: DELETE FROM opm.payment_interest_detail_history
Hibernate: DELETE FROM opm.adjustment_transaction_history
Hibernate: DELETE FROM opm.invoice_history
Hibernate: DELETE FROM opm.a01_print_suppression_case_history
Hibernate: DELETE FROM opm.user_account_assignment_history
Hibernate: DELETE FROM opm.payment_refund_link_history
Hibernate: DELETE FROM opm.payments_applied_order_code_history
Hibernate: DELETE FROM opm.service_credit_preference_history
Hibernate: DELETE FROM opm.account_confirmation_validation_entry_history
Hibernate: DELETE FROM opm.account_confirmation_validation_history
Hibernate: DELETE FROM opm.payment_reverse_history
Hibernate: DELETE FROM opm.payment_history
Hibernate: DELETE FROM opm.pay_trans_status_code_history
Hibernate: DELETE FROM opm.notification_READBY_history
Hibernate: DELETE FROM opm.refund_transaction_history
Hibernate: DELETE FROM opm.summary_data_history
Hibernate: DELETE FROM opm.dedeposit_history
Hibernate: DELETE FROM opm.redeposit_history
Hibernate: DELETE FROM opm.calculation_result_item_history
Hibernate: DELETE FROM opm.calculation_result_history
Hibernate: DELETE FROM opm.calculation_history
Hibernate: DELETE FROM opm.fers_redeposit_history
Hibernate: DELETE FROM opm.fers_deposit_history
Hibernate: DELETE FROM opm.calculation_version_history
Hibernate: DELETE FROM opm.billing_history
Hibernate: DELETE FROM opm.billing_summary_history
Hibernate: DELETE FROM opm.account_note_history
Hibernate: DELETE FROM opm.address_history
Hibernate: DELETE FROM opm.account_history
Hibernate: DELETE FROM opm.account_holder_history
Hibernate: DELETE FROM opm.error_history
Hibernate: DELETE FROM opm.info_history
Hibernate: DELETE FROM opm.notification_history
Hibernate: DELETE FROM opm.app_user_history
Hibernate: DELETE FROM opm.change_trans_field_number_code
Hibernate: DELETE FROM opm.pay_code
Hibernate: DELETE FROM opm.payment_applied_order
Hibernate: DELETE FROM opm.agency_code
Hibernate: DELETE FROM opm.calculation_status
Hibernate: DELETE FROM opm.transfer_type
Hibernate: DELETE FROM opm.user_status
Hibernate: DELETE FROM opm.claim_officer
Hibernate: DELETE FROM opm.payment_status
Hibernate: DELETE FROM opm.application_designation
Hibernate: DELETE FROM opm.payment_reversal_reason
Hibernate: DELETE FROM opm.pay_type
Hibernate: DELETE FROM opm.appointment_type
Hibernate: DELETE FROM opm.role
Hibernate: DELETE FROM opm.service_type
Hibernate: DELETE FROM opm.retirement_type
Hibernate: DELETE FROM opm.account_status
Hibernate: DELETE FROM opm.country
Hibernate: DELETE FROM opm.state
Hibernate: DELETE FROM opm.period_type
Hibernate: DELETE FROM opm.suffix
Hibernate: DELETE FROM opm.form_type
Hibernate: DELETE FROM opm.batch_daily_payments
Hibernate: DELETE FROM opm.audit_batch
Hibernate: DELETE FROM opm.new_claim_number
Hibernate: DELETE FROM opm.annuitant_list
Hibernate: DELETE FROM opm.time_factor
Hibernate: DELETE FROM opm.contact_info
Hibernate: DELETE FROM opm.interest_suppression
Hibernate: DELETE FROM opm.gl_payment_type
Hibernate: DELETE FROM opm.scm_first_insert
Hibernate: DELETE FROM opm.holiday
Hibernate: DELETE FROM opm.deduction_rate
Hibernate: DELETE FROM opm.interest_grace_period
Hibernate: DELETE FROM opm.gl_code
Hibernate: DELETE FROM opm.claim_without_service
Hibernate: DELETE FROM opm.payment_transaction_note
Hibernate: DELETE FROM opm.payment_move_transaction
Hibernate: DELETE FROM opm.interest_rate
Hibernate: DELETE FROM opm.payment_interest_detail
Hibernate: DELETE FROM opm.adjustment_transaction
Hibernate: DELETE FROM opm.invoice
Hibernate: DELETE FROM opm.a01_print_suppression_case
Hibernate: DELETE FROM opm.user_account_assignment
Hibernate: DELETE FROM opm.payment_refund_link
Hibernate: DELETE FROM opm.role_permission
Hibernate: DELETE FROM opm.user_permission
Hibernate: DELETE FROM opm.service_credit_preference
Hibernate: DELETE FROM opm.account_confirmation_validation_entry
Hibernate: DELETE FROM opm.payment_reverse
Hibernate: DELETE FROM opm.payment
Hibernate: DELETE FROM opm.pay_trans_status_code
Hibernate: DELETE FROM opm.payments_applied_order_code
Hibernate: DELETE FROM opm.printout
Hibernate: DELETE FROM opm.related_help_items
Hibernate: DELETE FROM opm.help_item
Hibernate: DELETE FROM opm.notification_READBY
Hibernate: DELETE FROM opm.date_calculation_data
Hibernate: DELETE FROM opm.refund_transaction
Hibernate: DELETE FROM opm.audit_parameter_record
Hibernate: DELETE FROM opm.audit_record
Hibernate: DELETE FROM opm.dedeposit
Hibernate: DELETE FROM opm.redeposit
Hibernate: DELETE FROM opm.calculation_result_item
Hibernate: DELETE FROM opm.calculation
Hibernate: DELETE FROM opm.fers_redeposit
Hibernate: DELETE FROM opm.fers_deposit
Hibernate: DELETE FROM opm.calculation_version
Hibernate: DELETE FROM opm.calculation_result
Hibernate: DELETE FROM opm.summary_data
Hibernate: DELETE FROM opm.billing
Hibernate: DELETE FROM opm.account_note
Hibernate: DELETE FROM opm.account
Hibernate: DELETE FROM opm.account_confirmation_validation
Hibernate: DELETE FROM opm.billing_summary
Hibernate: DELETE FROM opm.account_holder
Hibernate: DELETE FROM opm.address
Hibernate: DELETE FROM opm.error
Hibernate: DELETE FROM opm.info
Hibernate: DELETE FROM opm.notification
Hibernate: DELETE FROM opm.app_user
Hibernate: DELETE FROM opm.batch_daily_payments_history
Hibernate: DELETE FROM opm.audit_batch_history
Hibernate: DELETE FROM opm.new_claim_number_history
Hibernate: DELETE FROM opm.annuitant_list_history
Hibernate: DELETE FROM opm.time_factor_history
Hibernate: DELETE FROM opm.contact_info_history
Hibernate: DELETE FROM opm.interest_suppression_history
Hibernate: DELETE FROM opm.gl_payment_type_history
Hibernate: DELETE FROM opm.scm_first_insert_history
Hibernate: DELETE FROM opm.holiday_history
Hibernate: DELETE FROM opm.deduction_rate_history
Hibernate: DELETE FROM opm.interest_grace_period_history
Hibernate: DELETE FROM opm.gl_code_history
Hibernate: DELETE FROM opm.claim_without_service_history
Hibernate: DELETE FROM opm.payment_transaction_note_history
Hibernate: DELETE FROM opm.payment_move_transaction_history
Hibernate: DELETE FROM opm.interest_rate_history
Hibernate: DELETE FROM opm.payment_interest_detail_history
Hibernate: DELETE FROM opm.adjustment_transaction_history
Hibernate: DELETE FROM opm.invoice_history
Hibernate: DELETE FROM opm.a01_print_suppression_case_history
Hibernate: DELETE FROM opm.user_account_assignment_history
Hibernate: DELETE FROM opm.payment_refund_link_history
Hibernate: DELETE FROM opm.payments_applied_order_code_history
Hibernate: DELETE FROM opm.service_credit_preference_history
Hibernate: DELETE FROM opm.account_confirmation_validation_entry_history
Hibernate: DELETE FROM opm.account_confirmation_validation_history
Hibernate: DELETE FROM opm.payment_reverse_history
Hibernate: DELETE FROM opm.payment_history
Hibernate: DELETE FROM opm.pay_trans_status_code_history
Hibernate: DELETE FROM opm.notification_READBY_history
Hibernate: DELETE FROM opm.refund_transaction_history
Hibernate: DELETE FROM opm.summary_data_history
Hibernate: DELETE FROM opm.dedeposit_history
Hibernate: DELETE FROM opm.redeposit_history
Hibernate: DELETE FROM opm.calculation_result_item_history
Hibernate: DELETE FROM opm.calculation_result_history
Hibernate: DELETE FROM opm.calculation_history
Hibernate: DELETE FROM opm.fers_redeposit_history
Hibernate: DELETE FROM opm.fers_deposit_history
Hibernate: DELETE FROM opm.calculation_version_history
Hibernate: DELETE FROM opm.billing_history
Hibernate: DELETE FROM opm.billing_summary_history
Hibernate: DELETE FROM opm.account_note_history
Hibernate: DELETE FROM opm.address_history
Hibernate: DELETE FROM opm.account_history
Hibernate: DELETE FROM opm.account_holder_history
Hibernate: DELETE FROM opm.error_history
Hibernate: DELETE FROM opm.info_history
Hibernate: DELETE FROM opm.notification_history
Hibernate: DELETE FROM opm.app_user_history
Hibernate: DELETE FROM opm.change_trans_field_number_code
Hibernate: DELETE FROM opm.pay_code
Hibernate: DELETE FROM opm.payment_applied_order
Hibernate: DELETE FROM opm.agency_code
Hibernate: DELETE FROM opm.calculation_status
Hibernate: DELETE FROM opm.transfer_type
Hibernate: DELETE FROM opm.user_status
Hibernate: DELETE FROM opm.claim_officer
Hibernate: DELETE FROM opm.payment_status
Hibernate: DELETE FROM opm.application_designation
Hibernate: DELETE FROM opm.payment_reversal_reason
Hibernate: DELETE FROM opm.pay_type
Hibernate: DELETE FROM opm.appointment_type
Hibernate: DELETE FROM opm.role
Hibernate: DELETE FROM opm.service_type
Hibernate: DELETE FROM opm.retirement_type
Hibernate: DELETE FROM opm.account_status
Hibernate: DELETE FROM opm.country
Hibernate: DELETE FROM opm.state
Hibernate: DELETE FROM opm.period_type
Hibernate: DELETE FROM opm.suffix
Hibernate: DELETE FROM opm.form_type
Hibernate: insert into opm.annuitant_list (deleted, claim_number) values (?, ?)
Hibernate: SELECT COUNT(*) FROM opm.annuitant_list_history WHERE id=? AND action=?
Hibernate: select annuitantl0_.id as id1_10_0_, annuitantl0_.deleted as deleted2_10_0_, annuitantl0_.claim_number as claim3_10_0_ from opm.annuitant_list annuitantl0_ where annuitantl0_.id=?
Hibernate: update opm.annuitant_list set deleted=?, claim_number=? where id=?
Hibernate: SELECT COUNT(*) FROM opm.annuitant_list_history WHERE id=? AND action=?
Hibernate: delete from opm.annuitant_list where id=?
Hibernate: select annuitantl0_.id as id1_10_0_, annuitantl0_.deleted as deleted2_10_0_, annuitantl0_.claim_number as claim3_10_0_ from opm.annuitant_list annuitantl0_ where annuitantl0_.id=?
Hibernate: SELECT COUNT(*) FROM opm.annuitant_list_history WHERE id=? AND action=?
Hibernate: DELETE FROM opm.batch_daily_payments
Hibernate: DELETE FROM opm.audit_batch
Hibernate: DELETE FROM opm.new_claim_number
Hibernate: DELETE FROM opm.annuitant_list
Hibernate: DELETE FROM opm.time_factor
Hibernate: DELETE FROM opm.contact_info
Hibernate: DELETE FROM opm.interest_suppression
Hibernate: DELETE FROM opm.gl_payment_type
Hibernate: DELETE FROM opm.scm_first_insert
Hibernate: DELETE FROM opm.holiday
Hibernate: DELETE FROM opm.deduction_rate
Hibernate: DELETE FROM opm.interest_grace_period
Hibernate: DELETE FROM opm.gl_code
Hibernate: DELETE FROM opm.claim_without_service
Hibernate: DELETE FROM opm.payment_transaction_note
Hibernate: DELETE FROM opm.payment_move_transaction
Hibernate: DELETE FROM opm.interest_rate
Hibernate: DELETE FROM opm.payment_interest_detail
Hibernate: DELETE FROM opm.adjustment_transaction
Hibernate: DELETE FROM opm.invoice
Hibernate: DELETE FROM opm.a01_print_suppression_case
Hibernate: DELETE FROM opm.user_account_assignment
Hibernate: DELETE FROM opm.payment_refund_link
Hibernate: DELETE FROM opm.role_permission
Hibernate: DELETE FROM opm.user_permission
Hibernate: DELETE FROM opm.service_credit_preference
Hibernate: DELETE FROM opm.account_confirmation_validation_entry
Hibernate: DELETE FROM opm.payment_reverse
Hibernate: DELETE FROM opm.payment
Hibernate: DELETE FROM opm.pay_trans_status_code
Hibernate: DELETE FROM opm.payments_applied_order_code
Hibernate: DELETE FROM opm.printout
Hibernate: DELETE FROM opm.related_help_items
Hibernate: DELETE FROM opm.help_item
Hibernate: DELETE FROM opm.notification_READBY
Hibernate: DELETE FROM opm.date_calculation_data
Hibernate: DELETE FROM opm.refund_transaction
Hibernate: DELETE FROM opm.audit_parameter_record
Hibernate: DELETE FROM opm.audit_record
Hibernate: DELETE FROM opm.dedeposit
Hibernate: DELETE FROM opm.redeposit
Hibernate: DELETE FROM opm.calculation_result_item
Hibernate: DELETE FROM opm.calculation
Hibernate: DELETE FROM opm.fers_redeposit
Hibernate: DELETE FROM opm.fers_deposit
Hibernate: DELETE FROM opm.calculation_version
Hibernate: DELETE FROM opm.calculation_result
Hibernate: DELETE FROM opm.summary_data
Hibernate: DELETE FROM opm.billing
Hibernate: DELETE FROM opm.account_note
Hibernate: DELETE FROM opm.account
Hibernate: DELETE FROM opm.account_confirmation_validation
Hibernate: DELETE FROM opm.billing_summary
Hibernate: DELETE FROM opm.account_holder
Hibernate: DELETE FROM opm.address
Hibernate: DELETE FROM opm.error
Hibernate: DELETE FROM opm.info
Hibernate: DELETE FROM opm.notification
Hibernate: DELETE FROM opm.app_user
Hibernate: DELETE FROM opm.batch_daily_payments_history
Hibernate: DELETE FROM opm.audit_batch_history
Hibernate: DELETE FROM opm.new_claim_number_history
Hibernate: DELETE FROM opm.annuitant_list_history
Hibernate: DELETE FROM opm.time_factor_history
Hibernate: DELETE FROM opm.contact_info_history
Hibernate: DELETE FROM opm.interest_suppression_history
Hibernate: DELETE FROM opm.gl_payment_type_history
Hibernate: DELETE FROM opm.scm_first_insert_history
Hibernate: DELETE FROM opm.holiday_history
Hibernate: DELETE FROM opm.deduction_rate_history
Hibernate: DELETE FROM opm.interest_grace_period_history
Hibernate: DELETE FROM opm.gl_code_history
Hibernate: DELETE FROM opm.claim_without_service_history
Hibernate: DELETE FROM opm.payment_transaction_note_history
Hibernate: DELETE FROM opm.payment_move_transaction_history
Hibernate: DELETE FROM opm.interest_rate_history
Hibernate: DELETE FROM opm.payment_interest_detail_history
Hibernate: DELETE FROM opm.adjustment_transaction_history
Hibernate: DELETE FROM opm.invoice_history
Hibernate: DELETE FROM opm.a01_print_suppression_case_history
Hibernate: DELETE FROM opm.user_account_assignment_history
Hibernate: DELETE FROM opm.payment_refund_link_history
Hibernate: DELETE FROM opm.payments_applied_order_code_history
Hibernate: DELETE FROM opm.service_credit_preference_history
Hibernate: DELETE FROM opm.account_confirmation_validation_entry_history
Hibernate: DELETE FROM opm.account_confirmation_validation_history
Hibernate: DELETE FROM opm.payment_reverse_history
Hibernate: DELETE FROM opm.payment_history
Hibernate: DELETE FROM opm.pay_trans_status_code_history
Hibernate: DELETE FROM opm.notification_READBY_history
Hibernate: DELETE FROM opm.refund_transaction_history
Hibernate: DELETE FROM opm.summary_data_history
Hibernate: DELETE FROM opm.dedeposit_history
Hibernate: DELETE FROM opm.redeposit_history
Hibernate: DELETE FROM opm.calculation_result_item_history
Hibernate: DELETE FROM opm.calculation_result_history
Hibernate: DELETE FROM opm.calculation_history
Hibernate: DELETE FROM opm.fers_redeposit_history
Hibernate: DELETE FROM opm.fers_deposit_history
Hibernate: DELETE FROM opm.calculation_version_history
Hibernate: DELETE FROM opm.billing_history
Hibernate: DELETE FROM opm.billing_summary_history
Hibernate: DELETE FROM opm.account_note_history
Hibernate: DELETE FROM opm.address_history
Hibernate: DELETE FROM opm.account_history
Hibernate: DELETE FROM opm.account_holder_history
Hibernate: DELETE FROM opm.error_history
Hibernate: DELETE FROM opm.info_history
Hibernate: DELETE FROM opm.notification_history
Hibernate: DELETE FROM opm.app_user_history
Hibernate: DELETE FROM opm.change_trans_field_number_code
Hibernate: DELETE FROM opm.pay_code
Hibernate: DELETE FROM opm.payment_applied_order
Hibernate: DELETE FROM opm.agency_code
Hibernate: DELETE FROM opm.calculation_status
Hibernate: DELETE FROM opm.transfer_type
Hibernate: DELETE FROM opm.user_status
Hibernate: DELETE FROM opm.claim_officer
Hibernate: DELETE FROM opm.payment_status
Hibernate: DELETE FROM opm.application_designation
Hibernate: DELETE FROM opm.payment_reversal_reason
Hibernate: DELETE FROM opm.pay_type
Hibernate: DELETE FROM opm.appointment_type
Hibernate: DELETE FROM opm.role
Hibernate: DELETE FROM opm.service_type
Hibernate: DELETE FROM opm.retirement_type
Hibernate: DELETE FROM opm.account_status
Hibernate: DELETE FROM opm.country
Hibernate: DELETE FROM opm.state
Hibernate: DELETE FROM opm.period_type
Hibernate: DELETE FROM opm.suffix
Hibernate: DELETE FROM opm.form_type
Hibernate: DELETE FROM opm.batch_daily_payments
Hibernate: DELETE FROM opm.audit_batch
Hibernate: DELETE FROM opm.new_claim_number
Hibernate: DELETE FROM opm.annuitant_list
Hibernate: DELETE FROM opm.time_factor
Hibernate: DELETE FROM opm.contact_info
Hibernate: DELETE FROM opm.interest_suppression
Hibernate: DELETE FROM opm.gl_payment_type
Hibernate: DELETE FROM opm.scm_first_insert
Hibernate: DELETE FROM opm.holiday
Hibernate: DELETE FROM opm.deduction_rate
Hibernate: DELETE FROM opm.interest_grace_period
Hibernate: DELETE FROM opm.gl_code
Hibernate: DELETE FROM opm.claim_without_service
Hibernate: DELETE FROM opm.payment_transaction_note
Hibernate: DELETE FROM opm.payment_move_transaction
Hibernate: DELETE FROM opm.interest_rate
Hibernate: DELETE FROM opm.payment_interest_detail
Hibernate: DELETE FROM opm.adjustment_transaction
Hibernate: DELETE FROM opm.invoice
Hibernate: DELETE FROM opm.a01_print_suppression_case
Hibernate: DELETE FROM opm.user_account_assignment
Hibernate: DELETE FROM opm.payment_refund_link
Hibernate: DELETE FROM opm.role_permission
Hibernate: DELETE FROM opm.user_permission
Hibernate: DELETE FROM opm.service_credit_preference
Hibernate: DELETE FROM opm.account_confirmation_validation_entry
Hibernate: DELETE FROM opm.payment_reverse
Hibernate: DELETE FROM opm.payment
Hibernate: DELETE FROM opm.pay_trans_status_code
Hibernate: DELETE FROM opm.payments_applied_order_code
Hibernate: DELETE FROM opm.printout
Hibernate: DELETE FROM opm.related_help_items
Hibernate: DELETE FROM opm.help_item
Hibernate: DELETE FROM opm.notification_READBY
Hibernate: DELETE FROM opm.date_calculation_data
Hibernate: DELETE FROM opm.refund_transaction
Hibernate: DELETE FROM opm.audit_parameter_record
Hibernate: DELETE FROM opm.audit_record
Hibernate: DELETE FROM opm.dedeposit
Hibernate: DELETE FROM opm.redeposit
Hibernate: DELETE FROM opm.calculation_result_item
Hibernate: DELETE FROM opm.calculation
Hibernate: DELETE FROM opm.fers_redeposit
Hibernate: DELETE FROM opm.fers_deposit
Hibernate: DELETE FROM opm.calculation_version
Hibernate: DELETE FROM opm.calculation_result
Hibernate: DELETE FROM opm.summary_data
Hibernate: DELETE FROM opm.billing
Hibernate: DELETE FROM opm.account_note
Hibernate: DELETE FROM opm.account
Hibernate: DELETE FROM opm.account_confirmation_validation
Hibernate: DELETE FROM opm.billing_summary
Hibernate: DELETE FROM opm.account_holder
Hibernate: DELETE FROM opm.address
Hibernate: DELETE FROM opm.error
Hibernate: DELETE FROM opm.info
Hibernate: DELETE FROM opm.notification
Hibernate: DELETE FROM opm.app_user
Hibernate: DELETE FROM opm.batch_daily_payments_history
Hibernate: DELETE FROM opm.audit_batch_history
Hibernate: DELETE FROM opm.new_claim_number_history
Hibernate: DELETE FROM opm.annuitant_list_history
Hibernate: DELETE FROM opm.time_factor_history
Hibernate: DELETE FROM opm.contact_info_history
Hibernate: DELETE FROM opm.interest_suppression_history
Hibernate: DELETE FROM opm.gl_payment_type_history
Hibernate: DELETE FROM opm.scm_first_insert_history
Hibernate: DELETE FROM opm.holiday_history
Hibernate: DELETE FROM opm.deduction_rate_history
Hibernate: DELETE FROM opm.interest_grace_period_history
Hibernate: DELETE FROM opm.gl_code_history
Hibernate: DELETE FROM opm.claim_without_service_history
Hibernate: DELETE FROM opm.payment_transaction_note_history
Hibernate: DELETE FROM opm.payment_move_transaction_history
Hibernate: DELETE FROM opm.interest_rate_history
Hibernate: DELETE FROM opm.payment_interest_detail_history
Hibernate: DELETE FROM opm.adjustment_transaction_history
Hibernate: DELETE FROM opm.invoice_history
Hibernate: DELETE FROM opm.a01_print_suppression_case_history
Hibernate: DELETE FROM opm.user_account_assignment_history
Hibernate: DELETE FROM opm.payment_refund_link_history
Hibernate: DELETE FROM opm.payments_applied_order_code_history
Hibernate: DELETE FROM opm.service_credit_preference_history
Hibernate: DELETE FROM opm.account_confirmation_validation_entry_history
Hibernate: DELETE FROM opm.account_confirmation_validation_history
Hibernate: DELETE FROM opm.payment_reverse_history
Hibernate: DELETE FROM opm.payment_history
Hibernate: DELETE FROM opm.pay_trans_status_code_history
Hibernate: DELETE FROM opm.notification_READBY_history
Hibernate: DELETE FROM opm.refund_transaction_history
Hibernate: DELETE FROM opm.summary_data_history
Hibernate: DELETE FROM opm.dedeposit_history
Hibernate: DELETE FROM opm.redeposit_history
Hibernate: DELETE FROM opm.calculation_result_item_history
Hibernate: DELETE FROM opm.calculation_result_history
Hibernate: DELETE FROM opm.calculation_history
Hibernate: DELETE FROM opm.fers_redeposit_history
Hibernate: DELETE FROM opm.fers_deposit_history
Hibernate: DELETE FROM opm.calculation_version_history
Hibernate: DELETE FROM opm.billing_history
Hibernate: DELETE FROM opm.billing_summary_history
Hibernate: DELETE FROM opm.account_note_history
Hibernate: DELETE FROM opm.address_history
Hibernate: DELETE FROM opm.account_history
Hibernate: DELETE FROM opm.account_holder_history
Hibernate: DELETE FROM opm.error_history
Hibernate: DELETE FROM opm.info_history
Hibernate: DELETE FROM opm.notification_history
Hibernate: DELETE FROM opm.app_user_history
Hibernate: DELETE FROM opm.change_trans_field_number_code
Hibernate: DELETE FROM opm.pay_code
Hibernate: DELETE FROM opm.payment_applied_order
Hibernate: DELETE FROM opm.agency_code
Hibernate: DELETE FROM opm.calculation_status
Hibernate: DELETE FROM opm.transfer_type
Hibernate: DELETE FROM opm.user_status
Hibernate: DELETE FROM opm.claim_officer
Hibernate: DELETE FROM opm.payment_status
Hibernate: DELETE FROM opm.application_designation
Hibernate: DELETE FROM opm.payment_reversal_reason
Hibernate: DELETE FROM opm.pay_type
Hibernate: DELETE FROM opm.appointment_type
Hibernate: DELETE FROM opm.role
Hibernate: DELETE FROM opm.service_type
Hibernate: DELETE FROM opm.retirement_type
Hibernate: DELETE FROM opm.account_status
Hibernate: DELETE FROM opm.country
Hibernate: DELETE FROM opm.state
Hibernate: DELETE FROM opm.period_type
Hibernate: DELETE FROM opm.suffix
Hibernate: DELETE FROM opm.form_type
Hibernate: insert into opm.time_factor (deleted, num_days, num_months, time_factor) values (?, ?, ?, ?)
Hibernate: SELECT COUNT(*) FROM opm.time_factor_history WHERE id=? AND action=?
Hibernate: select timefactor0_.id as id1_75_0_, timefactor0_.deleted as deleted2_75_0_, timefactor0_.num_days as num3_75_0_, timefactor0_.num_months as num4_75_0_, timefactor0_.time_factor as time5_75_0_ from opm.time_factor timefactor0_ where timefactor0_.id=?
Hibernate: update opm.time_factor set deleted=?, num_days=?, num_months=?, time_factor=? where id=?
Hibernate: SELECT COUNT(*) FROM opm.time_factor_history WHERE id=? AND action=?
Hibernate: delete from opm.time_factor where id=?
Hibernate: select timefactor0_.id as id1_75_0_, timefactor0_.deleted as deleted2_75_0_, timefactor0_.num_days as num3_75_0_, timefactor0_.num_months as num4_75_0_, timefactor0_.time_factor as time5_75_0_ from opm.time_factor timefactor0_ where timefactor0_.id=?
Hibernate: SELECT COUNT(*) FROM opm.time_factor_history WHERE id=? AND action=?
Hibernate: DELETE FROM opm.batch_daily_payments
Hibernate: DELETE FROM opm.audit_batch
Hibernate: DELETE FROM opm.new_claim_number
Hibernate: DELETE FROM opm.annuitant_list
Hibernate: DELETE FROM opm.time_factor
Hibernate: DELETE FROM opm.contact_info
Hibernate: DELETE FROM opm.interest_suppression
Hibernate: DELETE FROM opm.gl_payment_type
Hibernate: DELETE FROM opm.scm_first_insert
Hibernate: DELETE FROM opm.holiday
Hibernate: DELETE FROM opm.deduction_rate
Hibernate: DELETE FROM opm.interest_grace_period
Hibernate: DELETE FROM opm.gl_code
Hibernate: DELETE FROM opm.claim_without_service
Hibernate: DELETE FROM opm.payment_transaction_note
Hibernate: DELETE FROM opm.payment_move_transaction
Hibernate: DELETE FROM opm.interest_rate
Hibernate: DELETE FROM opm.payment_interest_detail
Hibernate: DELETE FROM opm.adjustment_transaction
Hibernate: DELETE FROM opm.invoice
Hibernate: DELETE FROM opm.a01_print_suppression_case
Hibernate: DELETE FROM opm.user_account_assignment
Hibernate: DELETE FROM opm.payment_refund_link
Hibernate: DELETE FROM opm.role_permission
Hibernate: DELETE FROM opm.user_permission
Hibernate: DELETE FROM opm.service_credit_preference
Hibernate: DELETE FROM opm.account_confirmation_validation_entry
Hibernate: DELETE FROM opm.payment_reverse
Hibernate: DELETE FROM opm.payment
Hibernate: DELETE FROM opm.pay_trans_status_code
Hibernate: DELETE FROM opm.payments_applied_order_code
Hibernate: DELETE FROM opm.printout
Hibernate: DELETE FROM opm.related_help_items
Hibernate: DELETE FROM opm.help_item
Hibernate: DELETE FROM opm.notification_READBY
Hibernate: DELETE FROM opm.date_calculation_data
Hibernate: DELETE FROM opm.refund_transaction
Hibernate: DELETE FROM opm.audit_parameter_record
Hibernate: DELETE FROM opm.audit_record
Hibernate: DELETE FROM opm.dedeposit
Hibernate: DELETE FROM opm.redeposit
Hibernate: DELETE FROM opm.calculation_result_item
Hibernate: DELETE FROM opm.calculation
Hibernate: DELETE FROM opm.fers_redeposit
Hibernate: DELETE FROM opm.fers_deposit
Hibernate: DELETE FROM opm.calculation_version
Hibernate: DELETE FROM opm.calculation_result
Hibernate: DELETE FROM opm.summary_data
Hibernate: DELETE FROM opm.billing
Hibernate: DELETE FROM opm.account_note
Hibernate: DELETE FROM opm.account
Hibernate: DELETE FROM opm.account_confirmation_validation
Hibernate: DELETE FROM opm.billing_summary
Hibernate: DELETE FROM opm.account_holder
Hibernate: DELETE FROM opm.address
Hibernate: DELETE FROM opm.error
Hibernate: DELETE FROM opm.info
Hibernate: DELETE FROM opm.notification
Hibernate: DELETE FROM opm.app_user
Hibernate: DELETE FROM opm.batch_daily_payments_history
Hibernate: DELETE FROM opm.audit_batch_history
Hibernate: DELETE FROM opm.new_claim_number_history
Hibernate: DELETE FROM opm.annuitant_list_history
Hibernate: DELETE FROM opm.time_factor_history
Hibernate: DELETE FROM opm.contact_info_history
Hibernate: DELETE FROM opm.interest_suppression_history
Hibernate: DELETE FROM opm.gl_payment_type_history
Hibernate: DELETE FROM opm.scm_first_insert_history
Hibernate: DELETE FROM opm.holiday_history
Hibernate: DELETE FROM opm.deduction_rate_history
Hibernate: DELETE FROM opm.interest_grace_period_history
Hibernate: DELETE FROM opm.gl_code_history
Hibernate: DELETE FROM opm.claim_without_service_history
Hibernate: DELETE FROM opm.payment_transaction_note_history
Hibernate: DELETE FROM opm.payment_move_transaction_history
Hibernate: DELETE FROM opm.interest_rate_history
Hibernate: DELETE FROM opm.payment_interest_detail_history
Hibernate: DELETE FROM opm.adjustment_transaction_history
Hibernate: DELETE FROM opm.invoice_history
Hibernate: DELETE FROM opm.a01_print_suppression_case_history
Hibernate: DELETE FROM opm.user_account_assignment_history
Hibernate: DELETE FROM opm.payment_refund_link_history
Hibernate: DELETE FROM opm.payments_applied_order_code_history
Hibernate: DELETE FROM opm.service_credit_preference_history
Hibernate: DELETE FROM opm.account_confirmation_validation_entry_history
Hibernate: DELETE FROM opm.account_confirmation_validation_history
Hibernate: DELETE FROM opm.payment_reverse_history
Hibernate: DELETE FROM opm.payment_history
Hibernate: DELETE FROM opm.pay_trans_status_code_history
Hibernate: DELETE FROM opm.notification_READBY_history
Hibernate: DELETE FROM opm.refund_transaction_history
Hibernate: DELETE FROM opm.summary_data_history
Hibernate: DELETE FROM opm.dedeposit_history
Hibernate: DELETE FROM opm.redeposit_history
Hibernate: DELETE FROM opm.calculation_result_item_history
Hibernate: DELETE FROM opm.calculation_result_history
Hibernate: DELETE FROM opm.calculation_history
Hibernate: DELETE FROM opm.fers_redeposit_history
Hibernate: DELETE FROM opm.fers_deposit_history
Hibernate: DELETE FROM opm.calculation_version_history
Hibernate: DELETE FROM opm.billing_history
Hibernate: DELETE FROM opm.billing_summary_history
Hibernate: DELETE FROM opm.account_note_history
Hibernate: DELETE FROM opm.address_history
Hibernate: DELETE FROM opm.account_history
Hibernate: DELETE FROM opm.account_holder_history
Hibernate: DELETE FROM opm.error_history
Hibernate: DELETE FROM opm.info_history
Hibernate: DELETE FROM opm.notification_history
Hibernate: DELETE FROM opm.app_user_history
Hibernate: DELETE FROM opm.change_trans_field_number_code
Hibernate: DELETE FROM opm.pay_code
Hibernate: DELETE FROM opm.payment_applied_order
Hibernate: DELETE FROM opm.agency_code
Hibernate: DELETE FROM opm.calculation_status
Hibernate: DELETE FROM opm.transfer_type
Hibernate: DELETE FROM opm.user_status
Hibernate: DELETE FROM opm.claim_officer
Hibernate: DELETE FROM opm.payment_status
Hibernate: DELETE FROM opm.application_designation
Hibernate: DELETE FROM opm.payment_reversal_reason
Hibernate: DELETE FROM opm.pay_type
Hibernate: DELETE FROM opm.appointment_type
Hibernate: DELETE FROM opm.role
Hibernate: DELETE FROM opm.service_type
Hibernate: DELETE FROM opm.retirement_type
Hibernate: DELETE FROM opm.account_status
Hibernate: DELETE FROM opm.country
Hibernate: DELETE FROM opm.state
Hibernate: DELETE FROM opm.period_type
Hibernate: DELETE FROM opm.suffix
Hibernate: DELETE FROM opm.form_type
Hibernate: DELETE FROM opm.batch_daily_payments
Hibernate: DELETE FROM opm.audit_batch
Hibernate: DELETE FROM opm.new_claim_number
Hibernate: DELETE FROM opm.annuitant_list
Hibernate: DELETE FROM opm.time_factor
Hibernate: DELETE FROM opm.contact_info
Hibernate: DELETE FROM opm.interest_suppression
Hibernate: DELETE FROM opm.gl_payment_type
Hibernate: DELETE FROM opm.scm_first_insert
Hibernate: DELETE FROM opm.holiday
Hibernate: DELETE FROM opm.deduction_rate
Hibernate: DELETE FROM opm.interest_grace_period
Hibernate: DELETE FROM opm.gl_code
Hibernate: DELETE FROM opm.claim_without_service
Hibernate: DELETE FROM opm.payment_transaction_note
Hibernate: DELETE FROM opm.payment_move_transaction
Hibernate: DELETE FROM opm.interest_rate
Hibernate: DELETE FROM opm.payment_interest_detail
Hibernate: DELETE FROM opm.adjustment_transaction
Hibernate: DELETE FROM opm.invoice
Hibernate: DELETE FROM opm.a01_print_suppression_case
Hibernate: DELETE FROM opm.user_account_assignment
Hibernate: DELETE FROM opm.payment_refund_link
Hibernate: DELETE FROM opm.role_permission
Hibernate: DELETE FROM opm.user_permission
Hibernate: DELETE FROM opm.service_credit_preference
Hibernate: DELETE FROM opm.account_confirmation_validation_entry
Hibernate: DELETE FROM opm.payment_reverse
Hibernate: DELETE FROM opm.payment
Hibernate: DELETE FROM opm.pay_trans_status_code
Hibernate: DELETE FROM opm.payments_applied_order_code
Hibernate: DELETE FROM opm.printout
Hibernate: DELETE FROM opm.related_help_items
Hibernate: DELETE FROM opm.help_item
Hibernate: DELETE FROM opm.notification_READBY
Hibernate: DELETE FROM opm.date_calculation_data
Hibernate: DELETE FROM opm.refund_transaction
Hibernate: DELETE FROM opm.audit_parameter_record
Hibernate: DELETE FROM opm.audit_record
Hibernate: DELETE FROM opm.dedeposit
Hibernate: DELETE FROM opm.redeposit
Hibernate: DELETE FROM opm.calculation_result_item
Hibernate: DELETE FROM opm.calculation
Hibernate: DELETE FROM opm.fers_redeposit
Hibernate: DELETE FROM opm.fers_deposit
Hibernate: DELETE FROM opm.calculation_version
Hibernate: DELETE FROM opm.calculation_result
Hibernate: DELETE FROM opm.summary_data
Hibernate: DELETE FROM opm.billing
Hibernate: DELETE FROM opm.account_note
Hibernate: DELETE FROM opm.account
Hibernate: DELETE FROM opm.account_confirmation_validation
Hibernate: DELETE FROM opm.billing_summary
Hibernate: DELETE FROM opm.account_holder
Hibernate: DELETE FROM opm.address
Hibernate: DELETE FROM opm.error
Hibernate: DELETE FROM opm.info
Hibernate: DELETE FROM opm.notification
Hibernate: DELETE FROM opm.app_user
Hibernate: DELETE FROM opm.batch_daily_payments_history
Hibernate: DELETE FROM opm.audit_batch_history
Hibernate: DELETE FROM opm.new_claim_number_history
Hibernate: DELETE FROM opm.annuitant_list_history
Hibernate: DELETE FROM opm.time_factor_history
Hibernate: DELETE FROM opm.contact_info_history
Hibernate: DELETE FROM opm.interest_suppression_history
Hibernate: DELETE FROM opm.gl_payment_type_history
Hibernate: DELETE FROM opm.scm_first_insert_history
Hibernate: DELETE FROM opm.holiday_history
Hibernate: DELETE FROM opm.deduction_rate_history
Hibernate: DELETE FROM opm.interest_grace_period_history
Hibernate: DELETE FROM opm.gl_code_history
Hibernate: DELETE FROM opm.claim_without_service_history
Hibernate: DELETE FROM opm.payment_transaction_note_history
Hibernate: DELETE FROM opm.payment_move_transaction_history
Hibernate: DELETE FROM opm.interest_rate_history
Hibernate: DELETE FROM opm.payment_interest_detail_history
Hibernate: DELETE FROM opm.adjustment_transaction_history
Hibernate: DELETE FROM opm.invoice_history
Hibernate: DELETE FROM opm.a01_print_suppression_case_history
Hibernate: DELETE FROM opm.user_account_assignment_history
Hibernate: DELETE FROM opm.payment_refund_link_history
Hibernate: DELETE FROM opm.payments_applied_order_code_history
Hibernate: DELETE FROM opm.service_credit_preference_history
Hibernate: DELETE FROM opm.account_confirmation_validation_entry_history
Hibernate: DELETE FROM opm.account_confirmation_validation_history
Hibernate: DELETE FROM opm.payment_reverse_history
Hibernate: DELETE FROM opm.payment_history
Hibernate: DELETE FROM opm.pay_trans_status_code_history
Hibernate: DELETE FROM opm.notification_READBY_history
Hibernate: DELETE FROM opm.refund_transaction_history
Hibernate: DELETE FROM opm.summary_data_history
Hibernate: DELETE FROM opm.dedeposit_history
Hibernate: DELETE FROM opm.redeposit_history
Hibernate: DELETE FROM opm.calculation_result_item_history
Hibernate: DELETE FROM opm.calculation_result_history
Hibernate: DELETE FROM opm.calculation_history
Hibernate: DELETE FROM opm.fers_redeposit_history
Hibernate: DELETE FROM opm.fers_deposit_history
Hibernate: DELETE FROM opm.calculation_version_history
Hibernate: DELETE FROM opm.billing_history
Hibernate: DELETE FROM opm.billing_summary_history
Hibernate: DELETE FROM opm.account_note_history
Hibernate: DELETE FROM opm.address_history
Hibernate: DELETE FROM opm.account_history
Hibernate: DELETE FROM opm.account_holder_history
Hibernate: DELETE FROM opm.error_history
Hibernate: DELETE FROM opm.info_history
Hibernate: DELETE FROM opm.notification_history
Hibernate: DELETE FROM opm.app_user_history
Hibernate: DELETE FROM opm.change_trans_field_number_code
Hibernate: DELETE FROM opm.pay_code
Hibernate: DELETE FROM opm.payment_applied_order
Hibernate: DELETE FROM opm.agency_code
Hibernate: DELETE FROM opm.calculation_status
Hibernate: DELETE FROM opm.transfer_type
Hibernate: DELETE FROM opm.user_status
Hibernate: DELETE FROM opm.claim_officer
Hibernate: DELETE FROM opm.payment_status
Hibernate: DELETE FROM opm.application_designation
Hibernate: DELETE FROM opm.payment_reversal_reason
Hibernate: DELETE FROM opm.pay_type
Hibernate: DELETE FROM opm.appointment_type
Hibernate: DELETE FROM opm.role
Hibernate: DELETE FROM opm.service_type
Hibernate: DELETE FROM opm.retirement_type
Hibernate: DELETE FROM opm.account_status
Hibernate: DELETE FROM opm.country
Hibernate: DELETE FROM opm.state
Hibernate: DELETE FROM opm.period_type
Hibernate: DELETE FROM opm.suffix
Hibernate: DELETE FROM opm.form_type
Hibernate: insert into opm.contact_info (deleted, name, text) values (?, ?, ?)
Hibernate: SELECT COUNT(*) FROM opm.contact_info_history WHERE id=? AND action=?
Hibernate: select contactinf0_.id as id1_28_0_, contactinf0_.deleted as deleted2_28_0_, contactinf0_.name as name3_28_0_, contactinf0_.text as text4_28_0_ from opm.contact_info contactinf0_ where contactinf0_.id=?
Hibernate: update opm.contact_info set deleted=?, name=?, text=? where id=?
Hibernate: SELECT COUNT(*) FROM opm.contact_info_history WHERE id=? AND action=?
Hibernate: delete from opm.contact_info where id=?
Hibernate: select contactinf0_.id as id1_28_0_, contactinf0_.deleted as deleted2_28_0_, contactinf0_.name as name3_28_0_, contactinf0_.text as text4_28_0_ from opm.contact_info contactinf0_ where contactinf0_.id=?
Hibernate: SELECT COUNT(*) FROM opm.contact_info_history WHERE id=? AND action=?
Hibernate: DELETE FROM opm.batch_daily_payments
Hibernate: DELETE FROM opm.audit_batch
Hibernate: DELETE FROM opm.new_claim_number
Hibernate: DELETE FROM opm.annuitant_list
Hibernate: DELETE FROM opm.time_factor
Hibernate: DELETE FROM opm.contact_info
Hibernate: DELETE FROM opm.interest_suppression
Hibernate: DELETE FROM opm.gl_payment_type
Hibernate: DELETE FROM opm.scm_first_insert
Hibernate: DELETE FROM opm.holiday
Hibernate: DELETE FROM opm.deduction_rate
Hibernate: DELETE FROM opm.interest_grace_period
Hibernate: DELETE FROM opm.gl_code
Hibernate: DELETE FROM opm.claim_without_service
Hibernate: DELETE FROM opm.payment_transaction_note
Hibernate: DELETE FROM opm.payment_move_transaction
Hibernate: DELETE FROM opm.interest_rate
Hibernate: DELETE FROM opm.payment_interest_detail
Hibernate: DELETE FROM opm.adjustment_transaction
Hibernate: DELETE FROM opm.invoice
Hibernate: DELETE FROM opm.a01_print_suppression_case
Hibernate: DELETE FROM opm.user_account_assignment
Hibernate: DELETE FROM opm.payment_refund_link
Hibernate: DELETE FROM opm.role_permission
Hibernate: DELETE FROM opm.user_permission
Hibernate: DELETE FROM opm.service_credit_preference
Hibernate: DELETE FROM opm.account_confirmation_validation_entry
Hibernate: DELETE FROM opm.payment_reverse
Hibernate: DELETE FROM opm.payment
Hibernate: DELETE FROM opm.pay_trans_status_code
Hibernate: DELETE FROM opm.payments_applied_order_code
Hibernate: DELETE FROM opm.printout
Hibernate: DELETE FROM opm.related_help_items
Hibernate: DELETE FROM opm.help_item
Hibernate: DELETE FROM opm.notification_READBY
Hibernate: DELETE FROM opm.date_calculation_data
Hibernate: DELETE FROM opm.refund_transaction
Hibernate: DELETE FROM opm.audit_parameter_record
Hibernate: DELETE FROM opm.audit_record
Hibernate: DELETE FROM opm.dedeposit
Hibernate: DELETE FROM opm.redeposit
Hibernate: DELETE FROM opm.calculation_result_item
Hibernate: DELETE FROM opm.calculation
Hibernate: DELETE FROM opm.fers_redeposit
Hibernate: DELETE FROM opm.fers_deposit
Hibernate: DELETE FROM opm.calculation_version
Hibernate: DELETE FROM opm.calculation_result
Hibernate: DELETE FROM opm.summary_data
Hibernate: DELETE FROM opm.billing
Hibernate: DELETE FROM opm.account_note
Hibernate: DELETE FROM opm.account
Hibernate: DELETE FROM opm.account_confirmation_validation
Hibernate: DELETE FROM opm.billing_summary
Hibernate: DELETE FROM opm.account_holder
Hibernate: DELETE FROM opm.address
Hibernate: DELETE FROM opm.error
Hibernate: DELETE FROM opm.info
Hibernate: DELETE FROM opm.notification
Hibernate: DELETE FROM opm.app_user
Hibernate: DELETE FROM opm.batch_daily_payments_history
Hibernate: DELETE FROM opm.audit_batch_history
Hibernate: DELETE FROM opm.new_claim_number_history
Hibernate: DELETE FROM opm.annuitant_list_history
Hibernate: DELETE FROM opm.time_factor_history
Hibernate: DELETE FROM opm.contact_info_history
Hibernate: DELETE FROM opm.interest_suppression_history
Hibernate: DELETE FROM opm.gl_payment_type_history
Hibernate: DELETE FROM opm.scm_first_insert_history
Hibernate: DELETE FROM opm.holiday_history
Hibernate: DELETE FROM opm.deduction_rate_history
Hibernate: DELETE FROM opm.interest_grace_period_history
Hibernate: DELETE FROM opm.gl_code_history
Hibernate: DELETE FROM opm.claim_without_service_history
Hibernate: DELETE FROM opm.payment_transaction_note_history
Hibernate: DELETE FROM opm.payment_move_transaction_history
Hibernate: DELETE FROM opm.interest_rate_history
Hibernate: DELETE FROM opm.payment_interest_detail_history
Hibernate: DELETE FROM opm.adjustment_transaction_history
Hibernate: DELETE FROM opm.invoice_history
Hibernate: DELETE FROM opm.a01_print_suppression_case_history
Hibernate: DELETE FROM opm.user_account_assignment_history
Hibernate: DELETE FROM opm.payment_refund_link_history
Hibernate: DELETE FROM opm.payments_applied_order_code_history
Hibernate: DELETE FROM opm.service_credit_preference_history
Hibernate: DELETE FROM opm.account_confirmation_validation_entry_history
Hibernate: DELETE FROM opm.account_confirmation_validation_history
Hibernate: DELETE FROM opm.payment_reverse_history
Hibernate: DELETE FROM opm.payment_history
Hibernate: DELETE FROM opm.pay_trans_status_code_history
Hibernate: DELETE FROM opm.notification_READBY_history
Hibernate: DELETE FROM opm.refund_transaction_history
Hibernate: DELETE FROM opm.summary_data_history
Hibernate: DELETE FROM opm.dedeposit_history
Hibernate: DELETE FROM opm.redeposit_history
Hibernate: DELETE FROM opm.calculation_result_item_history
Hibernate: DELETE FROM opm.calculation_result_history
Hibernate: DELETE FROM opm.calculation_history
Hibernate: DELETE FROM opm.fers_redeposit_history
Hibernate: DELETE FROM opm.fers_deposit_history
Hibernate: DELETE FROM opm.calculation_version_history
Hibernate: DELETE FROM opm.billing_history
Hibernate: DELETE FROM opm.billing_summary_history
Hibernate: DELETE FROM opm.account_note_history
Hibernate: DELETE FROM opm.address_history
Hibernate: DELETE FROM opm.account_history
Hibernate: DELETE FROM opm.account_holder_history
Hibernate: DELETE FROM opm.error_history
Hibernate: DELETE FROM opm.info_history
Hibernate: DELETE FROM opm.notification_history
Hibernate: DELETE FROM opm.app_user_history
Hibernate: DELETE FROM opm.change_trans_field_number_code
Hibernate: DELETE FROM opm.pay_code
Hibernate: DELETE FROM opm.payment_applied_order
Hibernate: DELETE FROM opm.agency_code
Hibernate: DELETE FROM opm.calculation_status
Hibernate: DELETE FROM opm.transfer_type
Hibernate: DELETE FROM opm.user_status
Hibernate: DELETE FROM opm.claim_officer
Hibernate: DELETE FROM opm.payment_status
Hibernate: DELETE FROM opm.application_designation
Hibernate: DELETE FROM opm.payment_reversal_reason
Hibernate: DELETE FROM opm.pay_type
Hibernate: DELETE FROM opm.appointment_type
Hibernate: DELETE FROM opm.role
Hibernate: DELETE FROM opm.service_type
Hibernate: DELETE FROM opm.retirement_type
Hibernate: DELETE FROM opm.account_status
Hibernate: DELETE FROM opm.country
Hibernate: DELETE FROM opm.state
Hibernate: DELETE FROM opm.period_type
Hibernate: DELETE FROM opm.suffix
Hibernate: DELETE FROM opm.form_type
Hibernate: DELETE FROM opm.batch_daily_payments
Hibernate: DELETE FROM opm.audit_batch
Hibernate: DELETE FROM opm.new_claim_number
Hibernate: DELETE FROM opm.annuitant_list
Hibernate: DELETE FROM opm.time_factor
Hibernate: DELETE FROM opm.contact_info
Hibernate: DELETE FROM opm.interest_suppression
Hibernate: DELETE FROM opm.gl_payment_type
Hibernate: DELETE FROM opm.scm_first_insert
Hibernate: DELETE FROM opm.holiday
Hibernate: DELETE FROM opm.deduction_rate
Hibernate: DELETE FROM opm.interest_grace_period
Hibernate: DELETE FROM opm.gl_code
Hibernate: DELETE FROM opm.claim_without_service
Hibernate: DELETE FROM opm.payment_transaction_note
Hibernate: DELETE FROM opm.payment_move_transaction
Hibernate: DELETE FROM opm.interest_rate
Hibernate: DELETE FROM opm.payment_interest_detail
Hibernate: DELETE FROM opm.adjustment_transaction
Hibernate: DELETE FROM opm.invoice
Hibernate: DELETE FROM opm.a01_print_suppression_case
Hibernate: DELETE FROM opm.user_account_assignment
Hibernate: DELETE FROM opm.payment_refund_link
Hibernate: DELETE FROM opm.role_permission
Hibernate: DELETE FROM opm.user_permission
Hibernate: DELETE FROM opm.service_credit_preference
Hibernate: DELETE FROM opm.account_confirmation_validation_entry
Hibernate: DELETE FROM opm.payment_reverse
Hibernate: DELETE FROM opm.payment
Hibernate: DELETE FROM opm.pay_trans_status_code
Hibernate: DELETE FROM opm.payments_applied_order_code
Hibernate: DELETE FROM opm.printout
Hibernate: DELETE FROM opm.related_help_items
Hibernate: DELETE FROM opm.help_item
Hibernate: DELETE FROM opm.notification_READBY
Hibernate: DELETE FROM opm.date_calculation_data
Hibernate: DELETE FROM opm.refund_transaction
Hibernate: DELETE FROM opm.audit_parameter_record
Hibernate: DELETE FROM opm.audit_record
Hibernate: DELETE FROM opm.dedeposit
Hibernate: DELETE FROM opm.redeposit
Hibernate: DELETE FROM opm.calculation_result_item
Hibernate: DELETE FROM opm.calculation
Hibernate: DELETE FROM opm.fers_redeposit
Hibernate: DELETE FROM opm.fers_deposit
Hibernate: DELETE FROM opm.calculation_version
Hibernate: DELETE FROM opm.calculation_result
Hibernate: DELETE FROM opm.summary_data
Hibernate: DELETE FROM opm.billing
Hibernate: DELETE FROM opm.account_note
Hibernate: DELETE FROM opm.account
Hibernate: DELETE FROM opm.account_confirmation_validation
Hibernate: DELETE FROM opm.billing_summary
Hibernate: DELETE FROM opm.account_holder
Hibernate: DELETE FROM opm.address
Hibernate: DELETE FROM opm.error
Hibernate: DELETE FROM opm.info
Hibernate: DELETE FROM opm.notification
Hibernate: DELETE FROM opm.app_user
Hibernate: DELETE FROM opm.batch_daily_payments_history
Hibernate: DELETE FROM opm.audit_batch_history
Hibernate: DELETE FROM opm.new_claim_number_history
Hibernate: DELETE FROM opm.annuitant_list_history
Hibernate: DELETE FROM opm.time_factor_history
Hibernate: DELETE FROM opm.contact_info_history
Hibernate: DELETE FROM opm.interest_suppression_history
Hibernate: DELETE FROM opm.gl_payment_type_history
Hibernate: DELETE FROM opm.scm_first_insert_history
Hibernate: DELETE FROM opm.holiday_history
Hibernate: DELETE FROM opm.deduction_rate_history
Hibernate: DELETE FROM opm.interest_grace_period_history
Hibernate: DELETE FROM opm.gl_code_history
Hibernate: DELETE FROM opm.claim_without_service_history
Hibernate: DELETE FROM opm.payment_transaction_note_history
Hibernate: DELETE FROM opm.payment_move_transaction_history
Hibernate: DELETE FROM opm.interest_rate_history
Hibernate: DELETE FROM opm.payment_interest_detail_history
Hibernate: DELETE FROM opm.adjustment_transaction_history
Hibernate: DELETE FROM opm.invoice_history
Hibernate: DELETE FROM opm.a01_print_suppression_case_history
Hibernate: DELETE FROM opm.user_account_assignment_history
Hibernate: DELETE FROM opm.payment_refund_link_history
Hibernate: DELETE FROM opm.payments_applied_order_code_history
Hibernate: DELETE FROM opm.service_credit_preference_history
Hibernate: DELETE FROM opm.account_confirmation_validation_entry_history
Hibernate: DELETE FROM opm.account_confirmation_validation_history
Hibernate: DELETE FROM opm.payment_reverse_history
Hibernate: DELETE FROM opm.payment_history
Hibernate: DELETE FROM opm.pay_trans_status_code_history
Hibernate: DELETE FROM opm.notification_READBY_history
Hibernate: DELETE FROM opm.refund_transaction_history
Hibernate: DELETE FROM opm.summary_data_history
Hibernate: DELETE FROM opm.dedeposit_history
Hibernate: DELETE FROM opm.redeposit_history
Hibernate: DELETE FROM opm.calculation_result_item_history
Hibernate: DELETE FROM opm.calculation_result_history
Hibernate: DELETE FROM opm.calculation_history
Hibernate: DELETE FROM opm.fers_redeposit_history
Hibernate: DELETE FROM opm.fers_deposit_history
Hibernate: DELETE FROM opm.calculation_version_history
Hibernate: DELETE FROM opm.billing_history
Hibernate: DELETE FROM opm.billing_summary_history
Hibernate: DELETE FROM opm.account_note_history
Hibernate: DELETE FROM opm.address_history
Hibernate: DELETE FROM opm.account_history
Hibernate: DELETE FROM opm.account_holder_history
Hibernate: DELETE FROM opm.error_history
Hibernate: DELETE FROM opm.info_history
Hibernate: DELETE FROM opm.notification_history
Hibernate: DELETE FROM opm.app_user_history
Hibernate: DELETE FROM opm.change_trans_field_number_code
Hibernate: DELETE FROM opm.pay_code
Hibernate: DELETE FROM opm.payment_applied_order
Hibernate: DELETE FROM opm.agency_code
Hibernate: DELETE FROM opm.calculation_status
Hibernate: DELETE FROM opm.transfer_type
Hibernate: DELETE FROM opm.user_status
Hibernate: DELETE FROM opm.claim_officer
Hibernate: DELETE FROM opm.payment_status
Hibernate: DELETE FROM opm.application_designation
Hibernate: DELETE FROM opm.payment_reversal_reason
Hibernate: DELETE FROM opm.pay_type
Hibernate: DELETE FROM opm.appointment_type
Hibernate: DELETE FROM opm.role
Hibernate: DELETE FROM opm.service_type
Hibernate: DELETE FROM opm.retirement_type
Hibernate: DELETE FROM opm.account_status
Hibernate: DELETE FROM opm.country
Hibernate: DELETE FROM opm.state
Hibernate: DELETE FROM opm.period_type
Hibernate: DELETE FROM opm.suffix
Hibernate: DELETE FROM opm.form_type
Hibernate: insert into opm.interest_suppression (deleted, claim_number, fers_deposit, post_982_deposit, post_982_redeposit, pre_1082_deposit, pre_1082_redeposit) values (?, ?, ?, ?, ?, ?, ?)
Hibernate: SELECT COUNT(*) FROM opm.interest_suppression_history WHERE id=? AND action=?
Hibernate: select interestsu0_.id as id1_43_0_, interestsu0_.deleted as deleted2_43_0_, interestsu0_.claim_number as claim3_43_0_, interestsu0_.fers_deposit as fers4_43_0_, interestsu0_.post_982_deposit as post5_43_0_, interestsu0_.post_982_redeposit as post6_43_0_, interestsu0_.pre_1082_deposit as pre7_43_0_, interestsu0_.pre_1082_redeposit as pre8_43_0_ from opm.interest_suppression interestsu0_ where interestsu0_.id=?
Hibernate: update opm.interest_suppression set deleted=?, claim_number=?, fers_deposit=?, post_982_deposit=?, post_982_redeposit=?, pre_1082_deposit=?, pre_1082_redeposit=? where id=?
Hibernate: SELECT COUNT(*) FROM opm.interest_suppression_history WHERE id=? AND action=?
Hibernate: delete from opm.interest_suppression where id=?
Hibernate: select interestsu0_.id as id1_43_0_, interestsu0_.deleted as deleted2_43_0_, interestsu0_.claim_number as claim3_43_0_, interestsu0_.fers_deposit as fers4_43_0_, interestsu0_.post_982_deposit as post5_43_0_, interestsu0_.post_982_redeposit as post6_43_0_, interestsu0_.pre_1082_deposit as pre7_43_0_, interestsu0_.pre_1082_redeposit as pre8_43_0_ from opm.interest_suppression interestsu0_ where interestsu0_.id=?
Hibernate: SELECT COUNT(*) FROM opm.interest_suppression_history WHERE id=? AND action=?
Hibernate: DELETE FROM opm.batch_daily_payments
Hibernate: DELETE FROM opm.audit_batch
Hibernate: DELETE FROM opm.new_claim_number
Hibernate: DELETE FROM opm.annuitant_list
Hibernate: DELETE FROM opm.time_factor
Hibernate: DELETE FROM opm.contact_info
Hibernate: DELETE FROM opm.interest_suppression
Hibernate: DELETE FROM opm.gl_payment_type
Hibernate: DELETE FROM opm.scm_first_insert
Hibernate: DELETE FROM opm.holiday
Hibernate: DELETE FROM opm.deduction_rate
Hibernate: DELETE FROM opm.interest_grace_period
Hibernate: DELETE FROM opm.gl_code
Hibernate: DELETE FROM opm.claim_without_service
Hibernate: DELETE FROM opm.payment_transaction_note
Hibernate: DELETE FROM opm.payment_move_transaction
Hibernate: DELETE FROM opm.interest_rate
Hibernate: DELETE FROM opm.payment_interest_detail
Hibernate: DELETE FROM opm.adjustment_transaction
Hibernate: DELETE FROM opm.invoice
Hibernate: DELETE FROM opm.a01_print_suppression_case
Hibernate: DELETE FROM opm.user_account_assignment
Hibernate: DELETE FROM opm.payment_refund_link
Hibernate: DELETE FROM opm.role_permission
Hibernate: DELETE FROM opm.user_permission
Hibernate: DELETE FROM opm.service_credit_preference
Hibernate: DELETE FROM opm.account_confirmation_validation_entry
Hibernate: DELETE FROM opm.payment_reverse
Hibernate: DELETE FROM opm.payment
Hibernate: DELETE FROM opm.pay_trans_status_code
Hibernate: DELETE FROM opm.payments_applied_order_code
Hibernate: DELETE FROM opm.printout
Hibernate: DELETE FROM opm.related_help_items
Hibernate: DELETE FROM opm.help_item
Hibernate: DELETE FROM opm.notification_READBY
Hibernate: DELETE FROM opm.date_calculation_data
Hibernate: DELETE FROM opm.refund_transaction
Hibernate: DELETE FROM opm.audit_parameter_record
Hibernate: DELETE FROM opm.audit_record
Hibernate: DELETE FROM opm.dedeposit
Hibernate: DELETE FROM opm.redeposit
Hibernate: DELETE FROM opm.calculation_result_item
Hibernate: DELETE FROM opm.calculation
Hibernate: DELETE FROM opm.fers_redeposit
Hibernate: DELETE FROM opm.fers_deposit
Hibernate: DELETE FROM opm.calculation_version
Hibernate: DELETE FROM opm.calculation_result
Hibernate: DELETE FROM opm.summary_data
Hibernate: DELETE FROM opm.billing
Hibernate: DELETE FROM opm.account_note
Hibernate: DELETE FROM opm.account
Hibernate: DELETE FROM opm.account_confirmation_validation
Hibernate: DELETE FROM opm.billing_summary
Hibernate: DELETE FROM opm.account_holder
Hibernate: DELETE FROM opm.address
Hibernate: DELETE FROM opm.error
Hibernate: DELETE FROM opm.info
Hibernate: DELETE FROM opm.notification
Hibernate: DELETE FROM opm.app_user
Hibernate: DELETE FROM opm.batch_daily_payments_history
Hibernate: DELETE FROM opm.audit_batch_history
Hibernate: DELETE FROM opm.new_claim_number_history
Hibernate: DELETE FROM opm.annuitant_list_history
Hibernate: DELETE FROM opm.time_factor_history
Hibernate: DELETE FROM opm.contact_info_history
Hibernate: DELETE FROM opm.interest_suppression_history
Hibernate: DELETE FROM opm.gl_payment_type_history
Hibernate: DELETE FROM opm.scm_first_insert_history
Hibernate: DELETE FROM opm.holiday_history
Hibernate: DELETE FROM opm.deduction_rate_history
Hibernate: DELETE FROM opm.interest_grace_period_history
Hibernate: DELETE FROM opm.gl_code_history
Hibernate: DELETE FROM opm.claim_without_service_history
Hibernate: DELETE FROM opm.payment_transaction_note_history
Hibernate: DELETE FROM opm.payment_move_transaction_history
Hibernate: DELETE FROM opm.interest_rate_history
Hibernate: DELETE FROM opm.payment_interest_detail_history
Hibernate: DELETE FROM opm.adjustment_transaction_history
Hibernate: DELETE FROM opm.invoice_history
Hibernate: DELETE FROM opm.a01_print_suppression_case_history
Hibernate: DELETE FROM opm.user_account_assignment_history
Hibernate: DELETE FROM opm.payment_refund_link_history
Hibernate: DELETE FROM opm.payments_applied_order_code_history
Hibernate: DELETE FROM opm.service_credit_preference_history
Hibernate: DELETE FROM opm.account_confirmation_validation_entry_history
Hibernate: DELETE FROM opm.account_confirmation_validation_history
Hibernate: DELETE FROM opm.payment_reverse_history
Hibernate: DELETE FROM opm.payment_history
Hibernate: DELETE FROM opm.pay_trans_status_code_history
Hibernate: DELETE FROM opm.notification_READBY_history
Hibernate: DELETE FROM opm.refund_transaction_history
Hibernate: DELETE FROM opm.summary_data_history
Hibernate: DELETE FROM opm.dedeposit_history
Hibernate: DELETE FROM opm.redeposit_history
Hibernate: DELETE FROM opm.calculation_result_item_history
Hibernate: DELETE FROM opm.calculation_result_history
Hibernate: DELETE FROM opm.calculation_history
Hibernate: DELETE FROM opm.fers_redeposit_history
Hibernate: DELETE FROM opm.fers_deposit_history
Hibernate: DELETE FROM opm.calculation_version_history
Hibernate: DELETE FROM opm.billing_history
Hibernate: DELETE FROM opm.billing_summary_history
Hibernate: DELETE FROM opm.account_note_history
Hibernate: DELETE FROM opm.address_history
Hibernate: DELETE FROM opm.account_history
Hibernate: DELETE FROM opm.account_holder_history
Hibernate: DELETE FROM opm.error_history
Hibernate: DELETE FROM opm.info_history
Hibernate: DELETE FROM opm.notification_history
Hibernate: DELETE FROM opm.app_user_history
Hibernate: DELETE FROM opm.change_trans_field_number_code
Hibernate: DELETE FROM opm.pay_code
Hibernate: DELETE FROM opm.payment_applied_order
Hibernate: DELETE FROM opm.agency_code
Hibernate: DELETE FROM opm.calculation_status
Hibernate: DELETE FROM opm.transfer_type
Hibernate: DELETE FROM opm.user_status
Hibernate: DELETE FROM opm.claim_officer
Hibernate: DELETE FROM opm.payment_status
Hibernate: DELETE FROM opm.application_designation
Hibernate: DELETE FROM opm.payment_reversal_reason
Hibernate: DELETE FROM opm.pay_type
Hibernate: DELETE FROM opm.appointment_type
Hibernate: DELETE FROM opm.role
Hibernate: DELETE FROM opm.service_type
Hibernate: DELETE FROM opm.retirement_type
Hibernate: DELETE FROM opm.account_status
Hibernate: DELETE FROM opm.country
Hibernate: DELETE FROM opm.state
Hibernate: DELETE FROM opm.period_type
Hibernate: DELETE FROM opm.suffix
Hibernate: DELETE FROM opm.form_type
Hibernate: DELETE FROM opm.batch_daily_payments
Hibernate: DELETE FROM opm.audit_batch
Hibernate: DELETE FROM opm.new_claim_number
Hibernate: DELETE FROM opm.annuitant_list
Hibernate: DELETE FROM opm.time_factor
Hibernate: DELETE FROM opm.contact_info
Hibernate: DELETE FROM opm.interest_suppression
Hibernate: DELETE FROM opm.gl_payment_type
Hibernate: DELETE FROM opm.scm_first_insert
Hibernate: DELETE FROM opm.holiday
Hibernate: DELETE FROM opm.deduction_rate
Hibernate: DELETE FROM opm.interest_grace_period
Hibernate: DELETE FROM opm.gl_code
Hibernate: DELETE FROM opm.claim_without_service
Hibernate: DELETE FROM opm.payment_transaction_note
Hibernate: DELETE FROM opm.payment_move_transaction
Hibernate: DELETE FROM opm.interest_rate
Hibernate: DELETE FROM opm.payment_interest_detail
Hibernate: DELETE FROM opm.adjustment_transaction
Hibernate: DELETE FROM opm.invoice
Hibernate: DELETE FROM opm.a01_print_suppression_case
Hibernate: DELETE FROM opm.user_account_assignment
Hibernate: DELETE FROM opm.payment_refund_link
Hibernate: DELETE FROM opm.role_permission
Hibernate: DELETE FROM opm.user_permission
Hibernate: DELETE FROM opm.service_credit_preference
Hibernate: DELETE FROM opm.account_confirmation_validation_entry
Hibernate: DELETE FROM opm.payment_reverse
Hibernate: DELETE FROM opm.payment
Hibernate: DELETE FROM opm.pay_trans_status_code
Hibernate: DELETE FROM opm.payments_applied_order_code
Hibernate: DELETE FROM opm.printout
Hibernate: DELETE FROM opm.related_help_items
Hibernate: DELETE FROM opm.help_item
Hibernate: DELETE FROM opm.notification_READBY
Hibernate: DELETE FROM opm.date_calculation_data
Hibernate: DELETE FROM opm.refund_transaction
Hibernate: DELETE FROM opm.audit_parameter_record
Hibernate: DELETE FROM opm.audit_record
Hibernate: DELETE FROM opm.dedeposit
Hibernate: DELETE FROM opm.redeposit
Hibernate: DELETE FROM opm.calculation_result_item
Hibernate: DELETE FROM opm.calculation
Hibernate: DELETE FROM opm.fers_redeposit
Hibernate: DELETE FROM opm.fers_deposit
Hibernate: DELETE FROM opm.calculation_version
Hibernate: DELETE FROM opm.calculation_result
Hibernate: DELETE FROM opm.summary_data
Hibernate: DELETE FROM opm.billing
Hibernate: DELETE FROM opm.account_note
Hibernate: DELETE FROM opm.account
Hibernate: DELETE FROM opm.account_confirmation_validation
Hibernate: DELETE FROM opm.billing_summary
Hibernate: DELETE FROM opm.account_holder
Hibernate: DELETE FROM opm.address
Hibernate: DELETE FROM opm.error
Hibernate: DELETE FROM opm.info
Hibernate: DELETE FROM opm.notification
Hibernate: DELETE FROM opm.app_user
Hibernate: DELETE FROM opm.batch_daily_payments_history
Hibernate: DELETE FROM opm.audit_batch_history
Hibernate: DELETE FROM opm.new_claim_number_history
Hibernate: DELETE FROM opm.annuitant_list_history
Hibernate: DELETE FROM opm.time_factor_history
Hibernate: DELETE FROM opm.contact_info_history
Hibernate: DELETE FROM opm.interest_suppression_history
Hibernate: DELETE FROM opm.gl_payment_type_history
Hibernate: DELETE FROM opm.scm_first_insert_history
Hibernate: DELETE FROM opm.holiday_history
Hibernate: DELETE FROM opm.deduction_rate_history
Hibernate: DELETE FROM opm.interest_grace_period_history
Hibernate: DELETE FROM opm.gl_code_history
Hibernate: DELETE FROM opm.claim_without_service_history
Hibernate: DELETE FROM opm.payment_transaction_note_history
Hibernate: DELETE FROM opm.payment_move_transaction_history
Hibernate: DELETE FROM opm.interest_rate_history
Hibernate: DELETE FROM opm.payment_interest_detail_history
Hibernate: DELETE FROM opm.adjustment_transaction_history
Hibernate: DELETE FROM opm.invoice_history
Hibernate: DELETE FROM opm.a01_print_suppression_case_history
Hibernate: DELETE FROM opm.user_account_assignment_history
Hibernate: DELETE FROM opm.payment_refund_link_history
Hibernate: DELETE FROM opm.payments_applied_order_code_history
Hibernate: DELETE FROM opm.service_credit_preference_history
Hibernate: DELETE FROM opm.account_confirmation_validation_entry_history
Hibernate: DELETE FROM opm.account_confirmation_validation_history
Hibernate: DELETE FROM opm.payment_reverse_history
Hibernate: DELETE FROM opm.payment_history
Hibernate: DELETE FROM opm.pay_trans_status_code_history
Hibernate: DELETE FROM opm.notification_READBY_history
Hibernate: DELETE FROM opm.refund_transaction_history
Hibernate: DELETE FROM opm.summary_data_history
Hibernate: DELETE FROM opm.dedeposit_history
Hibernate: DELETE FROM opm.redeposit_history
Hibernate: DELETE FROM opm.calculation_result_item_history
Hibernate: DELETE FROM opm.calculation_result_history
Hibernate: DELETE FROM opm.calculation_history
Hibernate: DELETE FROM opm.fers_redeposit_history
Hibernate: DELETE FROM opm.fers_deposit_history
Hibernate: DELETE FROM opm.calculation_version_history
Hibernate: DELETE FROM opm.billing_history
Hibernate: DELETE FROM opm.billing_summary_history
Hibernate: DELETE FROM opm.account_note_history
Hibernate: DELETE FROM opm.address_history
Hibernate: DELETE FROM opm.account_history
Hibernate: DELETE FROM opm.account_holder_history
Hibernate: DELETE FROM opm.error_history
Hibernate: DELETE FROM opm.info_history
Hibernate: DELETE FROM opm.notification_history
Hibernate: DELETE FROM opm.app_user_history
Hibernate: DELETE FROM opm.change_trans_field_number_code
Hibernate: DELETE FROM opm.pay_code
Hibernate: DELETE FROM opm.payment_applied_order
Hibernate: DELETE FROM opm.agency_code
Hibernate: DELETE FROM opm.calculation_status
Hibernate: DELETE FROM opm.transfer_type
Hibernate: DELETE FROM opm.user_status
Hibernate: DELETE FROM opm.claim_officer
Hibernate: DELETE FROM opm.payment_status
Hibernate: DELETE FROM opm.application_designation
Hibernate: DELETE FROM opm.payment_reversal_reason
Hibernate: DELETE FROM opm.pay_type
Hibernate: DELETE FROM opm.appointment_type
Hibernate: DELETE FROM opm.role
Hibernate: DELETE FROM opm.service_type
Hibernate: DELETE FROM opm.retirement_type
Hibernate: DELETE FROM opm.account_status
Hibernate: DELETE FROM opm.country
Hibernate: DELETE FROM opm.state
Hibernate: DELETE FROM opm.period_type
Hibernate: DELETE FROM opm.suffix
Hibernate: DELETE FROM opm.form_type
Hibernate: insert into opm.gl_payment_type (deleted, code_description, payment_code) values (?, ?, ?)
Hibernate: SELECT COUNT(*) FROM opm.gl_payment_type_history WHERE id=? AND action=?
Hibernate: select glpaymentt0_.id as id1_37_0_, glpaymentt0_.deleted as deleted2_37_0_, glpaymentt0_.code_description as code3_37_0_, glpaymentt0_.payment_code as payment4_37_0_ from opm.gl_payment_type glpaymentt0_ where glpaymentt0_.id=?
Hibernate: update opm.gl_payment_type set deleted=?, code_description=?, payment_code=? where id=?
Hibernate: SELECT COUNT(*) FROM opm.gl_payment_type_history WHERE id=? AND action=?
Hibernate: delete from opm.gl_payment_type where id=?
Hibernate: select glpaymentt0_.id as id1_37_0_, glpaymentt0_.deleted as deleted2_37_0_, glpaymentt0_.code_description as code3_37_0_, glpaymentt0_.payment_code as payment4_37_0_ from opm.gl_payment_type glpaymentt0_ where glpaymentt0_.id=?
Hibernate: SELECT COUNT(*) FROM opm.gl_payment_type_history WHERE id=? AND action=?
Hibernate: DELETE FROM opm.batch_daily_payments
Hibernate: DELETE FROM opm.audit_batch
Hibernate: DELETE FROM opm.new_claim_number
Hibernate: DELETE FROM opm.annuitant_list
Hibernate: DELETE FROM opm.time_factor
Hibernate: DELETE FROM opm.contact_info
Hibernate: DELETE FROM opm.interest_suppression
Hibernate: DELETE FROM opm.gl_payment_type
Hibernate: DELETE FROM opm.scm_first_insert
Hibernate: DELETE FROM opm.holiday
Hibernate: DELETE FROM opm.deduction_rate
Hibernate: DELETE FROM opm.interest_grace_period
Hibernate: DELETE FROM opm.gl_code
Hibernate: DELETE FROM opm.claim_without_service
Hibernate: DELETE FROM opm.payment_transaction_note
Hibernate: DELETE FROM opm.payment_move_transaction
Hibernate: DELETE FROM opm.interest_rate
Hibernate: DELETE FROM opm.payment_interest_detail
Hibernate: DELETE FROM opm.adjustment_transaction
Hibernate: DELETE FROM opm.invoice
Hibernate: DELETE FROM opm.a01_print_suppression_case
Hibernate: DELETE FROM opm.user_account_assignment
Hibernate: DELETE FROM opm.payment_refund_link
Hibernate: DELETE FROM opm.role_permission
Hibernate: DELETE FROM opm.user_permission
Hibernate: DELETE FROM opm.service_credit_preference
Hibernate: DELETE FROM opm.account_confirmation_validation_entry
Hibernate: DELETE FROM opm.payment_reverse
Hibernate: DELETE FROM opm.payment
Hibernate: DELETE FROM opm.pay_trans_status_code
Hibernate: DELETE FROM opm.payments_applied_order_code
Hibernate: DELETE FROM opm.printout
Hibernate: DELETE FROM opm.related_help_items
Hibernate: DELETE FROM opm.help_item
Hibernate: DELETE FROM opm.notification_READBY
Hibernate: DELETE FROM opm.date_calculation_data
Hibernate: DELETE FROM opm.refund_transaction
Hibernate: DELETE FROM opm.audit_parameter_record
Hibernate: DELETE FROM opm.audit_record
Hibernate: DELETE FROM opm.dedeposit
Hibernate: DELETE FROM opm.redeposit
Hibernate: DELETE FROM opm.calculation_result_item
Hibernate: DELETE FROM opm.calculation
Hibernate: DELETE FROM opm.fers_redeposit
Hibernate: DELETE FROM opm.fers_deposit
Hibernate: DELETE FROM opm.calculation_version
Hibernate: DELETE FROM opm.calculation_result
Hibernate: DELETE FROM opm.summary_data
Hibernate: DELETE FROM opm.billing
Hibernate: DELETE FROM opm.account_note
Hibernate: DELETE FROM opm.account
Hibernate: DELETE FROM opm.account_confirmation_validation
Hibernate: DELETE FROM opm.billing_summary
Hibernate: DELETE FROM opm.account_holder
Hibernate: DELETE FROM opm.address
Hibernate: DELETE FROM opm.error
Hibernate: DELETE FROM opm.info
Hibernate: DELETE FROM opm.notification
Hibernate: DELETE FROM opm.app_user
Hibernate: DELETE FROM opm.batch_daily_payments_history
Hibernate: DELETE FROM opm.audit_batch_history
Hibernate: DELETE FROM opm.new_claim_number_history
Hibernate: DELETE FROM opm.annuitant_list_history
Hibernate: DELETE FROM opm.time_factor_history
Hibernate: DELETE FROM opm.contact_info_history
Hibernate: DELETE FROM opm.interest_suppression_history
Hibernate: DELETE FROM opm.gl_payment_type_history
Hibernate: DELETE FROM opm.scm_first_insert_history
Hibernate: DELETE FROM opm.holiday_history
Hibernate: DELETE FROM opm.deduction_rate_history
Hibernate: DELETE FROM opm.interest_grace_period_history
Hibernate: DELETE FROM opm.gl_code_history
Hibernate: DELETE FROM opm.claim_without_service_history
Hibernate: DELETE FROM opm.payment_transaction_note_history
Hibernate: DELETE FROM opm.payment_move_transaction_history
Hibernate: DELETE FROM opm.interest_rate_history
Hibernate: DELETE FROM opm.payment_interest_detail_history
Hibernate: DELETE FROM opm.adjustment_transaction_history
Hibernate: DELETE FROM opm.invoice_history
Hibernate: DELETE FROM opm.a01_print_suppression_case_history
Hibernate: DELETE FROM opm.user_account_assignment_history
Hibernate: DELETE FROM opm.payment_refund_link_history
Hibernate: DELETE FROM opm.payments_applied_order_code_history
Hibernate: DELETE FROM opm.service_credit_preference_history
Hibernate: DELETE FROM opm.account_confirmation_validation_entry_history
Hibernate: DELETE FROM opm.account_confirmation_validation_history
Hibernate: DELETE FROM opm.payment_reverse_history
Hibernate: DELETE FROM opm.payment_history
Hibernate: DELETE FROM opm.pay_trans_status_code_history
Hibernate: DELETE FROM opm.notification_READBY_history
Hibernate: DELETE FROM opm.refund_transaction_history
Hibernate: DELETE FROM opm.summary_data_history
Hibernate: DELETE FROM opm.dedeposit_history
Hibernate: DELETE FROM opm.redeposit_history
Hibernate: DELETE FROM opm.calculation_result_item_history
Hibernate: DELETE FROM opm.calculation_result_history
Hibernate: DELETE FROM opm.calculation_history
Hibernate: DELETE FROM opm.fers_redeposit_history
Hibernate: DELETE FROM opm.fers_deposit_history
Hibernate: DELETE FROM opm.calculation_version_history
Hibernate: DELETE FROM opm.billing_history
Hibernate: DELETE FROM opm.billing_summary_history
Hibernate: DELETE FROM opm.account_note_history
Hibernate: DELETE FROM opm.address_history
Hibernate: DELETE FROM opm.account_history
Hibernate: DELETE FROM opm.account_holder_history
Hibernate: DELETE FROM opm.error_history
Hibernate: DELETE FROM opm.info_history
Hibernate: DELETE FROM opm.notification_history
Hibernate: DELETE FROM opm.app_user_history
Hibernate: DELETE FROM opm.change_trans_field_number_code
Hibernate: DELETE FROM opm.pay_code
Hibernate: DELETE FROM opm.payment_applied_order
Hibernate: DELETE FROM opm.agency_code
Hibernate: DELETE FROM opm.calculation_status
Hibernate: DELETE FROM opm.transfer_type
Hibernate: DELETE FROM opm.user_status
Hibernate: DELETE FROM opm.claim_officer
Hibernate: DELETE FROM opm.payment_status
Hibernate: DELETE FROM opm.application_designation
Hibernate: DELETE FROM opm.payment_reversal_reason
Hibernate: DELETE FROM opm.pay_type
Hibernate: DELETE FROM opm.appointment_type
Hibernate: DELETE FROM opm.role
Hibernate: DELETE FROM opm.service_type
Hibernate: DELETE FROM opm.retirement_type
Hibernate: DELETE FROM opm.account_status
Hibernate: DELETE FROM opm.country
Hibernate: DELETE FROM opm.state
Hibernate: DELETE FROM opm.period_type
Hibernate: DELETE FROM opm.suffix
Hibernate: DELETE FROM opm.form_type
Hibernate: DELETE FROM opm.batch_daily_payments
Hibernate: DELETE FROM opm.audit_batch
Hibernate: DELETE FROM opm.new_claim_number
Hibernate: DELETE FROM opm.annuitant_list
Hibernate: DELETE FROM opm.time_factor
Hibernate: DELETE FROM opm.contact_info
Hibernate: DELETE FROM opm.interest_suppression
Hibernate: DELETE FROM opm.gl_payment_type
Hibernate: DELETE FROM opm.scm_first_insert
Hibernate: DELETE FROM opm.holiday
Hibernate: DELETE FROM opm.deduction_rate
Hibernate: DELETE FROM opm.interest_grace_period
Hibernate: DELETE FROM opm.gl_code
Hibernate: DELETE FROM opm.claim_without_service
Hibernate: DELETE FROM opm.payment_transaction_note
Hibernate: DELETE FROM opm.payment_move_transaction
Hibernate: DELETE FROM opm.interest_rate
Hibernate: DELETE FROM opm.payment_interest_detail
Hibernate: DELETE FROM opm.adjustment_transaction
Hibernate: DELETE FROM opm.invoice
Hibernate: DELETE FROM opm.a01_print_suppression_case
Hibernate: DELETE FROM opm.user_account_assignment
Hibernate: DELETE FROM opm.payment_refund_link
Hibernate: DELETE FROM opm.role_permission
Hibernate: DELETE FROM opm.user_permission
Hibernate: DELETE FROM opm.service_credit_preference
Hibernate: DELETE FROM opm.account_confirmation_validation_entry
Hibernate: DELETE FROM opm.payment_reverse
Hibernate: DELETE FROM opm.payment
Hibernate: DELETE FROM opm.pay_trans_status_code
Hibernate: DELETE FROM opm.payments_applied_order_code
Hibernate: DELETE FROM opm.printout
Hibernate: DELETE FROM opm.related_help_items
Hibernate: DELETE FROM opm.help_item
Hibernate: DELETE FROM opm.notification_READBY
Hibernate: DELETE FROM opm.date_calculation_data
Hibernate: DELETE FROM opm.refund_transaction
Hibernate: DELETE FROM opm.audit_parameter_record
Hibernate: DELETE FROM opm.audit_record
Hibernate: DELETE FROM opm.dedeposit
Hibernate: DELETE FROM opm.redeposit
Hibernate: DELETE FROM opm.calculation_result_item
Hibernate: DELETE FROM opm.calculation
Hibernate: DELETE FROM opm.fers_redeposit
Hibernate: DELETE FROM opm.fers_deposit
Hibernate: DELETE FROM opm.calculation_version
Hibernate: DELETE FROM opm.calculation_result
Hibernate: DELETE FROM opm.summary_data
Hibernate: DELETE FROM opm.billing
Hibernate: DELETE FROM opm.account_note
Hibernate: DELETE FROM opm.account
Hibernate: DELETE FROM opm.account_confirmation_validation
Hibernate: DELETE FROM opm.billing_summary
Hibernate: DELETE FROM opm.account_holder
Hibernate: DELETE FROM opm.address
Hibernate: DELETE FROM opm.error
Hibernate: DELETE FROM opm.info
Hibernate: DELETE FROM opm.notification
Hibernate: DELETE FROM opm.app_user
Hibernate: DELETE FROM opm.batch_daily_payments_history
Hibernate: DELETE FROM opm.audit_batch_history
Hibernate: DELETE FROM opm.new_claim_number_history
Hibernate: DELETE FROM opm.annuitant_list_history
Hibernate: DELETE FROM opm.time_factor_history
Hibernate: DELETE FROM opm.contact_info_history
Hibernate: DELETE FROM opm.interest_suppression_history
Hibernate: DELETE FROM opm.gl_payment_type_history
Hibernate: DELETE FROM opm.scm_first_insert_history
Hibernate: DELETE FROM opm.holiday_history
Hibernate: DELETE FROM opm.deduction_rate_history
Hibernate: DELETE FROM opm.interest_grace_period_history
Hibernate: DELETE FROM opm.gl_code_history
Hibernate: DELETE FROM opm.claim_without_service_history
Hibernate: DELETE FROM opm.payment_transaction_note_history
Hibernate: DELETE FROM opm.payment_move_transaction_history
Hibernate: DELETE FROM opm.interest_rate_history
Hibernate: DELETE FROM opm.payment_interest_detail_history
Hibernate: DELETE FROM opm.adjustment_transaction_history
Hibernate: DELETE FROM opm.invoice_history
Hibernate: DELETE FROM opm.a01_print_suppression_case_history
Hibernate: DELETE FROM opm.user_account_assignment_history
Hibernate: DELETE FROM opm.payment_refund_link_history
Hibernate: DELETE FROM opm.payments_applied_order_code_history
Hibernate: DELETE FROM opm.service_credit_preference_history
Hibernate: DELETE FROM opm.account_confirmation_validation_entry_history
Hibernate: DELETE FROM opm.account_confirmation_validation_history
Hibernate: DELETE FROM opm.payment_reverse_history
Hibernate: DELETE FROM opm.payment_history
Hibernate: DELETE FROM opm.pay_trans_status_code_history
Hibernate: DELETE FROM opm.notification_READBY_history
Hibernate: DELETE FROM opm.refund_transaction_history
Hibernate: DELETE FROM opm.summary_data_history
Hibernate: DELETE FROM opm.dedeposit_history
Hibernate: DELETE FROM opm.redeposit_history
Hibernate: DELETE FROM opm.calculation_result_item_history
Hibernate: DELETE FROM opm.calculation_result_history
Hibernate: DELETE FROM opm.calculation_history
Hibernate: DELETE FROM opm.fers_redeposit_history
Hibernate: DELETE FROM opm.fers_deposit_history
Hibernate: DELETE FROM opm.calculation_version_history
Hibernate: DELETE FROM opm.billing_history
Hibernate: DELETE FROM opm.billing_summary_history
Hibernate: DELETE FROM opm.account_note_history
Hibernate: DELETE FROM opm.address_history
Hibernate: DELETE FROM opm.account_history
Hibernate: DELETE FROM opm.account_holder_history
Hibernate: DELETE FROM opm.error_history
Hibernate: DELETE FROM opm.info_history
Hibernate: DELETE FROM opm.notification_history
Hibernate: DELETE FROM opm.app_user_history
Hibernate: DELETE FROM opm.change_trans_field_number_code
Hibernate: DELETE FROM opm.pay_code
Hibernate: DELETE FROM opm.payment_applied_order
Hibernate: DELETE FROM opm.agency_code
Hibernate: DELETE FROM opm.calculation_status
Hibernate: DELETE FROM opm.transfer_type
Hibernate: DELETE FROM opm.user_status
Hibernate: DELETE FROM opm.claim_officer
Hibernate: DELETE FROM opm.payment_status
Hibernate: DELETE FROM opm.application_designation
Hibernate: DELETE FROM opm.payment_reversal_reason
Hibernate: DELETE FROM opm.pay_type
Hibernate: DELETE FROM opm.appointment_type
Hibernate: DELETE FROM opm.role
Hibernate: DELETE FROM opm.service_type
Hibernate: DELETE FROM opm.retirement_type
Hibernate: DELETE FROM opm.account_status
Hibernate: DELETE FROM opm.country
Hibernate: DELETE FROM opm.state
Hibernate: DELETE FROM opm.period_type
Hibernate: DELETE FROM opm.suffix
Hibernate: DELETE FROM opm.form_type
Hibernate: insert into opm.scm_first_insert (deleted, claim_number, last_action) values (?, ?, ?)
Hibernate: SELECT COUNT(*) FROM opm.scm_first_insert_history WHERE id=? AND action=?
Hibernate: select scmfirstin0_.id as id1_69_0_, scmfirstin0_.deleted as deleted2_69_0_, scmfirstin0_.claim_number as claim3_69_0_, scmfirstin0_.last_action as last4_69_0_ from opm.scm_first_insert scmfirstin0_ where scmfirstin0_.id=?
Hibernate: update opm.scm_first_insert set deleted=?, claim_number=?, last_action=? where id=?
Hibernate: SELECT COUNT(*) FROM opm.scm_first_insert_history WHERE id=? AND action=?
Hibernate: delete from opm.scm_first_insert where id=?
Hibernate: select scmfirstin0_.id as id1_69_0_, scmfirstin0_.deleted as deleted2_69_0_, scmfirstin0_.claim_number as claim3_69_0_, scmfirstin0_.last_action as last4_69_0_ from opm.scm_first_insert scmfirstin0_ where scmfirstin0_.id=?
Hibernate: SELECT COUNT(*) FROM opm.scm_first_insert_history WHERE id=? AND action=?
Hibernate: DELETE FROM opm.batch_daily_payments
Hibernate: DELETE FROM opm.audit_batch
Hibernate: DELETE FROM opm.new_claim_number
Hibernate: DELETE FROM opm.annuitant_list
Hibernate: DELETE FROM opm.time_factor
Hibernate: DELETE FROM opm.contact_info
Hibernate: DELETE FROM opm.interest_suppression
Hibernate: DELETE FROM opm.gl_payment_type
Hibernate: DELETE FROM opm.scm_first_insert
Hibernate: DELETE FROM opm.holiday
Hibernate: DELETE FROM opm.deduction_rate
Hibernate: DELETE FROM opm.interest_grace_period
Hibernate: DELETE FROM opm.gl_code
Hibernate: DELETE FROM opm.claim_without_service
Hibernate: DELETE FROM opm.payment_transaction_note
Hibernate: DELETE FROM opm.payment_move_transaction
Hibernate: DELETE FROM opm.interest_rate
Hibernate: DELETE FROM opm.payment_interest_detail
Hibernate: DELETE FROM opm.adjustment_transaction
Hibernate: DELETE FROM opm.invoice
Hibernate: DELETE FROM opm.a01_print_suppression_case
Hibernate: DELETE FROM opm.user_account_assignment
Hibernate: DELETE FROM opm.payment_refund_link
Hibernate: DELETE FROM opm.role_permission
Hibernate: DELETE FROM opm.user_permission
Hibernate: DELETE FROM opm.service_credit_preference
Hibernate: DELETE FROM opm.account_confirmation_validation_entry
Hibernate: DELETE FROM opm.payment_reverse
Hibernate: DELETE FROM opm.payment
Hibernate: DELETE FROM opm.pay_trans_status_code
Hibernate: DELETE FROM opm.payments_applied_order_code
Hibernate: DELETE FROM opm.printout
Hibernate: DELETE FROM opm.related_help_items
Hibernate: DELETE FROM opm.help_item
Hibernate: DELETE FROM opm.notification_READBY
Hibernate: DELETE FROM opm.date_calculation_data
Hibernate: DELETE FROM opm.refund_transaction
Hibernate: DELETE FROM opm.audit_parameter_record
Hibernate: DELETE FROM opm.audit_record
Hibernate: DELETE FROM opm.dedeposit
Hibernate: DELETE FROM opm.redeposit
Hibernate: DELETE FROM opm.calculation_result_item
Hibernate: DELETE FROM opm.calculation
Hibernate: DELETE FROM opm.fers_redeposit
Hibernate: DELETE FROM opm.fers_deposit
Hibernate: DELETE FROM opm.calculation_version
Hibernate: DELETE FROM opm.calculation_result
Hibernate: DELETE FROM opm.summary_data
Hibernate: DELETE FROM opm.billing
Hibernate: DELETE FROM opm.account_note
Hibernate: DELETE FROM opm.account
Hibernate: DELETE FROM opm.account_confirmation_validation
Hibernate: DELETE FROM opm.billing_summary
Hibernate: DELETE FROM opm.account_holder
Hibernate: DELETE FROM opm.address
Hibernate: DELETE FROM opm.error
Hibernate: DELETE FROM opm.info
Hibernate: DELETE FROM opm.notification
Hibernate: DELETE FROM opm.app_user
Hibernate: DELETE FROM opm.batch_daily_payments_history
Hibernate: DELETE FROM opm.audit_batch_history
Hibernate: DELETE FROM opm.new_claim_number_history
Hibernate: DELETE FROM opm.annuitant_list_history
Hibernate: DELETE FROM opm.time_factor_history
Hibernate: DELETE FROM opm.contact_info_history
Hibernate: DELETE FROM opm.interest_suppression_history
Hibernate: DELETE FROM opm.gl_payment_type_history
Hibernate: DELETE FROM opm.scm_first_insert_history
Hibernate: DELETE FROM opm.holiday_history
Hibernate: DELETE FROM opm.deduction_rate_history
Hibernate: DELETE FROM opm.interest_grace_period_history
Hibernate: DELETE FROM opm.gl_code_history
Hibernate: DELETE FROM opm.claim_without_service_history
Hibernate: DELETE FROM opm.payment_transaction_note_history
Hibernate: DELETE FROM opm.payment_move_transaction_history
Hibernate: DELETE FROM opm.interest_rate_history
Hibernate: DELETE FROM opm.payment_interest_detail_history
Hibernate: DELETE FROM opm.adjustment_transaction_history
Hibernate: DELETE FROM opm.invoice_history
Hibernate: DELETE FROM opm.a01_print_suppression_case_history
Hibernate: DELETE FROM opm.user_account_assignment_history
Hibernate: DELETE FROM opm.payment_refund_link_history
Hibernate: DELETE FROM opm.payments_applied_order_code_history
Hibernate: DELETE FROM opm.service_credit_preference_history
Hibernate: DELETE FROM opm.account_confirmation_validation_entry_history
Hibernate: DELETE FROM opm.account_confirmation_validation_history
Hibernate: DELETE FROM opm.payment_reverse_history
Hibernate: DELETE FROM opm.payment_history
Hibernate: DELETE FROM opm.pay_trans_status_code_history
Hibernate: DELETE FROM opm.notification_READBY_history
Hibernate: DELETE FROM opm.refund_transaction_history
Hibernate: DELETE FROM opm.summary_data_history
Hibernate: DELETE FROM opm.dedeposit_history
Hibernate: DELETE FROM opm.redeposit_history
Hibernate: DELETE FROM opm.calculation_result_item_history
Hibernate: DELETE FROM opm.calculation_result_history
Hibernate: DELETE FROM opm.calculation_history
Hibernate: DELETE FROM opm.fers_redeposit_history
Hibernate: DELETE FROM opm.fers_deposit_history
Hibernate: DELETE FROM opm.calculation_version_history
Hibernate: DELETE FROM opm.billing_history
Hibernate: DELETE FROM opm.billing_summary_history
Hibernate: DELETE FROM opm.account_note_history
Hibernate: DELETE FROM opm.address_history
Hibernate: DELETE FROM opm.account_history
Hibernate: DELETE FROM opm.account_holder_history
Hibernate: DELETE FROM opm.error_history
Hibernate: DELETE FROM opm.info_history
Hibernate: DELETE FROM opm.notification_history
Hibernate: DELETE FROM opm.app_user_history
Hibernate: DELETE FROM opm.change_trans_field_number_code
Hibernate: DELETE FROM opm.pay_code
Hibernate: DELETE FROM opm.payment_applied_order
Hibernate: DELETE FROM opm.agency_code
Hibernate: DELETE FROM opm.calculation_status
Hibernate: DELETE FROM opm.transfer_type
Hibernate: DELETE FROM opm.user_status
Hibernate: DELETE FROM opm.claim_officer
Hibernate: DELETE FROM opm.payment_status
Hibernate: DELETE FROM opm.application_designation
Hibernate: DELETE FROM opm.payment_reversal_reason
Hibernate: DELETE FROM opm.pay_type
Hibernate: DELETE FROM opm.appointment_type
Hibernate: DELETE FROM opm.role
Hibernate: DELETE FROM opm.service_type
Hibernate: DELETE FROM opm.retirement_type
Hibernate: DELETE FROM opm.account_status
Hibernate: DELETE FROM opm.country
Hibernate: DELETE FROM opm.state
Hibernate: DELETE FROM opm.period_type
Hibernate: DELETE FROM opm.suffix
Hibernate: DELETE FROM opm.form_type
Hibernate: DELETE FROM opm.batch_daily_payments
Hibernate: DELETE FROM opm.audit_batch
Hibernate: DELETE FROM opm.new_claim_number
Hibernate: DELETE FROM opm.annuitant_list
Hibernate: DELETE FROM opm.time_factor
Hibernate: DELETE FROM opm.contact_info
Hibernate: DELETE FROM opm.interest_suppression
Hibernate: DELETE FROM opm.gl_payment_type
Hibernate: DELETE FROM opm.scm_first_insert
Hibernate: DELETE FROM opm.holiday
Hibernate: DELETE FROM opm.deduction_rate
Hibernate: DELETE FROM opm.interest_grace_period
Hibernate: DELETE FROM opm.gl_code
Hibernate: DELETE FROM opm.claim_without_service
Hibernate: DELETE FROM opm.payment_transaction_note
Hibernate: DELETE FROM opm.payment_move_transaction
Hibernate: DELETE FROM opm.interest_rate
Hibernate: DELETE FROM opm.payment_interest_detail
Hibernate: DELETE FROM opm.adjustment_transaction
Hibernate: DELETE FROM opm.invoice
Hibernate: DELETE FROM opm.a01_print_suppression_case
Hibernate: DELETE FROM opm.user_account_assignment
Hibernate: DELETE FROM opm.payment_refund_link
Hibernate: DELETE FROM opm.role_permission
Hibernate: DELETE FROM opm.user_permission
Hibernate: DELETE FROM opm.service_credit_preference
Hibernate: DELETE FROM opm.account_confirmation_validation_entry
Hibernate: DELETE FROM opm.payment_reverse
Hibernate: DELETE FROM opm.payment
Hibernate: DELETE FROM opm.pay_trans_status_code
Hibernate: DELETE FROM opm.payments_applied_order_code
Hibernate: DELETE FROM opm.printout
Hibernate: DELETE FROM opm.related_help_items
Hibernate: DELETE FROM opm.help_item
Hibernate: DELETE FROM opm.notification_READBY
Hibernate: DELETE FROM opm.date_calculation_data
Hibernate: DELETE FROM opm.refund_transaction
Hibernate: DELETE FROM opm.audit_parameter_record
Hibernate: DELETE FROM opm.audit_record
Hibernate: DELETE FROM opm.dedeposit
Hibernate: DELETE FROM opm.redeposit
Hibernate: DELETE FROM opm.calculation_result_item
Hibernate: DELETE FROM opm.calculation
Hibernate: DELETE FROM opm.fers_redeposit
Hibernate: DELETE FROM opm.fers_deposit
Hibernate: DELETE FROM opm.calculation_version
Hibernate: DELETE FROM opm.calculation_result
Hibernate: DELETE FROM opm.summary_data
Hibernate: DELETE FROM opm.billing
Hibernate: DELETE FROM opm.account_note
Hibernate: DELETE FROM opm.account
Hibernate: DELETE FROM opm.account_confirmation_validation
Hibernate: DELETE FROM opm.billing_summary
Hibernate: DELETE FROM opm.account_holder
Hibernate: DELETE FROM opm.address
Hibernate: DELETE FROM opm.error
Hibernate: DELETE FROM opm.info
Hibernate: DELETE FROM opm.notification
Hibernate: DELETE FROM opm.app_user
Hibernate: DELETE FROM opm.batch_daily_payments_history
Hibernate: DELETE FROM opm.audit_batch_history
Hibernate: DELETE FROM opm.new_claim_number_history
Hibernate: DELETE FROM opm.annuitant_list_history
Hibernate: DELETE FROM opm.time_factor_history
Hibernate: DELETE FROM opm.contact_info_history
Hibernate: DELETE FROM opm.interest_suppression_history
Hibernate: DELETE FROM opm.gl_payment_type_history
Hibernate: DELETE FROM opm.scm_first_insert_history
Hibernate: DELETE FROM opm.holiday_history
Hibernate: DELETE FROM opm.deduction_rate_history
Hibernate: DELETE FROM opm.interest_grace_period_history
Hibernate: DELETE FROM opm.gl_code_history
Hibernate: DELETE FROM opm.claim_without_service_history
Hibernate: DELETE FROM opm.payment_transaction_note_history
Hibernate: DELETE FROM opm.payment_move_transaction_history
Hibernate: DELETE FROM opm.interest_rate_history
Hibernate: DELETE FROM opm.payment_interest_detail_history
Hibernate: DELETE FROM opm.adjustment_transaction_history
Hibernate: DELETE FROM opm.invoice_history
Hibernate: DELETE FROM opm.a01_print_suppression_case_history
Hibernate: DELETE FROM opm.user_account_assignment_history
Hibernate: DELETE FROM opm.payment_refund_link_history
Hibernate: DELETE FROM opm.payments_applied_order_code_history
Hibernate: DELETE FROM opm.service_credit_preference_history
Hibernate: DELETE FROM opm.account_confirmation_validation_entry_history
Hibernate: DELETE FROM opm.account_confirmation_validation_history
Hibernate: DELETE FROM opm.payment_reverse_history
Hibernate: DELETE FROM opm.payment_history
Hibernate: DELETE FROM opm.pay_trans_status_code_history
Hibernate: DELETE FROM opm.notification_READBY_history
Hibernate: DELETE FROM opm.refund_transaction_history
Hibernate: DELETE FROM opm.summary_data_history
Hibernate: DELETE FROM opm.dedeposit_history
Hibernate: DELETE FROM opm.redeposit_history
Hibernate: DELETE FROM opm.calculation_result_item_history
Hibernate: DELETE FROM opm.calculation_result_history
Hibernate: DELETE FROM opm.calculation_history
Hibernate: DELETE FROM opm.fers_redeposit_history
Hibernate: DELETE FROM opm.fers_deposit_history
Hibernate: DELETE FROM opm.calculation_version_history
Hibernate: DELETE FROM opm.billing_history
Hibernate: DELETE FROM opm.billing_summary_history
Hibernate: DELETE FROM opm.account_note_history
Hibernate: DELETE FROM opm.address_history
Hibernate: DELETE FROM opm.account_history
Hibernate: DELETE FROM opm.account_holder_history
Hibernate: DELETE FROM opm.error_history
Hibernate: DELETE FROM opm.info_history
Hibernate: DELETE FROM opm.notification_history
Hibernate: DELETE FROM opm.app_user_history
Hibernate: DELETE FROM opm.change_trans_field_number_code
Hibernate: DELETE FROM opm.pay_code
Hibernate: DELETE FROM opm.payment_applied_order
Hibernate: DELETE FROM opm.agency_code
Hibernate: DELETE FROM opm.calculation_status
Hibernate: DELETE FROM opm.transfer_type
Hibernate: DELETE FROM opm.user_status
Hibernate: DELETE FROM opm.claim_officer
Hibernate: DELETE FROM opm.payment_status
Hibernate: DELETE FROM opm.application_designation
Hibernate: DELETE FROM opm.payment_reversal_reason
Hibernate: DELETE FROM opm.pay_type
Hibernate: DELETE FROM opm.appointment_type
Hibernate: DELETE FROM opm.role
Hibernate: DELETE FROM opm.service_type
Hibernate: DELETE FROM opm.retirement_type
Hibernate: DELETE FROM opm.account_status
Hibernate: DELETE FROM opm.country
Hibernate: DELETE FROM opm.state
Hibernate: DELETE FROM opm.period_type
Hibernate: DELETE FROM opm.suffix
Hibernate: DELETE FROM opm.form_type
Hibernate: insert into opm.holiday (deleted, day_of_month, exact_date, holiday, holiday_id, month_number, week_day, week_of_month) values (?, ?, ?, ?, ?, ?, ?, ?)
Hibernate: SELECT COUNT(*) FROM opm.holiday_history WHERE id=? AND action=?
Hibernate: select holiday0_.id as id1_39_0_, holiday0_.deleted as deleted2_39_0_, holiday0_.day_of_month as day3_39_0_, holiday0_.exact_date as exact4_39_0_, holiday0_.holiday as holiday5_39_0_, holiday0_.holiday_id as holiday6_39_0_, holiday0_.month_number as month7_39_0_, holiday0_.week_day as week8_39_0_, holiday0_.week_of_month as week9_39_0_ from opm.holiday holiday0_ where holiday0_.id=?
Hibernate: update opm.holiday set deleted=?, day_of_month=?, exact_date=?, holiday=?, holiday_id=?, month_number=?, week_day=?, week_of_month=? where id=?
Hibernate: SELECT COUNT(*) FROM opm.holiday_history WHERE id=? AND action=?
Hibernate: delete from opm.holiday where id=?
Hibernate: select holiday0_.id as id1_39_0_, holiday0_.deleted as deleted2_39_0_, holiday0_.day_of_month as day3_39_0_, holiday0_.exact_date as exact4_39_0_, holiday0_.holiday as holiday5_39_0_, holiday0_.holiday_id as holiday6_39_0_, holiday0_.month_number as month7_39_0_, holiday0_.week_day as week8_39_0_, holiday0_.week_of_month as week9_39_0_ from opm.holiday holiday0_ where holiday0_.id=?
Hibernate: SELECT COUNT(*) FROM opm.holiday_history WHERE id=? AND action=?
Hibernate: DELETE FROM opm.batch_daily_payments
Hibernate: DELETE FROM opm.audit_batch
Hibernate: DELETE FROM opm.new_claim_number
Hibernate: DELETE FROM opm.annuitant_list
Hibernate: DELETE FROM opm.time_factor
Hibernate: DELETE FROM opm.contact_info
Hibernate: DELETE FROM opm.interest_suppression
Hibernate: DELETE FROM opm.gl_payment_type
Hibernate: DELETE FROM opm.scm_first_insert
Hibernate: DELETE FROM opm.holiday
Hibernate: DELETE FROM opm.deduction_rate
Hibernate: DELETE FROM opm.interest_grace_period
Hibernate: DELETE FROM opm.gl_code
Hibernate: DELETE FROM opm.claim_without_service
Hibernate: DELETE FROM opm.payment_transaction_note
Hibernate: DELETE FROM opm.payment_move_transaction
Hibernate: DELETE FROM opm.interest_rate
Hibernate: DELETE FROM opm.payment_interest_detail
Hibernate: DELETE FROM opm.adjustment_transaction
Hibernate: DELETE FROM opm.invoice
Hibernate: DELETE FROM opm.a01_print_suppression_case
Hibernate: DELETE FROM opm.user_account_assignment
Hibernate: DELETE FROM opm.payment_refund_link
Hibernate: DELETE FROM opm.role_permission
Hibernate: DELETE FROM opm.user_permission
Hibernate: DELETE FROM opm.service_credit_preference
Hibernate: DELETE FROM opm.account_confirmation_validation_entry
Hibernate: DELETE FROM opm.payment_reverse
Hibernate: DELETE FROM opm.payment
Hibernate: DELETE FROM opm.pay_trans_status_code
Hibernate: DELETE FROM opm.payments_applied_order_code
Hibernate: DELETE FROM opm.printout
Hibernate: DELETE FROM opm.related_help_items
Hibernate: DELETE FROM opm.help_item
Hibernate: DELETE FROM opm.notification_READBY
Hibernate: DELETE FROM opm.date_calculation_data
Hibernate: DELETE FROM opm.refund_transaction
Hibernate: DELETE FROM opm.audit_parameter_record
Hibernate: DELETE FROM opm.audit_record
Hibernate: DELETE FROM opm.dedeposit
Hibernate: DELETE FROM opm.redeposit
Hibernate: DELETE FROM opm.calculation_result_item
Hibernate: DELETE FROM opm.calculation
Hibernate: DELETE FROM opm.fers_redeposit
Hibernate: DELETE FROM opm.fers_deposit
Hibernate: DELETE FROM opm.calculation_version
Hibernate: DELETE FROM opm.calculation_result
Hibernate: DELETE FROM opm.summary_data
Hibernate: DELETE FROM opm.billing
Hibernate: DELETE FROM opm.account_note
Hibernate: DELETE FROM opm.account
Hibernate: DELETE FROM opm.account_confirmation_validation
Hibernate: DELETE FROM opm.billing_summary
Hibernate: DELETE FROM opm.account_holder
Hibernate: DELETE FROM opm.address
Hibernate: DELETE FROM opm.error
Hibernate: DELETE FROM opm.info
Hibernate: DELETE FROM opm.notification
Hibernate: DELETE FROM opm.app_user
Hibernate: DELETE FROM opm.batch_daily_payments_history
Hibernate: DELETE FROM opm.audit_batch_history
Hibernate: DELETE FROM opm.new_claim_number_history
Hibernate: DELETE FROM opm.annuitant_list_history
Hibernate: DELETE FROM opm.time_factor_history
Hibernate: DELETE FROM opm.contact_info_history
Hibernate: DELETE FROM opm.interest_suppression_history
Hibernate: DELETE FROM opm.gl_payment_type_history
Hibernate: DELETE FROM opm.scm_first_insert_history
Hibernate: DELETE FROM opm.holiday_history
Hibernate: DELETE FROM opm.deduction_rate_history
Hibernate: DELETE FROM opm.interest_grace_period_history
Hibernate: DELETE FROM opm.gl_code_history
Hibernate: DELETE FROM opm.claim_without_service_history
Hibernate: DELETE FROM opm.payment_transaction_note_history
Hibernate: DELETE FROM opm.payment_move_transaction_history
Hibernate: DELETE FROM opm.interest_rate_history
Hibernate: DELETE FROM opm.payment_interest_detail_history
Hibernate: DELETE FROM opm.adjustment_transaction_history
Hibernate: DELETE FROM opm.invoice_history
Hibernate: DELETE FROM opm.a01_print_suppression_case_history
Hibernate: DELETE FROM opm.user_account_assignment_history
Hibernate: DELETE FROM opm.payment_refund_link_history
Hibernate: DELETE FROM opm.payments_applied_order_code_history
Hibernate: DELETE FROM opm.service_credit_preference_history
Hibernate: DELETE FROM opm.account_confirmation_validation_entry_history
Hibernate: DELETE FROM opm.account_confirmation_validation_history
Hibernate: DELETE FROM opm.payment_reverse_history
Hibernate: DELETE FROM opm.payment_history
Hibernate: DELETE FROM opm.pay_trans_status_code_history
Hibernate: DELETE FROM opm.notification_READBY_history
Hibernate: DELETE FROM opm.refund_transaction_history
Hibernate: DELETE FROM opm.summary_data_history
Hibernate: DELETE FROM opm.dedeposit_history
Hibernate: DELETE FROM opm.redeposit_history
Hibernate: DELETE FROM opm.calculation_result_item_history
Hibernate: DELETE FROM opm.calculation_result_history
Hibernate: DELETE FROM opm.calculation_history
Hibernate: DELETE FROM opm.fers_redeposit_history
Hibernate: DELETE FROM opm.fers_deposit_history
Hibernate: DELETE FROM opm.calculation_version_history
Hibernate: DELETE FROM opm.billing_history
Hibernate: DELETE FROM opm.billing_summary_history
Hibernate: DELETE FROM opm.account_note_history
Hibernate: DELETE FROM opm.address_history
Hibernate: DELETE FROM opm.account_history
Hibernate: DELETE FROM opm.account_holder_history
Hibernate: DELETE FROM opm.error_history
Hibernate: DELETE FROM opm.info_history
Hibernate: DELETE FROM opm.notification_history
Hibernate: DELETE FROM opm.app_user_history
Hibernate: DELETE FROM opm.change_trans_field_number_code
Hibernate: DELETE FROM opm.pay_code
Hibernate: DELETE FROM opm.payment_applied_order
Hibernate: DELETE FROM opm.agency_code
Hibernate: DELETE FROM opm.calculation_status
Hibernate: DELETE FROM opm.transfer_type
Hibernate: DELETE FROM opm.user_status
Hibernate: DELETE FROM opm.claim_officer
Hibernate: DELETE FROM opm.payment_status
Hibernate: DELETE FROM opm.application_designation
Hibernate: DELETE FROM opm.payment_reversal_reason
Hibernate: DELETE FROM opm.pay_type
Hibernate: DELETE FROM opm.appointment_type
Hibernate: DELETE FROM opm.role
Hibernate: DELETE FROM opm.service_type
Hibernate: DELETE FROM opm.retirement_type
Hibernate: DELETE FROM opm.account_status
Hibernate: DELETE FROM opm.country
Hibernate: DELETE FROM opm.state
Hibernate: DELETE FROM opm.period_type
Hibernate: DELETE FROM opm.suffix
Hibernate: DELETE FROM opm.form_type
Hibernate: DELETE FROM opm.batch_daily_payments
Hibernate: DELETE FROM opm.audit_batch
Hibernate: DELETE FROM opm.new_claim_number
Hibernate: DELETE FROM opm.annuitant_list
Hibernate: DELETE FROM opm.time_factor
Hibernate: DELETE FROM opm.contact_info
Hibernate: DELETE FROM opm.interest_suppression
Hibernate: DELETE FROM opm.gl_payment_type
Hibernate: DELETE FROM opm.scm_first_insert
Hibernate: DELETE FROM opm.holiday
Hibernate: DELETE FROM opm.deduction_rate
Hibernate: DELETE FROM opm.interest_grace_period
Hibernate: DELETE FROM opm.gl_code
Hibernate: DELETE FROM opm.claim_without_service
Hibernate: DELETE FROM opm.payment_transaction_note
Hibernate: DELETE FROM opm.payment_move_transaction
Hibernate: DELETE FROM opm.interest_rate
Hibernate: DELETE FROM opm.payment_interest_detail
Hibernate: DELETE FROM opm.adjustment_transaction
Hibernate: DELETE FROM opm.invoice
Hibernate: DELETE FROM opm.a01_print_suppression_case
Hibernate: DELETE FROM opm.user_account_assignment
Hibernate: DELETE FROM opm.payment_refund_link
Hibernate: DELETE FROM opm.role_permission
Hibernate: DELETE FROM opm.user_permission
Hibernate: DELETE FROM opm.service_credit_preference
Hibernate: DELETE FROM opm.account_confirmation_validation_entry
Hibernate: DELETE FROM opm.payment_reverse
Hibernate: DELETE FROM opm.payment
Hibernate: DELETE FROM opm.pay_trans_status_code
Hibernate: DELETE FROM opm.payments_applied_order_code
Hibernate: DELETE FROM opm.printout
Hibernate: DELETE FROM opm.related_help_items
Hibernate: DELETE FROM opm.help_item
Hibernate: DELETE FROM opm.notification_READBY
Hibernate: DELETE FROM opm.date_calculation_data
Hibernate: DELETE FROM opm.refund_transaction
Hibernate: DELETE FROM opm.audit_parameter_record
Hibernate: DELETE FROM opm.audit_record
Hibernate: DELETE FROM opm.dedeposit
Hibernate: DELETE FROM opm.redeposit
Hibernate: DELETE FROM opm.calculation_result_item
Hibernate: DELETE FROM opm.calculation
Hibernate: DELETE FROM opm.fers_redeposit
Hibernate: DELETE FROM opm.fers_deposit
Hibernate: DELETE FROM opm.calculation_version
Hibernate: DELETE FROM opm.calculation_result
Hibernate: DELETE FROM opm.summary_data
Hibernate: DELETE FROM opm.billing
Hibernate: DELETE FROM opm.account_note
Hibernate: DELETE FROM opm.account
Hibernate: DELETE FROM opm.account_confirmation_validation
Hibernate: DELETE FROM opm.billing_summary
Hibernate: DELETE FROM opm.account_holder
Hibernate: DELETE FROM opm.address
Hibernate: DELETE FROM opm.error
Hibernate: DELETE FROM opm.info
Hibernate: DELETE FROM opm.notification
Hibernate: DELETE FROM opm.app_user
Hibernate: DELETE FROM opm.batch_daily_payments_history
Hibernate: DELETE FROM opm.audit_batch_history
Hibernate: DELETE FROM opm.new_claim_number_history
Hibernate: DELETE FROM opm.annuitant_list_history
Hibernate: DELETE FROM opm.time_factor_history
Hibernate: DELETE FROM opm.contact_info_history
Hibernate: DELETE FROM opm.interest_suppression_history
Hibernate: DELETE FROM opm.gl_payment_type_history
Hibernate: DELETE FROM opm.scm_first_insert_history
Hibernate: DELETE FROM opm.holiday_history
Hibernate: DELETE FROM opm.deduction_rate_history
Hibernate: DELETE FROM opm.interest_grace_period_history
Hibernate: DELETE FROM opm.gl_code_history
Hibernate: DELETE FROM opm.claim_without_service_history
Hibernate: DELETE FROM opm.payment_transaction_note_history
Hibernate: DELETE FROM opm.payment_move_transaction_history
Hibernate: DELETE FROM opm.interest_rate_history
Hibernate: DELETE FROM opm.payment_interest_detail_history
Hibernate: DELETE FROM opm.adjustment_transaction_history
Hibernate: DELETE FROM opm.invoice_history
Hibernate: DELETE FROM opm.a01_print_suppression_case_history
Hibernate: DELETE FROM opm.user_account_assignment_history
Hibernate: DELETE FROM opm.payment_refund_link_history
Hibernate: DELETE FROM opm.payments_applied_order_code_history
Hibernate: DELETE FROM opm.service_credit_preference_history
Hibernate: DELETE FROM opm.account_confirmation_validation_entry_history
Hibernate: DELETE FROM opm.account_confirmation_validation_history
Hibernate: DELETE FROM opm.payment_reverse_history
Hibernate: DELETE FROM opm.payment_history
Hibernate: DELETE FROM opm.pay_trans_status_code_history
Hibernate: DELETE FROM opm.notification_READBY_history
Hibernate: DELETE FROM opm.refund_transaction_history
Hibernate: DELETE FROM opm.summary_data_history
Hibernate: DELETE FROM opm.dedeposit_history
Hibernate: DELETE FROM opm.redeposit_history
Hibernate: DELETE FROM opm.calculation_result_item_history
Hibernate: DELETE FROM opm.calculation_result_history
Hibernate: DELETE FROM opm.calculation_history
Hibernate: DELETE FROM opm.fers_redeposit_history
Hibernate: DELETE FROM opm.fers_deposit_history
Hibernate: DELETE FROM opm.calculation_version_history
Hibernate: DELETE FROM opm.billing_history
Hibernate: DELETE FROM opm.billing_summary_history
Hibernate: DELETE FROM opm.account_note_history
Hibernate: DELETE FROM opm.address_history
Hibernate: DELETE FROM opm.account_history
Hibernate: DELETE FROM opm.account_holder_history
Hibernate: DELETE FROM opm.error_history
Hibernate: DELETE FROM opm.info_history
Hibernate: DELETE FROM opm.notification_history
Hibernate: DELETE FROM opm.app_user_history
Hibernate: DELETE FROM opm.change_trans_field_number_code
Hibernate: DELETE FROM opm.pay_code
Hibernate: DELETE FROM opm.payment_applied_order
Hibernate: DELETE FROM opm.agency_code
Hibernate: DELETE FROM opm.calculation_status
Hibernate: DELETE FROM opm.transfer_type
Hibernate: DELETE FROM opm.user_status
Hibernate: DELETE FROM opm.claim_officer
Hibernate: DELETE FROM opm.payment_status
Hibernate: DELETE FROM opm.application_designation
Hibernate: DELETE FROM opm.payment_reversal_reason
Hibernate: DELETE FROM opm.pay_type
Hibernate: DELETE FROM opm.appointment_type
Hibernate: DELETE FROM opm.role
Hibernate: DELETE FROM opm.service_type
Hibernate: DELETE FROM opm.retirement_type
Hibernate: DELETE FROM opm.account_status
Hibernate: DELETE FROM opm.country
Hibernate: DELETE FROM opm.state
Hibernate: DELETE FROM opm.period_type
Hibernate: DELETE FROM opm.suffix
Hibernate: DELETE FROM opm.form_type
Hibernate: insert into opm.retirement_type (deleted, name, display_order, description) values (?, ?, ?, ?)
Hibernate: insert into opm.deduction_rate (deleted, days_in_period, deduction_conversion_factor, end_date, rate, retirement_type_id, service_type, service_type_description, start_date) values (?, ?, ?, ?, ?, ?, ?, ?, ?)
Hibernate: SELECT COUNT(*) FROM opm.deduction_rate_history WHERE id=? AND action=?
Hibernate: select deductionr0_.id as id1_31_0_, deductionr0_.deleted as deleted2_31_0_, deductionr0_.days_in_period as days3_31_0_, deductionr0_.deduction_conversion_factor as deductio4_31_0_, deductionr0_.end_date as end5_31_0_, deductionr0_.rate as rate6_31_0_, deductionr0_.retirement_type_id as retirem10_31_0_, deductionr0_.service_type as service7_31_0_, deductionr0_.service_type_description as service8_31_0_, deductionr0_.start_date as start9_31_0_ from opm.deduction_rate deductionr0_ where deductionr0_.id=?
Hibernate: update opm.deduction_rate set deleted=?, days_in_period=?, deduction_conversion_factor=?, end_date=?, rate=?, retirement_type_id=?, service_type=?, service_type_description=?, start_date=? where id=?
Hibernate: SELECT COUNT(*) FROM opm.deduction_rate_history WHERE id=? AND action=?
Hibernate: delete from opm.deduction_rate where id=?
Hibernate: select deductionr0_.id as id1_31_0_, deductionr0_.deleted as deleted2_31_0_, deductionr0_.days_in_period as days3_31_0_, deductionr0_.deduction_conversion_factor as deductio4_31_0_, deductionr0_.end_date as end5_31_0_, deductionr0_.rate as rate6_31_0_, deductionr0_.retirement_type_id as retirem10_31_0_, deductionr0_.service_type as service7_31_0_, deductionr0_.service_type_description as service8_31_0_, deductionr0_.start_date as start9_31_0_ from opm.deduction_rate deductionr0_ where deductionr0_.id=?
Hibernate: SELECT COUNT(*) FROM opm.deduction_rate_history WHERE id=? AND action=?
Hibernate: DELETE FROM opm.batch_daily_payments
Hibernate: DELETE FROM opm.audit_batch
Hibernate: DELETE FROM opm.new_claim_number
Hibernate: DELETE FROM opm.annuitant_list
Hibernate: DELETE FROM opm.time_factor
Hibernate: DELETE FROM opm.contact_info
Hibernate: DELETE FROM opm.interest_suppression
Hibernate: DELETE FROM opm.gl_payment_type
Hibernate: DELETE FROM opm.scm_first_insert
Hibernate: DELETE FROM opm.holiday
Hibernate: DELETE FROM opm.deduction_rate
Hibernate: DELETE FROM opm.interest_grace_period
Hibernate: DELETE FROM opm.gl_code
Hibernate: DELETE FROM opm.claim_without_service
Hibernate: DELETE FROM opm.payment_transaction_note
Hibernate: DELETE FROM opm.payment_move_transaction
Hibernate: DELETE FROM opm.interest_rate
Hibernate: DELETE FROM opm.payment_interest_detail
Hibernate: DELETE FROM opm.adjustment_transaction
Hibernate: DELETE FROM opm.invoice
Hibernate: DELETE FROM opm.a01_print_suppression_case
Hibernate: DELETE FROM opm.user_account_assignment
Hibernate: DELETE FROM opm.payment_refund_link
Hibernate: DELETE FROM opm.role_permission
Hibernate: DELETE FROM opm.user_permission
Hibernate: DELETE FROM opm.service_credit_preference
Hibernate: DELETE FROM opm.account_confirmation_validation_entry
Hibernate: DELETE FROM opm.payment_reverse
Hibernate: DELETE FROM opm.payment
Hibernate: DELETE FROM opm.pay_trans_status_code
Hibernate: DELETE FROM opm.payments_applied_order_code
Hibernate: DELETE FROM opm.printout
Hibernate: DELETE FROM opm.related_help_items
Hibernate: DELETE FROM opm.help_item
Hibernate: DELETE FROM opm.notification_READBY
Hibernate: DELETE FROM opm.date_calculation_data
Hibernate: DELETE FROM opm.refund_transaction
Hibernate: DELETE FROM opm.audit_parameter_record
Hibernate: DELETE FROM opm.audit_record
Hibernate: DELETE FROM opm.dedeposit
Hibernate: DELETE FROM opm.redeposit
Hibernate: DELETE FROM opm.calculation_result_item
Hibernate: DELETE FROM opm.calculation
Hibernate: DELETE FROM opm.fers_redeposit
Hibernate: DELETE FROM opm.fers_deposit
Hibernate: DELETE FROM opm.calculation_version
Hibernate: DELETE FROM opm.calculation_result
Hibernate: DELETE FROM opm.summary_data
Hibernate: DELETE FROM opm.billing
Hibernate: DELETE FROM opm.account_note
Hibernate: DELETE FROM opm.account
Hibernate: DELETE FROM opm.account_confirmation_validation
Hibernate: DELETE FROM opm.billing_summary
Hibernate: DELETE FROM opm.account_holder
Hibernate: DELETE FROM opm.address
Hibernate: DELETE FROM opm.error
Hibernate: DELETE FROM opm.info
Hibernate: DELETE FROM opm.notification
Hibernate: DELETE FROM opm.app_user
Hibernate: DELETE FROM opm.batch_daily_payments_history
Hibernate: DELETE FROM opm.audit_batch_history
Hibernate: DELETE FROM opm.new_claim_number_history
Hibernate: DELETE FROM opm.annuitant_list_history
Hibernate: DELETE FROM opm.time_factor_history
Hibernate: DELETE FROM opm.contact_info_history
Hibernate: DELETE FROM opm.interest_suppression_history
Hibernate: DELETE FROM opm.gl_payment_type_history
Hibernate: DELETE FROM opm.scm_first_insert_history
Hibernate: DELETE FROM opm.holiday_history
Hibernate: DELETE FROM opm.deduction_rate_history
Hibernate: DELETE FROM opm.interest_grace_period_history
Hibernate: DELETE FROM opm.gl_code_history
Hibernate: DELETE FROM opm.claim_without_service_history
Hibernate: DELETE FROM opm.payment_transaction_note_history
Hibernate: DELETE FROM opm.payment_move_transaction_history
Hibernate: DELETE FROM opm.interest_rate_history
Hibernate: DELETE FROM opm.payment_interest_detail_history
Hibernate: DELETE FROM opm.adjustment_transaction_history
Hibernate: DELETE FROM opm.invoice_history
Hibernate: DELETE FROM opm.a01_print_suppression_case_history
Hibernate: DELETE FROM opm.user_account_assignment_history
Hibernate: DELETE FROM opm.payment_refund_link_history
Hibernate: DELETE FROM opm.payments_applied_order_code_history
Hibernate: DELETE FROM opm.service_credit_preference_history
Hibernate: DELETE FROM opm.account_confirmation_validation_entry_history
Hibernate: DELETE FROM opm.account_confirmation_validation_history
Hibernate: DELETE FROM opm.payment_reverse_history
Hibernate: DELETE FROM opm.payment_history
Hibernate: DELETE FROM opm.pay_trans_status_code_history
Hibernate: DELETE FROM opm.notification_READBY_history
Hibernate: DELETE FROM opm.refund_transaction_history
Hibernate: DELETE FROM opm.summary_data_history
Hibernate: DELETE FROM opm.dedeposit_history
Hibernate: DELETE FROM opm.redeposit_history
Hibernate: DELETE FROM opm.calculation_result_item_history
Hibernate: DELETE FROM opm.calculation_result_history
Hibernate: DELETE FROM opm.calculation_history
Hibernate: DELETE FROM opm.fers_redeposit_history
Hibernate: DELETE FROM opm.fers_deposit_history
Hibernate: DELETE FROM opm.calculation_version_history
Hibernate: DELETE FROM opm.billing_history
Hibernate: DELETE FROM opm.billing_summary_history
Hibernate: DELETE FROM opm.account_note_history
Hibernate: DELETE FROM opm.address_history
Hibernate: DELETE FROM opm.account_history
Hibernate: DELETE FROM opm.account_holder_history
Hibernate: DELETE FROM opm.error_history
Hibernate: DELETE FROM opm.info_history
Hibernate: DELETE FROM opm.notification_history
Hibernate: DELETE FROM opm.app_user_history
Hibernate: DELETE FROM opm.change_trans_field_number_code
Hibernate: DELETE FROM opm.pay_code
Hibernate: DELETE FROM opm.payment_applied_order
Hibernate: DELETE FROM opm.agency_code
Hibernate: DELETE FROM opm.calculation_status
Hibernate: DELETE FROM opm.transfer_type
Hibernate: DELETE FROM opm.user_status
Hibernate: DELETE FROM opm.claim_officer
Hibernate: DELETE FROM opm.payment_status
Hibernate: DELETE FROM opm.application_designation
Hibernate: DELETE FROM opm.payment_reversal_reason
Hibernate: DELETE FROM opm.pay_type
Hibernate: DELETE FROM opm.appointment_type
Hibernate: DELETE FROM opm.role
Hibernate: DELETE FROM opm.service_type
Hibernate: DELETE FROM opm.retirement_type
Hibernate: DELETE FROM opm.account_status
Hibernate: DELETE FROM opm.country
Hibernate: DELETE FROM opm.state
Hibernate: DELETE FROM opm.period_type
Hibernate: DELETE FROM opm.suffix
Hibernate: DELETE FROM opm.form_type
Hibernate: DELETE FROM opm.batch_daily_payments
Hibernate: DELETE FROM opm.audit_batch
Hibernate: DELETE FROM opm.new_claim_number
Hibernate: DELETE FROM opm.annuitant_list
Hibernate: DELETE FROM opm.time_factor
Hibernate: DELETE FROM opm.contact_info
Hibernate: DELETE FROM opm.interest_suppression
Hibernate: DELETE FROM opm.gl_payment_type
Hibernate: DELETE FROM opm.scm_first_insert
Hibernate: DELETE FROM opm.holiday
Hibernate: DELETE FROM opm.deduction_rate
Hibernate: DELETE FROM opm.interest_grace_period
Hibernate: DELETE FROM opm.gl_code
Hibernate: DELETE FROM opm.claim_without_service
Hibernate: DELETE FROM opm.payment_transaction_note
Hibernate: DELETE FROM opm.payment_move_transaction
Hibernate: DELETE FROM opm.interest_rate
Hibernate: DELETE FROM opm.payment_interest_detail
Hibernate: DELETE FROM opm.adjustment_transaction
Hibernate: DELETE FROM opm.invoice
Hibernate: DELETE FROM opm.a01_print_suppression_case
Hibernate: DELETE FROM opm.user_account_assignment
Hibernate: DELETE FROM opm.payment_refund_link
Hibernate: DELETE FROM opm.role_permission
Hibernate: DELETE FROM opm.user_permission
Hibernate: DELETE FROM opm.service_credit_preference
Hibernate: DELETE FROM opm.account_confirmation_validation_entry
Hibernate: DELETE FROM opm.payment_reverse
Hibernate: DELETE FROM opm.payment
Hibernate: DELETE FROM opm.pay_trans_status_code
Hibernate: DELETE FROM opm.payments_applied_order_code
Hibernate: DELETE FROM opm.printout
Hibernate: DELETE FROM opm.related_help_items
Hibernate: DELETE FROM opm.help_item
Hibernate: DELETE FROM opm.notification_READBY
Hibernate: DELETE FROM opm.date_calculation_data
Hibernate: DELETE FROM opm.refund_transaction
Hibernate: DELETE FROM opm.audit_parameter_record
Hibernate: DELETE FROM opm.audit_record
Hibernate: DELETE FROM opm.dedeposit
Hibernate: DELETE FROM opm.redeposit
Hibernate: DELETE FROM opm.calculation_result_item
Hibernate: DELETE FROM opm.calculation
Hibernate: DELETE FROM opm.fers_redeposit
Hibernate: DELETE FROM opm.fers_deposit
Hibernate: DELETE FROM opm.calculation_version
Hibernate: DELETE FROM opm.calculation_result
Hibernate: DELETE FROM opm.summary_data
Hibernate: DELETE FROM opm.billing
Hibernate: DELETE FROM opm.account_note
Hibernate: DELETE FROM opm.account
Hibernate: DELETE FROM opm.account_confirmation_validation
Hibernate: DELETE FROM opm.billing_summary
Hibernate: DELETE FROM opm.account_holder
Hibernate: DELETE FROM opm.address
Hibernate: DELETE FROM opm.error
Hibernate: DELETE FROM opm.info
Hibernate: DELETE FROM opm.notification
Hibernate: DELETE FROM opm.app_user
Hibernate: DELETE FROM opm.batch_daily_payments_history
Hibernate: DELETE FROM opm.audit_batch_history
Hibernate: DELETE FROM opm.new_claim_number_history
Hibernate: DELETE FROM opm.annuitant_list_history
Hibernate: DELETE FROM opm.time_factor_history
Hibernate: DELETE FROM opm.contact_info_history
Hibernate: DELETE FROM opm.interest_suppression_history
Hibernate: DELETE FROM opm.gl_payment_type_history
Hibernate: DELETE FROM opm.scm_first_insert_history
Hibernate: DELETE FROM opm.holiday_history
Hibernate: DELETE FROM opm.deduction_rate_history
Hibernate: DELETE FROM opm.interest_grace_period_history
Hibernate: DELETE FROM opm.gl_code_history
Hibernate: DELETE FROM opm.claim_without_service_history
Hibernate: DELETE FROM opm.payment_transaction_note_history
Hibernate: DELETE FROM opm.payment_move_transaction_history
Hibernate: DELETE FROM opm.interest_rate_history
Hibernate: DELETE FROM opm.payment_interest_detail_history
Hibernate: DELETE FROM opm.adjustment_transaction_history
Hibernate: DELETE FROM opm.invoice_history
Hibernate: DELETE FROM opm.a01_print_suppression_case_history
Hibernate: DELETE FROM opm.user_account_assignment_history
Hibernate: DELETE FROM opm.payment_refund_link_history
Hibernate: DELETE FROM opm.payments_applied_order_code_history
Hibernate: DELETE FROM opm.service_credit_preference_history
Hibernate: DELETE FROM opm.account_confirmation_validation_entry_history
Hibernate: DELETE FROM opm.account_confirmation_validation_history
Hibernate: DELETE FROM opm.payment_reverse_history
Hibernate: DELETE FROM opm.payment_history
Hibernate: DELETE FROM opm.pay_trans_status_code_history
Hibernate: DELETE FROM opm.notification_READBY_history
Hibernate: DELETE FROM opm.refund_transaction_history
Hibernate: DELETE FROM opm.summary_data_history
Hibernate: DELETE FROM opm.dedeposit_history
Hibernate: DELETE FROM opm.redeposit_history
Hibernate: DELETE FROM opm.calculation_result_item_history
Hibernate: DELETE FROM opm.calculation_result_history
Hibernate: DELETE FROM opm.calculation_history
Hibernate: DELETE FROM opm.fers_redeposit_history
Hibernate: DELETE FROM opm.fers_deposit_history
Hibernate: DELETE FROM opm.calculation_version_history
Hibernate: DELETE FROM opm.billing_history
Hibernate: DELETE FROM opm.billing_summary_history
Hibernate: DELETE FROM opm.account_note_history
Hibernate: DELETE FROM opm.address_history
Hibernate: DELETE FROM opm.account_history
Hibernate: DELETE FROM opm.account_holder_history
Hibernate: DELETE FROM opm.error_history
Hibernate: DELETE FROM opm.info_history
Hibernate: DELETE FROM opm.notification_history
Hibernate: DELETE FROM opm.app_user_history
Hibernate: DELETE FROM opm.change_trans_field_number_code
Hibernate: DELETE FROM opm.pay_code
Hibernate: DELETE FROM opm.payment_applied_order
Hibernate: DELETE FROM opm.agency_code
Hibernate: DELETE FROM opm.calculation_status
Hibernate: DELETE FROM opm.transfer_type
Hibernate: DELETE FROM opm.user_status
Hibernate: DELETE FROM opm.claim_officer
Hibernate: DELETE FROM opm.payment_status
Hibernate: DELETE FROM opm.application_designation
Hibernate: DELETE FROM opm.payment_reversal_reason
Hibernate: DELETE FROM opm.pay_type
Hibernate: DELETE FROM opm.appointment_type
Hibernate: DELETE FROM opm.role
Hibernate: DELETE FROM opm.service_type
Hibernate: DELETE FROM opm.retirement_type
Hibernate: DELETE FROM opm.account_status
Hibernate: DELETE FROM opm.country
Hibernate: DELETE FROM opm.state
Hibernate: DELETE FROM opm.period_type
Hibernate: DELETE FROM opm.suffix
Hibernate: DELETE FROM opm.form_type
Hibernate: insert into opm.interest_grace_period (deleted, claim_number, fers_deposit, post_982_deposit, post_982_redeposit, pre_1082_deposit, pre_1082_redeposit) values (?, ?, ?, ?, ?, ?, ?)
Hibernate: SELECT COUNT(*) FROM opm.interest_grace_period_history WHERE id=? AND action=?
Hibernate: select interestgr0_.id as id1_41_0_, interestgr0_.deleted as deleted2_41_0_, interestgr0_.claim_number as claim3_41_0_, interestgr0_.fers_deposit as fers4_41_0_, interestgr0_.post_982_deposit as post5_41_0_, interestgr0_.post_982_redeposit as post6_41_0_, interestgr0_.pre_1082_deposit as pre7_41_0_, interestgr0_.pre_1082_redeposit as pre8_41_0_ from opm.interest_grace_period interestgr0_ where interestgr0_.id=?
Hibernate: update opm.interest_grace_period set deleted=?, claim_number=?, fers_deposit=?, post_982_deposit=?, post_982_redeposit=?, pre_1082_deposit=?, pre_1082_redeposit=? where id=?
Hibernate: SELECT COUNT(*) FROM opm.interest_grace_period_history WHERE id=? AND action=?
Hibernate: delete from opm.interest_grace_period where id=?
Hibernate: select interestgr0_.id as id1_41_0_, interestgr0_.deleted as deleted2_41_0_, interestgr0_.claim_number as claim3_41_0_, interestgr0_.fers_deposit as fers4_41_0_, interestgr0_.post_982_deposit as post5_41_0_, interestgr0_.post_982_redeposit as post6_41_0_, interestgr0_.pre_1082_deposit as pre7_41_0_, interestgr0_.pre_1082_redeposit as pre8_41_0_ from opm.interest_grace_period interestgr0_ where interestgr0_.id=?
Hibernate: SELECT COUNT(*) FROM opm.interest_grace_period_history WHERE id=? AND action=?
Hibernate: DELETE FROM opm.batch_daily_payments
Hibernate: DELETE FROM opm.audit_batch
Hibernate: DELETE FROM opm.new_claim_number
Hibernate: DELETE FROM opm.annuitant_list
Hibernate: DELETE FROM opm.time_factor
Hibernate: DELETE FROM opm.contact_info
Hibernate: DELETE FROM opm.interest_suppression
Hibernate: DELETE FROM opm.gl_payment_type
Hibernate: DELETE FROM opm.scm_first_insert
Hibernate: DELETE FROM opm.holiday
Hibernate: DELETE FROM opm.deduction_rate
Hibernate: DELETE FROM opm.interest_grace_period
Hibernate: DELETE FROM opm.gl_code
Hibernate: DELETE FROM opm.claim_without_service
Hibernate: DELETE FROM opm.payment_transaction_note
Hibernate: DELETE FROM opm.payment_move_transaction
Hibernate: DELETE FROM opm.interest_rate
Hibernate: DELETE FROM opm.payment_interest_detail
Hibernate: DELETE FROM opm.adjustment_transaction
Hibernate: DELETE FROM opm.invoice
Hibernate: DELETE FROM opm.a01_print_suppression_case
Hibernate: DELETE FROM opm.user_account_assignment
Hibernate: DELETE FROM opm.payment_refund_link
Hibernate: DELETE FROM opm.role_permission
Hibernate: DELETE FROM opm.user_permission
Hibernate: DELETE FROM opm.service_credit_preference
Hibernate: DELETE FROM opm.account_confirmation_validation_entry
Hibernate: DELETE FROM opm.payment_reverse
Hibernate: DELETE FROM opm.payment
Hibernate: DELETE FROM opm.pay_trans_status_code
Hibernate: DELETE FROM opm.payments_applied_order_code
Hibernate: DELETE FROM opm.printout
Hibernate: DELETE FROM opm.related_help_items
Hibernate: DELETE FROM opm.help_item
Hibernate: DELETE FROM opm.notification_READBY
Hibernate: DELETE FROM opm.date_calculation_data
Hibernate: DELETE FROM opm.refund_transaction
Hibernate: DELETE FROM opm.audit_parameter_record
Hibernate: DELETE FROM opm.audit_record
Hibernate: DELETE FROM opm.dedeposit
Hibernate: DELETE FROM opm.redeposit
Hibernate: DELETE FROM opm.calculation_result_item
Hibernate: DELETE FROM opm.calculation
Hibernate: DELETE FROM opm.fers_redeposit
Hibernate: DELETE FROM opm.fers_deposit
Hibernate: DELETE FROM opm.calculation_version
Hibernate: DELETE FROM opm.calculation_result
Hibernate: DELETE FROM opm.summary_data
Hibernate: DELETE FROM opm.billing
Hibernate: DELETE FROM opm.account_note
Hibernate: DELETE FROM opm.account
Hibernate: DELETE FROM opm.account_confirmation_validation
Hibernate: DELETE FROM opm.billing_summary
Hibernate: DELETE FROM opm.account_holder
Hibernate: DELETE FROM opm.address
Hibernate: DELETE FROM opm.error
Hibernate: DELETE FROM opm.info
Hibernate: DELETE FROM opm.notification
Hibernate: DELETE FROM opm.app_user
Hibernate: DELETE FROM opm.batch_daily_payments_history
Hibernate: DELETE FROM opm.audit_batch_history
Hibernate: DELETE FROM opm.new_claim_number_history
Hibernate: DELETE FROM opm.annuitant_list_history
Hibernate: DELETE FROM opm.time_factor_history
Hibernate: DELETE FROM opm.contact_info_history
Hibernate: DELETE FROM opm.interest_suppression_history
Hibernate: DELETE FROM opm.gl_payment_type_history
Hibernate: DELETE FROM opm.scm_first_insert_history
Hibernate: DELETE FROM opm.holiday_history
Hibernate: DELETE FROM opm.deduction_rate_history
Hibernate: DELETE FROM opm.interest_grace_period_history
Hibernate: DELETE FROM opm.gl_code_history
Hibernate: DELETE FROM opm.claim_without_service_history
Hibernate: DELETE FROM opm.payment_transaction_note_history
Hibernate: DELETE FROM opm.payment_move_transaction_history
Hibernate: DELETE FROM opm.interest_rate_history
Hibernate: DELETE FROM opm.payment_interest_detail_history
Hibernate: DELETE FROM opm.adjustment_transaction_history
Hibernate: DELETE FROM opm.invoice_history
Hibernate: DELETE FROM opm.a01_print_suppression_case_history
Hibernate: DELETE FROM opm.user_account_assignment_history
Hibernate: DELETE FROM opm.payment_refund_link_history
Hibernate: DELETE FROM opm.payments_applied_order_code_history
Hibernate: DELETE FROM opm.service_credit_preference_history
Hibernate: DELETE FROM opm.account_confirmation_validation_entry_history
Hibernate: DELETE FROM opm.account_confirmation_validation_history
Hibernate: DELETE FROM opm.payment_reverse_history
Hibernate: DELETE FROM opm.payment_history
Hibernate: DELETE FROM opm.pay_trans_status_code_history
Hibernate: DELETE FROM opm.notification_READBY_history
Hibernate: DELETE FROM opm.refund_transaction_history
Hibernate: DELETE FROM opm.summary_data_history
Hibernate: DELETE FROM opm.dedeposit_history
Hibernate: DELETE FROM opm.redeposit_history
Hibernate: DELETE FROM opm.calculation_result_item_history
Hibernate: DELETE FROM opm.calculation_result_history
Hibernate: DELETE FROM opm.calculation_history
Hibernate: DELETE FROM opm.fers_redeposit_history
Hibernate: DELETE FROM opm.fers_deposit_history
Hibernate: DELETE FROM opm.calculation_version_history
Hibernate: DELETE FROM opm.billing_history
Hibernate: DELETE FROM opm.billing_summary_history
Hibernate: DELETE FROM opm.account_note_history
Hibernate: DELETE FROM opm.address_history
Hibernate: DELETE FROM opm.account_history
Hibernate: DELETE FROM opm.account_holder_history
Hibernate: DELETE FROM opm.error_history
Hibernate: DELETE FROM opm.info_history
Hibernate: DELETE FROM opm.notification_history
Hibernate: DELETE FROM opm.app_user_history
Hibernate: DELETE FROM opm.change_trans_field_number_code
Hibernate: DELETE FROM opm.pay_code
Hibernate: DELETE FROM opm.payment_applied_order
Hibernate: DELETE FROM opm.agency_code
Hibernate: DELETE FROM opm.calculation_status
Hibernate: DELETE FROM opm.transfer_type
Hibernate: DELETE FROM opm.user_status
Hibernate: DELETE FROM opm.claim_officer
Hibernate: DELETE FROM opm.payment_status
Hibernate: DELETE FROM opm.application_designation
Hibernate: DELETE FROM opm.payment_reversal_reason
Hibernate: DELETE FROM opm.pay_type
Hibernate: DELETE FROM opm.appointment_type
Hibernate: DELETE FROM opm.role
Hibernate: DELETE FROM opm.service_type
Hibernate: DELETE FROM opm.retirement_type
Hibernate: DELETE FROM opm.account_status
Hibernate: DELETE FROM opm.country
Hibernate: DELETE FROM opm.state
Hibernate: DELETE FROM opm.period_type
Hibernate: DELETE FROM opm.suffix
Hibernate: DELETE FROM opm.form_type
Hibernate: DELETE FROM opm.batch_daily_payments
Hibernate: DELETE FROM opm.audit_batch
Hibernate: DELETE FROM opm.new_claim_number
Hibernate: DELETE FROM opm.annuitant_list
Hibernate: DELETE FROM opm.time_factor
Hibernate: DELETE FROM opm.contact_info
Hibernate: DELETE FROM opm.interest_suppression
Hibernate: DELETE FROM opm.gl_payment_type
Hibernate: DELETE FROM opm.scm_first_insert
Hibernate: DELETE FROM opm.holiday
Hibernate: DELETE FROM opm.deduction_rate
Hibernate: DELETE FROM opm.interest_grace_period
Hibernate: DELETE FROM opm.gl_code
Hibernate: DELETE FROM opm.claim_without_service
Hibernate: DELETE FROM opm.payment_transaction_note
Hibernate: DELETE FROM opm.payment_move_transaction
Hibernate: DELETE FROM opm.interest_rate
Hibernate: DELETE FROM opm.payment_interest_detail
Hibernate: DELETE FROM opm.adjustment_transaction
Hibernate: DELETE FROM opm.invoice
Hibernate: DELETE FROM opm.a01_print_suppression_case
Hibernate: DELETE FROM opm.user_account_assignment
Hibernate: DELETE FROM opm.payment_refund_link
Hibernate: DELETE FROM opm.role_permission
Hibernate: DELETE FROM opm.user_permission
Hibernate: DELETE FROM opm.service_credit_preference
Hibernate: DELETE FROM opm.account_confirmation_validation_entry
Hibernate: DELETE FROM opm.payment_reverse
Hibernate: DELETE FROM opm.payment
Hibernate: DELETE FROM opm.pay_trans_status_code
Hibernate: DELETE FROM opm.payments_applied_order_code
Hibernate: DELETE FROM opm.printout
Hibernate: DELETE FROM opm.related_help_items
Hibernate: DELETE FROM opm.help_item
Hibernate: DELETE FROM opm.notification_READBY
Hibernate: DELETE FROM opm.date_calculation_data
Hibernate: DELETE FROM opm.refund_transaction
Hibernate: DELETE FROM opm.audit_parameter_record
Hibernate: DELETE FROM opm.audit_record
Hibernate: DELETE FROM opm.dedeposit
Hibernate: DELETE FROM opm.redeposit
Hibernate: DELETE FROM opm.calculation_result_item
Hibernate: DELETE FROM opm.calculation
Hibernate: DELETE FROM opm.fers_redeposit
Hibernate: DELETE FROM opm.fers_deposit
Hibernate: DELETE FROM opm.calculation_version
Hibernate: DELETE FROM opm.calculation_result
Hibernate: DELETE FROM opm.summary_data
Hibernate: DELETE FROM opm.billing
Hibernate: DELETE FROM opm.account_note
Hibernate: DELETE FROM opm.account
Hibernate: DELETE FROM opm.account_confirmation_validation
Hibernate: DELETE FROM opm.billing_summary
Hibernate: DELETE FROM opm.account_holder
Hibernate: DELETE FROM opm.address
Hibernate: DELETE FROM opm.error
Hibernate: DELETE FROM opm.info
Hibernate: DELETE FROM opm.notification
Hibernate: DELETE FROM opm.app_user
Hibernate: DELETE FROM opm.batch_daily_payments_history
Hibernate: DELETE FROM opm.audit_batch_history
Hibernate: DELETE FROM opm.new_claim_number_history
Hibernate: DELETE FROM opm.annuitant_list_history
Hibernate: DELETE FROM opm.time_factor_history
Hibernate: DELETE FROM opm.contact_info_history
Hibernate: DELETE FROM opm.interest_suppression_history
Hibernate: DELETE FROM opm.gl_payment_type_history
Hibernate: DELETE FROM opm.scm_first_insert_history
Hibernate: DELETE FROM opm.holiday_history
Hibernate: DELETE FROM opm.deduction_rate_history
Hibernate: DELETE FROM opm.interest_grace_period_history
Hibernate: DELETE FROM opm.gl_code_history
Hibernate: DELETE FROM opm.claim_without_service_history
Hibernate: DELETE FROM opm.payment_transaction_note_history
Hibernate: DELETE FROM opm.payment_move_transaction_history
Hibernate: DELETE FROM opm.interest_rate_history
Hibernate: DELETE FROM opm.payment_interest_detail_history
Hibernate: DELETE FROM opm.adjustment_transaction_history
Hibernate: DELETE FROM opm.invoice_history
Hibernate: DELETE FROM opm.a01_print_suppression_case_history
Hibernate: DELETE FROM opm.user_account_assignment_history
Hibernate: DELETE FROM opm.payment_refund_link_history
Hibernate: DELETE FROM opm.payments_applied_order_code_history
Hibernate: DELETE FROM opm.service_credit_preference_history
Hibernate: DELETE FROM opm.account_confirmation_validation_entry_history
Hibernate: DELETE FROM opm.account_confirmation_validation_history
Hibernate: DELETE FROM opm.payment_reverse_history
Hibernate: DELETE FROM opm.payment_history
Hibernate: DELETE FROM opm.pay_trans_status_code_history
Hibernate: DELETE FROM opm.notification_READBY_history
Hibernate: DELETE FROM opm.refund_transaction_history
Hibernate: DELETE FROM opm.summary_data_history
Hibernate: DELETE FROM opm.dedeposit_history
Hibernate: DELETE FROM opm.redeposit_history
Hibernate: DELETE FROM opm.calculation_result_item_history
Hibernate: DELETE FROM opm.calculation_result_history
Hibernate: DELETE FROM opm.calculation_history
Hibernate: DELETE FROM opm.fers_redeposit_history
Hibernate: DELETE FROM opm.fers_deposit_history
Hibernate: DELETE FROM opm.calculation_version_history
Hibernate: DELETE FROM opm.billing_history
Hibernate: DELETE FROM opm.billing_summary_history
Hibernate: DELETE FROM opm.account_note_history
Hibernate: DELETE FROM opm.address_history
Hibernate: DELETE FROM opm.account_history
Hibernate: DELETE FROM opm.account_holder_history
Hibernate: DELETE FROM opm.error_history
Hibernate: DELETE FROM opm.info_history
Hibernate: DELETE FROM opm.notification_history
Hibernate: DELETE FROM opm.app_user_history
Hibernate: DELETE FROM opm.change_trans_field_number_code
Hibernate: DELETE FROM opm.pay_code
Hibernate: DELETE FROM opm.payment_applied_order
Hibernate: DELETE FROM opm.agency_code
Hibernate: DELETE FROM opm.calculation_status
Hibernate: DELETE FROM opm.transfer_type
Hibernate: DELETE FROM opm.user_status
Hibernate: DELETE FROM opm.claim_officer
Hibernate: DELETE FROM opm.payment_status
Hibernate: DELETE FROM opm.application_designation
Hibernate: DELETE FROM opm.payment_reversal_reason
Hibernate: DELETE FROM opm.pay_type
Hibernate: DELETE FROM opm.appointment_type
Hibernate: DELETE FROM opm.role
Hibernate: DELETE FROM opm.service_type
Hibernate: DELETE FROM opm.retirement_type
Hibernate: DELETE FROM opm.account_status
Hibernate: DELETE FROM opm.country
Hibernate: DELETE FROM opm.state
Hibernate: DELETE FROM opm.period_type
Hibernate: DELETE FROM opm.suffix
Hibernate: DELETE FROM opm.form_type
Hibernate: insert into opm.retirement_type (deleted, name, display_order, description) values (?, ?, ?, ?)
Hibernate: insert into opm.gl_code (deleted, code, name, payment_type, post_office, retirement_type_id) values (?, ?, ?, ?, ?, ?)
Hibernate: SELECT COUNT(*) FROM opm.gl_code_history WHERE id=? AND action=?
Hibernate: select glcode0_.id as id1_36_0_, glcode0_.deleted as deleted2_36_0_, glcode0_.code as code3_36_0_, glcode0_.name as name4_36_0_, glcode0_.payment_type as payment5_36_0_, glcode0_.post_office as post6_36_0_, glcode0_.retirement_type_id as retireme7_36_0_ from opm.gl_code glcode0_ where glcode0_.id=?
Hibernate: update opm.gl_code set deleted=?, code=?, name=?, payment_type=?, post_office=?, retirement_type_id=? where id=?
Hibernate: SELECT COUNT(*) FROM opm.gl_code_history WHERE id=? AND action=?
Hibernate: delete from opm.gl_code where id=?
Hibernate: select glcode0_.id as id1_36_0_, glcode0_.deleted as deleted2_36_0_, glcode0_.code as code3_36_0_, glcode0_.name as name4_36_0_, glcode0_.payment_type as payment5_36_0_, glcode0_.post_office as post6_36_0_, glcode0_.retirement_type_id as retireme7_36_0_ from opm.gl_code glcode0_ where glcode0_.id=?
Hibernate: SELECT COUNT(*) FROM opm.gl_code_history WHERE id=? AND action=?
Hibernate: DELETE FROM opm.batch_daily_payments
Hibernate: DELETE FROM opm.audit_batch
Hibernate: DELETE FROM opm.new_claim_number
Hibernate: DELETE FROM opm.annuitant_list
Hibernate: DELETE FROM opm.time_factor
Hibernate: DELETE FROM opm.contact_info
Hibernate: DELETE FROM opm.interest_suppression
Hibernate: DELETE FROM opm.gl_payment_type
Hibernate: DELETE FROM opm.scm_first_insert
Hibernate: DELETE FROM opm.holiday
Hibernate: DELETE FROM opm.deduction_rate
Hibernate: DELETE FROM opm.interest_grace_period
Hibernate: DELETE FROM opm.gl_code
Hibernate: DELETE FROM opm.claim_without_service
Hibernate: DELETE FROM opm.payment_transaction_note
Hibernate: DELETE FROM opm.payment_move_transaction
Hibernate: DELETE FROM opm.interest_rate
Hibernate: DELETE FROM opm.payment_interest_detail
Hibernate: DELETE FROM opm.adjustment_transaction
Hibernate: DELETE FROM opm.invoice
Hibernate: DELETE FROM opm.a01_print_suppression_case
Hibernate: DELETE FROM opm.user_account_assignment
Hibernate: DELETE FROM opm.payment_refund_link
Hibernate: DELETE FROM opm.role_permission
Hibernate: DELETE FROM opm.user_permission
Hibernate: DELETE FROM opm.service_credit_preference
Hibernate: DELETE FROM opm.account_confirmation_validation_entry
Hibernate: DELETE FROM opm.payment_reverse
Hibernate: DELETE FROM opm.payment
Hibernate: DELETE FROM opm.pay_trans_status_code
Hibernate: DELETE FROM opm.payments_applied_order_code
Hibernate: DELETE FROM opm.printout
Hibernate: DELETE FROM opm.related_help_items
Hibernate: DELETE FROM opm.help_item
Hibernate: DELETE FROM opm.notification_READBY
Hibernate: DELETE FROM opm.date_calculation_data
Hibernate: DELETE FROM opm.refund_transaction
Hibernate: DELETE FROM opm.audit_parameter_record
Hibernate: DELETE FROM opm.audit_record
Hibernate: DELETE FROM opm.dedeposit
Hibernate: DELETE FROM opm.redeposit
Hibernate: DELETE FROM opm.calculation_result_item
Hibernate: DELETE FROM opm.calculation
Hibernate: DELETE FROM opm.fers_redeposit
Hibernate: DELETE FROM opm.fers_deposit
Hibernate: DELETE FROM opm.calculation_version
Hibernate: DELETE FROM opm.calculation_result
Hibernate: DELETE FROM opm.summary_data
Hibernate: DELETE FROM opm.billing
Hibernate: DELETE FROM opm.account_note
Hibernate: DELETE FROM opm.account
Hibernate: DELETE FROM opm.account_confirmation_validation
Hibernate: DELETE FROM opm.billing_summary
Hibernate: DELETE FROM opm.account_holder
Hibernate: DELETE FROM opm.address
Hibernate: DELETE FROM opm.error
Hibernate: DELETE FROM opm.info
Hibernate: DELETE FROM opm.notification
Hibernate: DELETE FROM opm.app_user
Hibernate: DELETE FROM opm.batch_daily_payments_history
Hibernate: DELETE FROM opm.audit_batch_history
Hibernate: DELETE FROM opm.new_claim_number_history
Hibernate: DELETE FROM opm.annuitant_list_history
Hibernate: DELETE FROM opm.time_factor_history
Hibernate: DELETE FROM opm.contact_info_history
Hibernate: DELETE FROM opm.interest_suppression_history
Hibernate: DELETE FROM opm.gl_payment_type_history
Hibernate: DELETE FROM opm.scm_first_insert_history
Hibernate: DELETE FROM opm.holiday_history
Hibernate: DELETE FROM opm.deduction_rate_history
Hibernate: DELETE FROM opm.interest_grace_period_history
Hibernate: DELETE FROM opm.gl_code_history
Hibernate: DELETE FROM opm.claim_without_service_history
Hibernate: DELETE FROM opm.payment_transaction_note_history
Hibernate: DELETE FROM opm.payment_move_transaction_history
Hibernate: DELETE FROM opm.interest_rate_history
Hibernate: DELETE FROM opm.payment_interest_detail_history
Hibernate: DELETE FROM opm.adjustment_transaction_history
Hibernate: DELETE FROM opm.invoice_history
Hibernate: DELETE FROM opm.a01_print_suppression_case_history
Hibernate: DELETE FROM opm.user_account_assignment_history
Hibernate: DELETE FROM opm.payment_refund_link_history
Hibernate: DELETE FROM opm.payments_applied_order_code_history
Hibernate: DELETE FROM opm.service_credit_preference_history
Hibernate: DELETE FROM opm.account_confirmation_validation_entry_history
Hibernate: DELETE FROM opm.account_confirmation_validation_history
Hibernate: DELETE FROM opm.payment_reverse_history
Hibernate: DELETE FROM opm.payment_history
Hibernate: DELETE FROM opm.pay_trans_status_code_history
Hibernate: DELETE FROM opm.notification_READBY_history
Hibernate: DELETE FROM opm.refund_transaction_history
Hibernate: DELETE FROM opm.summary_data_history
Hibernate: DELETE FROM opm.dedeposit_history
Hibernate: DELETE FROM opm.redeposit_history
Hibernate: DELETE FROM opm.calculation_result_item_history
Hibernate: DELETE FROM opm.calculation_result_history
Hibernate: DELETE FROM opm.calculation_history
Hibernate: DELETE FROM opm.fers_redeposit_history
Hibernate: DELETE FROM opm.fers_deposit_history
Hibernate: DELETE FROM opm.calculation_version_history
Hibernate: DELETE FROM opm.billing_history
Hibernate: DELETE FROM opm.billing_summary_history
Hibernate: DELETE FROM opm.account_note_history
Hibernate: DELETE FROM opm.address_history
Hibernate: DELETE FROM opm.account_history
Hibernate: DELETE FROM opm.account_holder_history
Hibernate: DELETE FROM opm.error_history
Hibernate: DELETE FROM opm.info_history
Hibernate: DELETE FROM opm.notification_history
Hibernate: DELETE FROM opm.app_user_history
Hibernate: DELETE FROM opm.change_trans_field_number_code
Hibernate: DELETE FROM opm.pay_code
Hibernate: DELETE FROM opm.payment_applied_order
Hibernate: DELETE FROM opm.agency_code
Hibernate: DELETE FROM opm.calculation_status
Hibernate: DELETE FROM opm.transfer_type
Hibernate: DELETE FROM opm.user_status
Hibernate: DELETE FROM opm.claim_officer
Hibernate: DELETE FROM opm.payment_status
Hibernate: DELETE FROM opm.application_designation
Hibernate: DELETE FROM opm.payment_reversal_reason
Hibernate: DELETE FROM opm.pay_type
Hibernate: DELETE FROM opm.appointment_type
Hibernate: DELETE FROM opm.role
Hibernate: DELETE FROM opm.service_type
Hibernate: DELETE FROM opm.retirement_type
Hibernate: DELETE FROM opm.account_status
Hibernate: DELETE FROM opm.country
Hibernate: DELETE FROM opm.state
Hibernate: DELETE FROM opm.period_type
Hibernate: DELETE FROM opm.suffix
Hibernate: DELETE FROM opm.form_type
Hibernate: DELETE FROM opm.batch_daily_payments
Hibernate: DELETE FROM opm.audit_batch
Hibernate: DELETE FROM opm.new_claim_number
Hibernate: DELETE FROM opm.annuitant_list
Hibernate: DELETE FROM opm.time_factor
Hibernate: DELETE FROM opm.contact_info
Hibernate: DELETE FROM opm.interest_suppression
Hibernate: DELETE FROM opm.gl_payment_type
Hibernate: DELETE FROM opm.scm_first_insert
Hibernate: DELETE FROM opm.holiday
Hibernate: DELETE FROM opm.deduction_rate
Hibernate: DELETE FROM opm.interest_grace_period
Hibernate: DELETE FROM opm.gl_code
Hibernate: DELETE FROM opm.claim_without_service
Hibernate: DELETE FROM opm.payment_transaction_note
Hibernate: DELETE FROM opm.payment_move_transaction
Hibernate: DELETE FROM opm.interest_rate
Hibernate: DELETE FROM opm.payment_interest_detail
Hibernate: DELETE FROM opm.adjustment_transaction
Hibernate: DELETE FROM opm.invoice
Hibernate: DELETE FROM opm.a01_print_suppression_case
Hibernate: DELETE FROM opm.user_account_assignment
Hibernate: DELETE FROM opm.payment_refund_link
Hibernate: DELETE FROM opm.role_permission
Hibernate: DELETE FROM opm.user_permission
Hibernate: DELETE FROM opm.service_credit_preference
Hibernate: DELETE FROM opm.account_confirmation_validation_entry
Hibernate: DELETE FROM opm.payment_reverse
Hibernate: DELETE FROM opm.payment
Hibernate: DELETE FROM opm.pay_trans_status_code
Hibernate: DELETE FROM opm.payments_applied_order_code
Hibernate: DELETE FROM opm.printout
Hibernate: DELETE FROM opm.related_help_items
Hibernate: DELETE FROM opm.help_item
Hibernate: DELETE FROM opm.notification_READBY
Hibernate: DELETE FROM opm.date_calculation_data
Hibernate: DELETE FROM opm.refund_transaction
Hibernate: DELETE FROM opm.audit_parameter_record
Hibernate: DELETE FROM opm.audit_record
Hibernate: DELETE FROM opm.dedeposit
Hibernate: DELETE FROM opm.redeposit
Hibernate: DELETE FROM opm.calculation_result_item
Hibernate: DELETE FROM opm.calculation
Hibernate: DELETE FROM opm.fers_redeposit
Hibernate: DELETE FROM opm.fers_deposit
Hibernate: DELETE FROM opm.calculation_version
Hibernate: DELETE FROM opm.calculation_result
Hibernate: DELETE FROM opm.summary_data
Hibernate: DELETE FROM opm.billing
Hibernate: DELETE FROM opm.account_note
Hibernate: DELETE FROM opm.account
Hibernate: DELETE FROM opm.account_confirmation_validation
Hibernate: DELETE FROM opm.billing_summary
Hibernate: DELETE FROM opm.account_holder
Hibernate: DELETE FROM opm.address
Hibernate: DELETE FROM opm.error
Hibernate: DELETE FROM opm.info
Hibernate: DELETE FROM opm.notification
Hibernate: DELETE FROM opm.app_user
Hibernate: DELETE FROM opm.batch_daily_payments_history
Hibernate: DELETE FROM opm.audit_batch_history
Hibernate: DELETE FROM opm.new_claim_number_history
Hibernate: DELETE FROM opm.annuitant_list_history
Hibernate: DELETE FROM opm.time_factor_history
Hibernate: DELETE FROM opm.contact_info_history
Hibernate: DELETE FROM opm.interest_suppression_history
Hibernate: DELETE FROM opm.gl_payment_type_history
Hibernate: DELETE FROM opm.scm_first_insert_history
Hibernate: DELETE FROM opm.holiday_history
Hibernate: DELETE FROM opm.deduction_rate_history
Hibernate: DELETE FROM opm.interest_grace_period_history
Hibernate: DELETE FROM opm.gl_code_history
Hibernate: DELETE FROM opm.claim_without_service_history
Hibernate: DELETE FROM opm.payment_transaction_note_history
Hibernate: DELETE FROM opm.payment_move_transaction_history
Hibernate: DELETE FROM opm.interest_rate_history
Hibernate: DELETE FROM opm.payment_interest_detail_history
Hibernate: DELETE FROM opm.adjustment_transaction_history
Hibernate: DELETE FROM opm.invoice_history
Hibernate: DELETE FROM opm.a01_print_suppression_case_history
Hibernate: DELETE FROM opm.user_account_assignment_history
Hibernate: DELETE FROM opm.payment_refund_link_history
Hibernate: DELETE FROM opm.payments_applied_order_code_history
Hibernate: DELETE FROM opm.service_credit_preference_history
Hibernate: DELETE FROM opm.account_confirmation_validation_entry_history
Hibernate: DELETE FROM opm.account_confirmation_validation_history
Hibernate: DELETE FROM opm.payment_reverse_history
Hibernate: DELETE FROM opm.payment_history
Hibernate: DELETE FROM opm.pay_trans_status_code_history
Hibernate: DELETE FROM opm.notification_READBY_history
Hibernate: DELETE FROM opm.refund_transaction_history
Hibernate: DELETE FROM opm.summary_data_history
Hibernate: DELETE FROM opm.dedeposit_history
Hibernate: DELETE FROM opm.redeposit_history
Hibernate: DELETE FROM opm.calculation_result_item_history
Hibernate: DELETE FROM opm.calculation_result_history
Hibernate: DELETE FROM opm.calculation_history
Hibernate: DELETE FROM opm.fers_redeposit_history
Hibernate: DELETE FROM opm.fers_deposit_history
Hibernate: DELETE FROM opm.calculation_version_history
Hibernate: DELETE FROM opm.billing_history
Hibernate: DELETE FROM opm.billing_summary_history
Hibernate: DELETE FROM opm.account_note_history
Hibernate: DELETE FROM opm.address_history
Hibernate: DELETE FROM opm.account_history
Hibernate: DELETE FROM opm.account_holder_history
Hibernate: DELETE FROM opm.error_history
Hibernate: DELETE FROM opm.info_history
Hibernate: DELETE FROM opm.notification_history
Hibernate: DELETE FROM opm.app_user_history
Hibernate: DELETE FROM opm.change_trans_field_number_code
Hibernate: DELETE FROM opm.pay_code
Hibernate: DELETE FROM opm.payment_applied_order
Hibernate: DELETE FROM opm.agency_code
Hibernate: DELETE FROM opm.calculation_status
Hibernate: DELETE FROM opm.transfer_type
Hibernate: DELETE FROM opm.user_status
Hibernate: DELETE FROM opm.claim_officer
Hibernate: DELETE FROM opm.payment_status
Hibernate: DELETE FROM opm.application_designation
Hibernate: DELETE FROM opm.payment_reversal_reason
Hibernate: DELETE FROM opm.pay_type
Hibernate: DELETE FROM opm.appointment_type
Hibernate: DELETE FROM opm.role
Hibernate: DELETE FROM opm.service_type
Hibernate: DELETE FROM opm.retirement_type
Hibernate: DELETE FROM opm.account_status
Hibernate: DELETE FROM opm.country
Hibernate: DELETE FROM opm.state
Hibernate: DELETE FROM opm.period_type
Hibernate: DELETE FROM opm.suffix
Hibernate: DELETE FROM opm.form_type
Hibernate: insert into opm.claim_without_service (deleted, claim_number, date_of_birth) values (?, ?, ?)
Hibernate: SELECT COUNT(*) FROM opm.claim_without_service_history WHERE id=? AND action=?
Hibernate: select claimwitho0_.id as id1_27_0_, claimwitho0_.deleted as deleted2_27_0_, claimwitho0_.claim_number as claim3_27_0_, claimwitho0_.date_of_birth as date4_27_0_ from opm.claim_without_service claimwitho0_ where claimwitho0_.id=?
Hibernate: update opm.claim_without_service set deleted=?, claim_number=?, date_of_birth=? where id=?
Hibernate: SELECT COUNT(*) FROM opm.claim_without_service_history WHERE id=? AND action=?
Hibernate: delete from opm.claim_without_service where id=?
Hibernate: select claimwitho0_.id as id1_27_0_, claimwitho0_.deleted as deleted2_27_0_, claimwitho0_.claim_number as claim3_27_0_, claimwitho0_.date_of_birth as date4_27_0_ from opm.claim_without_service claimwitho0_ where claimwitho0_.id=?
Hibernate: SELECT COUNT(*) FROM opm.claim_without_service_history WHERE id=? AND action=?
Hibernate: DELETE FROM opm.batch_daily_payments
Hibernate: DELETE FROM opm.audit_batch
Hibernate: DELETE FROM opm.new_claim_number
Hibernate: DELETE FROM opm.annuitant_list
Hibernate: DELETE FROM opm.time_factor
Hibernate: DELETE FROM opm.contact_info
Hibernate: DELETE FROM opm.interest_suppression
Hibernate: DELETE FROM opm.gl_payment_type
Hibernate: DELETE FROM opm.scm_first_insert
Hibernate: DELETE FROM opm.holiday
Hibernate: DELETE FROM opm.deduction_rate
Hibernate: DELETE FROM opm.interest_grace_period
Hibernate: DELETE FROM opm.gl_code
Hibernate: DELETE FROM opm.claim_without_service
Hibernate: DELETE FROM opm.payment_transaction_note
Hibernate: DELETE FROM opm.payment_move_transaction
Hibernate: DELETE FROM opm.interest_rate
Hibernate: DELETE FROM opm.payment_interest_detail
Hibernate: DELETE FROM opm.adjustment_transaction
Hibernate: DELETE FROM opm.invoice
Hibernate: DELETE FROM opm.a01_print_suppression_case
Hibernate: DELETE FROM opm.user_account_assignment
Hibernate: DELETE FROM opm.payment_refund_link
Hibernate: DELETE FROM opm.role_permission
Hibernate: DELETE FROM opm.user_permission
Hibernate: DELETE FROM opm.service_credit_preference
Hibernate: DELETE FROM opm.account_confirmation_validation_entry
Hibernate: DELETE FROM opm.payment_reverse
Hibernate: DELETE FROM opm.payment
Hibernate: DELETE FROM opm.pay_trans_status_code
Hibernate: DELETE FROM opm.payments_applied_order_code
Hibernate: DELETE FROM opm.printout
Hibernate: DELETE FROM opm.related_help_items
Hibernate: DELETE FROM opm.help_item
Hibernate: DELETE FROM opm.notification_READBY
Hibernate: DELETE FROM opm.date_calculation_data
Hibernate: DELETE FROM opm.refund_transaction
Hibernate: DELETE FROM opm.audit_parameter_record
Hibernate: DELETE FROM opm.audit_record
Hibernate: DELETE FROM opm.dedeposit
Hibernate: DELETE FROM opm.redeposit
Hibernate: DELETE FROM opm.calculation_result_item
Hibernate: DELETE FROM opm.calculation
Hibernate: DELETE FROM opm.fers_redeposit
Hibernate: DELETE FROM opm.fers_deposit
Hibernate: DELETE FROM opm.calculation_version
Hibernate: DELETE FROM opm.calculation_result
Hibernate: DELETE FROM opm.summary_data
Hibernate: DELETE FROM opm.billing
Hibernate: DELETE FROM opm.account_note
Hibernate: DELETE FROM opm.account
Hibernate: DELETE FROM opm.account_confirmation_validation
Hibernate: DELETE FROM opm.billing_summary
Hibernate: DELETE FROM opm.account_holder
Hibernate: DELETE FROM opm.address
Hibernate: DELETE FROM opm.error
Hibernate: DELETE FROM opm.info
Hibernate: DELETE FROM opm.notification
Hibernate: DELETE FROM opm.app_user
Hibernate: DELETE FROM opm.batch_daily_payments_history
Hibernate: DELETE FROM opm.audit_batch_history
Hibernate: DELETE FROM opm.new_claim_number_history
Hibernate: DELETE FROM opm.annuitant_list_history
Hibernate: DELETE FROM opm.time_factor_history
Hibernate: DELETE FROM opm.contact_info_history
Hibernate: DELETE FROM opm.interest_suppression_history
Hibernate: DELETE FROM opm.gl_payment_type_history
Hibernate: DELETE FROM opm.scm_first_insert_history
Hibernate: DELETE FROM opm.holiday_history
Hibernate: DELETE FROM opm.deduction_rate_history
Hibernate: DELETE FROM opm.interest_grace_period_history
Hibernate: DELETE FROM opm.gl_code_history
Hibernate: DELETE FROM opm.claim_without_service_history
Hibernate: DELETE FROM opm.payment_transaction_note_history
Hibernate: DELETE FROM opm.payment_move_transaction_history
Hibernate: DELETE FROM opm.interest_rate_history
Hibernate: DELETE FROM opm.payment_interest_detail_history
Hibernate: DELETE FROM opm.adjustment_transaction_history
Hibernate: DELETE FROM opm.invoice_history
Hibernate: DELETE FROM opm.a01_print_suppression_case_history
Hibernate: DELETE FROM opm.user_account_assignment_history
Hibernate: DELETE FROM opm.payment_refund_link_history
Hibernate: DELETE FROM opm.payments_applied_order_code_history
Hibernate: DELETE FROM opm.service_credit_preference_history
Hibernate: DELETE FROM opm.account_confirmation_validation_entry_history
Hibernate: DELETE FROM opm.account_confirmation_validation_history
Hibernate: DELETE FROM opm.payment_reverse_history
Hibernate: DELETE FROM opm.payment_history
Hibernate: DELETE FROM opm.pay_trans_status_code_history
Hibernate: DELETE FROM opm.notification_READBY_history
Hibernate: DELETE FROM opm.refund_transaction_history
Hibernate: DELETE FROM opm.summary_data_history
Hibernate: DELETE FROM opm.dedeposit_history
Hibernate: DELETE FROM opm.redeposit_history
Hibernate: DELETE FROM opm.calculation_result_item_history
Hibernate: DELETE FROM opm.calculation_result_history
Hibernate: DELETE FROM opm.calculation_history
Hibernate: DELETE FROM opm.fers_redeposit_history
Hibernate: DELETE FROM opm.fers_deposit_history
Hibernate: DELETE FROM opm.calculation_version_history
Hibernate: DELETE FROM opm.billing_history
Hibernate: DELETE FROM opm.billing_summary_history
Hibernate: DELETE FROM opm.account_note_history
Hibernate: DELETE FROM opm.address_history
Hibernate: DELETE FROM opm.account_history
Hibernate: DELETE FROM opm.account_holder_history
Hibernate: DELETE FROM opm.error_history
Hibernate: DELETE FROM opm.info_history
Hibernate: DELETE FROM opm.notification_history
Hibernate: DELETE FROM opm.app_user_history
Hibernate: DELETE FROM opm.change_trans_field_number_code
Hibernate: DELETE FROM opm.pay_code
Hibernate: DELETE FROM opm.payment_applied_order
Hibernate: DELETE FROM opm.agency_code
Hibernate: DELETE FROM opm.calculation_status
Hibernate: DELETE FROM opm.transfer_type
Hibernate: DELETE FROM opm.user_status
Hibernate: DELETE FROM opm.claim_officer
Hibernate: DELETE FROM opm.payment_status
Hibernate: DELETE FROM opm.application_designation
Hibernate: DELETE FROM opm.payment_reversal_reason
Hibernate: DELETE FROM opm.pay_type
Hibernate: DELETE FROM opm.appointment_type
Hibernate: DELETE FROM opm.role
Hibernate: DELETE FROM opm.service_type
Hibernate: DELETE FROM opm.retirement_type
Hibernate: DELETE FROM opm.account_status
Hibernate: DELETE FROM opm.country
Hibernate: DELETE FROM opm.state
Hibernate: DELETE FROM opm.period_type
Hibernate: DELETE FROM opm.suffix
Hibernate: DELETE FROM opm.form_type
Hibernate: DELETE FROM opm.batch_daily_payments
Hibernate: DELETE FROM opm.audit_batch
Hibernate: DELETE FROM opm.new_claim_number
Hibernate: DELETE FROM opm.annuitant_list
Hibernate: DELETE FROM opm.time_factor
Hibernate: DELETE FROM opm.contact_info
Hibernate: DELETE FROM opm.interest_suppression
Hibernate: DELETE FROM opm.gl_payment_type
Hibernate: DELETE FROM opm.scm_first_insert
Hibernate: DELETE FROM opm.holiday
Hibernate: DELETE FROM opm.deduction_rate
Hibernate: DELETE FROM opm.interest_grace_period
Hibernate: DELETE FROM opm.gl_code
Hibernate: DELETE FROM opm.claim_without_service
Hibernate: DELETE FROM opm.payment_transaction_note
Hibernate: DELETE FROM opm.payment_move_transaction
Hibernate: DELETE FROM opm.interest_rate
Hibernate: DELETE FROM opm.payment_interest_detail
Hibernate: DELETE FROM opm.adjustment_transaction
Hibernate: DELETE FROM opm.invoice
Hibernate: DELETE FROM opm.a01_print_suppression_case
Hibernate: DELETE FROM opm.user_account_assignment
Hibernate: DELETE FROM opm.payment_refund_link
Hibernate: DELETE FROM opm.role_permission
Hibernate: DELETE FROM opm.user_permission
Hibernate: DELETE FROM opm.service_credit_preference
Hibernate: DELETE FROM opm.account_confirmation_validation_entry
Hibernate: DELETE FROM opm.payment_reverse
Hibernate: DELETE FROM opm.payment
Hibernate: DELETE FROM opm.pay_trans_status_code
Hibernate: DELETE FROM opm.payments_applied_order_code
Hibernate: DELETE FROM opm.printout
Hibernate: DELETE FROM opm.related_help_items
Hibernate: DELETE FROM opm.help_item
Hibernate: DELETE FROM opm.notification_READBY
Hibernate: DELETE FROM opm.date_calculation_data
Hibernate: DELETE FROM opm.refund_transaction
Hibernate: DELETE FROM opm.audit_parameter_record
Hibernate: DELETE FROM opm.audit_record
Hibernate: DELETE FROM opm.dedeposit
Hibernate: DELETE FROM opm.redeposit
Hibernate: DELETE FROM opm.calculation_result_item
Hibernate: DELETE FROM opm.calculation
Hibernate: DELETE FROM opm.fers_redeposit
Hibernate: DELETE FROM opm.fers_deposit
Hibernate: DELETE FROM opm.calculation_version
Hibernate: DELETE FROM opm.calculation_result
Hibernate: DELETE FROM opm.summary_data
Hibernate: DELETE FROM opm.billing
Hibernate: DELETE FROM opm.account_note
Hibernate: DELETE FROM opm.account
Hibernate: DELETE FROM opm.account_confirmation_validation
Hibernate: DELETE FROM opm.billing_summary
Hibernate: DELETE FROM opm.account_holder
Hibernate: DELETE FROM opm.address
Hibernate: DELETE FROM opm.error
Hibernate: DELETE FROM opm.info
Hibernate: DELETE FROM opm.notification
Hibernate: DELETE FROM opm.app_user
Hibernate: DELETE FROM opm.batch_daily_payments_history
Hibernate: DELETE FROM opm.audit_batch_history
Hibernate: DELETE FROM opm.new_claim_number_history
Hibernate: DELETE FROM opm.annuitant_list_history
Hibernate: DELETE FROM opm.time_factor_history
Hibernate: DELETE FROM opm.contact_info_history
Hibernate: DELETE FROM opm.interest_suppression_history
Hibernate: DELETE FROM opm.gl_payment_type_history
Hibernate: DELETE FROM opm.scm_first_insert_history
Hibernate: DELETE FROM opm.holiday_history
Hibernate: DELETE FROM opm.deduction_rate_history
Hibernate: DELETE FROM opm.interest_grace_period_history
Hibernate: DELETE FROM opm.gl_code_history
Hibernate: DELETE FROM opm.claim_without_service_history
Hibernate: DELETE FROM opm.payment_transaction_note_history
Hibernate: DELETE FROM opm.payment_move_transaction_history
Hibernate: DELETE FROM opm.interest_rate_history
Hibernate: DELETE FROM opm.payment_interest_detail_history
Hibernate: DELETE FROM opm.adjustment_transaction_history
Hibernate: DELETE FROM opm.invoice_history
Hibernate: DELETE FROM opm.a01_print_suppression_case_history
Hibernate: DELETE FROM opm.user_account_assignment_history
Hibernate: DELETE FROM opm.payment_refund_link_history
Hibernate: DELETE FROM opm.payments_applied_order_code_history
Hibernate: DELETE FROM opm.service_credit_preference_history
Hibernate: DELETE FROM opm.account_confirmation_validation_entry_history
Hibernate: DELETE FROM opm.account_confirmation_validation_history
Hibernate: DELETE FROM opm.payment_reverse_history
Hibernate: DELETE FROM opm.payment_history
Hibernate: DELETE FROM opm.pay_trans_status_code_history
Hibernate: DELETE FROM opm.notification_READBY_history
Hibernate: DELETE FROM opm.refund_transaction_history
Hibernate: DELETE FROM opm.summary_data_history
Hibernate: DELETE FROM opm.dedeposit_history
Hibernate: DELETE FROM opm.redeposit_history
Hibernate: DELETE FROM opm.calculation_result_item_history
Hibernate: DELETE FROM opm.calculation_result_history
Hibernate: DELETE FROM opm.calculation_history
Hibernate: DELETE FROM opm.fers_redeposit_history
Hibernate: DELETE FROM opm.fers_deposit_history
Hibernate: DELETE FROM opm.calculation_version_history
Hibernate: DELETE FROM opm.billing_history
Hibernate: DELETE FROM opm.billing_summary_history
Hibernate: DELETE FROM opm.account_note_history
Hibernate: DELETE FROM opm.address_history
Hibernate: DELETE FROM opm.account_history
Hibernate: DELETE FROM opm.account_holder_history
Hibernate: DELETE FROM opm.error_history
Hibernate: DELETE FROM opm.info_history
Hibernate: DELETE FROM opm.notification_history
Hibernate: DELETE FROM opm.app_user_history
Hibernate: DELETE FROM opm.change_trans_field_number_code
Hibernate: DELETE FROM opm.pay_code
Hibernate: DELETE FROM opm.payment_applied_order
Hibernate: DELETE FROM opm.agency_code
Hibernate: DELETE FROM opm.calculation_status
Hibernate: DELETE FROM opm.transfer_type
Hibernate: DELETE FROM opm.user_status
Hibernate: DELETE FROM opm.claim_officer
Hibernate: DELETE FROM opm.payment_status
Hibernate: DELETE FROM opm.application_designation
Hibernate: DELETE FROM opm.payment_reversal_reason
Hibernate: DELETE FROM opm.pay_type
Hibernate: DELETE FROM opm.appointment_type
Hibernate: DELETE FROM opm.role
Hibernate: DELETE FROM opm.service_type
Hibernate: DELETE FROM opm.retirement_type
Hibernate: DELETE FROM opm.account_status
Hibernate: DELETE FROM opm.country
Hibernate: DELETE FROM opm.state
Hibernate: DELETE FROM opm.period_type
Hibernate: DELETE FROM opm.suffix
Hibernate: DELETE FROM opm.form_type
Hibernate: insert into opm.payment_transaction_note (deleted, note, pay_transaction_key) values (?, ?, ?)
Hibernate: SELECT COUNT(*) FROM opm.payment_transaction_note_history WHERE id=? AND action=?
Hibernate: select paymenttra0_.id as id1_59_0_, paymenttra0_.deleted as deleted2_59_0_, paymenttra0_.note as note3_59_0_, paymenttra0_.pay_transaction_key as pay4_59_0_ from opm.payment_transaction_note paymenttra0_ where paymenttra0_.id=?
Hibernate: update opm.payment_transaction_note set deleted=?, note=?, pay_transaction_key=? where id=?
Hibernate: SELECT COUNT(*) FROM opm.payment_transaction_note_history WHERE id=? AND action=?
Hibernate: delete from opm.payment_transaction_note where id=?
Hibernate: select paymenttra0_.id as id1_59_0_, paymenttra0_.deleted as deleted2_59_0_, paymenttra0_.note as note3_59_0_, paymenttra0_.pay_transaction_key as pay4_59_0_ from opm.payment_transaction_note paymenttra0_ where paymenttra0_.id=?
Hibernate: SELECT COUNT(*) FROM opm.payment_transaction_note_history WHERE id=? AND action=?
Hibernate: DELETE FROM opm.batch_daily_payments
Hibernate: DELETE FROM opm.audit_batch
Hibernate: DELETE FROM opm.new_claim_number
Hibernate: DELETE FROM opm.annuitant_list
Hibernate: DELETE FROM opm.time_factor
Hibernate: DELETE FROM opm.contact_info
Hibernate: DELETE FROM opm.interest_suppression
Hibernate: DELETE FROM opm.gl_payment_type
Hibernate: DELETE FROM opm.scm_first_insert
Hibernate: DELETE FROM opm.holiday
Hibernate: DELETE FROM opm.deduction_rate
Hibernate: DELETE FROM opm.interest_grace_period
Hibernate: DELETE FROM opm.gl_code
Hibernate: DELETE FROM opm.claim_without_service
Hibernate: DELETE FROM opm.payment_transaction_note
Hibernate: DELETE FROM opm.payment_move_transaction
Hibernate: DELETE FROM opm.interest_rate
Hibernate: DELETE FROM opm.payment_interest_detail
Hibernate: DELETE FROM opm.adjustment_transaction
Hibernate: DELETE FROM opm.invoice
Hibernate: DELETE FROM opm.a01_print_suppression_case
Hibernate: DELETE FROM opm.user_account_assignment
Hibernate: DELETE FROM opm.payment_refund_link
Hibernate: DELETE FROM opm.role_permission
Hibernate: DELETE FROM opm.user_permission
Hibernate: DELETE FROM opm.service_credit_preference
Hibernate: DELETE FROM opm.account_confirmation_validation_entry
Hibernate: DELETE FROM opm.payment_reverse
Hibernate: DELETE FROM opm.payment
Hibernate: DELETE FROM opm.pay_trans_status_code
Hibernate: DELETE FROM opm.payments_applied_order_code
Hibernate: DELETE FROM opm.printout
Hibernate: DELETE FROM opm.related_help_items
Hibernate: DELETE FROM opm.help_item
Hibernate: DELETE FROM opm.notification_READBY
Hibernate: DELETE FROM opm.date_calculation_data
Hibernate: DELETE FROM opm.refund_transaction
Hibernate: DELETE FROM opm.audit_parameter_record
Hibernate: DELETE FROM opm.audit_record
Hibernate: DELETE FROM opm.dedeposit
Hibernate: DELETE FROM opm.redeposit
Hibernate: DELETE FROM opm.calculation_result_item
Hibernate: DELETE FROM opm.calculation
Hibernate: DELETE FROM opm.fers_redeposit
Hibernate: DELETE FROM opm.fers_deposit
Hibernate: DELETE FROM opm.calculation_version
Hibernate: DELETE FROM opm.calculation_result
Hibernate: DELETE FROM opm.summary_data
Hibernate: DELETE FROM opm.billing
Hibernate: DELETE FROM opm.account_note
Hibernate: DELETE FROM opm.account
Hibernate: DELETE FROM opm.account_confirmation_validation
Hibernate: DELETE FROM opm.billing_summary
Hibernate: DELETE FROM opm.account_holder
Hibernate: DELETE FROM opm.address
Hibernate: DELETE FROM opm.error
Hibernate: DELETE FROM opm.info
Hibernate: DELETE FROM opm.notification
Hibernate: DELETE FROM opm.app_user
Hibernate: DELETE FROM opm.batch_daily_payments_history
Hibernate: DELETE FROM opm.audit_batch_history
Hibernate: DELETE FROM opm.new_claim_number_history
Hibernate: DELETE FROM opm.annuitant_list_history
Hibernate: DELETE FROM opm.time_factor_history
Hibernate: DELETE FROM opm.contact_info_history
Hibernate: DELETE FROM opm.interest_suppression_history
Hibernate: DELETE FROM opm.gl_payment_type_history
Hibernate: DELETE FROM opm.scm_first_insert_history
Hibernate: DELETE FROM opm.holiday_history
Hibernate: DELETE FROM opm.deduction_rate_history
Hibernate: DELETE FROM opm.interest_grace_period_history
Hibernate: DELETE FROM opm.gl_code_history
Hibernate: DELETE FROM opm.claim_without_service_history
Hibernate: DELETE FROM opm.payment_transaction_note_history
Hibernate: DELETE FROM opm.payment_move_transaction_history
Hibernate: DELETE FROM opm.interest_rate_history
Hibernate: DELETE FROM opm.payment_interest_detail_history
Hibernate: DELETE FROM opm.adjustment_transaction_history
Hibernate: DELETE FROM opm.invoice_history
Hibernate: DELETE FROM opm.a01_print_suppression_case_history
Hibernate: DELETE FROM opm.user_account_assignment_history
Hibernate: DELETE FROM opm.payment_refund_link_history
Hibernate: DELETE FROM opm.payments_applied_order_code_history
Hibernate: DELETE FROM opm.service_credit_preference_history
Hibernate: DELETE FROM opm.account_confirmation_validation_entry_history
Hibernate: DELETE FROM opm.account_confirmation_validation_history
Hibernate: DELETE FROM opm.payment_reverse_history
Hibernate: DELETE FROM opm.payment_history
Hibernate: DELETE FROM opm.pay_trans_status_code_history
Hibernate: DELETE FROM opm.notification_READBY_history
Hibernate: DELETE FROM opm.refund_transaction_history
Hibernate: DELETE FROM opm.summary_data_history
Hibernate: DELETE FROM opm.dedeposit_history
Hibernate: DELETE FROM opm.redeposit_history
Hibernate: DELETE FROM opm.calculation_result_item_history
Hibernate: DELETE FROM opm.calculation_result_history
Hibernate: DELETE FROM opm.calculation_history
Hibernate: DELETE FROM opm.fers_redeposit_history
Hibernate: DELETE FROM opm.fers_deposit_history
Hibernate: DELETE FROM opm.calculation_version_history
Hibernate: DELETE FROM opm.billing_history
Hibernate: DELETE FROM opm.billing_summary_history
Hibernate: DELETE FROM opm.account_note_history
Hibernate: DELETE FROM opm.address_history
Hibernate: DELETE FROM opm.account_history
Hibernate: DELETE FROM opm.account_holder_history
Hibernate: DELETE FROM opm.error_history
Hibernate: DELETE FROM opm.info_history
Hibernate: DELETE FROM opm.notification_history
Hibernate: DELETE FROM opm.app_user_history
Hibernate: DELETE FROM opm.change_trans_field_number_code
Hibernate: DELETE FROM opm.pay_code
Hibernate: DELETE FROM opm.payment_applied_order
Hibernate: DELETE FROM opm.agency_code
Hibernate: DELETE FROM opm.calculation_status
Hibernate: DELETE FROM opm.transfer_type
Hibernate: DELETE FROM opm.user_status
Hibernate: DELETE FROM opm.claim_officer
Hibernate: DELETE FROM opm.payment_status
Hibernate: DELETE FROM opm.application_designation
Hibernate: DELETE FROM opm.payment_reversal_reason
Hibernate: DELETE FROM opm.pay_type
Hibernate: DELETE FROM opm.appointment_type
Hibernate: DELETE FROM opm.role
Hibernate: DELETE FROM opm.service_type
Hibernate: DELETE FROM opm.retirement_type
Hibernate: DELETE FROM opm.account_status
Hibernate: DELETE FROM opm.country
Hibernate: DELETE FROM opm.state
Hibernate: DELETE FROM opm.period_type
Hibernate: DELETE FROM opm.suffix
Hibernate: DELETE FROM opm.form_type
Hibernate: DELETE FROM opm.batch_daily_payments
Hibernate: DELETE FROM opm.audit_batch
Hibernate: DELETE FROM opm.new_claim_number
Hibernate: DELETE FROM opm.annuitant_list
Hibernate: DELETE FROM opm.time_factor
Hibernate: DELETE FROM opm.contact_info
Hibernate: DELETE FROM opm.interest_suppression
Hibernate: DELETE FROM opm.gl_payment_type
Hibernate: DELETE FROM opm.scm_first_insert
Hibernate: DELETE FROM opm.holiday
Hibernate: DELETE FROM opm.deduction_rate
Hibernate: DELETE FROM opm.interest_grace_period
Hibernate: DELETE FROM opm.gl_code
Hibernate: DELETE FROM opm.claim_without_service
Hibernate: DELETE FROM opm.payment_transaction_note
Hibernate: DELETE FROM opm.payment_move_transaction
Hibernate: DELETE FROM opm.interest_rate
Hibernate: DELETE FROM opm.payment_interest_detail
Hibernate: DELETE FROM opm.adjustment_transaction
Hibernate: DELETE FROM opm.invoice
Hibernate: DELETE FROM opm.a01_print_suppression_case
Hibernate: DELETE FROM opm.user_account_assignment
Hibernate: DELETE FROM opm.payment_refund_link
Hibernate: DELETE FROM opm.role_permission
Hibernate: DELETE FROM opm.user_permission
Hibernate: DELETE FROM opm.service_credit_preference
Hibernate: DELETE FROM opm.account_confirmation_validation_entry
Hibernate: DELETE FROM opm.payment_reverse
Hibernate: DELETE FROM opm.payment
Hibernate: DELETE FROM opm.pay_trans_status_code
Hibernate: DELETE FROM opm.payments_applied_order_code
Hibernate: DELETE FROM opm.printout
Hibernate: DELETE FROM opm.related_help_items
Hibernate: DELETE FROM opm.help_item
Hibernate: DELETE FROM opm.notification_READBY
Hibernate: DELETE FROM opm.date_calculation_data
Hibernate: DELETE FROM opm.refund_transaction
Hibernate: DELETE FROM opm.audit_parameter_record
Hibernate: DELETE FROM opm.audit_record
Hibernate: DELETE FROM opm.dedeposit
Hibernate: DELETE FROM opm.redeposit
Hibernate: DELETE FROM opm.calculation_result_item
Hibernate: DELETE FROM opm.calculation
Hibernate: DELETE FROM opm.fers_redeposit
Hibernate: DELETE FROM opm.fers_deposit
Hibernate: DELETE FROM opm.calculation_version
Hibernate: DELETE FROM opm.calculation_result
Hibernate: DELETE FROM opm.summary_data
Hibernate: DELETE FROM opm.billing
Hibernate: DELETE FROM opm.account_note
Hibernate: DELETE FROM opm.account
Hibernate: DELETE FROM opm.account_confirmation_validation
Hibernate: DELETE FROM opm.billing_summary
Hibernate: DELETE FROM opm.account_holder
Hibernate: DELETE FROM opm.address
Hibernate: DELETE FROM opm.error
Hibernate: DELETE FROM opm.info
Hibernate: DELETE FROM opm.notification
Hibernate: DELETE FROM opm.app_user
Hibernate: DELETE FROM opm.batch_daily_payments_history
Hibernate: DELETE FROM opm.audit_batch_history
Hibernate: DELETE FROM opm.new_claim_number_history
Hibernate: DELETE FROM opm.annuitant_list_history
Hibernate: DELETE FROM opm.time_factor_history
Hibernate: DELETE FROM opm.contact_info_history
Hibernate: DELETE FROM opm.interest_suppression_history
Hibernate: DELETE FROM opm.gl_payment_type_history
Hibernate: DELETE FROM opm.scm_first_insert_history
Hibernate: DELETE FROM opm.holiday_history
Hibernate: DELETE FROM opm.deduction_rate_history
Hibernate: DELETE FROM opm.interest_grace_period_history
Hibernate: DELETE FROM opm.gl_code_history
Hibernate: DELETE FROM opm.claim_without_service_history
Hibernate: DELETE FROM opm.payment_transaction_note_history
Hibernate: DELETE FROM opm.payment_move_transaction_history
Hibernate: DELETE FROM opm.interest_rate_history
Hibernate: DELETE FROM opm.payment_interest_detail_history
Hibernate: DELETE FROM opm.adjustment_transaction_history
Hibernate: DELETE FROM opm.invoice_history
Hibernate: DELETE FROM opm.a01_print_suppression_case_history
Hibernate: DELETE FROM opm.user_account_assignment_history
Hibernate: DELETE FROM opm.payment_refund_link_history
Hibernate: DELETE FROM opm.payments_applied_order_code_history
Hibernate: DELETE FROM opm.service_credit_preference_history
Hibernate: DELETE FROM opm.account_confirmation_validation_entry_history
Hibernate: DELETE FROM opm.account_confirmation_validation_history
Hibernate: DELETE FROM opm.payment_reverse_history
Hibernate: DELETE FROM opm.payment_history
Hibernate: DELETE FROM opm.pay_trans_status_code_history
Hibernate: DELETE FROM opm.notification_READBY_history
Hibernate: DELETE FROM opm.refund_transaction_history
Hibernate: DELETE FROM opm.summary_data_history
Hibernate: DELETE FROM opm.dedeposit_history
Hibernate: DELETE FROM opm.redeposit_history
Hibernate: DELETE FROM opm.calculation_result_item_history
Hibernate: DELETE FROM opm.calculation_result_history
Hibernate: DELETE FROM opm.calculation_history
Hibernate: DELETE FROM opm.fers_redeposit_history
Hibernate: DELETE FROM opm.fers_deposit_history
Hibernate: DELETE FROM opm.calculation_version_history
Hibernate: DELETE FROM opm.billing_history
Hibernate: DELETE FROM opm.billing_summary_history
Hibernate: DELETE FROM opm.account_note_history
Hibernate: DELETE FROM opm.address_history
Hibernate: DELETE FROM opm.account_history
Hibernate: DELETE FROM opm.account_holder_history
Hibernate: DELETE FROM opm.error_history
Hibernate: DELETE FROM opm.info_history
Hibernate: DELETE FROM opm.notification_history
Hibernate: DELETE FROM opm.app_user_history
Hibernate: DELETE FROM opm.change_trans_field_number_code
Hibernate: DELETE FROM opm.pay_code
Hibernate: DELETE FROM opm.payment_applied_order
Hibernate: DELETE FROM opm.agency_code
Hibernate: DELETE FROM opm.calculation_status
Hibernate: DELETE FROM opm.transfer_type
Hibernate: DELETE FROM opm.user_status
Hibernate: DELETE FROM opm.claim_officer
Hibernate: DELETE FROM opm.payment_status
Hibernate: DELETE FROM opm.application_designation
Hibernate: DELETE FROM opm.payment_reversal_reason
Hibernate: DELETE FROM opm.pay_type
Hibernate: DELETE FROM opm.appointment_type
Hibernate: DELETE FROM opm.role
Hibernate: DELETE FROM opm.service_type
Hibernate: DELETE FROM opm.retirement_type
Hibernate: DELETE FROM opm.account_status
Hibernate: DELETE FROM opm.country
Hibernate: DELETE FROM opm.state
Hibernate: DELETE FROM opm.period_type
Hibernate: DELETE FROM opm.suffix
Hibernate: DELETE FROM opm.form_type
Hibernate: insert into opm.payment_move_transaction (deleted, approved_date, approved, claim_number, disapproved, manager_user_key, modification_date, modified, note, pay_transaction_key, processed_date, technician_user_key, tot_pay_d, tot_pay_fers, tot_pay_n, tot_pay_r, tot_pay_vr) values (?, ?, ?, ?, ?, ?, ?, ?, ?, ?, ?, ?, ?, ?, ?, ?, ?)
Hibernate: SELECT COUNT(*) FROM opm.payment_move_transaction_history WHERE id=? AND action=?
Hibernate: select paymentmov0_.id as id1_54_0_, paymentmov0_.deleted as deleted2_54_0_, paymentmov0_.approved_date as approved3_54_0_, paymentmov0_.approved as approved4_54_0_, paymentmov0_.claim_number as claim5_54_0_, paymentmov0_.disapproved as disappro6_54_0_, paymentmov0_.manager_user_key as manager7_54_0_, paymentmov0_.modification_date as modifica8_54_0_, paymentmov0_.modified as modified9_54_0_, paymentmov0_.note as note10_54_0_, paymentmov0_.pay_transaction_key as pay11_54_0_, paymentmov0_.processed_date as process12_54_0_, paymentmov0_.technician_user_key as technic13_54_0_, paymentmov0_.tot_pay_d as tot14_54_0_, paymentmov0_.tot_pay_fers as tot15_54_0_, paymentmov0_.tot_pay_n as tot16_54_0_, paymentmov0_.tot_pay_r as tot17_54_0_, paymentmov0_.tot_pay_vr as tot18_54_0_ from opm.payment_move_transaction paymentmov0_ where paymentmov0_.id=?
Hibernate: update opm.payment_move_transaction set deleted=?, approved_date=?, approved=?, claim_number=?, disapproved=?, manager_user_key=?, modification_date=?, modified=?, note=?, pay_transaction_key=?, processed_date=?, technician_user_key=?, tot_pay_d=?, tot_pay_fers=?, tot_pay_n=?, tot_pay_r=?, tot_pay_vr=? where id=?
Hibernate: SELECT COUNT(*) FROM opm.payment_move_transaction_history WHERE id=? AND action=?
Hibernate: delete from opm.payment_move_transaction where id=?
Hibernate: select paymentmov0_.id as id1_54_0_, paymentmov0_.deleted as deleted2_54_0_, paymentmov0_.approved_date as approved3_54_0_, paymentmov0_.approved as approved4_54_0_, paymentmov0_.claim_number as claim5_54_0_, paymentmov0_.disapproved as disappro6_54_0_, paymentmov0_.manager_user_key as manager7_54_0_, paymentmov0_.modification_date as modifica8_54_0_, paymentmov0_.modified as modified9_54_0_, paymentmov0_.note as note10_54_0_, paymentmov0_.pay_transaction_key as pay11_54_0_, paymentmov0_.processed_date as process12_54_0_, paymentmov0_.technician_user_key as technic13_54_0_, paymentmov0_.tot_pay_d as tot14_54_0_, paymentmov0_.tot_pay_fers as tot15_54_0_, paymentmov0_.tot_pay_n as tot16_54_0_, paymentmov0_.tot_pay_r as tot17_54_0_, paymentmov0_.tot_pay_vr as tot18_54_0_ from opm.payment_move_transaction paymentmov0_ where paymentmov0_.id=?
Hibernate: SELECT COUNT(*) FROM opm.payment_move_transaction_history WHERE id=? AND action=?
Hibernate: DELETE FROM opm.batch_daily_payments
Hibernate: DELETE FROM opm.audit_batch
Hibernate: DELETE FROM opm.new_claim_number
Hibernate: DELETE FROM opm.annuitant_list
Hibernate: DELETE FROM opm.time_factor
Hibernate: DELETE FROM opm.contact_info
Hibernate: DELETE FROM opm.interest_suppression
Hibernate: DELETE FROM opm.gl_payment_type
Hibernate: DELETE FROM opm.scm_first_insert
Hibernate: DELETE FROM opm.holiday
Hibernate: DELETE FROM opm.deduction_rate
Hibernate: DELETE FROM opm.interest_grace_period
Hibernate: DELETE FROM opm.gl_code
Hibernate: DELETE FROM opm.claim_without_service
Hibernate: DELETE FROM opm.payment_transaction_note
Hibernate: DELETE FROM opm.payment_move_transaction
Hibernate: DELETE FROM opm.interest_rate
Hibernate: DELETE FROM opm.payment_interest_detail
Hibernate: DELETE FROM opm.adjustment_transaction
Hibernate: DELETE FROM opm.invoice
Hibernate: DELETE FROM opm.a01_print_suppression_case
Hibernate: DELETE FROM opm.user_account_assignment
Hibernate: DELETE FROM opm.payment_refund_link
Hibernate: DELETE FROM opm.role_permission
Hibernate: DELETE FROM opm.user_permission
Hibernate: DELETE FROM opm.service_credit_preference
Hibernate: DELETE FROM opm.account_confirmation_validation_entry
Hibernate: DELETE FROM opm.payment_reverse
Hibernate: DELETE FROM opm.payment
Hibernate: DELETE FROM opm.pay_trans_status_code
Hibernate: DELETE FROM opm.payments_applied_order_code
Hibernate: DELETE FROM opm.printout
Hibernate: DELETE FROM opm.related_help_items
Hibernate: DELETE FROM opm.help_item
Hibernate: DELETE FROM opm.notification_READBY
Hibernate: DELETE FROM opm.date_calculation_data
Hibernate: DELETE FROM opm.refund_transaction
Hibernate: DELETE FROM opm.audit_parameter_record
Hibernate: DELETE FROM opm.audit_record
Hibernate: DELETE FROM opm.dedeposit
Hibernate: DELETE FROM opm.redeposit
Hibernate: DELETE FROM opm.calculation_result_item
Hibernate: DELETE FROM opm.calculation
Hibernate: DELETE FROM opm.fers_redeposit
Hibernate: DELETE FROM opm.fers_deposit
Hibernate: DELETE FROM opm.calculation_version
Hibernate: DELETE FROM opm.calculation_result
Hibernate: DELETE FROM opm.summary_data
Hibernate: DELETE FROM opm.billing
Hibernate: DELETE FROM opm.account_note
Hibernate: DELETE FROM opm.account
Hibernate: DELETE FROM opm.account_confirmation_validation
Hibernate: DELETE FROM opm.billing_summary
Hibernate: DELETE FROM opm.account_holder
Hibernate: DELETE FROM opm.address
Hibernate: DELETE FROM opm.error
Hibernate: DELETE FROM opm.info
Hibernate: DELETE FROM opm.notification
Hibernate: DELETE FROM opm.app_user
Hibernate: DELETE FROM opm.batch_daily_payments_history
Hibernate: DELETE FROM opm.audit_batch_history
Hibernate: DELETE FROM opm.new_claim_number_history
Hibernate: DELETE FROM opm.annuitant_list_history
Hibernate: DELETE FROM opm.time_factor_history
Hibernate: DELETE FROM opm.contact_info_history
Hibernate: DELETE FROM opm.interest_suppression_history
Hibernate: DELETE FROM opm.gl_payment_type_history
Hibernate: DELETE FROM opm.scm_first_insert_history
Hibernate: DELETE FROM opm.holiday_history
Hibernate: DELETE FROM opm.deduction_rate_history
Hibernate: DELETE FROM opm.interest_grace_period_history
Hibernate: DELETE FROM opm.gl_code_history
Hibernate: DELETE FROM opm.claim_without_service_history
Hibernate: DELETE FROM opm.payment_transaction_note_history
Hibernate: DELETE FROM opm.payment_move_transaction_history
Hibernate: DELETE FROM opm.interest_rate_history
Hibernate: DELETE FROM opm.payment_interest_detail_history
Hibernate: DELETE FROM opm.adjustment_transaction_history
Hibernate: DELETE FROM opm.invoice_history
Hibernate: DELETE FROM opm.a01_print_suppression_case_history
Hibernate: DELETE FROM opm.user_account_assignment_history
Hibernate: DELETE FROM opm.payment_refund_link_history
Hibernate: DELETE FROM opm.payments_applied_order_code_history
Hibernate: DELETE FROM opm.service_credit_preference_history
Hibernate: DELETE FROM opm.account_confirmation_validation_entry_history
Hibernate: DELETE FROM opm.account_confirmation_validation_history
Hibernate: DELETE FROM opm.payment_reverse_history
Hibernate: DELETE FROM opm.payment_history
Hibernate: DELETE FROM opm.pay_trans_status_code_history
Hibernate: DELETE FROM opm.notification_READBY_history
Hibernate: DELETE FROM opm.refund_transaction_history
Hibernate: DELETE FROM opm.summary_data_history
Hibernate: DELETE FROM opm.dedeposit_history
Hibernate: DELETE FROM opm.redeposit_history
Hibernate: DELETE FROM opm.calculation_result_item_history
Hibernate: DELETE FROM opm.calculation_result_history
Hibernate: DELETE FROM opm.calculation_history
Hibernate: DELETE FROM opm.fers_redeposit_history
Hibernate: DELETE FROM opm.fers_deposit_history
Hibernate: DELETE FROM opm.calculation_version_history
Hibernate: DELETE FROM opm.billing_history
Hibernate: DELETE FROM opm.billing_summary_history
Hibernate: DELETE FROM opm.account_note_history
Hibernate: DELETE FROM opm.address_history
Hibernate: DELETE FROM opm.account_history
Hibernate: DELETE FROM opm.account_holder_history
Hibernate: DELETE FROM opm.error_history
Hibernate: DELETE FROM opm.info_history
Hibernate: DELETE FROM opm.notification_history
Hibernate: DELETE FROM opm.app_user_history
Hibernate: DELETE FROM opm.change_trans_field_number_code
Hibernate: DELETE FROM opm.pay_code
Hibernate: DELETE FROM opm.payment_applied_order
Hibernate: DELETE FROM opm.agency_code
Hibernate: DELETE FROM opm.calculation_status
Hibernate: DELETE FROM opm.transfer_type
Hibernate: DELETE FROM opm.user_status
Hibernate: DELETE FROM opm.claim_officer
Hibernate: DELETE FROM opm.payment_status
Hibernate: DELETE FROM opm.application_designation
Hibernate: DELETE FROM opm.payment_reversal_reason
Hibernate: DELETE FROM opm.pay_type
Hibernate: DELETE FROM opm.appointment_type
Hibernate: DELETE FROM opm.role
Hibernate: DELETE FROM opm.service_type
Hibernate: DELETE FROM opm.retirement_type
Hibernate: DELETE FROM opm.account_status
Hibernate: DELETE FROM opm.country
Hibernate: DELETE FROM opm.state
Hibernate: DELETE FROM opm.period_type
Hibernate: DELETE FROM opm.suffix
Hibernate: DELETE FROM opm.form_type
Hibernate: DELETE FROM opm.batch_daily_payments
Hibernate: DELETE FROM opm.audit_batch
Hibernate: DELETE FROM opm.new_claim_number
Hibernate: DELETE FROM opm.annuitant_list
Hibernate: DELETE FROM opm.time_factor
Hibernate: DELETE FROM opm.contact_info
Hibernate: DELETE FROM opm.interest_suppression
Hibernate: DELETE FROM opm.gl_payment_type
Hibernate: DELETE FROM opm.scm_first_insert
Hibernate: DELETE FROM opm.holiday
Hibernate: DELETE FROM opm.deduction_rate
Hibernate: DELETE FROM opm.interest_grace_period
Hibernate: DELETE FROM opm.gl_code
Hibernate: DELETE FROM opm.claim_without_service
Hibernate: DELETE FROM opm.payment_transaction_note
Hibernate: DELETE FROM opm.payment_move_transaction
Hibernate: DELETE FROM opm.interest_rate
Hibernate: DELETE FROM opm.payment_interest_detail
Hibernate: DELETE FROM opm.adjustment_transaction
Hibernate: DELETE FROM opm.invoice
Hibernate: DELETE FROM opm.a01_print_suppression_case
Hibernate: DELETE FROM opm.user_account_assignment
Hibernate: DELETE FROM opm.payment_refund_link
Hibernate: DELETE FROM opm.role_permission
Hibernate: DELETE FROM opm.user_permission
Hibernate: DELETE FROM opm.service_credit_preference
Hibernate: DELETE FROM opm.account_confirmation_validation_entry
Hibernate: DELETE FROM opm.payment_reverse
Hibernate: DELETE FROM opm.payment
Hibernate: DELETE FROM opm.pay_trans_status_code
Hibernate: DELETE FROM opm.payments_applied_order_code
Hibernate: DELETE FROM opm.printout
Hibernate: DELETE FROM opm.related_help_items
Hibernate: DELETE FROM opm.help_item
Hibernate: DELETE FROM opm.notification_READBY
Hibernate: DELETE FROM opm.date_calculation_data
Hibernate: DELETE FROM opm.refund_transaction
Hibernate: DELETE FROM opm.audit_parameter_record
Hibernate: DELETE FROM opm.audit_record
Hibernate: DELETE FROM opm.dedeposit
Hibernate: DELETE FROM opm.redeposit
Hibernate: DELETE FROM opm.calculation_result_item
Hibernate: DELETE FROM opm.calculation
Hibernate: DELETE FROM opm.fers_redeposit
Hibernate: DELETE FROM opm.fers_deposit
Hibernate: DELETE FROM opm.calculation_version
Hibernate: DELETE FROM opm.calculation_result
Hibernate: DELETE FROM opm.summary_data
Hibernate: DELETE FROM opm.billing
Hibernate: DELETE FROM opm.account_note
Hibernate: DELETE FROM opm.account
Hibernate: DELETE FROM opm.account_confirmation_validation
Hibernate: DELETE FROM opm.billing_summary
Hibernate: DELETE FROM opm.account_holder
Hibernate: DELETE FROM opm.address
Hibernate: DELETE FROM opm.error
Hibernate: DELETE FROM opm.info
Hibernate: DELETE FROM opm.notification
Hibernate: DELETE FROM opm.app_user
Hibernate: DELETE FROM opm.batch_daily_payments_history
Hibernate: DELETE FROM opm.audit_batch_history
Hibernate: DELETE FROM opm.new_claim_number_history
Hibernate: DELETE FROM opm.annuitant_list_history
Hibernate: DELETE FROM opm.time_factor_history
Hibernate: DELETE FROM opm.contact_info_history
Hibernate: DELETE FROM opm.interest_suppression_history
Hibernate: DELETE FROM opm.gl_payment_type_history
Hibernate: DELETE FROM opm.scm_first_insert_history
Hibernate: DELETE FROM opm.holiday_history
Hibernate: DELETE FROM opm.deduction_rate_history
Hibernate: DELETE FROM opm.interest_grace_period_history
Hibernate: DELETE FROM opm.gl_code_history
Hibernate: DELETE FROM opm.claim_without_service_history
Hibernate: DELETE FROM opm.payment_transaction_note_history
Hibernate: DELETE FROM opm.payment_move_transaction_history
Hibernate: DELETE FROM opm.interest_rate_history
Hibernate: DELETE FROM opm.payment_interest_detail_history
Hibernate: DELETE FROM opm.adjustment_transaction_history
Hibernate: DELETE FROM opm.invoice_history
Hibernate: DELETE FROM opm.a01_print_suppression_case_history
Hibernate: DELETE FROM opm.user_account_assignment_history
Hibernate: DELETE FROM opm.payment_refund_link_history
Hibernate: DELETE FROM opm.payments_applied_order_code_history
Hibernate: DELETE FROM opm.service_credit_preference_history
Hibernate: DELETE FROM opm.account_confirmation_validation_entry_history
Hibernate: DELETE FROM opm.account_confirmation_validation_history
Hibernate: DELETE FROM opm.payment_reverse_history
Hibernate: DELETE FROM opm.payment_history
Hibernate: DELETE FROM opm.pay_trans_status_code_history
Hibernate: DELETE FROM opm.notification_READBY_history
Hibernate: DELETE FROM opm.refund_transaction_history
Hibernate: DELETE FROM opm.summary_data_history
Hibernate: DELETE FROM opm.dedeposit_history
Hibernate: DELETE FROM opm.redeposit_history
Hibernate: DELETE FROM opm.calculation_result_item_history
Hibernate: DELETE FROM opm.calculation_result_history
Hibernate: DELETE FROM opm.calculation_history
Hibernate: DELETE FROM opm.fers_redeposit_history
Hibernate: DELETE FROM opm.fers_deposit_history
Hibernate: DELETE FROM opm.calculation_version_history
Hibernate: DELETE FROM opm.billing_history
Hibernate: DELETE FROM opm.billing_summary_history
Hibernate: DELETE FROM opm.account_note_history
Hibernate: DELETE FROM opm.address_history
Hibernate: DELETE FROM opm.account_history
Hibernate: DELETE FROM opm.account_holder_history
Hibernate: DELETE FROM opm.error_history
Hibernate: DELETE FROM opm.info_history
Hibernate: DELETE FROM opm.notification_history
Hibernate: DELETE FROM opm.app_user_history
Hibernate: DELETE FROM opm.change_trans_field_number_code
Hibernate: DELETE FROM opm.pay_code
Hibernate: DELETE FROM opm.payment_applied_order
Hibernate: DELETE FROM opm.agency_code
Hibernate: DELETE FROM opm.calculation_status
Hibernate: DELETE FROM opm.transfer_type
Hibernate: DELETE FROM opm.user_status
Hibernate: DELETE FROM opm.claim_officer
Hibernate: DELETE FROM opm.payment_status
Hibernate: DELETE FROM opm.application_designation
Hibernate: DELETE FROM opm.payment_reversal_reason
Hibernate: DELETE FROM opm.pay_type
Hibernate: DELETE FROM opm.appointment_type
Hibernate: DELETE FROM opm.role
Hibernate: DELETE FROM opm.service_type
Hibernate: DELETE FROM opm.retirement_type
Hibernate: DELETE FROM opm.account_status
Hibernate: DELETE FROM opm.country
Hibernate: DELETE FROM opm.state
Hibernate: DELETE FROM opm.period_type
Hibernate: DELETE FROM opm.suffix
Hibernate: DELETE FROM opm.form_type
Hibernate: insert into opm.interest_rate (deleted, interest_rate, interest_year) values (?, ?, ?)
Hibernate: SELECT COUNT(*) FROM opm.interest_rate_history WHERE id=? AND action=?
Hibernate: select interestra0_.id as id1_42_0_, interestra0_.deleted as deleted2_42_0_, interestra0_.interest_rate as interest3_42_0_, interestra0_.interest_year as interest4_42_0_ from opm.interest_rate interestra0_ where interestra0_.id=?
Hibernate: update opm.interest_rate set deleted=?, interest_rate=?, interest_year=? where id=?
Hibernate: SELECT COUNT(*) FROM opm.interest_rate_history WHERE id=? AND action=?
Hibernate: delete from opm.interest_rate where id=?
Hibernate: select interestra0_.id as id1_42_0_, interestra0_.deleted as deleted2_42_0_, interestra0_.interest_rate as interest3_42_0_, interestra0_.interest_year as interest4_42_0_ from opm.interest_rate interestra0_ where interestra0_.id=?
Hibernate: SELECT COUNT(*) FROM opm.interest_rate_history WHERE id=? AND action=?
Hibernate: DELETE FROM opm.batch_daily_payments
Hibernate: DELETE FROM opm.audit_batch
Hibernate: DELETE FROM opm.new_claim_number
Hibernate: DELETE FROM opm.annuitant_list
Hibernate: DELETE FROM opm.time_factor
Hibernate: DELETE FROM opm.contact_info
Hibernate: DELETE FROM opm.interest_suppression
Hibernate: DELETE FROM opm.gl_payment_type
Hibernate: DELETE FROM opm.scm_first_insert
Hibernate: DELETE FROM opm.holiday
Hibernate: DELETE FROM opm.deduction_rate
Hibernate: DELETE FROM opm.interest_grace_period
Hibernate: DELETE FROM opm.gl_code
Hibernate: DELETE FROM opm.claim_without_service
Hibernate: DELETE FROM opm.payment_transaction_note
Hibernate: DELETE FROM opm.payment_move_transaction
Hibernate: DELETE FROM opm.interest_rate
Hibernate: DELETE FROM opm.payment_interest_detail
Hibernate: DELETE FROM opm.adjustment_transaction
Hibernate: DELETE FROM opm.invoice
Hibernate: DELETE FROM opm.a01_print_suppression_case
Hibernate: DELETE FROM opm.user_account_assignment
Hibernate: DELETE FROM opm.payment_refund_link
Hibernate: DELETE FROM opm.role_permission
Hibernate: DELETE FROM opm.user_permission
Hibernate: DELETE FROM opm.service_credit_preference
Hibernate: DELETE FROM opm.account_confirmation_validation_entry
Hibernate: DELETE FROM opm.payment_reverse
Hibernate: DELETE FROM opm.payment
Hibernate: DELETE FROM opm.pay_trans_status_code
Hibernate: DELETE FROM opm.payments_applied_order_code
Hibernate: DELETE FROM opm.printout
Hibernate: DELETE FROM opm.related_help_items
Hibernate: DELETE FROM opm.help_item
Hibernate: DELETE FROM opm.notification_READBY
Hibernate: DELETE FROM opm.date_calculation_data
Hibernate: DELETE FROM opm.refund_transaction
Hibernate: DELETE FROM opm.audit_parameter_record
Hibernate: DELETE FROM opm.audit_record
Hibernate: DELETE FROM opm.dedeposit
Hibernate: DELETE FROM opm.redeposit
Hibernate: DELETE FROM opm.calculation_result_item
Hibernate: DELETE FROM opm.calculation
Hibernate: DELETE FROM opm.fers_redeposit
Hibernate: DELETE FROM opm.fers_deposit
Hibernate: DELETE FROM opm.calculation_version
Hibernate: DELETE FROM opm.calculation_result
Hibernate: DELETE FROM opm.summary_data
Hibernate: DELETE FROM opm.billing
Hibernate: DELETE FROM opm.account_note
Hibernate: DELETE FROM opm.account
Hibernate: DELETE FROM opm.account_confirmation_validation
Hibernate: DELETE FROM opm.billing_summary
Hibernate: DELETE FROM opm.account_holder
Hibernate: DELETE FROM opm.address
Hibernate: DELETE FROM opm.error
Hibernate: DELETE FROM opm.info
Hibernate: DELETE FROM opm.notification
Hibernate: DELETE FROM opm.app_user
Hibernate: DELETE FROM opm.batch_daily_payments_history
Hibernate: DELETE FROM opm.audit_batch_history
Hibernate: DELETE FROM opm.new_claim_number_history
Hibernate: DELETE FROM opm.annuitant_list_history
Hibernate: DELETE FROM opm.time_factor_history
Hibernate: DELETE FROM opm.contact_info_history
Hibernate: DELETE FROM opm.interest_suppression_history
Hibernate: DELETE FROM opm.gl_payment_type_history
Hibernate: DELETE FROM opm.scm_first_insert_history
Hibernate: DELETE FROM opm.holiday_history
Hibernate: DELETE FROM opm.deduction_rate_history
Hibernate: DELETE FROM opm.interest_grace_period_history
Hibernate: DELETE FROM opm.gl_code_history
Hibernate: DELETE FROM opm.claim_without_service_history
Hibernate: DELETE FROM opm.payment_transaction_note_history
Hibernate: DELETE FROM opm.payment_move_transaction_history
Hibernate: DELETE FROM opm.interest_rate_history
Hibernate: DELETE FROM opm.payment_interest_detail_history
Hibernate: DELETE FROM opm.adjustment_transaction_history
Hibernate: DELETE FROM opm.invoice_history
Hibernate: DELETE FROM opm.a01_print_suppression_case_history
Hibernate: DELETE FROM opm.user_account_assignment_history
Hibernate: DELETE FROM opm.payment_refund_link_history
Hibernate: DELETE FROM opm.payments_applied_order_code_history
Hibernate: DELETE FROM opm.service_credit_preference_history
Hibernate: DELETE FROM opm.account_confirmation_validation_entry_history
Hibernate: DELETE FROM opm.account_confirmation_validation_history
Hibernate: DELETE FROM opm.payment_reverse_history
Hibernate: DELETE FROM opm.payment_history
Hibernate: DELETE FROM opm.pay_trans_status_code_history
Hibernate: DELETE FROM opm.notification_READBY_history
Hibernate: DELETE FROM opm.refund_transaction_history
Hibernate: DELETE FROM opm.summary_data_history
Hibernate: DELETE FROM opm.dedeposit_history
Hibernate: DELETE FROM opm.redeposit_history
Hibernate: DELETE FROM opm.calculation_result_item_history
Hibernate: DELETE FROM opm.calculation_result_history
Hibernate: DELETE FROM opm.calculation_history
Hibernate: DELETE FROM opm.fers_redeposit_history
Hibernate: DELETE FROM opm.fers_deposit_history
Hibernate: DELETE FROM opm.calculation_version_history
Hibernate: DELETE FROM opm.billing_history
Hibernate: DELETE FROM opm.billing_summary_history
Hibernate: DELETE FROM opm.account_note_history
Hibernate: DELETE FROM opm.address_history
Hibernate: DELETE FROM opm.account_history
Hibernate: DELETE FROM opm.account_holder_history
Hibernate: DELETE FROM opm.error_history
Hibernate: DELETE FROM opm.info_history
Hibernate: DELETE FROM opm.notification_history
Hibernate: DELETE FROM opm.app_user_history
Hibernate: DELETE FROM opm.change_trans_field_number_code
Hibernate: DELETE FROM opm.pay_code
Hibernate: DELETE FROM opm.payment_applied_order
Hibernate: DELETE FROM opm.agency_code
Hibernate: DELETE FROM opm.calculation_status
Hibernate: DELETE FROM opm.transfer_type
Hibernate: DELETE FROM opm.user_status
Hibernate: DELETE FROM opm.claim_officer
Hibernate: DELETE FROM opm.payment_status
Hibernate: DELETE FROM opm.application_designation
Hibernate: DELETE FROM opm.payment_reversal_reason
Hibernate: DELETE FROM opm.pay_type
Hibernate: DELETE FROM opm.appointment_type
Hibernate: DELETE FROM opm.role
Hibernate: DELETE FROM opm.service_type
Hibernate: DELETE FROM opm.retirement_type
Hibernate: DELETE FROM opm.account_status
Hibernate: DELETE FROM opm.country
Hibernate: DELETE FROM opm.state
Hibernate: DELETE FROM opm.period_type
Hibernate: DELETE FROM opm.suffix
Hibernate: DELETE FROM opm.form_type
Hibernate: DELETE FROM opm.batch_daily_payments
Hibernate: DELETE FROM opm.audit_batch
Hibernate: DELETE FROM opm.new_claim_number
Hibernate: DELETE FROM opm.annuitant_list
Hibernate: DELETE FROM opm.time_factor
Hibernate: DELETE FROM opm.contact_info
Hibernate: DELETE FROM opm.interest_suppression
Hibernate: DELETE FROM opm.gl_payment_type
Hibernate: DELETE FROM opm.scm_first_insert
Hibernate: DELETE FROM opm.holiday
Hibernate: DELETE FROM opm.deduction_rate
Hibernate: DELETE FROM opm.interest_grace_period
Hibernate: DELETE FROM opm.gl_code
Hibernate: DELETE FROM opm.claim_without_service
Hibernate: DELETE FROM opm.payment_transaction_note
Hibernate: DELETE FROM opm.payment_move_transaction
Hibernate: DELETE FROM opm.interest_rate
Hibernate: DELETE FROM opm.payment_interest_detail
Hibernate: DELETE FROM opm.adjustment_transaction
Hibernate: DELETE FROM opm.invoice
Hibernate: DELETE FROM opm.a01_print_suppression_case
Hibernate: DELETE FROM opm.user_account_assignment
Hibernate: DELETE FROM opm.payment_refund_link
Hibernate: DELETE FROM opm.role_permission
Hibernate: DELETE FROM opm.user_permission
Hibernate: DELETE FROM opm.service_credit_preference
Hibernate: DELETE FROM opm.account_confirmation_validation_entry
Hibernate: DELETE FROM opm.payment_reverse
Hibernate: DELETE FROM opm.payment
Hibernate: DELETE FROM opm.pay_trans_status_code
Hibernate: DELETE FROM opm.payments_applied_order_code
Hibernate: DELETE FROM opm.printout
Hibernate: DELETE FROM opm.related_help_items
Hibernate: DELETE FROM opm.help_item
Hibernate: DELETE FROM opm.notification_READBY
Hibernate: DELETE FROM opm.date_calculation_data
Hibernate: DELETE FROM opm.refund_transaction
Hibernate: DELETE FROM opm.audit_parameter_record
Hibernate: DELETE FROM opm.audit_record
Hibernate: DELETE FROM opm.dedeposit
Hibernate: DELETE FROM opm.redeposit
Hibernate: DELETE FROM opm.calculation_result_item
Hibernate: DELETE FROM opm.calculation
Hibernate: DELETE FROM opm.fers_redeposit
Hibernate: DELETE FROM opm.fers_deposit
Hibernate: DELETE FROM opm.calculation_version
Hibernate: DELETE FROM opm.calculation_result
Hibernate: DELETE FROM opm.summary_data
Hibernate: DELETE FROM opm.billing
Hibernate: DELETE FROM opm.account_note
Hibernate: DELETE FROM opm.account
Hibernate: DELETE FROM opm.account_confirmation_validation
Hibernate: DELETE FROM opm.billing_summary
Hibernate: DELETE FROM opm.account_holder
Hibernate: DELETE FROM opm.address
Hibernate: DELETE FROM opm.error
Hibernate: DELETE FROM opm.info
Hibernate: DELETE FROM opm.notification
Hibernate: DELETE FROM opm.app_user
Hibernate: DELETE FROM opm.batch_daily_payments_history
Hibernate: DELETE FROM opm.audit_batch_history
Hibernate: DELETE FROM opm.new_claim_number_history
Hibernate: DELETE FROM opm.annuitant_list_history
Hibernate: DELETE FROM opm.time_factor_history
Hibernate: DELETE FROM opm.contact_info_history
Hibernate: DELETE FROM opm.interest_suppression_history
Hibernate: DELETE FROM opm.gl_payment_type_history
Hibernate: DELETE FROM opm.scm_first_insert_history
Hibernate: DELETE FROM opm.holiday_history
Hibernate: DELETE FROM opm.deduction_rate_history
Hibernate: DELETE FROM opm.interest_grace_period_history
Hibernate: DELETE FROM opm.gl_code_history
Hibernate: DELETE FROM opm.claim_without_service_history
Hibernate: DELETE FROM opm.payment_transaction_note_history
Hibernate: DELETE FROM opm.payment_move_transaction_history
Hibernate: DELETE FROM opm.interest_rate_history
Hibernate: DELETE FROM opm.payment_interest_detail_history
Hibernate: DELETE FROM opm.adjustment_transaction_history
Hibernate: DELETE FROM opm.invoice_history
Hibernate: DELETE FROM opm.a01_print_suppression_case_history
Hibernate: DELETE FROM opm.user_account_assignment_history
Hibernate: DELETE FROM opm.payment_refund_link_history
Hibernate: DELETE FROM opm.payments_applied_order_code_history
Hibernate: DELETE FROM opm.service_credit_preference_history
Hibernate: DELETE FROM opm.account_confirmation_validation_entry_history
Hibernate: DELETE FROM opm.account_confirmation_validation_history
Hibernate: DELETE FROM opm.payment_reverse_history
Hibernate: DELETE FROM opm.payment_history
Hibernate: DELETE FROM opm.pay_trans_status_code_history
Hibernate: DELETE FROM opm.notification_READBY_history
Hibernate: DELETE FROM opm.refund_transaction_history
Hibernate: DELETE FROM opm.summary_data_history
Hibernate: DELETE FROM opm.dedeposit_history
Hibernate: DELETE FROM opm.redeposit_history
Hibernate: DELETE FROM opm.calculation_result_item_history
Hibernate: DELETE FROM opm.calculation_result_history
Hibernate: DELETE FROM opm.calculation_history
Hibernate: DELETE FROM opm.fers_redeposit_history
Hibernate: DELETE FROM opm.fers_deposit_history
Hibernate: DELETE FROM opm.calculation_version_history
Hibernate: DELETE FROM opm.billing_history
Hibernate: DELETE FROM opm.billing_summary_history
Hibernate: DELETE FROM opm.account_note_history
Hibernate: DELETE FROM opm.address_history
Hibernate: DELETE FROM opm.account_history
Hibernate: DELETE FROM opm.account_holder_history
Hibernate: DELETE FROM opm.error_history
Hibernate: DELETE FROM opm.info_history
Hibernate: DELETE FROM opm.notification_history
Hibernate: DELETE FROM opm.app_user_history
Hibernate: DELETE FROM opm.change_trans_field_number_code
Hibernate: DELETE FROM opm.pay_code
Hibernate: DELETE FROM opm.payment_applied_order
Hibernate: DELETE FROM opm.agency_code
Hibernate: DELETE FROM opm.calculation_status
Hibernate: DELETE FROM opm.transfer_type
Hibernate: DELETE FROM opm.user_status
Hibernate: DELETE FROM opm.claim_officer
Hibernate: DELETE FROM opm.payment_status
Hibernate: DELETE FROM opm.application_designation
Hibernate: DELETE FROM opm.payment_reversal_reason
Hibernate: DELETE FROM opm.pay_type
Hibernate: DELETE FROM opm.appointment_type
Hibernate: DELETE FROM opm.role
Hibernate: DELETE FROM opm.service_type
Hibernate: DELETE FROM opm.retirement_type
Hibernate: DELETE FROM opm.account_status
Hibernate: DELETE FROM opm.country
Hibernate: DELETE FROM opm.state
Hibernate: DELETE FROM opm.period_type
Hibernate: DELETE FROM opm.suffix
Hibernate: DELETE FROM opm.form_type
Hibernate: insert into opm.payment_interest_detail (deleted, account_type, calculated_interest, computed_date, gui, last_pay_to_eoy_factor, last_payment_date, last_payment_was_this_year, num_whole_years, partial_to_this_factor, pay_transaction_key, post, this_interest_rate, transaction_date) values (?, ?, ?, ?, ?, ?, ?, ?, ?, ?, ?, ?, ?, ?)
Hibernate: SELECT COUNT(*) FROM opm.payment_interest_detail_history WHERE id=? AND action=?
Hibernate: select paymentint0_.id as id1_53_0_, paymentint0_.deleted as deleted2_53_0_, paymentint0_.account_type as account3_53_0_, paymentint0_.calculated_interest as calculat4_53_0_, paymentint0_.computed_date as computed5_53_0_, paymentint0_.gui as gui6_53_0_, paymentint0_.last_pay_to_eoy_factor as last7_53_0_, paymentint0_.last_payment_date as last8_53_0_, paymentint0_.last_payment_was_this_year as last9_53_0_, paymentint0_.num_whole_years as num10_53_0_, paymentint0_.partial_to_this_factor as partial11_53_0_, paymentint0_.pay_transaction_key as pay12_53_0_, paymentint0_.post as post13_53_0_, paymentint0_.this_interest_rate as this14_53_0_, paymentint0_.transaction_date as transac15_53_0_ from opm.payment_interest_detail paymentint0_ where paymentint0_.id=?
Hibernate: update opm.payment_interest_detail set deleted=?, account_type=?, calculated_interest=?, computed_date=?, gui=?, last_pay_to_eoy_factor=?, last_payment_date=?, last_payment_was_this_year=?, num_whole_years=?, partial_to_this_factor=?, pay_transaction_key=?, post=?, this_interest_rate=?, transaction_date=? where id=?
Hibernate: SELECT COUNT(*) FROM opm.payment_interest_detail_history WHERE id=? AND action=?
Hibernate: delete from opm.payment_interest_detail where id=?
Hibernate: select paymentint0_.id as id1_53_0_, paymentint0_.deleted as deleted2_53_0_, paymentint0_.account_type as account3_53_0_, paymentint0_.calculated_interest as calculat4_53_0_, paymentint0_.computed_date as computed5_53_0_, paymentint0_.gui as gui6_53_0_, paymentint0_.last_pay_to_eoy_factor as last7_53_0_, paymentint0_.last_payment_date as last8_53_0_, paymentint0_.last_payment_was_this_year as last9_53_0_, paymentint0_.num_whole_years as num10_53_0_, paymentint0_.partial_to_this_factor as partial11_53_0_, paymentint0_.pay_transaction_key as pay12_53_0_, paymentint0_.post as post13_53_0_, paymentint0_.this_interest_rate as this14_53_0_, paymentint0_.transaction_date as transac15_53_0_ from opm.payment_interest_detail paymentint0_ where paymentint0_.id=?
Hibernate: SELECT COUNT(*) FROM opm.payment_interest_detail_history WHERE id=? AND action=?
Hibernate: DELETE FROM opm.batch_daily_payments
Hibernate: DELETE FROM opm.audit_batch
Hibernate: DELETE FROM opm.new_claim_number
Hibernate: DELETE FROM opm.annuitant_list
Hibernate: DELETE FROM opm.time_factor
Hibernate: DELETE FROM opm.contact_info
Hibernate: DELETE FROM opm.interest_suppression
Hibernate: DELETE FROM opm.gl_payment_type
Hibernate: DELETE FROM opm.scm_first_insert
Hibernate: DELETE FROM opm.holiday
Hibernate: DELETE FROM opm.deduction_rate
Hibernate: DELETE FROM opm.interest_grace_period
Hibernate: DELETE FROM opm.gl_code
Hibernate: DELETE FROM opm.claim_without_service
Hibernate: DELETE FROM opm.payment_transaction_note
Hibernate: DELETE FROM opm.payment_move_transaction
Hibernate: DELETE FROM opm.interest_rate
Hibernate: DELETE FROM opm.payment_interest_detail
Hibernate: DELETE FROM opm.adjustment_transaction
Hibernate: DELETE FROM opm.invoice
Hibernate: DELETE FROM opm.a01_print_suppression_case
Hibernate: DELETE FROM opm.user_account_assignment
Hibernate: DELETE FROM opm.payment_refund_link
Hibernate: DELETE FROM opm.role_permission
Hibernate: DELETE FROM opm.user_permission
Hibernate: DELETE FROM opm.service_credit_preference
Hibernate: DELETE FROM opm.account_confirmation_validation_entry
Hibernate: DELETE FROM opm.payment_reverse
Hibernate: DELETE FROM opm.payment
Hibernate: DELETE FROM opm.pay_trans_status_code
Hibernate: DELETE FROM opm.payments_applied_order_code
Hibernate: DELETE FROM opm.printout
Hibernate: DELETE FROM opm.related_help_items
Hibernate: DELETE FROM opm.help_item
Hibernate: DELETE FROM opm.notification_READBY
Hibernate: DELETE FROM opm.date_calculation_data
Hibernate: DELETE FROM opm.refund_transaction
Hibernate: DELETE FROM opm.audit_parameter_record
Hibernate: DELETE FROM opm.audit_record
Hibernate: DELETE FROM opm.dedeposit
Hibernate: DELETE FROM opm.redeposit
Hibernate: DELETE FROM opm.calculation_result_item
Hibernate: DELETE FROM opm.calculation
Hibernate: DELETE FROM opm.fers_redeposit
Hibernate: DELETE FROM opm.fers_deposit
Hibernate: DELETE FROM opm.calculation_version
Hibernate: DELETE FROM opm.calculation_result
Hibernate: DELETE FROM opm.summary_data
Hibernate: DELETE FROM opm.billing
Hibernate: DELETE FROM opm.account_note
Hibernate: DELETE FROM opm.account
Hibernate: DELETE FROM opm.account_confirmation_validation
Hibernate: DELETE FROM opm.billing_summary
Hibernate: DELETE FROM opm.account_holder
Hibernate: DELETE FROM opm.address
Hibernate: DELETE FROM opm.error
Hibernate: DELETE FROM opm.info
Hibernate: DELETE FROM opm.notification
Hibernate: DELETE FROM opm.app_user
Hibernate: DELETE FROM opm.batch_daily_payments_history
Hibernate: DELETE FROM opm.audit_batch_history
Hibernate: DELETE FROM opm.new_claim_number_history
Hibernate: DELETE FROM opm.annuitant_list_history
Hibernate: DELETE FROM opm.time_factor_history
Hibernate: DELETE FROM opm.contact_info_history
Hibernate: DELETE FROM opm.interest_suppression_history
Hibernate: DELETE FROM opm.gl_payment_type_history
Hibernate: DELETE FROM opm.scm_first_insert_history
Hibernate: DELETE FROM opm.holiday_history
Hibernate: DELETE FROM opm.deduction_rate_history
Hibernate: DELETE FROM opm.interest_grace_period_history
Hibernate: DELETE FROM opm.gl_code_history
Hibernate: DELETE FROM opm.claim_without_service_history
Hibernate: DELETE FROM opm.payment_transaction_note_history
Hibernate: DELETE FROM opm.payment_move_transaction_history
Hibernate: DELETE FROM opm.interest_rate_history
Hibernate: DELETE FROM opm.payment_interest_detail_history
Hibernate: DELETE FROM opm.adjustment_transaction_history
Hibernate: DELETE FROM opm.invoice_history
Hibernate: DELETE FROM opm.a01_print_suppression_case_history
Hibernate: DELETE FROM opm.user_account_assignment_history
Hibernate: DELETE FROM opm.payment_refund_link_history
Hibernate: DELETE FROM opm.payments_applied_order_code_history
Hibernate: DELETE FROM opm.service_credit_preference_history
Hibernate: DELETE FROM opm.account_confirmation_validation_entry_history
Hibernate: DELETE FROM opm.account_confirmation_validation_history
Hibernate: DELETE FROM opm.payment_reverse_history
Hibernate: DELETE FROM opm.payment_history
Hibernate: DELETE FROM opm.pay_trans_status_code_history
Hibernate: DELETE FROM opm.notification_READBY_history
Hibernate: DELETE FROM opm.refund_transaction_history
Hibernate: DELETE FROM opm.summary_data_history
Hibernate: DELETE FROM opm.dedeposit_history
Hibernate: DELETE FROM opm.redeposit_history
Hibernate: DELETE FROM opm.calculation_result_item_history
Hibernate: DELETE FROM opm.calculation_result_history
Hibernate: DELETE FROM opm.calculation_history
Hibernate: DELETE FROM opm.fers_redeposit_history
Hibernate: DELETE FROM opm.fers_deposit_history
Hibernate: DELETE FROM opm.calculation_version_history
Hibernate: DELETE FROM opm.billing_history
Hibernate: DELETE FROM opm.billing_summary_history
Hibernate: DELETE FROM opm.account_note_history
Hibernate: DELETE FROM opm.address_history
Hibernate: DELETE FROM opm.account_history
Hibernate: DELETE FROM opm.account_holder_history
Hibernate: DELETE FROM opm.error_history
Hibernate: DELETE FROM opm.info_history
Hibernate: DELETE FROM opm.notification_history
Hibernate: DELETE FROM opm.app_user_history
Hibernate: DELETE FROM opm.change_trans_field_number_code
Hibernate: DELETE FROM opm.pay_code
Hibernate: DELETE FROM opm.payment_applied_order
Hibernate: DELETE FROM opm.agency_code
Hibernate: DELETE FROM opm.calculation_status
Hibernate: DELETE FROM opm.transfer_type
Hibernate: DELETE FROM opm.user_status
Hibernate: DELETE FROM opm.claim_officer
Hibernate: DELETE FROM opm.payment_status
Hibernate: DELETE FROM opm.application_designation
Hibernate: DELETE FROM opm.payment_reversal_reason
Hibernate: DELETE FROM opm.pay_type
Hibernate: DELETE FROM opm.appointment_type
Hibernate: DELETE FROM opm.role
Hibernate: DELETE FROM opm.service_type
Hibernate: DELETE FROM opm.retirement_type
Hibernate: DELETE FROM opm.account_status
Hibernate: DELETE FROM opm.country
Hibernate: DELETE FROM opm.state
Hibernate: DELETE FROM opm.period_type
Hibernate: DELETE FROM opm.suffix
Hibernate: DELETE FROM opm.form_type
Hibernate: DELETE FROM opm.batch_daily_payments
Hibernate: DELETE FROM opm.audit_batch
Hibernate: DELETE FROM opm.new_claim_number
Hibernate: DELETE FROM opm.annuitant_list
Hibernate: DELETE FROM opm.time_factor
Hibernate: DELETE FROM opm.contact_info
Hibernate: DELETE FROM opm.interest_suppression
Hibernate: DELETE FROM opm.gl_payment_type
Hibernate: DELETE FROM opm.scm_first_insert
Hibernate: DELETE FROM opm.holiday
Hibernate: DELETE FROM opm.deduction_rate
Hibernate: DELETE FROM opm.interest_grace_period
Hibernate: DELETE FROM opm.gl_code
Hibernate: DELETE FROM opm.claim_without_service
Hibernate: DELETE FROM opm.payment_transaction_note
Hibernate: DELETE FROM opm.payment_move_transaction
Hibernate: DELETE FROM opm.interest_rate
Hibernate: DELETE FROM opm.payment_interest_detail
Hibernate: DELETE FROM opm.adjustment_transaction
Hibernate: DELETE FROM opm.invoice
Hibernate: DELETE FROM opm.a01_print_suppression_case
Hibernate: DELETE FROM opm.user_account_assignment
Hibernate: DELETE FROM opm.payment_refund_link
Hibernate: DELETE FROM opm.role_permission
Hibernate: DELETE FROM opm.user_permission
Hibernate: DELETE FROM opm.service_credit_preference
Hibernate: DELETE FROM opm.account_confirmation_validation_entry
Hibernate: DELETE FROM opm.payment_reverse
Hibernate: DELETE FROM opm.payment
Hibernate: DELETE FROM opm.pay_trans_status_code
Hibernate: DELETE FROM opm.payments_applied_order_code
Hibernate: DELETE FROM opm.printout
Hibernate: DELETE FROM opm.related_help_items
Hibernate: DELETE FROM opm.help_item
Hibernate: DELETE FROM opm.notification_READBY
Hibernate: DELETE FROM opm.date_calculation_data
Hibernate: DELETE FROM opm.refund_transaction
Hibernate: DELETE FROM opm.audit_parameter_record
Hibernate: DELETE FROM opm.audit_record
Hibernate: DELETE FROM opm.dedeposit
Hibernate: DELETE FROM opm.redeposit
Hibernate: DELETE FROM opm.calculation_result_item
Hibernate: DELETE FROM opm.calculation
Hibernate: DELETE FROM opm.fers_redeposit
Hibernate: DELETE FROM opm.fers_deposit
Hibernate: DELETE FROM opm.calculation_version
Hibernate: DELETE FROM opm.calculation_result
Hibernate: DELETE FROM opm.summary_data
Hibernate: DELETE FROM opm.billing
Hibernate: DELETE FROM opm.account_note
Hibernate: DELETE FROM opm.account
Hibernate: DELETE FROM opm.account_confirmation_validation
Hibernate: DELETE FROM opm.billing_summary
Hibernate: DELETE FROM opm.account_holder
Hibernate: DELETE FROM opm.address
Hibernate: DELETE FROM opm.error
Hibernate: DELETE FROM opm.info
Hibernate: DELETE FROM opm.notification
Hibernate: DELETE FROM opm.app_user
Hibernate: DELETE FROM opm.batch_daily_payments_history
Hibernate: DELETE FROM opm.audit_batch_history
Hibernate: DELETE FROM opm.new_claim_number_history
Hibernate: DELETE FROM opm.annuitant_list_history
Hibernate: DELETE FROM opm.time_factor_history
Hibernate: DELETE FROM opm.contact_info_history
Hibernate: DELETE FROM opm.interest_suppression_history
Hibernate: DELETE FROM opm.gl_payment_type_history
Hibernate: DELETE FROM opm.scm_first_insert_history
Hibernate: DELETE FROM opm.holiday_history
Hibernate: DELETE FROM opm.deduction_rate_history
Hibernate: DELETE FROM opm.interest_grace_period_history
Hibernate: DELETE FROM opm.gl_code_history
Hibernate: DELETE FROM opm.claim_without_service_history
Hibernate: DELETE FROM opm.payment_transaction_note_history
Hibernate: DELETE FROM opm.payment_move_transaction_history
Hibernate: DELETE FROM opm.interest_rate_history
Hibernate: DELETE FROM opm.payment_interest_detail_history
Hibernate: DELETE FROM opm.adjustment_transaction_history
Hibernate: DELETE FROM opm.invoice_history
Hibernate: DELETE FROM opm.a01_print_suppression_case_history
Hibernate: DELETE FROM opm.user_account_assignment_history
Hibernate: DELETE FROM opm.payment_refund_link_history
Hibernate: DELETE FROM opm.payments_applied_order_code_history
Hibernate: DELETE FROM opm.service_credit_preference_history
Hibernate: DELETE FROM opm.account_confirmation_validation_entry_history
Hibernate: DELETE FROM opm.account_confirmation_validation_history
Hibernate: DELETE FROM opm.payment_reverse_history
Hibernate: DELETE FROM opm.payment_history
Hibernate: DELETE FROM opm.pay_trans_status_code_history
Hibernate: DELETE FROM opm.notification_READBY_history
Hibernate: DELETE FROM opm.refund_transaction_history
Hibernate: DELETE FROM opm.summary_data_history
Hibernate: DELETE FROM opm.dedeposit_history
Hibernate: DELETE FROM opm.redeposit_history
Hibernate: DELETE FROM opm.calculation_result_item_history
Hibernate: DELETE FROM opm.calculation_result_history
Hibernate: DELETE FROM opm.calculation_history
Hibernate: DELETE FROM opm.fers_redeposit_history
Hibernate: DELETE FROM opm.fers_deposit_history
Hibernate: DELETE FROM opm.calculation_version_history
Hibernate: DELETE FROM opm.billing_history
Hibernate: DELETE FROM opm.billing_summary_history
Hibernate: DELETE FROM opm.account_note_history
Hibernate: DELETE FROM opm.address_history
Hibernate: DELETE FROM opm.account_history
Hibernate: DELETE FROM opm.account_holder_history
Hibernate: DELETE FROM opm.error_history
Hibernate: DELETE FROM opm.info_history
Hibernate: DELETE FROM opm.notification_history
Hibernate: DELETE FROM opm.app_user_history
Hibernate: DELETE FROM opm.change_trans_field_number_code
Hibernate: DELETE FROM opm.pay_code
Hibernate: DELETE FROM opm.payment_applied_order
Hibernate: DELETE FROM opm.agency_code
Hibernate: DELETE FROM opm.calculation_status
Hibernate: DELETE FROM opm.transfer_type
Hibernate: DELETE FROM opm.user_status
Hibernate: DELETE FROM opm.claim_officer
Hibernate: DELETE FROM opm.payment_status
Hibernate: DELETE FROM opm.application_designation
Hibernate: DELETE FROM opm.payment_reversal_reason
Hibernate: DELETE FROM opm.pay_type
Hibernate: DELETE FROM opm.appointment_type
Hibernate: DELETE FROM opm.role
Hibernate: DELETE FROM opm.service_type
Hibernate: DELETE FROM opm.retirement_type
Hibernate: DELETE FROM opm.account_status
Hibernate: DELETE FROM opm.country
Hibernate: DELETE FROM opm.state
Hibernate: DELETE FROM opm.period_type
Hibernate: DELETE FROM opm.suffix
Hibernate: DELETE FROM opm.form_type
Hibernate: insert into opm.adjustment_transaction (deleted, acc_int_dep, acc_int_fers, acc_int_non_dep, acc_int_rdep, acc_int_var_rdep, approved_date, approved, claim_number, disapproved, manager_user_key, modification_date, modified, note, pay_transaction_key, processed_date, technician_user_key) values (?, ?, ?, ?, ?, ?, ?, ?, ?, ?, ?, ?, ?, ?, ?, ?, ?)
Hibernate: SELECT COUNT(*) FROM opm.adjustment_transaction_history WHERE id=? AND action=?
Hibernate: select adjustment0_.id as id1_8_0_, adjustment0_.deleted as deleted2_8_0_, adjustment0_.acc_int_dep as acc3_8_0_, adjustment0_.acc_int_fers as acc4_8_0_, adjustment0_.acc_int_non_dep as acc5_8_0_, adjustment0_.acc_int_rdep as acc6_8_0_, adjustment0_.acc_int_var_rdep as acc7_8_0_, adjustment0_.approved_date as approved8_8_0_, adjustment0_.approved as approved9_8_0_, adjustment0_.claim_number as claim10_8_0_, adjustment0_.disapproved as disappr11_8_0_, adjustment0_.manager_user_key as manager12_8_0_, adjustment0_.modification_date as modific13_8_0_, adjustment0_.modified as modifie14_8_0_, adjustment0_.note as note15_8_0_, adjustment0_.pay_transaction_key as pay16_8_0_, adjustment0_.processed_date as process17_8_0_, adjustment0_.technician_user_key as technic18_8_0_ from opm.adjustment_transaction adjustment0_ where adjustment0_.id=?
Hibernate: update opm.adjustment_transaction set deleted=?, acc_int_dep=?, acc_int_fers=?, acc_int_non_dep=?, acc_int_rdep=?, acc_int_var_rdep=?, approved_date=?, approved=?, claim_number=?, disapproved=?, manager_user_key=?, modification_date=?, modified=?, note=?, pay_transaction_key=?, processed_date=?, technician_user_key=? where id=?
Hibernate: SELECT COUNT(*) FROM opm.adjustment_transaction_history WHERE id=? AND action=?
Hibernate: delete from opm.adjustment_transaction where id=?
Hibernate: select adjustment0_.id as id1_8_0_, adjustment0_.deleted as deleted2_8_0_, adjustment0_.acc_int_dep as acc3_8_0_, adjustment0_.acc_int_fers as acc4_8_0_, adjustment0_.acc_int_non_dep as acc5_8_0_, adjustment0_.acc_int_rdep as acc6_8_0_, adjustment0_.acc_int_var_rdep as acc7_8_0_, adjustment0_.approved_date as approved8_8_0_, adjustment0_.approved as approved9_8_0_, adjustment0_.claim_number as claim10_8_0_, adjustment0_.disapproved as disappr11_8_0_, adjustment0_.manager_user_key as manager12_8_0_, adjustment0_.modification_date as modific13_8_0_, adjustment0_.modified as modifie14_8_0_, adjustment0_.note as note15_8_0_, adjustment0_.pay_transaction_key as pay16_8_0_, adjustment0_.processed_date as process17_8_0_, adjustment0_.technician_user_key as technic18_8_0_ from opm.adjustment_transaction adjustment0_ where adjustment0_.id=?
Hibernate: SELECT COUNT(*) FROM opm.adjustment_transaction_history WHERE id=? AND action=?
Hibernate: DELETE FROM opm.batch_daily_payments
Hibernate: DELETE FROM opm.audit_batch
Hibernate: DELETE FROM opm.new_claim_number
Hibernate: DELETE FROM opm.annuitant_list
Hibernate: DELETE FROM opm.time_factor
Hibernate: DELETE FROM opm.contact_info
Hibernate: DELETE FROM opm.interest_suppression
Hibernate: DELETE FROM opm.gl_payment_type
Hibernate: DELETE FROM opm.scm_first_insert
Hibernate: DELETE FROM opm.holiday
Hibernate: DELETE FROM opm.deduction_rate
Hibernate: DELETE FROM opm.interest_grace_period
Hibernate: DELETE FROM opm.gl_code
Hibernate: DELETE FROM opm.claim_without_service
Hibernate: DELETE FROM opm.payment_transaction_note
Hibernate: DELETE FROM opm.payment_move_transaction
Hibernate: DELETE FROM opm.interest_rate
Hibernate: DELETE FROM opm.payment_interest_detail
Hibernate: DELETE FROM opm.adjustment_transaction
Hibernate: DELETE FROM opm.invoice
Hibernate: DELETE FROM opm.a01_print_suppression_case
Hibernate: DELETE FROM opm.user_account_assignment
Hibernate: DELETE FROM opm.payment_refund_link
Hibernate: DELETE FROM opm.role_permission
Hibernate: DELETE FROM opm.user_permission
Hibernate: DELETE FROM opm.service_credit_preference
Hibernate: DELETE FROM opm.account_confirmation_validation_entry
Hibernate: DELETE FROM opm.payment_reverse
Hibernate: DELETE FROM opm.payment
Hibernate: DELETE FROM opm.pay_trans_status_code
Hibernate: DELETE FROM opm.payments_applied_order_code
Hibernate: DELETE FROM opm.printout
Hibernate: DELETE FROM opm.related_help_items
Hibernate: DELETE FROM opm.help_item
Hibernate: DELETE FROM opm.notification_READBY
Hibernate: DELETE FROM opm.date_calculation_data
Hibernate: DELETE FROM opm.refund_transaction
Hibernate: DELETE FROM opm.audit_parameter_record
Hibernate: DELETE FROM opm.audit_record
Hibernate: DELETE FROM opm.dedeposit
Hibernate: DELETE FROM opm.redeposit
Hibernate: DELETE FROM opm.calculation_result_item
Hibernate: DELETE FROM opm.calculation
Hibernate: DELETE FROM opm.fers_redeposit
Hibernate: DELETE FROM opm.fers_deposit
Hibernate: DELETE FROM opm.calculation_version
Hibernate: DELETE FROM opm.calculation_result
Hibernate: DELETE FROM opm.summary_data
Hibernate: DELETE FROM opm.billing
Hibernate: DELETE FROM opm.account_note
Hibernate: DELETE FROM opm.account
Hibernate: DELETE FROM opm.account_confirmation_validation
Hibernate: DELETE FROM opm.billing_summary
Hibernate: DELETE FROM opm.account_holder
Hibernate: DELETE FROM opm.address
Hibernate: DELETE FROM opm.error
Hibernate: DELETE FROM opm.info
Hibernate: DELETE FROM opm.notification
Hibernate: DELETE FROM opm.app_user
Hibernate: DELETE FROM opm.batch_daily_payments_history
Hibernate: DELETE FROM opm.audit_batch_history
Hibernate: DELETE FROM opm.new_claim_number_history
Hibernate: DELETE FROM opm.annuitant_list_history
Hibernate: DELETE FROM opm.time_factor_history
Hibernate: DELETE FROM opm.contact_info_history
Hibernate: DELETE FROM opm.interest_suppression_history
Hibernate: DELETE FROM opm.gl_payment_type_history
Hibernate: DELETE FROM opm.scm_first_insert_history
Hibernate: DELETE FROM opm.holiday_history
Hibernate: DELETE FROM opm.deduction_rate_history
Hibernate: DELETE FROM opm.interest_grace_period_history
Hibernate: DELETE FROM opm.gl_code_history
Hibernate: DELETE FROM opm.claim_without_service_history
Hibernate: DELETE FROM opm.payment_transaction_note_history
Hibernate: DELETE FROM opm.payment_move_transaction_history
Hibernate: DELETE FROM opm.interest_rate_history
Hibernate: DELETE FROM opm.payment_interest_detail_history
Hibernate: DELETE FROM opm.adjustment_transaction_history
Hibernate: DELETE FROM opm.invoice_history
Hibernate: DELETE FROM opm.a01_print_suppression_case_history
Hibernate: DELETE FROM opm.user_account_assignment_history
Hibernate: DELETE FROM opm.payment_refund_link_history
Hibernate: DELETE FROM opm.payments_applied_order_code_history
Hibernate: DELETE FROM opm.service_credit_preference_history
Hibernate: DELETE FROM opm.account_confirmation_validation_entry_history
Hibernate: DELETE FROM opm.account_confirmation_validation_history
Hibernate: DELETE FROM opm.payment_reverse_history
Hibernate: DELETE FROM opm.payment_history
Hibernate: DELETE FROM opm.pay_trans_status_code_history
Hibernate: DELETE FROM opm.notification_READBY_history
Hibernate: DELETE FROM opm.refund_transaction_history
Hibernate: DELETE FROM opm.summary_data_history
Hibernate: DELETE FROM opm.dedeposit_history
Hibernate: DELETE FROM opm.redeposit_history
Hibernate: DELETE FROM opm.calculation_result_item_history
Hibernate: DELETE FROM opm.calculation_result_history
Hibernate: DELETE FROM opm.calculation_history
Hibernate: DELETE FROM opm.fers_redeposit_history
Hibernate: DELETE FROM opm.fers_deposit_history
Hibernate: DELETE FROM opm.calculation_version_history
Hibernate: DELETE FROM opm.billing_history
Hibernate: DELETE FROM opm.billing_summary_history
Hibernate: DELETE FROM opm.account_note_history
Hibernate: DELETE FROM opm.address_history
Hibernate: DELETE FROM opm.account_history
Hibernate: DELETE FROM opm.account_holder_history
Hibernate: DELETE FROM opm.error_history
Hibernate: DELETE FROM opm.info_history
Hibernate: DELETE FROM opm.notification_history
Hibernate: DELETE FROM opm.app_user_history
Hibernate: DELETE FROM opm.change_trans_field_number_code
Hibernate: DELETE FROM opm.pay_code
Hibernate: DELETE FROM opm.payment_applied_order
Hibernate: DELETE FROM opm.agency_code
Hibernate: DELETE FROM opm.calculation_status
Hibernate: DELETE FROM opm.transfer_type
Hibernate: DELETE FROM opm.user_status
Hibernate: DELETE FROM opm.claim_officer
Hibernate: DELETE FROM opm.payment_status
Hibernate: DELETE FROM opm.application_designation
Hibernate: DELETE FROM opm.payment_reversal_reason
Hibernate: DELETE FROM opm.pay_type
Hibernate: DELETE FROM opm.appointment_type
Hibernate: DELETE FROM opm.role
Hibernate: DELETE FROM opm.service_type
Hibernate: DELETE FROM opm.retirement_type
Hibernate: DELETE FROM opm.account_status
Hibernate: DELETE FROM opm.country
Hibernate: DELETE FROM opm.state
Hibernate: DELETE FROM opm.period_type
Hibernate: DELETE FROM opm.suffix
Hibernate: DELETE FROM opm.form_type
Hibernate: DELETE FROM opm.batch_daily_payments
Hibernate: DELETE FROM opm.audit_batch
Hibernate: DELETE FROM opm.new_claim_number
Hibernate: DELETE FROM opm.annuitant_list
Hibernate: DELETE FROM opm.time_factor
Hibernate: DELETE FROM opm.contact_info
Hibernate: DELETE FROM opm.interest_suppression
Hibernate: DELETE FROM opm.gl_payment_type
Hibernate: DELETE FROM opm.scm_first_insert
Hibernate: DELETE FROM opm.holiday
Hibernate: DELETE FROM opm.deduction_rate
Hibernate: DELETE FROM opm.interest_grace_period
Hibernate: DELETE FROM opm.gl_code
Hibernate: DELETE FROM opm.claim_without_service
Hibernate: DELETE FROM opm.payment_transaction_note
Hibernate: DELETE FROM opm.payment_move_transaction
Hibernate: DELETE FROM opm.interest_rate
Hibernate: DELETE FROM opm.payment_interest_detail
Hibernate: DELETE FROM opm.adjustment_transaction
Hibernate: DELETE FROM opm.invoice
Hibernate: DELETE FROM opm.a01_print_suppression_case
Hibernate: DELETE FROM opm.user_account_assignment
Hibernate: DELETE FROM opm.payment_refund_link
Hibernate: DELETE FROM opm.role_permission
Hibernate: DELETE FROM opm.user_permission
Hibernate: DELETE FROM opm.service_credit_preference
Hibernate: DELETE FROM opm.account_confirmation_validation_entry
Hibernate: DELETE FROM opm.payment_reverse
Hibernate: DELETE FROM opm.payment
Hibernate: DELETE FROM opm.pay_trans_status_code
Hibernate: DELETE FROM opm.payments_applied_order_code
Hibernate: DELETE FROM opm.printout
Hibernate: DELETE FROM opm.related_help_items
Hibernate: DELETE FROM opm.help_item
Hibernate: DELETE FROM opm.notification_READBY
Hibernate: DELETE FROM opm.date_calculation_data
Hibernate: DELETE FROM opm.refund_transaction
Hibernate: DELETE FROM opm.audit_parameter_record
Hibernate: DELETE FROM opm.audit_record
Hibernate: DELETE FROM opm.dedeposit
Hibernate: DELETE FROM opm.redeposit
Hibernate: DELETE FROM opm.calculation_result_item
Hibernate: DELETE FROM opm.calculation
Hibernate: DELETE FROM opm.fers_redeposit
Hibernate: DELETE FROM opm.fers_deposit
Hibernate: DELETE FROM opm.calculation_version
Hibernate: DELETE FROM opm.calculation_result
Hibernate: DELETE FROM opm.summary_data
Hibernate: DELETE FROM opm.billing
Hibernate: DELETE FROM opm.account_note
Hibernate: DELETE FROM opm.account
Hibernate: DELETE FROM opm.account_confirmation_validation
Hibernate: DELETE FROM opm.billing_summary
Hibernate: DELETE FROM opm.account_holder
Hibernate: DELETE FROM opm.address
Hibernate: DELETE FROM opm.error
Hibernate: DELETE FROM opm.info
Hibernate: DELETE FROM opm.notification
Hibernate: DELETE FROM opm.app_user
Hibernate: DELETE FROM opm.batch_daily_payments_history
Hibernate: DELETE FROM opm.audit_batch_history
Hibernate: DELETE FROM opm.new_claim_number_history
Hibernate: DELETE FROM opm.annuitant_list_history
Hibernate: DELETE FROM opm.time_factor_history
Hibernate: DELETE FROM opm.contact_info_history
Hibernate: DELETE FROM opm.interest_suppression_history
Hibernate: DELETE FROM opm.gl_payment_type_history
Hibernate: DELETE FROM opm.scm_first_insert_history
Hibernate: DELETE FROM opm.holiday_history
Hibernate: DELETE FROM opm.deduction_rate_history
Hibernate: DELETE FROM opm.interest_grace_period_history
Hibernate: DELETE FROM opm.gl_code_history
Hibernate: DELETE FROM opm.claim_without_service_history
Hibernate: DELETE FROM opm.payment_transaction_note_history
Hibernate: DELETE FROM opm.payment_move_transaction_history
Hibernate: DELETE FROM opm.interest_rate_history
Hibernate: DELETE FROM opm.payment_interest_detail_history
Hibernate: DELETE FROM opm.adjustment_transaction_history
Hibernate: DELETE FROM opm.invoice_history
Hibernate: DELETE FROM opm.a01_print_suppression_case_history
Hibernate: DELETE FROM opm.user_account_assignment_history
Hibernate: DELETE FROM opm.payment_refund_link_history
Hibernate: DELETE FROM opm.payments_applied_order_code_history
Hibernate: DELETE FROM opm.service_credit_preference_history
Hibernate: DELETE FROM opm.account_confirmation_validation_entry_history
Hibernate: DELETE FROM opm.account_confirmation_validation_history
Hibernate: DELETE FROM opm.payment_reverse_history
Hibernate: DELETE FROM opm.payment_history
Hibernate: DELETE FROM opm.pay_trans_status_code_history
Hibernate: DELETE FROM opm.notification_READBY_history
Hibernate: DELETE FROM opm.refund_transaction_history
Hibernate: DELETE FROM opm.summary_data_history
Hibernate: DELETE FROM opm.dedeposit_history
Hibernate: DELETE FROM opm.redeposit_history
Hibernate: DELETE FROM opm.calculation_result_item_history
Hibernate: DELETE FROM opm.calculation_result_history
Hibernate: DELETE FROM opm.calculation_history
Hibernate: DELETE FROM opm.fers_redeposit_history
Hibernate: DELETE FROM opm.fers_deposit_history
Hibernate: DELETE FROM opm.calculation_version_history
Hibernate: DELETE FROM opm.billing_history
Hibernate: DELETE FROM opm.billing_summary_history
Hibernate: DELETE FROM opm.account_note_history
Hibernate: DELETE FROM opm.address_history
Hibernate: DELETE FROM opm.account_history
Hibernate: DELETE FROM opm.account_holder_history
Hibernate: DELETE FROM opm.error_history
Hibernate: DELETE FROM opm.info_history
Hibernate: DELETE FROM opm.notification_history
Hibernate: DELETE FROM opm.app_user_history
Hibernate: DELETE FROM opm.change_trans_field_number_code
Hibernate: DELETE FROM opm.pay_code
Hibernate: DELETE FROM opm.payment_applied_order
Hibernate: DELETE FROM opm.agency_code
Hibernate: DELETE FROM opm.calculation_status
Hibernate: DELETE FROM opm.transfer_type
Hibernate: DELETE FROM opm.user_status
Hibernate: DELETE FROM opm.claim_officer
Hibernate: DELETE FROM opm.payment_status
Hibernate: DELETE FROM opm.application_designation
Hibernate: DELETE FROM opm.payment_reversal_reason
Hibernate: DELETE FROM opm.pay_type
Hibernate: DELETE FROM opm.appointment_type
Hibernate: DELETE FROM opm.role
Hibernate: DELETE FROM opm.service_type
Hibernate: DELETE FROM opm.retirement_type
Hibernate: DELETE FROM opm.account_status
Hibernate: DELETE FROM opm.country
Hibernate: DELETE FROM opm.state
Hibernate: DELETE FROM opm.period_type
Hibernate: DELETE FROM opm.suffix
Hibernate: DELETE FROM opm.form_type
Hibernate: insert into opm.invoice (deleted, acc_int_dep, acc_int_fers, acc_int_non_dep, acc_int_rdep, acc_int_var_rdep, calc_date, deposit, fers_w, last_invoice_id, last_pay, non_ded, pay_transaction_key, redeposit, tot_pay_d, tot_pay_fers, tot_pay_n, tot_pay_r, tot_pay_vr, tot_var_redeposit) values (?, ?, ?, ?, ?, ?, ?, ?, ?, ?, ?, ?, ?, ?, ?, ?, ?, ?, ?, ?)
Hibernate: SELECT COUNT(*) FROM opm.invoice_history WHERE id=? AND action=?
Hibernate: select invoice0_.id as id1_44_0_, invoice0_.deleted as deleted2_44_0_, invoice0_.acc_int_dep as acc3_44_0_, invoice0_.acc_int_fers as acc4_44_0_, invoice0_.acc_int_non_dep as acc5_44_0_, invoice0_.acc_int_rdep as acc6_44_0_, invoice0_.acc_int_var_rdep as acc7_44_0_, invoice0_.calc_date as calc8_44_0_, invoice0_.deposit as deposit9_44_0_, invoice0_.fers_w as fers10_44_0_, invoice0_.last_invoice_id as last11_44_0_, invoice0_.last_pay as last12_44_0_, invoice0_.non_ded as non13_44_0_, invoice0_.pay_transaction_key as pay14_44_0_, invoice0_.redeposit as redepos15_44_0_, invoice0_.tot_pay_d as tot16_44_0_, invoice0_.tot_pay_fers as tot17_44_0_, invoice0_.tot_pay_n as tot18_44_0_, invoice0_.tot_pay_r as tot19_44_0_, invoice0_.tot_pay_vr as tot20_44_0_, invoice0_.tot_var_redeposit as tot21_44_0_ from opm.invoice invoice0_ where invoice0_.id=?
Hibernate: update opm.invoice set deleted=?, acc_int_dep=?, acc_int_fers=?, acc_int_non_dep=?, acc_int_rdep=?, acc_int_var_rdep=?, calc_date=?, deposit=?, fers_w=?, last_invoice_id=?, last_pay=?, non_ded=?, pay_transaction_key=?, redeposit=?, tot_pay_d=?, tot_pay_fers=?, tot_pay_n=?, tot_pay_r=?, tot_pay_vr=?, tot_var_redeposit=? where id=?
Hibernate: SELECT COUNT(*) FROM opm.invoice_history WHERE id=? AND action=?
Hibernate: delete from opm.invoice where id=?
Hibernate: select invoice0_.id as id1_44_0_, invoice0_.deleted as deleted2_44_0_, invoice0_.acc_int_dep as acc3_44_0_, invoice0_.acc_int_fers as acc4_44_0_, invoice0_.acc_int_non_dep as acc5_44_0_, invoice0_.acc_int_rdep as acc6_44_0_, invoice0_.acc_int_var_rdep as acc7_44_0_, invoice0_.calc_date as calc8_44_0_, invoice0_.deposit as deposit9_44_0_, invoice0_.fers_w as fers10_44_0_, invoice0_.last_invoice_id as last11_44_0_, invoice0_.last_pay as last12_44_0_, invoice0_.non_ded as non13_44_0_, invoice0_.pay_transaction_key as pay14_44_0_, invoice0_.redeposit as redepos15_44_0_, invoice0_.tot_pay_d as tot16_44_0_, invoice0_.tot_pay_fers as tot17_44_0_, invoice0_.tot_pay_n as tot18_44_0_, invoice0_.tot_pay_r as tot19_44_0_, invoice0_.tot_pay_vr as tot20_44_0_, invoice0_.tot_var_redeposit as tot21_44_0_ from opm.invoice invoice0_ where invoice0_.id=?
Hibernate: SELECT COUNT(*) FROM opm.invoice_history WHERE id=? AND action=?
Hibernate: DELETE FROM opm.batch_daily_payments
Hibernate: DELETE FROM opm.audit_batch
Hibernate: DELETE FROM opm.new_claim_number
Hibernate: DELETE FROM opm.annuitant_list
Hibernate: DELETE FROM opm.time_factor
Hibernate: DELETE FROM opm.contact_info
Hibernate: DELETE FROM opm.interest_suppression
Hibernate: DELETE FROM opm.gl_payment_type
Hibernate: DELETE FROM opm.scm_first_insert
Hibernate: DELETE FROM opm.holiday
Hibernate: DELETE FROM opm.deduction_rate
Hibernate: DELETE FROM opm.interest_grace_period
Hibernate: DELETE FROM opm.gl_code
Hibernate: DELETE FROM opm.claim_without_service
Hibernate: DELETE FROM opm.payment_transaction_note
Hibernate: DELETE FROM opm.payment_move_transaction
Hibernate: DELETE FROM opm.interest_rate
Hibernate: DELETE FROM opm.payment_interest_detail
Hibernate: DELETE FROM opm.adjustment_transaction
Hibernate: DELETE FROM opm.invoice
Hibernate: DELETE FROM opm.a01_print_suppression_case
Hibernate: DELETE FROM opm.user_account_assignment
Hibernate: DELETE FROM opm.payment_refund_link
Hibernate: DELETE FROM opm.role_permission
Hibernate: DELETE FROM opm.user_permission
Hibernate: DELETE FROM opm.service_credit_preference
Hibernate: DELETE FROM opm.account_confirmation_validation_entry
Hibernate: DELETE FROM opm.payment_reverse
Hibernate: DELETE FROM opm.payment
Hibernate: DELETE FROM opm.pay_trans_status_code
Hibernate: DELETE FROM opm.payments_applied_order_code
Hibernate: DELETE FROM opm.printout
Hibernate: DELETE FROM opm.related_help_items
Hibernate: DELETE FROM opm.help_item
Hibernate: DELETE FROM opm.notification_READBY
Hibernate: DELETE FROM opm.date_calculation_data
Hibernate: DELETE FROM opm.refund_transaction
Hibernate: DELETE FROM opm.audit_parameter_record
Hibernate: DELETE FROM opm.audit_record
Hibernate: DELETE FROM opm.dedeposit
Hibernate: DELETE FROM opm.redeposit
Hibernate: DELETE FROM opm.calculation_result_item
Hibernate: DELETE FROM opm.calculation
Hibernate: DELETE FROM opm.fers_redeposit
Hibernate: DELETE FROM opm.fers_deposit
Hibernate: DELETE FROM opm.calculation_version
Hibernate: DELETE FROM opm.calculation_result
Hibernate: DELETE FROM opm.summary_data
Hibernate: DELETE FROM opm.billing
Hibernate: DELETE FROM opm.account_note
Hibernate: DELETE FROM opm.account
Hibernate: DELETE FROM opm.account_confirmation_validation
Hibernate: DELETE FROM opm.billing_summary
Hibernate: DELETE FROM opm.account_holder
Hibernate: DELETE FROM opm.address
Hibernate: DELETE FROM opm.error
Hibernate: DELETE FROM opm.info
Hibernate: DELETE FROM opm.notification
Hibernate: DELETE FROM opm.app_user
Hibernate: DELETE FROM opm.batch_daily_payments_history
Hibernate: DELETE FROM opm.audit_batch_history
Hibernate: DELETE FROM opm.new_claim_number_history
Hibernate: DELETE FROM opm.annuitant_list_history
Hibernate: DELETE FROM opm.time_factor_history
Hibernate: DELETE FROM opm.contact_info_history
Hibernate: DELETE FROM opm.interest_suppression_history
Hibernate: DELETE FROM opm.gl_payment_type_history
Hibernate: DELETE FROM opm.scm_first_insert_history
Hibernate: DELETE FROM opm.holiday_history
Hibernate: DELETE FROM opm.deduction_rate_history
Hibernate: DELETE FROM opm.interest_grace_period_history
Hibernate: DELETE FROM opm.gl_code_history
Hibernate: DELETE FROM opm.claim_without_service_history
Hibernate: DELETE FROM opm.payment_transaction_note_history
Hibernate: DELETE FROM opm.payment_move_transaction_history
Hibernate: DELETE FROM opm.interest_rate_history
Hibernate: DELETE FROM opm.payment_interest_detail_history
Hibernate: DELETE FROM opm.adjustment_transaction_history
Hibernate: DELETE FROM opm.invoice_history
Hibernate: DELETE FROM opm.a01_print_suppression_case_history
Hibernate: DELETE FROM opm.user_account_assignment_history
Hibernate: DELETE FROM opm.payment_refund_link_history
Hibernate: DELETE FROM opm.payments_applied_order_code_history
Hibernate: DELETE FROM opm.service_credit_preference_history
Hibernate: DELETE FROM opm.account_confirmation_validation_entry_history
Hibernate: DELETE FROM opm.account_confirmation_validation_history
Hibernate: DELETE FROM opm.payment_reverse_history
Hibernate: DELETE FROM opm.payment_history
Hibernate: DELETE FROM opm.pay_trans_status_code_history
Hibernate: DELETE FROM opm.notification_READBY_history
Hibernate: DELETE FROM opm.refund_transaction_history
Hibernate: DELETE FROM opm.summary_data_history
Hibernate: DELETE FROM opm.dedeposit_history
Hibernate: DELETE FROM opm.redeposit_history
Hibernate: DELETE FROM opm.calculation_result_item_history
Hibernate: DELETE FROM opm.calculation_result_history
Hibernate: DELETE FROM opm.calculation_history
Hibernate: DELETE FROM opm.fers_redeposit_history
Hibernate: DELETE FROM opm.fers_deposit_history
Hibernate: DELETE FROM opm.calculation_version_history
Hibernate: DELETE FROM opm.billing_history
Hibernate: DELETE FROM opm.billing_summary_history
Hibernate: DELETE FROM opm.account_note_history
Hibernate: DELETE FROM opm.address_history
Hibernate: DELETE FROM opm.account_history
Hibernate: DELETE FROM opm.account_holder_history
Hibernate: DELETE FROM opm.error_history
Hibernate: DELETE FROM opm.info_history
Hibernate: DELETE FROM opm.notification_history
Hibernate: DELETE FROM opm.app_user_history
Hibernate: DELETE FROM opm.change_trans_field_number_code
Hibernate: DELETE FROM opm.pay_code
Hibernate: DELETE FROM opm.payment_applied_order
Hibernate: DELETE FROM opm.agency_code
Hibernate: DELETE FROM opm.calculation_status
Hibernate: DELETE FROM opm.transfer_type
Hibernate: DELETE FROM opm.user_status
Hibernate: DELETE FROM opm.claim_officer
Hibernate: DELETE FROM opm.payment_status
Hibernate: DELETE FROM opm.application_designation
Hibernate: DELETE FROM opm.payment_reversal_reason
Hibernate: DELETE FROM opm.pay_type
Hibernate: DELETE FROM opm.appointment_type
Hibernate: DELETE FROM opm.role
Hibernate: DELETE FROM opm.service_type
Hibernate: DELETE FROM opm.retirement_type
Hibernate: DELETE FROM opm.account_status
Hibernate: DELETE FROM opm.country
Hibernate: DELETE FROM opm.state
Hibernate: DELETE FROM opm.period_type
Hibernate: DELETE FROM opm.suffix
Hibernate: DELETE FROM opm.form_type
Hibernate: DELETE FROM opm.batch_daily_payments
Hibernate: DELETE FROM opm.audit_batch
Hibernate: DELETE FROM opm.new_claim_number
Hibernate: DELETE FROM opm.annuitant_list
Hibernate: DELETE FROM opm.time_factor
Hibernate: DELETE FROM opm.contact_info
Hibernate: DELETE FROM opm.interest_suppression
Hibernate: DELETE FROM opm.gl_payment_type
Hibernate: DELETE FROM opm.scm_first_insert
Hibernate: DELETE FROM opm.holiday
Hibernate: DELETE FROM opm.deduction_rate
Hibernate: DELETE FROM opm.interest_grace_period
Hibernate: DELETE FROM opm.gl_code
Hibernate: DELETE FROM opm.claim_without_service
Hibernate: DELETE FROM opm.payment_transaction_note
Hibernate: DELETE FROM opm.payment_move_transaction
Hibernate: DELETE FROM opm.interest_rate
Hibernate: DELETE FROM opm.payment_interest_detail
Hibernate: DELETE FROM opm.adjustment_transaction
Hibernate: DELETE FROM opm.invoice
Hibernate: DELETE FROM opm.a01_print_suppression_case
Hibernate: DELETE FROM opm.user_account_assignment
Hibernate: DELETE FROM opm.payment_refund_link
Hibernate: DELETE FROM opm.role_permission
Hibernate: DELETE FROM opm.user_permission
Hibernate: DELETE FROM opm.service_credit_preference
Hibernate: DELETE FROM opm.account_confirmation_validation_entry
Hibernate: DELETE FROM opm.payment_reverse
Hibernate: DELETE FROM opm.payment
Hibernate: DELETE FROM opm.pay_trans_status_code
Hibernate: DELETE FROM opm.payments_applied_order_code
Hibernate: DELETE FROM opm.printout
Hibernate: DELETE FROM opm.related_help_items
Hibernate: DELETE FROM opm.help_item
Hibernate: DELETE FROM opm.notification_READBY
Hibernate: DELETE FROM opm.date_calculation_data
Hibernate: DELETE FROM opm.refund_transaction
Hibernate: DELETE FROM opm.audit_parameter_record
Hibernate: DELETE FROM opm.audit_record
Hibernate: DELETE FROM opm.dedeposit
Hibernate: DELETE FROM opm.redeposit
Hibernate: DELETE FROM opm.calculation_result_item
Hibernate: DELETE FROM opm.calculation
Hibernate: DELETE FROM opm.fers_redeposit
Hibernate: DELETE FROM opm.fers_deposit
Hibernate: DELETE FROM opm.calculation_version
Hibernate: DELETE FROM opm.calculation_result
Hibernate: DELETE FROM opm.summary_data
Hibernate: DELETE FROM opm.billing
Hibernate: DELETE FROM opm.account_note
Hibernate: DELETE FROM opm.account
Hibernate: DELETE FROM opm.account_confirmation_validation
Hibernate: DELETE FROM opm.billing_summary
Hibernate: DELETE FROM opm.account_holder
Hibernate: DELETE FROM opm.address
Hibernate: DELETE FROM opm.error
Hibernate: DELETE FROM opm.info
Hibernate: DELETE FROM opm.notification
Hibernate: DELETE FROM opm.app_user
Hibernate: DELETE FROM opm.batch_daily_payments_history
Hibernate: DELETE FROM opm.audit_batch_history
Hibernate: DELETE FROM opm.new_claim_number_history
Hibernate: DELETE FROM opm.annuitant_list_history
Hibernate: DELETE FROM opm.time_factor_history
Hibernate: DELETE FROM opm.contact_info_history
Hibernate: DELETE FROM opm.interest_suppression_history
Hibernate: DELETE FROM opm.gl_payment_type_history
Hibernate: DELETE FROM opm.scm_first_insert_history
Hibernate: DELETE FROM opm.holiday_history
Hibernate: DELETE FROM opm.deduction_rate_history
Hibernate: DELETE FROM opm.interest_grace_period_history
Hibernate: DELETE FROM opm.gl_code_history
Hibernate: DELETE FROM opm.claim_without_service_history
Hibernate: DELETE FROM opm.payment_transaction_note_history
Hibernate: DELETE FROM opm.payment_move_transaction_history
Hibernate: DELETE FROM opm.interest_rate_history
Hibernate: DELETE FROM opm.payment_interest_detail_history
Hibernate: DELETE FROM opm.adjustment_transaction_history
Hibernate: DELETE FROM opm.invoice_history
Hibernate: DELETE FROM opm.a01_print_suppression_case_history
Hibernate: DELETE FROM opm.user_account_assignment_history
Hibernate: DELETE FROM opm.payment_refund_link_history
Hibernate: DELETE FROM opm.payments_applied_order_code_history
Hibernate: DELETE FROM opm.service_credit_preference_history
Hibernate: DELETE FROM opm.account_confirmation_validation_entry_history
Hibernate: DELETE FROM opm.account_confirmation_validation_history
Hibernate: DELETE FROM opm.payment_reverse_history
Hibernate: DELETE FROM opm.payment_history
Hibernate: DELETE FROM opm.pay_trans_status_code_history
Hibernate: DELETE FROM opm.notification_READBY_history
Hibernate: DELETE FROM opm.refund_transaction_history
Hibernate: DELETE FROM opm.summary_data_history
Hibernate: DELETE FROM opm.dedeposit_history
Hibernate: DELETE FROM opm.redeposit_history
Hibernate: DELETE FROM opm.calculation_result_item_history
Hibernate: DELETE FROM opm.calculation_result_history
Hibernate: DELETE FROM opm.calculation_history
Hibernate: DELETE FROM opm.fers_redeposit_history
Hibernate: DELETE FROM opm.fers_deposit_history
Hibernate: DELETE FROM opm.calculation_version_history
Hibernate: DELETE FROM opm.billing_history
Hibernate: DELETE FROM opm.billing_summary_history
Hibernate: DELETE FROM opm.account_note_history
Hibernate: DELETE FROM opm.address_history
Hibernate: DELETE FROM opm.account_history
Hibernate: DELETE FROM opm.account_holder_history
Hibernate: DELETE FROM opm.error_history
Hibernate: DELETE FROM opm.info_history
Hibernate: DELETE FROM opm.notification_history
Hibernate: DELETE FROM opm.app_user_history
Hibernate: DELETE FROM opm.change_trans_field_number_code
Hibernate: DELETE FROM opm.pay_code
Hibernate: DELETE FROM opm.payment_applied_order
Hibernate: DELETE FROM opm.agency_code
Hibernate: DELETE FROM opm.calculation_status
Hibernate: DELETE FROM opm.transfer_type
Hibernate: DELETE FROM opm.user_status
Hibernate: DELETE FROM opm.claim_officer
Hibernate: DELETE FROM opm.payment_status
Hibernate: DELETE FROM opm.application_designation
Hibernate: DELETE FROM opm.payment_reversal_reason
Hibernate: DELETE FROM opm.pay_type
Hibernate: DELETE FROM opm.appointment_type
Hibernate: DELETE FROM opm.role
Hibernate: DELETE FROM opm.service_type
Hibernate: DELETE FROM opm.retirement_type
Hibernate: DELETE FROM opm.account_status
Hibernate: DELETE FROM opm.country
Hibernate: DELETE FROM opm.state
Hibernate: DELETE FROM opm.period_type
Hibernate: DELETE FROM opm.suffix
Hibernate: DELETE FROM opm.form_type
Hibernate: insert into opm.a01_print_suppression_case (deleted, claim_number, reason_for_print_suppression) values (?, ?, ?)
Hibernate: SELECT COUNT(*) FROM opm.a01_print_suppression_case_history WHERE id=? AND action=?
Hibernate: select a01printsu0_.id as id1_0_0_, a01printsu0_.deleted as deleted2_0_0_, a01printsu0_.claim_number as claim3_0_0_, a01printsu0_.reason_for_print_suppression as reason4_0_0_ from opm.a01_print_suppression_case a01printsu0_ where a01printsu0_.id=?
Hibernate: update opm.a01_print_suppression_case set deleted=?, claim_number=?, reason_for_print_suppression=? where id=?
Hibernate: SELECT COUNT(*) FROM opm.a01_print_suppression_case_history WHERE id=? AND action=?
Hibernate: delete from opm.a01_print_suppression_case where id=?
Hibernate: select a01printsu0_.id as id1_0_0_, a01printsu0_.deleted as deleted2_0_0_, a01printsu0_.claim_number as claim3_0_0_, a01printsu0_.reason_for_print_suppression as reason4_0_0_ from opm.a01_print_suppression_case a01printsu0_ where a01printsu0_.id=?
Hibernate: SELECT COUNT(*) FROM opm.a01_print_suppression_case_history WHERE id=? AND action=?
Hibernate: DELETE FROM opm.batch_daily_payments
Hibernate: DELETE FROM opm.audit_batch
Hibernate: DELETE FROM opm.new_claim_number
Hibernate: DELETE FROM opm.annuitant_list
Hibernate: DELETE FROM opm.time_factor
Hibernate: DELETE FROM opm.contact_info
Hibernate: DELETE FROM opm.interest_suppression
Hibernate: DELETE FROM opm.gl_payment_type
Hibernate: DELETE FROM opm.scm_first_insert
Hibernate: DELETE FROM opm.holiday
Hibernate: DELETE FROM opm.deduction_rate
Hibernate: DELETE FROM opm.interest_grace_period
Hibernate: DELETE FROM opm.gl_code
Hibernate: DELETE FROM opm.claim_without_service
Hibernate: DELETE FROM opm.payment_transaction_note
Hibernate: DELETE FROM opm.payment_move_transaction
Hibernate: DELETE FROM opm.interest_rate
Hibernate: DELETE FROM opm.payment_interest_detail
Hibernate: DELETE FROM opm.adjustment_transaction
Hibernate: DELETE FROM opm.invoice
Hibernate: DELETE FROM opm.a01_print_suppression_case
Hibernate: DELETE FROM opm.user_account_assignment
Hibernate: DELETE FROM opm.payment_refund_link
Hibernate: DELETE FROM opm.role_permission
Hibernate: DELETE FROM opm.user_permission
Hibernate: DELETE FROM opm.service_credit_preference
Hibernate: DELETE FROM opm.account_confirmation_validation_entry
Hibernate: DELETE FROM opm.payment_reverse
Hibernate: DELETE FROM opm.payment
Hibernate: DELETE FROM opm.pay_trans_status_code
Hibernate: DELETE FROM opm.payments_applied_order_code
Hibernate: DELETE FROM opm.printout
Hibernate: DELETE FROM opm.related_help_items
Hibernate: DELETE FROM opm.help_item
Hibernate: DELETE FROM opm.notification_READBY
Hibernate: DELETE FROM opm.date_calculation_data
Hibernate: DELETE FROM opm.refund_transaction
Hibernate: DELETE FROM opm.audit_parameter_record
Hibernate: DELETE FROM opm.audit_record
Hibernate: DELETE FROM opm.dedeposit
Hibernate: DELETE FROM opm.redeposit
Hibernate: DELETE FROM opm.calculation_result_item
Hibernate: DELETE FROM opm.calculation
Hibernate: DELETE FROM opm.fers_redeposit
Hibernate: DELETE FROM opm.fers_deposit
Hibernate: DELETE FROM opm.calculation_version
Hibernate: DELETE FROM opm.calculation_result
Hibernate: DELETE FROM opm.summary_data
Hibernate: DELETE FROM opm.billing
Hibernate: DELETE FROM opm.account_note
Hibernate: DELETE FROM opm.account
Hibernate: DELETE FROM opm.account_confirmation_validation
Hibernate: DELETE FROM opm.billing_summary
Hibernate: DELETE FROM opm.account_holder
Hibernate: DELETE FROM opm.address
Hibernate: DELETE FROM opm.error
Hibernate: DELETE FROM opm.info
Hibernate: DELETE FROM opm.notification
Hibernate: DELETE FROM opm.app_user
Hibernate: DELETE FROM opm.batch_daily_payments_history
Hibernate: DELETE FROM opm.audit_batch_history
Hibernate: DELETE FROM opm.new_claim_number_history
Hibernate: DELETE FROM opm.annuitant_list_history
Hibernate: DELETE FROM opm.time_factor_history
Hibernate: DELETE FROM opm.contact_info_history
Hibernate: DELETE FROM opm.interest_suppression_history
Hibernate: DELETE FROM opm.gl_payment_type_history
Hibernate: DELETE FROM opm.scm_first_insert_history
Hibernate: DELETE FROM opm.holiday_history
Hibernate: DELETE FROM opm.deduction_rate_history
Hibernate: DELETE FROM opm.interest_grace_period_history
Hibernate: DELETE FROM opm.gl_code_history
Hibernate: DELETE FROM opm.claim_without_service_history
Hibernate: DELETE FROM opm.payment_transaction_note_history
Hibernate: DELETE FROM opm.payment_move_transaction_history
Hibernate: DELETE FROM opm.interest_rate_history
Hibernate: DELETE FROM opm.payment_interest_detail_history
Hibernate: DELETE FROM opm.adjustment_transaction_history
Hibernate: DELETE FROM opm.invoice_history
Hibernate: DELETE FROM opm.a01_print_suppression_case_history
Hibernate: DELETE FROM opm.user_account_assignment_history
Hibernate: DELETE FROM opm.payment_refund_link_history
Hibernate: DELETE FROM opm.payments_applied_order_code_history
Hibernate: DELETE FROM opm.service_credit_preference_history
Hibernate: DELETE FROM opm.account_confirmation_validation_entry_history
Hibernate: DELETE FROM opm.account_confirmation_validation_history
Hibernate: DELETE FROM opm.payment_reverse_history
Hibernate: DELETE FROM opm.payment_history
Hibernate: DELETE FROM opm.pay_trans_status_code_history
Hibernate: DELETE FROM opm.notification_READBY_history
Hibernate: DELETE FROM opm.refund_transaction_history
Hibernate: DELETE FROM opm.summary_data_history
Hibernate: DELETE FROM opm.dedeposit_history
Hibernate: DELETE FROM opm.redeposit_history
Hibernate: DELETE FROM opm.calculation_result_item_history
Hibernate: DELETE FROM opm.calculation_result_history
Hibernate: DELETE FROM opm.calculation_history
Hibernate: DELETE FROM opm.fers_redeposit_history
Hibernate: DELETE FROM opm.fers_deposit_history
Hibernate: DELETE FROM opm.calculation_version_history
Hibernate: DELETE FROM opm.billing_history
Hibernate: DELETE FROM opm.billing_summary_history
Hibernate: DELETE FROM opm.account_note_history
Hibernate: DELETE FROM opm.address_history
Hibernate: DELETE FROM opm.account_history
Hibernate: DELETE FROM opm.account_holder_history
Hibernate: DELETE FROM opm.error_history
Hibernate: DELETE FROM opm.info_history
Hibernate: DELETE FROM opm.notification_history
Hibernate: DELETE FROM opm.app_user_history
Hibernate: DELETE FROM opm.change_trans_field_number_code
Hibernate: DELETE FROM opm.pay_code
Hibernate: DELETE FROM opm.payment_applied_order
Hibernate: DELETE FROM opm.agency_code
Hibernate: DELETE FROM opm.calculation_status
Hibernate: DELETE FROM opm.transfer_type
Hibernate: DELETE FROM opm.user_status
Hibernate: DELETE FROM opm.claim_officer
Hibernate: DELETE FROM opm.payment_status
Hibernate: DELETE FROM opm.application_designation
Hibernate: DELETE FROM opm.payment_reversal_reason
Hibernate: DELETE FROM opm.pay_type
Hibernate: DELETE FROM opm.appointment_type
Hibernate: DELETE FROM opm.role
Hibernate: DELETE FROM opm.service_type
Hibernate: DELETE FROM opm.retirement_type
Hibernate: DELETE FROM opm.account_status
Hibernate: DELETE FROM opm.country
Hibernate: DELETE FROM opm.state
Hibernate: DELETE FROM opm.period_type
Hibernate: DELETE FROM opm.suffix
Hibernate: DELETE FROM opm.form_type
Hibernate: DELETE FROM opm.batch_daily_payments
Hibernate: DELETE FROM opm.audit_batch
Hibernate: DELETE FROM opm.new_claim_number
Hibernate: DELETE FROM opm.annuitant_list
Hibernate: DELETE FROM opm.time_factor
Hibernate: DELETE FROM opm.contact_info
Hibernate: DELETE FROM opm.interest_suppression
Hibernate: DELETE FROM opm.gl_payment_type
Hibernate: DELETE FROM opm.scm_first_insert
Hibernate: DELETE FROM opm.holiday
Hibernate: DELETE FROM opm.deduction_rate
Hibernate: DELETE FROM opm.interest_grace_period
Hibernate: DELETE FROM opm.gl_code
Hibernate: DELETE FROM opm.claim_without_service
Hibernate: DELETE FROM opm.payment_transaction_note
Hibernate: DELETE FROM opm.payment_move_transaction
Hibernate: DELETE FROM opm.interest_rate
Hibernate: DELETE FROM opm.payment_interest_detail
Hibernate: DELETE FROM opm.adjustment_transaction
Hibernate: DELETE FROM opm.invoice
Hibernate: DELETE FROM opm.a01_print_suppression_case
Hibernate: DELETE FROM opm.user_account_assignment
Hibernate: DELETE FROM opm.payment_refund_link
Hibernate: DELETE FROM opm.role_permission
Hibernate: DELETE FROM opm.user_permission
Hibernate: DELETE FROM opm.service_credit_preference
Hibernate: DELETE FROM opm.account_confirmation_validation_entry
Hibernate: DELETE FROM opm.payment_reverse
Hibernate: DELETE FROM opm.payment
Hibernate: DELETE FROM opm.pay_trans_status_code
Hibernate: DELETE FROM opm.payments_applied_order_code
Hibernate: DELETE FROM opm.printout
Hibernate: DELETE FROM opm.related_help_items
Hibernate: DELETE FROM opm.help_item
Hibernate: DELETE FROM opm.notification_READBY
Hibernate: DELETE FROM opm.date_calculation_data
Hibernate: DELETE FROM opm.refund_transaction
Hibernate: DELETE FROM opm.audit_parameter_record
Hibernate: DELETE FROM opm.audit_record
Hibernate: DELETE FROM opm.dedeposit
Hibernate: DELETE FROM opm.redeposit
Hibernate: DELETE FROM opm.calculation_result_item
Hibernate: DELETE FROM opm.calculation
Hibernate: DELETE FROM opm.fers_redeposit
Hibernate: DELETE FROM opm.fers_deposit
Hibernate: DELETE FROM opm.calculation_version
Hibernate: DELETE FROM opm.calculation_result
Hibernate: DELETE FROM opm.summary_data
Hibernate: DELETE FROM opm.billing
Hibernate: DELETE FROM opm.account_note
Hibernate: DELETE FROM opm.account
Hibernate: DELETE FROM opm.account_confirmation_validation
Hibernate: DELETE FROM opm.billing_summary
Hibernate: DELETE FROM opm.account_holder
Hibernate: DELETE FROM opm.address
Hibernate: DELETE FROM opm.error
Hibernate: DELETE FROM opm.info
Hibernate: DELETE FROM opm.notification
Hibernate: DELETE FROM opm.app_user
Hibernate: DELETE FROM opm.batch_daily_payments_history
Hibernate: DELETE FROM opm.audit_batch_history
Hibernate: DELETE FROM opm.new_claim_number_history
Hibernate: DELETE FROM opm.annuitant_list_history
Hibernate: DELETE FROM opm.time_factor_history
Hibernate: DELETE FROM opm.contact_info_history
Hibernate: DELETE FROM opm.interest_suppression_history
Hibernate: DELETE FROM opm.gl_payment_type_history
Hibernate: DELETE FROM opm.scm_first_insert_history
Hibernate: DELETE FROM opm.holiday_history
Hibernate: DELETE FROM opm.deduction_rate_history
Hibernate: DELETE FROM opm.interest_grace_period_history
Hibernate: DELETE FROM opm.gl_code_history
Hibernate: DELETE FROM opm.claim_without_service_history
Hibernate: DELETE FROM opm.payment_transaction_note_history
Hibernate: DELETE FROM opm.payment_move_transaction_history
Hibernate: DELETE FROM opm.interest_rate_history
Hibernate: DELETE FROM opm.payment_interest_detail_history
Hibernate: DELETE FROM opm.adjustment_transaction_history
Hibernate: DELETE FROM opm.invoice_history
Hibernate: DELETE FROM opm.a01_print_suppression_case_history
Hibernate: DELETE FROM opm.user_account_assignment_history
Hibernate: DELETE FROM opm.payment_refund_link_history
Hibernate: DELETE FROM opm.payments_applied_order_code_history
Hibernate: DELETE FROM opm.service_credit_preference_history
Hibernate: DELETE FROM opm.account_confirmation_validation_entry_history
Hibernate: DELETE FROM opm.account_confirmation_validation_history
Hibernate: DELETE FROM opm.payment_reverse_history
Hibernate: DELETE FROM opm.payment_history
Hibernate: DELETE FROM opm.pay_trans_status_code_history
Hibernate: DELETE FROM opm.notification_READBY_history
Hibernate: DELETE FROM opm.refund_transaction_history
Hibernate: DELETE FROM opm.summary_data_history
Hibernate: DELETE FROM opm.dedeposit_history
Hibernate: DELETE FROM opm.redeposit_history
Hibernate: DELETE FROM opm.calculation_result_item_history
Hibernate: DELETE FROM opm.calculation_result_history
Hibernate: DELETE FROM opm.calculation_history
Hibernate: DELETE FROM opm.fers_redeposit_history
Hibernate: DELETE FROM opm.fers_deposit_history
Hibernate: DELETE FROM opm.calculation_version_history
Hibernate: DELETE FROM opm.billing_history
Hibernate: DELETE FROM opm.billing_summary_history
Hibernate: DELETE FROM opm.account_note_history
Hibernate: DELETE FROM opm.address_history
Hibernate: DELETE FROM opm.account_history
Hibernate: DELETE FROM opm.account_holder_history
Hibernate: DELETE FROM opm.error_history
Hibernate: DELETE FROM opm.info_history
Hibernate: DELETE FROM opm.notification_history
Hibernate: DELETE FROM opm.app_user_history
Hibernate: DELETE FROM opm.change_trans_field_number_code
Hibernate: DELETE FROM opm.pay_code
Hibernate: DELETE FROM opm.payment_applied_order
Hibernate: DELETE FROM opm.agency_code
Hibernate: DELETE FROM opm.calculation_status
Hibernate: DELETE FROM opm.transfer_type
Hibernate: DELETE FROM opm.user_status
Hibernate: DELETE FROM opm.claim_officer
Hibernate: DELETE FROM opm.payment_status
Hibernate: DELETE FROM opm.application_designation
Hibernate: DELETE FROM opm.payment_reversal_reason
Hibernate: DELETE FROM opm.pay_type
Hibernate: DELETE FROM opm.appointment_type
Hibernate: DELETE FROM opm.role
Hibernate: DELETE FROM opm.service_type
Hibernate: DELETE FROM opm.retirement_type
Hibernate: DELETE FROM opm.account_status
Hibernate: DELETE FROM opm.country
Hibernate: DELETE FROM opm.state
Hibernate: DELETE FROM opm.period_type
Hibernate: DELETE FROM opm.suffix
Hibernate: DELETE FROM opm.form_type
Hibernate: insert into opm.role (deleted, name, description) values (?, ?, ?)
Hibernate: insert into opm.user_status (deleted, name) values (?, ?)
Hibernate: insert into opm.app_user (deleted, default_tab, email, first_name, last_name, network_id, role_id, user_status_id, supervisor_id, telephone, username) values (?, ?, ?, ?, ?, ?, ?, ?, ?, ?, ?)
Hibernate: insert into opm.pay_code (deleted, name, description) values (?, ?, ?)
Hibernate: insert into opm.form_type (deleted, name) values (?, ?)
Hibernate: insert into opm.suffix (deleted, name) values (?, ?)
Hibernate: insert into opm.state (deleted, name, abbreviation) values (?, ?, ?)
Hibernate: insert into opm.country (deleted, name) values (?, ?)
Hibernate: insert into opm.state (deleted, name, abbreviation) values (?, ?, ?)
Hibernate: insert into opm.address (deleted, city, country_id, state_id, street1, street2, street3, street4, street5, zip_code) values (?, ?, ?, ?, ?, ?, ?, ?, ?, ?)
Hibernate: insert into opm.account_holder (deleted, address_id, agency_code, birth_date, city_of_employment, department_code, email, first_name, geo_code, last_name, middle_initial, holder_position, ssn, state_of_employment_id, suffix_id, telephone, title) values (?, ?, ?, ?, ?, ?, ?, ?, ?, ?, ?, ?, ?, ?, ?, ?, ?)
Hibernate: insert into opm.account_status (deleted, name, display_order, status_category) values (?, ?, ?, ?)
Hibernate: insert into opm.billing_summary (deleted, computed_date, first_billing_date, last_deposit_date, last_interest_calculation, last_transaction_date, stop_ach_payments, transaction_type) values (?, ?, ?, ?, ?, ?, ?, ?)
Hibernate: insert into opm.billing (deleted, additional_interest, balance, initial_billing, name, payment_order, total_payments, billing_summary_id) values (?, ?, ?, ?, ?, ?, ?, ?)
Hibernate: insert into opm.account (deleted, acc_int_dep, acc_int_fers, acc_int_non_dep, acc_int_rdep, acc_int_var_rdep, additional_service, balance, billing_summary_id, claim_number, claim_officer, claim_officer_assignment_date, claimant_birthdate, code_20_date, computation_date, dbts_account, flag_postredeposit, flag_preredeposit, form_type_id, frozen, grace, account_holder_id, last_action, last_pay, new_claim_number, no_interest, pay_code_id, payment_order, plan_type, prior_claim_number, returned_from_record_date, account_status_id, stop_ach_payment, time_period, tot_pay_d, tot_pay_fers, tot_pay_n, tot_pay_r, tot_pay_vr, total_deposit, total_fers_w, total_non_deposit, total_redeposit, total_var_redeposit, account_confirmation_validation_id, var_int_computation_date) values (?, ?, ?, ?, ?, ?, ?, ?, ?, ?, ?, ?, ?, ?, ?, ?, ?, ?, ?, ?, ?, ?, ?, ?, ?, ?, ?, ?, ?, ?, ?, ?, ?, ?, ?, ?, ?, ?, ?, ?, ?, ?, ?, ?, ?, ?)
Hibernate: update opm.billing set billing_summary_id=? where id=?
Hibernate: insert into opm.user_account_assignment (deleted, account_id, assignment_date, user_id) values (?, ?, ?, ?)
Hibernate: SELECT COUNT(*) FROM opm.user_account_assignment_history WHERE id=? AND action=?
Hibernate: select useraccoun0_.id as id1_77_0_, useraccoun0_.deleted as deleted2_77_0_, useraccoun0_.account_id as account4_77_0_, useraccoun0_.assignment_date as assignme3_77_0_, useraccoun0_.user_id as user5_77_0_ from opm.user_account_assignment useraccoun0_ where useraccoun0_.id=?
Hibernate: update opm.user_account_assignment set deleted=?, account_id=?, assignment_date=?, user_id=? where id=?
Hibernate: SELECT COUNT(*) FROM opm.user_account_assignment_history WHERE id=? AND action=?
Hibernate: delete from opm.user_account_assignment where id=?
Hibernate: select useraccoun0_.id as id1_77_0_, useraccoun0_.deleted as deleted2_77_0_, useraccoun0_.account_id as account4_77_0_, useraccoun0_.assignment_date as assignme3_77_0_, useraccoun0_.user_id as user5_77_0_ from opm.user_account_assignment useraccoun0_ where useraccoun0_.id=?
Hibernate: SELECT COUNT(*) FROM opm.user_account_assignment_history WHERE id=? AND action=?
Hibernate: DELETE FROM opm.batch_daily_payments
Hibernate: DELETE FROM opm.audit_batch
Hibernate: DELETE FROM opm.new_claim_number
Hibernate: DELETE FROM opm.annuitant_list
Hibernate: DELETE FROM opm.time_factor
Hibernate: DELETE FROM opm.contact_info
Hibernate: DELETE FROM opm.interest_suppression
Hibernate: DELETE FROM opm.gl_payment_type
Hibernate: DELETE FROM opm.scm_first_insert
Hibernate: DELETE FROM opm.holiday
Hibernate: DELETE FROM opm.deduction_rate
Hibernate: DELETE FROM opm.interest_grace_period
Hibernate: DELETE FROM opm.gl_code
Hibernate: DELETE FROM opm.claim_without_service
Hibernate: DELETE FROM opm.payment_transaction_note
Hibernate: DELETE FROM opm.payment_move_transaction
Hibernate: DELETE FROM opm.interest_rate
Hibernate: DELETE FROM opm.payment_interest_detail
Hibernate: DELETE FROM opm.adjustment_transaction
Hibernate: DELETE FROM opm.invoice
Hibernate: DELETE FROM opm.a01_print_suppression_case
Hibernate: DELETE FROM opm.user_account_assignment
Hibernate: DELETE FROM opm.payment_refund_link
Hibernate: DELETE FROM opm.role_permission
Hibernate: DELETE FROM opm.user_permission
Hibernate: DELETE FROM opm.service_credit_preference
Hibernate: DELETE FROM opm.account_confirmation_validation_entry
Hibernate: DELETE FROM opm.payment_reverse
Hibernate: DELETE FROM opm.payment
Hibernate: DELETE FROM opm.pay_trans_status_code
Hibernate: DELETE FROM opm.payments_applied_order_code
Hibernate: DELETE FROM opm.printout
Hibernate: DELETE FROM opm.related_help_items
Hibernate: DELETE FROM opm.help_item
Hibernate: DELETE FROM opm.notification_READBY
Hibernate: DELETE FROM opm.date_calculation_data
Hibernate: DELETE FROM opm.refund_transaction
Hibernate: DELETE FROM opm.audit_parameter_record
Hibernate: DELETE FROM opm.audit_record
Hibernate: DELETE FROM opm.dedeposit
Hibernate: DELETE FROM opm.redeposit
Hibernate: DELETE FROM opm.calculation_result_item
Hibernate: DELETE FROM opm.calculation
Hibernate: DELETE FROM opm.fers_redeposit
Hibernate: DELETE FROM opm.fers_deposit
Hibernate: DELETE FROM opm.calculation_version
Hibernate: DELETE FROM opm.calculation_result
Hibernate: DELETE FROM opm.summary_data
Hibernate: DELETE FROM opm.billing
Hibernate: DELETE FROM opm.account_note
Hibernate: DELETE FROM opm.account
Hibernate: DELETE FROM opm.account_confirmation_validation
Hibernate: DELETE FROM opm.billing_summary
Hibernate: DELETE FROM opm.account_holder
Hibernate: DELETE FROM opm.address
Hibernate: DELETE FROM opm.error
Hibernate: DELETE FROM opm.info
Hibernate: DELETE FROM opm.notification
Hibernate: DELETE FROM opm.app_user
Hibernate: DELETE FROM opm.batch_daily_payments_history
Hibernate: DELETE FROM opm.audit_batch_history
Hibernate: DELETE FROM opm.new_claim_number_history
Hibernate: DELETE FROM opm.annuitant_list_history
Hibernate: DELETE FROM opm.time_factor_history
Hibernate: DELETE FROM opm.contact_info_history
Hibernate: DELETE FROM opm.interest_suppression_history
Hibernate: DELETE FROM opm.gl_payment_type_history
Hibernate: DELETE FROM opm.scm_first_insert_history
Hibernate: DELETE FROM opm.holiday_history
Hibernate: DELETE FROM opm.deduction_rate_history
Hibernate: DELETE FROM opm.interest_grace_period_history
Hibernate: DELETE FROM opm.gl_code_history
Hibernate: DELETE FROM opm.claim_without_service_history
Hibernate: DELETE FROM opm.payment_transaction_note_history
Hibernate: DELETE FROM opm.payment_move_transaction_history
Hibernate: DELETE FROM opm.interest_rate_history
Hibernate: DELETE FROM opm.payment_interest_detail_history
Hibernate: DELETE FROM opm.adjustment_transaction_history
Hibernate: DELETE FROM opm.invoice_history
Hibernate: DELETE FROM opm.a01_print_suppression_case_history
Hibernate: DELETE FROM opm.user_account_assignment_history
Hibernate: DELETE FROM opm.payment_refund_link_history
Hibernate: DELETE FROM opm.payments_applied_order_code_history
Hibernate: DELETE FROM opm.service_credit_preference_history
Hibernate: DELETE FROM opm.account_confirmation_validation_entry_history
Hibernate: DELETE FROM opm.account_confirmation_validation_history
Hibernate: DELETE FROM opm.payment_reverse_history
Hibernate: DELETE FROM opm.payment_history
Hibernate: DELETE FROM opm.pay_trans_status_code_history
Hibernate: DELETE FROM opm.notification_READBY_history
Hibernate: DELETE FROM opm.refund_transaction_history
Hibernate: DELETE FROM opm.summary_data_history
Hibernate: DELETE FROM opm.dedeposit_history
Hibernate: DELETE FROM opm.redeposit_history
Hibernate: DELETE FROM opm.calculation_result_item_history
Hibernate: DELETE FROM opm.calculation_result_history
Hibernate: DELETE FROM opm.calculation_history
Hibernate: DELETE FROM opm.fers_redeposit_history
Hibernate: DELETE FROM opm.fers_deposit_history
Hibernate: DELETE FROM opm.calculation_version_history
Hibernate: DELETE FROM opm.billing_history
Hibernate: DELETE FROM opm.billing_summary_history
Hibernate: DELETE FROM opm.account_note_history
Hibernate: DELETE FROM opm.address_history
Hibernate: DELETE FROM opm.account_history
Hibernate: DELETE FROM opm.account_holder_history
Hibernate: DELETE FROM opm.error_history
Hibernate: DELETE FROM opm.info_history
Hibernate: DELETE FROM opm.notification_history
Hibernate: DELETE FROM opm.app_user_history
Hibernate: DELETE FROM opm.change_trans_field_number_code
Hibernate: DELETE FROM opm.pay_code
Hibernate: DELETE FROM opm.payment_applied_order
Hibernate: DELETE FROM opm.agency_code
Hibernate: DELETE FROM opm.calculation_status
Hibernate: DELETE FROM opm.transfer_type
Hibernate: DELETE FROM opm.user_status
Hibernate: DELETE FROM opm.claim_officer
Hibernate: DELETE FROM opm.payment_status
Hibernate: DELETE FROM opm.application_designation
Hibernate: DELETE FROM opm.payment_reversal_reason
Hibernate: DELETE FROM opm.pay_type
Hibernate: DELETE FROM opm.appointment_type
Hibernate: DELETE FROM opm.role
Hibernate: DELETE FROM opm.service_type
Hibernate: DELETE FROM opm.retirement_type
Hibernate: DELETE FROM opm.account_status
Hibernate: DELETE FROM opm.country
Hibernate: DELETE FROM opm.state
Hibernate: DELETE FROM opm.period_type
Hibernate: DELETE FROM opm.suffix
Hibernate: DELETE FROM opm.form_type
Hibernate: DELETE FROM opm.batch_daily_payments
Hibernate: DELETE FROM opm.audit_batch
Hibernate: DELETE FROM opm.new_claim_number
Hibernate: DELETE FROM opm.annuitant_list
Hibernate: DELETE FROM opm.time_factor
Hibernate: DELETE FROM opm.contact_info
Hibernate: DELETE FROM opm.interest_suppression
Hibernate: DELETE FROM opm.gl_payment_type
Hibernate: DELETE FROM opm.scm_first_insert
Hibernate: DELETE FROM opm.holiday
Hibernate: DELETE FROM opm.deduction_rate
Hibernate: DELETE FROM opm.interest_grace_period
Hibernate: DELETE FROM opm.gl_code
Hibernate: DELETE FROM opm.claim_without_service
Hibernate: DELETE FROM opm.payment_transaction_note
Hibernate: DELETE FROM opm.payment_move_transaction
Hibernate: DELETE FROM opm.interest_rate
Hibernate: DELETE FROM opm.payment_interest_detail
Hibernate: DELETE FROM opm.adjustment_transaction
Hibernate: DELETE FROM opm.invoice
Hibernate: DELETE FROM opm.a01_print_suppression_case
Hibernate: DELETE FROM opm.user_account_assignment
Hibernate: DELETE FROM opm.payment_refund_link
Hibernate: DELETE FROM opm.role_permission
Hibernate: DELETE FROM opm.user_permission
Hibernate: DELETE FROM opm.service_credit_preference
Hibernate: DELETE FROM opm.account_confirmation_validation_entry
Hibernate: DELETE FROM opm.payment_reverse
Hibernate: DELETE FROM opm.payment
Hibernate: DELETE FROM opm.pay_trans_status_code
Hibernate: DELETE FROM opm.payments_applied_order_code
Hibernate: DELETE FROM opm.printout
Hibernate: DELETE FROM opm.related_help_items
Hibernate: DELETE FROM opm.help_item
Hibernate: DELETE FROM opm.notification_READBY
Hibernate: DELETE FROM opm.date_calculation_data
Hibernate: DELETE FROM opm.refund_transaction
Hibernate: DELETE FROM opm.audit_parameter_record
Hibernate: DELETE FROM opm.audit_record
Hibernate: DELETE FROM opm.dedeposit
Hibernate: DELETE FROM opm.redeposit
Hibernate: DELETE FROM opm.calculation_result_item
Hibernate: DELETE FROM opm.calculation
Hibernate: DELETE FROM opm.fers_redeposit
Hibernate: DELETE FROM opm.fers_deposit
Hibernate: DELETE FROM opm.calculation_version
Hibernate: DELETE FROM opm.calculation_result
Hibernate: DELETE FROM opm.summary_data
Hibernate: DELETE FROM opm.billing
Hibernate: DELETE FROM opm.account_note
Hibernate: DELETE FROM opm.account
Hibernate: DELETE FROM opm.account_confirmation_validation
Hibernate: DELETE FROM opm.billing_summary
Hibernate: DELETE FROM opm.account_holder
Hibernate: DELETE FROM opm.address
Hibernate: DELETE FROM opm.error
Hibernate: DELETE FROM opm.info
Hibernate: DELETE FROM opm.notification
Hibernate: DELETE FROM opm.app_user
Hibernate: DELETE FROM opm.batch_daily_payments_history
Hibernate: DELETE FROM opm.audit_batch_history
Hibernate: DELETE FROM opm.new_claim_number_history
Hibernate: DELETE FROM opm.annuitant_list_history
Hibernate: DELETE FROM opm.time_factor_history
Hibernate: DELETE FROM opm.contact_info_history
Hibernate: DELETE FROM opm.interest_suppression_history
Hibernate: DELETE FROM opm.gl_payment_type_history
Hibernate: DELETE FROM opm.scm_first_insert_history
Hibernate: DELETE FROM opm.holiday_history
Hibernate: DELETE FROM opm.deduction_rate_history
Hibernate: DELETE FROM opm.interest_grace_period_history
Hibernate: DELETE FROM opm.gl_code_history
Hibernate: DELETE FROM opm.claim_without_service_history
Hibernate: DELETE FROM opm.payment_transaction_note_history
Hibernate: DELETE FROM opm.payment_move_transaction_history
Hibernate: DELETE FROM opm.interest_rate_history
Hibernate: DELETE FROM opm.payment_interest_detail_history
Hibernate: DELETE FROM opm.adjustment_transaction_history
Hibernate: DELETE FROM opm.invoice_history
Hibernate: DELETE FROM opm.a01_print_suppression_case_history
Hibernate: DELETE FROM opm.user_account_assignment_history
Hibernate: DELETE FROM opm.payment_refund_link_history
Hibernate: DELETE FROM opm.payments_applied_order_code_history
Hibernate: DELETE FROM opm.service_credit_preference_history
Hibernate: DELETE FROM opm.account_confirmation_validation_entry_history
Hibernate: DELETE FROM opm.account_confirmation_validation_history
Hibernate: DELETE FROM opm.payment_reverse_history
Hibernate: DELETE FROM opm.payment_history
Hibernate: DELETE FROM opm.pay_trans_status_code_history
Hibernate: DELETE FROM opm.notification_READBY_history
Hibernate: DELETE FROM opm.refund_transaction_history
Hibernate: DELETE FROM opm.summary_data_history
Hibernate: DELETE FROM opm.dedeposit_history
Hibernate: DELETE FROM opm.redeposit_history
Hibernate: DELETE FROM opm.calculation_result_item_history
Hibernate: DELETE FROM opm.calculation_result_history
Hibernate: DELETE FROM opm.calculation_history
Hibernate: DELETE FROM opm.fers_redeposit_history
Hibernate: DELETE FROM opm.fers_deposit_history
Hibernate: DELETE FROM opm.calculation_version_history
Hibernate: DELETE FROM opm.billing_history
Hibernate: DELETE FROM opm.billing_summary_history
Hibernate: DELETE FROM opm.account_note_history
Hibernate: DELETE FROM opm.address_history
Hibernate: DELETE FROM opm.account_history
Hibernate: DELETE FROM opm.account_holder_history
Hibernate: DELETE FROM opm.error_history
Hibernate: DELETE FROM opm.info_history
Hibernate: DELETE FROM opm.notification_history
Hibernate: DELETE FROM opm.app_user_history
Hibernate: DELETE FROM opm.change_trans_field_number_code
Hibernate: DELETE FROM opm.pay_code
Hibernate: DELETE FROM opm.payment_applied_order
Hibernate: DELETE FROM opm.agency_code
Hibernate: DELETE FROM opm.calculation_status
Hibernate: DELETE FROM opm.transfer_type
Hibernate: DELETE FROM opm.user_status
Hibernate: DELETE FROM opm.claim_officer
Hibernate: DELETE FROM opm.payment_status
Hibernate: DELETE FROM opm.application_designation
Hibernate: DELETE FROM opm.payment_reversal_reason
Hibernate: DELETE FROM opm.pay_type
Hibernate: DELETE FROM opm.appointment_type
Hibernate: DELETE FROM opm.role
Hibernate: DELETE FROM opm.service_type
Hibernate: DELETE FROM opm.retirement_type
Hibernate: DELETE FROM opm.account_status
Hibernate: DELETE FROM opm.country
Hibernate: DELETE FROM opm.state
Hibernate: DELETE FROM opm.period_type
Hibernate: DELETE FROM opm.suffix
Hibernate: DELETE FROM opm.form_type
Hibernate: insert into opm.payment_refund_link (deleted, payment_needing_refund, refund_for_payment) values (?, ?, ?)
Hibernate: SELECT COUNT(*) FROM opm.payment_refund_link_history WHERE id=? AND action=?
Hibernate: select paymentref0_.id as id1_55_0_, paymentref0_.deleted as deleted2_55_0_, paymentref0_.payment_needing_refund as payment3_55_0_, paymentref0_.refund_for_payment as refund4_55_0_ from opm.payment_refund_link paymentref0_ where paymentref0_.id=?
Hibernate: update opm.payment_refund_link set deleted=?, payment_needing_refund=?, refund_for_payment=? where id=?
Hibernate: SELECT COUNT(*) FROM opm.payment_refund_link_history WHERE id=? AND action=?
Hibernate: delete from opm.payment_refund_link where id=?
Hibernate: select paymentref0_.id as id1_55_0_, paymentref0_.deleted as deleted2_55_0_, paymentref0_.payment_needing_refund as payment3_55_0_, paymentref0_.refund_for_payment as refund4_55_0_ from opm.payment_refund_link paymentref0_ where paymentref0_.id=?
Hibernate: SELECT COUNT(*) FROM opm.payment_refund_link_history WHERE id=? AND action=?
Hibernate: DELETE FROM opm.batch_daily_payments
Hibernate: DELETE FROM opm.audit_batch
Hibernate: DELETE FROM opm.new_claim_number
Hibernate: DELETE FROM opm.annuitant_list
Hibernate: DELETE FROM opm.time_factor
Hibernate: DELETE FROM opm.contact_info
Hibernate: DELETE FROM opm.interest_suppression
Hibernate: DELETE FROM opm.gl_payment_type
Hibernate: DELETE FROM opm.scm_first_insert
Hibernate: DELETE FROM opm.holiday
Hibernate: DELETE FROM opm.deduction_rate
Hibernate: DELETE FROM opm.interest_grace_period
Hibernate: DELETE FROM opm.gl_code
Hibernate: DELETE FROM opm.claim_without_service
Hibernate: DELETE FROM opm.payment_transaction_note
Hibernate: DELETE FROM opm.payment_move_transaction
Hibernate: DELETE FROM opm.interest_rate
Hibernate: DELETE FROM opm.payment_interest_detail
Hibernate: DELETE FROM opm.adjustment_transaction
Hibernate: DELETE FROM opm.invoice
Hibernate: DELETE FROM opm.a01_print_suppression_case
Hibernate: DELETE FROM opm.user_account_assignment
Hibernate: DELETE FROM opm.payment_refund_link
Hibernate: DELETE FROM opm.role_permission
Hibernate: DELETE FROM opm.user_permission
Hibernate: DELETE FROM opm.service_credit_preference
Hibernate: DELETE FROM opm.account_confirmation_validation_entry
Hibernate: DELETE FROM opm.payment_reverse
Hibernate: DELETE FROM opm.payment
Hibernate: DELETE FROM opm.pay_trans_status_code
Hibernate: DELETE FROM opm.payments_applied_order_code
Hibernate: DELETE FROM opm.printout
Hibernate: DELETE FROM opm.related_help_items
Hibernate: DELETE FROM opm.help_item
Hibernate: DELETE FROM opm.notification_READBY
Hibernate: DELETE FROM opm.date_calculation_data
Hibernate: DELETE FROM opm.refund_transaction
Hibernate: DELETE FROM opm.audit_parameter_record
Hibernate: DELETE FROM opm.audit_record
Hibernate: DELETE FROM opm.dedeposit
Hibernate: DELETE FROM opm.redeposit
Hibernate: DELETE FROM opm.calculation_result_item
Hibernate: DELETE FROM opm.calculation
Hibernate: DELETE FROM opm.fers_redeposit
Hibernate: DELETE FROM opm.fers_deposit
Hibernate: DELETE FROM opm.calculation_version
Hibernate: DELETE FROM opm.calculation_result
Hibernate: DELETE FROM opm.summary_data
Hibernate: DELETE FROM opm.billing
Hibernate: DELETE FROM opm.account_note
Hibernate: DELETE FROM opm.account
Hibernate: DELETE FROM opm.account_confirmation_validation
Hibernate: DELETE FROM opm.billing_summary
Hibernate: DELETE FROM opm.account_holder
Hibernate: DELETE FROM opm.address
Hibernate: DELETE FROM opm.error
Hibernate: DELETE FROM opm.info
Hibernate: DELETE FROM opm.notification
Hibernate: DELETE FROM opm.app_user
Hibernate: DELETE FROM opm.batch_daily_payments_history
Hibernate: DELETE FROM opm.audit_batch_history
Hibernate: DELETE FROM opm.new_claim_number_history
Hibernate: DELETE FROM opm.annuitant_list_history
Hibernate: DELETE FROM opm.time_factor_history
Hibernate: DELETE FROM opm.contact_info_history
Hibernate: DELETE FROM opm.interest_suppression_history
Hibernate: DELETE FROM opm.gl_payment_type_history
Hibernate: DELETE FROM opm.scm_first_insert_history
Hibernate: DELETE FROM opm.holiday_history
Hibernate: DELETE FROM opm.deduction_rate_history
Hibernate: DELETE FROM opm.interest_grace_period_history
Hibernate: DELETE FROM opm.gl_code_history
Hibernate: DELETE FROM opm.claim_without_service_history
Hibernate: DELETE FROM opm.payment_transaction_note_history
Hibernate: DELETE FROM opm.payment_move_transaction_history
Hibernate: DELETE FROM opm.interest_rate_history
Hibernate: DELETE FROM opm.payment_interest_detail_history
Hibernate: DELETE FROM opm.adjustment_transaction_history
Hibernate: DELETE FROM opm.invoice_history
Hibernate: DELETE FROM opm.a01_print_suppression_case_history
Hibernate: DELETE FROM opm.user_account_assignment_history
Hibernate: DELETE FROM opm.payment_refund_link_history
Hibernate: DELETE FROM opm.payments_applied_order_code_history
Hibernate: DELETE FROM opm.service_credit_preference_history
Hibernate: DELETE FROM opm.account_confirmation_validation_entry_history
Hibernate: DELETE FROM opm.account_confirmation_validation_history
Hibernate: DELETE FROM opm.payment_reverse_history
Hibernate: DELETE FROM opm.payment_history
Hibernate: DELETE FROM opm.pay_trans_status_code_history
Hibernate: DELETE FROM opm.notification_READBY_history
Hibernate: DELETE FROM opm.refund_transaction_history
Hibernate: DELETE FROM opm.summary_data_history
Hibernate: DELETE FROM opm.dedeposit_history
Hibernate: DELETE FROM opm.redeposit_history
Hibernate: DELETE FROM opm.calculation_result_item_history
Hibernate: DELETE FROM opm.calculation_result_history
Hibernate: DELETE FROM opm.calculation_history
Hibernate: DELETE FROM opm.fers_redeposit_history
Hibernate: DELETE FROM opm.fers_deposit_history
Hibernate: DELETE FROM opm.calculation_version_history
Hibernate: DELETE FROM opm.billing_history
Hibernate: DELETE FROM opm.billing_summary_history
Hibernate: DELETE FROM opm.account_note_history
Hibernate: DELETE FROM opm.address_history
Hibernate: DELETE FROM opm.account_history
Hibernate: DELETE FROM opm.account_holder_history
Hibernate: DELETE FROM opm.error_history
Hibernate: DELETE FROM opm.info_history
Hibernate: DELETE FROM opm.notification_history
Hibernate: DELETE FROM opm.app_user_history
Hibernate: DELETE FROM opm.change_trans_field_number_code
Hibernate: DELETE FROM opm.pay_code
Hibernate: DELETE FROM opm.payment_applied_order
Hibernate: DELETE FROM opm.agency_code
Hibernate: DELETE FROM opm.calculation_status
Hibernate: DELETE FROM opm.transfer_type
Hibernate: DELETE FROM opm.user_status
Hibernate: DELETE FROM opm.claim_officer
Hibernate: DELETE FROM opm.payment_status
Hibernate: DELETE FROM opm.application_designation
Hibernate: DELETE FROM opm.payment_reversal_reason
Hibernate: DELETE FROM opm.pay_type
Hibernate: DELETE FROM opm.appointment_type
Hibernate: DELETE FROM opm.role
Hibernate: DELETE FROM opm.service_type
Hibernate: DELETE FROM opm.retirement_type
Hibernate: DELETE FROM opm.account_status
Hibernate: DELETE FROM opm.country
Hibernate: DELETE FROM opm.state
Hibernate: DELETE FROM opm.period_type
Hibernate: DELETE FROM opm.suffix
Hibernate: DELETE FROM opm.form_type
Hibernate: DELETE FROM opm.batch_daily_payments
Hibernate: DELETE FROM opm.audit_batch
Hibernate: DELETE FROM opm.new_claim_number
Hibernate: DELETE FROM opm.annuitant_list
Hibernate: DELETE FROM opm.time_factor
Hibernate: DELETE FROM opm.contact_info
Hibernate: DELETE FROM opm.interest_suppression
Hibernate: DELETE FROM opm.gl_payment_type
Hibernate: DELETE FROM opm.scm_first_insert
Hibernate: DELETE FROM opm.holiday
Hibernate: DELETE FROM opm.deduction_rate
Hibernate: DELETE FROM opm.interest_grace_period
Hibernate: DELETE FROM opm.gl_code
Hibernate: DELETE FROM opm.claim_without_service
Hibernate: DELETE FROM opm.payment_transaction_note
Hibernate: DELETE FROM opm.payment_move_transaction
Hibernate: DELETE FROM opm.interest_rate
Hibernate: DELETE FROM opm.payment_interest_detail
Hibernate: DELETE FROM opm.adjustment_transaction
Hibernate: DELETE FROM opm.invoice
Hibernate: DELETE FROM opm.a01_print_suppression_case
Hibernate: DELETE FROM opm.user_account_assignment
Hibernate: DELETE FROM opm.payment_refund_link
Hibernate: DELETE FROM opm.role_permission
Hibernate: DELETE FROM opm.user_permission
Hibernate: DELETE FROM opm.service_credit_preference
Hibernate: DELETE FROM opm.account_confirmation_validation_entry
Hibernate: DELETE FROM opm.payment_reverse
Hibernate: DELETE FROM opm.payment
Hibernate: DELETE FROM opm.pay_trans_status_code
Hibernate: DELETE FROM opm.payments_applied_order_code
Hibernate: DELETE FROM opm.printout
Hibernate: DELETE FROM opm.related_help_items
Hibernate: DELETE FROM opm.help_item
Hibernate: DELETE FROM opm.notification_READBY
Hibernate: DELETE FROM opm.date_calculation_data
Hibernate: DELETE FROM opm.refund_transaction
Hibernate: DELETE FROM opm.audit_parameter_record
Hibernate: DELETE FROM opm.audit_record
Hibernate: DELETE FROM opm.dedeposit
Hibernate: DELETE FROM opm.redeposit
Hibernate: DELETE FROM opm.calculation_result_item
Hibernate: DELETE FROM opm.calculation
Hibernate: DELETE FROM opm.fers_redeposit
Hibernate: DELETE FROM opm.fers_deposit
Hibernate: DELETE FROM opm.calculation_version
Hibernate: DELETE FROM opm.calculation_result
Hibernate: DELETE FROM opm.summary_data
Hibernate: DELETE FROM opm.billing
Hibernate: DELETE FROM opm.account_note
Hibernate: DELETE FROM opm.account
Hibernate: DELETE FROM opm.account_confirmation_validation
Hibernate: DELETE FROM opm.billing_summary
Hibernate: DELETE FROM opm.account_holder
Hibernate: DELETE FROM opm.address
Hibernate: DELETE FROM opm.error
Hibernate: DELETE FROM opm.info
Hibernate: DELETE FROM opm.notification
Hibernate: DELETE FROM opm.app_user
Hibernate: DELETE FROM opm.batch_daily_payments_history
Hibernate: DELETE FROM opm.audit_batch_history
Hibernate: DELETE FROM opm.new_claim_number_history
Hibernate: DELETE FROM opm.annuitant_list_history
Hibernate: DELETE FROM opm.time_factor_history
Hibernate: DELETE FROM opm.contact_info_history
Hibernate: DELETE FROM opm.interest_suppression_history
Hibernate: DELETE FROM opm.gl_payment_type_history
Hibernate: DELETE FROM opm.scm_first_insert_history
Hibernate: DELETE FROM opm.holiday_history
Hibernate: DELETE FROM opm.deduction_rate_history
Hibernate: DELETE FROM opm.interest_grace_period_history
Hibernate: DELETE FROM opm.gl_code_history
Hibernate: DELETE FROM opm.claim_without_service_history
Hibernate: DELETE FROM opm.payment_transaction_note_history
Hibernate: DELETE FROM opm.payment_move_transaction_history
Hibernate: DELETE FROM opm.interest_rate_history
Hibernate: DELETE FROM opm.payment_interest_detail_history
Hibernate: DELETE FROM opm.adjustment_transaction_history
Hibernate: DELETE FROM opm.invoice_history
Hibernate: DELETE FROM opm.a01_print_suppression_case_history
Hibernate: DELETE FROM opm.user_account_assignment_history
Hibernate: DELETE FROM opm.payment_refund_link_history
Hibernate: DELETE FROM opm.payments_applied_order_code_history
Hibernate: DELETE FROM opm.service_credit_preference_history
Hibernate: DELETE FROM opm.account_confirmation_validation_entry_history
Hibernate: DELETE FROM opm.account_confirmation_validation_history
Hibernate: DELETE FROM opm.payment_reverse_history
Hibernate: DELETE FROM opm.payment_history
Hibernate: DELETE FROM opm.pay_trans_status_code_history
Hibernate: DELETE FROM opm.notification_READBY_history
Hibernate: DELETE FROM opm.refund_transaction_history
Hibernate: DELETE FROM opm.summary_data_history
Hibernate: DELETE FROM opm.dedeposit_history
Hibernate: DELETE FROM opm.redeposit_history
Hibernate: DELETE FROM opm.calculation_result_item_history
Hibernate: DELETE FROM opm.calculation_result_history
Hibernate: DELETE FROM opm.calculation_history
Hibernate: DELETE FROM opm.fers_redeposit_history
Hibernate: DELETE FROM opm.fers_deposit_history
Hibernate: DELETE FROM opm.calculation_version_history
Hibernate: DELETE FROM opm.billing_history
Hibernate: DELETE FROM opm.billing_summary_history
Hibernate: DELETE FROM opm.account_note_history
Hibernate: DELETE FROM opm.address_history
Hibernate: DELETE FROM opm.account_history
Hibernate: DELETE FROM opm.account_holder_history
Hibernate: DELETE FROM opm.error_history
Hibernate: DELETE FROM opm.info_history
Hibernate: DELETE FROM opm.notification_history
Hibernate: DELETE FROM opm.app_user_history
Hibernate: DELETE FROM opm.change_trans_field_number_code
Hibernate: DELETE FROM opm.pay_code
Hibernate: DELETE FROM opm.payment_applied_order
Hibernate: DELETE FROM opm.agency_code
Hibernate: DELETE FROM opm.calculation_status
Hibernate: DELETE FROM opm.transfer_type
Hibernate: DELETE FROM opm.user_status
Hibernate: DELETE FROM opm.claim_officer
Hibernate: DELETE FROM opm.payment_status
Hibernate: DELETE FROM opm.application_designation
Hibernate: DELETE FROM opm.payment_reversal_reason
Hibernate: DELETE FROM opm.pay_type
Hibernate: DELETE FROM opm.appointment_type
Hibernate: DELETE FROM opm.role
Hibernate: DELETE FROM opm.service_type
Hibernate: DELETE FROM opm.retirement_type
Hibernate: DELETE FROM opm.account_status
Hibernate: DELETE FROM opm.country
Hibernate: DELETE FROM opm.state
Hibernate: DELETE FROM opm.period_type
Hibernate: DELETE FROM opm.suffix
Hibernate: DELETE FROM opm.form_type
Hibernate: insert into opm.payments_applied_order_code (deleted, display_order, payment_account) values (?, ?, ?)
Hibernate: SELECT COUNT(*) FROM opm.payments_applied_order_code_history WHERE id=? AND action=?
Hibernate: select paymentsap0_.id as id1_60_0_, paymentsap0_.deleted as deleted2_60_0_, paymentsap0_.display_order as display3_60_0_, paymentsap0_.payment_account as payment4_60_0_ from opm.payments_applied_order_code paymentsap0_ where paymentsap0_.id=?
Hibernate: update opm.payments_applied_order_code set deleted=?, display_order=?, payment_account=? where id=?
Hibernate: SELECT COUNT(*) FROM opm.payments_applied_order_code_history WHERE id=? AND action=?
Hibernate: delete from opm.payments_applied_order_code where id=?
Hibernate: select paymentsap0_.id as id1_60_0_, paymentsap0_.deleted as deleted2_60_0_, paymentsap0_.display_order as display3_60_0_, paymentsap0_.payment_account as payment4_60_0_ from opm.payments_applied_order_code paymentsap0_ where paymentsap0_.id=?
Hibernate: SELECT COUNT(*) FROM opm.payments_applied_order_code_history WHERE id=? AND action=?
Hibernate: DELETE FROM opm.batch_daily_payments
Hibernate: DELETE FROM opm.audit_batch
Hibernate: DELETE FROM opm.new_claim_number
Hibernate: DELETE FROM opm.annuitant_list
Hibernate: DELETE FROM opm.time_factor
Hibernate: DELETE FROM opm.contact_info
Hibernate: DELETE FROM opm.interest_suppression
Hibernate: DELETE FROM opm.gl_payment_type
Hibernate: DELETE FROM opm.scm_first_insert
Hibernate: DELETE FROM opm.holiday
Hibernate: DELETE FROM opm.deduction_rate
Hibernate: DELETE FROM opm.interest_grace_period
Hibernate: DELETE FROM opm.gl_code
Hibernate: DELETE FROM opm.claim_without_service
Hibernate: DELETE FROM opm.payment_transaction_note
Hibernate: DELETE FROM opm.payment_move_transaction
Hibernate: DELETE FROM opm.interest_rate
Hibernate: DELETE FROM opm.payment_interest_detail
Hibernate: DELETE FROM opm.adjustment_transaction
Hibernate: DELETE FROM opm.invoice
Hibernate: DELETE FROM opm.a01_print_suppression_case
Hibernate: DELETE FROM opm.user_account_assignment
Hibernate: DELETE FROM opm.payment_refund_link
Hibernate: DELETE FROM opm.role_permission
Hibernate: DELETE FROM opm.user_permission
Hibernate: DELETE FROM opm.service_credit_preference
Hibernate: DELETE FROM opm.account_confirmation_validation_entry
Hibernate: DELETE FROM opm.payment_reverse
Hibernate: DELETE FROM opm.payment
Hibernate: DELETE FROM opm.pay_trans_status_code
Hibernate: DELETE FROM opm.payments_applied_order_code
Hibernate: DELETE FROM opm.printout
Hibernate: DELETE FROM opm.related_help_items
Hibernate: DELETE FROM opm.help_item
Hibernate: DELETE FROM opm.notification_READBY
Hibernate: DELETE FROM opm.date_calculation_data
Hibernate: DELETE FROM opm.refund_transaction
Hibernate: DELETE FROM opm.audit_parameter_record
Hibernate: DELETE FROM opm.audit_record
Hibernate: DELETE FROM opm.dedeposit
Hibernate: DELETE FROM opm.redeposit
Hibernate: DELETE FROM opm.calculation_result_item
Hibernate: DELETE FROM opm.calculation
Hibernate: DELETE FROM opm.fers_redeposit
Hibernate: DELETE FROM opm.fers_deposit
Hibernate: DELETE FROM opm.calculation_version
Hibernate: DELETE FROM opm.calculation_result
Hibernate: DELETE FROM opm.summary_data
Hibernate: DELETE FROM opm.billing
Hibernate: DELETE FROM opm.account_note
Hibernate: DELETE FROM opm.account
Hibernate: DELETE FROM opm.account_confirmation_validation
Hibernate: DELETE FROM opm.billing_summary
Hibernate: DELETE FROM opm.account_holder
Hibernate: DELETE FROM opm.address
Hibernate: DELETE FROM opm.error
Hibernate: DELETE FROM opm.info
Hibernate: DELETE FROM opm.notification
Hibernate: DELETE FROM opm.app_user
Hibernate: DELETE FROM opm.batch_daily_payments_history
Hibernate: DELETE FROM opm.audit_batch_history
Hibernate: DELETE FROM opm.new_claim_number_history
Hibernate: DELETE FROM opm.annuitant_list_history
Hibernate: DELETE FROM opm.time_factor_history
Hibernate: DELETE FROM opm.contact_info_history
Hibernate: DELETE FROM opm.interest_suppression_history
Hibernate: DELETE FROM opm.gl_payment_type_history
Hibernate: DELETE FROM opm.scm_first_insert_history
Hibernate: DELETE FROM opm.holiday_history
Hibernate: DELETE FROM opm.deduction_rate_history
Hibernate: DELETE FROM opm.interest_grace_period_history
Hibernate: DELETE FROM opm.gl_code_history
Hibernate: DELETE FROM opm.claim_without_service_history
Hibernate: DELETE FROM opm.payment_transaction_note_history
Hibernate: DELETE FROM opm.payment_move_transaction_history
Hibernate: DELETE FROM opm.interest_rate_history
Hibernate: DELETE FROM opm.payment_interest_detail_history
Hibernate: DELETE FROM opm.adjustment_transaction_history
Hibernate: DELETE FROM opm.invoice_history
Hibernate: DELETE FROM opm.a01_print_suppression_case_history
Hibernate: DELETE FROM opm.user_account_assignment_history
Hibernate: DELETE FROM opm.payment_refund_link_history
Hibernate: DELETE FROM opm.payments_applied_order_code_history
Hibernate: DELETE FROM opm.service_credit_preference_history
Hibernate: DELETE FROM opm.account_confirmation_validation_entry_history
Hibernate: DELETE FROM opm.account_confirmation_validation_history
Hibernate: DELETE FROM opm.payment_reverse_history
Hibernate: DELETE FROM opm.payment_history
Hibernate: DELETE FROM opm.pay_trans_status_code_history
Hibernate: DELETE FROM opm.notification_READBY_history
Hibernate: DELETE FROM opm.refund_transaction_history
Hibernate: DELETE FROM opm.summary_data_history
Hibernate: DELETE FROM opm.dedeposit_history
Hibernate: DELETE FROM opm.redeposit_history
Hibernate: DELETE FROM opm.calculation_result_item_history
Hibernate: DELETE FROM opm.calculation_result_history
Hibernate: DELETE FROM opm.calculation_history
Hibernate: DELETE FROM opm.fers_redeposit_history
Hibernate: DELETE FROM opm.fers_deposit_history
Hibernate: DELETE FROM opm.calculation_version_history
Hibernate: DELETE FROM opm.billing_history
Hibernate: DELETE FROM opm.billing_summary_history
Hibernate: DELETE FROM opm.account_note_history
Hibernate: DELETE FROM opm.address_history
Hibernate: DELETE FROM opm.account_history
Hibernate: DELETE FROM opm.account_holder_history
Hibernate: DELETE FROM opm.error_history
Hibernate: DELETE FROM opm.info_history
Hibernate: DELETE FROM opm.notification_history
Hibernate: DELETE FROM opm.app_user_history
Hibernate: DELETE FROM opm.change_trans_field_number_code
Hibernate: DELETE FROM opm.pay_code
Hibernate: DELETE FROM opm.payment_applied_order
Hibernate: DELETE FROM opm.agency_code
Hibernate: DELETE FROM opm.calculation_status
Hibernate: DELETE FROM opm.transfer_type
Hibernate: DELETE FROM opm.user_status
Hibernate: DELETE FROM opm.claim_officer
Hibernate: DELETE FROM opm.payment_status
Hibernate: DELETE FROM opm.application_designation
Hibernate: DELETE FROM opm.payment_reversal_reason
Hibernate: DELETE FROM opm.pay_type
Hibernate: DELETE FROM opm.appointment_type
Hibernate: DELETE FROM opm.role
Hibernate: DELETE FROM opm.service_type
Hibernate: DELETE FROM opm.retirement_type
Hibernate: DELETE FROM opm.account_status
Hibernate: DELETE FROM opm.country
Hibernate: DELETE FROM opm.state
Hibernate: DELETE FROM opm.period_type
Hibernate: DELETE FROM opm.suffix
Hibernate: DELETE FROM opm.form_type
Hibernate: DELETE FROM opm.batch_daily_payments
Hibernate: DELETE FROM opm.audit_batch
Hibernate: DELETE FROM opm.new_claim_number
Hibernate: DELETE FROM opm.annuitant_list
Hibernate: DELETE FROM opm.time_factor
Hibernate: DELETE FROM opm.contact_info
Hibernate: DELETE FROM opm.interest_suppression
Hibernate: DELETE FROM opm.gl_payment_type
Hibernate: DELETE FROM opm.scm_first_insert
Hibernate: DELETE FROM opm.holiday
Hibernate: DELETE FROM opm.deduction_rate
Hibernate: DELETE FROM opm.interest_grace_period
Hibernate: DELETE FROM opm.gl_code
Hibernate: DELETE FROM opm.claim_without_service
Hibernate: DELETE FROM opm.payment_transaction_note
Hibernate: DELETE FROM opm.payment_move_transaction
Hibernate: DELETE FROM opm.interest_rate
Hibernate: DELETE FROM opm.payment_interest_detail
Hibernate: DELETE FROM opm.adjustment_transaction
Hibernate: DELETE FROM opm.invoice
Hibernate: DELETE FROM opm.a01_print_suppression_case
Hibernate: DELETE FROM opm.user_account_assignment
Hibernate: DELETE FROM opm.payment_refund_link
Hibernate: DELETE FROM opm.role_permission
Hibernate: DELETE FROM opm.user_permission
Hibernate: DELETE FROM opm.service_credit_preference
Hibernate: DELETE FROM opm.account_confirmation_validation_entry
Hibernate: DELETE FROM opm.payment_reverse
Hibernate: DELETE FROM opm.payment
Hibernate: DELETE FROM opm.pay_trans_status_code
Hibernate: DELETE FROM opm.payments_applied_order_code
Hibernate: DELETE FROM opm.printout
Hibernate: DELETE FROM opm.related_help_items
Hibernate: DELETE FROM opm.help_item
Hibernate: DELETE FROM opm.notification_READBY
Hibernate: DELETE FROM opm.date_calculation_data
Hibernate: DELETE FROM opm.refund_transaction
Hibernate: DELETE FROM opm.audit_parameter_record
Hibernate: DELETE FROM opm.audit_record
Hibernate: DELETE FROM opm.dedeposit
Hibernate: DELETE FROM opm.redeposit
Hibernate: DELETE FROM opm.calculation_result_item
Hibernate: DELETE FROM opm.calculation
Hibernate: DELETE FROM opm.fers_redeposit
Hibernate: DELETE FROM opm.fers_deposit
Hibernate: DELETE FROM opm.calculation_version
Hibernate: DELETE FROM opm.calculation_result
Hibernate: DELETE FROM opm.summary_data
Hibernate: DELETE FROM opm.billing
Hibernate: DELETE FROM opm.account_note
Hibernate: DELETE FROM opm.account
Hibernate: DELETE FROM opm.account_confirmation_validation
Hibernate: DELETE FROM opm.billing_summary
Hibernate: DELETE FROM opm.account_holder
Hibernate: DELETE FROM opm.address
Hibernate: DELETE FROM opm.error
Hibernate: DELETE FROM opm.info
Hibernate: DELETE FROM opm.notification
Hibernate: DELETE FROM opm.app_user
Hibernate: DELETE FROM opm.batch_daily_payments_history
Hibernate: DELETE FROM opm.audit_batch_history
Hibernate: DELETE FROM opm.new_claim_number_history
Hibernate: DELETE FROM opm.annuitant_list_history
Hibernate: DELETE FROM opm.time_factor_history
Hibernate: DELETE FROM opm.contact_info_history
Hibernate: DELETE FROM opm.interest_suppression_history
Hibernate: DELETE FROM opm.gl_payment_type_history
Hibernate: DELETE FROM opm.scm_first_insert_history
Hibernate: DELETE FROM opm.holiday_history
Hibernate: DELETE FROM opm.deduction_rate_history
Hibernate: DELETE FROM opm.interest_grace_period_history
Hibernate: DELETE FROM opm.gl_code_history
Hibernate: DELETE FROM opm.claim_without_service_history
Hibernate: DELETE FROM opm.payment_transaction_note_history
Hibernate: DELETE FROM opm.payment_move_transaction_history
Hibernate: DELETE FROM opm.interest_rate_history
Hibernate: DELETE FROM opm.payment_interest_detail_history
Hibernate: DELETE FROM opm.adjustment_transaction_history
Hibernate: DELETE FROM opm.invoice_history
Hibernate: DELETE FROM opm.a01_print_suppression_case_history
Hibernate: DELETE FROM opm.user_account_assignment_history
Hibernate: DELETE FROM opm.payment_refund_link_history
Hibernate: DELETE FROM opm.payments_applied_order_code_history
Hibernate: DELETE FROM opm.service_credit_preference_history
Hibernate: DELETE FROM opm.account_confirmation_validation_entry_history
Hibernate: DELETE FROM opm.account_confirmation_validation_history
Hibernate: DELETE FROM opm.payment_reverse_history
Hibernate: DELETE FROM opm.payment_history
Hibernate: DELETE FROM opm.pay_trans_status_code_history
Hibernate: DELETE FROM opm.notification_READBY_history
Hibernate: DELETE FROM opm.refund_transaction_history
Hibernate: DELETE FROM opm.summary_data_history
Hibernate: DELETE FROM opm.dedeposit_history
Hibernate: DELETE FROM opm.redeposit_history
Hibernate: DELETE FROM opm.calculation_result_item_history
Hibernate: DELETE FROM opm.calculation_result_history
Hibernate: DELETE FROM opm.calculation_history
Hibernate: DELETE FROM opm.fers_redeposit_history
Hibernate: DELETE FROM opm.fers_deposit_history
Hibernate: DELETE FROM opm.calculation_version_history
Hibernate: DELETE FROM opm.billing_history
Hibernate: DELETE FROM opm.billing_summary_history
Hibernate: DELETE FROM opm.account_note_history
Hibernate: DELETE FROM opm.address_history
Hibernate: DELETE FROM opm.account_history
Hibernate: DELETE FROM opm.account_holder_history
Hibernate: DELETE FROM opm.error_history
Hibernate: DELETE FROM opm.info_history
Hibernate: DELETE FROM opm.notification_history
Hibernate: DELETE FROM opm.app_user_history
Hibernate: DELETE FROM opm.change_trans_field_number_code
Hibernate: DELETE FROM opm.pay_code
Hibernate: DELETE FROM opm.payment_applied_order
Hibernate: DELETE FROM opm.agency_code
Hibernate: DELETE FROM opm.calculation_status
Hibernate: DELETE FROM opm.transfer_type
Hibernate: DELETE FROM opm.user_status
Hibernate: DELETE FROM opm.claim_officer
Hibernate: DELETE FROM opm.payment_status
Hibernate: DELETE FROM opm.application_designation
Hibernate: DELETE FROM opm.payment_reversal_reason
Hibernate: DELETE FROM opm.pay_type
Hibernate: DELETE FROM opm.appointment_type
Hibernate: DELETE FROM opm.role
Hibernate: DELETE FROM opm.service_type
Hibernate: DELETE FROM opm.retirement_type
Hibernate: DELETE FROM opm.account_status
Hibernate: DELETE FROM opm.country
Hibernate: DELETE FROM opm.state
Hibernate: DELETE FROM opm.period_type
Hibernate: DELETE FROM opm.suffix
Hibernate: DELETE FROM opm.form_type
Hibernate: insert into opm.pay_trans_status_code (deleted, balanced_scorecard, batch_processing_order, can_hit_gl, category, deletable, description, display_order, final_state, include_in_balance, manual_entered, needs_approval, next_state_link, nightly_batch, reversable, reversing_type, send_to_dbts, show_on_suspense, suspense_action) values (?, ?, ?, ?, ?, ?, ?, ?, ?, ?, ?, ?, ?, ?, ?, ?, ?, ?, ?)
Hibernate: SELECT COUNT(*) FROM opm.pay_trans_status_code_history WHERE id=? AND action=?
Hibernate: select paytransst0_.id as id1_49_0_, paytransst0_.deleted as deleted2_49_0_, paytransst0_.balanced_scorecard as balanced3_49_0_, paytransst0_.batch_processing_order as batch4_49_0_, paytransst0_.can_hit_gl as can5_49_0_, paytransst0_.category as category6_49_0_, paytransst0_.deletable as deletabl7_49_0_, paytransst0_.description as descript8_49_0_, paytransst0_.display_order as display9_49_0_, paytransst0_.final_state as final10_49_0_, paytransst0_.include_in_balance as include11_49_0_, paytransst0_.manual_entered as manual12_49_0_, paytransst0_.needs_approval as needs13_49_0_, paytransst0_.next_state_link as next14_49_0_, paytransst0_.nightly_batch as nightly15_49_0_, paytransst0_.reversable as reversa16_49_0_, paytransst0_.reversing_type as reversi17_49_0_, paytransst0_.send_to_dbts as send18_49_0_, paytransst0_.show_on_suspense as show19_49_0_, paytransst0_.suspense_action as suspens20_49_0_ from opm.pay_trans_status_code paytransst0_ where paytransst0_.id=?
Hibernate: update opm.pay_trans_status_code set deleted=?, balanced_scorecard=?, batch_processing_order=?, can_hit_gl=?, category=?, deletable=?, description=?, display_order=?, final_state=?, include_in_balance=?, manual_entered=?, needs_approval=?, next_state_link=?, nightly_batch=?, reversable=?, reversing_type=?, send_to_dbts=?, show_on_suspense=?, suspense_action=? where id=?
Hibernate: SELECT COUNT(*) FROM opm.pay_trans_status_code_history WHERE id=? AND action=?
Hibernate: delete from opm.pay_trans_status_code where id=?
Hibernate: select paytransst0_.id as id1_49_0_, paytransst0_.deleted as deleted2_49_0_, paytransst0_.balanced_scorecard as balanced3_49_0_, paytransst0_.batch_processing_order as batch4_49_0_, paytransst0_.can_hit_gl as can5_49_0_, paytransst0_.category as category6_49_0_, paytransst0_.deletable as deletabl7_49_0_, paytransst0_.description as descript8_49_0_, paytransst0_.display_order as display9_49_0_, paytransst0_.final_state as final10_49_0_, paytransst0_.include_in_balance as include11_49_0_, paytransst0_.manual_entered as manual12_49_0_, paytransst0_.needs_approval as needs13_49_0_, paytransst0_.next_state_link as next14_49_0_, paytransst0_.nightly_batch as nightly15_49_0_, paytransst0_.reversable as reversa16_49_0_, paytransst0_.reversing_type as reversi17_49_0_, paytransst0_.send_to_dbts as send18_49_0_, paytransst0_.show_on_suspense as show19_49_0_, paytransst0_.suspense_action as suspens20_49_0_ from opm.pay_trans_status_code paytransst0_ where paytransst0_.id=?
Hibernate: SELECT COUNT(*) FROM opm.pay_trans_status_code_history WHERE id=? AND action=?
Hibernate: DELETE FROM opm.batch_daily_payments
Hibernate: DELETE FROM opm.audit_batch
Hibernate: DELETE FROM opm.new_claim_number
Hibernate: DELETE FROM opm.annuitant_list
Hibernate: DELETE FROM opm.time_factor
Hibernate: DELETE FROM opm.contact_info
Hibernate: DELETE FROM opm.interest_suppression
Hibernate: DELETE FROM opm.gl_payment_type
Hibernate: DELETE FROM opm.scm_first_insert
Hibernate: DELETE FROM opm.holiday
Hibernate: DELETE FROM opm.deduction_rate
Hibernate: DELETE FROM opm.interest_grace_period
Hibernate: DELETE FROM opm.gl_code
Hibernate: DELETE FROM opm.claim_without_service
Hibernate: DELETE FROM opm.payment_transaction_note
Hibernate: DELETE FROM opm.payment_move_transaction
Hibernate: DELETE FROM opm.interest_rate
Hibernate: DELETE FROM opm.payment_interest_detail
Hibernate: DELETE FROM opm.adjustment_transaction
Hibernate: DELETE FROM opm.invoice
Hibernate: DELETE FROM opm.a01_print_suppression_case
Hibernate: DELETE FROM opm.user_account_assignment
Hibernate: DELETE FROM opm.payment_refund_link
Hibernate: DELETE FROM opm.role_permission
Hibernate: DELETE FROM opm.user_permission
Hibernate: DELETE FROM opm.service_credit_preference
Hibernate: DELETE FROM opm.account_confirmation_validation_entry
Hibernate: DELETE FROM opm.payment_reverse
Hibernate: DELETE FROM opm.payment
Hibernate: DELETE FROM opm.pay_trans_status_code
Hibernate: DELETE FROM opm.payments_applied_order_code
Hibernate: DELETE FROM opm.printout
Hibernate: DELETE FROM opm.related_help_items
Hibernate: DELETE FROM opm.help_item
Hibernate: DELETE FROM opm.notification_READBY
Hibernate: DELETE FROM opm.date_calculation_data
Hibernate: DELETE FROM opm.refund_transaction
Hibernate: DELETE FROM opm.audit_parameter_record
Hibernate: DELETE FROM opm.audit_record
Hibernate: DELETE FROM opm.dedeposit
Hibernate: DELETE FROM opm.redeposit
Hibernate: DELETE FROM opm.calculation_result_item
Hibernate: DELETE FROM opm.calculation
Hibernate: DELETE FROM opm.fers_redeposit
Hibernate: DELETE FROM opm.fers_deposit
Hibernate: DELETE FROM opm.calculation_version
Hibernate: DELETE FROM opm.calculation_result
Hibernate: DELETE FROM opm.summary_data
Hibernate: DELETE FROM opm.billing
Hibernate: DELETE FROM opm.account_note
Hibernate: DELETE FROM opm.account
Hibernate: DELETE FROM opm.account_confirmation_validation
Hibernate: DELETE FROM opm.billing_summary
Hibernate: DELETE FROM opm.account_holder
Hibernate: DELETE FROM opm.address
Hibernate: DELETE FROM opm.error
Hibernate: DELETE FROM opm.info
Hibernate: DELETE FROM opm.notification
Hibernate: DELETE FROM opm.app_user
Hibernate: DELETE FROM opm.batch_daily_payments_history
Hibernate: DELETE FROM opm.audit_batch_history
Hibernate: DELETE FROM opm.new_claim_number_history
Hibernate: DELETE FROM opm.annuitant_list_history
Hibernate: DELETE FROM opm.time_factor_history
Hibernate: DELETE FROM opm.contact_info_history
Hibernate: DELETE FROM opm.interest_suppression_history
Hibernate: DELETE FROM opm.gl_payment_type_history
Hibernate: DELETE FROM opm.scm_first_insert_history
Hibernate: DELETE FROM opm.holiday_history
Hibernate: DELETE FROM opm.deduction_rate_history
Hibernate: DELETE FROM opm.interest_grace_period_history
Hibernate: DELETE FROM opm.gl_code_history
Hibernate: DELETE FROM opm.claim_without_service_history
Hibernate: DELETE FROM opm.payment_transaction_note_history
Hibernate: DELETE FROM opm.payment_move_transaction_history
Hibernate: DELETE FROM opm.interest_rate_history
Hibernate: DELETE FROM opm.payment_interest_detail_history
Hibernate: DELETE FROM opm.adjustment_transaction_history
Hibernate: DELETE FROM opm.invoice_history
Hibernate: DELETE FROM opm.a01_print_suppression_case_history
Hibernate: DELETE FROM opm.user_account_assignment_history
Hibernate: DELETE FROM opm.payment_refund_link_history
Hibernate: DELETE FROM opm.payments_applied_order_code_history
Hibernate: DELETE FROM opm.service_credit_preference_history
Hibernate: DELETE FROM opm.account_confirmation_validation_entry_history
Hibernate: DELETE FROM opm.account_confirmation_validation_history
Hibernate: DELETE FROM opm.payment_reverse_history
Hibernate: DELETE FROM opm.payment_history
Hibernate: DELETE FROM opm.pay_trans_status_code_history
Hibernate: DELETE FROM opm.notification_READBY_history
Hibernate: DELETE FROM opm.refund_transaction_history
Hibernate: DELETE FROM opm.summary_data_history
Hibernate: DELETE FROM opm.dedeposit_history
Hibernate: DELETE FROM opm.redeposit_history
Hibernate: DELETE FROM opm.calculation_result_item_history
Hibernate: DELETE FROM opm.calculation_result_history
Hibernate: DELETE FROM opm.calculation_history
Hibernate: DELETE FROM opm.fers_redeposit_history
Hibernate: DELETE FROM opm.fers_deposit_history
Hibernate: DELETE FROM opm.calculation_version_history
Hibernate: DELETE FROM opm.billing_history
Hibernate: DELETE FROM opm.billing_summary_history
Hibernate: DELETE FROM opm.account_note_history
Hibernate: DELETE FROM opm.address_history
Hibernate: DELETE FROM opm.account_history
Hibernate: DELETE FROM opm.account_holder_history
Hibernate: DELETE FROM opm.error_history
Hibernate: DELETE FROM opm.info_history
Hibernate: DELETE FROM opm.notification_history
Hibernate: DELETE FROM opm.app_user_history
Hibernate: DELETE FROM opm.change_trans_field_number_code
Hibernate: DELETE FROM opm.pay_code
Hibernate: DELETE FROM opm.payment_applied_order
Hibernate: DELETE FROM opm.agency_code
Hibernate: DELETE FROM opm.calculation_status
Hibernate: DELETE FROM opm.transfer_type
Hibernate: DELETE FROM opm.user_status
Hibernate: DELETE FROM opm.claim_officer
Hibernate: DELETE FROM opm.payment_status
Hibernate: DELETE FROM opm.application_designation
Hibernate: DELETE FROM opm.payment_reversal_reason
Hibernate: DELETE FROM opm.pay_type
Hibernate: DELETE FROM opm.appointment_type
Hibernate: DELETE FROM opm.role
Hibernate: DELETE FROM opm.service_type
Hibernate: DELETE FROM opm.retirement_type
Hibernate: DELETE FROM opm.account_status
Hibernate: DELETE FROM opm.country
Hibernate: DELETE FROM opm.state
Hibernate: DELETE FROM opm.period_type
Hibernate: DELETE FROM opm.suffix
Hibernate: DELETE FROM opm.form_type
Hibernate: DELETE FROM opm.batch_daily_payments
Hibernate: DELETE FROM opm.audit_batch
Hibernate: DELETE FROM opm.new_claim_number
Hibernate: DELETE FROM opm.annuitant_list
Hibernate: DELETE FROM opm.time_factor
Hibernate: DELETE FROM opm.contact_info
Hibernate: DELETE FROM opm.interest_suppression
Hibernate: DELETE FROM opm.gl_payment_type
Hibernate: DELETE FROM opm.scm_first_insert
Hibernate: DELETE FROM opm.holiday
Hibernate: DELETE FROM opm.deduction_rate
Hibernate: DELETE FROM opm.interest_grace_period
Hibernate: DELETE FROM opm.gl_code
Hibernate: DELETE FROM opm.claim_without_service
Hibernate: DELETE FROM opm.payment_transaction_note
Hibernate: DELETE FROM opm.payment_move_transaction
Hibernate: DELETE FROM opm.interest_rate
Hibernate: DELETE FROM opm.payment_interest_detail
Hibernate: DELETE FROM opm.adjustment_transaction
Hibernate: DELETE FROM opm.invoice
Hibernate: DELETE FROM opm.a01_print_suppression_case
Hibernate: DELETE FROM opm.user_account_assignment
Hibernate: DELETE FROM opm.payment_refund_link
Hibernate: DELETE FROM opm.role_permission
Hibernate: DELETE FROM opm.user_permission
Hibernate: DELETE FROM opm.service_credit_preference
Hibernate: DELETE FROM opm.account_confirmation_validation_entry
Hibernate: DELETE FROM opm.payment_reverse
Hibernate: DELETE FROM opm.payment
Hibernate: DELETE FROM opm.pay_trans_status_code
Hibernate: DELETE FROM opm.payments_applied_order_code
Hibernate: DELETE FROM opm.printout
Hibernate: DELETE FROM opm.related_help_items
Hibernate: DELETE FROM opm.help_item
Hibernate: DELETE FROM opm.notification_READBY
Hibernate: DELETE FROM opm.date_calculation_data
Hibernate: DELETE FROM opm.refund_transaction
Hibernate: DELETE FROM opm.audit_parameter_record
Hibernate: DELETE FROM opm.audit_record
Hibernate: DELETE FROM opm.dedeposit
Hibernate: DELETE FROM opm.redeposit
Hibernate: DELETE FROM opm.calculation_result_item
Hibernate: DELETE FROM opm.calculation
Hibernate: DELETE FROM opm.fers_redeposit
Hibernate: DELETE FROM opm.fers_deposit
Hibernate: DELETE FROM opm.calculation_version
Hibernate: DELETE FROM opm.calculation_result
Hibernate: DELETE FROM opm.summary_data
Hibernate: DELETE FROM opm.billing
Hibernate: DELETE FROM opm.account_note
Hibernate: DELETE FROM opm.account
Hibernate: DELETE FROM opm.account_confirmation_validation
Hibernate: DELETE FROM opm.billing_summary
Hibernate: DELETE FROM opm.account_holder
Hibernate: DELETE FROM opm.address
Hibernate: DELETE FROM opm.error
Hibernate: DELETE FROM opm.info
Hibernate: DELETE FROM opm.notification
Hibernate: DELETE FROM opm.app_user
Hibernate: DELETE FROM opm.batch_daily_payments_history
Hibernate: DELETE FROM opm.audit_batch_history
Hibernate: DELETE FROM opm.new_claim_number_history
Hibernate: DELETE FROM opm.annuitant_list_history
Hibernate: DELETE FROM opm.time_factor_history
Hibernate: DELETE FROM opm.contact_info_history
Hibernate: DELETE FROM opm.interest_suppression_history
Hibernate: DELETE FROM opm.gl_payment_type_history
Hibernate: DELETE FROM opm.scm_first_insert_history
Hibernate: DELETE FROM opm.holiday_history
Hibernate: DELETE FROM opm.deduction_rate_history
Hibernate: DELETE FROM opm.interest_grace_period_history
Hibernate: DELETE FROM opm.gl_code_history
Hibernate: DELETE FROM opm.claim_without_service_history
Hibernate: DELETE FROM opm.payment_transaction_note_history
Hibernate: DELETE FROM opm.payment_move_transaction_history
Hibernate: DELETE FROM opm.interest_rate_history
Hibernate: DELETE FROM opm.payment_interest_detail_history
Hibernate: DELETE FROM opm.adjustment_transaction_history
Hibernate: DELETE FROM opm.invoice_history
Hibernate: DELETE FROM opm.a01_print_suppression_case_history
Hibernate: DELETE FROM opm.user_account_assignment_history
Hibernate: DELETE FROM opm.payment_refund_link_history
Hibernate: DELETE FROM opm.payments_applied_order_code_history
Hibernate: DELETE FROM opm.service_credit_preference_history
Hibernate: DELETE FROM opm.account_confirmation_validation_entry_history
Hibernate: DELETE FROM opm.account_confirmation_validation_history
Hibernate: DELETE FROM opm.payment_reverse_history
Hibernate: DELETE FROM opm.payment_history
Hibernate: DELETE FROM opm.pay_trans_status_code_history
Hibernate: DELETE FROM opm.notification_READBY_history
Hibernate: DELETE FROM opm.refund_transaction_history
Hibernate: DELETE FROM opm.summary_data_history
Hibernate: DELETE FROM opm.dedeposit_history
Hibernate: DELETE FROM opm.redeposit_history
Hibernate: DELETE FROM opm.calculation_result_item_history
Hibernate: DELETE FROM opm.calculation_result_history
Hibernate: DELETE FROM opm.calculation_history
Hibernate: DELETE FROM opm.fers_redeposit_history
Hibernate: DELETE FROM opm.fers_deposit_history
Hibernate: DELETE FROM opm.calculation_version_history
Hibernate: DELETE FROM opm.billing_history
Hibernate: DELETE FROM opm.billing_summary_history
Hibernate: DELETE FROM opm.account_note_history
Hibernate: DELETE FROM opm.address_history
Hibernate: DELETE FROM opm.account_history
Hibernate: DELETE FROM opm.account_holder_history
Hibernate: DELETE FROM opm.error_history
Hibernate: DELETE FROM opm.info_history
Hibernate: DELETE FROM opm.notification_history
Hibernate: DELETE FROM opm.app_user_history
Hibernate: DELETE FROM opm.change_trans_field_number_code
Hibernate: DELETE FROM opm.pay_code
Hibernate: DELETE FROM opm.payment_applied_order
Hibernate: DELETE FROM opm.agency_code
Hibernate: DELETE FROM opm.calculation_status
Hibernate: DELETE FROM opm.transfer_type
Hibernate: DELETE FROM opm.user_status
Hibernate: DELETE FROM opm.claim_officer
Hibernate: DELETE FROM opm.payment_status
Hibernate: DELETE FROM opm.application_designation
Hibernate: DELETE FROM opm.payment_reversal_reason
Hibernate: DELETE FROM opm.pay_type
Hibernate: DELETE FROM opm.appointment_type
Hibernate: DELETE FROM opm.role
Hibernate: DELETE FROM opm.service_type
Hibernate: DELETE FROM opm.retirement_type
Hibernate: DELETE FROM opm.account_status
Hibernate: DELETE FROM opm.country
Hibernate: DELETE FROM opm.state
Hibernate: DELETE FROM opm.period_type
Hibernate: DELETE FROM opm.suffix
Hibernate: DELETE FROM opm.form_type
Hibernate: insert into opm.change_trans_field_number_code (deleted, name, description) values (?, ?, ?)
Hibernate: select changetran0_.id as id1_25_0_, changetran0_.deleted as deleted2_25_0_, changetran0_.name as name3_25_0_, changetran0_.description as descript4_25_0_ from opm.change_trans_field_number_code changetran0_ where changetran0_.id=?
Hibernate: update opm.change_trans_field_number_code set deleted=?, name=?, description=? where id=?
Hibernate: delete from opm.change_trans_field_number_code where id=?
Hibernate: select changetran0_.id as id1_25_0_, changetran0_.deleted as deleted2_25_0_, changetran0_.name as name3_25_0_, changetran0_.description as descript4_25_0_ from opm.change_trans_field_number_code changetran0_ where changetran0_.id=?
Hibernate: DELETE FROM opm.batch_daily_payments
Hibernate: DELETE FROM opm.audit_batch
Hibernate: DELETE FROM opm.new_claim_number
Hibernate: DELETE FROM opm.annuitant_list
Hibernate: DELETE FROM opm.time_factor
Hibernate: DELETE FROM opm.contact_info
Hibernate: DELETE FROM opm.interest_suppression
Hibernate: DELETE FROM opm.gl_payment_type
Hibernate: DELETE FROM opm.scm_first_insert
Hibernate: DELETE FROM opm.holiday
Hibernate: DELETE FROM opm.deduction_rate
Hibernate: DELETE FROM opm.interest_grace_period
Hibernate: DELETE FROM opm.gl_code
Hibernate: DELETE FROM opm.claim_without_service
Hibernate: DELETE FROM opm.payment_transaction_note
Hibernate: DELETE FROM opm.payment_move_transaction
Hibernate: DELETE FROM opm.interest_rate
Hibernate: DELETE FROM opm.payment_interest_detail
Hibernate: DELETE FROM opm.adjustment_transaction
Hibernate: DELETE FROM opm.invoice
Hibernate: DELETE FROM opm.a01_print_suppression_case
Hibernate: DELETE FROM opm.user_account_assignment
Hibernate: DELETE FROM opm.payment_refund_link
Hibernate: DELETE FROM opm.role_permission
Hibernate: DELETE FROM opm.user_permission
Hibernate: DELETE FROM opm.service_credit_preference
Hibernate: DELETE FROM opm.account_confirmation_validation_entry
Hibernate: DELETE FROM opm.payment_reverse
Hibernate: DELETE FROM opm.payment
Hibernate: DELETE FROM opm.pay_trans_status_code
Hibernate: DELETE FROM opm.payments_applied_order_code
Hibernate: DELETE FROM opm.printout
Hibernate: DELETE FROM opm.related_help_items
Hibernate: DELETE FROM opm.help_item
Hibernate: DELETE FROM opm.notification_READBY
Hibernate: DELETE FROM opm.date_calculation_data
Hibernate: DELETE FROM opm.refund_transaction
Hibernate: DELETE FROM opm.audit_parameter_record
Hibernate: DELETE FROM opm.audit_record
Hibernate: DELETE FROM opm.dedeposit
Hibernate: DELETE FROM opm.redeposit
Hibernate: DELETE FROM opm.calculation_result_item
Hibernate: DELETE FROM opm.calculation
Hibernate: DELETE FROM opm.fers_redeposit
Hibernate: DELETE FROM opm.fers_deposit
Hibernate: DELETE FROM opm.calculation_version
Hibernate: DELETE FROM opm.calculation_result
Hibernate: DELETE FROM opm.summary_data
Hibernate: DELETE FROM opm.billing
Hibernate: DELETE FROM opm.account_note
Hibernate: DELETE FROM opm.account
Hibernate: DELETE FROM opm.account_confirmation_validation
Hibernate: DELETE FROM opm.billing_summary
Hibernate: DELETE FROM opm.account_holder
Hibernate: DELETE FROM opm.address
Hibernate: DELETE FROM opm.error
Hibernate: DELETE FROM opm.info
Hibernate: DELETE FROM opm.notification
Hibernate: DELETE FROM opm.app_user
Hibernate: DELETE FROM opm.batch_daily_payments_history
Hibernate: DELETE FROM opm.audit_batch_history
Hibernate: DELETE FROM opm.new_claim_number_history
Hibernate: DELETE FROM opm.annuitant_list_history
Hibernate: DELETE FROM opm.time_factor_history
Hibernate: DELETE FROM opm.contact_info_history
Hibernate: DELETE FROM opm.interest_suppression_history
Hibernate: DELETE FROM opm.gl_payment_type_history
Hibernate: DELETE FROM opm.scm_first_insert_history
Hibernate: DELETE FROM opm.holiday_history
Hibernate: DELETE FROM opm.deduction_rate_history
Hibernate: DELETE FROM opm.interest_grace_period_history
Hibernate: DELETE FROM opm.gl_code_history
Hibernate: DELETE FROM opm.claim_without_service_history
Hibernate: DELETE FROM opm.payment_transaction_note_history
Hibernate: DELETE FROM opm.payment_move_transaction_history
Hibernate: DELETE FROM opm.interest_rate_history
Hibernate: DELETE FROM opm.payment_interest_detail_history
Hibernate: DELETE FROM opm.adjustment_transaction_history
Hibernate: DELETE FROM opm.invoice_history
Hibernate: DELETE FROM opm.a01_print_suppression_case_history
Hibernate: DELETE FROM opm.user_account_assignment_history
Hibernate: DELETE FROM opm.payment_refund_link_history
Hibernate: DELETE FROM opm.payments_applied_order_code_history
Hibernate: DELETE FROM opm.service_credit_preference_history
Hibernate: DELETE FROM opm.account_confirmation_validation_entry_history
Hibernate: DELETE FROM opm.account_confirmation_validation_history
Hibernate: DELETE FROM opm.payment_reverse_history
Hibernate: DELETE FROM opm.payment_history
Hibernate: DELETE FROM opm.pay_trans_status_code_history
Hibernate: DELETE FROM opm.notification_READBY_history
Hibernate: DELETE FROM opm.refund_transaction_history
Hibernate: DELETE FROM opm.summary_data_history
Hibernate: DELETE FROM opm.dedeposit_history
Hibernate: DELETE FROM opm.redeposit_history
Hibernate: DELETE FROM opm.calculation_result_item_history
Hibernate: DELETE FROM opm.calculation_result_history
Hibernate: DELETE FROM opm.calculation_history
Hibernate: DELETE FROM opm.fers_redeposit_history
Hibernate: DELETE FROM opm.fers_deposit_history
Hibernate: DELETE FROM opm.calculation_version_history
Hibernate: DELETE FROM opm.billing_history
Hibernate: DELETE FROM opm.billing_summary_history
Hibernate: DELETE FROM opm.account_note_history
Hibernate: DELETE FROM opm.address_history
Hibernate: DELETE FROM opm.account_history
Hibernate: DELETE FROM opm.account_holder_history
Hibernate: DELETE FROM opm.error_history
Hibernate: DELETE FROM opm.info_history
Hibernate: DELETE FROM opm.notification_history
Hibernate: DELETE FROM opm.app_user_history
Hibernate: DELETE FROM opm.change_trans_field_number_code
Hibernate: DELETE FROM opm.pay_code
Hibernate: DELETE FROM opm.payment_applied_order
Hibernate: DELETE FROM opm.agency_code
Hibernate: DELETE FROM opm.calculation_status
Hibernate: DELETE FROM opm.transfer_type
Hibernate: DELETE FROM opm.user_status
Hibernate: DELETE FROM opm.claim_officer
Hibernate: DELETE FROM opm.payment_status
Hibernate: DELETE FROM opm.application_designation
Hibernate: DELETE FROM opm.payment_reversal_reason
Hibernate: DELETE FROM opm.pay_type
Hibernate: DELETE FROM opm.appointment_type
Hibernate: DELETE FROM opm.role
Hibernate: DELETE FROM opm.service_type
Hibernate: DELETE FROM opm.retirement_type
Hibernate: DELETE FROM opm.account_status
Hibernate: DELETE FROM opm.country
Hibernate: DELETE FROM opm.state
Hibernate: DELETE FROM opm.period_type
Hibernate: DELETE FROM opm.suffix
Hibernate: DELETE FROM opm.form_type
Hibernate: DELETE FROM opm.batch_daily_payments
Hibernate: DELETE FROM opm.audit_batch
Hibernate: DELETE FROM opm.new_claim_number
Hibernate: DELETE FROM opm.annuitant_list
Hibernate: DELETE FROM opm.time_factor
Hibernate: DELETE FROM opm.contact_info
Hibernate: DELETE FROM opm.interest_suppression
Hibernate: DELETE FROM opm.gl_payment_type
Hibernate: DELETE FROM opm.scm_first_insert
Hibernate: DELETE FROM opm.holiday
Hibernate: DELETE FROM opm.deduction_rate
Hibernate: DELETE FROM opm.interest_grace_period
Hibernate: DELETE FROM opm.gl_code
Hibernate: DELETE FROM opm.claim_without_service
Hibernate: DELETE FROM opm.payment_transaction_note
Hibernate: DELETE FROM opm.payment_move_transaction
Hibernate: DELETE FROM opm.interest_rate
Hibernate: DELETE FROM opm.payment_interest_detail
Hibernate: DELETE FROM opm.adjustment_transaction
Hibernate: DELETE FROM opm.invoice
Hibernate: DELETE FROM opm.a01_print_suppression_case
Hibernate: DELETE FROM opm.user_account_assignment
Hibernate: DELETE FROM opm.payment_refund_link
Hibernate: DELETE FROM opm.role_permission
Hibernate: DELETE FROM opm.user_permission
Hibernate: DELETE FROM opm.service_credit_preference
Hibernate: DELETE FROM opm.account_confirmation_validation_entry
Hibernate: DELETE FROM opm.payment_reverse
Hibernate: DELETE FROM opm.payment
Hibernate: DELETE FROM opm.pay_trans_status_code
Hibernate: DELETE FROM opm.payments_applied_order_code
Hibernate: DELETE FROM opm.printout
Hibernate: DELETE FROM opm.related_help_items
Hibernate: DELETE FROM opm.help_item
Hibernate: DELETE FROM opm.notification_READBY
Hibernate: DELETE FROM opm.date_calculation_data
Hibernate: DELETE FROM opm.refund_transaction
Hibernate: DELETE FROM opm.audit_parameter_record
Hibernate: DELETE FROM opm.audit_record
Hibernate: DELETE FROM opm.dedeposit
Hibernate: DELETE FROM opm.redeposit
Hibernate: DELETE FROM opm.calculation_result_item
Hibernate: DELETE FROM opm.calculation
Hibernate: DELETE FROM opm.fers_redeposit
Hibernate: DELETE FROM opm.fers_deposit
Hibernate: DELETE FROM opm.calculation_version
Hibernate: DELETE FROM opm.calculation_result
Hibernate: DELETE FROM opm.summary_data
Hibernate: DELETE FROM opm.billing
Hibernate: DELETE FROM opm.account_note
Hibernate: DELETE FROM opm.account
Hibernate: DELETE FROM opm.account_confirmation_validation
Hibernate: DELETE FROM opm.billing_summary
Hibernate: DELETE FROM opm.account_holder
Hibernate: DELETE FROM opm.address
Hibernate: DELETE FROM opm.error
Hibernate: DELETE FROM opm.info
Hibernate: DELETE FROM opm.notification
Hibernate: DELETE FROM opm.app_user
Hibernate: DELETE FROM opm.batch_daily_payments_history
Hibernate: DELETE FROM opm.audit_batch_history
Hibernate: DELETE FROM opm.new_claim_number_history
Hibernate: DELETE FROM opm.annuitant_list_history
Hibernate: DELETE FROM opm.time_factor_history
Hibernate: DELETE FROM opm.contact_info_history
Hibernate: DELETE FROM opm.interest_suppression_history
Hibernate: DELETE FROM opm.gl_payment_type_history
Hibernate: DELETE FROM opm.scm_first_insert_history
Hibernate: DELETE FROM opm.holiday_history
Hibernate: DELETE FROM opm.deduction_rate_history
Hibernate: DELETE FROM opm.interest_grace_period_history
Hibernate: DELETE FROM opm.gl_code_history
Hibernate: DELETE FROM opm.claim_without_service_history
Hibernate: DELETE FROM opm.payment_transaction_note_history
Hibernate: DELETE FROM opm.payment_move_transaction_history
Hibernate: DELETE FROM opm.interest_rate_history
Hibernate: DELETE FROM opm.payment_interest_detail_history
Hibernate: DELETE FROM opm.adjustment_transaction_history
Hibernate: DELETE FROM opm.invoice_history
Hibernate: DELETE FROM opm.a01_print_suppression_case_history
Hibernate: DELETE FROM opm.user_account_assignment_history
Hibernate: DELETE FROM opm.payment_refund_link_history
Hibernate: DELETE FROM opm.payments_applied_order_code_history
Hibernate: DELETE FROM opm.service_credit_preference_history
Hibernate: DELETE FROM opm.account_confirmation_validation_entry_history
Hibernate: DELETE FROM opm.account_confirmation_validation_history
Hibernate: DELETE FROM opm.payment_reverse_history
Hibernate: DELETE FROM opm.payment_history
Hibernate: DELETE FROM opm.pay_trans_status_code_history
Hibernate: DELETE FROM opm.notification_READBY_history
Hibernate: DELETE FROM opm.refund_transaction_history
Hibernate: DELETE FROM opm.summary_data_history
Hibernate: DELETE FROM opm.dedeposit_history
Hibernate: DELETE FROM opm.redeposit_history
Hibernate: DELETE FROM opm.calculation_result_item_history
Hibernate: DELETE FROM opm.calculation_result_history
Hibernate: DELETE FROM opm.calculation_history
Hibernate: DELETE FROM opm.fers_redeposit_history
Hibernate: DELETE FROM opm.fers_deposit_history
Hibernate: DELETE FROM opm.calculation_version_history
Hibernate: DELETE FROM opm.billing_history
Hibernate: DELETE FROM opm.billing_summary_history
Hibernate: DELETE FROM opm.account_note_history
Hibernate: DELETE FROM opm.address_history
Hibernate: DELETE FROM opm.account_history
Hibernate: DELETE FROM opm.account_holder_history
Hibernate: DELETE FROM opm.error_history
Hibernate: DELETE FROM opm.info_history
Hibernate: DELETE FROM opm.notification_history
Hibernate: DELETE FROM opm.app_user_history
Hibernate: DELETE FROM opm.change_trans_field_number_code
Hibernate: DELETE FROM opm.pay_code
Hibernate: DELETE FROM opm.payment_applied_order
Hibernate: DELETE FROM opm.agency_code
Hibernate: DELETE FROM opm.calculation_status
Hibernate: DELETE FROM opm.transfer_type
Hibernate: DELETE FROM opm.user_status
Hibernate: DELETE FROM opm.claim_officer
Hibernate: DELETE FROM opm.payment_status
Hibernate: DELETE FROM opm.application_designation
Hibernate: DELETE FROM opm.payment_reversal_reason
Hibernate: DELETE FROM opm.pay_type
Hibernate: DELETE FROM opm.appointment_type
Hibernate: DELETE FROM opm.role
Hibernate: DELETE FROM opm.service_type
Hibernate: DELETE FROM opm.retirement_type
Hibernate: DELETE FROM opm.account_status
Hibernate: DELETE FROM opm.country
Hibernate: DELETE FROM opm.state
Hibernate: DELETE FROM opm.period_type
Hibernate: DELETE FROM opm.suffix
Hibernate: DELETE FROM opm.form_type
Hibernate: insert into opm.payment_applied_order (deleted, name, display_order) values (?, ?, ?)
Hibernate: select paymentapp0_.id as id1_52_0_, paymentapp0_.deleted as deleted2_52_0_, paymentapp0_.name as name3_52_0_, paymentapp0_.display_order as display4_52_0_ from opm.payment_applied_order paymentapp0_ where paymentapp0_.id=?
Hibernate: update opm.payment_applied_order set deleted=?, name=?, display_order=? where id=?
Hibernate: delete from opm.payment_applied_order where id=?
Hibernate: select paymentapp0_.id as id1_52_0_, paymentapp0_.deleted as deleted2_52_0_, paymentapp0_.name as name3_52_0_, paymentapp0_.display_order as display4_52_0_ from opm.payment_applied_order paymentapp0_ where paymentapp0_.id=?
Hibernate: DELETE FROM opm.batch_daily_payments
Hibernate: DELETE FROM opm.audit_batch
Hibernate: DELETE FROM opm.new_claim_number
Hibernate: DELETE FROM opm.annuitant_list
Hibernate: DELETE FROM opm.time_factor
Hibernate: DELETE FROM opm.contact_info
Hibernate: DELETE FROM opm.interest_suppression
Hibernate: DELETE FROM opm.gl_payment_type
Hibernate: DELETE FROM opm.scm_first_insert
Hibernate: DELETE FROM opm.holiday
Hibernate: DELETE FROM opm.deduction_rate
Hibernate: DELETE FROM opm.interest_grace_period
Hibernate: DELETE FROM opm.gl_code
Hibernate: DELETE FROM opm.claim_without_service
Hibernate: DELETE FROM opm.payment_transaction_note
Hibernate: DELETE FROM opm.payment_move_transaction
Hibernate: DELETE FROM opm.interest_rate
Hibernate: DELETE FROM opm.payment_interest_detail
Hibernate: DELETE FROM opm.adjustment_transaction
Hibernate: DELETE FROM opm.invoice
Hibernate: DELETE FROM opm.a01_print_suppression_case
Hibernate: DELETE FROM opm.user_account_assignment
Hibernate: DELETE FROM opm.payment_refund_link
Hibernate: DELETE FROM opm.role_permission
Hibernate: DELETE FROM opm.user_permission
Hibernate: DELETE FROM opm.service_credit_preference
Hibernate: DELETE FROM opm.account_confirmation_validation_entry
Hibernate: DELETE FROM opm.payment_reverse
Hibernate: DELETE FROM opm.payment
Hibernate: DELETE FROM opm.pay_trans_status_code
Hibernate: DELETE FROM opm.payments_applied_order_code
Hibernate: DELETE FROM opm.printout
Hibernate: DELETE FROM opm.related_help_items
Hibernate: DELETE FROM opm.help_item
Hibernate: DELETE FROM opm.notification_READBY
Hibernate: DELETE FROM opm.date_calculation_data
Hibernate: DELETE FROM opm.refund_transaction
Hibernate: DELETE FROM opm.audit_parameter_record
Hibernate: DELETE FROM opm.audit_record
Hibernate: DELETE FROM opm.dedeposit
Hibernate: DELETE FROM opm.redeposit
Hibernate: DELETE FROM opm.calculation_result_item
Hibernate: DELETE FROM opm.calculation
Hibernate: DELETE FROM opm.fers_redeposit
Hibernate: DELETE FROM opm.fers_deposit
Hibernate: DELETE FROM opm.calculation_version
Hibernate: DELETE FROM opm.calculation_result
Hibernate: DELETE FROM opm.summary_data
Hibernate: DELETE FROM opm.billing
Hibernate: DELETE FROM opm.account_note
Hibernate: DELETE FROM opm.account
Hibernate: DELETE FROM opm.account_confirmation_validation
Hibernate: DELETE FROM opm.billing_summary
Hibernate: DELETE FROM opm.account_holder
Hibernate: DELETE FROM opm.address
Hibernate: DELETE FROM opm.error
Hibernate: DELETE FROM opm.info
Hibernate: DELETE FROM opm.notification
Hibernate: DELETE FROM opm.app_user
Hibernate: DELETE FROM opm.batch_daily_payments_history
Hibernate: DELETE FROM opm.audit_batch_history
Hibernate: DELETE FROM opm.new_claim_number_history
Hibernate: DELETE FROM opm.annuitant_list_history
Hibernate: DELETE FROM opm.time_factor_history
Hibernate: DELETE FROM opm.contact_info_history
Hibernate: DELETE FROM opm.interest_suppression_history
Hibernate: DELETE FROM opm.gl_payment_type_history
Hibernate: DELETE FROM opm.scm_first_insert_history
Hibernate: DELETE FROM opm.holiday_history
Hibernate: DELETE FROM opm.deduction_rate_history
Hibernate: DELETE FROM opm.interest_grace_period_history
Hibernate: DELETE FROM opm.gl_code_history
Hibernate: DELETE FROM opm.claim_without_service_history
Hibernate: DELETE FROM opm.payment_transaction_note_history
Hibernate: DELETE FROM opm.payment_move_transaction_history
Hibernate: DELETE FROM opm.interest_rate_history
Hibernate: DELETE FROM opm.payment_interest_detail_history
Hibernate: DELETE FROM opm.adjustment_transaction_history
Hibernate: DELETE FROM opm.invoice_history
Hibernate: DELETE FROM opm.a01_print_suppression_case_history
Hibernate: DELETE FROM opm.user_account_assignment_history
Hibernate: DELETE FROM opm.payment_refund_link_history
Hibernate: DELETE FROM opm.payments_applied_order_code_history
Hibernate: DELETE FROM opm.service_credit_preference_history
Hibernate: DELETE FROM opm.account_confirmation_validation_entry_history
Hibernate: DELETE FROM opm.account_confirmation_validation_history
Hibernate: DELETE FROM opm.payment_reverse_history
Hibernate: DELETE FROM opm.payment_history
Hibernate: DELETE FROM opm.pay_trans_status_code_history
Hibernate: DELETE FROM opm.notification_READBY_history
Hibernate: DELETE FROM opm.refund_transaction_history
Hibernate: DELETE FROM opm.summary_data_history
Hibernate: DELETE FROM opm.dedeposit_history
Hibernate: DELETE FROM opm.redeposit_history
Hibernate: DELETE FROM opm.calculation_result_item_history
Hibernate: DELETE FROM opm.calculation_result_history
Hibernate: DELETE FROM opm.calculation_history
Hibernate: DELETE FROM opm.fers_redeposit_history
Hibernate: DELETE FROM opm.fers_deposit_history
Hibernate: DELETE FROM opm.calculation_version_history
Hibernate: DELETE FROM opm.billing_history
Hibernate: DELETE FROM opm.billing_summary_history
Hibernate: DELETE FROM opm.account_note_history
Hibernate: DELETE FROM opm.address_history
Hibernate: DELETE FROM opm.account_history
Hibernate: DELETE FROM opm.account_holder_history
Hibernate: DELETE FROM opm.error_history
Hibernate: DELETE FROM opm.info_history
Hibernate: DELETE FROM opm.notification_history
Hibernate: DELETE FROM opm.app_user_history
Hibernate: DELETE FROM opm.change_trans_field_number_code
Hibernate: DELETE FROM opm.pay_code
Hibernate: DELETE FROM opm.payment_applied_order
Hibernate: DELETE FROM opm.agency_code
Hibernate: DELETE FROM opm.calculation_status
Hibernate: DELETE FROM opm.transfer_type
Hibernate: DELETE FROM opm.user_status
Hibernate: DELETE FROM opm.claim_officer
Hibernate: DELETE FROM opm.payment_status
Hibernate: DELETE FROM opm.application_designation
Hibernate: DELETE FROM opm.payment_reversal_reason
Hibernate: DELETE FROM opm.pay_type
Hibernate: DELETE FROM opm.appointment_type
Hibernate: DELETE FROM opm.role
Hibernate: DELETE FROM opm.service_type
Hibernate: DELETE FROM opm.retirement_type
Hibernate: DELETE FROM opm.account_status
Hibernate: DELETE FROM opm.country
Hibernate: DELETE FROM opm.state
Hibernate: DELETE FROM opm.period_type
Hibernate: DELETE FROM opm.suffix
Hibernate: DELETE FROM opm.form_type
Hibernate: DELETE FROM opm.batch_daily_payments
Hibernate: DELETE FROM opm.audit_batch
Hibernate: DELETE FROM opm.new_claim_number
Hibernate: DELETE FROM opm.annuitant_list
Hibernate: DELETE FROM opm.time_factor
Hibernate: DELETE FROM opm.contact_info
Hibernate: DELETE FROM opm.interest_suppression
Hibernate: DELETE FROM opm.gl_payment_type
Hibernate: DELETE FROM opm.scm_first_insert
Hibernate: DELETE FROM opm.holiday
Hibernate: DELETE FROM opm.deduction_rate
Hibernate: DELETE FROM opm.interest_grace_period
Hibernate: DELETE FROM opm.gl_code
Hibernate: DELETE FROM opm.claim_without_service
Hibernate: DELETE FROM opm.payment_transaction_note
Hibernate: DELETE FROM opm.payment_move_transaction
Hibernate: DELETE FROM opm.interest_rate
Hibernate: DELETE FROM opm.payment_interest_detail
Hibernate: DELETE FROM opm.adjustment_transaction
Hibernate: DELETE FROM opm.invoice
Hibernate: DELETE FROM opm.a01_print_suppression_case
Hibernate: DELETE FROM opm.user_account_assignment
Hibernate: DELETE FROM opm.payment_refund_link
Hibernate: DELETE FROM opm.role_permission
Hibernate: DELETE FROM opm.user_permission
Hibernate: DELETE FROM opm.service_credit_preference
Hibernate: DELETE FROM opm.account_confirmation_validation_entry
Hibernate: DELETE FROM opm.payment_reverse
Hibernate: DELETE FROM opm.payment
Hibernate: DELETE FROM opm.pay_trans_status_code
Hibernate: DELETE FROM opm.payments_applied_order_code
Hibernate: DELETE FROM opm.printout
Hibernate: DELETE FROM opm.related_help_items
Hibernate: DELETE FROM opm.help_item
Hibernate: DELETE FROM opm.notification_READBY
Hibernate: DELETE FROM opm.date_calculation_data
Hibernate: DELETE FROM opm.refund_transaction
Hibernate: DELETE FROM opm.audit_parameter_record
Hibernate: DELETE FROM opm.audit_record
Hibernate: DELETE FROM opm.dedeposit
Hibernate: DELETE FROM opm.redeposit
Hibernate: DELETE FROM opm.calculation_result_item
Hibernate: DELETE FROM opm.calculation
Hibernate: DELETE FROM opm.fers_redeposit
Hibernate: DELETE FROM opm.fers_deposit
Hibernate: DELETE FROM opm.calculation_version
Hibernate: DELETE FROM opm.calculation_result
Hibernate: DELETE FROM opm.summary_data
Hibernate: DELETE FROM opm.billing
Hibernate: DELETE FROM opm.account_note
Hibernate: DELETE FROM opm.account
Hibernate: DELETE FROM opm.account_confirmation_validation
Hibernate: DELETE FROM opm.billing_summary
Hibernate: DELETE FROM opm.account_holder
Hibernate: DELETE FROM opm.address
Hibernate: DELETE FROM opm.error
Hibernate: DELETE FROM opm.info
Hibernate: DELETE FROM opm.notification
Hibernate: DELETE FROM opm.app_user
Hibernate: DELETE FROM opm.batch_daily_payments_history
Hibernate: DELETE FROM opm.audit_batch_history
Hibernate: DELETE FROM opm.new_claim_number_history
Hibernate: DELETE FROM opm.annuitant_list_history
Hibernate: DELETE FROM opm.time_factor_history
Hibernate: DELETE FROM opm.contact_info_history
Hibernate: DELETE FROM opm.interest_suppression_history
Hibernate: DELETE FROM opm.gl_payment_type_history
Hibernate: DELETE FROM opm.scm_first_insert_history
Hibernate: DELETE FROM opm.holiday_history
Hibernate: DELETE FROM opm.deduction_rate_history
Hibernate: DELETE FROM opm.interest_grace_period_history
Hibernate: DELETE FROM opm.gl_code_history
Hibernate: DELETE FROM opm.claim_without_service_history
Hibernate: DELETE FROM opm.payment_transaction_note_history
Hibernate: DELETE FROM opm.payment_move_transaction_history
Hibernate: DELETE FROM opm.interest_rate_history
Hibernate: DELETE FROM opm.payment_interest_detail_history
Hibernate: DELETE FROM opm.adjustment_transaction_history
Hibernate: DELETE FROM opm.invoice_history
Hibernate: DELETE FROM opm.a01_print_suppression_case_history
Hibernate: DELETE FROM opm.user_account_assignment_history
Hibernate: DELETE FROM opm.payment_refund_link_history
Hibernate: DELETE FROM opm.payments_applied_order_code_history
Hibernate: DELETE FROM opm.service_credit_preference_history
Hibernate: DELETE FROM opm.account_confirmation_validation_entry_history
Hibernate: DELETE FROM opm.account_confirmation_validation_history
Hibernate: DELETE FROM opm.payment_reverse_history
Hibernate: DELETE FROM opm.payment_history
Hibernate: DELETE FROM opm.pay_trans_status_code_history
Hibernate: DELETE FROM opm.notification_READBY_history
Hibernate: DELETE FROM opm.refund_transaction_history
Hibernate: DELETE FROM opm.summary_data_history
Hibernate: DELETE FROM opm.dedeposit_history
Hibernate: DELETE FROM opm.redeposit_history
Hibernate: DELETE FROM opm.calculation_result_item_history
Hibernate: DELETE FROM opm.calculation_result_history
Hibernate: DELETE FROM opm.calculation_history
Hibernate: DELETE FROM opm.fers_redeposit_history
Hibernate: DELETE FROM opm.fers_deposit_history
Hibernate: DELETE FROM opm.calculation_version_history
Hibernate: DELETE FROM opm.billing_history
Hibernate: DELETE FROM opm.billing_summary_history
Hibernate: DELETE FROM opm.account_note_history
Hibernate: DELETE FROM opm.address_history
Hibernate: DELETE FROM opm.account_history
Hibernate: DELETE FROM opm.account_holder_history
Hibernate: DELETE FROM opm.error_history
Hibernate: DELETE FROM opm.info_history
Hibernate: DELETE FROM opm.notification_history
Hibernate: DELETE FROM opm.app_user_history
Hibernate: DELETE FROM opm.change_trans_field_number_code
Hibernate: DELETE FROM opm.pay_code
Hibernate: DELETE FROM opm.payment_applied_order
Hibernate: DELETE FROM opm.agency_code
Hibernate: DELETE FROM opm.calculation_status
Hibernate: DELETE FROM opm.transfer_type
Hibernate: DELETE FROM opm.user_status
Hibernate: DELETE FROM opm.claim_officer
Hibernate: DELETE FROM opm.payment_status
Hibernate: DELETE FROM opm.application_designation
Hibernate: DELETE FROM opm.payment_reversal_reason
Hibernate: DELETE FROM opm.pay_type
Hibernate: DELETE FROM opm.appointment_type
Hibernate: DELETE FROM opm.role
Hibernate: DELETE FROM opm.service_type
Hibernate: DELETE FROM opm.retirement_type
Hibernate: DELETE FROM opm.account_status
Hibernate: DELETE FROM opm.country
Hibernate: DELETE FROM opm.state
Hibernate: DELETE FROM opm.period_type
Hibernate: DELETE FROM opm.suffix
Hibernate: DELETE FROM opm.form_type
Hibernate: insert into opm.pay_code (deleted, name, description) values (?, ?, ?)
Hibernate: select paycode0_.id as id1_48_0_, paycode0_.deleted as deleted2_48_0_, paycode0_.name as name3_48_0_, paycode0_.description as descript4_48_0_ from opm.pay_code paycode0_ where paycode0_.id=?
Hibernate: update opm.pay_code set deleted=?, name=?, description=? where id=?
Hibernate: delete from opm.pay_code where id=?
Hibernate: select paycode0_.id as id1_48_0_, paycode0_.deleted as deleted2_48_0_, paycode0_.name as name3_48_0_, paycode0_.description as descript4_48_0_ from opm.pay_code paycode0_ where paycode0_.id=?
Hibernate: DELETE FROM opm.batch_daily_payments
Hibernate: DELETE FROM opm.audit_batch
Hibernate: DELETE FROM opm.new_claim_number
Hibernate: DELETE FROM opm.annuitant_list
Hibernate: DELETE FROM opm.time_factor
Hibernate: DELETE FROM opm.contact_info
Hibernate: DELETE FROM opm.interest_suppression
Hibernate: DELETE FROM opm.gl_payment_type
Hibernate: DELETE FROM opm.scm_first_insert
Hibernate: DELETE FROM opm.holiday
Hibernate: DELETE FROM opm.deduction_rate
Hibernate: DELETE FROM opm.interest_grace_period
Hibernate: DELETE FROM opm.gl_code
Hibernate: DELETE FROM opm.claim_without_service
Hibernate: DELETE FROM opm.payment_transaction_note
Hibernate: DELETE FROM opm.payment_move_transaction
Hibernate: DELETE FROM opm.interest_rate
Hibernate: DELETE FROM opm.payment_interest_detail
Hibernate: DELETE FROM opm.adjustment_transaction
Hibernate: DELETE FROM opm.invoice
Hibernate: DELETE FROM opm.a01_print_suppression_case
Hibernate: DELETE FROM opm.user_account_assignment
Hibernate: DELETE FROM opm.payment_refund_link
Hibernate: DELETE FROM opm.role_permission
Hibernate: DELETE FROM opm.user_permission
Hibernate: DELETE FROM opm.service_credit_preference
Hibernate: DELETE FROM opm.account_confirmation_validation_entry
Hibernate: DELETE FROM opm.payment_reverse
Hibernate: DELETE FROM opm.payment
Hibernate: DELETE FROM opm.pay_trans_status_code
Hibernate: DELETE FROM opm.payments_applied_order_code
Hibernate: DELETE FROM opm.printout
Hibernate: DELETE FROM opm.related_help_items
Hibernate: DELETE FROM opm.help_item
Hibernate: DELETE FROM opm.notification_READBY
Hibernate: DELETE FROM opm.date_calculation_data
Hibernate: DELETE FROM opm.refund_transaction
Hibernate: DELETE FROM opm.audit_parameter_record
Hibernate: DELETE FROM opm.audit_record
Hibernate: DELETE FROM opm.dedeposit
Hibernate: DELETE FROM opm.redeposit
Hibernate: DELETE FROM opm.calculation_result_item
Hibernate: DELETE FROM opm.calculation
Hibernate: DELETE FROM opm.fers_redeposit
Hibernate: DELETE FROM opm.fers_deposit
Hibernate: DELETE FROM opm.calculation_version
Hibernate: DELETE FROM opm.calculation_result
Hibernate: DELETE FROM opm.summary_data
Hibernate: DELETE FROM opm.billing
Hibernate: DELETE FROM opm.account_note
Hibernate: DELETE FROM opm.account
Hibernate: DELETE FROM opm.account_confirmation_validation
Hibernate: DELETE FROM opm.billing_summary
Hibernate: DELETE FROM opm.account_holder
Hibernate: DELETE FROM opm.address
Hibernate: DELETE FROM opm.error
Hibernate: DELETE FROM opm.info
Hibernate: DELETE FROM opm.notification
Hibernate: DELETE FROM opm.app_user
Hibernate: DELETE FROM opm.batch_daily_payments_history
Hibernate: DELETE FROM opm.audit_batch_history
Hibernate: DELETE FROM opm.new_claim_number_history
Hibernate: DELETE FROM opm.annuitant_list_history
Hibernate: DELETE FROM opm.time_factor_history
Hibernate: DELETE FROM opm.contact_info_history
Hibernate: DELETE FROM opm.interest_suppression_history
Hibernate: DELETE FROM opm.gl_payment_type_history
Hibernate: DELETE FROM opm.scm_first_insert_history
Hibernate: DELETE FROM opm.holiday_history
Hibernate: DELETE FROM opm.deduction_rate_history
Hibernate: DELETE FROM opm.interest_grace_period_history
Hibernate: DELETE FROM opm.gl_code_history
Hibernate: DELETE FROM opm.claim_without_service_history
Hibernate: DELETE FROM opm.payment_transaction_note_history
Hibernate: DELETE FROM opm.payment_move_transaction_history
Hibernate: DELETE FROM opm.interest_rate_history
Hibernate: DELETE FROM opm.payment_interest_detail_history
Hibernate: DELETE FROM opm.adjustment_transaction_history
Hibernate: DELETE FROM opm.invoice_history
Hibernate: DELETE FROM opm.a01_print_suppression_case_history
Hibernate: DELETE FROM opm.user_account_assignment_history
Hibernate: DELETE FROM opm.payment_refund_link_history
Hibernate: DELETE FROM opm.payments_applied_order_code_history
Hibernate: DELETE FROM opm.service_credit_preference_history
Hibernate: DELETE FROM opm.account_confirmation_validation_entry_history
Hibernate: DELETE FROM opm.account_confirmation_validation_history
Hibernate: DELETE FROM opm.payment_reverse_history
Hibernate: DELETE FROM opm.payment_history
Hibernate: DELETE FROM opm.pay_trans_status_code_history
Hibernate: DELETE FROM opm.notification_READBY_history
Hibernate: DELETE FROM opm.refund_transaction_history
Hibernate: DELETE FROM opm.summary_data_history
Hibernate: DELETE FROM opm.dedeposit_history
Hibernate: DELETE FROM opm.redeposit_history
Hibernate: DELETE FROM opm.calculation_result_item_history
Hibernate: DELETE FROM opm.calculation_result_history
Hibernate: DELETE FROM opm.calculation_history
Hibernate: DELETE FROM opm.fers_redeposit_history
Hibernate: DELETE FROM opm.fers_deposit_history
Hibernate: DELETE FROM opm.calculation_version_history
Hibernate: DELETE FROM opm.billing_history
Hibernate: DELETE FROM opm.billing_summary_history
Hibernate: DELETE FROM opm.account_note_history
Hibernate: DELETE FROM opm.address_history
Hibernate: DELETE FROM opm.account_history
Hibernate: DELETE FROM opm.account_holder_history
Hibernate: DELETE FROM opm.error_history
Hibernate: DELETE FROM opm.info_history
Hibernate: DELETE FROM opm.notification_history
Hibernate: DELETE FROM opm.app_user_history
Hibernate: DELETE FROM opm.change_trans_field_number_code
Hibernate: DELETE FROM opm.pay_code
Hibernate: DELETE FROM opm.payment_applied_order
Hibernate: DELETE FROM opm.agency_code
Hibernate: DELETE FROM opm.calculation_status
Hibernate: DELETE FROM opm.transfer_type
Hibernate: DELETE FROM opm.user_status
Hibernate: DELETE FROM opm.claim_officer
Hibernate: DELETE FROM opm.payment_status
Hibernate: DELETE FROM opm.application_designation
Hibernate: DELETE FROM opm.payment_reversal_reason
Hibernate: DELETE FROM opm.pay_type
Hibernate: DELETE FROM opm.appointment_type
Hibernate: DELETE FROM opm.role
Hibernate: DELETE FROM opm.service_type
Hibernate: DELETE FROM opm.retirement_type
Hibernate: DELETE FROM opm.account_status
Hibernate: DELETE FROM opm.country
Hibernate: DELETE FROM opm.state
Hibernate: DELETE FROM opm.period_type
Hibernate: DELETE FROM opm.suffix
Hibernate: DELETE FROM opm.form_type
Hibernate: DELETE FROM opm.batch_daily_payments
Hibernate: DELETE FROM opm.audit_batch
Hibernate: DELETE FROM opm.new_claim_number
Hibernate: DELETE FROM opm.annuitant_list
Hibernate: DELETE FROM opm.time_factor
Hibernate: DELETE FROM opm.contact_info
Hibernate: DELETE FROM opm.interest_suppression
Hibernate: DELETE FROM opm.gl_payment_type
Hibernate: DELETE FROM opm.scm_first_insert
Hibernate: DELETE FROM opm.holiday
Hibernate: DELETE FROM opm.deduction_rate
Hibernate: DELETE FROM opm.interest_grace_period
Hibernate: DELETE FROM opm.gl_code
Hibernate: DELETE FROM opm.claim_without_service
Hibernate: DELETE FROM opm.payment_transaction_note
Hibernate: DELETE FROM opm.payment_move_transaction
Hibernate: DELETE FROM opm.interest_rate
Hibernate: DELETE FROM opm.payment_interest_detail
Hibernate: DELETE FROM opm.adjustment_transaction
Hibernate: DELETE FROM opm.invoice
Hibernate: DELETE FROM opm.a01_print_suppression_case
Hibernate: DELETE FROM opm.user_account_assignment
Hibernate: DELETE FROM opm.payment_refund_link
Hibernate: DELETE FROM opm.role_permission
Hibernate: DELETE FROM opm.user_permission
Hibernate: DELETE FROM opm.service_credit_preference
Hibernate: DELETE FROM opm.account_confirmation_validation_entry
Hibernate: DELETE FROM opm.payment_reverse
Hibernate: DELETE FROM opm.payment
Hibernate: DELETE FROM opm.pay_trans_status_code
Hibernate: DELETE FROM opm.payments_applied_order_code
Hibernate: DELETE FROM opm.printout
Hibernate: DELETE FROM opm.related_help_items
Hibernate: DELETE FROM opm.help_item
Hibernate: DELETE FROM opm.notification_READBY
Hibernate: DELETE FROM opm.date_calculation_data
Hibernate: DELETE FROM opm.refund_transaction
Hibernate: DELETE FROM opm.audit_parameter_record
Hibernate: DELETE FROM opm.audit_record
Hibernate: DELETE FROM opm.dedeposit
Hibernate: DELETE FROM opm.redeposit
Hibernate: DELETE FROM opm.calculation_result_item
Hibernate: DELETE FROM opm.calculation
Hibernate: DELETE FROM opm.fers_redeposit
Hibernate: DELETE FROM opm.fers_deposit
Hibernate: DELETE FROM opm.calculation_version
Hibernate: DELETE FROM opm.calculation_result
Hibernate: DELETE FROM opm.summary_data
Hibernate: DELETE FROM opm.billing
Hibernate: DELETE FROM opm.account_note
Hibernate: DELETE FROM opm.account
Hibernate: DELETE FROM opm.account_confirmation_validation
Hibernate: DELETE FROM opm.billing_summary
Hibernate: DELETE FROM opm.account_holder
Hibernate: DELETE FROM opm.address
Hibernate: DELETE FROM opm.error
Hibernate: DELETE FROM opm.info
Hibernate: DELETE FROM opm.notification
Hibernate: DELETE FROM opm.app_user
Hibernate: DELETE FROM opm.batch_daily_payments_history
Hibernate: DELETE FROM opm.audit_batch_history
Hibernate: DELETE FROM opm.new_claim_number_history
Hibernate: DELETE FROM opm.annuitant_list_history
Hibernate: DELETE FROM opm.time_factor_history
Hibernate: DELETE FROM opm.contact_info_history
Hibernate: DELETE FROM opm.interest_suppression_history
Hibernate: DELETE FROM opm.gl_payment_type_history
Hibernate: DELETE FROM opm.scm_first_insert_history
Hibernate: DELETE FROM opm.holiday_history
Hibernate: DELETE FROM opm.deduction_rate_history
Hibernate: DELETE FROM opm.interest_grace_period_history
Hibernate: DELETE FROM opm.gl_code_history
Hibernate: DELETE FROM opm.claim_without_service_history
Hibernate: DELETE FROM opm.payment_transaction_note_history
Hibernate: DELETE FROM opm.payment_move_transaction_history
Hibernate: DELETE FROM opm.interest_rate_history
Hibernate: DELETE FROM opm.payment_interest_detail_history
Hibernate: DELETE FROM opm.adjustment_transaction_history
Hibernate: DELETE FROM opm.invoice_history
Hibernate: DELETE FROM opm.a01_print_suppression_case_history
Hibernate: DELETE FROM opm.user_account_assignment_history
Hibernate: DELETE FROM opm.payment_refund_link_history
Hibernate: DELETE FROM opm.payments_applied_order_code_history
Hibernate: DELETE FROM opm.service_credit_preference_history
Hibernate: DELETE FROM opm.account_confirmation_validation_entry_history
Hibernate: DELETE FROM opm.account_confirmation_validation_history
Hibernate: DELETE FROM opm.payment_reverse_history
Hibernate: DELETE FROM opm.payment_history
Hibernate: DELETE FROM opm.pay_trans_status_code_history
Hibernate: DELETE FROM opm.notification_READBY_history
Hibernate: DELETE FROM opm.refund_transaction_history
Hibernate: DELETE FROM opm.summary_data_history
Hibernate: DELETE FROM opm.dedeposit_history
Hibernate: DELETE FROM opm.redeposit_history
Hibernate: DELETE FROM opm.calculation_result_item_history
Hibernate: DELETE FROM opm.calculation_result_history
Hibernate: DELETE FROM opm.calculation_history
Hibernate: DELETE FROM opm.fers_redeposit_history
Hibernate: DELETE FROM opm.fers_deposit_history
Hibernate: DELETE FROM opm.calculation_version_history
Hibernate: DELETE FROM opm.billing_history
Hibernate: DELETE FROM opm.billing_summary_history
Hibernate: DELETE FROM opm.account_note_history
Hibernate: DELETE FROM opm.address_history
Hibernate: DELETE FROM opm.account_history
Hibernate: DELETE FROM opm.account_holder_history
Hibernate: DELETE FROM opm.error_history
Hibernate: DELETE FROM opm.info_history
Hibernate: DELETE FROM opm.notification_history
Hibernate: DELETE FROM opm.app_user_history
Hibernate: DELETE FROM opm.change_trans_field_number_code
Hibernate: DELETE FROM opm.pay_code
Hibernate: DELETE FROM opm.payment_applied_order
Hibernate: DELETE FROM opm.agency_code
Hibernate: DELETE FROM opm.calculation_status
Hibernate: DELETE FROM opm.transfer_type
Hibernate: DELETE FROM opm.user_status
Hibernate: DELETE FROM opm.claim_officer
Hibernate: DELETE FROM opm.payment_status
Hibernate: DELETE FROM opm.application_designation
Hibernate: DELETE FROM opm.payment_reversal_reason
Hibernate: DELETE FROM opm.pay_type
Hibernate: DELETE FROM opm.appointment_type
Hibernate: DELETE FROM opm.role
Hibernate: DELETE FROM opm.service_type
Hibernate: DELETE FROM opm.retirement_type
Hibernate: DELETE FROM opm.account_status
Hibernate: DELETE FROM opm.country
Hibernate: DELETE FROM opm.state
Hibernate: DELETE FROM opm.period_type
Hibernate: DELETE FROM opm.suffix
Hibernate: DELETE FROM opm.form_type
Hibernate: insert into opm.agency_code (deleted, name, display_order) values (?, ?, ?)
Hibernate: select agencycode0_.id as id1_9_0_, agencycode0_.deleted as deleted2_9_0_, agencycode0_.name as name3_9_0_, agencycode0_.display_order as display4_9_0_ from opm.agency_code agencycode0_ where agencycode0_.id=?
Hibernate: update opm.agency_code set deleted=?, name=?, display_order=? where id=?
Hibernate: delete from opm.agency_code where id=?
Hibernate: select agencycode0_.id as id1_9_0_, agencycode0_.deleted as deleted2_9_0_, agencycode0_.name as name3_9_0_, agencycode0_.display_order as display4_9_0_ from opm.agency_code agencycode0_ where agencycode0_.id=?
Hibernate: DELETE FROM opm.batch_daily_payments
Hibernate: DELETE FROM opm.audit_batch
Hibernate: DELETE FROM opm.new_claim_number
Hibernate: DELETE FROM opm.annuitant_list
Hibernate: DELETE FROM opm.time_factor
Hibernate: DELETE FROM opm.contact_info
Hibernate: DELETE FROM opm.interest_suppression
Hibernate: DELETE FROM opm.gl_payment_type
Hibernate: DELETE FROM opm.scm_first_insert
Hibernate: DELETE FROM opm.holiday
Hibernate: DELETE FROM opm.deduction_rate
Hibernate: DELETE FROM opm.interest_grace_period
Hibernate: DELETE FROM opm.gl_code
Hibernate: DELETE FROM opm.claim_without_service
Hibernate: DELETE FROM opm.payment_transaction_note
Hibernate: DELETE FROM opm.payment_move_transaction
Hibernate: DELETE FROM opm.interest_rate
Hibernate: DELETE FROM opm.payment_interest_detail
Hibernate: DELETE FROM opm.adjustment_transaction
Hibernate: DELETE FROM opm.invoice
Hibernate: DELETE FROM opm.a01_print_suppression_case
Hibernate: DELETE FROM opm.user_account_assignment
Hibernate: DELETE FROM opm.payment_refund_link
Hibernate: DELETE FROM opm.role_permission
Hibernate: DELETE FROM opm.user_permission
Hibernate: DELETE FROM opm.service_credit_preference
Hibernate: DELETE FROM opm.account_confirmation_validation_entry
Hibernate: DELETE FROM opm.payment_reverse
Hibernate: DELETE FROM opm.payment
Hibernate: DELETE FROM opm.pay_trans_status_code
Hibernate: DELETE FROM opm.payments_applied_order_code
Hibernate: DELETE FROM opm.printout
Hibernate: DELETE FROM opm.related_help_items
Hibernate: DELETE FROM opm.help_item
Hibernate: DELETE FROM opm.notification_READBY
Hibernate: DELETE FROM opm.date_calculation_data
Hibernate: DELETE FROM opm.refund_transaction
Hibernate: DELETE FROM opm.audit_parameter_record
Hibernate: DELETE FROM opm.audit_record
Hibernate: DELETE FROM opm.dedeposit
Hibernate: DELETE FROM opm.redeposit
Hibernate: DELETE FROM opm.calculation_result_item
Hibernate: DELETE FROM opm.calculation
Hibernate: DELETE FROM opm.fers_redeposit
Hibernate: DELETE FROM opm.fers_deposit
Hibernate: DELETE FROM opm.calculation_version
Hibernate: DELETE FROM opm.calculation_result
Hibernate: DELETE FROM opm.summary_data
Hibernate: DELETE FROM opm.billing
Hibernate: DELETE FROM opm.account_note
Hibernate: DELETE FROM opm.account
Hibernate: DELETE FROM opm.account_confirmation_validation
Hibernate: DELETE FROM opm.billing_summary
Hibernate: DELETE FROM opm.account_holder
Hibernate: DELETE FROM opm.address
Hibernate: DELETE FROM opm.error
Hibernate: DELETE FROM opm.info
Hibernate: DELETE FROM opm.notification
Hibernate: DELETE FROM opm.app_user
Hibernate: DELETE FROM opm.batch_daily_payments_history
Hibernate: DELETE FROM opm.audit_batch_history
Hibernate: DELETE FROM opm.new_claim_number_history
Hibernate: DELETE FROM opm.annuitant_list_history
Hibernate: DELETE FROM opm.time_factor_history
Hibernate: DELETE FROM opm.contact_info_history
Hibernate: DELETE FROM opm.interest_suppression_history
Hibernate: DELETE FROM opm.gl_payment_type_history
Hibernate: DELETE FROM opm.scm_first_insert_history
Hibernate: DELETE FROM opm.holiday_history
Hibernate: DELETE FROM opm.deduction_rate_history
Hibernate: DELETE FROM opm.interest_grace_period_history
Hibernate: DELETE FROM opm.gl_code_history
Hibernate: DELETE FROM opm.claim_without_service_history
Hibernate: DELETE FROM opm.payment_transaction_note_history
Hibernate: DELETE FROM opm.payment_move_transaction_history
Hibernate: DELETE FROM opm.interest_rate_history
Hibernate: DELETE FROM opm.payment_interest_detail_history
Hibernate: DELETE FROM opm.adjustment_transaction_history
Hibernate: DELETE FROM opm.invoice_history
Hibernate: DELETE FROM opm.a01_print_suppression_case_history
Hibernate: DELETE FROM opm.user_account_assignment_history
Hibernate: DELETE FROM opm.payment_refund_link_history
Hibernate: DELETE FROM opm.payments_applied_order_code_history
Hibernate: DELETE FROM opm.service_credit_preference_history
Hibernate: DELETE FROM opm.account_confirmation_validation_entry_history
Hibernate: DELETE FROM opm.account_confirmation_validation_history
Hibernate: DELETE FROM opm.payment_reverse_history
Hibernate: DELETE FROM opm.payment_history
Hibernate: DELETE FROM opm.pay_trans_status_code_history
Hibernate: DELETE FROM opm.notification_READBY_history
Hibernate: DELETE FROM opm.refund_transaction_history
Hibernate: DELETE FROM opm.summary_data_history
Hibernate: DELETE FROM opm.dedeposit_history
Hibernate: DELETE FROM opm.redeposit_history
Hibernate: DELETE FROM opm.calculation_result_item_history
Hibernate: DELETE FROM opm.calculation_result_history
Hibernate: DELETE FROM opm.calculation_history
Hibernate: DELETE FROM opm.fers_redeposit_history
Hibernate: DELETE FROM opm.fers_deposit_history
Hibernate: DELETE FROM opm.calculation_version_history
Hibernate: DELETE FROM opm.billing_history
Hibernate: DELETE FROM opm.billing_summary_history
Hibernate: DELETE FROM opm.account_note_history
Hibernate: DELETE FROM opm.address_history
Hibernate: DELETE FROM opm.account_history
Hibernate: DELETE FROM opm.account_holder_history
Hibernate: DELETE FROM opm.error_history
Hibernate: DELETE FROM opm.info_history
Hibernate: DELETE FROM opm.notification_history
Hibernate: DELETE FROM opm.app_user_history
Hibernate: DELETE FROM opm.change_trans_field_number_code
Hibernate: DELETE FROM opm.pay_code
Hibernate: DELETE FROM opm.payment_applied_order
Hibernate: DELETE FROM opm.agency_code
Hibernate: DELETE FROM opm.calculation_status
Hibernate: DELETE FROM opm.transfer_type
Hibernate: DELETE FROM opm.user_status
Hibernate: DELETE FROM opm.claim_officer
Hibernate: DELETE FROM opm.payment_status
Hibernate: DELETE FROM opm.application_designation
Hibernate: DELETE FROM opm.payment_reversal_reason
Hibernate: DELETE FROM opm.pay_type
Hibernate: DELETE FROM opm.appointment_type
Hibernate: DELETE FROM opm.role
Hibernate: DELETE FROM opm.service_type
Hibernate: DELETE FROM opm.retirement_type
Hibernate: DELETE FROM opm.account_status
Hibernate: DELETE FROM opm.country
Hibernate: DELETE FROM opm.state
Hibernate: DELETE FROM opm.period_type
Hibernate: DELETE FROM opm.suffix
Hibernate: DELETE FROM opm.form_type
Hibernate: DELETE FROM opm.batch_daily_payments
Hibernate: DELETE FROM opm.audit_batch
Hibernate: DELETE FROM opm.new_claim_number
Hibernate: DELETE FROM opm.annuitant_list
Hibernate: DELETE FROM opm.time_factor
Hibernate: DELETE FROM opm.contact_info
Hibernate: DELETE FROM opm.interest_suppression
Hibernate: DELETE FROM opm.gl_payment_type
Hibernate: DELETE FROM opm.scm_first_insert
Hibernate: DELETE FROM opm.holiday
Hibernate: DELETE FROM opm.deduction_rate
Hibernate: DELETE FROM opm.interest_grace_period
Hibernate: DELETE FROM opm.gl_code
Hibernate: DELETE FROM opm.claim_without_service
Hibernate: DELETE FROM opm.payment_transaction_note
Hibernate: DELETE FROM opm.payment_move_transaction
Hibernate: DELETE FROM opm.interest_rate
Hibernate: DELETE FROM opm.payment_interest_detail
Hibernate: DELETE FROM opm.adjustment_transaction
Hibernate: DELETE FROM opm.invoice
Hibernate: DELETE FROM opm.a01_print_suppression_case
Hibernate: DELETE FROM opm.user_account_assignment
Hibernate: DELETE FROM opm.payment_refund_link
Hibernate: DELETE FROM opm.role_permission
Hibernate: DELETE FROM opm.user_permission
Hibernate: DELETE FROM opm.service_credit_preference
Hibernate: DELETE FROM opm.account_confirmation_validation_entry
Hibernate: DELETE FROM opm.payment_reverse
Hibernate: DELETE FROM opm.payment
Hibernate: DELETE FROM opm.pay_trans_status_code
Hibernate: DELETE FROM opm.payments_applied_order_code
Hibernate: DELETE FROM opm.printout
Hibernate: DELETE FROM opm.related_help_items
Hibernate: DELETE FROM opm.help_item
Hibernate: DELETE FROM opm.notification_READBY
Hibernate: DELETE FROM opm.date_calculation_data
Hibernate: DELETE FROM opm.refund_transaction
Hibernate: DELETE FROM opm.audit_parameter_record
Hibernate: DELETE FROM opm.audit_record
Hibernate: DELETE FROM opm.dedeposit
Hibernate: DELETE FROM opm.redeposit
Hibernate: DELETE FROM opm.calculation_result_item
Hibernate: DELETE FROM opm.calculation
Hibernate: DELETE FROM opm.fers_redeposit
Hibernate: DELETE FROM opm.fers_deposit
Hibernate: DELETE FROM opm.calculation_version
Hibernate: DELETE FROM opm.calculation_result
Hibernate: DELETE FROM opm.summary_data
Hibernate: DELETE FROM opm.billing
Hibernate: DELETE FROM opm.account_note
Hibernate: DELETE FROM opm.account
Hibernate: DELETE FROM opm.account_confirmation_validation
Hibernate: DELETE FROM opm.billing_summary
Hibernate: DELETE FROM opm.account_holder
Hibernate: DELETE FROM opm.address
Hibernate: DELETE FROM opm.error
Hibernate: DELETE FROM opm.info
Hibernate: DELETE FROM opm.notification
Hibernate: DELETE FROM opm.app_user
Hibernate: DELETE FROM opm.batch_daily_payments_history
Hibernate: DELETE FROM opm.audit_batch_history
Hibernate: DELETE FROM opm.new_claim_number_history
Hibernate: DELETE FROM opm.annuitant_list_history
Hibernate: DELETE FROM opm.time_factor_history
Hibernate: DELETE FROM opm.contact_info_history
Hibernate: DELETE FROM opm.interest_suppression_history
Hibernate: DELETE FROM opm.gl_payment_type_history
Hibernate: DELETE FROM opm.scm_first_insert_history
Hibernate: DELETE FROM opm.holiday_history
Hibernate: DELETE FROM opm.deduction_rate_history
Hibernate: DELETE FROM opm.interest_grace_period_history
Hibernate: DELETE FROM opm.gl_code_history
Hibernate: DELETE FROM opm.claim_without_service_history
Hibernate: DELETE FROM opm.payment_transaction_note_history
Hibernate: DELETE FROM opm.payment_move_transaction_history
Hibernate: DELETE FROM opm.interest_rate_history
Hibernate: DELETE FROM opm.payment_interest_detail_history
Hibernate: DELETE FROM opm.adjustment_transaction_history
Hibernate: DELETE FROM opm.invoice_history
Hibernate: DELETE FROM opm.a01_print_suppression_case_history
Hibernate: DELETE FROM opm.user_account_assignment_history
Hibernate: DELETE FROM opm.payment_refund_link_history
Hibernate: DELETE FROM opm.payments_applied_order_code_history
Hibernate: DELETE FROM opm.service_credit_preference_history
Hibernate: DELETE FROM opm.account_confirmation_validation_entry_history
Hibernate: DELETE FROM opm.account_confirmation_validation_history
Hibernate: DELETE FROM opm.payment_reverse_history
Hibernate: DELETE FROM opm.payment_history
Hibernate: DELETE FROM opm.pay_trans_status_code_history
Hibernate: DELETE FROM opm.notification_READBY_history
Hibernate: DELETE FROM opm.refund_transaction_history
Hibernate: DELETE FROM opm.summary_data_history
Hibernate: DELETE FROM opm.dedeposit_history
Hibernate: DELETE FROM opm.redeposit_history
Hibernate: DELETE FROM opm.calculation_result_item_history
Hibernate: DELETE FROM opm.calculation_result_history
Hibernate: DELETE FROM opm.calculation_history
Hibernate: DELETE FROM opm.fers_redeposit_history
Hibernate: DELETE FROM opm.fers_deposit_history
Hibernate: DELETE FROM opm.calculation_version_history
Hibernate: DELETE FROM opm.billing_history
Hibernate: DELETE FROM opm.billing_summary_history
Hibernate: DELETE FROM opm.account_note_history
Hibernate: DELETE FROM opm.address_history
Hibernate: DELETE FROM opm.account_history
Hibernate: DELETE FROM opm.account_holder_history
Hibernate: DELETE FROM opm.error_history
Hibernate: DELETE FROM opm.info_history
Hibernate: DELETE FROM opm.notification_history
Hibernate: DELETE FROM opm.app_user_history
Hibernate: DELETE FROM opm.change_trans_field_number_code
Hibernate: DELETE FROM opm.pay_code
Hibernate: DELETE FROM opm.payment_applied_order
Hibernate: DELETE FROM opm.agency_code
Hibernate: DELETE FROM opm.calculation_status
Hibernate: DELETE FROM opm.transfer_type
Hibernate: DELETE FROM opm.user_status
Hibernate: DELETE FROM opm.claim_officer
Hibernate: DELETE FROM opm.payment_status
Hibernate: DELETE FROM opm.application_designation
Hibernate: DELETE FROM opm.payment_reversal_reason
Hibernate: DELETE FROM opm.pay_type
Hibernate: DELETE FROM opm.appointment_type
Hibernate: DELETE FROM opm.role
Hibernate: DELETE FROM opm.service_type
Hibernate: DELETE FROM opm.retirement_type
Hibernate: DELETE FROM opm.account_status
Hibernate: DELETE FROM opm.country
Hibernate: DELETE FROM opm.state
Hibernate: DELETE FROM opm.period_type
Hibernate: DELETE FROM opm.suffix
Hibernate: DELETE FROM opm.form_type
Hibernate: insert into opm.form_type (deleted, name) values (?, ?)
Hibernate: select formtype0_.id as id1_35_0_, formtype0_.deleted as deleted2_35_0_, formtype0_.name as name3_35_0_ from opm.form_type formtype0_ where formtype0_.id=?
Hibernate: update opm.form_type set deleted=?, name=? where id=?
Hibernate: delete from opm.form_type where id=?
Hibernate: select formtype0_.id as id1_35_0_, formtype0_.deleted as deleted2_35_0_, formtype0_.name as name3_35_0_ from opm.form_type formtype0_ where formtype0_.id=?
Hibernate: DELETE FROM opm.batch_daily_payments
Hibernate: DELETE FROM opm.audit_batch
Hibernate: DELETE FROM opm.new_claim_number
Hibernate: DELETE FROM opm.annuitant_list
Hibernate: DELETE FROM opm.time_factor
Hibernate: DELETE FROM opm.contact_info
Hibernate: DELETE FROM opm.interest_suppression
Hibernate: DELETE FROM opm.gl_payment_type
Hibernate: DELETE FROM opm.scm_first_insert
Hibernate: DELETE FROM opm.holiday
Hibernate: DELETE FROM opm.deduction_rate
Hibernate: DELETE FROM opm.interest_grace_period
Hibernate: DELETE FROM opm.gl_code
Hibernate: DELETE FROM opm.claim_without_service
Hibernate: DELETE FROM opm.payment_transaction_note
Hibernate: DELETE FROM opm.payment_move_transaction
Hibernate: DELETE FROM opm.interest_rate
Hibernate: DELETE FROM opm.payment_interest_detail
Hibernate: DELETE FROM opm.adjustment_transaction
Hibernate: DELETE FROM opm.invoice
Hibernate: DELETE FROM opm.a01_print_suppression_case
Hibernate: DELETE FROM opm.user_account_assignment
Hibernate: DELETE FROM opm.payment_refund_link
Hibernate: DELETE FROM opm.role_permission
Hibernate: DELETE FROM opm.user_permission
Hibernate: DELETE FROM opm.service_credit_preference
Hibernate: DELETE FROM opm.account_confirmation_validation_entry
Hibernate: DELETE FROM opm.payment_reverse
Hibernate: DELETE FROM opm.payment
Hibernate: DELETE FROM opm.pay_trans_status_code
Hibernate: DELETE FROM opm.payments_applied_order_code
Hibernate: DELETE FROM opm.printout
Hibernate: DELETE FROM opm.related_help_items
Hibernate: DELETE FROM opm.help_item
Hibernate: DELETE FROM opm.notification_READBY
Hibernate: DELETE FROM opm.date_calculation_data
Hibernate: DELETE FROM opm.refund_transaction
Hibernate: DELETE FROM opm.audit_parameter_record
Hibernate: DELETE FROM opm.audit_record
Hibernate: DELETE FROM opm.dedeposit
Hibernate: DELETE FROM opm.redeposit
Hibernate: DELETE FROM opm.calculation_result_item
Hibernate: DELETE FROM opm.calculation
Hibernate: DELETE FROM opm.fers_redeposit
Hibernate: DELETE FROM opm.fers_deposit
Hibernate: DELETE FROM opm.calculation_version
Hibernate: DELETE FROM opm.calculation_result
Hibernate: DELETE FROM opm.summary_data
Hibernate: DELETE FROM opm.billing
Hibernate: DELETE FROM opm.account_note
Hibernate: DELETE FROM opm.account
Hibernate: DELETE FROM opm.account_confirmation_validation
Hibernate: DELETE FROM opm.billing_summary
Hibernate: DELETE FROM opm.account_holder
Hibernate: DELETE FROM opm.address
Hibernate: DELETE FROM opm.error
Hibernate: DELETE FROM opm.info
Hibernate: DELETE FROM opm.notification
Hibernate: DELETE FROM opm.app_user
Hibernate: DELETE FROM opm.batch_daily_payments_history
Hibernate: DELETE FROM opm.audit_batch_history
Hibernate: DELETE FROM opm.new_claim_number_history
Hibernate: DELETE FROM opm.annuitant_list_history
Hibernate: DELETE FROM opm.time_factor_history
Hibernate: DELETE FROM opm.contact_info_history
Hibernate: DELETE FROM opm.interest_suppression_history
Hibernate: DELETE FROM opm.gl_payment_type_history
Hibernate: DELETE FROM opm.scm_first_insert_history
Hibernate: DELETE FROM opm.holiday_history
Hibernate: DELETE FROM opm.deduction_rate_history
Hibernate: DELETE FROM opm.interest_grace_period_history
Hibernate: DELETE FROM opm.gl_code_history
Hibernate: DELETE FROM opm.claim_without_service_history
Hibernate: DELETE FROM opm.payment_transaction_note_history
Hibernate: DELETE FROM opm.payment_move_transaction_history
Hibernate: DELETE FROM opm.interest_rate_history
Hibernate: DELETE FROM opm.payment_interest_detail_history
Hibernate: DELETE FROM opm.adjustment_transaction_history
Hibernate: DELETE FROM opm.invoice_history
Hibernate: DELETE FROM opm.a01_print_suppression_case_history
Hibernate: DELETE FROM opm.user_account_assignment_history
Hibernate: DELETE FROM opm.payment_refund_link_history
Hibernate: DELETE FROM opm.payments_applied_order_code_history
Hibernate: DELETE FROM opm.service_credit_preference_history
Hibernate: DELETE FROM opm.account_confirmation_validation_entry_history
Hibernate: DELETE FROM opm.account_confirmation_validation_history
Hibernate: DELETE FROM opm.payment_reverse_history
Hibernate: DELETE FROM opm.payment_history
Hibernate: DELETE FROM opm.pay_trans_status_code_history
Hibernate: DELETE FROM opm.notification_READBY_history
Hibernate: DELETE FROM opm.refund_transaction_history
Hibernate: DELETE FROM opm.summary_data_history
Hibernate: DELETE FROM opm.dedeposit_history
Hibernate: DELETE FROM opm.redeposit_history
Hibernate: DELETE FROM opm.calculation_result_item_history
Hibernate: DELETE FROM opm.calculation_result_history
Hibernate: DELETE FROM opm.calculation_history
Hibernate: DELETE FROM opm.fers_redeposit_history
Hibernate: DELETE FROM opm.fers_deposit_history
Hibernate: DELETE FROM opm.calculation_version_history
Hibernate: DELETE FROM opm.billing_history
Hibernate: DELETE FROM opm.billing_summary_history
Hibernate: DELETE FROM opm.account_note_history
Hibernate: DELETE FROM opm.address_history
Hibernate: DELETE FROM opm.account_history
Hibernate: DELETE FROM opm.account_holder_history
Hibernate: DELETE FROM opm.error_history
Hibernate: DELETE FROM opm.info_history
Hibernate: DELETE FROM opm.notification_history
Hibernate: DELETE FROM opm.app_user_history
Hibernate: DELETE FROM opm.change_trans_field_number_code
Hibernate: DELETE FROM opm.pay_code
Hibernate: DELETE FROM opm.payment_applied_order
Hibernate: DELETE FROM opm.agency_code
Hibernate: DELETE FROM opm.calculation_status
Hibernate: DELETE FROM opm.transfer_type
Hibernate: DELETE FROM opm.user_status
Hibernate: DELETE FROM opm.claim_officer
Hibernate: DELETE FROM opm.payment_status
Hibernate: DELETE FROM opm.application_designation
Hibernate: DELETE FROM opm.payment_reversal_reason
Hibernate: DELETE FROM opm.pay_type
Hibernate: DELETE FROM opm.appointment_type
Hibernate: DELETE FROM opm.role
Hibernate: DELETE FROM opm.service_type
Hibernate: DELETE FROM opm.retirement_type
Hibernate: DELETE FROM opm.account_status
Hibernate: DELETE FROM opm.country
Hibernate: DELETE FROM opm.state
Hibernate: DELETE FROM opm.period_type
Hibernate: DELETE FROM opm.suffix
Hibernate: DELETE FROM opm.form_type
Hibernate: DELETE FROM opm.batch_daily_payments
Hibernate: DELETE FROM opm.audit_batch
Hibernate: DELETE FROM opm.new_claim_number
Hibernate: DELETE FROM opm.annuitant_list
Hibernate: DELETE FROM opm.time_factor
Hibernate: DELETE FROM opm.contact_info
Hibernate: DELETE FROM opm.interest_suppression
Hibernate: DELETE FROM opm.gl_payment_type
Hibernate: DELETE FROM opm.scm_first_insert
Hibernate: DELETE FROM opm.holiday
Hibernate: DELETE FROM opm.deduction_rate
Hibernate: DELETE FROM opm.interest_grace_period
Hibernate: DELETE FROM opm.gl_code
Hibernate: DELETE FROM opm.claim_without_service
Hibernate: DELETE FROM opm.payment_transaction_note
Hibernate: DELETE FROM opm.payment_move_transaction
Hibernate: DELETE FROM opm.interest_rate
Hibernate: DELETE FROM opm.payment_interest_detail
Hibernate: DELETE FROM opm.adjustment_transaction
Hibernate: DELETE FROM opm.invoice
Hibernate: DELETE FROM opm.a01_print_suppression_case
Hibernate: DELETE FROM opm.user_account_assignment
Hibernate: DELETE FROM opm.payment_refund_link
Hibernate: DELETE FROM opm.role_permission
Hibernate: DELETE FROM opm.user_permission
Hibernate: DELETE FROM opm.service_credit_preference
Hibernate: DELETE FROM opm.account_confirmation_validation_entry
Hibernate: DELETE FROM opm.payment_reverse
Hibernate: DELETE FROM opm.payment
Hibernate: DELETE FROM opm.pay_trans_status_code
Hibernate: DELETE FROM opm.payments_applied_order_code
Hibernate: DELETE FROM opm.printout
Hibernate: DELETE FROM opm.related_help_items
Hibernate: DELETE FROM opm.help_item
Hibernate: DELETE FROM opm.notification_READBY
Hibernate: DELETE FROM opm.date_calculation_data
Hibernate: DELETE FROM opm.refund_transaction
Hibernate: DELETE FROM opm.audit_parameter_record
Hibernate: DELETE FROM opm.audit_record
Hibernate: DELETE FROM opm.dedeposit
Hibernate: DELETE FROM opm.redeposit
Hibernate: DELETE FROM opm.calculation_result_item
Hibernate: DELETE FROM opm.calculation
Hibernate: DELETE FROM opm.fers_redeposit
Hibernate: DELETE FROM opm.fers_deposit
Hibernate: DELETE FROM opm.calculation_version
Hibernate: DELETE FROM opm.calculation_result
Hibernate: DELETE FROM opm.summary_data
Hibernate: DELETE FROM opm.billing
Hibernate: DELETE FROM opm.account_note
Hibernate: DELETE FROM opm.account
Hibernate: DELETE FROM opm.account_confirmation_validation
Hibernate: DELETE FROM opm.billing_summary
Hibernate: DELETE FROM opm.account_holder
Hibernate: DELETE FROM opm.address
Hibernate: DELETE FROM opm.error
Hibernate: DELETE FROM opm.info
Hibernate: DELETE FROM opm.notification
Hibernate: DELETE FROM opm.app_user
Hibernate: DELETE FROM opm.batch_daily_payments_history
Hibernate: DELETE FROM opm.audit_batch_history
Hibernate: DELETE FROM opm.new_claim_number_history
Hibernate: DELETE FROM opm.annuitant_list_history
Hibernate: DELETE FROM opm.time_factor_history
Hibernate: DELETE FROM opm.contact_info_history
Hibernate: DELETE FROM opm.interest_suppression_history
Hibernate: DELETE FROM opm.gl_payment_type_history
Hibernate: DELETE FROM opm.scm_first_insert_history
Hibernate: DELETE FROM opm.holiday_history
Hibernate: DELETE FROM opm.deduction_rate_history
Hibernate: DELETE FROM opm.interest_grace_period_history
Hibernate: DELETE FROM opm.gl_code_history
Hibernate: DELETE FROM opm.claim_without_service_history
Hibernate: DELETE FROM opm.payment_transaction_note_history
Hibernate: DELETE FROM opm.payment_move_transaction_history
Hibernate: DELETE FROM opm.interest_rate_history
Hibernate: DELETE FROM opm.payment_interest_detail_history
Hibernate: DELETE FROM opm.adjustment_transaction_history
Hibernate: DELETE FROM opm.invoice_history
Hibernate: DELETE FROM opm.a01_print_suppression_case_history
Hibernate: DELETE FROM opm.user_account_assignment_history
Hibernate: DELETE FROM opm.payment_refund_link_history
Hibernate: DELETE FROM opm.payments_applied_order_code_history
Hibernate: DELETE FROM opm.service_credit_preference_history
Hibernate: DELETE FROM opm.account_confirmation_validation_entry_history
Hibernate: DELETE FROM opm.account_confirmation_validation_history
Hibernate: DELETE FROM opm.payment_reverse_history
Hibernate: DELETE FROM opm.payment_history
Hibernate: DELETE FROM opm.pay_trans_status_code_history
Hibernate: DELETE FROM opm.notification_READBY_history
Hibernate: DELETE FROM opm.refund_transaction_history
Hibernate: DELETE FROM opm.summary_data_history
Hibernate: DELETE FROM opm.dedeposit_history
Hibernate: DELETE FROM opm.redeposit_history
Hibernate: DELETE FROM opm.calculation_result_item_history
Hibernate: DELETE FROM opm.calculation_result_history
Hibernate: DELETE FROM opm.calculation_history
Hibernate: DELETE FROM opm.fers_redeposit_history
Hibernate: DELETE FROM opm.fers_deposit_history
Hibernate: DELETE FROM opm.calculation_version_history
Hibernate: DELETE FROM opm.billing_history
Hibernate: DELETE FROM opm.billing_summary_history
Hibernate: DELETE FROM opm.account_note_history
Hibernate: DELETE FROM opm.address_history
Hibernate: DELETE FROM opm.account_history
Hibernate: DELETE FROM opm.account_holder_history
Hibernate: DELETE FROM opm.error_history
Hibernate: DELETE FROM opm.info_history
Hibernate: DELETE FROM opm.notification_history
Hibernate: DELETE FROM opm.app_user_history
Hibernate: DELETE FROM opm.change_trans_field_number_code
Hibernate: DELETE FROM opm.pay_code
Hibernate: DELETE FROM opm.payment_applied_order
Hibernate: DELETE FROM opm.agency_code
Hibernate: DELETE FROM opm.calculation_status
Hibernate: DELETE FROM opm.transfer_type
Hibernate: DELETE FROM opm.user_status
Hibernate: DELETE FROM opm.claim_officer
Hibernate: DELETE FROM opm.payment_status
Hibernate: DELETE FROM opm.application_designation
Hibernate: DELETE FROM opm.payment_reversal_reason
Hibernate: DELETE FROM opm.pay_type
Hibernate: DELETE FROM opm.appointment_type
Hibernate: DELETE FROM opm.role
Hibernate: DELETE FROM opm.service_type
Hibernate: DELETE FROM opm.retirement_type
Hibernate: DELETE FROM opm.account_status
Hibernate: DELETE FROM opm.country
Hibernate: DELETE FROM opm.state
Hibernate: DELETE FROM opm.period_type
Hibernate: DELETE FROM opm.suffix
Hibernate: DELETE FROM opm.form_type
Hibernate: insert into opm.suffix (deleted, name) values (?, ?)
Hibernate: select suffix0_.id as id1_73_0_, suffix0_.deleted as deleted2_73_0_, suffix0_.name as name3_73_0_ from opm.suffix suffix0_ where suffix0_.id=?
Hibernate: update opm.suffix set deleted=?, name=? where id=?
Hibernate: delete from opm.suffix where id=?
Hibernate: select suffix0_.id as id1_73_0_, suffix0_.deleted as deleted2_73_0_, suffix0_.name as name3_73_0_ from opm.suffix suffix0_ where suffix0_.id=?
Hibernate: DELETE FROM opm.batch_daily_payments
Hibernate: DELETE FROM opm.audit_batch
Hibernate: DELETE FROM opm.new_claim_number
Hibernate: DELETE FROM opm.annuitant_list
Hibernate: DELETE FROM opm.time_factor
Hibernate: DELETE FROM opm.contact_info
Hibernate: DELETE FROM opm.interest_suppression
Hibernate: DELETE FROM opm.gl_payment_type
Hibernate: DELETE FROM opm.scm_first_insert
Hibernate: DELETE FROM opm.holiday
Hibernate: DELETE FROM opm.deduction_rate
Hibernate: DELETE FROM opm.interest_grace_period
Hibernate: DELETE FROM opm.gl_code
Hibernate: DELETE FROM opm.claim_without_service
Hibernate: DELETE FROM opm.payment_transaction_note
Hibernate: DELETE FROM opm.payment_move_transaction
Hibernate: DELETE FROM opm.interest_rate
Hibernate: DELETE FROM opm.payment_interest_detail
Hibernate: DELETE FROM opm.adjustment_transaction
Hibernate: DELETE FROM opm.invoice
Hibernate: DELETE FROM opm.a01_print_suppression_case
Hibernate: DELETE FROM opm.user_account_assignment
Hibernate: DELETE FROM opm.payment_refund_link
Hibernate: DELETE FROM opm.role_permission
Hibernate: DELETE FROM opm.user_permission
Hibernate: DELETE FROM opm.service_credit_preference
Hibernate: DELETE FROM opm.account_confirmation_validation_entry
Hibernate: DELETE FROM opm.payment_reverse
Hibernate: DELETE FROM opm.payment
Hibernate: DELETE FROM opm.pay_trans_status_code
Hibernate: DELETE FROM opm.payments_applied_order_code
Hibernate: DELETE FROM opm.printout
Hibernate: DELETE FROM opm.related_help_items
Hibernate: DELETE FROM opm.help_item
Hibernate: DELETE FROM opm.notification_READBY
Hibernate: DELETE FROM opm.date_calculation_data
Hibernate: DELETE FROM opm.refund_transaction
Hibernate: DELETE FROM opm.audit_parameter_record
Hibernate: DELETE FROM opm.audit_record
Hibernate: DELETE FROM opm.dedeposit
Hibernate: DELETE FROM opm.redeposit
Hibernate: DELETE FROM opm.calculation_result_item
Hibernate: DELETE FROM opm.calculation
Hibernate: DELETE FROM opm.fers_redeposit
Hibernate: DELETE FROM opm.fers_deposit
Hibernate: DELETE FROM opm.calculation_version
Hibernate: DELETE FROM opm.calculation_result
Hibernate: DELETE FROM opm.summary_data
Hibernate: DELETE FROM opm.billing
Hibernate: DELETE FROM opm.account_note
Hibernate: DELETE FROM opm.account
Hibernate: DELETE FROM opm.account_confirmation_validation
Hibernate: DELETE FROM opm.billing_summary
Hibernate: DELETE FROM opm.account_holder
Hibernate: DELETE FROM opm.address
Hibernate: DELETE FROM opm.error
Hibernate: DELETE FROM opm.info
Hibernate: DELETE FROM opm.notification
Hibernate: DELETE FROM opm.app_user
Hibernate: DELETE FROM opm.batch_daily_payments_history
Hibernate: DELETE FROM opm.audit_batch_history
Hibernate: DELETE FROM opm.new_claim_number_history
Hibernate: DELETE FROM opm.annuitant_list_history
Hibernate: DELETE FROM opm.time_factor_history
Hibernate: DELETE FROM opm.contact_info_history
Hibernate: DELETE FROM opm.interest_suppression_history
Hibernate: DELETE FROM opm.gl_payment_type_history
Hibernate: DELETE FROM opm.scm_first_insert_history
Hibernate: DELETE FROM opm.holiday_history
Hibernate: DELETE FROM opm.deduction_rate_history
Hibernate: DELETE FROM opm.interest_grace_period_history
Hibernate: DELETE FROM opm.gl_code_history
Hibernate: DELETE FROM opm.claim_without_service_history
Hibernate: DELETE FROM opm.payment_transaction_note_history
Hibernate: DELETE FROM opm.payment_move_transaction_history
Hibernate: DELETE FROM opm.interest_rate_history
Hibernate: DELETE FROM opm.payment_interest_detail_history
Hibernate: DELETE FROM opm.adjustment_transaction_history
Hibernate: DELETE FROM opm.invoice_history
Hibernate: DELETE FROM opm.a01_print_suppression_case_history
Hibernate: DELETE FROM opm.user_account_assignment_history
Hibernate: DELETE FROM opm.payment_refund_link_history
Hibernate: DELETE FROM opm.payments_applied_order_code_history
Hibernate: DELETE FROM opm.service_credit_preference_history
Hibernate: DELETE FROM opm.account_confirmation_validation_entry_history
Hibernate: DELETE FROM opm.account_confirmation_validation_history
Hibernate: DELETE FROM opm.payment_reverse_history
Hibernate: DELETE FROM opm.payment_history
Hibernate: DELETE FROM opm.pay_trans_status_code_history
Hibernate: DELETE FROM opm.notification_READBY_history
Hibernate: DELETE FROM opm.refund_transaction_history
Hibernate: DELETE FROM opm.summary_data_history
Hibernate: DELETE FROM opm.dedeposit_history
Hibernate: DELETE FROM opm.redeposit_history
Hibernate: DELETE FROM opm.calculation_result_item_history
Hibernate: DELETE FROM opm.calculation_result_history
Hibernate: DELETE FROM opm.calculation_history
Hibernate: DELETE FROM opm.fers_redeposit_history
Hibernate: DELETE FROM opm.fers_deposit_history
Hibernate: DELETE FROM opm.calculation_version_history
Hibernate: DELETE FROM opm.billing_history
Hibernate: DELETE FROM opm.billing_summary_history
Hibernate: DELETE FROM opm.account_note_history
Hibernate: DELETE FROM opm.address_history
Hibernate: DELETE FROM opm.account_history
Hibernate: DELETE FROM opm.account_holder_history
Hibernate: DELETE FROM opm.error_history
Hibernate: DELETE FROM opm.info_history
Hibernate: DELETE FROM opm.notification_history
Hibernate: DELETE FROM opm.app_user_history
Hibernate: DELETE FROM opm.change_trans_field_number_code
Hibernate: DELETE FROM opm.pay_code
Hibernate: DELETE FROM opm.payment_applied_order
Hibernate: DELETE FROM opm.agency_code
Hibernate: DELETE FROM opm.calculation_status
Hibernate: DELETE FROM opm.transfer_type
Hibernate: DELETE FROM opm.user_status
Hibernate: DELETE FROM opm.claim_officer
Hibernate: DELETE FROM opm.payment_status
Hibernate: DELETE FROM opm.application_designation
Hibernate: DELETE FROM opm.payment_reversal_reason
Hibernate: DELETE FROM opm.pay_type
Hibernate: DELETE FROM opm.appointment_type
Hibernate: DELETE FROM opm.role
Hibernate: DELETE FROM opm.service_type
Hibernate: DELETE FROM opm.retirement_type
Hibernate: DELETE FROM opm.account_status
Hibernate: DELETE FROM opm.country
Hibernate: DELETE FROM opm.state
Hibernate: DELETE FROM opm.period_type
Hibernate: DELETE FROM opm.suffix
Hibernate: DELETE FROM opm.form_type
Hibernate: DELETE FROM opm.batch_daily_payments
Hibernate: DELETE FROM opm.audit_batch
Hibernate: DELETE FROM opm.new_claim_number
Hibernate: DELETE FROM opm.annuitant_list
Hibernate: DELETE FROM opm.time_factor
Hibernate: DELETE FROM opm.contact_info
Hibernate: DELETE FROM opm.interest_suppression
Hibernate: DELETE FROM opm.gl_payment_type
Hibernate: DELETE FROM opm.scm_first_insert
Hibernate: DELETE FROM opm.holiday
Hibernate: DELETE FROM opm.deduction_rate
Hibernate: DELETE FROM opm.interest_grace_period
Hibernate: DELETE FROM opm.gl_code
Hibernate: DELETE FROM opm.claim_without_service
Hibernate: DELETE FROM opm.payment_transaction_note
Hibernate: DELETE FROM opm.payment_move_transaction
Hibernate: DELETE FROM opm.interest_rate
Hibernate: DELETE FROM opm.payment_interest_detail
Hibernate: DELETE FROM opm.adjustment_transaction
Hibernate: DELETE FROM opm.invoice
Hibernate: DELETE FROM opm.a01_print_suppression_case
Hibernate: DELETE FROM opm.user_account_assignment
Hibernate: DELETE FROM opm.payment_refund_link
Hibernate: DELETE FROM opm.role_permission
Hibernate: DELETE FROM opm.user_permission
Hibernate: DELETE FROM opm.service_credit_preference
Hibernate: DELETE FROM opm.account_confirmation_validation_entry
Hibernate: DELETE FROM opm.payment_reverse
Hibernate: DELETE FROM opm.payment
Hibernate: DELETE FROM opm.pay_trans_status_code
Hibernate: DELETE FROM opm.payments_applied_order_code
Hibernate: DELETE FROM opm.printout
Hibernate: DELETE FROM opm.related_help_items
Hibernate: DELETE FROM opm.help_item
Hibernate: DELETE FROM opm.notification_READBY
Hibernate: DELETE FROM opm.date_calculation_data
Hibernate: DELETE FROM opm.refund_transaction
Hibernate: DELETE FROM opm.audit_parameter_record
Hibernate: DELETE FROM opm.audit_record
Hibernate: DELETE FROM opm.dedeposit
Hibernate: DELETE FROM opm.redeposit
Hibernate: DELETE FROM opm.calculation_result_item
Hibernate: DELETE FROM opm.calculation
Hibernate: DELETE FROM opm.fers_redeposit
Hibernate: DELETE FROM opm.fers_deposit
Hibernate: DELETE FROM opm.calculation_version
Hibernate: DELETE FROM opm.calculation_result
Hibernate: DELETE FROM opm.summary_data
Hibernate: DELETE FROM opm.billing
Hibernate: DELETE FROM opm.account_note
Hibernate: DELETE FROM opm.account
Hibernate: DELETE FROM opm.account_confirmation_validation
Hibernate: DELETE FROM opm.billing_summary
Hibernate: DELETE FROM opm.account_holder
Hibernate: DELETE FROM opm.address
Hibernate: DELETE FROM opm.error
Hibernate: DELETE FROM opm.info
Hibernate: DELETE FROM opm.notification
Hibernate: DELETE FROM opm.app_user
Hibernate: DELETE FROM opm.batch_daily_payments_history
Hibernate: DELETE FROM opm.audit_batch_history
Hibernate: DELETE FROM opm.new_claim_number_history
Hibernate: DELETE FROM opm.annuitant_list_history
Hibernate: DELETE FROM opm.time_factor_history
Hibernate: DELETE FROM opm.contact_info_history
Hibernate: DELETE FROM opm.interest_suppression_history
Hibernate: DELETE FROM opm.gl_payment_type_history
Hibernate: DELETE FROM opm.scm_first_insert_history
Hibernate: DELETE FROM opm.holiday_history
Hibernate: DELETE FROM opm.deduction_rate_history
Hibernate: DELETE FROM opm.interest_grace_period_history
Hibernate: DELETE FROM opm.gl_code_history
Hibernate: DELETE FROM opm.claim_without_service_history
Hibernate: DELETE FROM opm.payment_transaction_note_history
Hibernate: DELETE FROM opm.payment_move_transaction_history
Hibernate: DELETE FROM opm.interest_rate_history
Hibernate: DELETE FROM opm.payment_interest_detail_history
Hibernate: DELETE FROM opm.adjustment_transaction_history
Hibernate: DELETE FROM opm.invoice_history
Hibernate: DELETE FROM opm.a01_print_suppression_case_history
Hibernate: DELETE FROM opm.user_account_assignment_history
Hibernate: DELETE FROM opm.payment_refund_link_history
Hibernate: DELETE FROM opm.payments_applied_order_code_history
Hibernate: DELETE FROM opm.service_credit_preference_history
Hibernate: DELETE FROM opm.account_confirmation_validation_entry_history
Hibernate: DELETE FROM opm.account_confirmation_validation_history
Hibernate: DELETE FROM opm.payment_reverse_history
Hibernate: DELETE FROM opm.payment_history
Hibernate: DELETE FROM opm.pay_trans_status_code_history
Hibernate: DELETE FROM opm.notification_READBY_history
Hibernate: DELETE FROM opm.refund_transaction_history
Hibernate: DELETE FROM opm.summary_data_history
Hibernate: DELETE FROM opm.dedeposit_history
Hibernate: DELETE FROM opm.redeposit_history
Hibernate: DELETE FROM opm.calculation_result_item_history
Hibernate: DELETE FROM opm.calculation_result_history
Hibernate: DELETE FROM opm.calculation_history
Hibernate: DELETE FROM opm.fers_redeposit_history
Hibernate: DELETE FROM opm.fers_deposit_history
Hibernate: DELETE FROM opm.calculation_version_history
Hibernate: DELETE FROM opm.billing_history
Hibernate: DELETE FROM opm.billing_summary_history
Hibernate: DELETE FROM opm.account_note_history
Hibernate: DELETE FROM opm.address_history
Hibernate: DELETE FROM opm.account_history
Hibernate: DELETE FROM opm.account_holder_history
Hibernate: DELETE FROM opm.error_history
Hibernate: DELETE FROM opm.info_history
Hibernate: DELETE FROM opm.notification_history
Hibernate: DELETE FROM opm.app_user_history
Hibernate: DELETE FROM opm.change_trans_field_number_code
Hibernate: DELETE FROM opm.pay_code
Hibernate: DELETE FROM opm.payment_applied_order
Hibernate: DELETE FROM opm.agency_code
Hibernate: DELETE FROM opm.calculation_status
Hibernate: DELETE FROM opm.transfer_type
Hibernate: DELETE FROM opm.user_status
Hibernate: DELETE FROM opm.claim_officer
Hibernate: DELETE FROM opm.payment_status
Hibernate: DELETE FROM opm.application_designation
Hibernate: DELETE FROM opm.payment_reversal_reason
Hibernate: DELETE FROM opm.pay_type
Hibernate: DELETE FROM opm.appointment_type
Hibernate: DELETE FROM opm.role
Hibernate: DELETE FROM opm.service_type
Hibernate: DELETE FROM opm.retirement_type
Hibernate: DELETE FROM opm.account_status
Hibernate: DELETE FROM opm.country
Hibernate: DELETE FROM opm.state
Hibernate: DELETE FROM opm.period_type
Hibernate: DELETE FROM opm.suffix
Hibernate: DELETE FROM opm.form_type
Hibernate: insert into opm.period_type (deleted, name, display_order, description) values (?, ?, ?, ?)
Hibernate: select periodtype0_.id as id1_61_0_, periodtype0_.deleted as deleted2_61_0_, periodtype0_.name as name3_61_0_, periodtype0_.display_order as display4_61_0_, periodtype0_.description as descript5_61_0_ from opm.period_type periodtype0_ where periodtype0_.id=?
Hibernate: update opm.period_type set deleted=?, name=?, display_order=?, description=? where id=?
Hibernate: delete from opm.period_type where id=?
Hibernate: select periodtype0_.id as id1_61_0_, periodtype0_.deleted as deleted2_61_0_, periodtype0_.name as name3_61_0_, periodtype0_.display_order as display4_61_0_, periodtype0_.description as descript5_61_0_ from opm.period_type periodtype0_ where periodtype0_.id=?
Hibernate: DELETE FROM opm.batch_daily_payments
Hibernate: DELETE FROM opm.audit_batch
Hibernate: DELETE FROM opm.new_claim_number
Hibernate: DELETE FROM opm.annuitant_list
Hibernate: DELETE FROM opm.time_factor
Hibernate: DELETE FROM opm.contact_info
Hibernate: DELETE FROM opm.interest_suppression
Hibernate: DELETE FROM opm.gl_payment_type
Hibernate: DELETE FROM opm.scm_first_insert
Hibernate: DELETE FROM opm.holiday
Hibernate: DELETE FROM opm.deduction_rate
Hibernate: DELETE FROM opm.interest_grace_period
Hibernate: DELETE FROM opm.gl_code
Hibernate: DELETE FROM opm.claim_without_service
Hibernate: DELETE FROM opm.payment_transaction_note
Hibernate: DELETE FROM opm.payment_move_transaction
Hibernate: DELETE FROM opm.interest_rate
Hibernate: DELETE FROM opm.payment_interest_detail
Hibernate: DELETE FROM opm.adjustment_transaction
Hibernate: DELETE FROM opm.invoice
Hibernate: DELETE FROM opm.a01_print_suppression_case
Hibernate: DELETE FROM opm.user_account_assignment
Hibernate: DELETE FROM opm.payment_refund_link
Hibernate: DELETE FROM opm.role_permission
Hibernate: DELETE FROM opm.user_permission
Hibernate: DELETE FROM opm.service_credit_preference
Hibernate: DELETE FROM opm.account_confirmation_validation_entry
Hibernate: DELETE FROM opm.payment_reverse
Hibernate: DELETE FROM opm.payment
Hibernate: DELETE FROM opm.pay_trans_status_code
Hibernate: DELETE FROM opm.payments_applied_order_code
Hibernate: DELETE FROM opm.printout
Hibernate: DELETE FROM opm.related_help_items
Hibernate: DELETE FROM opm.help_item
Hibernate: DELETE FROM opm.notification_READBY
Hibernate: DELETE FROM opm.date_calculation_data
Hibernate: DELETE FROM opm.refund_transaction
Hibernate: DELETE FROM opm.audit_parameter_record
Hibernate: DELETE FROM opm.audit_record
Hibernate: DELETE FROM opm.dedeposit
Hibernate: DELETE FROM opm.redeposit
Hibernate: DELETE FROM opm.calculation_result_item
Hibernate: DELETE FROM opm.calculation
Hibernate: DELETE FROM opm.fers_redeposit
Hibernate: DELETE FROM opm.fers_deposit
Hibernate: DELETE FROM opm.calculation_version
Hibernate: DELETE FROM opm.calculation_result
Hibernate: DELETE FROM opm.summary_data
Hibernate: DELETE FROM opm.billing
Hibernate: DELETE FROM opm.account_note
Hibernate: DELETE FROM opm.account
Hibernate: DELETE FROM opm.account_confirmation_validation
Hibernate: DELETE FROM opm.billing_summary
Hibernate: DELETE FROM opm.account_holder
Hibernate: DELETE FROM opm.address
Hibernate: DELETE FROM opm.error
Hibernate: DELETE FROM opm.info
Hibernate: DELETE FROM opm.notification
Hibernate: DELETE FROM opm.app_user
Hibernate: DELETE FROM opm.batch_daily_payments_history
Hibernate: DELETE FROM opm.audit_batch_history
Hibernate: DELETE FROM opm.new_claim_number_history
Hibernate: DELETE FROM opm.annuitant_list_history
Hibernate: DELETE FROM opm.time_factor_history
Hibernate: DELETE FROM opm.contact_info_history
Hibernate: DELETE FROM opm.interest_suppression_history
Hibernate: DELETE FROM opm.gl_payment_type_history
Hibernate: DELETE FROM opm.scm_first_insert_history
Hibernate: DELETE FROM opm.holiday_history
Hibernate: DELETE FROM opm.deduction_rate_history
Hibernate: DELETE FROM opm.interest_grace_period_history
Hibernate: DELETE FROM opm.gl_code_history
Hibernate: DELETE FROM opm.claim_without_service_history
Hibernate: DELETE FROM opm.payment_transaction_note_history
Hibernate: DELETE FROM opm.payment_move_transaction_history
Hibernate: DELETE FROM opm.interest_rate_history
Hibernate: DELETE FROM opm.payment_interest_detail_history
Hibernate: DELETE FROM opm.adjustment_transaction_history
Hibernate: DELETE FROM opm.invoice_history
Hibernate: DELETE FROM opm.a01_print_suppression_case_history
Hibernate: DELETE FROM opm.user_account_assignment_history
Hibernate: DELETE FROM opm.payment_refund_link_history
Hibernate: DELETE FROM opm.payments_applied_order_code_history
Hibernate: DELETE FROM opm.service_credit_preference_history
Hibernate: DELETE FROM opm.account_confirmation_validation_entry_history
Hibernate: DELETE FROM opm.account_confirmation_validation_history
Hibernate: DELETE FROM opm.payment_reverse_history
Hibernate: DELETE FROM opm.payment_history
Hibernate: DELETE FROM opm.pay_trans_status_code_history
Hibernate: DELETE FROM opm.notification_READBY_history
Hibernate: DELETE FROM opm.refund_transaction_history
Hibernate: DELETE FROM opm.summary_data_history
Hibernate: DELETE FROM opm.dedeposit_history
Hibernate: DELETE FROM opm.redeposit_history
Hibernate: DELETE FROM opm.calculation_result_item_history
Hibernate: DELETE FROM opm.calculation_result_history
Hibernate: DELETE FROM opm.calculation_history
Hibernate: DELETE FROM opm.fers_redeposit_history
Hibernate: DELETE FROM opm.fers_deposit_history
Hibernate: DELETE FROM opm.calculation_version_history
Hibernate: DELETE FROM opm.billing_history
Hibernate: DELETE FROM opm.billing_summary_history
Hibernate: DELETE FROM opm.account_note_history
Hibernate: DELETE FROM opm.address_history
Hibernate: DELETE FROM opm.account_history
Hibernate: DELETE FROM opm.account_holder_history
Hibernate: DELETE FROM opm.error_history
Hibernate: DELETE FROM opm.info_history
Hibernate: DELETE FROM opm.notification_history
Hibernate: DELETE FROM opm.app_user_history
Hibernate: DELETE FROM opm.change_trans_field_number_code
Hibernate: DELETE FROM opm.pay_code
Hibernate: DELETE FROM opm.payment_applied_order
Hibernate: DELETE FROM opm.agency_code
Hibernate: DELETE FROM opm.calculation_status
Hibernate: DELETE FROM opm.transfer_type
Hibernate: DELETE FROM opm.user_status
Hibernate: DELETE FROM opm.claim_officer
Hibernate: DELETE FROM opm.payment_status
Hibernate: DELETE FROM opm.application_designation
Hibernate: DELETE FROM opm.payment_reversal_reason
Hibernate: DELETE FROM opm.pay_type
Hibernate: DELETE FROM opm.appointment_type
Hibernate: DELETE FROM opm.role
Hibernate: DELETE FROM opm.service_type
Hibernate: DELETE FROM opm.retirement_type
Hibernate: DELETE FROM opm.account_status
Hibernate: DELETE FROM opm.country
Hibernate: DELETE FROM opm.state
Hibernate: DELETE FROM opm.period_type
Hibernate: DELETE FROM opm.suffix
Hibernate: DELETE FROM opm.form_type
Hibernate: DELETE FROM opm.batch_daily_payments
Hibernate: DELETE FROM opm.audit_batch
Hibernate: DELETE FROM opm.new_claim_number
Hibernate: DELETE FROM opm.annuitant_list
Hibernate: DELETE FROM opm.time_factor
Hibernate: DELETE FROM opm.contact_info
Hibernate: DELETE FROM opm.interest_suppression
Hibernate: DELETE FROM opm.gl_payment_type
Hibernate: DELETE FROM opm.scm_first_insert
Hibernate: DELETE FROM opm.holiday
Hibernate: DELETE FROM opm.deduction_rate
Hibernate: DELETE FROM opm.interest_grace_period
Hibernate: DELETE FROM opm.gl_code
Hibernate: DELETE FROM opm.claim_without_service
Hibernate: DELETE FROM opm.payment_transaction_note
Hibernate: DELETE FROM opm.payment_move_transaction
Hibernate: DELETE FROM opm.interest_rate
Hibernate: DELETE FROM opm.payment_interest_detail
Hibernate: DELETE FROM opm.adjustment_transaction
Hibernate: DELETE FROM opm.invoice
Hibernate: DELETE FROM opm.a01_print_suppression_case
Hibernate: DELETE FROM opm.user_account_assignment
Hibernate: DELETE FROM opm.payment_refund_link
Hibernate: DELETE FROM opm.role_permission
Hibernate: DELETE FROM opm.user_permission
Hibernate: DELETE FROM opm.service_credit_preference
Hibernate: DELETE FROM opm.account_confirmation_validation_entry
Hibernate: DELETE FROM opm.payment_reverse
Hibernate: DELETE FROM opm.payment
Hibernate: DELETE FROM opm.pay_trans_status_code
Hibernate: DELETE FROM opm.payments_applied_order_code
Hibernate: DELETE FROM opm.printout
Hibernate: DELETE FROM opm.related_help_items
Hibernate: DELETE FROM opm.help_item
Hibernate: DELETE FROM opm.notification_READBY
Hibernate: DELETE FROM opm.date_calculation_data
Hibernate: DELETE FROM opm.refund_transaction
Hibernate: DELETE FROM opm.audit_parameter_record
Hibernate: DELETE FROM opm.audit_record
Hibernate: DELETE FROM opm.dedeposit
Hibernate: DELETE FROM opm.redeposit
Hibernate: DELETE FROM opm.calculation_result_item
Hibernate: DELETE FROM opm.calculation
Hibernate: DELETE FROM opm.fers_redeposit
Hibernate: DELETE FROM opm.fers_deposit
Hibernate: DELETE FROM opm.calculation_version
Hibernate: DELETE FROM opm.calculation_result
Hibernate: DELETE FROM opm.summary_data
Hibernate: DELETE FROM opm.billing
Hibernate: DELETE FROM opm.account_note
Hibernate: DELETE FROM opm.account
Hibernate: DELETE FROM opm.account_confirmation_validation
Hibernate: DELETE FROM opm.billing_summary
Hibernate: DELETE FROM opm.account_holder
Hibernate: DELETE FROM opm.address
Hibernate: DELETE FROM opm.error
Hibernate: DELETE FROM opm.info
Hibernate: DELETE FROM opm.notification
Hibernate: DELETE FROM opm.app_user
Hibernate: DELETE FROM opm.batch_daily_payments_history
Hibernate: DELETE FROM opm.audit_batch_history
Hibernate: DELETE FROM opm.new_claim_number_history
Hibernate: DELETE FROM opm.annuitant_list_history
Hibernate: DELETE FROM opm.time_factor_history
Hibernate: DELETE FROM opm.contact_info_history
Hibernate: DELETE FROM opm.interest_suppression_history
Hibernate: DELETE FROM opm.gl_payment_type_history
Hibernate: DELETE FROM opm.scm_first_insert_history
Hibernate: DELETE FROM opm.holiday_history
Hibernate: DELETE FROM opm.deduction_rate_history
Hibernate: DELETE FROM opm.interest_grace_period_history
Hibernate: DELETE FROM opm.gl_code_history
Hibernate: DELETE FROM opm.claim_without_service_history
Hibernate: DELETE FROM opm.payment_transaction_note_history
Hibernate: DELETE FROM opm.payment_move_transaction_history
Hibernate: DELETE FROM opm.interest_rate_history
Hibernate: DELETE FROM opm.payment_interest_detail_history
Hibernate: DELETE FROM opm.adjustment_transaction_history
Hibernate: DELETE FROM opm.invoice_history
Hibernate: DELETE FROM opm.a01_print_suppression_case_history
Hibernate: DELETE FROM opm.user_account_assignment_history
Hibernate: DELETE FROM opm.payment_refund_link_history
Hibernate: DELETE FROM opm.payments_applied_order_code_history
Hibernate: DELETE FROM opm.service_credit_preference_history
Hibernate: DELETE FROM opm.account_confirmation_validation_entry_history
Hibernate: DELETE FROM opm.account_confirmation_validation_history
Hibernate: DELETE FROM opm.payment_reverse_history
Hibernate: DELETE FROM opm.payment_history
Hibernate: DELETE FROM opm.pay_trans_status_code_history
Hibernate: DELETE FROM opm.notification_READBY_history
Hibernate: DELETE FROM opm.refund_transaction_history
Hibernate: DELETE FROM opm.summary_data_history
Hibernate: DELETE FROM opm.dedeposit_history
Hibernate: DELETE FROM opm.redeposit_history
Hibernate: DELETE FROM opm.calculation_result_item_history
Hibernate: DELETE FROM opm.calculation_result_history
Hibernate: DELETE FROM opm.calculation_history
Hibernate: DELETE FROM opm.fers_redeposit_history
Hibernate: DELETE FROM opm.fers_deposit_history
Hibernate: DELETE FROM opm.calculation_version_history
Hibernate: DELETE FROM opm.billing_history
Hibernate: DELETE FROM opm.billing_summary_history
Hibernate: DELETE FROM opm.account_note_history
Hibernate: DELETE FROM opm.address_history
Hibernate: DELETE FROM opm.account_history
Hibernate: DELETE FROM opm.account_holder_history
Hibernate: DELETE FROM opm.error_history
Hibernate: DELETE FROM opm.info_history
Hibernate: DELETE FROM opm.notification_history
Hibernate: DELETE FROM opm.app_user_history
Hibernate: DELETE FROM opm.change_trans_field_number_code
Hibernate: DELETE FROM opm.pay_code
Hibernate: DELETE FROM opm.payment_applied_order
Hibernate: DELETE FROM opm.agency_code
Hibernate: DELETE FROM opm.calculation_status
Hibernate: DELETE FROM opm.transfer_type
Hibernate: DELETE FROM opm.user_status
Hibernate: DELETE FROM opm.claim_officer
Hibernate: DELETE FROM opm.payment_status
Hibernate: DELETE FROM opm.application_designation
Hibernate: DELETE FROM opm.payment_reversal_reason
Hibernate: DELETE FROM opm.pay_type
Hibernate: DELETE FROM opm.appointment_type
Hibernate: DELETE FROM opm.role
Hibernate: DELETE FROM opm.service_type
Hibernate: DELETE FROM opm.retirement_type
Hibernate: DELETE FROM opm.account_status
Hibernate: DELETE FROM opm.country
Hibernate: DELETE FROM opm.state
Hibernate: DELETE FROM opm.period_type
Hibernate: DELETE FROM opm.suffix
Hibernate: DELETE FROM opm.form_type
Hibernate: insert into opm.state (deleted, name, abbreviation) values (?, ?, ?)
Hibernate: select state0_.id as id1_72_0_, state0_.deleted as deleted2_72_0_, state0_.name as name3_72_0_, state0_.abbreviation as abbrevia4_72_0_ from opm.state state0_ where state0_.id=?
Hibernate: update opm.state set deleted=?, name=?, abbreviation=? where id=?
Hibernate: delete from opm.state where id=?
Hibernate: select state0_.id as id1_72_0_, state0_.deleted as deleted2_72_0_, state0_.name as name3_72_0_, state0_.abbreviation as abbrevia4_72_0_ from opm.state state0_ where state0_.id=?
Hibernate: DELETE FROM opm.batch_daily_payments
Hibernate: DELETE FROM opm.audit_batch
Hibernate: DELETE FROM opm.new_claim_number
Hibernate: DELETE FROM opm.annuitant_list
Hibernate: DELETE FROM opm.time_factor
Hibernate: DELETE FROM opm.contact_info
Hibernate: DELETE FROM opm.interest_suppression
Hibernate: DELETE FROM opm.gl_payment_type
Hibernate: DELETE FROM opm.scm_first_insert
Hibernate: DELETE FROM opm.holiday
Hibernate: DELETE FROM opm.deduction_rate
Hibernate: DELETE FROM opm.interest_grace_period
Hibernate: DELETE FROM opm.gl_code
Hibernate: DELETE FROM opm.claim_without_service
Hibernate: DELETE FROM opm.payment_transaction_note
Hibernate: DELETE FROM opm.payment_move_transaction
Hibernate: DELETE FROM opm.interest_rate
Hibernate: DELETE FROM opm.payment_interest_detail
Hibernate: DELETE FROM opm.adjustment_transaction
Hibernate: DELETE FROM opm.invoice
Hibernate: DELETE FROM opm.a01_print_suppression_case
Hibernate: DELETE FROM opm.user_account_assignment
Hibernate: DELETE FROM opm.payment_refund_link
Hibernate: DELETE FROM opm.role_permission
Hibernate: DELETE FROM opm.user_permission
Hibernate: DELETE FROM opm.service_credit_preference
Hibernate: DELETE FROM opm.account_confirmation_validation_entry
Hibernate: DELETE FROM opm.payment_reverse
Hibernate: DELETE FROM opm.payment
Hibernate: DELETE FROM opm.pay_trans_status_code
Hibernate: DELETE FROM opm.payments_applied_order_code
Hibernate: DELETE FROM opm.printout
Hibernate: DELETE FROM opm.related_help_items
Hibernate: DELETE FROM opm.help_item
Hibernate: DELETE FROM opm.notification_READBY
Hibernate: DELETE FROM opm.date_calculation_data
Hibernate: DELETE FROM opm.refund_transaction
Hibernate: DELETE FROM opm.audit_parameter_record
Hibernate: DELETE FROM opm.audit_record
Hibernate: DELETE FROM opm.dedeposit
Hibernate: DELETE FROM opm.redeposit
Hibernate: DELETE FROM opm.calculation_result_item
Hibernate: DELETE FROM opm.calculation
Hibernate: DELETE FROM opm.fers_redeposit
Hibernate: DELETE FROM opm.fers_deposit
Hibernate: DELETE FROM opm.calculation_version
Hibernate: DELETE FROM opm.calculation_result
Hibernate: DELETE FROM opm.summary_data
Hibernate: DELETE FROM opm.billing
Hibernate: DELETE FROM opm.account_note
Hibernate: DELETE FROM opm.account
Hibernate: DELETE FROM opm.account_confirmation_validation
Hibernate: DELETE FROM opm.billing_summary
Hibernate: DELETE FROM opm.account_holder
Hibernate: DELETE FROM opm.address
Hibernate: DELETE FROM opm.error
Hibernate: DELETE FROM opm.info
Hibernate: DELETE FROM opm.notification
Hibernate: DELETE FROM opm.app_user
Hibernate: DELETE FROM opm.batch_daily_payments_history
Hibernate: DELETE FROM opm.audit_batch_history
Hibernate: DELETE FROM opm.new_claim_number_history
Hibernate: DELETE FROM opm.annuitant_list_history
Hibernate: DELETE FROM opm.time_factor_history
Hibernate: DELETE FROM opm.contact_info_history
Hibernate: DELETE FROM opm.interest_suppression_history
Hibernate: DELETE FROM opm.gl_payment_type_history
Hibernate: DELETE FROM opm.scm_first_insert_history
Hibernate: DELETE FROM opm.holiday_history
Hibernate: DELETE FROM opm.deduction_rate_history
Hibernate: DELETE FROM opm.interest_grace_period_history
Hibernate: DELETE FROM opm.gl_code_history
Hibernate: DELETE FROM opm.claim_without_service_history
Hibernate: DELETE FROM opm.payment_transaction_note_history
Hibernate: DELETE FROM opm.payment_move_transaction_history
Hibernate: DELETE FROM opm.interest_rate_history
Hibernate: DELETE FROM opm.payment_interest_detail_history
Hibernate: DELETE FROM opm.adjustment_transaction_history
Hibernate: DELETE FROM opm.invoice_history
Hibernate: DELETE FROM opm.a01_print_suppression_case_history
Hibernate: DELETE FROM opm.user_account_assignment_history
Hibernate: DELETE FROM opm.payment_refund_link_history
Hibernate: DELETE FROM opm.payments_applied_order_code_history
Hibernate: DELETE FROM opm.service_credit_preference_history
Hibernate: DELETE FROM opm.account_confirmation_validation_entry_history
Hibernate: DELETE FROM opm.account_confirmation_validation_history
Hibernate: DELETE FROM opm.payment_reverse_history
Hibernate: DELETE FROM opm.payment_history
Hibernate: DELETE FROM opm.pay_trans_status_code_history
Hibernate: DELETE FROM opm.notification_READBY_history
Hibernate: DELETE FROM opm.refund_transaction_history
Hibernate: DELETE FROM opm.summary_data_history
Hibernate: DELETE FROM opm.dedeposit_history
Hibernate: DELETE FROM opm.redeposit_history
Hibernate: DELETE FROM opm.calculation_result_item_history
Hibernate: DELETE FROM opm.calculation_result_history
Hibernate: DELETE FROM opm.calculation_history
Hibernate: DELETE FROM opm.fers_redeposit_history
Hibernate: DELETE FROM opm.fers_deposit_history
Hibernate: DELETE FROM opm.calculation_version_history
Hibernate: DELETE FROM opm.billing_history
Hibernate: DELETE FROM opm.billing_summary_history
Hibernate: DELETE FROM opm.account_note_history
Hibernate: DELETE FROM opm.address_history
Hibernate: DELETE FROM opm.account_history
Hibernate: DELETE FROM opm.account_holder_history
Hibernate: DELETE FROM opm.error_history
Hibernate: DELETE FROM opm.info_history
Hibernate: DELETE FROM opm.notification_history
Hibernate: DELETE FROM opm.app_user_history
Hibernate: DELETE FROM opm.change_trans_field_number_code
Hibernate: DELETE FROM opm.pay_code
Hibernate: DELETE FROM opm.payment_applied_order
Hibernate: DELETE FROM opm.agency_code
Hibernate: DELETE FROM opm.calculation_status
Hibernate: DELETE FROM opm.transfer_type
Hibernate: DELETE FROM opm.user_status
Hibernate: DELETE FROM opm.claim_officer
Hibernate: DELETE FROM opm.payment_status
Hibernate: DELETE FROM opm.application_designation
Hibernate: DELETE FROM opm.payment_reversal_reason
Hibernate: DELETE FROM opm.pay_type
Hibernate: DELETE FROM opm.appointment_type
Hibernate: DELETE FROM opm.role
Hibernate: DELETE FROM opm.service_type
Hibernate: DELETE FROM opm.retirement_type
Hibernate: DELETE FROM opm.account_status
Hibernate: DELETE FROM opm.country
Hibernate: DELETE FROM opm.state
Hibernate: DELETE FROM opm.period_type
Hibernate: DELETE FROM opm.suffix
Hibernate: DELETE FROM opm.form_type
Hibernate: DELETE FROM opm.batch_daily_payments
Hibernate: DELETE FROM opm.audit_batch
Hibernate: DELETE FROM opm.new_claim_number
Hibernate: DELETE FROM opm.annuitant_list
Hibernate: DELETE FROM opm.time_factor
Hibernate: DELETE FROM opm.contact_info
Hibernate: DELETE FROM opm.interest_suppression
Hibernate: DELETE FROM opm.gl_payment_type
Hibernate: DELETE FROM opm.scm_first_insert
Hibernate: DELETE FROM opm.holiday
Hibernate: DELETE FROM opm.deduction_rate
Hibernate: DELETE FROM opm.interest_grace_period
Hibernate: DELETE FROM opm.gl_code
Hibernate: DELETE FROM opm.claim_without_service
Hibernate: DELETE FROM opm.payment_transaction_note
Hibernate: DELETE FROM opm.payment_move_transaction
Hibernate: DELETE FROM opm.interest_rate
Hibernate: DELETE FROM opm.payment_interest_detail
Hibernate: DELETE FROM opm.adjustment_transaction
Hibernate: DELETE FROM opm.invoice
Hibernate: DELETE FROM opm.a01_print_suppression_case
Hibernate: DELETE FROM opm.user_account_assignment
Hibernate: DELETE FROM opm.payment_refund_link
Hibernate: DELETE FROM opm.role_permission
Hibernate: DELETE FROM opm.user_permission
Hibernate: DELETE FROM opm.service_credit_preference
Hibernate: DELETE FROM opm.account_confirmation_validation_entry
Hibernate: DELETE FROM opm.payment_reverse
Hibernate: DELETE FROM opm.payment
Hibernate: DELETE FROM opm.pay_trans_status_code
Hibernate: DELETE FROM opm.payments_applied_order_code
Hibernate: DELETE FROM opm.printout
Hibernate: DELETE FROM opm.related_help_items
Hibernate: DELETE FROM opm.help_item
Hibernate: DELETE FROM opm.notification_READBY
Hibernate: DELETE FROM opm.date_calculation_data
Hibernate: DELETE FROM opm.refund_transaction
Hibernate: DELETE FROM opm.audit_parameter_record
Hibernate: DELETE FROM opm.audit_record
Hibernate: DELETE FROM opm.dedeposit
Hibernate: DELETE FROM opm.redeposit
Hibernate: DELETE FROM opm.calculation_result_item
Hibernate: DELETE FROM opm.calculation
Hibernate: DELETE FROM opm.fers_redeposit
Hibernate: DELETE FROM opm.fers_deposit
Hibernate: DELETE FROM opm.calculation_version
Hibernate: DELETE FROM opm.calculation_result
Hibernate: DELETE FROM opm.summary_data
Hibernate: DELETE FROM opm.billing
Hibernate: DELETE FROM opm.account_note
Hibernate: DELETE FROM opm.account
Hibernate: DELETE FROM opm.account_confirmation_validation
Hibernate: DELETE FROM opm.billing_summary
Hibernate: DELETE FROM opm.account_holder
Hibernate: DELETE FROM opm.address
Hibernate: DELETE FROM opm.error
Hibernate: DELETE FROM opm.info
Hibernate: DELETE FROM opm.notification
Hibernate: DELETE FROM opm.app_user
Hibernate: DELETE FROM opm.batch_daily_payments_history
Hibernate: DELETE FROM opm.audit_batch_history
Hibernate: DELETE FROM opm.new_claim_number_history
Hibernate: DELETE FROM opm.annuitant_list_history
Hibernate: DELETE FROM opm.time_factor_history
Hibernate: DELETE FROM opm.contact_info_history
Hibernate: DELETE FROM opm.interest_suppression_history
Hibernate: DELETE FROM opm.gl_payment_type_history
Hibernate: DELETE FROM opm.scm_first_insert_history
Hibernate: DELETE FROM opm.holiday_history
Hibernate: DELETE FROM opm.deduction_rate_history
Hibernate: DELETE FROM opm.interest_grace_period_history
Hibernate: DELETE FROM opm.gl_code_history
Hibernate: DELETE FROM opm.claim_without_service_history
Hibernate: DELETE FROM opm.payment_transaction_note_history
Hibernate: DELETE FROM opm.payment_move_transaction_history
Hibernate: DELETE FROM opm.interest_rate_history
Hibernate: DELETE FROM opm.payment_interest_detail_history
Hibernate: DELETE FROM opm.adjustment_transaction_history
Hibernate: DELETE FROM opm.invoice_history
Hibernate: DELETE FROM opm.a01_print_suppression_case_history
Hibernate: DELETE FROM opm.user_account_assignment_history
Hibernate: DELETE FROM opm.payment_refund_link_history
Hibernate: DELETE FROM opm.payments_applied_order_code_history
Hibernate: DELETE FROM opm.service_credit_preference_history
Hibernate: DELETE FROM opm.account_confirmation_validation_entry_history
Hibernate: DELETE FROM opm.account_confirmation_validation_history
Hibernate: DELETE FROM opm.payment_reverse_history
Hibernate: DELETE FROM opm.payment_history
Hibernate: DELETE FROM opm.pay_trans_status_code_history
Hibernate: DELETE FROM opm.notification_READBY_history
Hibernate: DELETE FROM opm.refund_transaction_history
Hibernate: DELETE FROM opm.summary_data_history
Hibernate: DELETE FROM opm.dedeposit_history
Hibernate: DELETE FROM opm.redeposit_history
Hibernate: DELETE FROM opm.calculation_result_item_history
Hibernate: DELETE FROM opm.calculation_result_history
Hibernate: DELETE FROM opm.calculation_history
Hibernate: DELETE FROM opm.fers_redeposit_history
Hibernate: DELETE FROM opm.fers_deposit_history
Hibernate: DELETE FROM opm.calculation_version_history
Hibernate: DELETE FROM opm.billing_history
Hibernate: DELETE FROM opm.billing_summary_history
Hibernate: DELETE FROM opm.account_note_history
Hibernate: DELETE FROM opm.address_history
Hibernate: DELETE FROM opm.account_history
Hibernate: DELETE FROM opm.account_holder_history
Hibernate: DELETE FROM opm.error_history
Hibernate: DELETE FROM opm.info_history
Hibernate: DELETE FROM opm.notification_history
Hibernate: DELETE FROM opm.app_user_history
Hibernate: DELETE FROM opm.change_trans_field_number_code
Hibernate: DELETE FROM opm.pay_code
Hibernate: DELETE FROM opm.payment_applied_order
Hibernate: DELETE FROM opm.agency_code
Hibernate: DELETE FROM opm.calculation_status
Hibernate: DELETE FROM opm.transfer_type
Hibernate: DELETE FROM opm.user_status
Hibernate: DELETE FROM opm.claim_officer
Hibernate: DELETE FROM opm.payment_status
Hibernate: DELETE FROM opm.application_designation
Hibernate: DELETE FROM opm.payment_reversal_reason
Hibernate: DELETE FROM opm.pay_type
Hibernate: DELETE FROM opm.appointment_type
Hibernate: DELETE FROM opm.role
Hibernate: DELETE FROM opm.service_type
Hibernate: DELETE FROM opm.retirement_type
Hibernate: DELETE FROM opm.account_status
Hibernate: DELETE FROM opm.country
Hibernate: DELETE FROM opm.state
Hibernate: DELETE FROM opm.period_type
Hibernate: DELETE FROM opm.suffix
Hibernate: DELETE FROM opm.form_type
Hibernate: insert into opm.country (deleted, name) values (?, ?)
Hibernate: select country0_.id as id1_29_0_, country0_.deleted as deleted2_29_0_, country0_.name as name3_29_0_ from opm.country country0_ where country0_.id=?
Hibernate: update opm.country set deleted=?, name=? where id=?
Hibernate: delete from opm.country where id=?
Hibernate: select country0_.id as id1_29_0_, country0_.deleted as deleted2_29_0_, country0_.name as name3_29_0_ from opm.country country0_ where country0_.id=?
Hibernate: DELETE FROM opm.batch_daily_payments
Hibernate: DELETE FROM opm.audit_batch
Hibernate: DELETE FROM opm.new_claim_number
Hibernate: DELETE FROM opm.annuitant_list
Hibernate: DELETE FROM opm.time_factor
Hibernate: DELETE FROM opm.contact_info
Hibernate: DELETE FROM opm.interest_suppression
Hibernate: DELETE FROM opm.gl_payment_type
Hibernate: DELETE FROM opm.scm_first_insert
Hibernate: DELETE FROM opm.holiday
Hibernate: DELETE FROM opm.deduction_rate
Hibernate: DELETE FROM opm.interest_grace_period
Hibernate: DELETE FROM opm.gl_code
Hibernate: DELETE FROM opm.claim_without_service
Hibernate: DELETE FROM opm.payment_transaction_note
Hibernate: DELETE FROM opm.payment_move_transaction
Hibernate: DELETE FROM opm.interest_rate
Hibernate: DELETE FROM opm.payment_interest_detail
Hibernate: DELETE FROM opm.adjustment_transaction
Hibernate: DELETE FROM opm.invoice
Hibernate: DELETE FROM opm.a01_print_suppression_case
Hibernate: DELETE FROM opm.user_account_assignment
Hibernate: DELETE FROM opm.payment_refund_link
Hibernate: DELETE FROM opm.role_permission
Hibernate: DELETE FROM opm.user_permission
Hibernate: DELETE FROM opm.service_credit_preference
Hibernate: DELETE FROM opm.account_confirmation_validation_entry
Hibernate: DELETE FROM opm.payment_reverse
Hibernate: DELETE FROM opm.payment
Hibernate: DELETE FROM opm.pay_trans_status_code
Hibernate: DELETE FROM opm.payments_applied_order_code
Hibernate: DELETE FROM opm.printout
Hibernate: DELETE FROM opm.related_help_items
Hibernate: DELETE FROM opm.help_item
Hibernate: DELETE FROM opm.notification_READBY
Hibernate: DELETE FROM opm.date_calculation_data
Hibernate: DELETE FROM opm.refund_transaction
Hibernate: DELETE FROM opm.audit_parameter_record
Hibernate: DELETE FROM opm.audit_record
Hibernate: DELETE FROM opm.dedeposit
Hibernate: DELETE FROM opm.redeposit
Hibernate: DELETE FROM opm.calculation_result_item
Hibernate: DELETE FROM opm.calculation
Hibernate: DELETE FROM opm.fers_redeposit
Hibernate: DELETE FROM opm.fers_deposit
Hibernate: DELETE FROM opm.calculation_version
Hibernate: DELETE FROM opm.calculation_result
Hibernate: DELETE FROM opm.summary_data
Hibernate: DELETE FROM opm.billing
Hibernate: DELETE FROM opm.account_note
Hibernate: DELETE FROM opm.account
Hibernate: DELETE FROM opm.account_confirmation_validation
Hibernate: DELETE FROM opm.billing_summary
Hibernate: DELETE FROM opm.account_holder
Hibernate: DELETE FROM opm.address
Hibernate: DELETE FROM opm.error
Hibernate: DELETE FROM opm.info
Hibernate: DELETE FROM opm.notification
Hibernate: DELETE FROM opm.app_user
Hibernate: DELETE FROM opm.batch_daily_payments_history
Hibernate: DELETE FROM opm.audit_batch_history
Hibernate: DELETE FROM opm.new_claim_number_history
Hibernate: DELETE FROM opm.annuitant_list_history
Hibernate: DELETE FROM opm.time_factor_history
Hibernate: DELETE FROM opm.contact_info_history
Hibernate: DELETE FROM opm.interest_suppression_history
Hibernate: DELETE FROM opm.gl_payment_type_history
Hibernate: DELETE FROM opm.scm_first_insert_history
Hibernate: DELETE FROM opm.holiday_history
Hibernate: DELETE FROM opm.deduction_rate_history
Hibernate: DELETE FROM opm.interest_grace_period_history
Hibernate: DELETE FROM opm.gl_code_history
Hibernate: DELETE FROM opm.claim_without_service_history
Hibernate: DELETE FROM opm.payment_transaction_note_history
Hibernate: DELETE FROM opm.payment_move_transaction_history
Hibernate: DELETE FROM opm.interest_rate_history
Hibernate: DELETE FROM opm.payment_interest_detail_history
Hibernate: DELETE FROM opm.adjustment_transaction_history
Hibernate: DELETE FROM opm.invoice_history
Hibernate: DELETE FROM opm.a01_print_suppression_case_history
Hibernate: DELETE FROM opm.user_account_assignment_history
Hibernate: DELETE FROM opm.payment_refund_link_history
Hibernate: DELETE FROM opm.payments_applied_order_code_history
Hibernate: DELETE FROM opm.service_credit_preference_history
Hibernate: DELETE FROM opm.account_confirmation_validation_entry_history
Hibernate: DELETE FROM opm.account_confirmation_validation_history
Hibernate: DELETE FROM opm.payment_reverse_history
Hibernate: DELETE FROM opm.payment_history
Hibernate: DELETE FROM opm.pay_trans_status_code_history
Hibernate: DELETE FROM opm.notification_READBY_history
Hibernate: DELETE FROM opm.refund_transaction_history
Hibernate: DELETE FROM opm.summary_data_history
Hibernate: DELETE FROM opm.dedeposit_history
Hibernate: DELETE FROM opm.redeposit_history
Hibernate: DELETE FROM opm.calculation_result_item_history
Hibernate: DELETE FROM opm.calculation_result_history
Hibernate: DELETE FROM opm.calculation_history
Hibernate: DELETE FROM opm.fers_redeposit_history
Hibernate: DELETE FROM opm.fers_deposit_history
Hibernate: DELETE FROM opm.calculation_version_history
Hibernate: DELETE FROM opm.billing_history
Hibernate: DELETE FROM opm.billing_summary_history
Hibernate: DELETE FROM opm.account_note_history
Hibernate: DELETE FROM opm.address_history
Hibernate: DELETE FROM opm.account_history
Hibernate: DELETE FROM opm.account_holder_history
Hibernate: DELETE FROM opm.error_history
Hibernate: DELETE FROM opm.info_history
Hibernate: DELETE FROM opm.notification_history
Hibernate: DELETE FROM opm.app_user_history
Hibernate: DELETE FROM opm.change_trans_field_number_code
Hibernate: DELETE FROM opm.pay_code
Hibernate: DELETE FROM opm.payment_applied_order
Hibernate: DELETE FROM opm.agency_code
Hibernate: DELETE FROM opm.calculation_status
Hibernate: DELETE FROM opm.transfer_type
Hibernate: DELETE FROM opm.user_status
Hibernate: DELETE FROM opm.claim_officer
Hibernate: DELETE FROM opm.payment_status
Hibernate: DELETE FROM opm.application_designation
Hibernate: DELETE FROM opm.payment_reversal_reason
Hibernate: DELETE FROM opm.pay_type
Hibernate: DELETE FROM opm.appointment_type
Hibernate: DELETE FROM opm.role
Hibernate: DELETE FROM opm.service_type
Hibernate: DELETE FROM opm.retirement_type
Hibernate: DELETE FROM opm.account_status
Hibernate: DELETE FROM opm.country
Hibernate: DELETE FROM opm.state
Hibernate: DELETE FROM opm.period_type
Hibernate: DELETE FROM opm.suffix
Hibernate: DELETE FROM opm.form_type
Hibernate: DELETE FROM opm.batch_daily_payments
Hibernate: DELETE FROM opm.audit_batch
Hibernate: DELETE FROM opm.new_claim_number
Hibernate: DELETE FROM opm.annuitant_list
Hibernate: DELETE FROM opm.time_factor
Hibernate: DELETE FROM opm.contact_info
Hibernate: DELETE FROM opm.interest_suppression
Hibernate: DELETE FROM opm.gl_payment_type
Hibernate: DELETE FROM opm.scm_first_insert
Hibernate: DELETE FROM opm.holiday
Hibernate: DELETE FROM opm.deduction_rate
Hibernate: DELETE FROM opm.interest_grace_period
Hibernate: DELETE FROM opm.gl_code
Hibernate: DELETE FROM opm.claim_without_service
Hibernate: DELETE FROM opm.payment_transaction_note
Hibernate: DELETE FROM opm.payment_move_transaction
Hibernate: DELETE FROM opm.interest_rate
Hibernate: DELETE FROM opm.payment_interest_detail
Hibernate: DELETE FROM opm.adjustment_transaction
Hibernate: DELETE FROM opm.invoice
Hibernate: DELETE FROM opm.a01_print_suppression_case
Hibernate: DELETE FROM opm.user_account_assignment
Hibernate: DELETE FROM opm.payment_refund_link
Hibernate: DELETE FROM opm.role_permission
Hibernate: DELETE FROM opm.user_permission
Hibernate: DELETE FROM opm.service_credit_preference
Hibernate: DELETE FROM opm.account_confirmation_validation_entry
Hibernate: DELETE FROM opm.payment_reverse
Hibernate: DELETE FROM opm.payment
Hibernate: DELETE FROM opm.pay_trans_status_code
Hibernate: DELETE FROM opm.payments_applied_order_code
Hibernate: DELETE FROM opm.printout
Hibernate: DELETE FROM opm.related_help_items
Hibernate: DELETE FROM opm.help_item
Hibernate: DELETE FROM opm.notification_READBY
Hibernate: DELETE FROM opm.date_calculation_data
Hibernate: DELETE FROM opm.refund_transaction
Hibernate: DELETE FROM opm.audit_parameter_record
Hibernate: DELETE FROM opm.audit_record
Hibernate: DELETE FROM opm.dedeposit
Hibernate: DELETE FROM opm.redeposit
Hibernate: DELETE FROM opm.calculation_result_item
Hibernate: DELETE FROM opm.calculation
Hibernate: DELETE FROM opm.fers_redeposit
Hibernate: DELETE FROM opm.fers_deposit
Hibernate: DELETE FROM opm.calculation_version
Hibernate: DELETE FROM opm.calculation_result
Hibernate: DELETE FROM opm.summary_data
Hibernate: DELETE FROM opm.billing
Hibernate: DELETE FROM opm.account_note
Hibernate: DELETE FROM opm.account
Hibernate: DELETE FROM opm.account_confirmation_validation
Hibernate: DELETE FROM opm.billing_summary
Hibernate: DELETE FROM opm.account_holder
Hibernate: DELETE FROM opm.address
Hibernate: DELETE FROM opm.error
Hibernate: DELETE FROM opm.info
Hibernate: DELETE FROM opm.notification
Hibernate: DELETE FROM opm.app_user
Hibernate: DELETE FROM opm.batch_daily_payments_history
Hibernate: DELETE FROM opm.audit_batch_history
Hibernate: DELETE FROM opm.new_claim_number_history
Hibernate: DELETE FROM opm.annuitant_list_history
Hibernate: DELETE FROM opm.time_factor_history
Hibernate: DELETE FROM opm.contact_info_history
Hibernate: DELETE FROM opm.interest_suppression_history
Hibernate: DELETE FROM opm.gl_payment_type_history
Hibernate: DELETE FROM opm.scm_first_insert_history
Hibernate: DELETE FROM opm.holiday_history
Hibernate: DELETE FROM opm.deduction_rate_history
Hibernate: DELETE FROM opm.interest_grace_period_history
Hibernate: DELETE FROM opm.gl_code_history
Hibernate: DELETE FROM opm.claim_without_service_history
Hibernate: DELETE FROM opm.payment_transaction_note_history
Hibernate: DELETE FROM opm.payment_move_transaction_history
Hibernate: DELETE FROM opm.interest_rate_history
Hibernate: DELETE FROM opm.payment_interest_detail_history
Hibernate: DELETE FROM opm.adjustment_transaction_history
Hibernate: DELETE FROM opm.invoice_history
Hibernate: DELETE FROM opm.a01_print_suppression_case_history
Hibernate: DELETE FROM opm.user_account_assignment_history
Hibernate: DELETE FROM opm.payment_refund_link_history
Hibernate: DELETE FROM opm.payments_applied_order_code_history
Hibernate: DELETE FROM opm.service_credit_preference_history
Hibernate: DELETE FROM opm.account_confirmation_validation_entry_history
Hibernate: DELETE FROM opm.account_confirmation_validation_history
Hibernate: DELETE FROM opm.payment_reverse_history
Hibernate: DELETE FROM opm.payment_history
Hibernate: DELETE FROM opm.pay_trans_status_code_history
Hibernate: DELETE FROM opm.notification_READBY_history
Hibernate: DELETE FROM opm.refund_transaction_history
Hibernate: DELETE FROM opm.summary_data_history
Hibernate: DELETE FROM opm.dedeposit_history
Hibernate: DELETE FROM opm.redeposit_history
Hibernate: DELETE FROM opm.calculation_result_item_history
Hibernate: DELETE FROM opm.calculation_result_history
Hibernate: DELETE FROM opm.calculation_history
Hibernate: DELETE FROM opm.fers_redeposit_history
Hibernate: DELETE FROM opm.fers_deposit_history
Hibernate: DELETE FROM opm.calculation_version_history
Hibernate: DELETE FROM opm.billing_history
Hibernate: DELETE FROM opm.billing_summary_history
Hibernate: DELETE FROM opm.account_note_history
Hibernate: DELETE FROM opm.address_history
Hibernate: DELETE FROM opm.account_history
Hibernate: DELETE FROM opm.account_holder_history
Hibernate: DELETE FROM opm.error_history
Hibernate: DELETE FROM opm.info_history
Hibernate: DELETE FROM opm.notification_history
Hibernate: DELETE FROM opm.app_user_history
Hibernate: DELETE FROM opm.change_trans_field_number_code
Hibernate: DELETE FROM opm.pay_code
Hibernate: DELETE FROM opm.payment_applied_order
Hibernate: DELETE FROM opm.agency_code
Hibernate: DELETE FROM opm.calculation_status
Hibernate: DELETE FROM opm.transfer_type
Hibernate: DELETE FROM opm.user_status
Hibernate: DELETE FROM opm.claim_officer
Hibernate: DELETE FROM opm.payment_status
Hibernate: DELETE FROM opm.application_designation
Hibernate: DELETE FROM opm.payment_reversal_reason
Hibernate: DELETE FROM opm.pay_type
Hibernate: DELETE FROM opm.appointment_type
Hibernate: DELETE FROM opm.role
Hibernate: DELETE FROM opm.service_type
Hibernate: DELETE FROM opm.retirement_type
Hibernate: DELETE FROM opm.account_status
Hibernate: DELETE FROM opm.country
Hibernate: DELETE FROM opm.state
Hibernate: DELETE FROM opm.period_type
Hibernate: DELETE FROM opm.suffix
Hibernate: DELETE FROM opm.form_type
Hibernate: insert into opm.account_status (deleted, name, display_order, status_category) values (?, ?, ?, ?)
Hibernate: select accountsta0_.id as id1_6_0_, accountsta0_.deleted as deleted2_6_0_, accountsta0_.name as name3_6_0_, accountsta0_.display_order as display4_6_0_, accountsta0_.status_category as status5_6_0_ from opm.account_status accountsta0_ where accountsta0_.id=?
Hibernate: update opm.account_status set deleted=?, name=?, display_order=?, status_category=? where id=?
Hibernate: delete from opm.account_status where id=?
Hibernate: select accountsta0_.id as id1_6_0_, accountsta0_.deleted as deleted2_6_0_, accountsta0_.name as name3_6_0_, accountsta0_.display_order as display4_6_0_, accountsta0_.status_category as status5_6_0_ from opm.account_status accountsta0_ where accountsta0_.id=?
Hibernate: DELETE FROM opm.batch_daily_payments
Hibernate: DELETE FROM opm.audit_batch
Hibernate: DELETE FROM opm.new_claim_number
Hibernate: DELETE FROM opm.annuitant_list
Hibernate: DELETE FROM opm.time_factor
Hibernate: DELETE FROM opm.contact_info
Hibernate: DELETE FROM opm.interest_suppression
Hibernate: DELETE FROM opm.gl_payment_type
Hibernate: DELETE FROM opm.scm_first_insert
Hibernate: DELETE FROM opm.holiday
Hibernate: DELETE FROM opm.deduction_rate
Hibernate: DELETE FROM opm.interest_grace_period
Hibernate: DELETE FROM opm.gl_code
Hibernate: DELETE FROM opm.claim_without_service
Hibernate: DELETE FROM opm.payment_transaction_note
Hibernate: DELETE FROM opm.payment_move_transaction
Hibernate: DELETE FROM opm.interest_rate
Hibernate: DELETE FROM opm.payment_interest_detail
Hibernate: DELETE FROM opm.adjustment_transaction
Hibernate: DELETE FROM opm.invoice
Hibernate: DELETE FROM opm.a01_print_suppression_case
Hibernate: DELETE FROM opm.user_account_assignment
Hibernate: DELETE FROM opm.payment_refund_link
Hibernate: DELETE FROM opm.role_permission
Hibernate: DELETE FROM opm.user_permission
Hibernate: DELETE FROM opm.service_credit_preference
Hibernate: DELETE FROM opm.account_confirmation_validation_entry
Hibernate: DELETE FROM opm.payment_reverse
Hibernate: DELETE FROM opm.payment
Hibernate: DELETE FROM opm.pay_trans_status_code
Hibernate: DELETE FROM opm.payments_applied_order_code
Hibernate: DELETE FROM opm.printout
Hibernate: DELETE FROM opm.related_help_items
Hibernate: DELETE FROM opm.help_item
Hibernate: DELETE FROM opm.notification_READBY
Hibernate: DELETE FROM opm.date_calculation_data
Hibernate: DELETE FROM opm.refund_transaction
Hibernate: DELETE FROM opm.audit_parameter_record
Hibernate: DELETE FROM opm.audit_record
Hibernate: DELETE FROM opm.dedeposit
Hibernate: DELETE FROM opm.redeposit
Hibernate: DELETE FROM opm.calculation_result_item
Hibernate: DELETE FROM opm.calculation
Hibernate: DELETE FROM opm.fers_redeposit
Hibernate: DELETE FROM opm.fers_deposit
Hibernate: DELETE FROM opm.calculation_version
Hibernate: DELETE FROM opm.calculation_result
Hibernate: DELETE FROM opm.summary_data
Hibernate: DELETE FROM opm.billing
Hibernate: DELETE FROM opm.account_note
Hibernate: DELETE FROM opm.account
Hibernate: DELETE FROM opm.account_confirmation_validation
Hibernate: DELETE FROM opm.billing_summary
Hibernate: DELETE FROM opm.account_holder
Hibernate: DELETE FROM opm.address
Hibernate: DELETE FROM opm.error
Hibernate: DELETE FROM opm.info
Hibernate: DELETE FROM opm.notification
Hibernate: DELETE FROM opm.app_user
Hibernate: DELETE FROM opm.batch_daily_payments_history
Hibernate: DELETE FROM opm.audit_batch_history
Hibernate: DELETE FROM opm.new_claim_number_history
Hibernate: DELETE FROM opm.annuitant_list_history
Hibernate: DELETE FROM opm.time_factor_history
Hibernate: DELETE FROM opm.contact_info_history
Hibernate: DELETE FROM opm.interest_suppression_history
Hibernate: DELETE FROM opm.gl_payment_type_history
Hibernate: DELETE FROM opm.scm_first_insert_history
Hibernate: DELETE FROM opm.holiday_history
Hibernate: DELETE FROM opm.deduction_rate_history
Hibernate: DELETE FROM opm.interest_grace_period_history
Hibernate: DELETE FROM opm.gl_code_history
Hibernate: DELETE FROM opm.claim_without_service_history
Hibernate: DELETE FROM opm.payment_transaction_note_history
Hibernate: DELETE FROM opm.payment_move_transaction_history
Hibernate: DELETE FROM opm.interest_rate_history
Hibernate: DELETE FROM opm.payment_interest_detail_history
Hibernate: DELETE FROM opm.adjustment_transaction_history
Hibernate: DELETE FROM opm.invoice_history
Hibernate: DELETE FROM opm.a01_print_suppression_case_history
Hibernate: DELETE FROM opm.user_account_assignment_history
Hibernate: DELETE FROM opm.payment_refund_link_history
Hibernate: DELETE FROM opm.payments_applied_order_code_history
Hibernate: DELETE FROM opm.service_credit_preference_history
Hibernate: DELETE FROM opm.account_confirmation_validation_entry_history
Hibernate: DELETE FROM opm.account_confirmation_validation_history
Hibernate: DELETE FROM opm.payment_reverse_history
Hibernate: DELETE FROM opm.payment_history
Hibernate: DELETE FROM opm.pay_trans_status_code_history
Hibernate: DELETE FROM opm.notification_READBY_history
Hibernate: DELETE FROM opm.refund_transaction_history
Hibernate: DELETE FROM opm.summary_data_history
Hibernate: DELETE FROM opm.dedeposit_history
Hibernate: DELETE FROM opm.redeposit_history
Hibernate: DELETE FROM opm.calculation_result_item_history
Hibernate: DELETE FROM opm.calculation_result_history
Hibernate: DELETE FROM opm.calculation_history
Hibernate: DELETE FROM opm.fers_redeposit_history
Hibernate: DELETE FROM opm.fers_deposit_history
Hibernate: DELETE FROM opm.calculation_version_history
Hibernate: DELETE FROM opm.billing_history
Hibernate: DELETE FROM opm.billing_summary_history
Hibernate: DELETE FROM opm.account_note_history
Hibernate: DELETE FROM opm.address_history
Hibernate: DELETE FROM opm.account_history
Hibernate: DELETE FROM opm.account_holder_history
Hibernate: DELETE FROM opm.error_history
Hibernate: DELETE FROM opm.info_history
Hibernate: DELETE FROM opm.notification_history
Hibernate: DELETE FROM opm.app_user_history
Hibernate: DELETE FROM opm.change_trans_field_number_code
Hibernate: DELETE FROM opm.pay_code
Hibernate: DELETE FROM opm.payment_applied_order
Hibernate: DELETE FROM opm.agency_code
Hibernate: DELETE FROM opm.calculation_status
Hibernate: DELETE FROM opm.transfer_type
Hibernate: DELETE FROM opm.user_status
Hibernate: DELETE FROM opm.claim_officer
Hibernate: DELETE FROM opm.payment_status
Hibernate: DELETE FROM opm.application_designation
Hibernate: DELETE FROM opm.payment_reversal_reason
Hibernate: DELETE FROM opm.pay_type
Hibernate: DELETE FROM opm.appointment_type
Hibernate: DELETE FROM opm.role
Hibernate: DELETE FROM opm.service_type
Hibernate: DELETE FROM opm.retirement_type
Hibernate: DELETE FROM opm.account_status
Hibernate: DELETE FROM opm.country
Hibernate: DELETE FROM opm.state
Hibernate: DELETE FROM opm.period_type
Hibernate: DELETE FROM opm.suffix
Hibernate: DELETE FROM opm.form_type
Hibernate: DELETE FROM opm.batch_daily_payments
Hibernate: DELETE FROM opm.audit_batch
Hibernate: DELETE FROM opm.new_claim_number
Hibernate: DELETE FROM opm.annuitant_list
Hibernate: DELETE FROM opm.time_factor
Hibernate: DELETE FROM opm.contact_info
Hibernate: DELETE FROM opm.interest_suppression
Hibernate: DELETE FROM opm.gl_payment_type
Hibernate: DELETE FROM opm.scm_first_insert
Hibernate: DELETE FROM opm.holiday
Hibernate: DELETE FROM opm.deduction_rate
Hibernate: DELETE FROM opm.interest_grace_period
Hibernate: DELETE FROM opm.gl_code
Hibernate: DELETE FROM opm.claim_without_service
Hibernate: DELETE FROM opm.payment_transaction_note
Hibernate: DELETE FROM opm.payment_move_transaction
Hibernate: DELETE FROM opm.interest_rate
Hibernate: DELETE FROM opm.payment_interest_detail
Hibernate: DELETE FROM opm.adjustment_transaction
Hibernate: DELETE FROM opm.invoice
Hibernate: DELETE FROM opm.a01_print_suppression_case
Hibernate: DELETE FROM opm.user_account_assignment
Hibernate: DELETE FROM opm.payment_refund_link
Hibernate: DELETE FROM opm.role_permission
Hibernate: DELETE FROM opm.user_permission
Hibernate: DELETE FROM opm.service_credit_preference
Hibernate: DELETE FROM opm.account_confirmation_validation_entry
Hibernate: DELETE FROM opm.payment_reverse
Hibernate: DELETE FROM opm.payment
Hibernate: DELETE FROM opm.pay_trans_status_code
Hibernate: DELETE FROM opm.payments_applied_order_code
Hibernate: DELETE FROM opm.printout
Hibernate: DELETE FROM opm.related_help_items
Hibernate: DELETE FROM opm.help_item
Hibernate: DELETE FROM opm.notification_READBY
Hibernate: DELETE FROM opm.date_calculation_data
Hibernate: DELETE FROM opm.refund_transaction
Hibernate: DELETE FROM opm.audit_parameter_record
Hibernate: DELETE FROM opm.audit_record
Hibernate: DELETE FROM opm.dedeposit
Hibernate: DELETE FROM opm.redeposit
Hibernate: DELETE FROM opm.calculation_result_item
Hibernate: DELETE FROM opm.calculation
Hibernate: DELETE FROM opm.fers_redeposit
Hibernate: DELETE FROM opm.fers_deposit
Hibernate: DELETE FROM opm.calculation_version
Hibernate: DELETE FROM opm.calculation_result
Hibernate: DELETE FROM opm.summary_data
Hibernate: DELETE FROM opm.billing
Hibernate: DELETE FROM opm.account_note
Hibernate: DELETE FROM opm.account
Hibernate: DELETE FROM opm.account_confirmation_validation
Hibernate: DELETE FROM opm.billing_summary
Hibernate: DELETE FROM opm.account_holder
Hibernate: DELETE FROM opm.address
Hibernate: DELETE FROM opm.error
Hibernate: DELETE FROM opm.info
Hibernate: DELETE FROM opm.notification
Hibernate: DELETE FROM opm.app_user
Hibernate: DELETE FROM opm.batch_daily_payments_history
Hibernate: DELETE FROM opm.audit_batch_history
Hibernate: DELETE FROM opm.new_claim_number_history
Hibernate: DELETE FROM opm.annuitant_list_history
Hibernate: DELETE FROM opm.time_factor_history
Hibernate: DELETE FROM opm.contact_info_history
Hibernate: DELETE FROM opm.interest_suppression_history
Hibernate: DELETE FROM opm.gl_payment_type_history
Hibernate: DELETE FROM opm.scm_first_insert_history
Hibernate: DELETE FROM opm.holiday_history
Hibernate: DELETE FROM opm.deduction_rate_history
Hibernate: DELETE FROM opm.interest_grace_period_history
Hibernate: DELETE FROM opm.gl_code_history
Hibernate: DELETE FROM opm.claim_without_service_history
Hibernate: DELETE FROM opm.payment_transaction_note_history
Hibernate: DELETE FROM opm.payment_move_transaction_history
Hibernate: DELETE FROM opm.interest_rate_history
Hibernate: DELETE FROM opm.payment_interest_detail_history
Hibernate: DELETE FROM opm.adjustment_transaction_history
Hibernate: DELETE FROM opm.invoice_history
Hibernate: DELETE FROM opm.a01_print_suppression_case_history
Hibernate: DELETE FROM opm.user_account_assignment_history
Hibernate: DELETE FROM opm.payment_refund_link_history
Hibernate: DELETE FROM opm.payments_applied_order_code_history
Hibernate: DELETE FROM opm.service_credit_preference_history
Hibernate: DELETE FROM opm.account_confirmation_validation_entry_history
Hibernate: DELETE FROM opm.account_confirmation_validation_history
Hibernate: DELETE FROM opm.payment_reverse_history
Hibernate: DELETE FROM opm.payment_history
Hibernate: DELETE FROM opm.pay_trans_status_code_history
Hibernate: DELETE FROM opm.notification_READBY_history
Hibernate: DELETE FROM opm.refund_transaction_history
Hibernate: DELETE FROM opm.summary_data_history
Hibernate: DELETE FROM opm.dedeposit_history
Hibernate: DELETE FROM opm.redeposit_history
Hibernate: DELETE FROM opm.calculation_result_item_history
Hibernate: DELETE FROM opm.calculation_result_history
Hibernate: DELETE FROM opm.calculation_history
Hibernate: DELETE FROM opm.fers_redeposit_history
Hibernate: DELETE FROM opm.fers_deposit_history
Hibernate: DELETE FROM opm.calculation_version_history
Hibernate: DELETE FROM opm.billing_history
Hibernate: DELETE FROM opm.billing_summary_history
Hibernate: DELETE FROM opm.account_note_history
Hibernate: DELETE FROM opm.address_history
Hibernate: DELETE FROM opm.account_history
Hibernate: DELETE FROM opm.account_holder_history
Hibernate: DELETE FROM opm.error_history
Hibernate: DELETE FROM opm.info_history
Hibernate: DELETE FROM opm.notification_history
Hibernate: DELETE FROM opm.app_user_history
Hibernate: DELETE FROM opm.change_trans_field_number_code
Hibernate: DELETE FROM opm.pay_code
Hibernate: DELETE FROM opm.payment_applied_order
Hibernate: DELETE FROM opm.agency_code
Hibernate: DELETE FROM opm.calculation_status
Hibernate: DELETE FROM opm.transfer_type
Hibernate: DELETE FROM opm.user_status
Hibernate: DELETE FROM opm.claim_officer
Hibernate: DELETE FROM opm.payment_status
Hibernate: DELETE FROM opm.application_designation
Hibernate: DELETE FROM opm.payment_reversal_reason
Hibernate: DELETE FROM opm.pay_type
Hibernate: DELETE FROM opm.appointment_type
Hibernate: DELETE FROM opm.role
Hibernate: DELETE FROM opm.service_type
Hibernate: DELETE FROM opm.retirement_type
Hibernate: DELETE FROM opm.account_status
Hibernate: DELETE FROM opm.country
Hibernate: DELETE FROM opm.state
Hibernate: DELETE FROM opm.period_type
Hibernate: DELETE FROM opm.suffix
Hibernate: DELETE FROM opm.form_type
Hibernate: insert into opm.retirement_type (deleted, name, display_order, description) values (?, ?, ?, ?)
Hibernate: select retirement0_.id as id1_66_0_, retirement0_.deleted as deleted2_66_0_, retirement0_.name as name3_66_0_, retirement0_.display_order as display4_66_0_, retirement0_.description as descript5_66_0_ from opm.retirement_type retirement0_ where retirement0_.id=?
Hibernate: update opm.retirement_type set deleted=?, name=?, display_order=?, description=? where id=?
Hibernate: delete from opm.retirement_type where id=?
Hibernate: select retirement0_.id as id1_66_0_, retirement0_.deleted as deleted2_66_0_, retirement0_.name as name3_66_0_, retirement0_.display_order as display4_66_0_, retirement0_.description as descript5_66_0_ from opm.retirement_type retirement0_ where retirement0_.id=?
Hibernate: DELETE FROM opm.batch_daily_payments
Hibernate: DELETE FROM opm.audit_batch
Hibernate: DELETE FROM opm.new_claim_number
Hibernate: DELETE FROM opm.annuitant_list
Hibernate: DELETE FROM opm.time_factor
Hibernate: DELETE FROM opm.contact_info
Hibernate: DELETE FROM opm.interest_suppression
Hibernate: DELETE FROM opm.gl_payment_type
Hibernate: DELETE FROM opm.scm_first_insert
Hibernate: DELETE FROM opm.holiday
Hibernate: DELETE FROM opm.deduction_rate
Hibernate: DELETE FROM opm.interest_grace_period
Hibernate: DELETE FROM opm.gl_code
Hibernate: DELETE FROM opm.claim_without_service
Hibernate: DELETE FROM opm.payment_transaction_note
Hibernate: DELETE FROM opm.payment_move_transaction
Hibernate: DELETE FROM opm.interest_rate
Hibernate: DELETE FROM opm.payment_interest_detail
Hibernate: DELETE FROM opm.adjustment_transaction
Hibernate: DELETE FROM opm.invoice
Hibernate: DELETE FROM opm.a01_print_suppression_case
Hibernate: DELETE FROM opm.user_account_assignment
Hibernate: DELETE FROM opm.payment_refund_link
Hibernate: DELETE FROM opm.role_permission
Hibernate: DELETE FROM opm.user_permission
Hibernate: DELETE FROM opm.service_credit_preference
Hibernate: DELETE FROM opm.account_confirmation_validation_entry
Hibernate: DELETE FROM opm.payment_reverse
Hibernate: DELETE FROM opm.payment
Hibernate: DELETE FROM opm.pay_trans_status_code
Hibernate: DELETE FROM opm.payments_applied_order_code
Hibernate: DELETE FROM opm.printout
Hibernate: DELETE FROM opm.related_help_items
Hibernate: DELETE FROM opm.help_item
Hibernate: DELETE FROM opm.notification_READBY
Hibernate: DELETE FROM opm.date_calculation_data
Hibernate: DELETE FROM opm.refund_transaction
Hibernate: DELETE FROM opm.audit_parameter_record
Hibernate: DELETE FROM opm.audit_record
Hibernate: DELETE FROM opm.dedeposit
Hibernate: DELETE FROM opm.redeposit
Hibernate: DELETE FROM opm.calculation_result_item
Hibernate: DELETE FROM opm.calculation
Hibernate: DELETE FROM opm.fers_redeposit
Hibernate: DELETE FROM opm.fers_deposit
Hibernate: DELETE FROM opm.calculation_version
Hibernate: DELETE FROM opm.calculation_result
Hibernate: DELETE FROM opm.summary_data
Hibernate: DELETE FROM opm.billing
Hibernate: DELETE FROM opm.account_note
Hibernate: DELETE FROM opm.account
Hibernate: DELETE FROM opm.account_confirmation_validation
Hibernate: DELETE FROM opm.billing_summary
Hibernate: DELETE FROM opm.account_holder
Hibernate: DELETE FROM opm.address
Hibernate: DELETE FROM opm.error
Hibernate: DELETE FROM opm.info
Hibernate: DELETE FROM opm.notification
Hibernate: DELETE FROM opm.app_user
Hibernate: DELETE FROM opm.batch_daily_payments_history
Hibernate: DELETE FROM opm.audit_batch_history
Hibernate: DELETE FROM opm.new_claim_number_history
Hibernate: DELETE FROM opm.annuitant_list_history
Hibernate: DELETE FROM opm.time_factor_history
Hibernate: DELETE FROM opm.contact_info_history
Hibernate: DELETE FROM opm.interest_suppression_history
Hibernate: DELETE FROM opm.gl_payment_type_history
Hibernate: DELETE FROM opm.scm_first_insert_history
Hibernate: DELETE FROM opm.holiday_history
Hibernate: DELETE FROM opm.deduction_rate_history
Hibernate: DELETE FROM opm.interest_grace_period_history
Hibernate: DELETE FROM opm.gl_code_history
Hibernate: DELETE FROM opm.claim_without_service_history
Hibernate: DELETE FROM opm.payment_transaction_note_history
Hibernate: DELETE FROM opm.payment_move_transaction_history
Hibernate: DELETE FROM opm.interest_rate_history
Hibernate: DELETE FROM opm.payment_interest_detail_history
Hibernate: DELETE FROM opm.adjustment_transaction_history
Hibernate: DELETE FROM opm.invoice_history
Hibernate: DELETE FROM opm.a01_print_suppression_case_history
Hibernate: DELETE FROM opm.user_account_assignment_history
Hibernate: DELETE FROM opm.payment_refund_link_history
Hibernate: DELETE FROM opm.payments_applied_order_code_history
Hibernate: DELETE FROM opm.service_credit_preference_history
Hibernate: DELETE FROM opm.account_confirmation_validation_entry_history
Hibernate: DELETE FROM opm.account_confirmation_validation_history
Hibernate: DELETE FROM opm.payment_reverse_history
Hibernate: DELETE FROM opm.payment_history
Hibernate: DELETE FROM opm.pay_trans_status_code_history
Hibernate: DELETE FROM opm.notification_READBY_history
Hibernate: DELETE FROM opm.refund_transaction_history
Hibernate: DELETE FROM opm.summary_data_history
Hibernate: DELETE FROM opm.dedeposit_history
Hibernate: DELETE FROM opm.redeposit_history
Hibernate: DELETE FROM opm.calculation_result_item_history
Hibernate: DELETE FROM opm.calculation_result_history
Hibernate: DELETE FROM opm.calculation_history
Hibernate: DELETE FROM opm.fers_redeposit_history
Hibernate: DELETE FROM opm.fers_deposit_history
Hibernate: DELETE FROM opm.calculation_version_history
Hibernate: DELETE FROM opm.billing_history
Hibernate: DELETE FROM opm.billing_summary_history
Hibernate: DELETE FROM opm.account_note_history
Hibernate: DELETE FROM opm.address_history
Hibernate: DELETE FROM opm.account_history
Hibernate: DELETE FROM opm.account_holder_history
Hibernate: DELETE FROM opm.error_history
Hibernate: DELETE FROM opm.info_history
Hibernate: DELETE FROM opm.notification_history
Hibernate: DELETE FROM opm.app_user_history
Hibernate: DELETE FROM opm.change_trans_field_number_code
Hibernate: DELETE FROM opm.pay_code
Hibernate: DELETE FROM opm.payment_applied_order
Hibernate: DELETE FROM opm.agency_code
Hibernate: DELETE FROM opm.calculation_status
Hibernate: DELETE FROM opm.transfer_type
Hibernate: DELETE FROM opm.user_status
Hibernate: DELETE FROM opm.claim_officer
Hibernate: DELETE FROM opm.payment_status
Hibernate: DELETE FROM opm.application_designation
Hibernate: DELETE FROM opm.payment_reversal_reason
Hibernate: DELETE FROM opm.pay_type
Hibernate: DELETE FROM opm.appointment_type
Hibernate: DELETE FROM opm.role
Hibernate: DELETE FROM opm.service_type
Hibernate: DELETE FROM opm.retirement_type
Hibernate: DELETE FROM opm.account_status
Hibernate: DELETE FROM opm.country
Hibernate: DELETE FROM opm.state
Hibernate: DELETE FROM opm.period_type
Hibernate: DELETE FROM opm.suffix
Hibernate: DELETE FROM opm.form_type
Hibernate: DELETE FROM opm.batch_daily_payments
Hibernate: DELETE FROM opm.audit_batch
Hibernate: DELETE FROM opm.new_claim_number
Hibernate: DELETE FROM opm.annuitant_list
Hibernate: DELETE FROM opm.time_factor
Hibernate: DELETE FROM opm.contact_info
Hibernate: DELETE FROM opm.interest_suppression
Hibernate: DELETE FROM opm.gl_payment_type
Hibernate: DELETE FROM opm.scm_first_insert
Hibernate: DELETE FROM opm.holiday
Hibernate: DELETE FROM opm.deduction_rate
Hibernate: DELETE FROM opm.interest_grace_period
Hibernate: DELETE FROM opm.gl_code
Hibernate: DELETE FROM opm.claim_without_service
Hibernate: DELETE FROM opm.payment_transaction_note
Hibernate: DELETE FROM opm.payment_move_transaction
Hibernate: DELETE FROM opm.interest_rate
Hibernate: DELETE FROM opm.payment_interest_detail
Hibernate: DELETE FROM opm.adjustment_transaction
Hibernate: DELETE FROM opm.invoice
Hibernate: DELETE FROM opm.a01_print_suppression_case
Hibernate: DELETE FROM opm.user_account_assignment
Hibernate: DELETE FROM opm.payment_refund_link
Hibernate: DELETE FROM opm.role_permission
Hibernate: DELETE FROM opm.user_permission
Hibernate: DELETE FROM opm.service_credit_preference
Hibernate: DELETE FROM opm.account_confirmation_validation_entry
Hibernate: DELETE FROM opm.payment_reverse
Hibernate: DELETE FROM opm.payment
Hibernate: DELETE FROM opm.pay_trans_status_code
Hibernate: DELETE FROM opm.payments_applied_order_code
Hibernate: DELETE FROM opm.printout
Hibernate: DELETE FROM opm.related_help_items
Hibernate: DELETE FROM opm.help_item
Hibernate: DELETE FROM opm.notification_READBY
Hibernate: DELETE FROM opm.date_calculation_data
Hibernate: DELETE FROM opm.refund_transaction
Hibernate: DELETE FROM opm.audit_parameter_record
Hibernate: DELETE FROM opm.audit_record
Hibernate: DELETE FROM opm.dedeposit
Hibernate: DELETE FROM opm.redeposit
Hibernate: DELETE FROM opm.calculation_result_item
Hibernate: DELETE FROM opm.calculation
Hibernate: DELETE FROM opm.fers_redeposit
Hibernate: DELETE FROM opm.fers_deposit
Hibernate: DELETE FROM opm.calculation_version
Hibernate: DELETE FROM opm.calculation_result
Hibernate: DELETE FROM opm.summary_data
Hibernate: DELETE FROM opm.billing
Hibernate: DELETE FROM opm.account_note
Hibernate: DELETE FROM opm.account
Hibernate: DELETE FROM opm.account_confirmation_validation
Hibernate: DELETE FROM opm.billing_summary
Hibernate: DELETE FROM opm.account_holder
Hibernate: DELETE FROM opm.address
Hibernate: DELETE FROM opm.error
Hibernate: DELETE FROM opm.info
Hibernate: DELETE FROM opm.notification
Hibernate: DELETE FROM opm.app_user
Hibernate: DELETE FROM opm.batch_daily_payments_history
Hibernate: DELETE FROM opm.audit_batch_history
Hibernate: DELETE FROM opm.new_claim_number_history
Hibernate: DELETE FROM opm.annuitant_list_history
Hibernate: DELETE FROM opm.time_factor_history
Hibernate: DELETE FROM opm.contact_info_history
Hibernate: DELETE FROM opm.interest_suppression_history
Hibernate: DELETE FROM opm.gl_payment_type_history
Hibernate: DELETE FROM opm.scm_first_insert_history
Hibernate: DELETE FROM opm.holiday_history
Hibernate: DELETE FROM opm.deduction_rate_history
Hibernate: DELETE FROM opm.interest_grace_period_history
Hibernate: DELETE FROM opm.gl_code_history
Hibernate: DELETE FROM opm.claim_without_service_history
Hibernate: DELETE FROM opm.payment_transaction_note_history
Hibernate: DELETE FROM opm.payment_move_transaction_history
Hibernate: DELETE FROM opm.interest_rate_history
Hibernate: DELETE FROM opm.payment_interest_detail_history
Hibernate: DELETE FROM opm.adjustment_transaction_history
Hibernate: DELETE FROM opm.invoice_history
Hibernate: DELETE FROM opm.a01_print_suppression_case_history
Hibernate: DELETE FROM opm.user_account_assignment_history
Hibernate: DELETE FROM opm.payment_refund_link_history
Hibernate: DELETE FROM opm.payments_applied_order_code_history
Hibernate: DELETE FROM opm.service_credit_preference_history
Hibernate: DELETE FROM opm.account_confirmation_validation_entry_history
Hibernate: DELETE FROM opm.account_confirmation_validation_history
Hibernate: DELETE FROM opm.payment_reverse_history
Hibernate: DELETE FROM opm.payment_history
Hibernate: DELETE FROM opm.pay_trans_status_code_history
Hibernate: DELETE FROM opm.notification_READBY_history
Hibernate: DELETE FROM opm.refund_transaction_history
Hibernate: DELETE FROM opm.summary_data_history
Hibernate: DELETE FROM opm.dedeposit_history
Hibernate: DELETE FROM opm.redeposit_history
Hibernate: DELETE FROM opm.calculation_result_item_history
Hibernate: DELETE FROM opm.calculation_result_history
Hibernate: DELETE FROM opm.calculation_history
Hibernate: DELETE FROM opm.fers_redeposit_history
Hibernate: DELETE FROM opm.fers_deposit_history
Hibernate: DELETE FROM opm.calculation_version_history
Hibernate: DELETE FROM opm.billing_history
Hibernate: DELETE FROM opm.billing_summary_history
Hibernate: DELETE FROM opm.account_note_history
Hibernate: DELETE FROM opm.address_history
Hibernate: DELETE FROM opm.account_history
Hibernate: DELETE FROM opm.account_holder_history
Hibernate: DELETE FROM opm.error_history
Hibernate: DELETE FROM opm.info_history
Hibernate: DELETE FROM opm.notification_history
Hibernate: DELETE FROM opm.app_user_history
Hibernate: DELETE FROM opm.change_trans_field_number_code
Hibernate: DELETE FROM opm.pay_code
Hibernate: DELETE FROM opm.payment_applied_order
Hibernate: DELETE FROM opm.agency_code
Hibernate: DELETE FROM opm.calculation_status
Hibernate: DELETE FROM opm.transfer_type
Hibernate: DELETE FROM opm.user_status
Hibernate: DELETE FROM opm.claim_officer
Hibernate: DELETE FROM opm.payment_status
Hibernate: DELETE FROM opm.application_designation
Hibernate: DELETE FROM opm.payment_reversal_reason
Hibernate: DELETE FROM opm.pay_type
Hibernate: DELETE FROM opm.appointment_type
Hibernate: DELETE FROM opm.role
Hibernate: DELETE FROM opm.service_type
Hibernate: DELETE FROM opm.retirement_type
Hibernate: DELETE FROM opm.account_status
Hibernate: DELETE FROM opm.country
Hibernate: DELETE FROM opm.state
Hibernate: DELETE FROM opm.period_type
Hibernate: DELETE FROM opm.suffix
Hibernate: DELETE FROM opm.form_type
Hibernate: insert into opm.service_type (deleted, name, display_order, fers_deposit_allowed_after_88) values (?, ?, ?, ?)
Hibernate: select servicetyp0_.id as id1_71_0_, servicetyp0_.deleted as deleted2_71_0_, servicetyp0_.name as name3_71_0_, servicetyp0_.display_order as display4_71_0_, servicetyp0_.fers_deposit_allowed_after_88 as fers5_71_0_ from opm.service_type servicetyp0_ where servicetyp0_.id=?
Hibernate: update opm.service_type set deleted=?, name=?, display_order=?, fers_deposit_allowed_after_88=? where id=?
Hibernate: delete from opm.service_type where id=?
Hibernate: select servicetyp0_.id as id1_71_0_, servicetyp0_.deleted as deleted2_71_0_, servicetyp0_.name as name3_71_0_, servicetyp0_.display_order as display4_71_0_, servicetyp0_.fers_deposit_allowed_after_88 as fers5_71_0_ from opm.service_type servicetyp0_ where servicetyp0_.id=?
Hibernate: DELETE FROM opm.batch_daily_payments
Hibernate: DELETE FROM opm.audit_batch
Hibernate: DELETE FROM opm.new_claim_number
Hibernate: DELETE FROM opm.annuitant_list
Hibernate: DELETE FROM opm.time_factor
Hibernate: DELETE FROM opm.contact_info
Hibernate: DELETE FROM opm.interest_suppression
Hibernate: DELETE FROM opm.gl_payment_type
Hibernate: DELETE FROM opm.scm_first_insert
Hibernate: DELETE FROM opm.holiday
Hibernate: DELETE FROM opm.deduction_rate
Hibernate: DELETE FROM opm.interest_grace_period
Hibernate: DELETE FROM opm.gl_code
Hibernate: DELETE FROM opm.claim_without_service
Hibernate: DELETE FROM opm.payment_transaction_note
Hibernate: DELETE FROM opm.payment_move_transaction
Hibernate: DELETE FROM opm.interest_rate
Hibernate: DELETE FROM opm.payment_interest_detail
Hibernate: DELETE FROM opm.adjustment_transaction
Hibernate: DELETE FROM opm.invoice
Hibernate: DELETE FROM opm.a01_print_suppression_case
Hibernate: DELETE FROM opm.user_account_assignment
Hibernate: DELETE FROM opm.payment_refund_link
Hibernate: DELETE FROM opm.role_permission
Hibernate: DELETE FROM opm.user_permission
Hibernate: DELETE FROM opm.service_credit_preference
Hibernate: DELETE FROM opm.account_confirmation_validation_entry
Hibernate: DELETE FROM opm.payment_reverse
Hibernate: DELETE FROM opm.payment
Hibernate: DELETE FROM opm.pay_trans_status_code
Hibernate: DELETE FROM opm.payments_applied_order_code
Hibernate: DELETE FROM opm.printout
Hibernate: DELETE FROM opm.related_help_items
Hibernate: DELETE FROM opm.help_item
Hibernate: DELETE FROM opm.notification_READBY
Hibernate: DELETE FROM opm.date_calculation_data
Hibernate: DELETE FROM opm.refund_transaction
Hibernate: DELETE FROM opm.audit_parameter_record
Hibernate: DELETE FROM opm.audit_record
Hibernate: DELETE FROM opm.dedeposit
Hibernate: DELETE FROM opm.redeposit
Hibernate: DELETE FROM opm.calculation_result_item
Hibernate: DELETE FROM opm.calculation
Hibernate: DELETE FROM opm.fers_redeposit
Hibernate: DELETE FROM opm.fers_deposit
Hibernate: DELETE FROM opm.calculation_version
Hibernate: DELETE FROM opm.calculation_result
Hibernate: DELETE FROM opm.summary_data
Hibernate: DELETE FROM opm.billing
Hibernate: DELETE FROM opm.account_note
Hibernate: DELETE FROM opm.account
Hibernate: DELETE FROM opm.account_confirmation_validation
Hibernate: DELETE FROM opm.billing_summary
Hibernate: DELETE FROM opm.account_holder
Hibernate: DELETE FROM opm.address
Hibernate: DELETE FROM opm.error
Hibernate: DELETE FROM opm.info
Hibernate: DELETE FROM opm.notification
Hibernate: DELETE FROM opm.app_user
Hibernate: DELETE FROM opm.batch_daily_payments_history
Hibernate: DELETE FROM opm.audit_batch_history
Hibernate: DELETE FROM opm.new_claim_number_history
Hibernate: DELETE FROM opm.annuitant_list_history
Hibernate: DELETE FROM opm.time_factor_history
Hibernate: DELETE FROM opm.contact_info_history
Hibernate: DELETE FROM opm.interest_suppression_history
Hibernate: DELETE FROM opm.gl_payment_type_history
Hibernate: DELETE FROM opm.scm_first_insert_history
Hibernate: DELETE FROM opm.holiday_history
Hibernate: DELETE FROM opm.deduction_rate_history
Hibernate: DELETE FROM opm.interest_grace_period_history
Hibernate: DELETE FROM opm.gl_code_history
Hibernate: DELETE FROM opm.claim_without_service_history
Hibernate: DELETE FROM opm.payment_transaction_note_history
Hibernate: DELETE FROM opm.payment_move_transaction_history
Hibernate: DELETE FROM opm.interest_rate_history
Hibernate: DELETE FROM opm.payment_interest_detail_history
Hibernate: DELETE FROM opm.adjustment_transaction_history
Hibernate: DELETE FROM opm.invoice_history
Hibernate: DELETE FROM opm.a01_print_suppression_case_history
Hibernate: DELETE FROM opm.user_account_assignment_history
Hibernate: DELETE FROM opm.payment_refund_link_history
Hibernate: DELETE FROM opm.payments_applied_order_code_history
Hibernate: DELETE FROM opm.service_credit_preference_history
Hibernate: DELETE FROM opm.account_confirmation_validation_entry_history
Hibernate: DELETE FROM opm.account_confirmation_validation_history
Hibernate: DELETE FROM opm.payment_reverse_history
Hibernate: DELETE FROM opm.payment_history
Hibernate: DELETE FROM opm.pay_trans_status_code_history
Hibernate: DELETE FROM opm.notification_READBY_history
Hibernate: DELETE FROM opm.refund_transaction_history
Hibernate: DELETE FROM opm.summary_data_history
Hibernate: DELETE FROM opm.dedeposit_history
Hibernate: DELETE FROM opm.redeposit_history
Hibernate: DELETE FROM opm.calculation_result_item_history
Hibernate: DELETE FROM opm.calculation_result_history
Hibernate: DELETE FROM opm.calculation_history
Hibernate: DELETE FROM opm.fers_redeposit_history
Hibernate: DELETE FROM opm.fers_deposit_history
Hibernate: DELETE FROM opm.calculation_version_history
Hibernate: DELETE FROM opm.billing_history
Hibernate: DELETE FROM opm.billing_summary_history
Hibernate: DELETE FROM opm.account_note_history
Hibernate: DELETE FROM opm.address_history
Hibernate: DELETE FROM opm.account_history
Hibernate: DELETE FROM opm.account_holder_history
Hibernate: DELETE FROM opm.error_history
Hibernate: DELETE FROM opm.info_history
Hibernate: DELETE FROM opm.notification_history
Hibernate: DELETE FROM opm.app_user_history
Hibernate: DELETE FROM opm.change_trans_field_number_code
Hibernate: DELETE FROM opm.pay_code
Hibernate: DELETE FROM opm.payment_applied_order
Hibernate: DELETE FROM opm.agency_code
Hibernate: DELETE FROM opm.calculation_status
Hibernate: DELETE FROM opm.transfer_type
Hibernate: DELETE FROM opm.user_status
Hibernate: DELETE FROM opm.claim_officer
Hibernate: DELETE FROM opm.payment_status
Hibernate: DELETE FROM opm.application_designation
Hibernate: DELETE FROM opm.payment_reversal_reason
Hibernate: DELETE FROM opm.pay_type
Hibernate: DELETE FROM opm.appointment_type
Hibernate: DELETE FROM opm.role
Hibernate: DELETE FROM opm.service_type
Hibernate: DELETE FROM opm.retirement_type
Hibernate: DELETE FROM opm.account_status
Hibernate: DELETE FROM opm.country
Hibernate: DELETE FROM opm.state
Hibernate: DELETE FROM opm.period_type
Hibernate: DELETE FROM opm.suffix
Hibernate: DELETE FROM opm.form_type
Hibernate: DELETE FROM opm.batch_daily_payments
Hibernate: DELETE FROM opm.audit_batch
Hibernate: DELETE FROM opm.new_claim_number
Hibernate: DELETE FROM opm.annuitant_list
Hibernate: DELETE FROM opm.time_factor
Hibernate: DELETE FROM opm.contact_info
Hibernate: DELETE FROM opm.interest_suppression
Hibernate: DELETE FROM opm.gl_payment_type
Hibernate: DELETE FROM opm.scm_first_insert
Hibernate: DELETE FROM opm.holiday
Hibernate: DELETE FROM opm.deduction_rate
Hibernate: DELETE FROM opm.interest_grace_period
Hibernate: DELETE FROM opm.gl_code
Hibernate: DELETE FROM opm.claim_without_service
Hibernate: DELETE FROM opm.payment_transaction_note
Hibernate: DELETE FROM opm.payment_move_transaction
Hibernate: DELETE FROM opm.interest_rate
Hibernate: DELETE FROM opm.payment_interest_detail
Hibernate: DELETE FROM opm.adjustment_transaction
Hibernate: DELETE FROM opm.invoice
Hibernate: DELETE FROM opm.a01_print_suppression_case
Hibernate: DELETE FROM opm.user_account_assignment
Hibernate: DELETE FROM opm.payment_refund_link
Hibernate: DELETE FROM opm.role_permission
Hibernate: DELETE FROM opm.user_permission
Hibernate: DELETE FROM opm.service_credit_preference
Hibernate: DELETE FROM opm.account_confirmation_validation_entry
Hibernate: DELETE FROM opm.payment_reverse
Hibernate: DELETE FROM opm.payment
Hibernate: DELETE FROM opm.pay_trans_status_code
Hibernate: DELETE FROM opm.payments_applied_order_code
Hibernate: DELETE FROM opm.printout
Hibernate: DELETE FROM opm.related_help_items
Hibernate: DELETE FROM opm.help_item
Hibernate: DELETE FROM opm.notification_READBY
Hibernate: DELETE FROM opm.date_calculation_data
Hibernate: DELETE FROM opm.refund_transaction
Hibernate: DELETE FROM opm.audit_parameter_record
Hibernate: DELETE FROM opm.audit_record
Hibernate: DELETE FROM opm.dedeposit
Hibernate: DELETE FROM opm.redeposit
Hibernate: DELETE FROM opm.calculation_result_item
Hibernate: DELETE FROM opm.calculation
Hibernate: DELETE FROM opm.fers_redeposit
Hibernate: DELETE FROM opm.fers_deposit
Hibernate: DELETE FROM opm.calculation_version
Hibernate: DELETE FROM opm.calculation_result
Hibernate: DELETE FROM opm.summary_data
Hibernate: DELETE FROM opm.billing
Hibernate: DELETE FROM opm.account_note
Hibernate: DELETE FROM opm.account
Hibernate: DELETE FROM opm.account_confirmation_validation
Hibernate: DELETE FROM opm.billing_summary
Hibernate: DELETE FROM opm.account_holder
Hibernate: DELETE FROM opm.address
Hibernate: DELETE FROM opm.error
Hibernate: DELETE FROM opm.info
Hibernate: DELETE FROM opm.notification
Hibernate: DELETE FROM opm.app_user
Hibernate: DELETE FROM opm.batch_daily_payments_history
Hibernate: DELETE FROM opm.audit_batch_history
Hibernate: DELETE FROM opm.new_claim_number_history
Hibernate: DELETE FROM opm.annuitant_list_history
Hibernate: DELETE FROM opm.time_factor_history
Hibernate: DELETE FROM opm.contact_info_history
Hibernate: DELETE FROM opm.interest_suppression_history
Hibernate: DELETE FROM opm.gl_payment_type_history
Hibernate: DELETE FROM opm.scm_first_insert_history
Hibernate: DELETE FROM opm.holiday_history
Hibernate: DELETE FROM opm.deduction_rate_history
Hibernate: DELETE FROM opm.interest_grace_period_history
Hibernate: DELETE FROM opm.gl_code_history
Hibernate: DELETE FROM opm.claim_without_service_history
Hibernate: DELETE FROM opm.payment_transaction_note_history
Hibernate: DELETE FROM opm.payment_move_transaction_history
Hibernate: DELETE FROM opm.interest_rate_history
Hibernate: DELETE FROM opm.payment_interest_detail_history
Hibernate: DELETE FROM opm.adjustment_transaction_history
Hibernate: DELETE FROM opm.invoice_history
Hibernate: DELETE FROM opm.a01_print_suppression_case_history
Hibernate: DELETE FROM opm.user_account_assignment_history
Hibernate: DELETE FROM opm.payment_refund_link_history
Hibernate: DELETE FROM opm.payments_applied_order_code_history
Hibernate: DELETE FROM opm.service_credit_preference_history
Hibernate: DELETE FROM opm.account_confirmation_validation_entry_history
Hibernate: DELETE FROM opm.account_confirmation_validation_history
Hibernate: DELETE FROM opm.payment_reverse_history
Hibernate: DELETE FROM opm.payment_history
Hibernate: DELETE FROM opm.pay_trans_status_code_history
Hibernate: DELETE FROM opm.notification_READBY_history
Hibernate: DELETE FROM opm.refund_transaction_history
Hibernate: DELETE FROM opm.summary_data_history
Hibernate: DELETE FROM opm.dedeposit_history
Hibernate: DELETE FROM opm.redeposit_history
Hibernate: DELETE FROM opm.calculation_result_item_history
Hibernate: DELETE FROM opm.calculation_result_history
Hibernate: DELETE FROM opm.calculation_history
Hibernate: DELETE FROM opm.fers_redeposit_history
Hibernate: DELETE FROM opm.fers_deposit_history
Hibernate: DELETE FROM opm.calculation_version_history
Hibernate: DELETE FROM opm.billing_history
Hibernate: DELETE FROM opm.billing_summary_history
Hibernate: DELETE FROM opm.account_note_history
Hibernate: DELETE FROM opm.address_history
Hibernate: DELETE FROM opm.account_history
Hibernate: DELETE FROM opm.account_holder_history
Hibernate: DELETE FROM opm.error_history
Hibernate: DELETE FROM opm.info_history
Hibernate: DELETE FROM opm.notification_history
Hibernate: DELETE FROM opm.app_user_history
Hibernate: DELETE FROM opm.change_trans_field_number_code
Hibernate: DELETE FROM opm.pay_code
Hibernate: DELETE FROM opm.payment_applied_order
Hibernate: DELETE FROM opm.agency_code
Hibernate: DELETE FROM opm.calculation_status
Hibernate: DELETE FROM opm.transfer_type
Hibernate: DELETE FROM opm.user_status
Hibernate: DELETE FROM opm.claim_officer
Hibernate: DELETE FROM opm.payment_status
Hibernate: DELETE FROM opm.application_designation
Hibernate: DELETE FROM opm.payment_reversal_reason
Hibernate: DELETE FROM opm.pay_type
Hibernate: DELETE FROM opm.appointment_type
Hibernate: DELETE FROM opm.role
Hibernate: DELETE FROM opm.service_type
Hibernate: DELETE FROM opm.retirement_type
Hibernate: DELETE FROM opm.account_status
Hibernate: DELETE FROM opm.country
Hibernate: DELETE FROM opm.state
Hibernate: DELETE FROM opm.period_type
Hibernate: DELETE FROM opm.suffix
Hibernate: DELETE FROM opm.form_type
Hibernate: insert into opm.role (deleted, name, description) values (?, ?, ?)
Hibernate: select role0_.id as id1_67_0_, role0_.deleted as deleted2_67_0_, role0_.name as name3_67_0_, role0_.description as descript4_67_0_ from opm.role role0_ where role0_.id=?
Hibernate: update opm.role set deleted=?, name=?, description=? where id=?
Hibernate: delete from opm.role where id=?
Hibernate: select role0_.id as id1_67_0_, role0_.deleted as deleted2_67_0_, role0_.name as name3_67_0_, role0_.description as descript4_67_0_ from opm.role role0_ where role0_.id=?
Hibernate: DELETE FROM opm.batch_daily_payments
Hibernate: DELETE FROM opm.audit_batch
Hibernate: DELETE FROM opm.new_claim_number
Hibernate: DELETE FROM opm.annuitant_list
Hibernate: DELETE FROM opm.time_factor
Hibernate: DELETE FROM opm.contact_info
Hibernate: DELETE FROM opm.interest_suppression
Hibernate: DELETE FROM opm.gl_payment_type
Hibernate: DELETE FROM opm.scm_first_insert
Hibernate: DELETE FROM opm.holiday
Hibernate: DELETE FROM opm.deduction_rate
Hibernate: DELETE FROM opm.interest_grace_period
Hibernate: DELETE FROM opm.gl_code
Hibernate: DELETE FROM opm.claim_without_service
Hibernate: DELETE FROM opm.payment_transaction_note
Hibernate: DELETE FROM opm.payment_move_transaction
Hibernate: DELETE FROM opm.interest_rate
Hibernate: DELETE FROM opm.payment_interest_detail
Hibernate: DELETE FROM opm.adjustment_transaction
Hibernate: DELETE FROM opm.invoice
Hibernate: DELETE FROM opm.a01_print_suppression_case
Hibernate: DELETE FROM opm.user_account_assignment
Hibernate: DELETE FROM opm.payment_refund_link
Hibernate: DELETE FROM opm.role_permission
Hibernate: DELETE FROM opm.user_permission
Hibernate: DELETE FROM opm.service_credit_preference
Hibernate: DELETE FROM opm.account_confirmation_validation_entry
Hibernate: DELETE FROM opm.payment_reverse
Hibernate: DELETE FROM opm.payment
Hibernate: DELETE FROM opm.pay_trans_status_code
Hibernate: DELETE FROM opm.payments_applied_order_code
Hibernate: DELETE FROM opm.printout
Hibernate: DELETE FROM opm.related_help_items
Hibernate: DELETE FROM opm.help_item
Hibernate: DELETE FROM opm.notification_READBY
Hibernate: DELETE FROM opm.date_calculation_data
Hibernate: DELETE FROM opm.refund_transaction
Hibernate: DELETE FROM opm.audit_parameter_record
Hibernate: DELETE FROM opm.audit_record
Hibernate: DELETE FROM opm.dedeposit
Hibernate: DELETE FROM opm.redeposit
Hibernate: DELETE FROM opm.calculation_result_item
Hibernate: DELETE FROM opm.calculation
Hibernate: DELETE FROM opm.fers_redeposit
Hibernate: DELETE FROM opm.fers_deposit
Hibernate: DELETE FROM opm.calculation_version
Hibernate: DELETE FROM opm.calculation_result
Hibernate: DELETE FROM opm.summary_data
Hibernate: DELETE FROM opm.billing
Hibernate: DELETE FROM opm.account_note
Hibernate: DELETE FROM opm.account
Hibernate: DELETE FROM opm.account_confirmation_validation
Hibernate: DELETE FROM opm.billing_summary
Hibernate: DELETE FROM opm.account_holder
Hibernate: DELETE FROM opm.address
Hibernate: DELETE FROM opm.error
Hibernate: DELETE FROM opm.info
Hibernate: DELETE FROM opm.notification
Hibernate: DELETE FROM opm.app_user
Hibernate: DELETE FROM opm.batch_daily_payments_history
Hibernate: DELETE FROM opm.audit_batch_history
Hibernate: DELETE FROM opm.new_claim_number_history
Hibernate: DELETE FROM opm.annuitant_list_history
Hibernate: DELETE FROM opm.time_factor_history
Hibernate: DELETE FROM opm.contact_info_history
Hibernate: DELETE FROM opm.interest_suppression_history
Hibernate: DELETE FROM opm.gl_payment_type_history
Hibernate: DELETE FROM opm.scm_first_insert_history
Hibernate: DELETE FROM opm.holiday_history
Hibernate: DELETE FROM opm.deduction_rate_history
Hibernate: DELETE FROM opm.interest_grace_period_history
Hibernate: DELETE FROM opm.gl_code_history
Hibernate: DELETE FROM opm.claim_without_service_history
Hibernate: DELETE FROM opm.payment_transaction_note_history
Hibernate: DELETE FROM opm.payment_move_transaction_history
Hibernate: DELETE FROM opm.interest_rate_history
Hibernate: DELETE FROM opm.payment_interest_detail_history
Hibernate: DELETE FROM opm.adjustment_transaction_history
Hibernate: DELETE FROM opm.invoice_history
Hibernate: DELETE FROM opm.a01_print_suppression_case_history
Hibernate: DELETE FROM opm.user_account_assignment_history
Hibernate: DELETE FROM opm.payment_refund_link_history
Hibernate: DELETE FROM opm.payments_applied_order_code_history
Hibernate: DELETE FROM opm.service_credit_preference_history
Hibernate: DELETE FROM opm.account_confirmation_validation_entry_history
Hibernate: DELETE FROM opm.account_confirmation_validation_history
Hibernate: DELETE FROM opm.payment_reverse_history
Hibernate: DELETE FROM opm.payment_history
Hibernate: DELETE FROM opm.pay_trans_status_code_history
Hibernate: DELETE FROM opm.notification_READBY_history
Hibernate: DELETE FROM opm.refund_transaction_history
Hibernate: DELETE FROM opm.summary_data_history
Hibernate: DELETE FROM opm.dedeposit_history
Hibernate: DELETE FROM opm.redeposit_history
Hibernate: DELETE FROM opm.calculation_result_item_history
Hibernate: DELETE FROM opm.calculation_result_history
Hibernate: DELETE FROM opm.calculation_history
Hibernate: DELETE FROM opm.fers_redeposit_history
Hibernate: DELETE FROM opm.fers_deposit_history
Hibernate: DELETE FROM opm.calculation_version_history
Hibernate: DELETE FROM opm.billing_history
Hibernate: DELETE FROM opm.billing_summary_history
Hibernate: DELETE FROM opm.account_note_history
Hibernate: DELETE FROM opm.address_history
Hibernate: DELETE FROM opm.account_history
Hibernate: DELETE FROM opm.account_holder_history
Hibernate: DELETE FROM opm.error_history
Hibernate: DELETE FROM opm.info_history
Hibernate: DELETE FROM opm.notification_history
Hibernate: DELETE FROM opm.app_user_history
Hibernate: DELETE FROM opm.change_trans_field_number_code
Hibernate: DELETE FROM opm.pay_code
Hibernate: DELETE FROM opm.payment_applied_order
Hibernate: DELETE FROM opm.agency_code
Hibernate: DELETE FROM opm.calculation_status
Hibernate: DELETE FROM opm.transfer_type
Hibernate: DELETE FROM opm.user_status
Hibernate: DELETE FROM opm.claim_officer
Hibernate: DELETE FROM opm.payment_status
Hibernate: DELETE FROM opm.application_designation
Hibernate: DELETE FROM opm.payment_reversal_reason
Hibernate: DELETE FROM opm.pay_type
Hibernate: DELETE FROM opm.appointment_type
Hibernate: DELETE FROM opm.role
Hibernate: DELETE FROM opm.service_type
Hibernate: DELETE FROM opm.retirement_type
Hibernate: DELETE FROM opm.account_status
Hibernate: DELETE FROM opm.country
Hibernate: DELETE FROM opm.state
Hibernate: DELETE FROM opm.period_type
Hibernate: DELETE FROM opm.suffix
Hibernate: DELETE FROM opm.form_type
Hibernate: DELETE FROM opm.batch_daily_payments
Hibernate: DELETE FROM opm.audit_batch
Hibernate: DELETE FROM opm.new_claim_number
Hibernate: DELETE FROM opm.annuitant_list
Hibernate: DELETE FROM opm.time_factor
Hibernate: DELETE FROM opm.contact_info
Hibernate: DELETE FROM opm.interest_suppression
Hibernate: DELETE FROM opm.gl_payment_type
Hibernate: DELETE FROM opm.scm_first_insert
Hibernate: DELETE FROM opm.holiday
Hibernate: DELETE FROM opm.deduction_rate
Hibernate: DELETE FROM opm.interest_grace_period
Hibernate: DELETE FROM opm.gl_code
Hibernate: DELETE FROM opm.claim_without_service
Hibernate: DELETE FROM opm.payment_transaction_note
Hibernate: DELETE FROM opm.payment_move_transaction
Hibernate: DELETE FROM opm.interest_rate
Hibernate: DELETE FROM opm.payment_interest_detail
Hibernate: DELETE FROM opm.adjustment_transaction
Hibernate: DELETE FROM opm.invoice
Hibernate: DELETE FROM opm.a01_print_suppression_case
Hibernate: DELETE FROM opm.user_account_assignment
Hibernate: DELETE FROM opm.payment_refund_link
Hibernate: DELETE FROM opm.role_permission
Hibernate: DELETE FROM opm.user_permission
Hibernate: DELETE FROM opm.service_credit_preference
Hibernate: DELETE FROM opm.account_confirmation_validation_entry
Hibernate: DELETE FROM opm.payment_reverse
Hibernate: DELETE FROM opm.payment
Hibernate: DELETE FROM opm.pay_trans_status_code
Hibernate: DELETE FROM opm.payments_applied_order_code
Hibernate: DELETE FROM opm.printout
Hibernate: DELETE FROM opm.related_help_items
Hibernate: DELETE FROM opm.help_item
Hibernate: DELETE FROM opm.notification_READBY
Hibernate: DELETE FROM opm.date_calculation_data
Hibernate: DELETE FROM opm.refund_transaction
Hibernate: DELETE FROM opm.audit_parameter_record
Hibernate: DELETE FROM opm.audit_record
Hibernate: DELETE FROM opm.dedeposit
Hibernate: DELETE FROM opm.redeposit
Hibernate: DELETE FROM opm.calculation_result_item
Hibernate: DELETE FROM opm.calculation
Hibernate: DELETE FROM opm.fers_redeposit
Hibernate: DELETE FROM opm.fers_deposit
Hibernate: DELETE FROM opm.calculation_version
Hibernate: DELETE FROM opm.calculation_result
Hibernate: DELETE FROM opm.summary_data
Hibernate: DELETE FROM opm.billing
Hibernate: DELETE FROM opm.account_note
Hibernate: DELETE FROM opm.account
Hibernate: DELETE FROM opm.account_confirmation_validation
Hibernate: DELETE FROM opm.billing_summary
Hibernate: DELETE FROM opm.account_holder
Hibernate: DELETE FROM opm.address
Hibernate: DELETE FROM opm.error
Hibernate: DELETE FROM opm.info
Hibernate: DELETE FROM opm.notification
Hibernate: DELETE FROM opm.app_user
Hibernate: DELETE FROM opm.batch_daily_payments_history
Hibernate: DELETE FROM opm.audit_batch_history
Hibernate: DELETE FROM opm.new_claim_number_history
Hibernate: DELETE FROM opm.annuitant_list_history
Hibernate: DELETE FROM opm.time_factor_history
Hibernate: DELETE FROM opm.contact_info_history
Hibernate: DELETE FROM opm.interest_suppression_history
Hibernate: DELETE FROM opm.gl_payment_type_history
Hibernate: DELETE FROM opm.scm_first_insert_history
Hibernate: DELETE FROM opm.holiday_history
Hibernate: DELETE FROM opm.deduction_rate_history
Hibernate: DELETE FROM opm.interest_grace_period_history
Hibernate: DELETE FROM opm.gl_code_history
Hibernate: DELETE FROM opm.claim_without_service_history
Hibernate: DELETE FROM opm.payment_transaction_note_history
Hibernate: DELETE FROM opm.payment_move_transaction_history
Hibernate: DELETE FROM opm.interest_rate_history
Hibernate: DELETE FROM opm.payment_interest_detail_history
Hibernate: DELETE FROM opm.adjustment_transaction_history
Hibernate: DELETE FROM opm.invoice_history
Hibernate: DELETE FROM opm.a01_print_suppression_case_history
Hibernate: DELETE FROM opm.user_account_assignment_history
Hibernate: DELETE FROM opm.payment_refund_link_history
Hibernate: DELETE FROM opm.payments_applied_order_code_history
Hibernate: DELETE FROM opm.service_credit_preference_history
Hibernate: DELETE FROM opm.account_confirmation_validation_entry_history
Hibernate: DELETE FROM opm.account_confirmation_validation_history
Hibernate: DELETE FROM opm.payment_reverse_history
Hibernate: DELETE FROM opm.payment_history
Hibernate: DELETE FROM opm.pay_trans_status_code_history
Hibernate: DELETE FROM opm.notification_READBY_history
Hibernate: DELETE FROM opm.refund_transaction_history
Hibernate: DELETE FROM opm.summary_data_history
Hibernate: DELETE FROM opm.dedeposit_history
Hibernate: DELETE FROM opm.redeposit_history
Hibernate: DELETE FROM opm.calculation_result_item_history
Hibernate: DELETE FROM opm.calculation_result_history
Hibernate: DELETE FROM opm.calculation_history
Hibernate: DELETE FROM opm.fers_redeposit_history
Hibernate: DELETE FROM opm.fers_deposit_history
Hibernate: DELETE FROM opm.calculation_version_history
Hibernate: DELETE FROM opm.billing_history
Hibernate: DELETE FROM opm.billing_summary_history
Hibernate: DELETE FROM opm.account_note_history
Hibernate: DELETE FROM opm.address_history
Hibernate: DELETE FROM opm.account_history
Hibernate: DELETE FROM opm.account_holder_history
Hibernate: DELETE FROM opm.error_history
Hibernate: DELETE FROM opm.info_history
Hibernate: DELETE FROM opm.notification_history
Hibernate: DELETE FROM opm.app_user_history
Hibernate: DELETE FROM opm.change_trans_field_number_code
Hibernate: DELETE FROM opm.pay_code
Hibernate: DELETE FROM opm.payment_applied_order
Hibernate: DELETE FROM opm.agency_code
Hibernate: DELETE FROM opm.calculation_status
Hibernate: DELETE FROM opm.transfer_type
Hibernate: DELETE FROM opm.user_status
Hibernate: DELETE FROM opm.claim_officer
Hibernate: DELETE FROM opm.payment_status
Hibernate: DELETE FROM opm.application_designation
Hibernate: DELETE FROM opm.payment_reversal_reason
Hibernate: DELETE FROM opm.pay_type
Hibernate: DELETE FROM opm.appointment_type
Hibernate: DELETE FROM opm.role
Hibernate: DELETE FROM opm.service_type
Hibernate: DELETE FROM opm.retirement_type
Hibernate: DELETE FROM opm.account_status
Hibernate: DELETE FROM opm.country
Hibernate: DELETE FROM opm.state
Hibernate: DELETE FROM opm.period_type
Hibernate: DELETE FROM opm.suffix
Hibernate: DELETE FROM opm.form_type
Hibernate: insert into opm.appointment_type (deleted, name, display_order, type_category, description) values (?, ?, ?, ?, ?)
Hibernate: select appointmen0_.id as id1_13_0_, appointmen0_.deleted as deleted2_13_0_, appointmen0_.name as name3_13_0_, appointmen0_.display_order as display4_13_0_, appointmen0_.type_category as type5_13_0_, appointmen0_.description as descript6_13_0_ from opm.appointment_type appointmen0_ where appointmen0_.id=?
Hibernate: update opm.appointment_type set deleted=?, name=?, display_order=?, type_category=?, description=? where id=?
Hibernate: delete from opm.appointment_type where id=?
Hibernate: select appointmen0_.id as id1_13_0_, appointmen0_.deleted as deleted2_13_0_, appointmen0_.name as name3_13_0_, appointmen0_.display_order as display4_13_0_, appointmen0_.type_category as type5_13_0_, appointmen0_.description as descript6_13_0_ from opm.appointment_type appointmen0_ where appointmen0_.id=?
Hibernate: DELETE FROM opm.batch_daily_payments
Hibernate: DELETE FROM opm.audit_batch
Hibernate: DELETE FROM opm.new_claim_number
Hibernate: DELETE FROM opm.annuitant_list
Hibernate: DELETE FROM opm.time_factor
Hibernate: DELETE FROM opm.contact_info
Hibernate: DELETE FROM opm.interest_suppression
Hibernate: DELETE FROM opm.gl_payment_type
Hibernate: DELETE FROM opm.scm_first_insert
Hibernate: DELETE FROM opm.holiday
Hibernate: DELETE FROM opm.deduction_rate
Hibernate: DELETE FROM opm.interest_grace_period
Hibernate: DELETE FROM opm.gl_code
Hibernate: DELETE FROM opm.claim_without_service
Hibernate: DELETE FROM opm.payment_transaction_note
Hibernate: DELETE FROM opm.payment_move_transaction
Hibernate: DELETE FROM opm.interest_rate
Hibernate: DELETE FROM opm.payment_interest_detail
Hibernate: DELETE FROM opm.adjustment_transaction
Hibernate: DELETE FROM opm.invoice
Hibernate: DELETE FROM opm.a01_print_suppression_case
Hibernate: DELETE FROM opm.user_account_assignment
Hibernate: DELETE FROM opm.payment_refund_link
Hibernate: DELETE FROM opm.role_permission
Hibernate: DELETE FROM opm.user_permission
Hibernate: DELETE FROM opm.service_credit_preference
Hibernate: DELETE FROM opm.account_confirmation_validation_entry
Hibernate: DELETE FROM opm.payment_reverse
Hibernate: DELETE FROM opm.payment
Hibernate: DELETE FROM opm.pay_trans_status_code
Hibernate: DELETE FROM opm.payments_applied_order_code
Hibernate: DELETE FROM opm.printout
Hibernate: DELETE FROM opm.related_help_items
Hibernate: DELETE FROM opm.help_item
Hibernate: DELETE FROM opm.notification_READBY
Hibernate: DELETE FROM opm.date_calculation_data
Hibernate: DELETE FROM opm.refund_transaction
Hibernate: DELETE FROM opm.audit_parameter_record
Hibernate: DELETE FROM opm.audit_record
Hibernate: DELETE FROM opm.dedeposit
Hibernate: DELETE FROM opm.redeposit
Hibernate: DELETE FROM opm.calculation_result_item
Hibernate: DELETE FROM opm.calculation
Hibernate: DELETE FROM opm.fers_redeposit
Hibernate: DELETE FROM opm.fers_deposit
Hibernate: DELETE FROM opm.calculation_version
Hibernate: DELETE FROM opm.calculation_result
Hibernate: DELETE FROM opm.summary_data
Hibernate: DELETE FROM opm.billing
Hibernate: DELETE FROM opm.account_note
Hibernate: DELETE FROM opm.account
Hibernate: DELETE FROM opm.account_confirmation_validation
Hibernate: DELETE FROM opm.billing_summary
Hibernate: DELETE FROM opm.account_holder
Hibernate: DELETE FROM opm.address
Hibernate: DELETE FROM opm.error
Hibernate: DELETE FROM opm.info
Hibernate: DELETE FROM opm.notification
Hibernate: DELETE FROM opm.app_user
Hibernate: DELETE FROM opm.batch_daily_payments_history
Hibernate: DELETE FROM opm.audit_batch_history
Hibernate: DELETE FROM opm.new_claim_number_history
Hibernate: DELETE FROM opm.annuitant_list_history
Hibernate: DELETE FROM opm.time_factor_history
Hibernate: DELETE FROM opm.contact_info_history
Hibernate: DELETE FROM opm.interest_suppression_history
Hibernate: DELETE FROM opm.gl_payment_type_history
Hibernate: DELETE FROM opm.scm_first_insert_history
Hibernate: DELETE FROM opm.holiday_history
Hibernate: DELETE FROM opm.deduction_rate_history
Hibernate: DELETE FROM opm.interest_grace_period_history
Hibernate: DELETE FROM opm.gl_code_history
Hibernate: DELETE FROM opm.claim_without_service_history
Hibernate: DELETE FROM opm.payment_transaction_note_history
Hibernate: DELETE FROM opm.payment_move_transaction_history
Hibernate: DELETE FROM opm.interest_rate_history
Hibernate: DELETE FROM opm.payment_interest_detail_history
Hibernate: DELETE FROM opm.adjustment_transaction_history
Hibernate: DELETE FROM opm.invoice_history
Hibernate: DELETE FROM opm.a01_print_suppression_case_history
Hibernate: DELETE FROM opm.user_account_assignment_history
Hibernate: DELETE FROM opm.payment_refund_link_history
Hibernate: DELETE FROM opm.payments_applied_order_code_history
Hibernate: DELETE FROM opm.service_credit_preference_history
Hibernate: DELETE FROM opm.account_confirmation_validation_entry_history
Hibernate: DELETE FROM opm.account_confirmation_validation_history
Hibernate: DELETE FROM opm.payment_reverse_history
Hibernate: DELETE FROM opm.payment_history
Hibernate: DELETE FROM opm.pay_trans_status_code_history
Hibernate: DELETE FROM opm.notification_READBY_history
Hibernate: DELETE FROM opm.refund_transaction_history
Hibernate: DELETE FROM opm.summary_data_history
Hibernate: DELETE FROM opm.dedeposit_history
Hibernate: DELETE FROM opm.redeposit_history
Hibernate: DELETE FROM opm.calculation_result_item_history
Hibernate: DELETE FROM opm.calculation_result_history
Hibernate: DELETE FROM opm.calculation_history
Hibernate: DELETE FROM opm.fers_redeposit_history
Hibernate: DELETE FROM opm.fers_deposit_history
Hibernate: DELETE FROM opm.calculation_version_history
Hibernate: DELETE FROM opm.billing_history
Hibernate: DELETE FROM opm.billing_summary_history
Hibernate: DELETE FROM opm.account_note_history
Hibernate: DELETE FROM opm.address_history
Hibernate: DELETE FROM opm.account_history
Hibernate: DELETE FROM opm.account_holder_history
Hibernate: DELETE FROM opm.error_history
Hibernate: DELETE FROM opm.info_history
Hibernate: DELETE FROM opm.notification_history
Hibernate: DELETE FROM opm.app_user_history
Hibernate: DELETE FROM opm.change_trans_field_number_code
Hibernate: DELETE FROM opm.pay_code
Hibernate: DELETE FROM opm.payment_applied_order
Hibernate: DELETE FROM opm.agency_code
Hibernate: DELETE FROM opm.calculation_status
Hibernate: DELETE FROM opm.transfer_type
Hibernate: DELETE FROM opm.user_status
Hibernate: DELETE FROM opm.claim_officer
Hibernate: DELETE FROM opm.payment_status
Hibernate: DELETE FROM opm.application_designation
Hibernate: DELETE FROM opm.payment_reversal_reason
Hibernate: DELETE FROM opm.pay_type
Hibernate: DELETE FROM opm.appointment_type
Hibernate: DELETE FROM opm.role
Hibernate: DELETE FROM opm.service_type
Hibernate: DELETE FROM opm.retirement_type
Hibernate: DELETE FROM opm.account_status
Hibernate: DELETE FROM opm.country
Hibernate: DELETE FROM opm.state
Hibernate: DELETE FROM opm.period_type
Hibernate: DELETE FROM opm.suffix
Hibernate: DELETE FROM opm.form_type
Hibernate: DELETE FROM opm.batch_daily_payments
Hibernate: DELETE FROM opm.audit_batch
Hibernate: DELETE FROM opm.new_claim_number
Hibernate: DELETE FROM opm.annuitant_list
Hibernate: DELETE FROM opm.time_factor
Hibernate: DELETE FROM opm.contact_info
Hibernate: DELETE FROM opm.interest_suppression
Hibernate: DELETE FROM opm.gl_payment_type
Hibernate: DELETE FROM opm.scm_first_insert
Hibernate: DELETE FROM opm.holiday
Hibernate: DELETE FROM opm.deduction_rate
Hibernate: DELETE FROM opm.interest_grace_period
Hibernate: DELETE FROM opm.gl_code
Hibernate: DELETE FROM opm.claim_without_service
Hibernate: DELETE FROM opm.payment_transaction_note
Hibernate: DELETE FROM opm.payment_move_transaction
Hibernate: DELETE FROM opm.interest_rate
Hibernate: DELETE FROM opm.payment_interest_detail
Hibernate: DELETE FROM opm.adjustment_transaction
Hibernate: DELETE FROM opm.invoice
Hibernate: DELETE FROM opm.a01_print_suppression_case
Hibernate: DELETE FROM opm.user_account_assignment
Hibernate: DELETE FROM opm.payment_refund_link
Hibernate: DELETE FROM opm.role_permission
Hibernate: DELETE FROM opm.user_permission
Hibernate: DELETE FROM opm.service_credit_preference
Hibernate: DELETE FROM opm.account_confirmation_validation_entry
Hibernate: DELETE FROM opm.payment_reverse
Hibernate: DELETE FROM opm.payment
Hibernate: DELETE FROM opm.pay_trans_status_code
Hibernate: DELETE FROM opm.payments_applied_order_code
Hibernate: DELETE FROM opm.printout
Hibernate: DELETE FROM opm.related_help_items
Hibernate: DELETE FROM opm.help_item
Hibernate: DELETE FROM opm.notification_READBY
Hibernate: DELETE FROM opm.date_calculation_data
Hibernate: DELETE FROM opm.refund_transaction
Hibernate: DELETE FROM opm.audit_parameter_record
Hibernate: DELETE FROM opm.audit_record
Hibernate: DELETE FROM opm.dedeposit
Hibernate: DELETE FROM opm.redeposit
Hibernate: DELETE FROM opm.calculation_result_item
Hibernate: DELETE FROM opm.calculation
Hibernate: DELETE FROM opm.fers_redeposit
Hibernate: DELETE FROM opm.fers_deposit
Hibernate: DELETE FROM opm.calculation_version
Hibernate: DELETE FROM opm.calculation_result
Hibernate: DELETE FROM opm.summary_data
Hibernate: DELETE FROM opm.billing
Hibernate: DELETE FROM opm.account_note
Hibernate: DELETE FROM opm.account
Hibernate: DELETE FROM opm.account_confirmation_validation
Hibernate: DELETE FROM opm.billing_summary
Hibernate: DELETE FROM opm.account_holder
Hibernate: DELETE FROM opm.address
Hibernate: DELETE FROM opm.error
Hibernate: DELETE FROM opm.info
Hibernate: DELETE FROM opm.notification
Hibernate: DELETE FROM opm.app_user
Hibernate: DELETE FROM opm.batch_daily_payments_history
Hibernate: DELETE FROM opm.audit_batch_history
Hibernate: DELETE FROM opm.new_claim_number_history
Hibernate: DELETE FROM opm.annuitant_list_history
Hibernate: DELETE FROM opm.time_factor_history
Hibernate: DELETE FROM opm.contact_info_history
Hibernate: DELETE FROM opm.interest_suppression_history
Hibernate: DELETE FROM opm.gl_payment_type_history
Hibernate: DELETE FROM opm.scm_first_insert_history
Hibernate: DELETE FROM opm.holiday_history
Hibernate: DELETE FROM opm.deduction_rate_history
Hibernate: DELETE FROM opm.interest_grace_period_history
Hibernate: DELETE FROM opm.gl_code_history
Hibernate: DELETE FROM opm.claim_without_service_history
Hibernate: DELETE FROM opm.payment_transaction_note_history
Hibernate: DELETE FROM opm.payment_move_transaction_history
Hibernate: DELETE FROM opm.interest_rate_history
Hibernate: DELETE FROM opm.payment_interest_detail_history
Hibernate: DELETE FROM opm.adjustment_transaction_history
Hibernate: DELETE FROM opm.invoice_history
Hibernate: DELETE FROM opm.a01_print_suppression_case_history
Hibernate: DELETE FROM opm.user_account_assignment_history
Hibernate: DELETE FROM opm.payment_refund_link_history
Hibernate: DELETE FROM opm.payments_applied_order_code_history
Hibernate: DELETE FROM opm.service_credit_preference_history
Hibernate: DELETE FROM opm.account_confirmation_validation_entry_history
Hibernate: DELETE FROM opm.account_confirmation_validation_history
Hibernate: DELETE FROM opm.payment_reverse_history
Hibernate: DELETE FROM opm.payment_history
Hibernate: DELETE FROM opm.pay_trans_status_code_history
Hibernate: DELETE FROM opm.notification_READBY_history
Hibernate: DELETE FROM opm.refund_transaction_history
Hibernate: DELETE FROM opm.summary_data_history
Hibernate: DELETE FROM opm.dedeposit_history
Hibernate: DELETE FROM opm.redeposit_history
Hibernate: DELETE FROM opm.calculation_result_item_history
Hibernate: DELETE FROM opm.calculation_result_history
Hibernate: DELETE FROM opm.calculation_history
Hibernate: DELETE FROM opm.fers_redeposit_history
Hibernate: DELETE FROM opm.fers_deposit_history
Hibernate: DELETE FROM opm.calculation_version_history
Hibernate: DELETE FROM opm.billing_history
Hibernate: DELETE FROM opm.billing_summary_history
Hibernate: DELETE FROM opm.account_note_history
Hibernate: DELETE FROM opm.address_history
Hibernate: DELETE FROM opm.account_history
Hibernate: DELETE FROM opm.account_holder_history
Hibernate: DELETE FROM opm.error_history
Hibernate: DELETE FROM opm.info_history
Hibernate: DELETE FROM opm.notification_history
Hibernate: DELETE FROM opm.app_user_history
Hibernate: DELETE FROM opm.change_trans_field_number_code
Hibernate: DELETE FROM opm.pay_code
Hibernate: DELETE FROM opm.payment_applied_order
Hibernate: DELETE FROM opm.agency_code
Hibernate: DELETE FROM opm.calculation_status
Hibernate: DELETE FROM opm.transfer_type
Hibernate: DELETE FROM opm.user_status
Hibernate: DELETE FROM opm.claim_officer
Hibernate: DELETE FROM opm.payment_status
Hibernate: DELETE FROM opm.application_designation
Hibernate: DELETE FROM opm.payment_reversal_reason
Hibernate: DELETE FROM opm.pay_type
Hibernate: DELETE FROM opm.appointment_type
Hibernate: DELETE FROM opm.role
Hibernate: DELETE FROM opm.service_type
Hibernate: DELETE FROM opm.retirement_type
Hibernate: DELETE FROM opm.account_status
Hibernate: DELETE FROM opm.country
Hibernate: DELETE FROM opm.state
Hibernate: DELETE FROM opm.period_type
Hibernate: DELETE FROM opm.suffix
Hibernate: DELETE FROM opm.form_type
Hibernate: insert into opm.pay_type (deleted, name, display_order, description) values (?, ?, ?, ?)
Hibernate: select paytype0_.id as id1_50_0_, paytype0_.deleted as deleted2_50_0_, paytype0_.name as name3_50_0_, paytype0_.display_order as display4_50_0_, paytype0_.description as descript5_50_0_ from opm.pay_type paytype0_ where paytype0_.id=?
Hibernate: update opm.pay_type set deleted=?, name=?, display_order=?, description=? where id=?
Hibernate: delete from opm.pay_type where id=?
Hibernate: select paytype0_.id as id1_50_0_, paytype0_.deleted as deleted2_50_0_, paytype0_.name as name3_50_0_, paytype0_.display_order as display4_50_0_, paytype0_.description as descript5_50_0_ from opm.pay_type paytype0_ where paytype0_.id=?
Hibernate: DELETE FROM opm.batch_daily_payments
Hibernate: DELETE FROM opm.audit_batch
Hibernate: DELETE FROM opm.new_claim_number
Hibernate: DELETE FROM opm.annuitant_list
Hibernate: DELETE FROM opm.time_factor
Hibernate: DELETE FROM opm.contact_info
Hibernate: DELETE FROM opm.interest_suppression
Hibernate: DELETE FROM opm.gl_payment_type
Hibernate: DELETE FROM opm.scm_first_insert
Hibernate: DELETE FROM opm.holiday
Hibernate: DELETE FROM opm.deduction_rate
Hibernate: DELETE FROM opm.interest_grace_period
Hibernate: DELETE FROM opm.gl_code
Hibernate: DELETE FROM opm.claim_without_service
Hibernate: DELETE FROM opm.payment_transaction_note
Hibernate: DELETE FROM opm.payment_move_transaction
Hibernate: DELETE FROM opm.interest_rate
Hibernate: DELETE FROM opm.payment_interest_detail
Hibernate: DELETE FROM opm.adjustment_transaction
Hibernate: DELETE FROM opm.invoice
Hibernate: DELETE FROM opm.a01_print_suppression_case
Hibernate: DELETE FROM opm.user_account_assignment
Hibernate: DELETE FROM opm.payment_refund_link
Hibernate: DELETE FROM opm.role_permission
Hibernate: DELETE FROM opm.user_permission
Hibernate: DELETE FROM opm.service_credit_preference
Hibernate: DELETE FROM opm.account_confirmation_validation_entry
Hibernate: DELETE FROM opm.payment_reverse
Hibernate: DELETE FROM opm.payment
Hibernate: DELETE FROM opm.pay_trans_status_code
Hibernate: DELETE FROM opm.payments_applied_order_code
Hibernate: DELETE FROM opm.printout
Hibernate: DELETE FROM opm.related_help_items
Hibernate: DELETE FROM opm.help_item
Hibernate: DELETE FROM opm.notification_READBY
Hibernate: DELETE FROM opm.date_calculation_data
Hibernate: DELETE FROM opm.refund_transaction
Hibernate: DELETE FROM opm.audit_parameter_record
Hibernate: DELETE FROM opm.audit_record
Hibernate: DELETE FROM opm.dedeposit
Hibernate: DELETE FROM opm.redeposit
Hibernate: DELETE FROM opm.calculation_result_item
Hibernate: DELETE FROM opm.calculation
Hibernate: DELETE FROM opm.fers_redeposit
Hibernate: DELETE FROM opm.fers_deposit
Hibernate: DELETE FROM opm.calculation_version
Hibernate: DELETE FROM opm.calculation_result
Hibernate: DELETE FROM opm.summary_data
Hibernate: DELETE FROM opm.billing
Hibernate: DELETE FROM opm.account_note
Hibernate: DELETE FROM opm.account
Hibernate: DELETE FROM opm.account_confirmation_validation
Hibernate: DELETE FROM opm.billing_summary
Hibernate: DELETE FROM opm.account_holder
Hibernate: DELETE FROM opm.address
Hibernate: DELETE FROM opm.error
Hibernate: DELETE FROM opm.info
Hibernate: DELETE FROM opm.notification
Hibernate: DELETE FROM opm.app_user
Hibernate: DELETE FROM opm.batch_daily_payments_history
Hibernate: DELETE FROM opm.audit_batch_history
Hibernate: DELETE FROM opm.new_claim_number_history
Hibernate: DELETE FROM opm.annuitant_list_history
Hibernate: DELETE FROM opm.time_factor_history
Hibernate: DELETE FROM opm.contact_info_history
Hibernate: DELETE FROM opm.interest_suppression_history
Hibernate: DELETE FROM opm.gl_payment_type_history
Hibernate: DELETE FROM opm.scm_first_insert_history
Hibernate: DELETE FROM opm.holiday_history
Hibernate: DELETE FROM opm.deduction_rate_history
Hibernate: DELETE FROM opm.interest_grace_period_history
Hibernate: DELETE FROM opm.gl_code_history
Hibernate: DELETE FROM opm.claim_without_service_history
Hibernate: DELETE FROM opm.payment_transaction_note_history
Hibernate: DELETE FROM opm.payment_move_transaction_history
Hibernate: DELETE FROM opm.interest_rate_history
Hibernate: DELETE FROM opm.payment_interest_detail_history
Hibernate: DELETE FROM opm.adjustment_transaction_history
Hibernate: DELETE FROM opm.invoice_history
Hibernate: DELETE FROM opm.a01_print_suppression_case_history
Hibernate: DELETE FROM opm.user_account_assignment_history
Hibernate: DELETE FROM opm.payment_refund_link_history
Hibernate: DELETE FROM opm.payments_applied_order_code_history
Hibernate: DELETE FROM opm.service_credit_preference_history
Hibernate: DELETE FROM opm.account_confirmation_validation_entry_history
Hibernate: DELETE FROM opm.account_confirmation_validation_history
Hibernate: DELETE FROM opm.payment_reverse_history
Hibernate: DELETE FROM opm.payment_history
Hibernate: DELETE FROM opm.pay_trans_status_code_history
Hibernate: DELETE FROM opm.notification_READBY_history
Hibernate: DELETE FROM opm.refund_transaction_history
Hibernate: DELETE FROM opm.summary_data_history
Hibernate: DELETE FROM opm.dedeposit_history
Hibernate: DELETE FROM opm.redeposit_history
Hibernate: DELETE FROM opm.calculation_result_item_history
Hibernate: DELETE FROM opm.calculation_result_history
Hibernate: DELETE FROM opm.calculation_history
Hibernate: DELETE FROM opm.fers_redeposit_history
Hibernate: DELETE FROM opm.fers_deposit_history
Hibernate: DELETE FROM opm.calculation_version_history
Hibernate: DELETE FROM opm.billing_history
Hibernate: DELETE FROM opm.billing_summary_history
Hibernate: DELETE FROM opm.account_note_history
Hibernate: DELETE FROM opm.address_history
Hibernate: DELETE FROM opm.account_history
Hibernate: DELETE FROM opm.account_holder_history
Hibernate: DELETE FROM opm.error_history
Hibernate: DELETE FROM opm.info_history
Hibernate: DELETE FROM opm.notification_history
Hibernate: DELETE FROM opm.app_user_history
Hibernate: DELETE FROM opm.change_trans_field_number_code
Hibernate: DELETE FROM opm.pay_code
Hibernate: DELETE FROM opm.payment_applied_order
Hibernate: DELETE FROM opm.agency_code
Hibernate: DELETE FROM opm.calculation_status
Hibernate: DELETE FROM opm.transfer_type
Hibernate: DELETE FROM opm.user_status
Hibernate: DELETE FROM opm.claim_officer
Hibernate: DELETE FROM opm.payment_status
Hibernate: DELETE FROM opm.application_designation
Hibernate: DELETE FROM opm.payment_reversal_reason
Hibernate: DELETE FROM opm.pay_type
Hibernate: DELETE FROM opm.appointment_type
Hibernate: DELETE FROM opm.role
Hibernate: DELETE FROM opm.service_type
Hibernate: DELETE FROM opm.retirement_type
Hibernate: DELETE FROM opm.account_status
Hibernate: DELETE FROM opm.country
Hibernate: DELETE FROM opm.state
Hibernate: DELETE FROM opm.period_type
Hibernate: DELETE FROM opm.suffix
Hibernate: DELETE FROM opm.form_type
Hibernate: DELETE FROM opm.batch_daily_payments
Hibernate: DELETE FROM opm.audit_batch
Hibernate: DELETE FROM opm.new_claim_number
Hibernate: DELETE FROM opm.annuitant_list
Hibernate: DELETE FROM opm.time_factor
Hibernate: DELETE FROM opm.contact_info
Hibernate: DELETE FROM opm.interest_suppression
Hibernate: DELETE FROM opm.gl_payment_type
Hibernate: DELETE FROM opm.scm_first_insert
Hibernate: DELETE FROM opm.holiday
Hibernate: DELETE FROM opm.deduction_rate
Hibernate: DELETE FROM opm.interest_grace_period
Hibernate: DELETE FROM opm.gl_code
Hibernate: DELETE FROM opm.claim_without_service
Hibernate: DELETE FROM opm.payment_transaction_note
Hibernate: DELETE FROM opm.payment_move_transaction
Hibernate: DELETE FROM opm.interest_rate
Hibernate: DELETE FROM opm.payment_interest_detail
Hibernate: DELETE FROM opm.adjustment_transaction
Hibernate: DELETE FROM opm.invoice
Hibernate: DELETE FROM opm.a01_print_suppression_case
Hibernate: DELETE FROM opm.user_account_assignment
Hibernate: DELETE FROM opm.payment_refund_link
Hibernate: DELETE FROM opm.role_permission
Hibernate: DELETE FROM opm.user_permission
Hibernate: DELETE FROM opm.service_credit_preference
Hibernate: DELETE FROM opm.account_confirmation_validation_entry
Hibernate: DELETE FROM opm.payment_reverse
Hibernate: DELETE FROM opm.payment
Hibernate: DELETE FROM opm.pay_trans_status_code
Hibernate: DELETE FROM opm.payments_applied_order_code
Hibernate: DELETE FROM opm.printout
Hibernate: DELETE FROM opm.related_help_items
Hibernate: DELETE FROM opm.help_item
Hibernate: DELETE FROM opm.notification_READBY
Hibernate: DELETE FROM opm.date_calculation_data
Hibernate: DELETE FROM opm.refund_transaction
Hibernate: DELETE FROM opm.audit_parameter_record
Hibernate: DELETE FROM opm.audit_record
Hibernate: DELETE FROM opm.dedeposit
Hibernate: DELETE FROM opm.redeposit
Hibernate: DELETE FROM opm.calculation_result_item
Hibernate: DELETE FROM opm.calculation
Hibernate: DELETE FROM opm.fers_redeposit
Hibernate: DELETE FROM opm.fers_deposit
Hibernate: DELETE FROM opm.calculation_version
Hibernate: DELETE FROM opm.calculation_result
Hibernate: DELETE FROM opm.summary_data
Hibernate: DELETE FROM opm.billing
Hibernate: DELETE FROM opm.account_note
Hibernate: DELETE FROM opm.account
Hibernate: DELETE FROM opm.account_confirmation_validation
Hibernate: DELETE FROM opm.billing_summary
Hibernate: DELETE FROM opm.account_holder
Hibernate: DELETE FROM opm.address
Hibernate: DELETE FROM opm.error
Hibernate: DELETE FROM opm.info
Hibernate: DELETE FROM opm.notification
Hibernate: DELETE FROM opm.app_user
Hibernate: DELETE FROM opm.batch_daily_payments_history
Hibernate: DELETE FROM opm.audit_batch_history
Hibernate: DELETE FROM opm.new_claim_number_history
Hibernate: DELETE FROM opm.annuitant_list_history
Hibernate: DELETE FROM opm.time_factor_history
Hibernate: DELETE FROM opm.contact_info_history
Hibernate: DELETE FROM opm.interest_suppression_history
Hibernate: DELETE FROM opm.gl_payment_type_history
Hibernate: DELETE FROM opm.scm_first_insert_history
Hibernate: DELETE FROM opm.holiday_history
Hibernate: DELETE FROM opm.deduction_rate_history
Hibernate: DELETE FROM opm.interest_grace_period_history
Hibernate: DELETE FROM opm.gl_code_history
Hibernate: DELETE FROM opm.claim_without_service_history
Hibernate: DELETE FROM opm.payment_transaction_note_history
Hibernate: DELETE FROM opm.payment_move_transaction_history
Hibernate: DELETE FROM opm.interest_rate_history
Hibernate: DELETE FROM opm.payment_interest_detail_history
Hibernate: DELETE FROM opm.adjustment_transaction_history
Hibernate: DELETE FROM opm.invoice_history
Hibernate: DELETE FROM opm.a01_print_suppression_case_history
Hibernate: DELETE FROM opm.user_account_assignment_history
Hibernate: DELETE FROM opm.payment_refund_link_history
Hibernate: DELETE FROM opm.payments_applied_order_code_history
Hibernate: DELETE FROM opm.service_credit_preference_history
Hibernate: DELETE FROM opm.account_confirmation_validation_entry_history
Hibernate: DELETE FROM opm.account_confirmation_validation_history
Hibernate: DELETE FROM opm.payment_reverse_history
Hibernate: DELETE FROM opm.payment_history
Hibernate: DELETE FROM opm.pay_trans_status_code_history
Hibernate: DELETE FROM opm.notification_READBY_history
Hibernate: DELETE FROM opm.refund_transaction_history
Hibernate: DELETE FROM opm.summary_data_history
Hibernate: DELETE FROM opm.dedeposit_history
Hibernate: DELETE FROM opm.redeposit_history
Hibernate: DELETE FROM opm.calculation_result_item_history
Hibernate: DELETE FROM opm.calculation_result_history
Hibernate: DELETE FROM opm.calculation_history
Hibernate: DELETE FROM opm.fers_redeposit_history
Hibernate: DELETE FROM opm.fers_deposit_history
Hibernate: DELETE FROM opm.calculation_version_history
Hibernate: DELETE FROM opm.billing_history
Hibernate: DELETE FROM opm.billing_summary_history
Hibernate: DELETE FROM opm.account_note_history
Hibernate: DELETE FROM opm.address_history
Hibernate: DELETE FROM opm.account_history
Hibernate: DELETE FROM opm.account_holder_history
Hibernate: DELETE FROM opm.error_history
Hibernate: DELETE FROM opm.info_history
Hibernate: DELETE FROM opm.notification_history
Hibernate: DELETE FROM opm.app_user_history
Hibernate: DELETE FROM opm.change_trans_field_number_code
Hibernate: DELETE FROM opm.pay_code
Hibernate: DELETE FROM opm.payment_applied_order
Hibernate: DELETE FROM opm.agency_code
Hibernate: DELETE FROM opm.calculation_status
Hibernate: DELETE FROM opm.transfer_type
Hibernate: DELETE FROM opm.user_status
Hibernate: DELETE FROM opm.claim_officer
Hibernate: DELETE FROM opm.payment_status
Hibernate: DELETE FROM opm.application_designation
Hibernate: DELETE FROM opm.payment_reversal_reason
Hibernate: DELETE FROM opm.pay_type
Hibernate: DELETE FROM opm.appointment_type
Hibernate: DELETE FROM opm.role
Hibernate: DELETE FROM opm.service_type
Hibernate: DELETE FROM opm.retirement_type
Hibernate: DELETE FROM opm.account_status
Hibernate: DELETE FROM opm.country
Hibernate: DELETE FROM opm.state
Hibernate: DELETE FROM opm.period_type
Hibernate: DELETE FROM opm.suffix
Hibernate: DELETE FROM opm.form_type
Hibernate: insert into opm.payment_reversal_reason (deleted, name) values (?, ?)
Hibernate: select paymentrev0_.id as id1_56_0_, paymentrev0_.deleted as deleted2_56_0_, paymentrev0_.name as name3_56_0_ from opm.payment_reversal_reason paymentrev0_ where paymentrev0_.id=?
Hibernate: update opm.payment_reversal_reason set deleted=?, name=? where id=?
Hibernate: delete from opm.payment_reversal_reason where id=?
Hibernate: select paymentrev0_.id as id1_56_0_, paymentrev0_.deleted as deleted2_56_0_, paymentrev0_.name as name3_56_0_ from opm.payment_reversal_reason paymentrev0_ where paymentrev0_.id=?
Hibernate: DELETE FROM opm.batch_daily_payments
Hibernate: DELETE FROM opm.audit_batch
Hibernate: DELETE FROM opm.new_claim_number
Hibernate: DELETE FROM opm.annuitant_list
Hibernate: DELETE FROM opm.time_factor
Hibernate: DELETE FROM opm.contact_info
Hibernate: DELETE FROM opm.interest_suppression
Hibernate: DELETE FROM opm.gl_payment_type
Hibernate: DELETE FROM opm.scm_first_insert
Hibernate: DELETE FROM opm.holiday
Hibernate: DELETE FROM opm.deduction_rate
Hibernate: DELETE FROM opm.interest_grace_period
Hibernate: DELETE FROM opm.gl_code
Hibernate: DELETE FROM opm.claim_without_service
Hibernate: DELETE FROM opm.payment_transaction_note
Hibernate: DELETE FROM opm.payment_move_transaction
Hibernate: DELETE FROM opm.interest_rate
Hibernate: DELETE FROM opm.payment_interest_detail
Hibernate: DELETE FROM opm.adjustment_transaction
Hibernate: DELETE FROM opm.invoice
Hibernate: DELETE FROM opm.a01_print_suppression_case
Hibernate: DELETE FROM opm.user_account_assignment
Hibernate: DELETE FROM opm.payment_refund_link
Hibernate: DELETE FROM opm.role_permission
Hibernate: DELETE FROM opm.user_permission
Hibernate: DELETE FROM opm.service_credit_preference
Hibernate: DELETE FROM opm.account_confirmation_validation_entry
Hibernate: DELETE FROM opm.payment_reverse
Hibernate: DELETE FROM opm.payment
Hibernate: DELETE FROM opm.pay_trans_status_code
Hibernate: DELETE FROM opm.payments_applied_order_code
Hibernate: DELETE FROM opm.printout
Hibernate: DELETE FROM opm.related_help_items
Hibernate: DELETE FROM opm.help_item
Hibernate: DELETE FROM opm.notification_READBY
Hibernate: DELETE FROM opm.date_calculation_data
Hibernate: DELETE FROM opm.refund_transaction
Hibernate: DELETE FROM opm.audit_parameter_record
Hibernate: DELETE FROM opm.audit_record
Hibernate: DELETE FROM opm.dedeposit
Hibernate: DELETE FROM opm.redeposit
Hibernate: DELETE FROM opm.calculation_result_item
Hibernate: DELETE FROM opm.calculation
Hibernate: DELETE FROM opm.fers_redeposit
Hibernate: DELETE FROM opm.fers_deposit
Hibernate: DELETE FROM opm.calculation_version
Hibernate: DELETE FROM opm.calculation_result
Hibernate: DELETE FROM opm.summary_data
Hibernate: DELETE FROM opm.billing
Hibernate: DELETE FROM opm.account_note
Hibernate: DELETE FROM opm.account
Hibernate: DELETE FROM opm.account_confirmation_validation
Hibernate: DELETE FROM opm.billing_summary
Hibernate: DELETE FROM opm.account_holder
Hibernate: DELETE FROM opm.address
Hibernate: DELETE FROM opm.error
Hibernate: DELETE FROM opm.info
Hibernate: DELETE FROM opm.notification
Hibernate: DELETE FROM opm.app_user
Hibernate: DELETE FROM opm.batch_daily_payments_history
Hibernate: DELETE FROM opm.audit_batch_history
Hibernate: DELETE FROM opm.new_claim_number_history
Hibernate: DELETE FROM opm.annuitant_list_history
Hibernate: DELETE FROM opm.time_factor_history
Hibernate: DELETE FROM opm.contact_info_history
Hibernate: DELETE FROM opm.interest_suppression_history
Hibernate: DELETE FROM opm.gl_payment_type_history
Hibernate: DELETE FROM opm.scm_first_insert_history
Hibernate: DELETE FROM opm.holiday_history
Hibernate: DELETE FROM opm.deduction_rate_history
Hibernate: DELETE FROM opm.interest_grace_period_history
Hibernate: DELETE FROM opm.gl_code_history
Hibernate: DELETE FROM opm.claim_without_service_history
Hibernate: DELETE FROM opm.payment_transaction_note_history
Hibernate: DELETE FROM opm.payment_move_transaction_history
Hibernate: DELETE FROM opm.interest_rate_history
Hibernate: DELETE FROM opm.payment_interest_detail_history
Hibernate: DELETE FROM opm.adjustment_transaction_history
Hibernate: DELETE FROM opm.invoice_history
Hibernate: DELETE FROM opm.a01_print_suppression_case_history
Hibernate: DELETE FROM opm.user_account_assignment_history
Hibernate: DELETE FROM opm.payment_refund_link_history
Hibernate: DELETE FROM opm.payments_applied_order_code_history
Hibernate: DELETE FROM opm.service_credit_preference_history
Hibernate: DELETE FROM opm.account_confirmation_validation_entry_history
Hibernate: DELETE FROM opm.account_confirmation_validation_history
Hibernate: DELETE FROM opm.payment_reverse_history
Hibernate: DELETE FROM opm.payment_history
Hibernate: DELETE FROM opm.pay_trans_status_code_history
Hibernate: DELETE FROM opm.notification_READBY_history
Hibernate: DELETE FROM opm.refund_transaction_history
Hibernate: DELETE FROM opm.summary_data_history
Hibernate: DELETE FROM opm.dedeposit_history
Hibernate: DELETE FROM opm.redeposit_history
Hibernate: DELETE FROM opm.calculation_result_item_history
Hibernate: DELETE FROM opm.calculation_result_history
Hibernate: DELETE FROM opm.calculation_history
Hibernate: DELETE FROM opm.fers_redeposit_history
Hibernate: DELETE FROM opm.fers_deposit_history
Hibernate: DELETE FROM opm.calculation_version_history
Hibernate: DELETE FROM opm.billing_history
Hibernate: DELETE FROM opm.billing_summary_history
Hibernate: DELETE FROM opm.account_note_history
Hibernate: DELETE FROM opm.address_history
Hibernate: DELETE FROM opm.account_history
Hibernate: DELETE FROM opm.account_holder_history
Hibernate: DELETE FROM opm.error_history
Hibernate: DELETE FROM opm.info_history
Hibernate: DELETE FROM opm.notification_history
Hibernate: DELETE FROM opm.app_user_history
Hibernate: DELETE FROM opm.change_trans_field_number_code
Hibernate: DELETE FROM opm.pay_code
Hibernate: DELETE FROM opm.payment_applied_order
Hibernate: DELETE FROM opm.agency_code
Hibernate: DELETE FROM opm.calculation_status
Hibernate: DELETE FROM opm.transfer_type
Hibernate: DELETE FROM opm.user_status
Hibernate: DELETE FROM opm.claim_officer
Hibernate: DELETE FROM opm.payment_status
Hibernate: DELETE FROM opm.application_designation
Hibernate: DELETE FROM opm.payment_reversal_reason
Hibernate: DELETE FROM opm.pay_type
Hibernate: DELETE FROM opm.appointment_type
Hibernate: DELETE FROM opm.role
Hibernate: DELETE FROM opm.service_type
Hibernate: DELETE FROM opm.retirement_type
Hibernate: DELETE FROM opm.account_status
Hibernate: DELETE FROM opm.country
Hibernate: DELETE FROM opm.state
Hibernate: DELETE FROM opm.period_type
Hibernate: DELETE FROM opm.suffix
Hibernate: DELETE FROM opm.form_type
Hibernate: DELETE FROM opm.batch_daily_payments
Hibernate: DELETE FROM opm.audit_batch
Hibernate: DELETE FROM opm.new_claim_number
Hibernate: DELETE FROM opm.annuitant_list
Hibernate: DELETE FROM opm.time_factor
Hibernate: DELETE FROM opm.contact_info
Hibernate: DELETE FROM opm.interest_suppression
Hibernate: DELETE FROM opm.gl_payment_type
Hibernate: DELETE FROM opm.scm_first_insert
Hibernate: DELETE FROM opm.holiday
Hibernate: DELETE FROM opm.deduction_rate
Hibernate: DELETE FROM opm.interest_grace_period
Hibernate: DELETE FROM opm.gl_code
Hibernate: DELETE FROM opm.claim_without_service
Hibernate: DELETE FROM opm.payment_transaction_note
Hibernate: DELETE FROM opm.payment_move_transaction
Hibernate: DELETE FROM opm.interest_rate
Hibernate: DELETE FROM opm.payment_interest_detail
Hibernate: DELETE FROM opm.adjustment_transaction
Hibernate: DELETE FROM opm.invoice
Hibernate: DELETE FROM opm.a01_print_suppression_case
Hibernate: DELETE FROM opm.user_account_assignment
Hibernate: DELETE FROM opm.payment_refund_link
Hibernate: DELETE FROM opm.role_permission
Hibernate: DELETE FROM opm.user_permission
Hibernate: DELETE FROM opm.service_credit_preference
Hibernate: DELETE FROM opm.account_confirmation_validation_entry
Hibernate: DELETE FROM opm.payment_reverse
Hibernate: DELETE FROM opm.payment
Hibernate: DELETE FROM opm.pay_trans_status_code
Hibernate: DELETE FROM opm.payments_applied_order_code
Hibernate: DELETE FROM opm.printout
Hibernate: DELETE FROM opm.related_help_items
Hibernate: DELETE FROM opm.help_item
Hibernate: DELETE FROM opm.notification_READBY
Hibernate: DELETE FROM opm.date_calculation_data
Hibernate: DELETE FROM opm.refund_transaction
Hibernate: DELETE FROM opm.audit_parameter_record
Hibernate: DELETE FROM opm.audit_record
Hibernate: DELETE FROM opm.dedeposit
Hibernate: DELETE FROM opm.redeposit
Hibernate: DELETE FROM opm.calculation_result_item
Hibernate: DELETE FROM opm.calculation
Hibernate: DELETE FROM opm.fers_redeposit
Hibernate: DELETE FROM opm.fers_deposit
Hibernate: DELETE FROM opm.calculation_version
Hibernate: DELETE FROM opm.calculation_result
Hibernate: DELETE FROM opm.summary_data
Hibernate: DELETE FROM opm.billing
Hibernate: DELETE FROM opm.account_note
Hibernate: DELETE FROM opm.account
Hibernate: DELETE FROM opm.account_confirmation_validation
Hibernate: DELETE FROM opm.billing_summary
Hibernate: DELETE FROM opm.account_holder
Hibernate: DELETE FROM opm.address
Hibernate: DELETE FROM opm.error
Hibernate: DELETE FROM opm.info
Hibernate: DELETE FROM opm.notification
Hibernate: DELETE FROM opm.app_user
Hibernate: DELETE FROM opm.batch_daily_payments_history
Hibernate: DELETE FROM opm.audit_batch_history
Hibernate: DELETE FROM opm.new_claim_number_history
Hibernate: DELETE FROM opm.annuitant_list_history
Hibernate: DELETE FROM opm.time_factor_history
Hibernate: DELETE FROM opm.contact_info_history
Hibernate: DELETE FROM opm.interest_suppression_history
Hibernate: DELETE FROM opm.gl_payment_type_history
Hibernate: DELETE FROM opm.scm_first_insert_history
Hibernate: DELETE FROM opm.holiday_history
Hibernate: DELETE FROM opm.deduction_rate_history
Hibernate: DELETE FROM opm.interest_grace_period_history
Hibernate: DELETE FROM opm.gl_code_history
Hibernate: DELETE FROM opm.claim_without_service_history
Hibernate: DELETE FROM opm.payment_transaction_note_history
Hibernate: DELETE FROM opm.payment_move_transaction_history
Hibernate: DELETE FROM opm.interest_rate_history
Hibernate: DELETE FROM opm.payment_interest_detail_history
Hibernate: DELETE FROM opm.adjustment_transaction_history
Hibernate: DELETE FROM opm.invoice_history
Hibernate: DELETE FROM opm.a01_print_suppression_case_history
Hibernate: DELETE FROM opm.user_account_assignment_history
Hibernate: DELETE FROM opm.payment_refund_link_history
Hibernate: DELETE FROM opm.payments_applied_order_code_history
Hibernate: DELETE FROM opm.service_credit_preference_history
Hibernate: DELETE FROM opm.account_confirmation_validation_entry_history
Hibernate: DELETE FROM opm.account_confirmation_validation_history
Hibernate: DELETE FROM opm.payment_reverse_history
Hibernate: DELETE FROM opm.payment_history
Hibernate: DELETE FROM opm.pay_trans_status_code_history
Hibernate: DELETE FROM opm.notification_READBY_history
Hibernate: DELETE FROM opm.refund_transaction_history
Hibernate: DELETE FROM opm.summary_data_history
Hibernate: DELETE FROM opm.dedeposit_history
Hibernate: DELETE FROM opm.redeposit_history
Hibernate: DELETE FROM opm.calculation_result_item_history
Hibernate: DELETE FROM opm.calculation_result_history
Hibernate: DELETE FROM opm.calculation_history
Hibernate: DELETE FROM opm.fers_redeposit_history
Hibernate: DELETE FROM opm.fers_deposit_history
Hibernate: DELETE FROM opm.calculation_version_history
Hibernate: DELETE FROM opm.billing_history
Hibernate: DELETE FROM opm.billing_summary_history
Hibernate: DELETE FROM opm.account_note_history
Hibernate: DELETE FROM opm.address_history
Hibernate: DELETE FROM opm.account_history
Hibernate: DELETE FROM opm.account_holder_history
Hibernate: DELETE FROM opm.error_history
Hibernate: DELETE FROM opm.info_history
Hibernate: DELETE FROM opm.notification_history
Hibernate: DELETE FROM opm.app_user_history
Hibernate: DELETE FROM opm.change_trans_field_number_code
Hibernate: DELETE FROM opm.pay_code
Hibernate: DELETE FROM opm.payment_applied_order
Hibernate: DELETE FROM opm.agency_code
Hibernate: DELETE FROM opm.calculation_status
Hibernate: DELETE FROM opm.transfer_type
Hibernate: DELETE FROM opm.user_status
Hibernate: DELETE FROM opm.claim_officer
Hibernate: DELETE FROM opm.payment_status
Hibernate: DELETE FROM opm.application_designation
Hibernate: DELETE FROM opm.payment_reversal_reason
Hibernate: DELETE FROM opm.pay_type
Hibernate: DELETE FROM opm.appointment_type
Hibernate: DELETE FROM opm.role
Hibernate: DELETE FROM opm.service_type
Hibernate: DELETE FROM opm.retirement_type
Hibernate: DELETE FROM opm.account_status
Hibernate: DELETE FROM opm.country
Hibernate: DELETE FROM opm.state
Hibernate: DELETE FROM opm.period_type
Hibernate: DELETE FROM opm.suffix
Hibernate: DELETE FROM opm.form_type
Hibernate: insert into opm.application_designation (deleted, name) values (?, ?)
Hibernate: select applicatio0_.id as id1_12_0_, applicatio0_.deleted as deleted2_12_0_, applicatio0_.name as name3_12_0_ from opm.application_designation applicatio0_ where applicatio0_.id=?
Hibernate: update opm.application_designation set deleted=?, name=? where id=?
Hibernate: delete from opm.application_designation where id=?
Hibernate: select applicatio0_.id as id1_12_0_, applicatio0_.deleted as deleted2_12_0_, applicatio0_.name as name3_12_0_ from opm.application_designation applicatio0_ where applicatio0_.id=?
Hibernate: DELETE FROM opm.batch_daily_payments
Hibernate: DELETE FROM opm.audit_batch
Hibernate: DELETE FROM opm.new_claim_number
Hibernate: DELETE FROM opm.annuitant_list
Hibernate: DELETE FROM opm.time_factor
Hibernate: DELETE FROM opm.contact_info
Hibernate: DELETE FROM opm.interest_suppression
Hibernate: DELETE FROM opm.gl_payment_type
Hibernate: DELETE FROM opm.scm_first_insert
Hibernate: DELETE FROM opm.holiday
Hibernate: DELETE FROM opm.deduction_rate
Hibernate: DELETE FROM opm.interest_grace_period
Hibernate: DELETE FROM opm.gl_code
Hibernate: DELETE FROM opm.claim_without_service
Hibernate: DELETE FROM opm.payment_transaction_note
Hibernate: DELETE FROM opm.payment_move_transaction
Hibernate: DELETE FROM opm.interest_rate
Hibernate: DELETE FROM opm.payment_interest_detail
Hibernate: DELETE FROM opm.adjustment_transaction
Hibernate: DELETE FROM opm.invoice
Hibernate: DELETE FROM opm.a01_print_suppression_case
Hibernate: DELETE FROM opm.user_account_assignment
Hibernate: DELETE FROM opm.payment_refund_link
Hibernate: DELETE FROM opm.role_permission
Hibernate: DELETE FROM opm.user_permission
Hibernate: DELETE FROM opm.service_credit_preference
Hibernate: DELETE FROM opm.account_confirmation_validation_entry
Hibernate: DELETE FROM opm.payment_reverse
Hibernate: DELETE FROM opm.payment
Hibernate: DELETE FROM opm.pay_trans_status_code
Hibernate: DELETE FROM opm.payments_applied_order_code
Hibernate: DELETE FROM opm.printout
Hibernate: DELETE FROM opm.related_help_items
Hibernate: DELETE FROM opm.help_item
Hibernate: DELETE FROM opm.notification_READBY
Hibernate: DELETE FROM opm.date_calculation_data
Hibernate: DELETE FROM opm.refund_transaction
Hibernate: DELETE FROM opm.audit_parameter_record
Hibernate: DELETE FROM opm.audit_record
Hibernate: DELETE FROM opm.dedeposit
Hibernate: DELETE FROM opm.redeposit
Hibernate: DELETE FROM opm.calculation_result_item
Hibernate: DELETE FROM opm.calculation
Hibernate: DELETE FROM opm.fers_redeposit
Hibernate: DELETE FROM opm.fers_deposit
Hibernate: DELETE FROM opm.calculation_version
Hibernate: DELETE FROM opm.calculation_result
Hibernate: DELETE FROM opm.summary_data
Hibernate: DELETE FROM opm.billing
Hibernate: DELETE FROM opm.account_note
Hibernate: DELETE FROM opm.account
Hibernate: DELETE FROM opm.account_confirmation_validation
Hibernate: DELETE FROM opm.billing_summary
Hibernate: DELETE FROM opm.account_holder
Hibernate: DELETE FROM opm.address
Hibernate: DELETE FROM opm.error
Hibernate: DELETE FROM opm.info
Hibernate: DELETE FROM opm.notification
Hibernate: DELETE FROM opm.app_user
Hibernate: DELETE FROM opm.batch_daily_payments_history
Hibernate: DELETE FROM opm.audit_batch_history
Hibernate: DELETE FROM opm.new_claim_number_history
Hibernate: DELETE FROM opm.annuitant_list_history
Hibernate: DELETE FROM opm.time_factor_history
Hibernate: DELETE FROM opm.contact_info_history
Hibernate: DELETE FROM opm.interest_suppression_history
Hibernate: DELETE FROM opm.gl_payment_type_history
Hibernate: DELETE FROM opm.scm_first_insert_history
Hibernate: DELETE FROM opm.holiday_history
Hibernate: DELETE FROM opm.deduction_rate_history
Hibernate: DELETE FROM opm.interest_grace_period_history
Hibernate: DELETE FROM opm.gl_code_history
Hibernate: DELETE FROM opm.claim_without_service_history
Hibernate: DELETE FROM opm.payment_transaction_note_history
Hibernate: DELETE FROM opm.payment_move_transaction_history
Hibernate: DELETE FROM opm.interest_rate_history
Hibernate: DELETE FROM opm.payment_interest_detail_history
Hibernate: DELETE FROM opm.adjustment_transaction_history
Hibernate: DELETE FROM opm.invoice_history
Hibernate: DELETE FROM opm.a01_print_suppression_case_history
Hibernate: DELETE FROM opm.user_account_assignment_history
Hibernate: DELETE FROM opm.payment_refund_link_history
Hibernate: DELETE FROM opm.payments_applied_order_code_history
Hibernate: DELETE FROM opm.service_credit_preference_history
Hibernate: DELETE FROM opm.account_confirmation_validation_entry_history
Hibernate: DELETE FROM opm.account_confirmation_validation_history
Hibernate: DELETE FROM opm.payment_reverse_history
Hibernate: DELETE FROM opm.payment_history
Hibernate: DELETE FROM opm.pay_trans_status_code_history
Hibernate: DELETE FROM opm.notification_READBY_history
Hibernate: DELETE FROM opm.refund_transaction_history
Hibernate: DELETE FROM opm.summary_data_history
Hibernate: DELETE FROM opm.dedeposit_history
Hibernate: DELETE FROM opm.redeposit_history
Hibernate: DELETE FROM opm.calculation_result_item_history
Hibernate: DELETE FROM opm.calculation_result_history
Hibernate: DELETE FROM opm.calculation_history
Hibernate: DELETE FROM opm.fers_redeposit_history
Hibernate: DELETE FROM opm.fers_deposit_history
Hibernate: DELETE FROM opm.calculation_version_history
Hibernate: DELETE FROM opm.billing_history
Hibernate: DELETE FROM opm.billing_summary_history
Hibernate: DELETE FROM opm.account_note_history
Hibernate: DELETE FROM opm.address_history
Hibernate: DELETE FROM opm.account_history
Hibernate: DELETE FROM opm.account_holder_history
Hibernate: DELETE FROM opm.error_history
Hibernate: DELETE FROM opm.info_history
Hibernate: DELETE FROM opm.notification_history
Hibernate: DELETE FROM opm.app_user_history
Hibernate: DELETE FROM opm.change_trans_field_number_code
Hibernate: DELETE FROM opm.pay_code
Hibernate: DELETE FROM opm.payment_applied_order
Hibernate: DELETE FROM opm.agency_code
Hibernate: DELETE FROM opm.calculation_status
Hibernate: DELETE FROM opm.transfer_type
Hibernate: DELETE FROM opm.user_status
Hibernate: DELETE FROM opm.claim_officer
Hibernate: DELETE FROM opm.payment_status
Hibernate: DELETE FROM opm.application_designation
Hibernate: DELETE FROM opm.payment_reversal_reason
Hibernate: DELETE FROM opm.pay_type
Hibernate: DELETE FROM opm.appointment_type
Hibernate: DELETE FROM opm.role
Hibernate: DELETE FROM opm.service_type
Hibernate: DELETE FROM opm.retirement_type
Hibernate: DELETE FROM opm.account_status
Hibernate: DELETE FROM opm.country
Hibernate: DELETE FROM opm.state
Hibernate: DELETE FROM opm.period_type
Hibernate: DELETE FROM opm.suffix
Hibernate: DELETE FROM opm.form_type
Hibernate: DELETE FROM opm.batch_daily_payments
Hibernate: DELETE FROM opm.audit_batch
Hibernate: DELETE FROM opm.new_claim_number
Hibernate: DELETE FROM opm.annuitant_list
Hibernate: DELETE FROM opm.time_factor
Hibernate: DELETE FROM opm.contact_info
Hibernate: DELETE FROM opm.interest_suppression
Hibernate: DELETE FROM opm.gl_payment_type
Hibernate: DELETE FROM opm.scm_first_insert
Hibernate: DELETE FROM opm.holiday
Hibernate: DELETE FROM opm.deduction_rate
Hibernate: DELETE FROM opm.interest_grace_period
Hibernate: DELETE FROM opm.gl_code
Hibernate: DELETE FROM opm.claim_without_service
Hibernate: DELETE FROM opm.payment_transaction_note
Hibernate: DELETE FROM opm.payment_move_transaction
Hibernate: DELETE FROM opm.interest_rate
Hibernate: DELETE FROM opm.payment_interest_detail
Hibernate: DELETE FROM opm.adjustment_transaction
Hibernate: DELETE FROM opm.invoice
Hibernate: DELETE FROM opm.a01_print_suppression_case
Hibernate: DELETE FROM opm.user_account_assignment
Hibernate: DELETE FROM opm.payment_refund_link
Hibernate: DELETE FROM opm.role_permission
Hibernate: DELETE FROM opm.user_permission
Hibernate: DELETE FROM opm.service_credit_preference
Hibernate: DELETE FROM opm.account_confirmation_validation_entry
Hibernate: DELETE FROM opm.payment_reverse
Hibernate: DELETE FROM opm.payment
Hibernate: DELETE FROM opm.pay_trans_status_code
Hibernate: DELETE FROM opm.payments_applied_order_code
Hibernate: DELETE FROM opm.printout
Hibernate: DELETE FROM opm.related_help_items
Hibernate: DELETE FROM opm.help_item
Hibernate: DELETE FROM opm.notification_READBY
Hibernate: DELETE FROM opm.date_calculation_data
Hibernate: DELETE FROM opm.refund_transaction
Hibernate: DELETE FROM opm.audit_parameter_record
Hibernate: DELETE FROM opm.audit_record
Hibernate: DELETE FROM opm.dedeposit
Hibernate: DELETE FROM opm.redeposit
Hibernate: DELETE FROM opm.calculation_result_item
Hibernate: DELETE FROM opm.calculation
Hibernate: DELETE FROM opm.fers_redeposit
Hibernate: DELETE FROM opm.fers_deposit
Hibernate: DELETE FROM opm.calculation_version
Hibernate: DELETE FROM opm.calculation_result
Hibernate: DELETE FROM opm.summary_data
Hibernate: DELETE FROM opm.billing
Hibernate: DELETE FROM opm.account_note
Hibernate: DELETE FROM opm.account
Hibernate: DELETE FROM opm.account_confirmation_validation
Hibernate: DELETE FROM opm.billing_summary
Hibernate: DELETE FROM opm.account_holder
Hibernate: DELETE FROM opm.address
Hibernate: DELETE FROM opm.error
Hibernate: DELETE FROM opm.info
Hibernate: DELETE FROM opm.notification
Hibernate: DELETE FROM opm.app_user
Hibernate: DELETE FROM opm.batch_daily_payments_history
Hibernate: DELETE FROM opm.audit_batch_history
Hibernate: DELETE FROM opm.new_claim_number_history
Hibernate: DELETE FROM opm.annuitant_list_history
Hibernate: DELETE FROM opm.time_factor_history
Hibernate: DELETE FROM opm.contact_info_history
Hibernate: DELETE FROM opm.interest_suppression_history
Hibernate: DELETE FROM opm.gl_payment_type_history
Hibernate: DELETE FROM opm.scm_first_insert_history
Hibernate: DELETE FROM opm.holiday_history
Hibernate: DELETE FROM opm.deduction_rate_history
Hibernate: DELETE FROM opm.interest_grace_period_history
Hibernate: DELETE FROM opm.gl_code_history
Hibernate: DELETE FROM opm.claim_without_service_history
Hibernate: DELETE FROM opm.payment_transaction_note_history
Hibernate: DELETE FROM opm.payment_move_transaction_history
Hibernate: DELETE FROM opm.interest_rate_history
Hibernate: DELETE FROM opm.payment_interest_detail_history
Hibernate: DELETE FROM opm.adjustment_transaction_history
Hibernate: DELETE FROM opm.invoice_history
Hibernate: DELETE FROM opm.a01_print_suppression_case_history
Hibernate: DELETE FROM opm.user_account_assignment_history
Hibernate: DELETE FROM opm.payment_refund_link_history
Hibernate: DELETE FROM opm.payments_applied_order_code_history
Hibernate: DELETE FROM opm.service_credit_preference_history
Hibernate: DELETE FROM opm.account_confirmation_validation_entry_history
Hibernate: DELETE FROM opm.account_confirmation_validation_history
Hibernate: DELETE FROM opm.payment_reverse_history
Hibernate: DELETE FROM opm.payment_history
Hibernate: DELETE FROM opm.pay_trans_status_code_history
Hibernate: DELETE FROM opm.notification_READBY_history
Hibernate: DELETE FROM opm.refund_transaction_history
Hibernate: DELETE FROM opm.summary_data_history
Hibernate: DELETE FROM opm.dedeposit_history
Hibernate: DELETE FROM opm.redeposit_history
Hibernate: DELETE FROM opm.calculation_result_item_history
Hibernate: DELETE FROM opm.calculation_result_history
Hibernate: DELETE FROM opm.calculation_history
Hibernate: DELETE FROM opm.fers_redeposit_history
Hibernate: DELETE FROM opm.fers_deposit_history
Hibernate: DELETE FROM opm.calculation_version_history
Hibernate: DELETE FROM opm.billing_history
Hibernate: DELETE FROM opm.billing_summary_history
Hibernate: DELETE FROM opm.account_note_history
Hibernate: DELETE FROM opm.address_history
Hibernate: DELETE FROM opm.account_history
Hibernate: DELETE FROM opm.account_holder_history
Hibernate: DELETE FROM opm.error_history
Hibernate: DELETE FROM opm.info_history
Hibernate: DELETE FROM opm.notification_history
Hibernate: DELETE FROM opm.app_user_history
Hibernate: DELETE FROM opm.change_trans_field_number_code
Hibernate: DELETE FROM opm.pay_code
Hibernate: DELETE FROM opm.payment_applied_order
Hibernate: DELETE FROM opm.agency_code
Hibernate: DELETE FROM opm.calculation_status
Hibernate: DELETE FROM opm.transfer_type
Hibernate: DELETE FROM opm.user_status
Hibernate: DELETE FROM opm.claim_officer
Hibernate: DELETE FROM opm.payment_status
Hibernate: DELETE FROM opm.application_designation
Hibernate: DELETE FROM opm.payment_reversal_reason
Hibernate: DELETE FROM opm.pay_type
Hibernate: DELETE FROM opm.appointment_type
Hibernate: DELETE FROM opm.role
Hibernate: DELETE FROM opm.service_type
Hibernate: DELETE FROM opm.retirement_type
Hibernate: DELETE FROM opm.account_status
Hibernate: DELETE FROM opm.country
Hibernate: DELETE FROM opm.state
Hibernate: DELETE FROM opm.period_type
Hibernate: DELETE FROM opm.suffix
Hibernate: DELETE FROM opm.form_type
Hibernate: insert into opm.payment_status (deleted, name) values (?, ?)
Hibernate: select paymentsta0_.id as id1_58_0_, paymentsta0_.deleted as deleted2_58_0_, paymentsta0_.name as name3_58_0_ from opm.payment_status paymentsta0_ where paymentsta0_.id=?
Hibernate: update opm.payment_status set deleted=?, name=? where id=?
Hibernate: delete from opm.payment_status where id=?
Hibernate: select paymentsta0_.id as id1_58_0_, paymentsta0_.deleted as deleted2_58_0_, paymentsta0_.name as name3_58_0_ from opm.payment_status paymentsta0_ where paymentsta0_.id=?
Hibernate: DELETE FROM opm.batch_daily_payments
Hibernate: DELETE FROM opm.audit_batch
Hibernate: DELETE FROM opm.new_claim_number
Hibernate: DELETE FROM opm.annuitant_list
Hibernate: DELETE FROM opm.time_factor
Hibernate: DELETE FROM opm.contact_info
Hibernate: DELETE FROM opm.interest_suppression
Hibernate: DELETE FROM opm.gl_payment_type
Hibernate: DELETE FROM opm.scm_first_insert
Hibernate: DELETE FROM opm.holiday
Hibernate: DELETE FROM opm.deduction_rate
Hibernate: DELETE FROM opm.interest_grace_period
Hibernate: DELETE FROM opm.gl_code
Hibernate: DELETE FROM opm.claim_without_service
Hibernate: DELETE FROM opm.payment_transaction_note
Hibernate: DELETE FROM opm.payment_move_transaction
Hibernate: DELETE FROM opm.interest_rate
Hibernate: DELETE FROM opm.payment_interest_detail
Hibernate: DELETE FROM opm.adjustment_transaction
Hibernate: DELETE FROM opm.invoice
Hibernate: DELETE FROM opm.a01_print_suppression_case
Hibernate: DELETE FROM opm.user_account_assignment
Hibernate: DELETE FROM opm.payment_refund_link
Hibernate: DELETE FROM opm.role_permission
Hibernate: DELETE FROM opm.user_permission
Hibernate: DELETE FROM opm.service_credit_preference
Hibernate: DELETE FROM opm.account_confirmation_validation_entry
Hibernate: DELETE FROM opm.payment_reverse
Hibernate: DELETE FROM opm.payment
Hibernate: DELETE FROM opm.pay_trans_status_code
Hibernate: DELETE FROM opm.payments_applied_order_code
Hibernate: DELETE FROM opm.printout
Hibernate: DELETE FROM opm.related_help_items
Hibernate: DELETE FROM opm.help_item
Hibernate: DELETE FROM opm.notification_READBY
Hibernate: DELETE FROM opm.date_calculation_data
Hibernate: DELETE FROM opm.refund_transaction
Hibernate: DELETE FROM opm.audit_parameter_record
Hibernate: DELETE FROM opm.audit_record
Hibernate: DELETE FROM opm.dedeposit
Hibernate: DELETE FROM opm.redeposit
Hibernate: DELETE FROM opm.calculation_result_item
Hibernate: DELETE FROM opm.calculation
Hibernate: DELETE FROM opm.fers_redeposit
Hibernate: DELETE FROM opm.fers_deposit
Hibernate: DELETE FROM opm.calculation_version
Hibernate: DELETE FROM opm.calculation_result
Hibernate: DELETE FROM opm.summary_data
Hibernate: DELETE FROM opm.billing
Hibernate: DELETE FROM opm.account_note
Hibernate: DELETE FROM opm.account
Hibernate: DELETE FROM opm.account_confirmation_validation
Hibernate: DELETE FROM opm.billing_summary
Hibernate: DELETE FROM opm.account_holder
Hibernate: DELETE FROM opm.address
Hibernate: DELETE FROM opm.error
Hibernate: DELETE FROM opm.info
Hibernate: DELETE FROM opm.notification
Hibernate: DELETE FROM opm.app_user
Hibernate: DELETE FROM opm.batch_daily_payments_history
Hibernate: DELETE FROM opm.audit_batch_history
Hibernate: DELETE FROM opm.new_claim_number_history
Hibernate: DELETE FROM opm.annuitant_list_history
Hibernate: DELETE FROM opm.time_factor_history
Hibernate: DELETE FROM opm.contact_info_history
Hibernate: DELETE FROM opm.interest_suppression_history
Hibernate: DELETE FROM opm.gl_payment_type_history
Hibernate: DELETE FROM opm.scm_first_insert_history
Hibernate: DELETE FROM opm.holiday_history
Hibernate: DELETE FROM opm.deduction_rate_history
Hibernate: DELETE FROM opm.interest_grace_period_history
Hibernate: DELETE FROM opm.gl_code_history
Hibernate: DELETE FROM opm.claim_without_service_history
Hibernate: DELETE FROM opm.payment_transaction_note_history
Hibernate: DELETE FROM opm.payment_move_transaction_history
Hibernate: DELETE FROM opm.interest_rate_history
Hibernate: DELETE FROM opm.payment_interest_detail_history
Hibernate: DELETE FROM opm.adjustment_transaction_history
Hibernate: DELETE FROM opm.invoice_history
Hibernate: DELETE FROM opm.a01_print_suppression_case_history
Hibernate: DELETE FROM opm.user_account_assignment_history
Hibernate: DELETE FROM opm.payment_refund_link_history
Hibernate: DELETE FROM opm.payments_applied_order_code_history
Hibernate: DELETE FROM opm.service_credit_preference_history
Hibernate: DELETE FROM opm.account_confirmation_validation_entry_history
Hibernate: DELETE FROM opm.account_confirmation_validation_history
Hibernate: DELETE FROM opm.payment_reverse_history
Hibernate: DELETE FROM opm.payment_history
Hibernate: DELETE FROM opm.pay_trans_status_code_history
Hibernate: DELETE FROM opm.notification_READBY_history
Hibernate: DELETE FROM opm.refund_transaction_history
Hibernate: DELETE FROM opm.summary_data_history
Hibernate: DELETE FROM opm.dedeposit_history
Hibernate: DELETE FROM opm.redeposit_history
Hibernate: DELETE FROM opm.calculation_result_item_history
Hibernate: DELETE FROM opm.calculation_result_history
Hibernate: DELETE FROM opm.calculation_history
Hibernate: DELETE FROM opm.fers_redeposit_history
Hibernate: DELETE FROM opm.fers_deposit_history
Hibernate: DELETE FROM opm.calculation_version_history
Hibernate: DELETE FROM opm.billing_history
Hibernate: DELETE FROM opm.billing_summary_history
Hibernate: DELETE FROM opm.account_note_history
Hibernate: DELETE FROM opm.address_history
Hibernate: DELETE FROM opm.account_history
Hibernate: DELETE FROM opm.account_holder_history
Hibernate: DELETE FROM opm.error_history
Hibernate: DELETE FROM opm.info_history
Hibernate: DELETE FROM opm.notification_history
Hibernate: DELETE FROM opm.app_user_history
Hibernate: DELETE FROM opm.change_trans_field_number_code
Hibernate: DELETE FROM opm.pay_code
Hibernate: DELETE FROM opm.payment_applied_order
Hibernate: DELETE FROM opm.agency_code
Hibernate: DELETE FROM opm.calculation_status
Hibernate: DELETE FROM opm.transfer_type
Hibernate: DELETE FROM opm.user_status
Hibernate: DELETE FROM opm.claim_officer
Hibernate: DELETE FROM opm.payment_status
Hibernate: DELETE FROM opm.application_designation
Hibernate: DELETE FROM opm.payment_reversal_reason
Hibernate: DELETE FROM opm.pay_type
Hibernate: DELETE FROM opm.appointment_type
Hibernate: DELETE FROM opm.role
Hibernate: DELETE FROM opm.service_type
Hibernate: DELETE FROM opm.retirement_type
Hibernate: DELETE FROM opm.account_status
Hibernate: DELETE FROM opm.country
Hibernate: DELETE FROM opm.state
Hibernate: DELETE FROM opm.period_type
Hibernate: DELETE FROM opm.suffix
Hibernate: DELETE FROM opm.form_type
Hibernate: DELETE FROM opm.batch_daily_payments
Hibernate: DELETE FROM opm.audit_batch
Hibernate: DELETE FROM opm.new_claim_number
Hibernate: DELETE FROM opm.annuitant_list
Hibernate: DELETE FROM opm.time_factor
Hibernate: DELETE FROM opm.contact_info
Hibernate: DELETE FROM opm.interest_suppression
Hibernate: DELETE FROM opm.gl_payment_type
Hibernate: DELETE FROM opm.scm_first_insert
Hibernate: DELETE FROM opm.holiday
Hibernate: DELETE FROM opm.deduction_rate
Hibernate: DELETE FROM opm.interest_grace_period
Hibernate: DELETE FROM opm.gl_code
Hibernate: DELETE FROM opm.claim_without_service
Hibernate: DELETE FROM opm.payment_transaction_note
Hibernate: DELETE FROM opm.payment_move_transaction
Hibernate: DELETE FROM opm.interest_rate
Hibernate: DELETE FROM opm.payment_interest_detail
Hibernate: DELETE FROM opm.adjustment_transaction
Hibernate: DELETE FROM opm.invoice
Hibernate: DELETE FROM opm.a01_print_suppression_case
Hibernate: DELETE FROM opm.user_account_assignment
Hibernate: DELETE FROM opm.payment_refund_link
Hibernate: DELETE FROM opm.role_permission
Hibernate: DELETE FROM opm.user_permission
Hibernate: DELETE FROM opm.service_credit_preference
Hibernate: DELETE FROM opm.account_confirmation_validation_entry
Hibernate: DELETE FROM opm.payment_reverse
Hibernate: DELETE FROM opm.payment
Hibernate: DELETE FROM opm.pay_trans_status_code
Hibernate: DELETE FROM opm.payments_applied_order_code
Hibernate: DELETE FROM opm.printout
Hibernate: DELETE FROM opm.related_help_items
Hibernate: DELETE FROM opm.help_item
Hibernate: DELETE FROM opm.notification_READBY
Hibernate: DELETE FROM opm.date_calculation_data
Hibernate: DELETE FROM opm.refund_transaction
Hibernate: DELETE FROM opm.audit_parameter_record
Hibernate: DELETE FROM opm.audit_record
Hibernate: DELETE FROM opm.dedeposit
Hibernate: DELETE FROM opm.redeposit
Hibernate: DELETE FROM opm.calculation_result_item
Hibernate: DELETE FROM opm.calculation
Hibernate: DELETE FROM opm.fers_redeposit
Hibernate: DELETE FROM opm.fers_deposit
Hibernate: DELETE FROM opm.calculation_version
Hibernate: DELETE FROM opm.calculation_result
Hibernate: DELETE FROM opm.summary_data
Hibernate: DELETE FROM opm.billing
Hibernate: DELETE FROM opm.account_note
Hibernate: DELETE FROM opm.account
Hibernate: DELETE FROM opm.account_confirmation_validation
Hibernate: DELETE FROM opm.billing_summary
Hibernate: DELETE FROM opm.account_holder
Hibernate: DELETE FROM opm.address
Hibernate: DELETE FROM opm.error
Hibernate: DELETE FROM opm.info
Hibernate: DELETE FROM opm.notification
Hibernate: DELETE FROM opm.app_user
Hibernate: DELETE FROM opm.batch_daily_payments_history
Hibernate: DELETE FROM opm.audit_batch_history
Hibernate: DELETE FROM opm.new_claim_number_history
Hibernate: DELETE FROM opm.annuitant_list_history
Hibernate: DELETE FROM opm.time_factor_history
Hibernate: DELETE FROM opm.contact_info_history
Hibernate: DELETE FROM opm.interest_suppression_history
Hibernate: DELETE FROM opm.gl_payment_type_history
Hibernate: DELETE FROM opm.scm_first_insert_history
Hibernate: DELETE FROM opm.holiday_history
Hibernate: DELETE FROM opm.deduction_rate_history
Hibernate: DELETE FROM opm.interest_grace_period_history
Hibernate: DELETE FROM opm.gl_code_history
Hibernate: DELETE FROM opm.claim_without_service_history
Hibernate: DELETE FROM opm.payment_transaction_note_history
Hibernate: DELETE FROM opm.payment_move_transaction_history
Hibernate: DELETE FROM opm.interest_rate_history
Hibernate: DELETE FROM opm.payment_interest_detail_history
Hibernate: DELETE FROM opm.adjustment_transaction_history
Hibernate: DELETE FROM opm.invoice_history
Hibernate: DELETE FROM opm.a01_print_suppression_case_history
Hibernate: DELETE FROM opm.user_account_assignment_history
Hibernate: DELETE FROM opm.payment_refund_link_history
Hibernate: DELETE FROM opm.payments_applied_order_code_history
Hibernate: DELETE FROM opm.service_credit_preference_history
Hibernate: DELETE FROM opm.account_confirmation_validation_entry_history
Hibernate: DELETE FROM opm.account_confirmation_validation_history
Hibernate: DELETE FROM opm.payment_reverse_history
Hibernate: DELETE FROM opm.payment_history
Hibernate: DELETE FROM opm.pay_trans_status_code_history
Hibernate: DELETE FROM opm.notification_READBY_history
Hibernate: DELETE FROM opm.refund_transaction_history
Hibernate: DELETE FROM opm.summary_data_history
Hibernate: DELETE FROM opm.dedeposit_history
Hibernate: DELETE FROM opm.redeposit_history
Hibernate: DELETE FROM opm.calculation_result_item_history
Hibernate: DELETE FROM opm.calculation_result_history
Hibernate: DELETE FROM opm.calculation_history
Hibernate: DELETE FROM opm.fers_redeposit_history
Hibernate: DELETE FROM opm.fers_deposit_history
Hibernate: DELETE FROM opm.calculation_version_history
Hibernate: DELETE FROM opm.billing_history
Hibernate: DELETE FROM opm.billing_summary_history
Hibernate: DELETE FROM opm.account_note_history
Hibernate: DELETE FROM opm.address_history
Hibernate: DELETE FROM opm.account_history
Hibernate: DELETE FROM opm.account_holder_history
Hibernate: DELETE FROM opm.error_history
Hibernate: DELETE FROM opm.info_history
Hibernate: DELETE FROM opm.notification_history
Hibernate: DELETE FROM opm.app_user_history
Hibernate: DELETE FROM opm.change_trans_field_number_code
Hibernate: DELETE FROM opm.pay_code
Hibernate: DELETE FROM opm.payment_applied_order
Hibernate: DELETE FROM opm.agency_code
Hibernate: DELETE FROM opm.calculation_status
Hibernate: DELETE FROM opm.transfer_type
Hibernate: DELETE FROM opm.user_status
Hibernate: DELETE FROM opm.claim_officer
Hibernate: DELETE FROM opm.payment_status
Hibernate: DELETE FROM opm.application_designation
Hibernate: DELETE FROM opm.payment_reversal_reason
Hibernate: DELETE FROM opm.pay_type
Hibernate: DELETE FROM opm.appointment_type
Hibernate: DELETE FROM opm.role
Hibernate: DELETE FROM opm.service_type
Hibernate: DELETE FROM opm.retirement_type
Hibernate: DELETE FROM opm.account_status
Hibernate: DELETE FROM opm.country
Hibernate: DELETE FROM opm.state
Hibernate: DELETE FROM opm.period_type
Hibernate: DELETE FROM opm.suffix
Hibernate: DELETE FROM opm.form_type
Hibernate: insert into opm.claim_officer (deleted, name) values (?, ?)
Hibernate: select claimoffic0_.id as id1_26_0_, claimoffic0_.deleted as deleted2_26_0_, claimoffic0_.name as name3_26_0_ from opm.claim_officer claimoffic0_ where claimoffic0_.id=?
Hibernate: update opm.claim_officer set deleted=?, name=? where id=?
Hibernate: delete from opm.claim_officer where id=?
Hibernate: select claimoffic0_.id as id1_26_0_, claimoffic0_.deleted as deleted2_26_0_, claimoffic0_.name as name3_26_0_ from opm.claim_officer claimoffic0_ where claimoffic0_.id=?
Hibernate: DELETE FROM opm.batch_daily_payments
Hibernate: DELETE FROM opm.audit_batch
Hibernate: DELETE FROM opm.new_claim_number
Hibernate: DELETE FROM opm.annuitant_list
Hibernate: DELETE FROM opm.time_factor
Hibernate: DELETE FROM opm.contact_info
Hibernate: DELETE FROM opm.interest_suppression
Hibernate: DELETE FROM opm.gl_payment_type
Hibernate: DELETE FROM opm.scm_first_insert
Hibernate: DELETE FROM opm.holiday
Hibernate: DELETE FROM opm.deduction_rate
Hibernate: DELETE FROM opm.interest_grace_period
Hibernate: DELETE FROM opm.gl_code
Hibernate: DELETE FROM opm.claim_without_service
Hibernate: DELETE FROM opm.payment_transaction_note
Hibernate: DELETE FROM opm.payment_move_transaction
Hibernate: DELETE FROM opm.interest_rate
Hibernate: DELETE FROM opm.payment_interest_detail
Hibernate: DELETE FROM opm.adjustment_transaction
Hibernate: DELETE FROM opm.invoice
Hibernate: DELETE FROM opm.a01_print_suppression_case
Hibernate: DELETE FROM opm.user_account_assignment
Hibernate: DELETE FROM opm.payment_refund_link
Hibernate: DELETE FROM opm.role_permission
Hibernate: DELETE FROM opm.user_permission
Hibernate: DELETE FROM opm.service_credit_preference
Hibernate: DELETE FROM opm.account_confirmation_validation_entry
Hibernate: DELETE FROM opm.payment_reverse
Hibernate: DELETE FROM opm.payment
Hibernate: DELETE FROM opm.pay_trans_status_code
Hibernate: DELETE FROM opm.payments_applied_order_code
Hibernate: DELETE FROM opm.printout
Hibernate: DELETE FROM opm.related_help_items
Hibernate: DELETE FROM opm.help_item
Hibernate: DELETE FROM opm.notification_READBY
Hibernate: DELETE FROM opm.date_calculation_data
Hibernate: DELETE FROM opm.refund_transaction
Hibernate: DELETE FROM opm.audit_parameter_record
Hibernate: DELETE FROM opm.audit_record
Hibernate: DELETE FROM opm.dedeposit
Hibernate: DELETE FROM opm.redeposit
Hibernate: DELETE FROM opm.calculation_result_item
Hibernate: DELETE FROM opm.calculation
Hibernate: DELETE FROM opm.fers_redeposit
Hibernate: DELETE FROM opm.fers_deposit
Hibernate: DELETE FROM opm.calculation_version
Hibernate: DELETE FROM opm.calculation_result
Hibernate: DELETE FROM opm.summary_data
Hibernate: DELETE FROM opm.billing
Hibernate: DELETE FROM opm.account_note
Hibernate: DELETE FROM opm.account
Hibernate: DELETE FROM opm.account_confirmation_validation
Hibernate: DELETE FROM opm.billing_summary
Hibernate: DELETE FROM opm.account_holder
Hibernate: DELETE FROM opm.address
Hibernate: DELETE FROM opm.error
Hibernate: DELETE FROM opm.info
Hibernate: DELETE FROM opm.notification
Hibernate: DELETE FROM opm.app_user
Hibernate: DELETE FROM opm.batch_daily_payments_history
Hibernate: DELETE FROM opm.audit_batch_history
Hibernate: DELETE FROM opm.new_claim_number_history
Hibernate: DELETE FROM opm.annuitant_list_history
Hibernate: DELETE FROM opm.time_factor_history
Hibernate: DELETE FROM opm.contact_info_history
Hibernate: DELETE FROM opm.interest_suppression_history
Hibernate: DELETE FROM opm.gl_payment_type_history
Hibernate: DELETE FROM opm.scm_first_insert_history
Hibernate: DELETE FROM opm.holiday_history
Hibernate: DELETE FROM opm.deduction_rate_history
Hibernate: DELETE FROM opm.interest_grace_period_history
Hibernate: DELETE FROM opm.gl_code_history
Hibernate: DELETE FROM opm.claim_without_service_history
Hibernate: DELETE FROM opm.payment_transaction_note_history
Hibernate: DELETE FROM opm.payment_move_transaction_history
Hibernate: DELETE FROM opm.interest_rate_history
Hibernate: DELETE FROM opm.payment_interest_detail_history
Hibernate: DELETE FROM opm.adjustment_transaction_history
Hibernate: DELETE FROM opm.invoice_history
Hibernate: DELETE FROM opm.a01_print_suppression_case_history
Hibernate: DELETE FROM opm.user_account_assignment_history
Hibernate: DELETE FROM opm.payment_refund_link_history
Hibernate: DELETE FROM opm.payments_applied_order_code_history
Hibernate: DELETE FROM opm.service_credit_preference_history
Hibernate: DELETE FROM opm.account_confirmation_validation_entry_history
Hibernate: DELETE FROM opm.account_confirmation_validation_history
Hibernate: DELETE FROM opm.payment_reverse_history
Hibernate: DELETE FROM opm.payment_history
Hibernate: DELETE FROM opm.pay_trans_status_code_history
Hibernate: DELETE FROM opm.notification_READBY_history
Hibernate: DELETE FROM opm.refund_transaction_history
Hibernate: DELETE FROM opm.summary_data_history
Hibernate: DELETE FROM opm.dedeposit_history
Hibernate: DELETE FROM opm.redeposit_history
Hibernate: DELETE FROM opm.calculation_result_item_history
Hibernate: DELETE FROM opm.calculation_result_history
Hibernate: DELETE FROM opm.calculation_history
Hibernate: DELETE FROM opm.fers_redeposit_history
Hibernate: DELETE FROM opm.fers_deposit_history
Hibernate: DELETE FROM opm.calculation_version_history
Hibernate: DELETE FROM opm.billing_history
Hibernate: DELETE FROM opm.billing_summary_history
Hibernate: DELETE FROM opm.account_note_history
Hibernate: DELETE FROM opm.address_history
Hibernate: DELETE FROM opm.account_history
Hibernate: DELETE FROM opm.account_holder_history
Hibernate: DELETE FROM opm.error_history
Hibernate: DELETE FROM opm.info_history
Hibernate: DELETE FROM opm.notification_history
Hibernate: DELETE FROM opm.app_user_history
Hibernate: DELETE FROM opm.change_trans_field_number_code
Hibernate: DELETE FROM opm.pay_code
Hibernate: DELETE FROM opm.payment_applied_order
Hibernate: DELETE FROM opm.agency_code
Hibernate: DELETE FROM opm.calculation_status
Hibernate: DELETE FROM opm.transfer_type
Hibernate: DELETE FROM opm.user_status
Hibernate: DELETE FROM opm.claim_officer
Hibernate: DELETE FROM opm.payment_status
Hibernate: DELETE FROM opm.application_designation
Hibernate: DELETE FROM opm.payment_reversal_reason
Hibernate: DELETE FROM opm.pay_type
Hibernate: DELETE FROM opm.appointment_type
Hibernate: DELETE FROM opm.role
Hibernate: DELETE FROM opm.service_type
Hibernate: DELETE FROM opm.retirement_type
Hibernate: DELETE FROM opm.account_status
Hibernate: DELETE FROM opm.country
Hibernate: DELETE FROM opm.state
Hibernate: DELETE FROM opm.period_type
Hibernate: DELETE FROM opm.suffix
Hibernate: DELETE FROM opm.form_type
Hibernate: DELETE FROM opm.batch_daily_payments
Hibernate: DELETE FROM opm.audit_batch
Hibernate: DELETE FROM opm.new_claim_number
Hibernate: DELETE FROM opm.annuitant_list
Hibernate: DELETE FROM opm.time_factor
Hibernate: DELETE FROM opm.contact_info
Hibernate: DELETE FROM opm.interest_suppression
Hibernate: DELETE FROM opm.gl_payment_type
Hibernate: DELETE FROM opm.scm_first_insert
Hibernate: DELETE FROM opm.holiday
Hibernate: DELETE FROM opm.deduction_rate
Hibernate: DELETE FROM opm.interest_grace_period
Hibernate: DELETE FROM opm.gl_code
Hibernate: DELETE FROM opm.claim_without_service
Hibernate: DELETE FROM opm.payment_transaction_note
Hibernate: DELETE FROM opm.payment_move_transaction
Hibernate: DELETE FROM opm.interest_rate
Hibernate: DELETE FROM opm.payment_interest_detail
Hibernate: DELETE FROM opm.adjustment_transaction
Hibernate: DELETE FROM opm.invoice
Hibernate: DELETE FROM opm.a01_print_suppression_case
Hibernate: DELETE FROM opm.user_account_assignment
Hibernate: DELETE FROM opm.payment_refund_link
Hibernate: DELETE FROM opm.role_permission
Hibernate: DELETE FROM opm.user_permission
Hibernate: DELETE FROM opm.service_credit_preference
Hibernate: DELETE FROM opm.account_confirmation_validation_entry
Hibernate: DELETE FROM opm.payment_reverse
Hibernate: DELETE FROM opm.payment
Hibernate: DELETE FROM opm.pay_trans_status_code
Hibernate: DELETE FROM opm.payments_applied_order_code
Hibernate: DELETE FROM opm.printout
Hibernate: DELETE FROM opm.related_help_items
Hibernate: DELETE FROM opm.help_item
Hibernate: DELETE FROM opm.notification_READBY
Hibernate: DELETE FROM opm.date_calculation_data
Hibernate: DELETE FROM opm.refund_transaction
Hibernate: DELETE FROM opm.audit_parameter_record
Hibernate: DELETE FROM opm.audit_record
Hibernate: DELETE FROM opm.dedeposit
Hibernate: DELETE FROM opm.redeposit
Hibernate: DELETE FROM opm.calculation_result_item
Hibernate: DELETE FROM opm.calculation
Hibernate: DELETE FROM opm.fers_redeposit
Hibernate: DELETE FROM opm.fers_deposit
Hibernate: DELETE FROM opm.calculation_version
Hibernate: DELETE FROM opm.calculation_result
Hibernate: DELETE FROM opm.summary_data
Hibernate: DELETE FROM opm.billing
Hibernate: DELETE FROM opm.account_note
Hibernate: DELETE FROM opm.account
Hibernate: DELETE FROM opm.account_confirmation_validation
Hibernate: DELETE FROM opm.billing_summary
Hibernate: DELETE FROM opm.account_holder
Hibernate: DELETE FROM opm.address
Hibernate: DELETE FROM opm.error
Hibernate: DELETE FROM opm.info
Hibernate: DELETE FROM opm.notification
Hibernate: DELETE FROM opm.app_user
Hibernate: DELETE FROM opm.batch_daily_payments_history
Hibernate: DELETE FROM opm.audit_batch_history
Hibernate: DELETE FROM opm.new_claim_number_history
Hibernate: DELETE FROM opm.annuitant_list_history
Hibernate: DELETE FROM opm.time_factor_history
Hibernate: DELETE FROM opm.contact_info_history
Hibernate: DELETE FROM opm.interest_suppression_history
Hibernate: DELETE FROM opm.gl_payment_type_history
Hibernate: DELETE FROM opm.scm_first_insert_history
Hibernate: DELETE FROM opm.holiday_history
Hibernate: DELETE FROM opm.deduction_rate_history
Hibernate: DELETE FROM opm.interest_grace_period_history
Hibernate: DELETE FROM opm.gl_code_history
Hibernate: DELETE FROM opm.claim_without_service_history
Hibernate: DELETE FROM opm.payment_transaction_note_history
Hibernate: DELETE FROM opm.payment_move_transaction_history
Hibernate: DELETE FROM opm.interest_rate_history
Hibernate: DELETE FROM opm.payment_interest_detail_history
Hibernate: DELETE FROM opm.adjustment_transaction_history
Hibernate: DELETE FROM opm.invoice_history
Hibernate: DELETE FROM opm.a01_print_suppression_case_history
Hibernate: DELETE FROM opm.user_account_assignment_history
Hibernate: DELETE FROM opm.payment_refund_link_history
Hibernate: DELETE FROM opm.payments_applied_order_code_history
Hibernate: DELETE FROM opm.service_credit_preference_history
Hibernate: DELETE FROM opm.account_confirmation_validation_entry_history
Hibernate: DELETE FROM opm.account_confirmation_validation_history
Hibernate: DELETE FROM opm.payment_reverse_history
Hibernate: DELETE FROM opm.payment_history
Hibernate: DELETE FROM opm.pay_trans_status_code_history
Hibernate: DELETE FROM opm.notification_READBY_history
Hibernate: DELETE FROM opm.refund_transaction_history
Hibernate: DELETE FROM opm.summary_data_history
Hibernate: DELETE FROM opm.dedeposit_history
Hibernate: DELETE FROM opm.redeposit_history
Hibernate: DELETE FROM opm.calculation_result_item_history
Hibernate: DELETE FROM opm.calculation_result_history
Hibernate: DELETE FROM opm.calculation_history
Hibernate: DELETE FROM opm.fers_redeposit_history
Hibernate: DELETE FROM opm.fers_deposit_history
Hibernate: DELETE FROM opm.calculation_version_history
Hibernate: DELETE FROM opm.billing_history
Hibernate: DELETE FROM opm.billing_summary_history
Hibernate: DELETE FROM opm.account_note_history
Hibernate: DELETE FROM opm.address_history
Hibernate: DELETE FROM opm.account_history
Hibernate: DELETE FROM opm.account_holder_history
Hibernate: DELETE FROM opm.error_history
Hibernate: DELETE FROM opm.info_history
Hibernate: DELETE FROM opm.notification_history
Hibernate: DELETE FROM opm.app_user_history
Hibernate: DELETE FROM opm.change_trans_field_number_code
Hibernate: DELETE FROM opm.pay_code
Hibernate: DELETE FROM opm.payment_applied_order
Hibernate: DELETE FROM opm.agency_code
Hibernate: DELETE FROM opm.calculation_status
Hibernate: DELETE FROM opm.transfer_type
Hibernate: DELETE FROM opm.user_status
Hibernate: DELETE FROM opm.claim_officer
Hibernate: DELETE FROM opm.payment_status
Hibernate: DELETE FROM opm.application_designation
Hibernate: DELETE FROM opm.payment_reversal_reason
Hibernate: DELETE FROM opm.pay_type
Hibernate: DELETE FROM opm.appointment_type
Hibernate: DELETE FROM opm.role
Hibernate: DELETE FROM opm.service_type
Hibernate: DELETE FROM opm.retirement_type
Hibernate: DELETE FROM opm.account_status
Hibernate: DELETE FROM opm.country
Hibernate: DELETE FROM opm.state
Hibernate: DELETE FROM opm.period_type
Hibernate: DELETE FROM opm.suffix
Hibernate: DELETE FROM opm.form_type
Hibernate: insert into opm.user_status (deleted, name) values (?, ?)
Hibernate: select userstatus0_.id as id1_79_0_, userstatus0_.deleted as deleted2_79_0_, userstatus0_.name as name3_79_0_ from opm.user_status userstatus0_ where userstatus0_.id=?
Hibernate: update opm.user_status set deleted=?, name=? where id=?
Hibernate: delete from opm.user_status where id=?
Hibernate: select userstatus0_.id as id1_79_0_, userstatus0_.deleted as deleted2_79_0_, userstatus0_.name as name3_79_0_ from opm.user_status userstatus0_ where userstatus0_.id=?
Hibernate: DELETE FROM opm.batch_daily_payments
Hibernate: DELETE FROM opm.audit_batch
Hibernate: DELETE FROM opm.new_claim_number
Hibernate: DELETE FROM opm.annuitant_list
Hibernate: DELETE FROM opm.time_factor
Hibernate: DELETE FROM opm.contact_info
Hibernate: DELETE FROM opm.interest_suppression
Hibernate: DELETE FROM opm.gl_payment_type
Hibernate: DELETE FROM opm.scm_first_insert
Hibernate: DELETE FROM opm.holiday
Hibernate: DELETE FROM opm.deduction_rate
Hibernate: DELETE FROM opm.interest_grace_period
Hibernate: DELETE FROM opm.gl_code
Hibernate: DELETE FROM opm.claim_without_service
Hibernate: DELETE FROM opm.payment_transaction_note
Hibernate: DELETE FROM opm.payment_move_transaction
Hibernate: DELETE FROM opm.interest_rate
Hibernate: DELETE FROM opm.payment_interest_detail
Hibernate: DELETE FROM opm.adjustment_transaction
Hibernate: DELETE FROM opm.invoice
Hibernate: DELETE FROM opm.a01_print_suppression_case
Hibernate: DELETE FROM opm.user_account_assignment
Hibernate: DELETE FROM opm.payment_refund_link
Hibernate: DELETE FROM opm.role_permission
Hibernate: DELETE FROM opm.user_permission
Hibernate: DELETE FROM opm.service_credit_preference
Hibernate: DELETE FROM opm.account_confirmation_validation_entry
Hibernate: DELETE FROM opm.payment_reverse
Hibernate: DELETE FROM opm.payment
Hibernate: DELETE FROM opm.pay_trans_status_code
Hibernate: DELETE FROM opm.payments_applied_order_code
Hibernate: DELETE FROM opm.printout
Hibernate: DELETE FROM opm.related_help_items
Hibernate: DELETE FROM opm.help_item
Hibernate: DELETE FROM opm.notification_READBY
Hibernate: DELETE FROM opm.date_calculation_data
Hibernate: DELETE FROM opm.refund_transaction
Hibernate: DELETE FROM opm.audit_parameter_record
Hibernate: DELETE FROM opm.audit_record
Hibernate: DELETE FROM opm.dedeposit
Hibernate: DELETE FROM opm.redeposit
Hibernate: DELETE FROM opm.calculation_result_item
Hibernate: DELETE FROM opm.calculation
Hibernate: DELETE FROM opm.fers_redeposit
Hibernate: DELETE FROM opm.fers_deposit
Hibernate: DELETE FROM opm.calculation_version
Hibernate: DELETE FROM opm.calculation_result
Hibernate: DELETE FROM opm.summary_data
Hibernate: DELETE FROM opm.billing
Hibernate: DELETE FROM opm.account_note
Hibernate: DELETE FROM opm.account
Hibernate: DELETE FROM opm.account_confirmation_validation
Hibernate: DELETE FROM opm.billing_summary
Hibernate: DELETE FROM opm.account_holder
Hibernate: DELETE FROM opm.address
Hibernate: DELETE FROM opm.error
Hibernate: DELETE FROM opm.info
Hibernate: DELETE FROM opm.notification
Hibernate: DELETE FROM opm.app_user
Hibernate: DELETE FROM opm.batch_daily_payments_history
Hibernate: DELETE FROM opm.audit_batch_history
Hibernate: DELETE FROM opm.new_claim_number_history
Hibernate: DELETE FROM opm.annuitant_list_history
Hibernate: DELETE FROM opm.time_factor_history
Hibernate: DELETE FROM opm.contact_info_history
Hibernate: DELETE FROM opm.interest_suppression_history
Hibernate: DELETE FROM opm.gl_payment_type_history
Hibernate: DELETE FROM opm.scm_first_insert_history
Hibernate: DELETE FROM opm.holiday_history
Hibernate: DELETE FROM opm.deduction_rate_history
Hibernate: DELETE FROM opm.interest_grace_period_history
Hibernate: DELETE FROM opm.gl_code_history
Hibernate: DELETE FROM opm.claim_without_service_history
Hibernate: DELETE FROM opm.payment_transaction_note_history
Hibernate: DELETE FROM opm.payment_move_transaction_history
Hibernate: DELETE FROM opm.interest_rate_history
Hibernate: DELETE FROM opm.payment_interest_detail_history
Hibernate: DELETE FROM opm.adjustment_transaction_history
Hibernate: DELETE FROM opm.invoice_history
Hibernate: DELETE FROM opm.a01_print_suppression_case_history
Hibernate: DELETE FROM opm.user_account_assignment_history
Hibernate: DELETE FROM opm.payment_refund_link_history
Hibernate: DELETE FROM opm.payments_applied_order_code_history
Hibernate: DELETE FROM opm.service_credit_preference_history
Hibernate: DELETE FROM opm.account_confirmation_validation_entry_history
Hibernate: DELETE FROM opm.account_confirmation_validation_history
Hibernate: DELETE FROM opm.payment_reverse_history
Hibernate: DELETE FROM opm.payment_history
Hibernate: DELETE FROM opm.pay_trans_status_code_history
Hibernate: DELETE FROM opm.notification_READBY_history
Hibernate: DELETE FROM opm.refund_transaction_history
Hibernate: DELETE FROM opm.summary_data_history
Hibernate: DELETE FROM opm.dedeposit_history
Hibernate: DELETE FROM opm.redeposit_history
Hibernate: DELETE FROM opm.calculation_result_item_history
Hibernate: DELETE FROM opm.calculation_result_history
Hibernate: DELETE FROM opm.calculation_history
Hibernate: DELETE FROM opm.fers_redeposit_history
Hibernate: DELETE FROM opm.fers_deposit_history
Hibernate: DELETE FROM opm.calculation_version_history
Hibernate: DELETE FROM opm.billing_history
Hibernate: DELETE FROM opm.billing_summary_history
Hibernate: DELETE FROM opm.account_note_history
Hibernate: DELETE FROM opm.address_history
Hibernate: DELETE FROM opm.account_history
Hibernate: DELETE FROM opm.account_holder_history
Hibernate: DELETE FROM opm.error_history
Hibernate: DELETE FROM opm.info_history
Hibernate: DELETE FROM opm.notification_history
Hibernate: DELETE FROM opm.app_user_history
Hibernate: DELETE FROM opm.change_trans_field_number_code
Hibernate: DELETE FROM opm.pay_code
Hibernate: DELETE FROM opm.payment_applied_order
Hibernate: DELETE FROM opm.agency_code
Hibernate: DELETE FROM opm.calculation_status
Hibernate: DELETE FROM opm.transfer_type
Hibernate: DELETE FROM opm.user_status
Hibernate: DELETE FROM opm.claim_officer
Hibernate: DELETE FROM opm.payment_status
Hibernate: DELETE FROM opm.application_designation
Hibernate: DELETE FROM opm.payment_reversal_reason
Hibernate: DELETE FROM opm.pay_type
Hibernate: DELETE FROM opm.appointment_type
Hibernate: DELETE FROM opm.role
Hibernate: DELETE FROM opm.service_type
Hibernate: DELETE FROM opm.retirement_type
Hibernate: DELETE FROM opm.account_status
Hibernate: DELETE FROM opm.country
Hibernate: DELETE FROM opm.state
Hibernate: DELETE FROM opm.period_type
Hibernate: DELETE FROM opm.suffix
Hibernate: DELETE FROM opm.form_type
Hibernate: DELETE FROM opm.batch_daily_payments
Hibernate: DELETE FROM opm.audit_batch
Hibernate: DELETE FROM opm.new_claim_number
Hibernate: DELETE FROM opm.annuitant_list
Hibernate: DELETE FROM opm.time_factor
Hibernate: DELETE FROM opm.contact_info
Hibernate: DELETE FROM opm.interest_suppression
Hibernate: DELETE FROM opm.gl_payment_type
Hibernate: DELETE FROM opm.scm_first_insert
Hibernate: DELETE FROM opm.holiday
Hibernate: DELETE FROM opm.deduction_rate
Hibernate: DELETE FROM opm.interest_grace_period
Hibernate: DELETE FROM opm.gl_code
Hibernate: DELETE FROM opm.claim_without_service
Hibernate: DELETE FROM opm.payment_transaction_note
Hibernate: DELETE FROM opm.payment_move_transaction
Hibernate: DELETE FROM opm.interest_rate
Hibernate: DELETE FROM opm.payment_interest_detail
Hibernate: DELETE FROM opm.adjustment_transaction
Hibernate: DELETE FROM opm.invoice
Hibernate: DELETE FROM opm.a01_print_suppression_case
Hibernate: DELETE FROM opm.user_account_assignment
Hibernate: DELETE FROM opm.payment_refund_link
Hibernate: DELETE FROM opm.role_permission
Hibernate: DELETE FROM opm.user_permission
Hibernate: DELETE FROM opm.service_credit_preference
Hibernate: DELETE FROM opm.account_confirmation_validation_entry
Hibernate: DELETE FROM opm.payment_reverse
Hibernate: DELETE FROM opm.payment
Hibernate: DELETE FROM opm.pay_trans_status_code
Hibernate: DELETE FROM opm.payments_applied_order_code
Hibernate: DELETE FROM opm.printout
Hibernate: DELETE FROM opm.related_help_items
Hibernate: DELETE FROM opm.help_item
Hibernate: DELETE FROM opm.notification_READBY
Hibernate: DELETE FROM opm.date_calculation_data
Hibernate: DELETE FROM opm.refund_transaction
Hibernate: DELETE FROM opm.audit_parameter_record
Hibernate: DELETE FROM opm.audit_record
Hibernate: DELETE FROM opm.dedeposit
Hibernate: DELETE FROM opm.redeposit
Hibernate: DELETE FROM opm.calculation_result_item
Hibernate: DELETE FROM opm.calculation
Hibernate: DELETE FROM opm.fers_redeposit
Hibernate: DELETE FROM opm.fers_deposit
Hibernate: DELETE FROM opm.calculation_version
Hibernate: DELETE FROM opm.calculation_result
Hibernate: DELETE FROM opm.summary_data
Hibernate: DELETE FROM opm.billing
Hibernate: DELETE FROM opm.account_note
Hibernate: DELETE FROM opm.account
Hibernate: DELETE FROM opm.account_confirmation_validation
Hibernate: DELETE FROM opm.billing_summary
Hibernate: DELETE FROM opm.account_holder
Hibernate: DELETE FROM opm.address
Hibernate: DELETE FROM opm.error
Hibernate: DELETE FROM opm.info
Hibernate: DELETE FROM opm.notification
Hibernate: DELETE FROM opm.app_user
Hibernate: DELETE FROM opm.batch_daily_payments_history
Hibernate: DELETE FROM opm.audit_batch_history
Hibernate: DELETE FROM opm.new_claim_number_history
Hibernate: DELETE FROM opm.annuitant_list_history
Hibernate: DELETE FROM opm.time_factor_history
Hibernate: DELETE FROM opm.contact_info_history
Hibernate: DELETE FROM opm.interest_suppression_history
Hibernate: DELETE FROM opm.gl_payment_type_history
Hibernate: DELETE FROM opm.scm_first_insert_history
Hibernate: DELETE FROM opm.holiday_history
Hibernate: DELETE FROM opm.deduction_rate_history
Hibernate: DELETE FROM opm.interest_grace_period_history
Hibernate: DELETE FROM opm.gl_code_history
Hibernate: DELETE FROM opm.claim_without_service_history
Hibernate: DELETE FROM opm.payment_transaction_note_history
Hibernate: DELETE FROM opm.payment_move_transaction_history
Hibernate: DELETE FROM opm.interest_rate_history
Hibernate: DELETE FROM opm.payment_interest_detail_history
Hibernate: DELETE FROM opm.adjustment_transaction_history
Hibernate: DELETE FROM opm.invoice_history
Hibernate: DELETE FROM opm.a01_print_suppression_case_history
Hibernate: DELETE FROM opm.user_account_assignment_history
Hibernate: DELETE FROM opm.payment_refund_link_history
Hibernate: DELETE FROM opm.payments_applied_order_code_history
Hibernate: DELETE FROM opm.service_credit_preference_history
Hibernate: DELETE FROM opm.account_confirmation_validation_entry_history
Hibernate: DELETE FROM opm.account_confirmation_validation_history
Hibernate: DELETE FROM opm.payment_reverse_history
Hibernate: DELETE FROM opm.payment_history
Hibernate: DELETE FROM opm.pay_trans_status_code_history
Hibernate: DELETE FROM opm.notification_READBY_history
Hibernate: DELETE FROM opm.refund_transaction_history
Hibernate: DELETE FROM opm.summary_data_history
Hibernate: DELETE FROM opm.dedeposit_history
Hibernate: DELETE FROM opm.redeposit_history
Hibernate: DELETE FROM opm.calculation_result_item_history
Hibernate: DELETE FROM opm.calculation_result_history
Hibernate: DELETE FROM opm.calculation_history
Hibernate: DELETE FROM opm.fers_redeposit_history
Hibernate: DELETE FROM opm.fers_deposit_history
Hibernate: DELETE FROM opm.calculation_version_history
Hibernate: DELETE FROM opm.billing_history
Hibernate: DELETE FROM opm.billing_summary_history
Hibernate: DELETE FROM opm.account_note_history
Hibernate: DELETE FROM opm.address_history
Hibernate: DELETE FROM opm.account_history
Hibernate: DELETE FROM opm.account_holder_history
Hibernate: DELETE FROM opm.error_history
Hibernate: DELETE FROM opm.info_history
Hibernate: DELETE FROM opm.notification_history
Hibernate: DELETE FROM opm.app_user_history
Hibernate: DELETE FROM opm.change_trans_field_number_code
Hibernate: DELETE FROM opm.pay_code
Hibernate: DELETE FROM opm.payment_applied_order
Hibernate: DELETE FROM opm.agency_code
Hibernate: DELETE FROM opm.calculation_status
Hibernate: DELETE FROM opm.transfer_type
Hibernate: DELETE FROM opm.user_status
Hibernate: DELETE FROM opm.claim_officer
Hibernate: DELETE FROM opm.payment_status
Hibernate: DELETE FROM opm.application_designation
Hibernate: DELETE FROM opm.payment_reversal_reason
Hibernate: DELETE FROM opm.pay_type
Hibernate: DELETE FROM opm.appointment_type
Hibernate: DELETE FROM opm.role
Hibernate: DELETE FROM opm.service_type
Hibernate: DELETE FROM opm.retirement_type
Hibernate: DELETE FROM opm.account_status
Hibernate: DELETE FROM opm.country
Hibernate: DELETE FROM opm.state
Hibernate: DELETE FROM opm.period_type
Hibernate: DELETE FROM opm.suffix
Hibernate: DELETE FROM opm.form_type
Hibernate: insert into opm.transfer_type (deleted, name) values (?, ?)
Hibernate: select transferty0_.id as id1_76_0_, transferty0_.deleted as deleted2_76_0_, transferty0_.name as name3_76_0_ from opm.transfer_type transferty0_ where transferty0_.id=?
Hibernate: update opm.transfer_type set deleted=?, name=? where id=?
Hibernate: delete from opm.transfer_type where id=?
Hibernate: select transferty0_.id as id1_76_0_, transferty0_.deleted as deleted2_76_0_, transferty0_.name as name3_76_0_ from opm.transfer_type transferty0_ where transferty0_.id=?
Hibernate: DELETE FROM opm.batch_daily_payments
Hibernate: DELETE FROM opm.audit_batch
Hibernate: DELETE FROM opm.new_claim_number
Hibernate: DELETE FROM opm.annuitant_list
Hibernate: DELETE FROM opm.time_factor
Hibernate: DELETE FROM opm.contact_info
Hibernate: DELETE FROM opm.interest_suppression
Hibernate: DELETE FROM opm.gl_payment_type
Hibernate: DELETE FROM opm.scm_first_insert
Hibernate: DELETE FROM opm.holiday
Hibernate: DELETE FROM opm.deduction_rate
Hibernate: DELETE FROM opm.interest_grace_period
Hibernate: DELETE FROM opm.gl_code
Hibernate: DELETE FROM opm.claim_without_service
Hibernate: DELETE FROM opm.payment_transaction_note
Hibernate: DELETE FROM opm.payment_move_transaction
Hibernate: DELETE FROM opm.interest_rate
Hibernate: DELETE FROM opm.payment_interest_detail
Hibernate: DELETE FROM opm.adjustment_transaction
Hibernate: DELETE FROM opm.invoice
Hibernate: DELETE FROM opm.a01_print_suppression_case
Hibernate: DELETE FROM opm.user_account_assignment
Hibernate: DELETE FROM opm.payment_refund_link
Hibernate: DELETE FROM opm.role_permission
Hibernate: DELETE FROM opm.user_permission
Hibernate: DELETE FROM opm.service_credit_preference
Hibernate: DELETE FROM opm.account_confirmation_validation_entry
Hibernate: DELETE FROM opm.payment_reverse
Hibernate: DELETE FROM opm.payment
Hibernate: DELETE FROM opm.pay_trans_status_code
Hibernate: DELETE FROM opm.payments_applied_order_code
Hibernate: DELETE FROM opm.printout
Hibernate: DELETE FROM opm.related_help_items
Hibernate: DELETE FROM opm.help_item
Hibernate: DELETE FROM opm.notification_READBY
Hibernate: DELETE FROM opm.date_calculation_data
Hibernate: DELETE FROM opm.refund_transaction
Hibernate: DELETE FROM opm.audit_parameter_record
Hibernate: DELETE FROM opm.audit_record
Hibernate: DELETE FROM opm.dedeposit
Hibernate: DELETE FROM opm.redeposit
Hibernate: DELETE FROM opm.calculation_result_item
Hibernate: DELETE FROM opm.calculation
Hibernate: DELETE FROM opm.fers_redeposit
Hibernate: DELETE FROM opm.fers_deposit
Hibernate: DELETE FROM opm.calculation_version
Hibernate: DELETE FROM opm.calculation_result
Hibernate: DELETE FROM opm.summary_data
Hibernate: DELETE FROM opm.billing
Hibernate: DELETE FROM opm.account_note
Hibernate: DELETE FROM opm.account
Hibernate: DELETE FROM opm.account_confirmation_validation
Hibernate: DELETE FROM opm.billing_summary
Hibernate: DELETE FROM opm.account_holder
Hibernate: DELETE FROM opm.address
Hibernate: DELETE FROM opm.error
Hibernate: DELETE FROM opm.info
Hibernate: DELETE FROM opm.notification
Hibernate: DELETE FROM opm.app_user
Hibernate: DELETE FROM opm.batch_daily_payments_history
Hibernate: DELETE FROM opm.audit_batch_history
Hibernate: DELETE FROM opm.new_claim_number_history
Hibernate: DELETE FROM opm.annuitant_list_history
Hibernate: DELETE FROM opm.time_factor_history
Hibernate: DELETE FROM opm.contact_info_history
Hibernate: DELETE FROM opm.interest_suppression_history
Hibernate: DELETE FROM opm.gl_payment_type_history
Hibernate: DELETE FROM opm.scm_first_insert_history
Hibernate: DELETE FROM opm.holiday_history
Hibernate: DELETE FROM opm.deduction_rate_history
Hibernate: DELETE FROM opm.interest_grace_period_history
Hibernate: DELETE FROM opm.gl_code_history
Hibernate: DELETE FROM opm.claim_without_service_history
Hibernate: DELETE FROM opm.payment_transaction_note_history
Hibernate: DELETE FROM opm.payment_move_transaction_history
Hibernate: DELETE FROM opm.interest_rate_history
Hibernate: DELETE FROM opm.payment_interest_detail_history
Hibernate: DELETE FROM opm.adjustment_transaction_history
Hibernate: DELETE FROM opm.invoice_history
Hibernate: DELETE FROM opm.a01_print_suppression_case_history
Hibernate: DELETE FROM opm.user_account_assignment_history
Hibernate: DELETE FROM opm.payment_refund_link_history
Hibernate: DELETE FROM opm.payments_applied_order_code_history
Hibernate: DELETE FROM opm.service_credit_preference_history
Hibernate: DELETE FROM opm.account_confirmation_validation_entry_history
Hibernate: DELETE FROM opm.account_confirmation_validation_history
Hibernate: DELETE FROM opm.payment_reverse_history
Hibernate: DELETE FROM opm.payment_history
Hibernate: DELETE FROM opm.pay_trans_status_code_history
Hibernate: DELETE FROM opm.notification_READBY_history
Hibernate: DELETE FROM opm.refund_transaction_history
Hibernate: DELETE FROM opm.summary_data_history
Hibernate: DELETE FROM opm.dedeposit_history
Hibernate: DELETE FROM opm.redeposit_history
Hibernate: DELETE FROM opm.calculation_result_item_history
Hibernate: DELETE FROM opm.calculation_result_history
Hibernate: DELETE FROM opm.calculation_history
Hibernate: DELETE FROM opm.fers_redeposit_history
Hibernate: DELETE FROM opm.fers_deposit_history
Hibernate: DELETE FROM opm.calculation_version_history
Hibernate: DELETE FROM opm.billing_history
Hibernate: DELETE FROM opm.billing_summary_history
Hibernate: DELETE FROM opm.account_note_history
Hibernate: DELETE FROM opm.address_history
Hibernate: DELETE FROM opm.account_history
Hibernate: DELETE FROM opm.account_holder_history
Hibernate: DELETE FROM opm.error_history
Hibernate: DELETE FROM opm.info_history
Hibernate: DELETE FROM opm.notification_history
Hibernate: DELETE FROM opm.app_user_history
Hibernate: DELETE FROM opm.change_trans_field_number_code
Hibernate: DELETE FROM opm.pay_code
Hibernate: DELETE FROM opm.payment_applied_order
Hibernate: DELETE FROM opm.agency_code
Hibernate: DELETE FROM opm.calculation_status
Hibernate: DELETE FROM opm.transfer_type
Hibernate: DELETE FROM opm.user_status
Hibernate: DELETE FROM opm.claim_officer
Hibernate: DELETE FROM opm.payment_status
Hibernate: DELETE FROM opm.application_designation
Hibernate: DELETE FROM opm.payment_reversal_reason
Hibernate: DELETE FROM opm.pay_type
Hibernate: DELETE FROM opm.appointment_type
Hibernate: DELETE FROM opm.role
Hibernate: DELETE FROM opm.service_type
Hibernate: DELETE FROM opm.retirement_type
Hibernate: DELETE FROM opm.account_status
Hibernate: DELETE FROM opm.country
Hibernate: DELETE FROM opm.state
Hibernate: DELETE FROM opm.period_type
Hibernate: DELETE FROM opm.suffix
Hibernate: DELETE FROM opm.form_type
Hibernate: DELETE FROM opm.batch_daily_payments
Hibernate: DELETE FROM opm.audit_batch
Hibernate: DELETE FROM opm.new_claim_number
Hibernate: DELETE FROM opm.annuitant_list
Hibernate: DELETE FROM opm.time_factor
Hibernate: DELETE FROM opm.contact_info
Hibernate: DELETE FROM opm.interest_suppression
Hibernate: DELETE FROM opm.gl_payment_type
Hibernate: DELETE FROM opm.scm_first_insert
Hibernate: DELETE FROM opm.holiday
Hibernate: DELETE FROM opm.deduction_rate
Hibernate: DELETE FROM opm.interest_grace_period
Hibernate: DELETE FROM opm.gl_code
Hibernate: DELETE FROM opm.claim_without_service
Hibernate: DELETE FROM opm.payment_transaction_note
Hibernate: DELETE FROM opm.payment_move_transaction
Hibernate: DELETE FROM opm.interest_rate
Hibernate: DELETE FROM opm.payment_interest_detail
Hibernate: DELETE FROM opm.adjustment_transaction
Hibernate: DELETE FROM opm.invoice
Hibernate: DELETE FROM opm.a01_print_suppression_case
Hibernate: DELETE FROM opm.user_account_assignment
Hibernate: DELETE FROM opm.payment_refund_link
Hibernate: DELETE FROM opm.role_permission
Hibernate: DELETE FROM opm.user_permission
Hibernate: DELETE FROM opm.service_credit_preference
Hibernate: DELETE FROM opm.account_confirmation_validation_entry
Hibernate: DELETE FROM opm.payment_reverse
Hibernate: DELETE FROM opm.payment
Hibernate: DELETE FROM opm.pay_trans_status_code
Hibernate: DELETE FROM opm.payments_applied_order_code
Hibernate: DELETE FROM opm.printout
Hibernate: DELETE FROM opm.related_help_items
Hibernate: DELETE FROM opm.help_item
Hibernate: DELETE FROM opm.notification_READBY
Hibernate: DELETE FROM opm.date_calculation_data
Hibernate: DELETE FROM opm.refund_transaction
Hibernate: DELETE FROM opm.audit_parameter_record
Hibernate: DELETE FROM opm.audit_record
Hibernate: DELETE FROM opm.dedeposit
Hibernate: DELETE FROM opm.redeposit
Hibernate: DELETE FROM opm.calculation_result_item
Hibernate: DELETE FROM opm.calculation
Hibernate: DELETE FROM opm.fers_redeposit
Hibernate: DELETE FROM opm.fers_deposit
Hibernate: DELETE FROM opm.calculation_version
Hibernate: DELETE FROM opm.calculation_result
Hibernate: DELETE FROM opm.summary_data
Hibernate: DELETE FROM opm.billing
Hibernate: DELETE FROM opm.account_note
Hibernate: DELETE FROM opm.account
Hibernate: DELETE FROM opm.account_confirmation_validation
Hibernate: DELETE FROM opm.billing_summary
Hibernate: DELETE FROM opm.account_holder
Hibernate: DELETE FROM opm.address
Hibernate: DELETE FROM opm.error
Hibernate: DELETE FROM opm.info
Hibernate: DELETE FROM opm.notification
Hibernate: DELETE FROM opm.app_user
Hibernate: DELETE FROM opm.batch_daily_payments_history
Hibernate: DELETE FROM opm.audit_batch_history
Hibernate: DELETE FROM opm.new_claim_number_history
Hibernate: DELETE FROM opm.annuitant_list_history
Hibernate: DELETE FROM opm.time_factor_history
Hibernate: DELETE FROM opm.contact_info_history
Hibernate: DELETE FROM opm.interest_suppression_history
Hibernate: DELETE FROM opm.gl_payment_type_history
Hibernate: DELETE FROM opm.scm_first_insert_history
Hibernate: DELETE FROM opm.holiday_history
Hibernate: DELETE FROM opm.deduction_rate_history
Hibernate: DELETE FROM opm.interest_grace_period_history
Hibernate: DELETE FROM opm.gl_code_history
Hibernate: DELETE FROM opm.claim_without_service_history
Hibernate: DELETE FROM opm.payment_transaction_note_history
Hibernate: DELETE FROM opm.payment_move_transaction_history
Hibernate: DELETE FROM opm.interest_rate_history
Hibernate: DELETE FROM opm.payment_interest_detail_history
Hibernate: DELETE FROM opm.adjustment_transaction_history
Hibernate: DELETE FROM opm.invoice_history
Hibernate: DELETE FROM opm.a01_print_suppression_case_history
Hibernate: DELETE FROM opm.user_account_assignment_history
Hibernate: DELETE FROM opm.payment_refund_link_history
Hibernate: DELETE FROM opm.payments_applied_order_code_history
Hibernate: DELETE FROM opm.service_credit_preference_history
Hibernate: DELETE FROM opm.account_confirmation_validation_entry_history
Hibernate: DELETE FROM opm.account_confirmation_validation_history
Hibernate: DELETE FROM opm.payment_reverse_history
Hibernate: DELETE FROM opm.payment_history
Hibernate: DELETE FROM opm.pay_trans_status_code_history
Hibernate: DELETE FROM opm.notification_READBY_history
Hibernate: DELETE FROM opm.refund_transaction_history
Hibernate: DELETE FROM opm.summary_data_history
Hibernate: DELETE FROM opm.dedeposit_history
Hibernate: DELETE FROM opm.redeposit_history
Hibernate: DELETE FROM opm.calculation_result_item_history
Hibernate: DELETE FROM opm.calculation_result_history
Hibernate: DELETE FROM opm.calculation_history
Hibernate: DELETE FROM opm.fers_redeposit_history
Hibernate: DELETE FROM opm.fers_deposit_history
Hibernate: DELETE FROM opm.calculation_version_history
Hibernate: DELETE FROM opm.billing_history
Hibernate: DELETE FROM opm.billing_summary_history
Hibernate: DELETE FROM opm.account_note_history
Hibernate: DELETE FROM opm.address_history
Hibernate: DELETE FROM opm.account_history
Hibernate: DELETE FROM opm.account_holder_history
Hibernate: DELETE FROM opm.error_history
Hibernate: DELETE FROM opm.info_history
Hibernate: DELETE FROM opm.notification_history
Hibernate: DELETE FROM opm.app_user_history
Hibernate: DELETE FROM opm.change_trans_field_number_code
Hibernate: DELETE FROM opm.pay_code
Hibernate: DELETE FROM opm.payment_applied_order
Hibernate: DELETE FROM opm.agency_code
Hibernate: DELETE FROM opm.calculation_status
Hibernate: DELETE FROM opm.transfer_type
Hibernate: DELETE FROM opm.user_status
Hibernate: DELETE FROM opm.claim_officer
Hibernate: DELETE FROM opm.payment_status
Hibernate: DELETE FROM opm.application_designation
Hibernate: DELETE FROM opm.payment_reversal_reason
Hibernate: DELETE FROM opm.pay_type
Hibernate: DELETE FROM opm.appointment_type
Hibernate: DELETE FROM opm.role
Hibernate: DELETE FROM opm.service_type
Hibernate: DELETE FROM opm.retirement_type
Hibernate: DELETE FROM opm.account_status
Hibernate: DELETE FROM opm.country
Hibernate: DELETE FROM opm.state
Hibernate: DELETE FROM opm.period_type
Hibernate: DELETE FROM opm.suffix
Hibernate: DELETE FROM opm.form_type
Hibernate: insert into opm.calculation_status (deleted, name) values (?, ?)
Hibernate: select calculatio0_.id as id1_23_0_, calculatio0_.deleted as deleted2_23_0_, calculatio0_.name as name3_23_0_ from opm.calculation_status calculatio0_ where calculatio0_.id=?
Hibernate: update opm.calculation_status set deleted=?, name=? where id=?
Hibernate: delete from opm.calculation_status where id=?
Hibernate: select calculatio0_.id as id1_23_0_, calculatio0_.deleted as deleted2_23_0_, calculatio0_.name as name3_23_0_ from opm.calculation_status calculatio0_ where calculatio0_.id=?
Hibernate: DELETE FROM opm.batch_daily_payments
Hibernate: DELETE FROM opm.audit_batch
Hibernate: DELETE FROM opm.new_claim_number
Hibernate: DELETE FROM opm.annuitant_list
Hibernate: DELETE FROM opm.time_factor
Hibernate: DELETE FROM opm.contact_info
Hibernate: DELETE FROM opm.interest_suppression
Hibernate: DELETE FROM opm.gl_payment_type
Hibernate: DELETE FROM opm.scm_first_insert
Hibernate: DELETE FROM opm.holiday
Hibernate: DELETE FROM opm.deduction_rate
Hibernate: DELETE FROM opm.interest_grace_period
Hibernate: DELETE FROM opm.gl_code
Hibernate: DELETE FROM opm.claim_without_service
Hibernate: DELETE FROM opm.payment_transaction_note
Hibernate: DELETE FROM opm.payment_move_transaction
Hibernate: DELETE FROM opm.interest_rate
Hibernate: DELETE FROM opm.payment_interest_detail
Hibernate: DELETE FROM opm.adjustment_transaction
Hibernate: DELETE FROM opm.invoice
Hibernate: DELETE FROM opm.a01_print_suppression_case
Hibernate: DELETE FROM opm.user_account_assignment
Hibernate: DELETE FROM opm.payment_refund_link
Hibernate: DELETE FROM opm.role_permission
Hibernate: DELETE FROM opm.user_permission
Hibernate: DELETE FROM opm.service_credit_preference
Hibernate: DELETE FROM opm.account_confirmation_validation_entry
Hibernate: DELETE FROM opm.payment_reverse
Hibernate: DELETE FROM opm.payment
Hibernate: DELETE FROM opm.pay_trans_status_code
Hibernate: DELETE FROM opm.payments_applied_order_code
Hibernate: DELETE FROM opm.printout
Hibernate: DELETE FROM opm.related_help_items
Hibernate: DELETE FROM opm.help_item
Hibernate: DELETE FROM opm.notification_READBY
Hibernate: DELETE FROM opm.date_calculation_data
Hibernate: DELETE FROM opm.refund_transaction
Hibernate: DELETE FROM opm.audit_parameter_record
Hibernate: DELETE FROM opm.audit_record
Hibernate: DELETE FROM opm.dedeposit
Hibernate: DELETE FROM opm.redeposit
Hibernate: DELETE FROM opm.calculation_result_item
Hibernate: DELETE FROM opm.calculation
Hibernate: DELETE FROM opm.fers_redeposit
Hibernate: DELETE FROM opm.fers_deposit
Hibernate: DELETE FROM opm.calculation_version
Hibernate: DELETE FROM opm.calculation_result
Hibernate: DELETE FROM opm.summary_data
Hibernate: DELETE FROM opm.billing
Hibernate: DELETE FROM opm.account_note
Hibernate: DELETE FROM opm.account
Hibernate: DELETE FROM opm.account_confirmation_validation
Hibernate: DELETE FROM opm.billing_summary
Hibernate: DELETE FROM opm.account_holder
Hibernate: DELETE FROM opm.address
Hibernate: DELETE FROM opm.error
Hibernate: DELETE FROM opm.info
Hibernate: DELETE FROM opm.notification
Hibernate: DELETE FROM opm.app_user
Hibernate: DELETE FROM opm.batch_daily_payments_history
Hibernate: DELETE FROM opm.audit_batch_history
Hibernate: DELETE FROM opm.new_claim_number_history
Hibernate: DELETE FROM opm.annuitant_list_history
Hibernate: DELETE FROM opm.time_factor_history
Hibernate: DELETE FROM opm.contact_info_history
Hibernate: DELETE FROM opm.interest_suppression_history
Hibernate: DELETE FROM opm.gl_payment_type_history
Hibernate: DELETE FROM opm.scm_first_insert_history
Hibernate: DELETE FROM opm.holiday_history
Hibernate: DELETE FROM opm.deduction_rate_history
Hibernate: DELETE FROM opm.interest_grace_period_history
Hibernate: DELETE FROM opm.gl_code_history
Hibernate: DELETE FROM opm.claim_without_service_history
Hibernate: DELETE FROM opm.payment_transaction_note_history
Hibernate: DELETE FROM opm.payment_move_transaction_history
Hibernate: DELETE FROM opm.interest_rate_history
Hibernate: DELETE FROM opm.payment_interest_detail_history
Hibernate: DELETE FROM opm.adjustment_transaction_history
Hibernate: DELETE FROM opm.invoice_history
Hibernate: DELETE FROM opm.a01_print_suppression_case_history
Hibernate: DELETE FROM opm.user_account_assignment_history
Hibernate: DELETE FROM opm.payment_refund_link_history
Hibernate: DELETE FROM opm.payments_applied_order_code_history
Hibernate: DELETE FROM opm.service_credit_preference_history
Hibernate: DELETE FROM opm.account_confirmation_validation_entry_history
Hibernate: DELETE FROM opm.account_confirmation_validation_history
Hibernate: DELETE FROM opm.payment_reverse_history
Hibernate: DELETE FROM opm.payment_history
Hibernate: DELETE FROM opm.pay_trans_status_code_history
Hibernate: DELETE FROM opm.notification_READBY_history
Hibernate: DELETE FROM opm.refund_transaction_history
Hibernate: DELETE FROM opm.summary_data_history
Hibernate: DELETE FROM opm.dedeposit_history
Hibernate: DELETE FROM opm.redeposit_history
Hibernate: DELETE FROM opm.calculation_result_item_history
Hibernate: DELETE FROM opm.calculation_result_history
Hibernate: DELETE FROM opm.calculation_history
Hibernate: DELETE FROM opm.fers_redeposit_history
Hibernate: DELETE FROM opm.fers_deposit_history
Hibernate: DELETE FROM opm.calculation_version_history
Hibernate: DELETE FROM opm.billing_history
Hibernate: DELETE FROM opm.billing_summary_history
Hibernate: DELETE FROM opm.account_note_history
Hibernate: DELETE FROM opm.address_history
Hibernate: DELETE FROM opm.account_history
Hibernate: DELETE FROM opm.account_holder_history
Hibernate: DELETE FROM opm.error_history
Hibernate: DELETE FROM opm.info_history
Hibernate: DELETE FROM opm.notification_history
Hibernate: DELETE FROM opm.app_user_history
Hibernate: DELETE FROM opm.change_trans_field_number_code
Hibernate: DELETE FROM opm.pay_code
Hibernate: DELETE FROM opm.payment_applied_order
Hibernate: DELETE FROM opm.agency_code
Hibernate: DELETE FROM opm.calculation_status
Hibernate: DELETE FROM opm.transfer_type
Hibernate: DELETE FROM opm.user_status
Hibernate: DELETE FROM opm.claim_officer
Hibernate: DELETE FROM opm.payment_status
Hibernate: DELETE FROM opm.application_designation
Hibernate: DELETE FROM opm.payment_reversal_reason
Hibernate: DELETE FROM opm.pay_type
Hibernate: DELETE FROM opm.appointment_type
Hibernate: DELETE FROM opm.role
Hibernate: DELETE FROM opm.service_type
Hibernate: DELETE FROM opm.retirement_type
Hibernate: DELETE FROM opm.account_status
Hibernate: DELETE FROM opm.country
Hibernate: DELETE FROM opm.state
Hibernate: DELETE FROM opm.period_type
Hibernate: DELETE FROM opm.suffix
Hibernate: DELETE FROM opm.form_type
]]></system-out>
  <system-err><![CDATA[Warning:  Cannot read name ranges for Excel_BuiltIn__FilterDatabase_1 - setting to empty
Warning:  Cannot read name ranges for Excel_BuiltIn__FilterDatabase_1 - setting to empty
]]></system-err>
</testsuite>
