<?xml version="1.0" encoding="UTF-8" ?>
<!--
    Copyright 2014 OPM.gov

    Licensed under the Apache License, Version 2.0 (the "License");
    you may not use this file except in compliance with the License.
    You may obtain a copy of the License at

       http://www.apache.org/licenses/LICENSE-2.0

    Unless required by applicable law or agreed to in writing, software
    distributed under the License is distributed on an "AS IS" BASIS,
    WITHOUT WARRANTIES OR CONDITIONS OF ANY KIND, either express or implied.
    See the License for the specific language governing permissions and
    limitations under the License.
-->

<testsuite errors="0" failures="0" hostname="PCC-PC" name="gov.opm.scrd.batchprocessing.jobs.BatchProcessingTests" tests="38" time="61.41" timestamp="2014-03-02T12:06:48">
  <properties>
    <property name="java.vendor" value="Sun Microsystems Inc." />
    <property name="package" value="gov.opm.scrd" />
    <property name="core.build.dir" value="build/core" />
    <property name="sun.java.launcher" value="SUN_STANDARD" />
    <property name="sun.management.compiler" value="HotSpot 64-Bit Tiered Compilers" />
    <property name="ear.conf.dir" value="conf/ear" />
    <property name="ant.file.type.OPM - Batch Processing - Job Assembly" value="file" />
    <property name="rules.conf.dir" value="conf/rules" />
    <property name="os.name" value="Windows 7" />
    <property name="sun.boot.class.path" value="C:\Program Files\Java\jdk1.6.0_31\jre\lib\resources.jar;C:\Program Files\Java\jdk1.6.0_31\jre\lib\rt.jar;C:\Program Files\Java\jdk1.6.0_31\jre\lib\sunrsasign.jar;C:\Program Files\Java\jdk1.6.0_31\jre\lib\jsse.jar;C:\Program Files\Java\jdk1.6.0_31\jre\lib\jce.jar;C:\Program Files\Java\jdk1.6.0_31\jre\lib\charsets.jar;C:\Program Files\Java\jdk1.6.0_31\jre\lib\modules\jdk.boot.jar;C:\Program Files\Java\jdk1.6.0_31\jre\classes" />
    <property name="ant.file.opm dependencies" value="F:\contests\OPM\assembly\Batch_Processing_Calculation_Version_merge_02182014\build-dependencies.xml" />
    <property name="sun.desktop" value="windows" />
    <property name="web.dist.dir" value="dist/web" />
    <property name="java.vm.specification.vendor" value="Sun Microsystems Inc." />
    <property name="ant.home" value="C:\Downloads\ant\bin\.." />
    <property name="java.runtime.version" value="1.6.0_31-b05" />
    <property name="core.classes.dir" value="build/core/classes" />
    <property name="ejb.conf.dir" value="conf/ejb" />
    <property name="tests.classes.dir" value="build/tests/classes" />
    <property name="user.name" value="PCC" />
    <property name="postedPendingApprovalStatus.name" value="Payment Status 1" />
    <property name="ejb-dist-name" value="opm-scrd-ejb.jar" />
    <property name="csrsRetirementType.name" value="Retirement Type 1" />
    <property name="build.dir" value="build" />
    <property name="jpa.conf.dir" value="conf/jpa" />
    <property name="tests.src.dir" value="src/java/tests" />
    <property name="user.language" value="zh" />
    <property name="sun.boot.library.path" value="C:\Program Files\Java\jdk1.6.0_31\jre\bin" />
    <property name="tests.log.dir" value="log" />
    <property name="db.user" value="postgres" />
    <property name="ant.project.default-target" value="test-batch" />
    <property name="ant.project.name" value="OPM - Batch Processing - Job Assembly" />
    <property name="java.version" value="1.6.0_31" />
    <property name="user.timezone" value="" />
    <property name="log_dir" value="/Users/apple/opm_log" />
    <property name="dedepositPeriodType.id" value="2" />
    <property name="sun.arch.data.model" value="64" />
    <property name="java.endorsed.dirs" value="C:\Program Files\Java\jdk1.6.0_31\jre\lib\endorsed" />
    <property name="sun.cpu.isalist" value="amd64" />
    <property name="sun.jnu.encoding" value="MS950" />
    <property name="file.encoding.pkg" value="sun.io" />
    <property name="ant.file.type.opm dependencies" value="file" />
    <property name="file.separator" value="\" />
    <property name="java.specification.name" value="Java Platform API Specification" />
    <property name="java.class.version" value="50.0" />
    <property name="user.country" value="TW" />
    <property name="ejb.src.dir" value="src/java/ejb" />
    <property name="java.home" value="C:\Program Files\Java\jdk1.6.0_31\jre" />
    <property name="dist.dir" value="dist" />
    <property name="ejb.build.dir" value="build/ejb" />
    <property name="java.vm.info" value="mixed mode" />
    <property name="ant.file" value="F:\contests\OPM\assembly\Batch_Processing_Calculation_Version_merge_02182014\build.xml" />
    <property name="os.version" value="6.1" />
    <property name="db.pass" value="123@ewss" />
    <property name="path.separator" value=";" />
    <property name="ear-file" value="opm.ear" />
    <property name="java.vm.version" value="20.6-b01" />
    <property name="user.variant" value="" />
    <property name="web-dist-name" value="opm-scrd-web.war" />
    <property name="web.dir" value="src/web" />
    <property name="ant.library.dir" value="C:\Downloads\ant\lib" />
    <property name="web.conf.dir" value="conf/web" />
    <property name="java.awt.printerjob" value="sun.awt.windows.WPrinterJob" />
    <property name="jboss.modules.dir" value="conf/jboss/modules" />
    <property name="sun.io.unicode.encoding" value="UnicodeLittle" />
    <property name="awt.toolkit" value="sun.awt.windows.WToolkit" />
    <property name="redepositPeriodType.name" value="DEPOSIT" />
    <property name="core.src.dir" value="src/java/core" />
    <property name="ear.build.dir" value="build/ear" />
    <property name="user.home" value="C:\Users\PCC" />
    <property name="db.url" value="jdbc:postgresql://localhost:5432/postgres" />
    <property name="java.specification.vendor" value="Sun Microsystems Inc." />
    <property name="successCalculationStatus.name" value="Calculation Status 1" />
    <property name="db.driver" value="org.postgresql.Driver" />
    <property name="java.vendor.url" value="http://java.sun.com/" />
    <property name="java.library.path" value="C:\Program Files\Java\jdk1.6.0_31\jre\bin;C:\Windows\Sun\Java\bin;C:\Windows\system32;C:\Windows;C:\Program Files (x86)\NVIDIA Corporation\PhysX\Common;C:\Windows\system32;C:\Windows;C:\Windows\System32\Wbem;C:\Windows\System32\WindowsPowerShell\v1.0\;C:\Program Files (x86)\MySQL\MySQL Utilities 1.3.4\;C:\Downloads\ant\bin\;C:\Program Files (x86)\IDM Computer Solutions\UltraEdit\;." />
    <property name="java.vm.vendor" value="Sun Microsystems Inc." />
    <property name="redepositPeriodType.id" value="1" />
    <property name="ejb.classes.dir" value="build/ejb/classes" />
    <property name="java.runtime.name" value="Java(TM) SE Runtime Environment" />
    <property name="ant.version" value="Apache Ant(TM) version 1.8.4 compiled on May 22 2012" />
    <property name="java.class.path" value="F:\contests\OPM\assembly\Batch_Processing_Calculation_Version_merge_02182014\build\tests\classes;F:\contests\OPM\assembly\Batch_Processing_Calculation_Version_merge_02182014\lib\j2ee\jboss-ejb-api_3.1_spec-1.0.2.Final-redhat-2.jar;F:\contests\OPM\assembly\Batch_Processing_Calculation_Version_merge_02182014\lib\j2ee\jboss-interceptors-api_1.1_spec-1.0.1.Final-redhat-2.jar;F:\contests\OPM\assembly\Batch_Processing_Calculation_Version_merge_02182014\lib\drools-5.5\antlr-2.7.7.jar;F:\contests\OPM\assembly\Batch_Processing_Calculation_Version_merge_02182014\lib\drools-5.5\antlr-3.3.jar;F:\contests\OPM\assembly\Batch_Processing_Calculation_Version_merge_02182014\lib\drools-5.5\antlr-runtime-3.3.jar;F:\contests\OPM\assembly\Batch_Processing_Calculation_Version_merge_02182014\lib\drools-5.5\bcmail-jdk14-138.jar;F:\contests\OPM\assembly\Batch_Processing_Calculation_Version_merge_02182014\lib\drools-5.5\bcprov-jdk14-138.jar;F:\contests\OPM\assembly\Batch_Processing_Calculation_Version_merge_02182014\lib\drools-5.5\dom4j-1.6.1.jar;F:\contests\OPM\assembly\Batch_Processing_Calculation_Version_merge_02182014\lib\drools-5.5\drools-clips-5.5.0.Final.jar;F:\contests\OPM\assembly\Batch_Processing_Calculation_Version_merge_02182014\lib\drools-5.5\drools-compiler-5.5.0.Final.jar;F:\contests\OPM\assembly\Batch_Processing_Calculation_Version_merge_02182014\lib\drools-5.5\drools-core-5.5.0.Final.jar;F:\contests\OPM\assembly\Batch_Processing_Calculation_Version_merge_02182014\lib\drools-5.5\drools-decisiontables-5.5.0.Final.jar;F:\contests\OPM\assembly\Batch_Processing_Calculation_Version_merge_02182014\lib\drools-5.5\drools-jsr94-5.5.0.Final.jar;F:\contests\OPM\assembly\Batch_Processing_Calculation_Version_merge_02182014\lib\drools-5.5\drools-persistence-jpa-5.5.0.Final.jar;F:\contests\OPM\assembly\Batch_Processing_Calculation_Version_merge_02182014\lib\drools-5.5\drools-spring-5.5.0.Final.jar;F:\contests\OPM\assembly\Batch_Processing_Calculation_Version_merge_02182014\lib\drools-5.5\drools-templates-5.5.0.Final.jar;F:\contests\OPM\assembly\Batch_Processing_Calculation_Version_merge_02182014\lib\drools-5.5\drools-verifier-5.5.0.Final.jar;F:\contests\OPM\assembly\Batch_Processing_Calculation_Version_merge_02182014\lib\drools-5.5\ecj-3.5.1.jar;F:\contests\OPM\assembly\Batch_Processing_Calculation_Version_merge_02182014\lib\drools-5.5\guava-r06.jar;F:\contests\OPM\assembly\Batch_Processing_Calculation_Version_merge_02182014\lib\drools-5.5\itext-2.1.2.jar;F:\contests\OPM\assembly\Batch_Processing_Calculation_Version_merge_02182014\lib\drools-5.5\jsr94-1.1.jar;F:\contests\OPM\assembly\Batch_Processing_Calculation_Version_merge_02182014\lib\drools-5.5\jxl-2.6.10.jar;F:\contests\OPM\assembly\Batch_Processing_Calculation_Version_merge_02182014\lib\drools-5.5\knowledge-api-5.5.0.Final.jar;F:\contests\OPM\assembly\Batch_Processing_Calculation_Version_merge_02182014\lib\drools-5.5\knowledge-internal-api-5.5.0.Final.jar;F:\contests\OPM\assembly\Batch_Processing_Calculation_Version_merge_02182014\lib\drools-5.5\log4j-1.2.14.jar;F:\contests\OPM\assembly\Batch_Processing_Calculation_Version_merge_02182014\lib\drools-5.5\mvel2-2.1.3.Final.jar;F:\contests\OPM\assembly\Batch_Processing_Calculation_Version_merge_02182014\lib\drools-5.5\protobuf-java-2.4.1.jar;F:\contests\OPM\assembly\Batch_Processing_Calculation_Version_merge_02182014\lib\drools-5.5\stringtemplate-3.2.1.jar;F:\contests\OPM\assembly\Batch_Processing_Calculation_Version_merge_02182014\lib\drools-5.5\xml-apis-1.3.04.jar;F:\contests\OPM\assembly\Batch_Processing_Calculation_Version_merge_02182014\lib\drools-5.5\xmlpull-1.1.3.1.jar;F:\contests\OPM\assembly\Batch_Processing_Calculation_Version_merge_02182014\lib\drools-5.5\xpp3_min-1.1.4c.jar;F:\contests\OPM\assembly\Batch_Processing_Calculation_Version_merge_02182014\lib\drools-5.5\xstream-1.4.1.jar;F:\contests\OPM\assembly\Batch_Processing_Calculation_Version_merge_02182014\lib\postgresql\postgresql-9.2-1003.jdbc4.jar;F:\contests\OPM\assembly\Batch_Processing_Calculation_Version_merge_02182014\lib\jackson-2.2.3\jackson-annotations-2.2.3.jar;F:\contests\OPM\assembly\Batch_Processing_Calculation_Version_merge_02182014\lib\jackson-2.2.3\jackson-core-2.2.3.jar;F:\contests\OPM\assembly\Batch_Processing_Calculation_Version_merge_02182014\lib\jackson-2.2.3\jackson-databind-2.2.3.jar;F:\contests\OPM\assembly\Batch_Processing_Calculation_Version_merge_02182014\lib\hibernate-4.3.1\ehcache-core-2.4.3.jar;F:\contests\OPM\assembly\Batch_Processing_Calculation_Version_merge_02182014\lib\hibernate-4.3.1\hibernate-commons-annotations-4.0.4.Final.jar;F:\contests\OPM\assembly\Batch_Processing_Calculation_Version_merge_02182014\lib\hibernate-4.3.1\hibernate-core-4.3.1.Final.jar;F:\contests\OPM\assembly\Batch_Processing_Calculation_Version_merge_02182014\lib\hibernate-4.3.1\hibernate-ehcache-4.3.1.Final.jar;F:\contests\OPM\assembly\Batch_Processing_Calculation_Version_merge_02182014\lib\hibernate-4.3.1\hibernate-entitymanager-4.3.1.Final.jar;F:\contests\OPM\assembly\Batch_Processing_Calculation_Version_merge_02182014\lib\hibernate-4.3.1\hibernate-envers-4.3.1.Final.jar;F:\contests\OPM\assembly\Batch_Processing_Calculation_Version_merge_02182014\lib\hibernate-4.3.1\hibernate-jpa-2.1-api-1.0.0.Final.jar;F:\contests\OPM\assembly\Batch_Processing_Calculation_Version_merge_02182014\lib\hibernate-4.3.1\hibernate-osgi-4.3.1.Final.jar;F:\contests\OPM\assembly\Batch_Processing_Calculation_Version_merge_02182014\lib\hibernate-4.3.1\jandex-1.1.0.Final.jar;F:\contests\OPM\assembly\Batch_Processing_Calculation_Version_merge_02182014\lib\hibernate-4.3.1\javassist-3.18.1-GA.jar;F:\contests\OPM\assembly\Batch_Processing_Calculation_Version_merge_02182014\lib\hibernate-4.3.1\jboss-logging-3.1.3.GA.jar;F:\contests\OPM\assembly\Batch_Processing_Calculation_Version_merge_02182014\lib\hibernate-4.3.1\jboss-logging-annotations-1.2.0.Beta1.jar;F:\contests\OPM\assembly\Batch_Processing_Calculation_Version_merge_02182014\lib\hibernate-4.3.1\jboss-transaction-api_1.2_spec-1.0.0.Final.jar;F:\contests\OPM\assembly\Batch_Processing_Calculation_Version_merge_02182014\lib\hibernate-4.3.1\org.osgi.compendium-4.3.1.jar;F:\contests\OPM\assembly\Batch_Processing_Calculation_Version_merge_02182014\lib\hibernate-4.3.1\org.osgi.core-4.3.1.jar;F:\contests\OPM\assembly\Batch_Processing_Calculation_Version_merge_02182014\lib\spring-3.2.3\aopalliance-1.0.jar;F:\contests\OPM\assembly\Batch_Processing_Calculation_Version_merge_02182014\lib\spring-3.2.3\commons-logging-1.1.1.jar;F:\contests\OPM\assembly\Batch_Processing_Calculation_Version_merge_02182014\lib\spring-3.2.3\spring-aop-3.2.3.RELEASE.jar;F:\contests\OPM\assembly\Batch_Processing_Calculation_Version_merge_02182014\lib\spring-3.2.3\spring-beans-3.2.3.RELEASE.jar;F:\contests\OPM\assembly\Batch_Processing_Calculation_Version_merge_02182014\lib\spring-3.2.3\spring-context-3.2.3.RELEASE.jar;F:\contests\OPM\assembly\Batch_Processing_Calculation_Version_merge_02182014\lib\spring-3.2.3\spring-context-support-3.2.3.RELEASE.jar;F:\contests\OPM\assembly\Batch_Processing_Calculation_Version_merge_02182014\lib\spring-3.2.3\spring-core-3.2.3.RELEASE.jar;F:\contests\OPM\assembly\Batch_Processing_Calculation_Version_merge_02182014\lib\spring-3.2.3\spring-expression-3.2.3.RELEASE.jar;F:\contests\OPM\assembly\Batch_Processing_Calculation_Version_merge_02182014\lib\spring-3.2.3\spring-orm-3.2.3.RELEASE.jar;F:\contests\OPM\assembly\Batch_Processing_Calculation_Version_merge_02182014\lib\spring-3.2.3\spring-test-3.2.3.RELEASE.jar;F:\contests\OPM\assembly\Batch_Processing_Calculation_Version_merge_02182014\lib\spring-3.2.3\spring-tx-3.2.3.RELEASE.jar;F:\contests\OPM\assembly\Batch_Processing_Calculation_Version_merge_02182014\lib\spring-3.2.3\spring-web-3.2.3.RELEASE.jar;F:\contests\OPM\assembly\Batch_Processing_Calculation_Version_merge_02182014\lib\spring-3.2.3\spring-webmvc-3.2.3.RELEASE.jar;F:\contests\OPM\assembly\Batch_Processing_Calculation_Version_merge_02182014\lib\spring-3.2.3\standard-1.1.2.jar;F:\contests\OPM\assembly\Batch_Processing_Calculation_Version_merge_02182014\lib\joda-time-2.3\joda-time-2.3.jar;F:\contests\OPM\assembly\Batch_Processing_Calculation_Version_merge_02182014\lib\quartz-1.8.6\quartz-1.8.6.jar;F:\contests\OPM\assembly\Batch_Processing_Calculation_Version_merge_02182014\lib\velocity-1.7\commons-collections-3.2.1.jar;F:\contests\OPM\assembly\Batch_Processing_Calculation_Version_merge_02182014\lib\velocity-1.7\commons-lang-2.4.jar;F:\contests\OPM\assembly\Batch_Processing_Calculation_Version_merge_02182014\lib\velocity-1.7\jdom-1.0.jar;F:\contests\OPM\assembly\Batch_Processing_Calculation_Version_merge_02182014\lib\velocity-1.7\oro-2.0.8.jar;F:\contests\OPM\assembly\Batch_Processing_Calculation_Version_merge_02182014\lib\velocity-1.7\velocity-1.7.jar;F:\contests\OPM\assembly\Batch_Processing_Calculation_Version_merge_02182014\lib\velocity-1.7\velocity-tools-2.0.jar;F:\contests\OPM\assembly\Batch_Processing_Calculation_Version_merge_02182014\lib\mail-1.4.5\activation-1.1.jar;F:\contests\OPM\assembly\Batch_Processing_Calculation_Version_merge_02182014\lib\mail-1.4.5\mail-1.4.5.jar;F:\contests\OPM\assembly\Batch_Processing_Calculation_Version_merge_02182014\lib\slf4j-1.7.5\slf4j-api-1.7.5.jar;F:\contests\OPM\assembly\Batch_Processing_Calculation_Version_merge_02182014\lib\slf4j-1.7.5\slf4j-log4j12-1.7.5.jar;F:\contests\OPM\assembly\Batch_Processing_Calculation_Version_merge_02182014\testlib\junit-4.10\junit-4.10.jar;F:\contests\OPM\assembly\Batch_Processing_Calculation_Version_merge_02182014\testlib\subethasmtp-3.1.6\subethasmtp-3.1.6.jar;F:\contests\OPM\assembly\Batch_Processing_Calculation_Version_merge_02182014\build\core\classes;F:\contests\OPM\assembly\Batch_Processing_Calculation_Version_merge_02182014\build\ejb\classes;F:\contests\OPM\assembly\Batch_Processing_Calculation_Version_merge_02182014\test_files;F:\contests\OPM\assembly\Batch_Processing_Calculation_Version_merge_02182014\conf;C:\Downloads\ant\lib\ant-launcher.jar;C:\Downloads\ant\lib\ant.jar;C:\Downloads\ant\lib\ant-junit.jar;C:\Downloads\ant\lib\ant-junit4.jar" />
    <property name="sun.java.command" value="org.apache.tools.ant.taskdefs.optional.junit.JUnitTestRunner gov.opm.scrd.batchprocessing.jobs.BatchProcessingTests filtertrace=true haltOnError=false haltOnFailure=false showoutput=false outputtoformatters=true logfailedtests=true logtestlistenerevents=false formatter=org.apache.tools.ant.taskdefs.optional.junit.PlainJUnitResultFormatter,F:\contests\OPM\assembly\Batch_Processing_Calculation_Version_merge_02182014\log\TEST-gov.opm.scrd.batchprocessing.jobs.BatchProcessingTests.txt formatter=org.apache.tools.ant.taskdefs.optional.junit.XMLJUnitResultFormatter,F:\contests\OPM\assembly\Batch_Processing_Calculation_Version_merge_02182014\log\TEST-gov.opm.scrd.batchprocessing.jobs.BatchProcessingTests.xml crashfile=F:\contests\OPM\assembly\Batch_Processing_Calculation_Version_merge_02182014\junitvmwatcher5607078283719860219.properties propsfile=F:\contests\OPM\assembly\Batch_Processing_Calculation_Version_merge_02182014\junit6908994884683676168.properties" />
    <property name="tests.build.dir" value="build/tests" />
    <property name="web.build.dir" value="build/web" />
    <property name="java.vm.specification.name" value="Java Virtual Machine Specification" />
    <property name="web.classes.dir" value="build/web/classes" />
    <property name="ant.file.type" value="file" />
    <property name="java.vm.specification.version" value="1.0" />
    <property name="sun.os.patch.level" value="Service Pack 1" />
    <property name="sun.cpu.endian" value="little" />
    <property name="successCalculationStatus.id" value="1" />
    <property name="java.io.tmpdir" value="C:\Users\PCC\AppData\Local\Temp\" />
    <property name="java.vendor.url.bug" value="http://java.sun.com/cgi-bin/bugreport.cgi" />
    <property name="web.src.dir" value="src/java/web" />
    <property name="conf.dir" value="conf" />
    <property name="dedepositPeriodType.name" value="DEDEPOSIT" />
    <property name="java.awt.graphicsenv" value="sun.awt.Win32GraphicsEnvironment" />
    <property name="os.arch" value="amd64" />
    <property name="java.ext.dirs" value="C:\Program Files\Java\jdk1.6.0_31\jre\lib\ext;C:\Windows\Sun\Java\lib\ext" />
    <property name="user.dir" value="F:\contests\OPM\assembly\Batch_Processing_Calculation_Version_merge_02182014" />
    <property name="line.separator" value="&#xd;&#xa;" />
    <property name="loggerName" value="gov.opm.scrd" />
    <property name="java.vm.name" value="Java HotSpot(TM) 64-Bit Server VM" />
    <property name="ejb.dist.dir" value="dist/ejb" />
    <property name="jboss.conf.dir" value="conf/jboss" />
    <property name="basedir" value="F:\contests\OPM\assembly\Batch_Processing_Calculation_Version_merge_02182014" />
    <property name="csrsRetirementType.id" value="1" />
    <property name="ant.file.OPM - Batch Processing - Job Assembly" value="F:\contests\OPM\assembly\Batch_Processing_Calculation_Version_merge_02182014\build.xml" />
    <property name="ant.java.version" value="1.6" />
    <property name="ant.core.lib" value="C:\Downloads\ant\lib\ant.jar" />
    <property name="file.encoding" value="MS950" />
    <property name="postedPendingApprovalStatus.id" value="1" />
    <property name="core-dist-name" value="opm-scrd-core.jar" />
    <property name="core.dist.dir" value="dist/core" />
    <property name="java.specification.version" value="1.6" />
    <property name="src.dir" value="src" />
    <property name="ant.project.invoked-targets" value="test-batch" />
    <property name="submission.jar" value="opm_batch_process_job_module_assembly_1.0.0_submission.jar" />
  </properties>
  <testcase classname="gov.opm.scrd.batchprocessing.jobs.impl.BillProcessorImplTests" name="test_processBills_case90" time="5.741" />
  <testcase classname="gov.opm.scrd.batchprocessing.jobs.impl.BillProcessorImplTests" name="test_processBills_case91" time="3.614" />
  <testcase classname="gov.opm.scrd.batchprocessing.jobs.impl.BillProcessorImplTests" name="test_processBills_case92" time="3.071" />
  <testcase classname="gov.opm.scrd.batchprocessing.jobs.impl.BillProcessorImplTests" name="test_processBills_case922" time="3.191" />
  <testcase classname="gov.opm.scrd.batchprocessing.jobs.impl.BillProcessorImplTests" name="test_processBills_case93" time="2.512" />
  <testcase classname="gov.opm.scrd.batchprocessing.jobs.impl.BillProcessorImplTests" name="test_processBills_case94" time="2.71" />
  <testcase classname="gov.opm.scrd.batchprocessing.jobs.impl.BillProcessorImplTests" name="test_processBills_case95" time="2.576" />
  <testcase classname="gov.opm.scrd.batchprocessing.jobs.impl.BillProcessorImplTests" name="test_processBills_case96" time="2.668" />
  <testcase classname="gov.opm.scrd.batchprocessing.jobs.impl.BillProcessorImplTests" name="test_processBills_case97" time="1.694" />
  <testcase classname="gov.opm.scrd.batchprocessing.jobs.impl.BillProcessorImplTests" name="test_processBills_case98" time="1.557" />
  <testcase classname="gov.opm.scrd.batchprocessing.jobs.impl.BillProcessorImplTests" name="test_processBills_case99" time="1.697" />
  <testcase classname="gov.opm.scrd.batchprocessing.jobs.impl.BillProcessorImplTests" name="test_processBills_case100" time="1.413" />
  <testcase classname="gov.opm.scrd.batchprocessing.jobs.impl.BillProcessorImplTests" name="test_processBills_case101a" time="1.5" />
  <testcase classname="gov.opm.scrd.batchprocessing.jobs.impl.BillProcessorImplTests" name="test_processBills_case101b" time="1.838" />
  <testcase classname="gov.opm.scrd.batchprocessing.jobs.impl.BillProcessorImplTests" name="test_processBills_case101c" time="1.727" />
  <testcase classname="gov.opm.scrd.batchprocessing.jobs.impl.BillProcessorImplTests" name="test_processBills_case101d" time="2.07" />
  <testcase classname="gov.opm.scrd.batchprocessing.jobs.impl.BillProcessorImplTests" name="test_processBills_case101e" time="1.131" />
  <testcase classname="gov.opm.scrd.batchprocessing.jobs.impl.BillProcessorImplTests" name="test_processBills_case101f" time="1.546" />
  <testcase classname="gov.opm.scrd.batchprocessing.jobs.impl.BillProcessorImplTests" name="test_processBills_case101g" time="1.285" />
  <testcase classname="gov.opm.scrd.batchprocessing.jobs.impl.BillProcessorImplTests" name="test_processBills_case102a" time="1.346" />
  <testcase classname="gov.opm.scrd.batchprocessing.jobs.impl.BillProcessorImplTests" name="test_processBills_case102b" time="1.651" />
  <testcase classname="gov.opm.scrd.batchprocessing.jobs.impl.BillProcessorImplTests" name="test_processBills_case102c" time="1.124" />
  <testcase classname="gov.opm.scrd.batchprocessing.jobs.impl.BillProcessorImplTests" name="test_processBills_case102d" time="1.216" />
  <testcase classname="gov.opm.scrd.batchprocessing.jobs.impl.BillProcessorImplTests" name="test_processBills_case102e" time="1.302" />
  <testcase classname="gov.opm.scrd.batchprocessing.jobs.BatchProcessingJobTests" name="testCase_Holiday" time="1.486" />
  <testcase classname="gov.opm.scrd.batchprocessing.jobs.BatchProcessingJobTests" name="testCase_BatchUserViolation" time="0.333" />
  <testcase classname="gov.opm.scrd.batchprocessing.jobs.BatchProcessingJobTests" name="testCase_NetworkDown" time="0.257" />
  <testcase classname="gov.opm.scrd.batchprocessing.jobs.BatchProcessingJobTests" name="testCase_NoInputFiels" time="0.291" />
  <testcase classname="gov.opm.scrd.batchprocessing.jobs.BatchProcessingJobTests" name="testCase_CleanOldFile" time="0.346" />
  <testcase classname="gov.opm.scrd.batchprocessing.jobs.BatchProcessingJobTests" name="testCase_ImportFile_EmptyFile" time="0.353" />
  <testcase classname="gov.opm.scrd.batchprocessing.jobs.BatchProcessingJobTests" name="testCase_ImportFile_BadLine" time="0.432" />
  <testcase classname="gov.opm.scrd.batchprocessing.jobs.BatchProcessingJobTests" name="testCase_ImportFile_BadRLine" time="0.352" />
  <testcase classname="gov.opm.scrd.batchprocessing.jobs.BatchProcessingJobTests" name="testCase_ImportFile_BadCLine" time="0.471" />
  <testcase classname="gov.opm.scrd.batchprocessing.jobs.BatchProcessingJobTests" name="testCase_ImportFile_BadSummaryLine" time="0.396" />
  <testcase classname="gov.opm.scrd.batchprocessing.jobs.BatchProcessingJobTests" name="testCase_ImportFile_SummaryAmountNotMatch1" time="0.565" />
  <testcase classname="gov.opm.scrd.batchprocessing.jobs.BatchProcessingJobTests" name="testCase_ImportFile_SummaryAmountNotMatch2" time="0.565" />
  <testcase classname="gov.opm.scrd.batchprocessing.jobs.BatchProcessingJobTests" name="testCase_ImportFile" time="0.489" />
  <testcase classname="gov.opm.scrd.batchprocessing.jobs.BatchProcessingJobTests" name="testCase_ProcessBills" time="0.672" />
  <system-out><![CDATA[20:06:49,101 WARN  [HibernatePersistence] HHH015016: Encountered a deprecated javax.persistence.spi.PersistenceProvider [org.hibernate.ejb.HibernatePersistence]; use [org.hibernate.jpa.HibernatePersistenceProvider] instead.
20:06:49,102 WARN  [HibernatePersistence] HHH015016: Encountered a deprecated javax.persistence.spi.PersistenceProvider [org.hibernate.ejb.HibernatePersistence]; use [org.hibernate.jpa.HibernatePersistenceProvider] instead.
20:06:49,103 WARN  [HibernatePersistence] HHH015016: Encountered a deprecated javax.persistence.spi.PersistenceProvider [org.hibernate.ejb.HibernatePersistence]; use [org.hibernate.jpa.HibernatePersistenceProvider] instead.
20:06:49,188 INFO  [LogHelper] HHH000204: Processing PersistenceUnitInfo [
	name: opmUnitName
	...]
20:06:49,313 INFO  [Version] HHH000412: Hibernate Core {4.3.1.Final}
20:06:49,316 INFO  [Environment] HHH000206: hibernate.properties not found
20:06:49,317 INFO  [Environment] HHH000021: Bytecode provider name : javassist
20:06:49,474 INFO  [Version] HCANN000001: Hibernate Commons Annotations {4.0.4.Final}
20:06:49,817 WARN  [DriverManagerConnectionProviderImpl] HHH000402: Using Hibernate built-in connection pool (not for production use!)
20:06:49,823 INFO  [DriverManagerConnectionProviderImpl] HHH000401: using driver [org.postgresql.Driver] at URL [jdbc:postgresql://localhost:5432/postgres]
20:06:49,824 INFO  [DriverManagerConnectionProviderImpl] HHH000046: Connection properties: {user=postgres, password=****}
20:06:49,824 INFO  [DriverManagerConnectionProviderImpl] HHH000006: Autocommit mode: false
20:06:49,825 INFO  [DriverManagerConnectionProviderImpl] HHH000115: Hibernate connection pool size: 20 (min=1)
20:06:50,397 INFO  [Dialect] HHH000400: Using dialect: gov.opm.scrd.entities.common.OPMPostgreSQLDialect
20:06:50,410 INFO  [LobCreatorBuilder] HHH000424: Disabling contextual LOB creation as createClob() method threw error : java.lang.reflect.InvocationTargetException
20:06:50,528 WARN  [JPAOverriddenAnnotationReader] HHH000207: Property gov.opm.scrd.entities.application.InterestGracePeriod.retirementType not found in class but described in <mapping-file/> (possible typo error)
20:06:51,213 INFO  [ASTQueryTranslatorFactory] HHH000397: Using ASTQueryTranslatorFactory
20:06:53,293 INFO  [ClassPathXmlApplicationContext] Refreshing org.springframework.context.support.ClassPathXmlApplicationContext@373968f1: startup date [Sun Mar 02 20:06:53 CST 2014]; root of context hierarchy
20:06:53,378 INFO  [XmlBeanDefinitionReader] Loading XML bean definitions from class path resource [billProcessor_test.xml]
20:06:53,870 INFO  [DefaultListableBeanFactory] Pre-instantiating singletons in org.springframework.beans.factory.support.DefaultListableBeanFactory@366412da: defining beans [RFile,org.springframework.context.annotation.internalConfigurationAnnotationProcessor,org.springframework.context.annotation.internalAutowiredAnnotationProcessor,org.springframework.context.annotation.internalRequiredAnnotationProcessor,org.springframework.context.annotation.internalCommonAnnotationProcessor,org.springframework.context.annotation.internalPersistenceAnnotationProcessor,log4jProvider,logger,entityManagerFactory,entityManager,waltRuleService,reversePaymentRuleService,accountService,minWorkAge,currentUserName,refundTriggerAmount,accountNoteTexts,billProcessor,org.springframework.context.annotation.ConfigurationClassPostProcessor.importAwareProcessor]; root of factory hierarchy
20:06:53,930 INFO  [LocalEntityManagerFactoryBean] Building JPA EntityManagerFactory for persistence unit 'opmUnitName'
20:06:53,930 WARN  [HibernatePersistence] HHH015016: Encountered a deprecated javax.persistence.spi.PersistenceProvider [org.hibernate.ejb.HibernatePersistence]; use [org.hibernate.jpa.HibernatePersistenceProvider] instead.
20:06:53,930 WARN  [HibernatePersistence] HHH015016: Encountered a deprecated javax.persistence.spi.PersistenceProvider [org.hibernate.ejb.HibernatePersistence]; use [org.hibernate.jpa.HibernatePersistenceProvider] instead.
20:06:53,930 WARN  [HibernatePersistence] HHH015016: Encountered a deprecated javax.persistence.spi.PersistenceProvider [org.hibernate.ejb.HibernatePersistence]; use [org.hibernate.jpa.HibernatePersistenceProvider] instead.
20:06:53,939 INFO  [LogHelper] HHH000204: Processing PersistenceUnitInfo [
	name: opmUnitName
	...]
20:06:54,069 WARN  [DriverManagerConnectionProviderImpl] HHH000402: Using Hibernate built-in connection pool (not for production use!)
20:06:54,069 INFO  [DriverManagerConnectionProviderImpl] HHH000401: using driver [org.postgresql.Driver] at URL [jdbc:postgresql://localhost:5432/postgres]
20:06:54,069 INFO  [DriverManagerConnectionProviderImpl] HHH000046: Connection properties: {user=postgres, password=****}
20:06:54,069 INFO  [DriverManagerConnectionProviderImpl] HHH000006: Autocommit mode: false
20:06:54,070 INFO  [DriverManagerConnectionProviderImpl] HHH000115: Hibernate connection pool size: 20 (min=1)
20:06:55,168 INFO  [Dialect] HHH000400: Using dialect: gov.opm.scrd.entities.common.OPMPostgreSQLDialect
20:06:55,169 INFO  [LobCreatorBuilder] HHH000424: Disabling contextual LOB creation as createClob() method threw error : java.lang.reflect.InvocationTargetException
20:06:55,195 WARN  [JPAOverriddenAnnotationReader] HHH000207: Property gov.opm.scrd.entities.application.InterestGracePeriod.retirementType not found in class but described in <mapping-file/> (possible typo error)
20:06:55,597 INFO  [ASTQueryTranslatorFactory] HHH000397: Using ASTQueryTranslatorFactory
20:06:56,409 WARN  [EntityManagerFactoryRegistry] HHH000436: Entity manager factory name (opmUnitName) is already registered.  If entity manager will be clustered or passivated, specify a unique value for property 'hibernate.ejb.entitymanager_factory_name'
Building Return [isResultSet=true, updateCount=-1, extendedReturn=false
Building Return [isResultSet=true, updateCount=-1, extendedReturn=false
20:06:58,031 INFO  [bill_processor] Total Payment Records: 1
20:06:58,259 INFO  [ClassPathXmlApplicationContext] Closing org.springframework.context.support.ClassPathXmlApplicationContext@373968f1: startup date [Sun Mar 02 20:06:53 CST 2014]; root of context hierarchy
20:06:58,259 INFO  [DefaultListableBeanFactory] Destroying singletons in org.springframework.beans.factory.support.DefaultListableBeanFactory@366412da: defining beans [RFile,org.springframework.context.annotation.internalConfigurationAnnotationProcessor,org.springframework.context.annotation.internalAutowiredAnnotationProcessor,org.springframework.context.annotation.internalRequiredAnnotationProcessor,org.springframework.context.annotation.internalCommonAnnotationProcessor,org.springframework.context.annotation.internalPersistenceAnnotationProcessor,log4jProvider,logger,entityManagerFactory,entityManager,waltRuleService,reversePaymentRuleService,accountService,minWorkAge,currentUserName,refundTriggerAmount,accountNoteTexts,billProcessor,org.springframework.context.annotation.ConfigurationClassPostProcessor.importAwareProcessor]; root of factory hierarchy
20:06:58,260 INFO  [LocalEntityManagerFactoryBean] Closing JPA EntityManagerFactory for persistence unit 'opmUnitName'
20:06:58,260 INFO  [DriverManagerConnectionProviderImpl] HHH000030: Cleaning up connection pool [jdbc:postgresql://localhost:5432/postgres]
20:06:58,721 INFO  [ClassPathXmlApplicationContext] Refreshing org.springframework.context.support.ClassPathXmlApplicationContext@290f7ec9: startup date [Sun Mar 02 20:06:58 CST 2014]; root of context hierarchy
20:06:58,722 INFO  [XmlBeanDefinitionReader] Loading XML bean definitions from class path resource [billProcessor_test.xml]
20:06:58,793 INFO  [DefaultListableBeanFactory] Pre-instantiating singletons in org.springframework.beans.factory.support.DefaultListableBeanFactory@1e7d3b8e: defining beans [RFile,org.springframework.context.annotation.internalConfigurationAnnotationProcessor,org.springframework.context.annotation.internalAutowiredAnnotationProcessor,org.springframework.context.annotation.internalRequiredAnnotationProcessor,org.springframework.context.annotation.internalCommonAnnotationProcessor,org.springframework.context.annotation.internalPersistenceAnnotationProcessor,log4jProvider,logger,entityManagerFactory,entityManager,waltRuleService,reversePaymentRuleService,accountService,minWorkAge,currentUserName,refundTriggerAmount,accountNoteTexts,billProcessor,org.springframework.context.annotation.ConfigurationClassPostProcessor.importAwareProcessor]; root of factory hierarchy
20:06:58,797 INFO  [LocalEntityManagerFactoryBean] Building JPA EntityManagerFactory for persistence unit 'opmUnitName'
20:06:58,798 WARN  [HibernatePersistence] HHH015016: Encountered a deprecated javax.persistence.spi.PersistenceProvider [org.hibernate.ejb.HibernatePersistence]; use [org.hibernate.jpa.HibernatePersistenceProvider] instead.
20:06:58,798 WARN  [HibernatePersistence] HHH015016: Encountered a deprecated javax.persistence.spi.PersistenceProvider [org.hibernate.ejb.HibernatePersistence]; use [org.hibernate.jpa.HibernatePersistenceProvider] instead.
20:06:58,798 WARN  [HibernatePersistence] HHH015016: Encountered a deprecated javax.persistence.spi.PersistenceProvider [org.hibernate.ejb.HibernatePersistence]; use [org.hibernate.jpa.HibernatePersistenceProvider] instead.
20:06:58,805 INFO  [LogHelper] HHH000204: Processing PersistenceUnitInfo [
	name: opmUnitName
	...]
20:06:59,802 WARN  [DriverManagerConnectionProviderImpl] HHH000402: Using Hibernate built-in connection pool (not for production use!)
20:06:59,802 INFO  [DriverManagerConnectionProviderImpl] HHH000401: using driver [org.postgresql.Driver] at URL [jdbc:postgresql://localhost:5432/postgres]
20:06:59,802 INFO  [DriverManagerConnectionProviderImpl] HHH000046: Connection properties: {user=postgres, password=****}
20:06:59,802 INFO  [DriverManagerConnectionProviderImpl] HHH000006: Autocommit mode: false
20:06:59,803 INFO  [DriverManagerConnectionProviderImpl] HHH000115: Hibernate connection pool size: 20 (min=1)
20:07:00,311 INFO  [Dialect] HHH000400: Using dialect: gov.opm.scrd.entities.common.OPMPostgreSQLDialect
20:07:00,312 INFO  [LobCreatorBuilder] HHH000424: Disabling contextual LOB creation as createClob() method threw error : java.lang.reflect.InvocationTargetException
20:07:00,328 WARN  [JPAOverriddenAnnotationReader] HHH000207: Property gov.opm.scrd.entities.application.InterestGracePeriod.retirementType not found in class but described in <mapping-file/> (possible typo error)
20:07:00,543 INFO  [ASTQueryTranslatorFactory] HHH000397: Using ASTQueryTranslatorFactory
20:07:01,034 WARN  [EntityManagerFactoryRegistry] HHH000436: Entity manager factory name (opmUnitName) is already registered.  If entity manager will be clustered or passivated, specify a unique value for property 'hibernate.ejb.entitymanager_factory_name'
Building Return [isResultSet=true, updateCount=-1, extendedReturn=false
Building Return [isResultSet=true, updateCount=-1, extendedReturn=false
Building Return [isResultSet=true, updateCount=-1, extendedReturn=false
20:07:01,682 INFO  [bill_processor] Total Payment Records: 2
20:07:01,877 INFO  [ClassPathXmlApplicationContext] Closing org.springframework.context.support.ClassPathXmlApplicationContext@290f7ec9: startup date [Sun Mar 02 20:06:58 CST 2014]; root of context hierarchy
20:07:01,877 INFO  [DefaultListableBeanFactory] Destroying singletons in org.springframework.beans.factory.support.DefaultListableBeanFactory@1e7d3b8e: defining beans [RFile,org.springframework.context.annotation.internalConfigurationAnnotationProcessor,org.springframework.context.annotation.internalAutowiredAnnotationProcessor,org.springframework.context.annotation.internalRequiredAnnotationProcessor,org.springframework.context.annotation.internalCommonAnnotationProcessor,org.springframework.context.annotation.internalPersistenceAnnotationProcessor,log4jProvider,logger,entityManagerFactory,entityManager,waltRuleService,reversePaymentRuleService,accountService,minWorkAge,currentUserName,refundTriggerAmount,accountNoteTexts,billProcessor,org.springframework.context.annotation.ConfigurationClassPostProcessor.importAwareProcessor]; root of factory hierarchy
20:07:01,878 INFO  [LocalEntityManagerFactoryBean] Closing JPA EntityManagerFactory for persistence unit 'opmUnitName'
20:07:01,878 INFO  [DriverManagerConnectionProviderImpl] HHH000030: Cleaning up connection pool [jdbc:postgresql://localhost:5432/postgres]
20:07:02,318 INFO  [ClassPathXmlApplicationContext] Refreshing org.springframework.context.support.ClassPathXmlApplicationContext@613917ef: startup date [Sun Mar 02 20:07:02 CST 2014]; root of context hierarchy
20:07:02,319 INFO  [XmlBeanDefinitionReader] Loading XML bean definitions from class path resource [billProcessor_test.xml]
20:07:02,376 INFO  [DefaultListableBeanFactory] Pre-instantiating singletons in org.springframework.beans.factory.support.DefaultListableBeanFactory@abf5743: defining beans [RFile,org.springframework.context.annotation.internalConfigurationAnnotationProcessor,org.springframework.context.annotation.internalAutowiredAnnotationProcessor,org.springframework.context.annotation.internalRequiredAnnotationProcessor,org.springframework.context.annotation.internalCommonAnnotationProcessor,org.springframework.context.annotation.internalPersistenceAnnotationProcessor,log4jProvider,logger,entityManagerFactory,entityManager,waltRuleService,reversePaymentRuleService,accountService,minWorkAge,currentUserName,refundTriggerAmount,accountNoteTexts,billProcessor,org.springframework.context.annotation.ConfigurationClassPostProcessor.importAwareProcessor]; root of factory hierarchy
20:07:02,381 INFO  [LocalEntityManagerFactoryBean] Building JPA EntityManagerFactory for persistence unit 'opmUnitName'
20:07:02,381 WARN  [HibernatePersistence] HHH015016: Encountered a deprecated javax.persistence.spi.PersistenceProvider [org.hibernate.ejb.HibernatePersistence]; use [org.hibernate.jpa.HibernatePersistenceProvider] instead.
20:07:02,381 WARN  [HibernatePersistence] HHH015016: Encountered a deprecated javax.persistence.spi.PersistenceProvider [org.hibernate.ejb.HibernatePersistence]; use [org.hibernate.jpa.HibernatePersistenceProvider] instead.
20:07:02,381 WARN  [HibernatePersistence] HHH015016: Encountered a deprecated javax.persistence.spi.PersistenceProvider [org.hibernate.ejb.HibernatePersistence]; use [org.hibernate.jpa.HibernatePersistenceProvider] instead.
20:07:02,387 INFO  [LogHelper] HHH000204: Processing PersistenceUnitInfo [
	name: opmUnitName
	...]
20:07:02,485 WARN  [DriverManagerConnectionProviderImpl] HHH000402: Using Hibernate built-in connection pool (not for production use!)
20:07:02,485 INFO  [DriverManagerConnectionProviderImpl] HHH000401: using driver [org.postgresql.Driver] at URL [jdbc:postgresql://localhost:5432/postgres]
20:07:02,485 INFO  [DriverManagerConnectionProviderImpl] HHH000046: Connection properties: {user=postgres, password=****}
20:07:02,485 INFO  [DriverManagerConnectionProviderImpl] HHH000006: Autocommit mode: false
20:07:02,486 INFO  [DriverManagerConnectionProviderImpl] HHH000115: Hibernate connection pool size: 20 (min=1)
20:07:02,909 INFO  [Dialect] HHH000400: Using dialect: gov.opm.scrd.entities.common.OPMPostgreSQLDialect
20:07:02,909 INFO  [LobCreatorBuilder] HHH000424: Disabling contextual LOB creation as createClob() method threw error : java.lang.reflect.InvocationTargetException
20:07:02,944 WARN  [JPAOverriddenAnnotationReader] HHH000207: Property gov.opm.scrd.entities.application.InterestGracePeriod.retirementType not found in class but described in <mapping-file/> (possible typo error)
20:07:03,560 INFO  [ASTQueryTranslatorFactory] HHH000397: Using ASTQueryTranslatorFactory
20:07:04,317 WARN  [EntityManagerFactoryRegistry] HHH000436: Entity manager factory name (opmUnitName) is already registered.  If entity manager will be clustered or passivated, specify a unique value for property 'hibernate.ejb.entitymanager_factory_name'
Building Return [isResultSet=true, updateCount=-1, extendedReturn=false
20:07:04,805 INFO  [bill_processor] Total Payment Records: 0
20:07:04,949 INFO  [ClassPathXmlApplicationContext] Closing org.springframework.context.support.ClassPathXmlApplicationContext@613917ef: startup date [Sun Mar 02 20:07:02 CST 2014]; root of context hierarchy
20:07:04,950 INFO  [DefaultListableBeanFactory] Destroying singletons in org.springframework.beans.factory.support.DefaultListableBeanFactory@abf5743: defining beans [RFile,org.springframework.context.annotation.internalConfigurationAnnotationProcessor,org.springframework.context.annotation.internalAutowiredAnnotationProcessor,org.springframework.context.annotation.internalRequiredAnnotationProcessor,org.springframework.context.annotation.internalCommonAnnotationProcessor,org.springframework.context.annotation.internalPersistenceAnnotationProcessor,log4jProvider,logger,entityManagerFactory,entityManager,waltRuleService,reversePaymentRuleService,accountService,minWorkAge,currentUserName,refundTriggerAmount,accountNoteTexts,billProcessor,org.springframework.context.annotation.ConfigurationClassPostProcessor.importAwareProcessor]; root of factory hierarchy
20:07:04,950 INFO  [LocalEntityManagerFactoryBean] Closing JPA EntityManagerFactory for persistence unit 'opmUnitName'
20:07:04,950 INFO  [DriverManagerConnectionProviderImpl] HHH000030: Cleaning up connection pool [jdbc:postgresql://localhost:5432/postgres]
20:07:05,540 INFO  [ClassPathXmlApplicationContext] Refreshing org.springframework.context.support.ClassPathXmlApplicationContext@7cc4bc6d: startup date [Sun Mar 02 20:07:05 CST 2014]; root of context hierarchy
20:07:05,541 INFO  [XmlBeanDefinitionReader] Loading XML bean definitions from class path resource [billProcessor_test.xml]
20:07:05,599 INFO  [DefaultListableBeanFactory] Pre-instantiating singletons in org.springframework.beans.factory.support.DefaultListableBeanFactory@4ba0561d: defining beans [RFile,org.springframework.context.annotation.internalConfigurationAnnotationProcessor,org.springframework.context.annotation.internalAutowiredAnnotationProcessor,org.springframework.context.annotation.internalRequiredAnnotationProcessor,org.springframework.context.annotation.internalCommonAnnotationProcessor,org.springframework.context.annotation.internalPersistenceAnnotationProcessor,log4jProvider,logger,entityManagerFactory,entityManager,waltRuleService,reversePaymentRuleService,accountService,minWorkAge,currentUserName,refundTriggerAmount,accountNoteTexts,billProcessor,org.springframework.context.annotation.ConfigurationClassPostProcessor.importAwareProcessor]; root of factory hierarchy
20:07:05,603 INFO  [LocalEntityManagerFactoryBean] Building JPA EntityManagerFactory for persistence unit 'opmUnitName'
20:07:05,603 WARN  [HibernatePersistence] HHH015016: Encountered a deprecated javax.persistence.spi.PersistenceProvider [org.hibernate.ejb.HibernatePersistence]; use [org.hibernate.jpa.HibernatePersistenceProvider] instead.
20:07:05,603 WARN  [HibernatePersistence] HHH015016: Encountered a deprecated javax.persistence.spi.PersistenceProvider [org.hibernate.ejb.HibernatePersistence]; use [org.hibernate.jpa.HibernatePersistenceProvider] instead.
20:07:05,603 WARN  [HibernatePersistence] HHH015016: Encountered a deprecated javax.persistence.spi.PersistenceProvider [org.hibernate.ejb.HibernatePersistence]; use [org.hibernate.jpa.HibernatePersistenceProvider] instead.
20:07:05,609 INFO  [LogHelper] HHH000204: Processing PersistenceUnitInfo [
	name: opmUnitName
	...]
20:07:05,806 WARN  [DriverManagerConnectionProviderImpl] HHH000402: Using Hibernate built-in connection pool (not for production use!)
20:07:05,806 INFO  [DriverManagerConnectionProviderImpl] HHH000401: using driver [org.postgresql.Driver] at URL [jdbc:postgresql://localhost:5432/postgres]
20:07:05,806 INFO  [DriverManagerConnectionProviderImpl] HHH000046: Connection properties: {user=postgres, password=****}
20:07:05,806 INFO  [DriverManagerConnectionProviderImpl] HHH000006: Autocommit mode: false
20:07:05,806 INFO  [DriverManagerConnectionProviderImpl] HHH000115: Hibernate connection pool size: 20 (min=1)
20:07:06,216 INFO  [Dialect] HHH000400: Using dialect: gov.opm.scrd.entities.common.OPMPostgreSQLDialect
20:07:06,216 INFO  [LobCreatorBuilder] HHH000424: Disabling contextual LOB creation as createClob() method threw error : java.lang.reflect.InvocationTargetException
20:07:06,272 WARN  [JPAOverriddenAnnotationReader] HHH000207: Property gov.opm.scrd.entities.application.InterestGracePeriod.retirementType not found in class but described in <mapping-file/> (possible typo error)
20:07:07,360 INFO  [ASTQueryTranslatorFactory] HHH000397: Using ASTQueryTranslatorFactory
20:07:07,761 WARN  [EntityManagerFactoryRegistry] HHH000436: Entity manager factory name (opmUnitName) is already registered.  If entity manager will be clustered or passivated, specify a unique value for property 'hibernate.ejb.entitymanager_factory_name'
Building Return [isResultSet=true, updateCount=-1, extendedReturn=false
Building Return [isResultSet=false, updateCount=-1, extendedReturn=false
Building Return [isResultSet=true, updateCount=-1, extendedReturn=false
20:07:08,017 INFO  [bill_processor] Total Payment Records: 1
20:07:08,141 INFO  [ClassPathXmlApplicationContext] Closing org.springframework.context.support.ClassPathXmlApplicationContext@7cc4bc6d: startup date [Sun Mar 02 20:07:05 CST 2014]; root of context hierarchy
20:07:08,141 INFO  [DefaultListableBeanFactory] Destroying singletons in org.springframework.beans.factory.support.DefaultListableBeanFactory@4ba0561d: defining beans [RFile,org.springframework.context.annotation.internalConfigurationAnnotationProcessor,org.springframework.context.annotation.internalAutowiredAnnotationProcessor,org.springframework.context.annotation.internalRequiredAnnotationProcessor,org.springframework.context.annotation.internalCommonAnnotationProcessor,org.springframework.context.annotation.internalPersistenceAnnotationProcessor,log4jProvider,logger,entityManagerFactory,entityManager,waltRuleService,reversePaymentRuleService,accountService,minWorkAge,currentUserName,refundTriggerAmount,accountNoteTexts,billProcessor,org.springframework.context.annotation.ConfigurationClassPostProcessor.importAwareProcessor]; root of factory hierarchy
20:07:08,141 INFO  [LocalEntityManagerFactoryBean] Closing JPA EntityManagerFactory for persistence unit 'opmUnitName'
20:07:08,142 INFO  [DriverManagerConnectionProviderImpl] HHH000030: Cleaning up connection pool [jdbc:postgresql://localhost:5432/postgres]
20:07:08,556 INFO  [ClassPathXmlApplicationContext] Refreshing org.springframework.context.support.ClassPathXmlApplicationContext@41cb0ed6: startup date [Sun Mar 02 20:07:08 CST 2014]; root of context hierarchy
20:07:08,557 INFO  [XmlBeanDefinitionReader] Loading XML bean definitions from class path resource [billProcessor_test.xml]
20:07:08,624 INFO  [DefaultListableBeanFactory] Pre-instantiating singletons in org.springframework.beans.factory.support.DefaultListableBeanFactory@1f358e57: defining beans [RFile,org.springframework.context.annotation.internalConfigurationAnnotationProcessor,org.springframework.context.annotation.internalAutowiredAnnotationProcessor,org.springframework.context.annotation.internalRequiredAnnotationProcessor,org.springframework.context.annotation.internalCommonAnnotationProcessor,org.springframework.context.annotation.internalPersistenceAnnotationProcessor,log4jProvider,logger,entityManagerFactory,entityManager,waltRuleService,reversePaymentRuleService,accountService,minWorkAge,currentUserName,refundTriggerAmount,accountNoteTexts,billProcessor,org.springframework.context.annotation.ConfigurationClassPostProcessor.importAwareProcessor]; root of factory hierarchy
20:07:08,628 INFO  [LocalEntityManagerFactoryBean] Building JPA EntityManagerFactory for persistence unit 'opmUnitName'
20:07:08,628 WARN  [HibernatePersistence] HHH015016: Encountered a deprecated javax.persistence.spi.PersistenceProvider [org.hibernate.ejb.HibernatePersistence]; use [org.hibernate.jpa.HibernatePersistenceProvider] instead.
20:07:08,628 WARN  [HibernatePersistence] HHH015016: Encountered a deprecated javax.persistence.spi.PersistenceProvider [org.hibernate.ejb.HibernatePersistence]; use [org.hibernate.jpa.HibernatePersistenceProvider] instead.
20:07:08,628 WARN  [HibernatePersistence] HHH015016: Encountered a deprecated javax.persistence.spi.PersistenceProvider [org.hibernate.ejb.HibernatePersistence]; use [org.hibernate.jpa.HibernatePersistenceProvider] instead.
20:07:08,634 INFO  [LogHelper] HHH000204: Processing PersistenceUnitInfo [
	name: opmUnitName
	...]
20:07:08,691 WARN  [DriverManagerConnectionProviderImpl] HHH000402: Using Hibernate built-in connection pool (not for production use!)
20:07:08,691 INFO  [DriverManagerConnectionProviderImpl] HHH000401: using driver [org.postgresql.Driver] at URL [jdbc:postgresql://localhost:5432/postgres]
20:07:08,691 INFO  [DriverManagerConnectionProviderImpl] HHH000046: Connection properties: {user=postgres, password=****}
20:07:08,691 INFO  [DriverManagerConnectionProviderImpl] HHH000006: Autocommit mode: false
20:07:08,691 INFO  [DriverManagerConnectionProviderImpl] HHH000115: Hibernate connection pool size: 20 (min=1)
20:07:09,073 INFO  [Dialect] HHH000400: Using dialect: gov.opm.scrd.entities.common.OPMPostgreSQLDialect
20:07:09,073 INFO  [LobCreatorBuilder] HHH000424: Disabling contextual LOB creation as createClob() method threw error : java.lang.reflect.InvocationTargetException
20:07:09,087 WARN  [JPAOverriddenAnnotationReader] HHH000207: Property gov.opm.scrd.entities.application.InterestGracePeriod.retirementType not found in class but described in <mapping-file/> (possible typo error)
20:07:09,608 INFO  [ASTQueryTranslatorFactory] HHH000397: Using ASTQueryTranslatorFactory
20:07:10,346 WARN  [EntityManagerFactoryRegistry] HHH000436: Entity manager factory name (opmUnitName) is already registered.  If entity manager will be clustered or passivated, specify a unique value for property 'hibernate.ejb.entitymanager_factory_name'
Building Return [isResultSet=true, updateCount=-1, extendedReturn=false
Building Return [isResultSet=true, updateCount=-1, extendedReturn=false
20:07:10,520 INFO  [bill_processor] Total Payment Records: 1
20:07:10,653 INFO  [ClassPathXmlApplicationContext] Closing org.springframework.context.support.ClassPathXmlApplicationContext@41cb0ed6: startup date [Sun Mar 02 20:07:08 CST 2014]; root of context hierarchy
20:07:10,654 INFO  [DefaultListableBeanFactory] Destroying singletons in org.springframework.beans.factory.support.DefaultListableBeanFactory@1f358e57: defining beans [RFile,org.springframework.context.annotation.internalConfigurationAnnotationProcessor,org.springframework.context.annotation.internalAutowiredAnnotationProcessor,org.springframework.context.annotation.internalRequiredAnnotationProcessor,org.springframework.context.annotation.internalCommonAnnotationProcessor,org.springframework.context.annotation.internalPersistenceAnnotationProcessor,log4jProvider,logger,entityManagerFactory,entityManager,waltRuleService,reversePaymentRuleService,accountService,minWorkAge,currentUserName,refundTriggerAmount,accountNoteTexts,billProcessor,org.springframework.context.annotation.ConfigurationClassPostProcessor.importAwareProcessor]; root of factory hierarchy
20:07:10,654 INFO  [LocalEntityManagerFactoryBean] Closing JPA EntityManagerFactory for persistence unit 'opmUnitName'
20:07:10,654 INFO  [DriverManagerConnectionProviderImpl] HHH000030: Cleaning up connection pool [jdbc:postgresql://localhost:5432/postgres]
20:07:11,055 INFO  [ClassPathXmlApplicationContext] Refreshing org.springframework.context.support.ClassPathXmlApplicationContext@6acc1164: startup date [Sun Mar 02 20:07:11 CST 2014]; root of context hierarchy
20:07:11,056 INFO  [XmlBeanDefinitionReader] Loading XML bean definitions from class path resource [billProcessor_test.xml]
20:07:11,110 INFO  [DefaultListableBeanFactory] Pre-instantiating singletons in org.springframework.beans.factory.support.DefaultListableBeanFactory@66715d44: defining beans [RFile,org.springframework.context.annotation.internalConfigurationAnnotationProcessor,org.springframework.context.annotation.internalAutowiredAnnotationProcessor,org.springframework.context.annotation.internalRequiredAnnotationProcessor,org.springframework.context.annotation.internalCommonAnnotationProcessor,org.springframework.context.annotation.internalPersistenceAnnotationProcessor,log4jProvider,logger,entityManagerFactory,entityManager,waltRuleService,reversePaymentRuleService,accountService,minWorkAge,currentUserName,refundTriggerAmount,accountNoteTexts,billProcessor,org.springframework.context.annotation.ConfigurationClassPostProcessor.importAwareProcessor]; root of factory hierarchy
20:07:11,122 INFO  [LocalEntityManagerFactoryBean] Building JPA EntityManagerFactory for persistence unit 'opmUnitName'
20:07:11,122 WARN  [HibernatePersistence] HHH015016: Encountered a deprecated javax.persistence.spi.PersistenceProvider [org.hibernate.ejb.HibernatePersistence]; use [org.hibernate.jpa.HibernatePersistenceProvider] instead.
20:07:11,123 WARN  [HibernatePersistence] HHH015016: Encountered a deprecated javax.persistence.spi.PersistenceProvider [org.hibernate.ejb.HibernatePersistence]; use [org.hibernate.jpa.HibernatePersistenceProvider] instead.
20:07:11,123 WARN  [HibernatePersistence] HHH015016: Encountered a deprecated javax.persistence.spi.PersistenceProvider [org.hibernate.ejb.HibernatePersistence]; use [org.hibernate.jpa.HibernatePersistenceProvider] instead.
20:07:11,129 INFO  [LogHelper] HHH000204: Processing PersistenceUnitInfo [
	name: opmUnitName
	...]
20:07:11,202 WARN  [DriverManagerConnectionProviderImpl] HHH000402: Using Hibernate built-in connection pool (not for production use!)
20:07:11,202 INFO  [DriverManagerConnectionProviderImpl] HHH000401: using driver [org.postgresql.Driver] at URL [jdbc:postgresql://localhost:5432/postgres]
20:07:11,203 INFO  [DriverManagerConnectionProviderImpl] HHH000046: Connection properties: {user=postgres, password=****}
20:07:11,203 INFO  [DriverManagerConnectionProviderImpl] HHH000006: Autocommit mode: false
20:07:11,203 INFO  [DriverManagerConnectionProviderImpl] HHH000115: Hibernate connection pool size: 20 (min=1)
20:07:11,535 INFO  [Dialect] HHH000400: Using dialect: gov.opm.scrd.entities.common.OPMPostgreSQLDialect
20:07:11,535 INFO  [LobCreatorBuilder] HHH000424: Disabling contextual LOB creation as createClob() method threw error : java.lang.reflect.InvocationTargetException
20:07:11,549 WARN  [JPAOverriddenAnnotationReader] HHH000207: Property gov.opm.scrd.entities.application.InterestGracePeriod.retirementType not found in class but described in <mapping-file/> (possible typo error)
20:07:12,556 INFO  [ASTQueryTranslatorFactory] HHH000397: Using ASTQueryTranslatorFactory
20:07:13,118 WARN  [EntityManagerFactoryRegistry] HHH000436: Entity manager factory name (opmUnitName) is already registered.  If entity manager will be clustered or passivated, specify a unique value for property 'hibernate.ejb.entitymanager_factory_name'
Building Return [isResultSet=true, updateCount=-1, extendedReturn=false
Building Return [isResultSet=true, updateCount=-1, extendedReturn=false
20:07:13,273 INFO  [bill_processor] Total Payment Records: 1
20:07:13,364 INFO  [ClassPathXmlApplicationContext] Closing org.springframework.context.support.ClassPathXmlApplicationContext@6acc1164: startup date [Sun Mar 02 20:07:11 CST 2014]; root of context hierarchy
20:07:13,364 INFO  [DefaultListableBeanFactory] Destroying singletons in org.springframework.beans.factory.support.DefaultListableBeanFactory@66715d44: defining beans [RFile,org.springframework.context.annotation.internalConfigurationAnnotationProcessor,org.springframework.context.annotation.internalAutowiredAnnotationProcessor,org.springframework.context.annotation.internalRequiredAnnotationProcessor,org.springframework.context.annotation.internalCommonAnnotationProcessor,org.springframework.context.annotation.internalPersistenceAnnotationProcessor,log4jProvider,logger,entityManagerFactory,entityManager,waltRuleService,reversePaymentRuleService,accountService,minWorkAge,currentUserName,refundTriggerAmount,accountNoteTexts,billProcessor,org.springframework.context.annotation.ConfigurationClassPostProcessor.importAwareProcessor]; root of factory hierarchy
20:07:13,364 INFO  [LocalEntityManagerFactoryBean] Closing JPA EntityManagerFactory for persistence unit 'opmUnitName'
20:07:13,364 INFO  [DriverManagerConnectionProviderImpl] HHH000030: Cleaning up connection pool [jdbc:postgresql://localhost:5432/postgres]
20:07:13,716 INFO  [ClassPathXmlApplicationContext] Refreshing org.springframework.context.support.ClassPathXmlApplicationContext@62715cb7: startup date [Sun Mar 02 20:07:13 CST 2014]; root of context hierarchy
20:07:13,717 INFO  [XmlBeanDefinitionReader] Loading XML bean definitions from class path resource [billProcessor_test.xml]
20:07:13,772 INFO  [DefaultListableBeanFactory] Pre-instantiating singletons in org.springframework.beans.factory.support.DefaultListableBeanFactory@174e70f2: defining beans [RFile,org.springframework.context.annotation.internalConfigurationAnnotationProcessor,org.springframework.context.annotation.internalAutowiredAnnotationProcessor,org.springframework.context.annotation.internalRequiredAnnotationProcessor,org.springframework.context.annotation.internalCommonAnnotationProcessor,org.springframework.context.annotation.internalPersistenceAnnotationProcessor,log4jProvider,logger,entityManagerFactory,entityManager,waltRuleService,reversePaymentRuleService,accountService,minWorkAge,currentUserName,refundTriggerAmount,accountNoteTexts,billProcessor,org.springframework.context.annotation.ConfigurationClassPostProcessor.importAwareProcessor]; root of factory hierarchy
20:07:13,775 INFO  [LocalEntityManagerFactoryBean] Building JPA EntityManagerFactory for persistence unit 'opmUnitName'
20:07:13,775 WARN  [HibernatePersistence] HHH015016: Encountered a deprecated javax.persistence.spi.PersistenceProvider [org.hibernate.ejb.HibernatePersistence]; use [org.hibernate.jpa.HibernatePersistenceProvider] instead.
20:07:13,775 WARN  [HibernatePersistence] HHH015016: Encountered a deprecated javax.persistence.spi.PersistenceProvider [org.hibernate.ejb.HibernatePersistence]; use [org.hibernate.jpa.HibernatePersistenceProvider] instead.
20:07:13,775 WARN  [HibernatePersistence] HHH015016: Encountered a deprecated javax.persistence.spi.PersistenceProvider [org.hibernate.ejb.HibernatePersistence]; use [org.hibernate.jpa.HibernatePersistenceProvider] instead.
20:07:13,781 INFO  [LogHelper] HHH000204: Processing PersistenceUnitInfo [
	name: opmUnitName
	...]
20:07:13,824 WARN  [DriverManagerConnectionProviderImpl] HHH000402: Using Hibernate built-in connection pool (not for production use!)
20:07:13,825 INFO  [DriverManagerConnectionProviderImpl] HHH000401: using driver [org.postgresql.Driver] at URL [jdbc:postgresql://localhost:5432/postgres]
20:07:13,825 INFO  [DriverManagerConnectionProviderImpl] HHH000046: Connection properties: {user=postgres, password=****}
20:07:13,825 INFO  [DriverManagerConnectionProviderImpl] HHH000006: Autocommit mode: false
20:07:13,825 INFO  [DriverManagerConnectionProviderImpl] HHH000115: Hibernate connection pool size: 20 (min=1)
20:07:14,369 INFO  [Dialect] HHH000400: Using dialect: gov.opm.scrd.entities.common.OPMPostgreSQLDialect
20:07:14,369 INFO  [LobCreatorBuilder] HHH000424: Disabling contextual LOB creation as createClob() method threw error : java.lang.reflect.InvocationTargetException
20:07:14,384 WARN  [JPAOverriddenAnnotationReader] HHH000207: Property gov.opm.scrd.entities.application.InterestGracePeriod.retirementType not found in class but described in <mapping-file/> (possible typo error)
20:07:15,021 INFO  [ASTQueryTranslatorFactory] HHH000397: Using ASTQueryTranslatorFactory
20:07:15,653 WARN  [EntityManagerFactoryRegistry] HHH000436: Entity manager factory name (opmUnitName) is already registered.  If entity manager will be clustered or passivated, specify a unique value for property 'hibernate.ejb.entitymanager_factory_name'
Building Return [isResultSet=true, updateCount=-1, extendedReturn=false
20:07:15,828 ERROR [bill_processor] 7Calculation Failure: gov.opm.scrd.mock.MockWaltRuleService calculating the new amount in the calculation engine.
Building Return [isResultSet=true, updateCount=-1, extendedReturn=false
20:07:15,834 INFO  [bill_processor] Total Payment Records: 1
20:07:15,940 INFO  [ClassPathXmlApplicationContext] Closing org.springframework.context.support.ClassPathXmlApplicationContext@62715cb7: startup date [Sun Mar 02 20:07:13 CST 2014]; root of context hierarchy
20:07:15,940 INFO  [DefaultListableBeanFactory] Destroying singletons in org.springframework.beans.factory.support.DefaultListableBeanFactory@174e70f2: defining beans [RFile,org.springframework.context.annotation.internalConfigurationAnnotationProcessor,org.springframework.context.annotation.internalAutowiredAnnotationProcessor,org.springframework.context.annotation.internalRequiredAnnotationProcessor,org.springframework.context.annotation.internalCommonAnnotationProcessor,org.springframework.context.annotation.internalPersistenceAnnotationProcessor,log4jProvider,logger,entityManagerFactory,entityManager,waltRuleService,reversePaymentRuleService,accountService,minWorkAge,currentUserName,refundTriggerAmount,accountNoteTexts,billProcessor,org.springframework.context.annotation.ConfigurationClassPostProcessor.importAwareProcessor]; root of factory hierarchy
20:07:15,941 INFO  [LocalEntityManagerFactoryBean] Closing JPA EntityManagerFactory for persistence unit 'opmUnitName'
20:07:15,941 INFO  [DriverManagerConnectionProviderImpl] HHH000030: Cleaning up connection pool [jdbc:postgresql://localhost:5432/postgres]
20:07:16,369 INFO  [ClassPathXmlApplicationContext] Refreshing org.springframework.context.support.ClassPathXmlApplicationContext@3815e134: startup date [Sun Mar 02 20:07:16 CST 2014]; root of context hierarchy
20:07:16,370 INFO  [XmlBeanDefinitionReader] Loading XML bean definitions from class path resource [billProcessor_test.xml]
20:07:16,539 INFO  [DefaultListableBeanFactory] Pre-instantiating singletons in org.springframework.beans.factory.support.DefaultListableBeanFactory@76c3ba66: defining beans [RFile,org.springframework.context.annotation.internalConfigurationAnnotationProcessor,org.springframework.context.annotation.internalAutowiredAnnotationProcessor,org.springframework.context.annotation.internalRequiredAnnotationProcessor,org.springframework.context.annotation.internalCommonAnnotationProcessor,org.springframework.context.annotation.internalPersistenceAnnotationProcessor,log4jProvider,logger,entityManagerFactory,entityManager,waltRuleService,reversePaymentRuleService,accountService,minWorkAge,currentUserName,refundTriggerAmount,accountNoteTexts,billProcessor,org.springframework.context.annotation.ConfigurationClassPostProcessor.importAwareProcessor]; root of factory hierarchy
20:07:16,542 INFO  [LocalEntityManagerFactoryBean] Building JPA EntityManagerFactory for persistence unit 'opmUnitName'
20:07:16,542 WARN  [HibernatePersistence] HHH015016: Encountered a deprecated javax.persistence.spi.PersistenceProvider [org.hibernate.ejb.HibernatePersistence]; use [org.hibernate.jpa.HibernatePersistenceProvider] instead.
20:07:16,542 WARN  [HibernatePersistence] HHH015016: Encountered a deprecated javax.persistence.spi.PersistenceProvider [org.hibernate.ejb.HibernatePersistence]; use [org.hibernate.jpa.HibernatePersistenceProvider] instead.
20:07:16,542 WARN  [HibernatePersistence] HHH015016: Encountered a deprecated javax.persistence.spi.PersistenceProvider [org.hibernate.ejb.HibernatePersistence]; use [org.hibernate.jpa.HibernatePersistenceProvider] instead.
20:07:16,549 INFO  [LogHelper] HHH000204: Processing PersistenceUnitInfo [
	name: opmUnitName
	...]
20:07:16,677 WARN  [DriverManagerConnectionProviderImpl] HHH000402: Using Hibernate built-in connection pool (not for production use!)
20:07:16,677 INFO  [DriverManagerConnectionProviderImpl] HHH000401: using driver [org.postgresql.Driver] at URL [jdbc:postgresql://localhost:5432/postgres]
20:07:16,677 INFO  [DriverManagerConnectionProviderImpl] HHH000046: Connection properties: {user=postgres, password=****}
20:07:16,678 INFO  [DriverManagerConnectionProviderImpl] HHH000006: Autocommit mode: false
20:07:16,678 INFO  [DriverManagerConnectionProviderImpl] HHH000115: Hibernate connection pool size: 20 (min=1)
20:07:17,223 INFO  [Dialect] HHH000400: Using dialect: gov.opm.scrd.entities.common.OPMPostgreSQLDialect
20:07:17,224 INFO  [LobCreatorBuilder] HHH000424: Disabling contextual LOB creation as createClob() method threw error : java.lang.reflect.InvocationTargetException
20:07:17,266 WARN  [JPAOverriddenAnnotationReader] HHH000207: Property gov.opm.scrd.entities.application.InterestGracePeriod.retirementType not found in class but described in <mapping-file/> (possible typo error)
20:07:17,721 INFO  [ASTQueryTranslatorFactory] HHH000397: Using ASTQueryTranslatorFactory
20:07:18,311 WARN  [EntityManagerFactoryRegistry] HHH000436: Entity manager factory name (opmUnitName) is already registered.  If entity manager will be clustered or passivated, specify a unique value for property 'hibernate.ejb.entitymanager_factory_name'
Building Return [isResultSet=true, updateCount=-1, extendedReturn=false
Building Return [isResultSet=true, updateCount=-1, extendedReturn=false
20:07:18,488 INFO  [bill_processor] Total Payment Records: 1
20:07:18,609 INFO  [ClassPathXmlApplicationContext] Closing org.springframework.context.support.ClassPathXmlApplicationContext@3815e134: startup date [Sun Mar 02 20:07:16 CST 2014]; root of context hierarchy
20:07:18,609 INFO  [DefaultListableBeanFactory] Destroying singletons in org.springframework.beans.factory.support.DefaultListableBeanFactory@76c3ba66: defining beans [RFile,org.springframework.context.annotation.internalConfigurationAnnotationProcessor,org.springframework.context.annotation.internalAutowiredAnnotationProcessor,org.springframework.context.annotation.internalRequiredAnnotationProcessor,org.springframework.context.annotation.internalCommonAnnotationProcessor,org.springframework.context.annotation.internalPersistenceAnnotationProcessor,log4jProvider,logger,entityManagerFactory,entityManager,waltRuleService,reversePaymentRuleService,accountService,minWorkAge,currentUserName,refundTriggerAmount,accountNoteTexts,billProcessor,org.springframework.context.annotation.ConfigurationClassPostProcessor.importAwareProcessor]; root of factory hierarchy
20:07:18,609 INFO  [LocalEntityManagerFactoryBean] Closing JPA EntityManagerFactory for persistence unit 'opmUnitName'
20:07:18,610 INFO  [DriverManagerConnectionProviderImpl] HHH000030: Cleaning up connection pool [jdbc:postgresql://localhost:5432/postgres]
20:07:18,948 INFO  [ClassPathXmlApplicationContext] Refreshing org.springframework.context.support.ClassPathXmlApplicationContext@24243e9f: startup date [Sun Mar 02 20:07:18 CST 2014]; root of context hierarchy
20:07:18,949 INFO  [XmlBeanDefinitionReader] Loading XML bean definitions from class path resource [billProcessor_test.xml]
20:07:18,999 INFO  [DefaultListableBeanFactory] Pre-instantiating singletons in org.springframework.beans.factory.support.DefaultListableBeanFactory@5ed70df9: defining beans [RFile,org.springframework.context.annotation.internalConfigurationAnnotationProcessor,org.springframework.context.annotation.internalAutowiredAnnotationProcessor,org.springframework.context.annotation.internalRequiredAnnotationProcessor,org.springframework.context.annotation.internalCommonAnnotationProcessor,org.springframework.context.annotation.internalPersistenceAnnotationProcessor,log4jProvider,logger,entityManagerFactory,entityManager,waltRuleService,reversePaymentRuleService,accountService,minWorkAge,currentUserName,refundTriggerAmount,accountNoteTexts,billProcessor,org.springframework.context.annotation.ConfigurationClassPostProcessor.importAwareProcessor]; root of factory hierarchy
20:07:19,002 INFO  [LocalEntityManagerFactoryBean] Building JPA EntityManagerFactory for persistence unit 'opmUnitName'
20:07:19,002 WARN  [HibernatePersistence] HHH015016: Encountered a deprecated javax.persistence.spi.PersistenceProvider [org.hibernate.ejb.HibernatePersistence]; use [org.hibernate.jpa.HibernatePersistenceProvider] instead.
20:07:19,002 WARN  [HibernatePersistence] HHH015016: Encountered a deprecated javax.persistence.spi.PersistenceProvider [org.hibernate.ejb.HibernatePersistence]; use [org.hibernate.jpa.HibernatePersistenceProvider] instead.
20:07:19,002 WARN  [HibernatePersistence] HHH015016: Encountered a deprecated javax.persistence.spi.PersistenceProvider [org.hibernate.ejb.HibernatePersistence]; use [org.hibernate.jpa.HibernatePersistenceProvider] instead.
20:07:19,009 INFO  [LogHelper] HHH000204: Processing PersistenceUnitInfo [
	name: opmUnitName
	...]
20:07:19,038 WARN  [DriverManagerConnectionProviderImpl] HHH000402: Using Hibernate built-in connection pool (not for production use!)
20:07:19,038 INFO  [DriverManagerConnectionProviderImpl] HHH000401: using driver [org.postgresql.Driver] at URL [jdbc:postgresql://localhost:5432/postgres]
20:07:19,038 INFO  [DriverManagerConnectionProviderImpl] HHH000046: Connection properties: {user=postgres, password=****}
20:07:19,038 INFO  [DriverManagerConnectionProviderImpl] HHH000006: Autocommit mode: false
20:07:19,038 INFO  [DriverManagerConnectionProviderImpl] HHH000115: Hibernate connection pool size: 20 (min=1)
20:07:19,361 INFO  [Dialect] HHH000400: Using dialect: gov.opm.scrd.entities.common.OPMPostgreSQLDialect
20:07:19,362 INFO  [LobCreatorBuilder] HHH000424: Disabling contextual LOB creation as createClob() method threw error : java.lang.reflect.InvocationTargetException
20:07:19,375 WARN  [JPAOverriddenAnnotationReader] HHH000207: Property gov.opm.scrd.entities.application.InterestGracePeriod.retirementType not found in class but described in <mapping-file/> (possible typo error)
20:07:19,821 INFO  [ASTQueryTranslatorFactory] HHH000397: Using ASTQueryTranslatorFactory
20:07:20,049 WARN  [EntityManagerFactoryRegistry] HHH000436: Entity manager factory name (opmUnitName) is already registered.  If entity manager will be clustered or passivated, specify a unique value for property 'hibernate.ejb.entitymanager_factory_name'
Building Return [isResultSet=true, updateCount=-1, extendedReturn=false
Building Return [isResultSet=true, updateCount=-1, extendedReturn=false
20:07:20,211 INFO  [bill_processor] Total Payment Records: 1
20:07:20,303 INFO  [ClassPathXmlApplicationContext] Closing org.springframework.context.support.ClassPathXmlApplicationContext@24243e9f: startup date [Sun Mar 02 20:07:18 CST 2014]; root of context hierarchy
20:07:20,303 INFO  [DefaultListableBeanFactory] Destroying singletons in org.springframework.beans.factory.support.DefaultListableBeanFactory@5ed70df9: defining beans [RFile,org.springframework.context.annotation.internalConfigurationAnnotationProcessor,org.springframework.context.annotation.internalAutowiredAnnotationProcessor,org.springframework.context.annotation.internalRequiredAnnotationProcessor,org.springframework.context.annotation.internalCommonAnnotationProcessor,org.springframework.context.annotation.internalPersistenceAnnotationProcessor,log4jProvider,logger,entityManagerFactory,entityManager,waltRuleService,reversePaymentRuleService,accountService,minWorkAge,currentUserName,refundTriggerAmount,accountNoteTexts,billProcessor,org.springframework.context.annotation.ConfigurationClassPostProcessor.importAwareProcessor]; root of factory hierarchy
20:07:20,303 INFO  [LocalEntityManagerFactoryBean] Closing JPA EntityManagerFactory for persistence unit 'opmUnitName'
20:07:20,304 INFO  [DriverManagerConnectionProviderImpl] HHH000030: Cleaning up connection pool [jdbc:postgresql://localhost:5432/postgres]
20:07:20,623 INFO  [ClassPathXmlApplicationContext] Refreshing org.springframework.context.support.ClassPathXmlApplicationContext@433ba861: startup date [Sun Mar 02 20:07:20 CST 2014]; root of context hierarchy
20:07:20,624 INFO  [XmlBeanDefinitionReader] Loading XML bean definitions from class path resource [billProcessor_test.xml]
20:07:20,681 INFO  [DefaultListableBeanFactory] Pre-instantiating singletons in org.springframework.beans.factory.support.DefaultListableBeanFactory@5e37c2ad: defining beans [RFile,org.springframework.context.annotation.internalConfigurationAnnotationProcessor,org.springframework.context.annotation.internalAutowiredAnnotationProcessor,org.springframework.context.annotation.internalRequiredAnnotationProcessor,org.springframework.context.annotation.internalCommonAnnotationProcessor,org.springframework.context.annotation.internalPersistenceAnnotationProcessor,log4jProvider,logger,entityManagerFactory,entityManager,waltRuleService,reversePaymentRuleService,accountService,minWorkAge,currentUserName,refundTriggerAmount,accountNoteTexts,billProcessor,org.springframework.context.annotation.ConfigurationClassPostProcessor.importAwareProcessor]; root of factory hierarchy
20:07:20,685 INFO  [LocalEntityManagerFactoryBean] Building JPA EntityManagerFactory for persistence unit 'opmUnitName'
20:07:20,685 WARN  [HibernatePersistence] HHH015016: Encountered a deprecated javax.persistence.spi.PersistenceProvider [org.hibernate.ejb.HibernatePersistence]; use [org.hibernate.jpa.HibernatePersistenceProvider] instead.
20:07:20,685 WARN  [HibernatePersistence] HHH015016: Encountered a deprecated javax.persistence.spi.PersistenceProvider [org.hibernate.ejb.HibernatePersistence]; use [org.hibernate.jpa.HibernatePersistenceProvider] instead.
20:07:20,685 WARN  [HibernatePersistence] HHH015016: Encountered a deprecated javax.persistence.spi.PersistenceProvider [org.hibernate.ejb.HibernatePersistence]; use [org.hibernate.jpa.HibernatePersistenceProvider] instead.
20:07:20,692 INFO  [LogHelper] HHH000204: Processing PersistenceUnitInfo [
	name: opmUnitName
	...]
20:07:20,722 WARN  [DriverManagerConnectionProviderImpl] HHH000402: Using Hibernate built-in connection pool (not for production use!)
20:07:20,723 INFO  [DriverManagerConnectionProviderImpl] HHH000401: using driver [org.postgresql.Driver] at URL [jdbc:postgresql://localhost:5432/postgres]
20:07:20,723 INFO  [DriverManagerConnectionProviderImpl] HHH000046: Connection properties: {user=postgres, password=****}
20:07:20,723 INFO  [DriverManagerConnectionProviderImpl] HHH000006: Autocommit mode: false
20:07:20,723 INFO  [DriverManagerConnectionProviderImpl] HHH000115: Hibernate connection pool size: 20 (min=1)
20:07:21,122 INFO  [Dialect] HHH000400: Using dialect: gov.opm.scrd.entities.common.OPMPostgreSQLDialect
20:07:21,122 INFO  [LobCreatorBuilder] HHH000424: Disabling contextual LOB creation as createClob() method threw error : java.lang.reflect.InvocationTargetException
20:07:21,134 WARN  [JPAOverriddenAnnotationReader] HHH000207: Property gov.opm.scrd.entities.application.InterestGracePeriod.retirementType not found in class but described in <mapping-file/> (possible typo error)
20:07:21,317 INFO  [ASTQueryTranslatorFactory] HHH000397: Using ASTQueryTranslatorFactory
20:07:21,583 WARN  [EntityManagerFactoryRegistry] HHH000436: Entity manager factory name (opmUnitName) is already registered.  If entity manager will be clustered or passivated, specify a unique value for property 'hibernate.ejb.entitymanager_factory_name'
Building Return [isResultSet=true, updateCount=-1, extendedReturn=false
Building Return [isResultSet=true, updateCount=-1, extendedReturn=false
20:07:21,777 INFO  [bill_processor] Total Payment Records: 1
20:07:21,861 INFO  [ClassPathXmlApplicationContext] Closing org.springframework.context.support.ClassPathXmlApplicationContext@433ba861: startup date [Sun Mar 02 20:07:20 CST 2014]; root of context hierarchy
20:07:21,861 INFO  [DefaultListableBeanFactory] Destroying singletons in org.springframework.beans.factory.support.DefaultListableBeanFactory@5e37c2ad: defining beans [RFile,org.springframework.context.annotation.internalConfigurationAnnotationProcessor,org.springframework.context.annotation.internalAutowiredAnnotationProcessor,org.springframework.context.annotation.internalRequiredAnnotationProcessor,org.springframework.context.annotation.internalCommonAnnotationProcessor,org.springframework.context.annotation.internalPersistenceAnnotationProcessor,log4jProvider,logger,entityManagerFactory,entityManager,waltRuleService,reversePaymentRuleService,accountService,minWorkAge,currentUserName,refundTriggerAmount,accountNoteTexts,billProcessor,org.springframework.context.annotation.ConfigurationClassPostProcessor.importAwareProcessor]; root of factory hierarchy
20:07:21,862 INFO  [LocalEntityManagerFactoryBean] Closing JPA EntityManagerFactory for persistence unit 'opmUnitName'
20:07:21,862 INFO  [DriverManagerConnectionProviderImpl] HHH000030: Cleaning up connection pool [jdbc:postgresql://localhost:5432/postgres]
20:07:22,315 INFO  [ClassPathXmlApplicationContext] Refreshing org.springframework.context.support.ClassPathXmlApplicationContext@515f1fee: startup date [Sun Mar 02 20:07:22 CST 2014]; root of context hierarchy
20:07:22,316 INFO  [XmlBeanDefinitionReader] Loading XML bean definitions from class path resource [billProcessor_test.xml]
20:07:22,389 INFO  [DefaultListableBeanFactory] Pre-instantiating singletons in org.springframework.beans.factory.support.DefaultListableBeanFactory@6b40584c: defining beans [RFile,org.springframework.context.annotation.internalConfigurationAnnotationProcessor,org.springframework.context.annotation.internalAutowiredAnnotationProcessor,org.springframework.context.annotation.internalRequiredAnnotationProcessor,org.springframework.context.annotation.internalCommonAnnotationProcessor,org.springframework.context.annotation.internalPersistenceAnnotationProcessor,log4jProvider,logger,entityManagerFactory,entityManager,waltRuleService,reversePaymentRuleService,accountService,minWorkAge,currentUserName,refundTriggerAmount,accountNoteTexts,billProcessor,org.springframework.context.annotation.ConfigurationClassPostProcessor.importAwareProcessor]; root of factory hierarchy
20:07:22,392 INFO  [LocalEntityManagerFactoryBean] Building JPA EntityManagerFactory for persistence unit 'opmUnitName'
20:07:22,392 WARN  [HibernatePersistence] HHH015016: Encountered a deprecated javax.persistence.spi.PersistenceProvider [org.hibernate.ejb.HibernatePersistence]; use [org.hibernate.jpa.HibernatePersistenceProvider] instead.
20:07:22,392 WARN  [HibernatePersistence] HHH015016: Encountered a deprecated javax.persistence.spi.PersistenceProvider [org.hibernate.ejb.HibernatePersistence]; use [org.hibernate.jpa.HibernatePersistenceProvider] instead.
20:07:22,392 WARN  [HibernatePersistence] HHH015016: Encountered a deprecated javax.persistence.spi.PersistenceProvider [org.hibernate.ejb.HibernatePersistence]; use [org.hibernate.jpa.HibernatePersistenceProvider] instead.
20:07:22,398 INFO  [LogHelper] HHH000204: Processing PersistenceUnitInfo [
	name: opmUnitName
	...]
20:07:22,426 WARN  [DriverManagerConnectionProviderImpl] HHH000402: Using Hibernate built-in connection pool (not for production use!)
20:07:22,426 INFO  [DriverManagerConnectionProviderImpl] HHH000401: using driver [org.postgresql.Driver] at URL [jdbc:postgresql://localhost:5432/postgres]
20:07:22,426 INFO  [DriverManagerConnectionProviderImpl] HHH000046: Connection properties: {user=postgres, password=****}
20:07:22,426 INFO  [DriverManagerConnectionProviderImpl] HHH000006: Autocommit mode: false
20:07:22,426 INFO  [DriverManagerConnectionProviderImpl] HHH000115: Hibernate connection pool size: 20 (min=1)
20:07:22,784 INFO  [Dialect] HHH000400: Using dialect: gov.opm.scrd.entities.common.OPMPostgreSQLDialect
20:07:22,784 INFO  [LobCreatorBuilder] HHH000424: Disabling contextual LOB creation as createClob() method threw error : java.lang.reflect.InvocationTargetException
20:07:22,796 WARN  [JPAOverriddenAnnotationReader] HHH000207: Property gov.opm.scrd.entities.application.InterestGracePeriod.retirementType not found in class but described in <mapping-file/> (possible typo error)
20:07:22,910 INFO  [ASTQueryTranslatorFactory] HHH000397: Using ASTQueryTranslatorFactory
20:07:23,294 WARN  [EntityManagerFactoryRegistry] HHH000436: Entity manager factory name (opmUnitName) is already registered.  If entity manager will be clustered or passivated, specify a unique value for property 'hibernate.ejb.entitymanager_factory_name'
Building Return [isResultSet=true, updateCount=-1, extendedReturn=false
20:07:23,455 INFO  [bill_processor] 11 Calculation Failure. calculating the new amount
Building Return [isResultSet=true, updateCount=-1, extendedReturn=false
20:07:23,461 INFO  [bill_processor] Total Payment Records: 1
20:07:23,559 INFO  [ClassPathXmlApplicationContext] Closing org.springframework.context.support.ClassPathXmlApplicationContext@515f1fee: startup date [Sun Mar 02 20:07:22 CST 2014]; root of context hierarchy
20:07:23,559 INFO  [DefaultListableBeanFactory] Destroying singletons in org.springframework.beans.factory.support.DefaultListableBeanFactory@6b40584c: defining beans [RFile,org.springframework.context.annotation.internalConfigurationAnnotationProcessor,org.springframework.context.annotation.internalAutowiredAnnotationProcessor,org.springframework.context.annotation.internalRequiredAnnotationProcessor,org.springframework.context.annotation.internalCommonAnnotationProcessor,org.springframework.context.annotation.internalPersistenceAnnotationProcessor,log4jProvider,logger,entityManagerFactory,entityManager,waltRuleService,reversePaymentRuleService,accountService,minWorkAge,currentUserName,refundTriggerAmount,accountNoteTexts,billProcessor,org.springframework.context.annotation.ConfigurationClassPostProcessor.importAwareProcessor]; root of factory hierarchy
20:07:23,560 INFO  [LocalEntityManagerFactoryBean] Closing JPA EntityManagerFactory for persistence unit 'opmUnitName'
20:07:23,560 INFO  [DriverManagerConnectionProviderImpl] HHH000030: Cleaning up connection pool [jdbc:postgresql://localhost:5432/postgres]
20:07:23,903 INFO  [ClassPathXmlApplicationContext] Refreshing org.springframework.context.support.ClassPathXmlApplicationContext@6b637f9a: startup date [Sun Mar 02 20:07:23 CST 2014]; root of context hierarchy
20:07:23,904 INFO  [XmlBeanDefinitionReader] Loading XML bean definitions from class path resource [billProcessor_test.xml]
20:07:23,949 INFO  [DefaultListableBeanFactory] Pre-instantiating singletons in org.springframework.beans.factory.support.DefaultListableBeanFactory@1b5ac06e: defining beans [RFile,org.springframework.context.annotation.internalConfigurationAnnotationProcessor,org.springframework.context.annotation.internalAutowiredAnnotationProcessor,org.springframework.context.annotation.internalRequiredAnnotationProcessor,org.springframework.context.annotation.internalCommonAnnotationProcessor,org.springframework.context.annotation.internalPersistenceAnnotationProcessor,log4jProvider,logger,entityManagerFactory,entityManager,waltRuleService,reversePaymentRuleService,accountService,minWorkAge,currentUserName,refundTriggerAmount,accountNoteTexts,billProcessor,org.springframework.context.annotation.ConfigurationClassPostProcessor.importAwareProcessor]; root of factory hierarchy
20:07:23,952 INFO  [LocalEntityManagerFactoryBean] Building JPA EntityManagerFactory for persistence unit 'opmUnitName'
20:07:23,952 WARN  [HibernatePersistence] HHH015016: Encountered a deprecated javax.persistence.spi.PersistenceProvider [org.hibernate.ejb.HibernatePersistence]; use [org.hibernate.jpa.HibernatePersistenceProvider] instead.
20:07:23,952 WARN  [HibernatePersistence] HHH015016: Encountered a deprecated javax.persistence.spi.PersistenceProvider [org.hibernate.ejb.HibernatePersistence]; use [org.hibernate.jpa.HibernatePersistenceProvider] instead.
20:07:23,952 WARN  [HibernatePersistence] HHH015016: Encountered a deprecated javax.persistence.spi.PersistenceProvider [org.hibernate.ejb.HibernatePersistence]; use [org.hibernate.jpa.HibernatePersistenceProvider] instead.
20:07:23,973 INFO  [LogHelper] HHH000204: Processing PersistenceUnitInfo [
	name: opmUnitName
	...]
20:07:24,012 WARN  [DriverManagerConnectionProviderImpl] HHH000402: Using Hibernate built-in connection pool (not for production use!)
20:07:24,012 INFO  [DriverManagerConnectionProviderImpl] HHH000401: using driver [org.postgresql.Driver] at URL [jdbc:postgresql://localhost:5432/postgres]
20:07:24,013 INFO  [DriverManagerConnectionProviderImpl] HHH000046: Connection properties: {user=postgres, password=****}
20:07:24,013 INFO  [DriverManagerConnectionProviderImpl] HHH000006: Autocommit mode: false
20:07:24,013 INFO  [DriverManagerConnectionProviderImpl] HHH000115: Hibernate connection pool size: 20 (min=1)
20:07:24,476 INFO  [Dialect] HHH000400: Using dialect: gov.opm.scrd.entities.common.OPMPostgreSQLDialect
20:07:24,476 INFO  [LobCreatorBuilder] HHH000424: Disabling contextual LOB creation as createClob() method threw error : java.lang.reflect.InvocationTargetException
20:07:24,488 WARN  [JPAOverriddenAnnotationReader] HHH000207: Property gov.opm.scrd.entities.application.InterestGracePeriod.retirementType not found in class but described in <mapping-file/> (possible typo error)
20:07:24,603 INFO  [ASTQueryTranslatorFactory] HHH000397: Using ASTQueryTranslatorFactory
20:07:24,770 WARN  [EntityManagerFactoryRegistry] HHH000436: Entity manager factory name (opmUnitName) is already registered.  If entity manager will be clustered or passivated, specify a unique value for property 'hibernate.ejb.entitymanager_factory_name'
Building Return [isResultSet=true, updateCount=-1, extendedReturn=false
Building Return [isResultSet=true, updateCount=-1, extendedReturn=false
20:07:24,893 INFO  [bill_processor] Total Payment Records: 1
20:07:24,973 INFO  [ClassPathXmlApplicationContext] Closing org.springframework.context.support.ClassPathXmlApplicationContext@6b637f9a: startup date [Sun Mar 02 20:07:23 CST 2014]; root of context hierarchy
20:07:24,973 INFO  [DefaultListableBeanFactory] Destroying singletons in org.springframework.beans.factory.support.DefaultListableBeanFactory@1b5ac06e: defining beans [RFile,org.springframework.context.annotation.internalConfigurationAnnotationProcessor,org.springframework.context.annotation.internalAutowiredAnnotationProcessor,org.springframework.context.annotation.internalRequiredAnnotationProcessor,org.springframework.context.annotation.internalCommonAnnotationProcessor,org.springframework.context.annotation.internalPersistenceAnnotationProcessor,log4jProvider,logger,entityManagerFactory,entityManager,waltRuleService,reversePaymentRuleService,accountService,minWorkAge,currentUserName,refundTriggerAmount,accountNoteTexts,billProcessor,org.springframework.context.annotation.ConfigurationClassPostProcessor.importAwareProcessor]; root of factory hierarchy
20:07:24,973 INFO  [LocalEntityManagerFactoryBean] Closing JPA EntityManagerFactory for persistence unit 'opmUnitName'
20:07:24,974 INFO  [DriverManagerConnectionProviderImpl] HHH000030: Cleaning up connection pool [jdbc:postgresql://localhost:5432/postgres]
20:07:25,251 INFO  [ClassPathXmlApplicationContext] Refreshing org.springframework.context.support.ClassPathXmlApplicationContext@2d9bcd53: startup date [Sun Mar 02 20:07:25 CST 2014]; root of context hierarchy
20:07:25,252 INFO  [XmlBeanDefinitionReader] Loading XML bean definitions from class path resource [billProcessor_test.xml]
20:07:25,293 INFO  [DefaultListableBeanFactory] Pre-instantiating singletons in org.springframework.beans.factory.support.DefaultListableBeanFactory@1a6032ce: defining beans [RFile,org.springframework.context.annotation.internalConfigurationAnnotationProcessor,org.springframework.context.annotation.internalAutowiredAnnotationProcessor,org.springframework.context.annotation.internalRequiredAnnotationProcessor,org.springframework.context.annotation.internalCommonAnnotationProcessor,org.springframework.context.annotation.internalPersistenceAnnotationProcessor,log4jProvider,logger,entityManagerFactory,entityManager,waltRuleService,reversePaymentRuleService,accountService,minWorkAge,currentUserName,refundTriggerAmount,accountNoteTexts,billProcessor,org.springframework.context.annotation.ConfigurationClassPostProcessor.importAwareProcessor]; root of factory hierarchy
20:07:25,296 INFO  [LocalEntityManagerFactoryBean] Building JPA EntityManagerFactory for persistence unit 'opmUnitName'
20:07:25,296 WARN  [HibernatePersistence] HHH015016: Encountered a deprecated javax.persistence.spi.PersistenceProvider [org.hibernate.ejb.HibernatePersistence]; use [org.hibernate.jpa.HibernatePersistenceProvider] instead.
20:07:25,296 WARN  [HibernatePersistence] HHH015016: Encountered a deprecated javax.persistence.spi.PersistenceProvider [org.hibernate.ejb.HibernatePersistence]; use [org.hibernate.jpa.HibernatePersistenceProvider] instead.
20:07:25,296 WARN  [HibernatePersistence] HHH015016: Encountered a deprecated javax.persistence.spi.PersistenceProvider [org.hibernate.ejb.HibernatePersistence]; use [org.hibernate.jpa.HibernatePersistenceProvider] instead.
20:07:25,301 INFO  [LogHelper] HHH000204: Processing PersistenceUnitInfo [
	name: opmUnitName
	...]
20:07:25,324 WARN  [DriverManagerConnectionProviderImpl] HHH000402: Using Hibernate built-in connection pool (not for production use!)
20:07:25,324 INFO  [DriverManagerConnectionProviderImpl] HHH000401: using driver [org.postgresql.Driver] at URL [jdbc:postgresql://localhost:5432/postgres]
20:07:25,324 INFO  [DriverManagerConnectionProviderImpl] HHH000046: Connection properties: {user=postgres, password=****}
20:07:25,324 INFO  [DriverManagerConnectionProviderImpl] HHH000006: Autocommit mode: false
20:07:25,324 INFO  [DriverManagerConnectionProviderImpl] HHH000115: Hibernate connection pool size: 20 (min=1)
20:07:25,649 INFO  [Dialect] HHH000400: Using dialect: gov.opm.scrd.entities.common.OPMPostgreSQLDialect
20:07:25,649 INFO  [LobCreatorBuilder] HHH000424: Disabling contextual LOB creation as createClob() method threw error : java.lang.reflect.InvocationTargetException
20:07:25,661 WARN  [JPAOverriddenAnnotationReader] HHH000207: Property gov.opm.scrd.entities.application.InterestGracePeriod.retirementType not found in class but described in <mapping-file/> (possible typo error)
20:07:25,896 INFO  [ASTQueryTranslatorFactory] HHH000397: Using ASTQueryTranslatorFactory
20:07:26,075 WARN  [EntityManagerFactoryRegistry] HHH000436: Entity manager factory name (opmUnitName) is already registered.  If entity manager will be clustered or passivated, specify a unique value for property 'hibernate.ejb.entitymanager_factory_name'
Building Return [isResultSet=true, updateCount=-1, extendedReturn=false
20:07:26,347 INFO  [bill_processor] 13 processing an adjustment payment.
Building Return [isResultSet=true, updateCount=-1, extendedReturn=false
20:07:26,352 INFO  [bill_processor] Total Payment Records: 1
20:07:26,474 INFO  [ClassPathXmlApplicationContext] Closing org.springframework.context.support.ClassPathXmlApplicationContext@2d9bcd53: startup date [Sun Mar 02 20:07:25 CST 2014]; root of context hierarchy
20:07:26,474 INFO  [DefaultListableBeanFactory] Destroying singletons in org.springframework.beans.factory.support.DefaultListableBeanFactory@1a6032ce: defining beans [RFile,org.springframework.context.annotation.internalConfigurationAnnotationProcessor,org.springframework.context.annotation.internalAutowiredAnnotationProcessor,org.springframework.context.annotation.internalRequiredAnnotationProcessor,org.springframework.context.annotation.internalCommonAnnotationProcessor,org.springframework.context.annotation.internalPersistenceAnnotationProcessor,log4jProvider,logger,entityManagerFactory,entityManager,waltRuleService,reversePaymentRuleService,accountService,minWorkAge,currentUserName,refundTriggerAmount,accountNoteTexts,billProcessor,org.springframework.context.annotation.ConfigurationClassPostProcessor.importAwareProcessor]; root of factory hierarchy
20:07:26,475 INFO  [LocalEntityManagerFactoryBean] Closing JPA EntityManagerFactory for persistence unit 'opmUnitName'
20:07:26,475 INFO  [DriverManagerConnectionProviderImpl] HHH000030: Cleaning up connection pool [jdbc:postgresql://localhost:5432/postgres]
20:07:26,766 INFO  [ClassPathXmlApplicationContext] Refreshing org.springframework.context.support.ClassPathXmlApplicationContext@756f13ae: startup date [Sun Mar 02 20:07:26 CST 2014]; root of context hierarchy
20:07:26,767 INFO  [XmlBeanDefinitionReader] Loading XML bean definitions from class path resource [billProcessor_test.xml]
20:07:26,810 INFO  [DefaultListableBeanFactory] Pre-instantiating singletons in org.springframework.beans.factory.support.DefaultListableBeanFactory@1582dccf: defining beans [RFile,org.springframework.context.annotation.internalConfigurationAnnotationProcessor,org.springframework.context.annotation.internalAutowiredAnnotationProcessor,org.springframework.context.annotation.internalRequiredAnnotationProcessor,org.springframework.context.annotation.internalCommonAnnotationProcessor,org.springframework.context.annotation.internalPersistenceAnnotationProcessor,log4jProvider,logger,entityManagerFactory,entityManager,waltRuleService,reversePaymentRuleService,accountService,minWorkAge,currentUserName,refundTriggerAmount,accountNoteTexts,billProcessor,org.springframework.context.annotation.ConfigurationClassPostProcessor.importAwareProcessor]; root of factory hierarchy
20:07:26,813 INFO  [LocalEntityManagerFactoryBean] Building JPA EntityManagerFactory for persistence unit 'opmUnitName'
20:07:26,813 WARN  [HibernatePersistence] HHH015016: Encountered a deprecated javax.persistence.spi.PersistenceProvider [org.hibernate.ejb.HibernatePersistence]; use [org.hibernate.jpa.HibernatePersistenceProvider] instead.
20:07:26,813 WARN  [HibernatePersistence] HHH015016: Encountered a deprecated javax.persistence.spi.PersistenceProvider [org.hibernate.ejb.HibernatePersistence]; use [org.hibernate.jpa.HibernatePersistenceProvider] instead.
20:07:26,813 WARN  [HibernatePersistence] HHH015016: Encountered a deprecated javax.persistence.spi.PersistenceProvider [org.hibernate.ejb.HibernatePersistence]; use [org.hibernate.jpa.HibernatePersistenceProvider] instead.
20:07:26,819 INFO  [LogHelper] HHH000204: Processing PersistenceUnitInfo [
	name: opmUnitName
	...]
20:07:26,851 WARN  [DriverManagerConnectionProviderImpl] HHH000402: Using Hibernate built-in connection pool (not for production use!)
20:07:26,852 INFO  [DriverManagerConnectionProviderImpl] HHH000401: using driver [org.postgresql.Driver] at URL [jdbc:postgresql://localhost:5432/postgres]
20:07:26,852 INFO  [DriverManagerConnectionProviderImpl] HHH000046: Connection properties: {user=postgres, password=****}
20:07:26,852 INFO  [DriverManagerConnectionProviderImpl] HHH000006: Autocommit mode: false
20:07:26,852 INFO  [DriverManagerConnectionProviderImpl] HHH000115: Hibernate connection pool size: 20 (min=1)
20:07:27,282 INFO  [Dialect] HHH000400: Using dialect: gov.opm.scrd.entities.common.OPMPostgreSQLDialect
20:07:27,283 INFO  [LobCreatorBuilder] HHH000424: Disabling contextual LOB creation as createClob() method threw error : java.lang.reflect.InvocationTargetException
20:07:27,295 WARN  [JPAOverriddenAnnotationReader] HHH000207: Property gov.opm.scrd.entities.application.InterestGracePeriod.retirementType not found in class but described in <mapping-file/> (possible typo error)
20:07:27,593 INFO  [ASTQueryTranslatorFactory] HHH000397: Using ASTQueryTranslatorFactory
20:07:27,856 WARN  [EntityManagerFactoryRegistry] HHH000436: Entity manager factory name (opmUnitName) is already registered.  If entity manager will be clustered or passivated, specify a unique value for property 'hibernate.ejb.entitymanager_factory_name'
Building Return [isResultSet=true, updateCount=-1, extendedReturn=false
20:07:28,209 INFO  [bill_processor] 14 processing an adjustment payment.
Building Return [isResultSet=true, updateCount=-1, extendedReturn=false
20:07:28,215 INFO  [bill_processor] Total Payment Records: 1
20:07:28,313 INFO  [ClassPathXmlApplicationContext] Closing org.springframework.context.support.ClassPathXmlApplicationContext@756f13ae: startup date [Sun Mar 02 20:07:26 CST 2014]; root of context hierarchy
20:07:28,313 INFO  [DefaultListableBeanFactory] Destroying singletons in org.springframework.beans.factory.support.DefaultListableBeanFactory@1582dccf: defining beans [RFile,org.springframework.context.annotation.internalConfigurationAnnotationProcessor,org.springframework.context.annotation.internalAutowiredAnnotationProcessor,org.springframework.context.annotation.internalRequiredAnnotationProcessor,org.springframework.context.annotation.internalCommonAnnotationProcessor,org.springframework.context.annotation.internalPersistenceAnnotationProcessor,log4jProvider,logger,entityManagerFactory,entityManager,waltRuleService,reversePaymentRuleService,accountService,minWorkAge,currentUserName,refundTriggerAmount,accountNoteTexts,billProcessor,org.springframework.context.annotation.ConfigurationClassPostProcessor.importAwareProcessor]; root of factory hierarchy
20:07:28,313 INFO  [LocalEntityManagerFactoryBean] Closing JPA EntityManagerFactory for persistence unit 'opmUnitName'
20:07:28,314 INFO  [DriverManagerConnectionProviderImpl] HHH000030: Cleaning up connection pool [jdbc:postgresql://localhost:5432/postgres]
20:07:28,641 INFO  [ClassPathXmlApplicationContext] Refreshing org.springframework.context.support.ClassPathXmlApplicationContext@7ede7cf: startup date [Sun Mar 02 20:07:28 CST 2014]; root of context hierarchy
20:07:28,642 INFO  [XmlBeanDefinitionReader] Loading XML bean definitions from class path resource [billProcessor_test.xml]
20:07:28,710 INFO  [DefaultListableBeanFactory] Pre-instantiating singletons in org.springframework.beans.factory.support.DefaultListableBeanFactory@6ec63f2c: defining beans [RFile,org.springframework.context.annotation.internalConfigurationAnnotationProcessor,org.springframework.context.annotation.internalAutowiredAnnotationProcessor,org.springframework.context.annotation.internalRequiredAnnotationProcessor,org.springframework.context.annotation.internalCommonAnnotationProcessor,org.springframework.context.annotation.internalPersistenceAnnotationProcessor,log4jProvider,logger,entityManagerFactory,entityManager,waltRuleService,reversePaymentRuleService,accountService,minWorkAge,currentUserName,refundTriggerAmount,accountNoteTexts,billProcessor,org.springframework.context.annotation.ConfigurationClassPostProcessor.importAwareProcessor]; root of factory hierarchy
20:07:28,712 INFO  [LocalEntityManagerFactoryBean] Building JPA EntityManagerFactory for persistence unit 'opmUnitName'
20:07:28,713 WARN  [HibernatePersistence] HHH015016: Encountered a deprecated javax.persistence.spi.PersistenceProvider [org.hibernate.ejb.HibernatePersistence]; use [org.hibernate.jpa.HibernatePersistenceProvider] instead.
20:07:28,713 WARN  [HibernatePersistence] HHH015016: Encountered a deprecated javax.persistence.spi.PersistenceProvider [org.hibernate.ejb.HibernatePersistence]; use [org.hibernate.jpa.HibernatePersistenceProvider] instead.
20:07:28,713 WARN  [HibernatePersistence] HHH015016: Encountered a deprecated javax.persistence.spi.PersistenceProvider [org.hibernate.ejb.HibernatePersistence]; use [org.hibernate.jpa.HibernatePersistenceProvider] instead.
20:07:28,723 INFO  [LogHelper] HHH000204: Processing PersistenceUnitInfo [
	name: opmUnitName
	...]
20:07:28,763 WARN  [DriverManagerConnectionProviderImpl] HHH000402: Using Hibernate built-in connection pool (not for production use!)
20:07:28,764 INFO  [DriverManagerConnectionProviderImpl] HHH000401: using driver [org.postgresql.Driver] at URL [jdbc:postgresql://localhost:5432/postgres]
20:07:28,764 INFO  [DriverManagerConnectionProviderImpl] HHH000046: Connection properties: {user=postgres, password=****}
20:07:28,764 INFO  [DriverManagerConnectionProviderImpl] HHH000006: Autocommit mode: false
20:07:28,764 INFO  [DriverManagerConnectionProviderImpl] HHH000115: Hibernate connection pool size: 20 (min=1)
20:07:29,161 INFO  [Dialect] HHH000400: Using dialect: gov.opm.scrd.entities.common.OPMPostgreSQLDialect
20:07:29,162 INFO  [LobCreatorBuilder] HHH000424: Disabling contextual LOB creation as createClob() method threw error : java.lang.reflect.InvocationTargetException
20:07:29,174 WARN  [JPAOverriddenAnnotationReader] HHH000207: Property gov.opm.scrd.entities.application.InterestGracePeriod.retirementType not found in class but described in <mapping-file/> (possible typo error)
20:07:29,466 INFO  [ASTQueryTranslatorFactory] HHH000397: Using ASTQueryTranslatorFactory
20:07:29,771 WARN  [EntityManagerFactoryRegistry] HHH000436: Entity manager factory name (opmUnitName) is already registered.  If entity manager will be clustered or passivated, specify a unique value for property 'hibernate.ejb.entitymanager_factory_name'
Building Return [isResultSet=true, updateCount=-1, extendedReturn=false
20:07:29,922 ERROR [ErrorCounter] line 1:8: unexpected token: *
20:07:29,923 ERROR [ErrorCounter] line 1:8: unexpected token: *
line 1:8: unexpected token: *
	at org.hibernate.hql.internal.antlr.HqlBaseParser.selectClause(HqlBaseParser.java:1279)
	at org.hibernate.hql.internal.antlr.HqlBaseParser.selectFrom(HqlBaseParser.java:1053)
	at org.hibernate.hql.internal.antlr.HqlBaseParser.queryRule(HqlBaseParser.java:723)
	at org.hibernate.hql.internal.antlr.HqlBaseParser.selectStatement(HqlBaseParser.java:316)
	at org.hibernate.hql.internal.antlr.HqlBaseParser.statement(HqlBaseParser.java:179)
	at org.hibernate.hql.internal.ast.QueryTranslatorImpl.parse(QueryTranslatorImpl.java:295)
	at org.hibernate.hql.internal.ast.QueryTranslatorImpl.doCompile(QueryTranslatorImpl.java:203)
	at org.hibernate.hql.internal.ast.QueryTranslatorImpl.compile(QueryTranslatorImpl.java:158)
	at org.hibernate.engine.query.spi.HQLQueryPlan.<init>(HQLQueryPlan.java:126)
	at org.hibernate.engine.query.spi.HQLQueryPlan.<init>(HQLQueryPlan.java:88)
	at org.hibernate.engine.query.spi.QueryPlanCache.getHQLQueryPlan(QueryPlanCache.java:190)
	at org.hibernate.internal.AbstractSessionImpl.getHQLQueryPlan(AbstractSessionImpl.java:301)
	at org.hibernate.internal.AbstractSessionImpl.createQuery(AbstractSessionImpl.java:236)
	at org.hibernate.internal.SessionImpl.createQuery(SessionImpl.java:1796)
	at org.hibernate.jpa.spi.AbstractEntityManagerImpl.createQuery(AbstractEntityManagerImpl.java:342)
	at sun.reflect.GeneratedMethodAccessor388.invoke(Unknown Source)
	at sun.reflect.DelegatingMethodAccessorImpl.invoke(DelegatingMethodAccessorImpl.java:25)
	at java.lang.reflect.Method.invoke(Method.java:597)
	at org.springframework.orm.jpa.ExtendedEntityManagerCreator$ExtendedEntityManagerInvocationHandler.invoke(ExtendedEntityManagerCreator.java:366)
	at $Proxy60.createQuery(Unknown Source)
	at gov.opm.scrd.batchprocessing.jobs.impl.BillProcessorImpl.paymentTotalOnSpecifiedDate(BillProcessorImpl.java:1189)
	at gov.opm.scrd.batchprocessing.jobs.impl.BillProcessorImpl.applyManualAdjustment(BillProcessorImpl.java:1127)
	at gov.opm.scrd.batchprocessing.jobs.impl.BillProcessorImpl.processBills(BillProcessorImpl.java:381)
	at gov.opm.scrd.batchprocessing.jobs.impl.BillProcessorImplTests.test_processBills_case101c(BillProcessorImplTests.java:562)
	at sun.reflect.NativeMethodAccessorImpl.invoke0(Native Method)
	at sun.reflect.NativeMethodAccessorImpl.invoke(NativeMethodAccessorImpl.java:39)
	at sun.reflect.DelegatingMethodAccessorImpl.invoke(DelegatingMethodAccessorImpl.java:25)
	at java.lang.reflect.Method.invoke(Method.java:597)
	at org.junit.runners.model.FrameworkMethod$1.runReflectiveCall(FrameworkMethod.java:45)
	at org.junit.internal.runners.model.ReflectiveCallable.run(ReflectiveCallable.java:15)
	at org.junit.runners.model.FrameworkMethod.invokeExplosively(FrameworkMethod.java:42)
	at org.junit.internal.runners.statements.InvokeMethod.evaluate(InvokeMethod.java:20)
	at org.junit.internal.runners.statements.RunBefores.evaluate(RunBefores.java:28)
	at org.junit.internal.runners.statements.RunAfters.evaluate(RunAfters.java:30)
	at org.junit.runners.ParentRunner.runLeaf(ParentRunner.java:263)
	at org.junit.runners.BlockJUnit4ClassRunner.runChild(BlockJUnit4ClassRunner.java:68)
	at org.junit.runners.BlockJUnit4ClassRunner.runChild(BlockJUnit4ClassRunner.java:47)
	at org.junit.runners.ParentRunner$3.run(ParentRunner.java:231)
	at org.junit.runners.ParentRunner$1.schedule(ParentRunner.java:60)
	at org.junit.runners.ParentRunner.runChildren(ParentRunner.java:229)
	at org.junit.runners.ParentRunner.access$000(ParentRunner.java:50)
	at org.junit.runners.ParentRunner$2.evaluate(ParentRunner.java:222)
	at org.junit.internal.runners.statements.RunBefores.evaluate(RunBefores.java:28)
	at org.junit.internal.runners.statements.RunAfters.evaluate(RunAfters.java:30)
	at org.junit.runners.ParentRunner.run(ParentRunner.java:300)
	at junit.framework.JUnit4TestAdapter.run(JUnit4TestAdapter.java:39)
	at junit.framework.TestSuite.runTest(TestSuite.java:243)
	at junit.framework.TestSuite.run(TestSuite.java:238)
	at org.apache.tools.ant.taskdefs.optional.junit.JUnitTestRunner.run(JUnitTestRunner.java:520)
	at org.apache.tools.ant.taskdefs.optional.junit.JUnitTestRunner.launch(JUnitTestRunner.java:1060)
	at org.apache.tools.ant.taskdefs.optional.junit.JUnitTestRunner.main(JUnitTestRunner.java:911)
20:07:29,927 ERROR [bill_processor] Error in method BillProcessorImpl.applyManualAdjustment java.lang.IllegalArgumentException: org.hibernate.hql.internal.ast.QuerySyntaxException: unexpected token: * near line 1, column 8 [select * from gov.opm.scrd.entities.application.Payment p where p.claimNumber = :claimNumber and p.transactionDate >= :startDate and p.transactionDate < :endDate]
	at org.hibernate.jpa.spi.AbstractEntityManagerImpl.convert(AbstractEntityManagerImpl.java:1750)
	at org.hibernate.jpa.spi.AbstractEntityManagerImpl.convert(AbstractEntityManagerImpl.java:1677)
	at org.hibernate.jpa.spi.AbstractEntityManagerImpl.convert(AbstractEntityManagerImpl.java:1683)
	at org.hibernate.jpa.spi.AbstractEntityManagerImpl.createQuery(AbstractEntityManagerImpl.java:350)
	at sun.reflect.GeneratedMethodAccessor388.invoke(Unknown Source)
	at sun.reflect.DelegatingMethodAccessorImpl.invoke(DelegatingMethodAccessorImpl.java:25)
	at java.lang.reflect.Method.invoke(Method.java:597)
	at org.springframework.orm.jpa.ExtendedEntityManagerCreator$Exte
20:07:29,927 INFO  [bill_processor] 15 processing an adjustment payment.
Building Return [isResultSet=true, updateCount=-1, extendedReturn=false
20:07:29,932 INFO  [bill_processor] Total Payment Records: 1
20:07:30,041 INFO  [ClassPathXmlApplicationContext] Closing org.springframework.context.support.ClassPathXmlApplicationContext@7ede7cf: startup date [Sun Mar 02 20:07:28 CST 2014]; root of context hierarchy
20:07:30,042 INFO  [DefaultListableBeanFactory] Destroying singletons in org.springframework.beans.factory.support.DefaultListableBeanFactory@6ec63f2c: defining beans [RFile,org.springframework.context.annotation.internalConfigurationAnnotationProcessor,org.springframework.context.annotation.internalAutowiredAnnotationProcessor,org.springframework.context.annotation.internalRequiredAnnotationProcessor,org.springframework.context.annotation.internalCommonAnnotationProcessor,org.springframework.context.annotation.internalPersistenceAnnotationProcessor,log4jProvider,logger,entityManagerFactory,entityManager,waltRuleService,reversePaymentRuleService,accountService,minWorkAge,currentUserName,refundTriggerAmount,accountNoteTexts,billProcessor,org.springframework.context.annotation.ConfigurationClassPostProcessor.importAwareProcessor]; root of factory hierarchy
20:07:30,042 INFO  [LocalEntityManagerFactoryBean] Closing JPA EntityManagerFactory for persistence unit 'opmUnitName'
20:07:30,042 INFO  [DriverManagerConnectionProviderImpl] HHH000030: Cleaning up connection pool [jdbc:postgresql://localhost:5432/postgres]
20:07:30,450 INFO  [ClassPathXmlApplicationContext] Refreshing org.springframework.context.support.ClassPathXmlApplicationContext@1eec044e: startup date [Sun Mar 02 20:07:30 CST 2014]; root of context hierarchy
20:07:30,451 INFO  [XmlBeanDefinitionReader] Loading XML bean definitions from class path resource [billProcessor_test.xml]
20:07:30,495 INFO  [DefaultListableBeanFactory] Pre-instantiating singletons in org.springframework.beans.factory.support.DefaultListableBeanFactory@78b1de2d: defining beans [RFile,org.springframework.context.annotation.internalConfigurationAnnotationProcessor,org.springframework.context.annotation.internalAutowiredAnnotationProcessor,org.springframework.context.annotation.internalRequiredAnnotationProcessor,org.springframework.context.annotation.internalCommonAnnotationProcessor,org.springframework.context.annotation.internalPersistenceAnnotationProcessor,log4jProvider,logger,entityManagerFactory,entityManager,waltRuleService,reversePaymentRuleService,accountService,minWorkAge,currentUserName,refundTriggerAmount,accountNoteTexts,billProcessor,org.springframework.context.annotation.ConfigurationClassPostProcessor.importAwareProcessor]; root of factory hierarchy
20:07:30,502 INFO  [LocalEntityManagerFactoryBean] Building JPA EntityManagerFactory for persistence unit 'opmUnitName'
20:07:30,502 WARN  [HibernatePersistence] HHH015016: Encountered a deprecated javax.persistence.spi.PersistenceProvider [org.hibernate.ejb.HibernatePersistence]; use [org.hibernate.jpa.HibernatePersistenceProvider] instead.
20:07:30,503 WARN  [HibernatePersistence] HHH015016: Encountered a deprecated javax.persistence.spi.PersistenceProvider [org.hibernate.ejb.HibernatePersistence]; use [org.hibernate.jpa.HibernatePersistenceProvider] instead.
20:07:30,503 WARN  [HibernatePersistence] HHH015016: Encountered a deprecated javax.persistence.spi.PersistenceProvider [org.hibernate.ejb.HibernatePersistence]; use [org.hibernate.jpa.HibernatePersistenceProvider] instead.
20:07:30,508 INFO  [LogHelper] HHH000204: Processing PersistenceUnitInfo [
	name: opmUnitName
	...]
20:07:30,529 WARN  [DriverManagerConnectionProviderImpl] HHH000402: Using Hibernate built-in connection pool (not for production use!)
20:07:30,529 INFO  [DriverManagerConnectionProviderImpl] HHH000401: using driver [org.postgresql.Driver] at URL [jdbc:postgresql://localhost:5432/postgres]
20:07:30,529 INFO  [DriverManagerConnectionProviderImpl] HHH000046: Connection properties: {user=postgres, password=****}
20:07:30,529 INFO  [DriverManagerConnectionProviderImpl] HHH000006: Autocommit mode: false
20:07:30,529 INFO  [DriverManagerConnectionProviderImpl] HHH000115: Hibernate connection pool size: 20 (min=1)
20:07:30,963 INFO  [Dialect] HHH000400: Using dialect: gov.opm.scrd.entities.common.OPMPostgreSQLDialect
20:07:30,963 INFO  [LobCreatorBuilder] HHH000424: Disabling contextual LOB creation as createClob() method threw error : java.lang.reflect.InvocationTargetException
20:07:30,975 WARN  [JPAOverriddenAnnotationReader] HHH000207: Property gov.opm.scrd.entities.application.InterestGracePeriod.retirementType not found in class but described in <mapping-file/> (possible typo error)
20:07:31,368 INFO  [ASTQueryTranslatorFactory] HHH000397: Using ASTQueryTranslatorFactory
20:07:31,879 WARN  [EntityManagerFactoryRegistry] HHH000436: Entity manager factory name (opmUnitName) is already registered.  If entity manager will be clustered or passivated, specify a unique value for property 'hibernate.ejb.entitymanager_factory_name'
Building Return [isResultSet=true, updateCount=-1, extendedReturn=false
Building Return [isResultSet=true, updateCount=-1, extendedReturn=false
20:07:32,034 INFO  [bill_processor] Total Payment Records: 1
20:07:32,112 INFO  [ClassPathXmlApplicationContext] Closing org.springframework.context.support.ClassPathXmlApplicationContext@1eec044e: startup date [Sun Mar 02 20:07:30 CST 2014]; root of context hierarchy
20:07:32,112 INFO  [DefaultListableBeanFactory] Destroying singletons in org.springframework.beans.factory.support.DefaultListableBeanFactory@78b1de2d: defining beans [RFile,org.springframework.context.annotation.internalConfigurationAnnotationProcessor,org.springframework.context.annotation.internalAutowiredAnnotationProcessor,org.springframework.context.annotation.internalRequiredAnnotationProcessor,org.springframework.context.annotation.internalCommonAnnotationProcessor,org.springframework.context.annotation.internalPersistenceAnnotationProcessor,log4jProvider,logger,entityManagerFactory,entityManager,waltRuleService,reversePaymentRuleService,accountService,minWorkAge,currentUserName,refundTriggerAmount,accountNoteTexts,billProcessor,org.springframework.context.annotation.ConfigurationClassPostProcessor.importAwareProcessor]; root of factory hierarchy
20:07:32,113 INFO  [LocalEntityManagerFactoryBean] Closing JPA EntityManagerFactory for persistence unit 'opmUnitName'
20:07:32,113 INFO  [DriverManagerConnectionProviderImpl] HHH000030: Cleaning up connection pool [jdbc:postgresql://localhost:5432/postgres]
20:07:32,385 INFO  [ClassPathXmlApplicationContext] Refreshing org.springframework.context.support.ClassPathXmlApplicationContext@1b0e512e: startup date [Sun Mar 02 20:07:32 CST 2014]; root of context hierarchy
20:07:32,386 INFO  [XmlBeanDefinitionReader] Loading XML bean definitions from class path resource [billProcessor_test.xml]
20:07:32,425 INFO  [DefaultListableBeanFactory] Pre-instantiating singletons in org.springframework.beans.factory.support.DefaultListableBeanFactory@57c9b207: defining beans [RFile,org.springframework.context.annotation.internalConfigurationAnnotationProcessor,org.springframework.context.annotation.internalAutowiredAnnotationProcessor,org.springframework.context.annotation.internalRequiredAnnotationProcessor,org.springframework.context.annotation.internalCommonAnnotationProcessor,org.springframework.context.annotation.internalPersistenceAnnotationProcessor,log4jProvider,logger,entityManagerFactory,entityManager,waltRuleService,reversePaymentRuleService,accountService,minWorkAge,currentUserName,refundTriggerAmount,accountNoteTexts,billProcessor,org.springframework.context.annotation.ConfigurationClassPostProcessor.importAwareProcessor]; root of factory hierarchy
20:07:32,429 INFO  [LocalEntityManagerFactoryBean] Building JPA EntityManagerFactory for persistence unit 'opmUnitName'
20:07:32,429 WARN  [HibernatePersistence] HHH015016: Encountered a deprecated javax.persistence.spi.PersistenceProvider [org.hibernate.ejb.HibernatePersistence]; use [org.hibernate.jpa.HibernatePersistenceProvider] instead.
20:07:32,429 WARN  [HibernatePersistence] HHH015016: Encountered a deprecated javax.persistence.spi.PersistenceProvider [org.hibernate.ejb.HibernatePersistence]; use [org.hibernate.jpa.HibernatePersistenceProvider] instead.
20:07:32,429 WARN  [HibernatePersistence] HHH015016: Encountered a deprecated javax.persistence.spi.PersistenceProvider [org.hibernate.ejb.HibernatePersistence]; use [org.hibernate.jpa.HibernatePersistenceProvider] instead.
20:07:32,434 INFO  [LogHelper] HHH000204: Processing PersistenceUnitInfo [
	name: opmUnitName
	...]
20:07:32,455 WARN  [DriverManagerConnectionProviderImpl] HHH000402: Using Hibernate built-in connection pool (not for production use!)
20:07:32,455 INFO  [DriverManagerConnectionProviderImpl] HHH000401: using driver [org.postgresql.Driver] at URL [jdbc:postgresql://localhost:5432/postgres]
20:07:32,455 INFO  [DriverManagerConnectionProviderImpl] HHH000046: Connection properties: {user=postgres, password=****}
20:07:32,455 INFO  [DriverManagerConnectionProviderImpl] HHH000006: Autocommit mode: false
20:07:32,455 INFO  [DriverManagerConnectionProviderImpl] HHH000115: Hibernate connection pool size: 20 (min=1)
20:07:32,744 INFO  [Dialect] HHH000400: Using dialect: gov.opm.scrd.entities.common.OPMPostgreSQLDialect
20:07:32,745 INFO  [LobCreatorBuilder] HHH000424: Disabling contextual LOB creation as createClob() method threw error : java.lang.reflect.InvocationTargetException
20:07:32,756 WARN  [JPAOverriddenAnnotationReader] HHH000207: Property gov.opm.scrd.entities.application.InterestGracePeriod.retirementType not found in class but described in <mapping-file/> (possible typo error)
20:07:32,852 INFO  [ASTQueryTranslatorFactory] HHH000397: Using ASTQueryTranslatorFactory
20:07:33,000 WARN  [EntityManagerFactoryRegistry] HHH000436: Entity manager factory name (opmUnitName) is already registered.  If entity manager will be clustered or passivated, specify a unique value for property 'hibernate.ejb.entitymanager_factory_name'
Building Return [isResultSet=true, updateCount=-1, extendedReturn=false
Building Return [isResultSet=true, updateCount=-1, extendedReturn=false
20:07:33,160 INFO  [bill_processor] Total Payment Records: 1
20:07:33,244 INFO  [ClassPathXmlApplicationContext] Closing org.springframework.context.support.ClassPathXmlApplicationContext@1b0e512e: startup date [Sun Mar 02 20:07:32 CST 2014]; root of context hierarchy
20:07:33,245 INFO  [DefaultListableBeanFactory] Destroying singletons in org.springframework.beans.factory.support.DefaultListableBeanFactory@57c9b207: defining beans [RFile,org.springframework.context.annotation.internalConfigurationAnnotationProcessor,org.springframework.context.annotation.internalAutowiredAnnotationProcessor,org.springframework.context.annotation.internalRequiredAnnotationProcessor,org.springframework.context.annotation.internalCommonAnnotationProcessor,org.springframework.context.annotation.internalPersistenceAnnotationProcessor,log4jProvider,logger,entityManagerFactory,entityManager,waltRuleService,reversePaymentRuleService,accountService,minWorkAge,currentUserName,refundTriggerAmount,accountNoteTexts,billProcessor,org.springframework.context.annotation.ConfigurationClassPostProcessor.importAwareProcessor]; root of factory hierarchy
20:07:33,245 INFO  [LocalEntityManagerFactoryBean] Closing JPA EntityManagerFactory for persistence unit 'opmUnitName'
20:07:33,245 INFO  [DriverManagerConnectionProviderImpl] HHH000030: Cleaning up connection pool [jdbc:postgresql://localhost:5432/postgres]
20:07:33,548 INFO  [ClassPathXmlApplicationContext] Refreshing org.springframework.context.support.ClassPathXmlApplicationContext@356c1863: startup date [Sun Mar 02 20:07:33 CST 2014]; root of context hierarchy
20:07:33,548 INFO  [XmlBeanDefinitionReader] Loading XML bean definitions from class path resource [billProcessor_test.xml]
20:07:33,599 INFO  [DefaultListableBeanFactory] Pre-instantiating singletons in org.springframework.beans.factory.support.DefaultListableBeanFactory@17ae9e0c: defining beans [RFile,org.springframework.context.annotation.internalConfigurationAnnotationProcessor,org.springframework.context.annotation.internalAutowiredAnnotationProcessor,org.springframework.context.annotation.internalRequiredAnnotationProcessor,org.springframework.context.annotation.internalCommonAnnotationProcessor,org.springframework.context.annotation.internalPersistenceAnnotationProcessor,log4jProvider,logger,entityManagerFactory,entityManager,waltRuleService,reversePaymentRuleService,accountService,minWorkAge,currentUserName,refundTriggerAmount,accountNoteTexts,billProcessor,org.springframework.context.annotation.ConfigurationClassPostProcessor.importAwareProcessor]; root of factory hierarchy
20:07:33,602 INFO  [LocalEntityManagerFactoryBean] Building JPA EntityManagerFactory for persistence unit 'opmUnitName'
20:07:33,602 WARN  [HibernatePersistence] HHH015016: Encountered a deprecated javax.persistence.spi.PersistenceProvider [org.hibernate.ejb.HibernatePersistence]; use [org.hibernate.jpa.HibernatePersistenceProvider] instead.
20:07:33,602 WARN  [HibernatePersistence] HHH015016: Encountered a deprecated javax.persistence.spi.PersistenceProvider [org.hibernate.ejb.HibernatePersistence]; use [org.hibernate.jpa.HibernatePersistenceProvider] instead.
20:07:33,602 WARN  [HibernatePersistence] HHH015016: Encountered a deprecated javax.persistence.spi.PersistenceProvider [org.hibernate.ejb.HibernatePersistence]; use [org.hibernate.jpa.HibernatePersistenceProvider] instead.
20:07:33,608 INFO  [LogHelper] HHH000204: Processing PersistenceUnitInfo [
	name: opmUnitName
	...]
20:07:33,631 WARN  [DriverManagerConnectionProviderImpl] HHH000402: Using Hibernate built-in connection pool (not for production use!)
20:07:33,631 INFO  [DriverManagerConnectionProviderImpl] HHH000401: using driver [org.postgresql.Driver] at URL [jdbc:postgresql://localhost:5432/postgres]
20:07:33,631 INFO  [DriverManagerConnectionProviderImpl] HHH000046: Connection properties: {user=postgres, password=****}
20:07:33,631 INFO  [DriverManagerConnectionProviderImpl] HHH000006: Autocommit mode: false
20:07:33,632 INFO  [DriverManagerConnectionProviderImpl] HHH000115: Hibernate connection pool size: 20 (min=1)
20:07:34,019 INFO  [Dialect] HHH000400: Using dialect: gov.opm.scrd.entities.common.OPMPostgreSQLDialect
20:07:34,019 INFO  [LobCreatorBuilder] HHH000424: Disabling contextual LOB creation as createClob() method threw error : java.lang.reflect.InvocationTargetException
20:07:34,030 WARN  [JPAOverriddenAnnotationReader] HHH000207: Property gov.opm.scrd.entities.application.InterestGracePeriod.retirementType not found in class but described in <mapping-file/> (possible typo error)
20:07:34,124 INFO  [ASTQueryTranslatorFactory] HHH000397: Using ASTQueryTranslatorFactory
20:07:34,266 WARN  [EntityManagerFactoryRegistry] HHH000436: Entity manager factory name (opmUnitName) is already registered.  If entity manager will be clustered or passivated, specify a unique value for property 'hibernate.ejb.entitymanager_factory_name'
Building Return [isResultSet=true, updateCount=-1, extendedReturn=false
Building Return [isResultSet=true, updateCount=-1, extendedReturn=false
20:07:34,709 INFO  [bill_processor] Total Payment Records: 1
20:07:34,791 INFO  [ClassPathXmlApplicationContext] Closing org.springframework.context.support.ClassPathXmlApplicationContext@356c1863: startup date [Sun Mar 02 20:07:33 CST 2014]; root of context hierarchy
20:07:34,791 INFO  [DefaultListableBeanFactory] Destroying singletons in org.springframework.beans.factory.support.DefaultListableBeanFactory@17ae9e0c: defining beans [RFile,org.springframework.context.annotation.internalConfigurationAnnotationProcessor,org.springframework.context.annotation.internalAutowiredAnnotationProcessor,org.springframework.context.annotation.internalRequiredAnnotationProcessor,org.springframework.context.annotation.internalCommonAnnotationProcessor,org.springframework.context.annotation.internalPersistenceAnnotationProcessor,log4jProvider,logger,entityManagerFactory,entityManager,waltRuleService,reversePaymentRuleService,accountService,minWorkAge,currentUserName,refundTriggerAmount,accountNoteTexts,billProcessor,org.springframework.context.annotation.ConfigurationClassPostProcessor.importAwareProcessor]; root of factory hierarchy
20:07:34,791 INFO  [LocalEntityManagerFactoryBean] Closing JPA EntityManagerFactory for persistence unit 'opmUnitName'
20:07:34,791 INFO  [DriverManagerConnectionProviderImpl] HHH000030: Cleaning up connection pool [jdbc:postgresql://localhost:5432/postgres]
20:07:35,114 INFO  [ClassPathXmlApplicationContext] Refreshing org.springframework.context.support.ClassPathXmlApplicationContext@d391410: startup date [Sun Mar 02 20:07:35 CST 2014]; root of context hierarchy
20:07:35,115 INFO  [XmlBeanDefinitionReader] Loading XML bean definitions from class path resource [billProcessor_test.xml]
20:07:35,200 INFO  [DefaultListableBeanFactory] Pre-instantiating singletons in org.springframework.beans.factory.support.DefaultListableBeanFactory@3ec3a23a: defining beans [RFile,org.springframework.context.annotation.internalConfigurationAnnotationProcessor,org.springframework.context.annotation.internalAutowiredAnnotationProcessor,org.springframework.context.annotation.internalRequiredAnnotationProcessor,org.springframework.context.annotation.internalCommonAnnotationProcessor,org.springframework.context.annotation.internalPersistenceAnnotationProcessor,log4jProvider,logger,entityManagerFactory,entityManager,waltRuleService,reversePaymentRuleService,accountService,minWorkAge,currentUserName,refundTriggerAmount,accountNoteTexts,billProcessor,org.springframework.context.annotation.ConfigurationClassPostProcessor.importAwareProcessor]; root of factory hierarchy
20:07:35,203 INFO  [LocalEntityManagerFactoryBean] Building JPA EntityManagerFactory for persistence unit 'opmUnitName'
20:07:35,203 WARN  [HibernatePersistence] HHH015016: Encountered a deprecated javax.persistence.spi.PersistenceProvider [org.hibernate.ejb.HibernatePersistence]; use [org.hibernate.jpa.HibernatePersistenceProvider] instead.
20:07:35,203 WARN  [HibernatePersistence] HHH015016: Encountered a deprecated javax.persistence.spi.PersistenceProvider [org.hibernate.ejb.HibernatePersistence]; use [org.hibernate.jpa.HibernatePersistenceProvider] instead.
20:07:35,203 WARN  [HibernatePersistence] HHH015016: Encountered a deprecated javax.persistence.spi.PersistenceProvider [org.hibernate.ejb.HibernatePersistence]; use [org.hibernate.jpa.HibernatePersistenceProvider] instead.
20:07:35,217 INFO  [LogHelper] HHH000204: Processing PersistenceUnitInfo [
	name: opmUnitName
	...]
20:07:35,266 WARN  [DriverManagerConnectionProviderImpl] HHH000402: Using Hibernate built-in connection pool (not for production use!)
20:07:35,266 INFO  [DriverManagerConnectionProviderImpl] HHH000401: using driver [org.postgresql.Driver] at URL [jdbc:postgresql://localhost:5432/postgres]
20:07:35,266 INFO  [DriverManagerConnectionProviderImpl] HHH000046: Connection properties: {user=postgres, password=****}
20:07:35,266 INFO  [DriverManagerConnectionProviderImpl] HHH000006: Autocommit mode: false
20:07:35,266 INFO  [DriverManagerConnectionProviderImpl] HHH000115: Hibernate connection pool size: 20 (min=1)
20:07:35,576 INFO  [Dialect] HHH000400: Using dialect: gov.opm.scrd.entities.common.OPMPostgreSQLDialect
20:07:35,577 INFO  [LobCreatorBuilder] HHH000424: Disabling contextual LOB creation as createClob() method threw error : java.lang.reflect.InvocationTargetException
20:07:35,588 WARN  [JPAOverriddenAnnotationReader] HHH000207: Property gov.opm.scrd.entities.application.InterestGracePeriod.retirementType not found in class but described in <mapping-file/> (possible typo error)
20:07:35,682 INFO  [ASTQueryTranslatorFactory] HHH000397: Using ASTQueryTranslatorFactory
20:07:35,821 WARN  [EntityManagerFactoryRegistry] HHH000436: Entity manager factory name (opmUnitName) is already registered.  If entity manager will be clustered or passivated, specify a unique value for property 'hibernate.ejb.entitymanager_factory_name'
Building Return [isResultSet=true, updateCount=-1, extendedReturn=false
Building Return [isResultSet=true, updateCount=-1, extendedReturn=false
20:07:35,995 INFO  [bill_processor] Total Payment Records: 1
20:07:36,077 INFO  [ClassPathXmlApplicationContext] Closing org.springframework.context.support.ClassPathXmlApplicationContext@d391410: startup date [Sun Mar 02 20:07:35 CST 2014]; root of context hierarchy
20:07:36,077 INFO  [DefaultListableBeanFactory] Destroying singletons in org.springframework.beans.factory.support.DefaultListableBeanFactory@3ec3a23a: defining beans [RFile,org.springframework.context.annotation.internalConfigurationAnnotationProcessor,org.springframework.context.annotation.internalAutowiredAnnotationProcessor,org.springframework.context.annotation.internalRequiredAnnotationProcessor,org.springframework.context.annotation.internalCommonAnnotationProcessor,org.springframework.context.annotation.internalPersistenceAnnotationProcessor,log4jProvider,logger,entityManagerFactory,entityManager,waltRuleService,reversePaymentRuleService,accountService,minWorkAge,currentUserName,refundTriggerAmount,accountNoteTexts,billProcessor,org.springframework.context.annotation.ConfigurationClassPostProcessor.importAwareProcessor]; root of factory hierarchy
20:07:36,078 INFO  [LocalEntityManagerFactoryBean] Closing JPA EntityManagerFactory for persistence unit 'opmUnitName'
20:07:36,078 INFO  [DriverManagerConnectionProviderImpl] HHH000030: Cleaning up connection pool [jdbc:postgresql://localhost:5432/postgres]
20:07:36,377 INFO  [ClassPathXmlApplicationContext] Refreshing org.springframework.context.support.ClassPathXmlApplicationContext@2a4d1037: startup date [Sun Mar 02 20:07:36 CST 2014]; root of context hierarchy
20:07:36,378 INFO  [XmlBeanDefinitionReader] Loading XML bean definitions from class path resource [billProcessor_test.xml]
20:07:36,416 INFO  [DefaultListableBeanFactory] Pre-instantiating singletons in org.springframework.beans.factory.support.DefaultListableBeanFactory@40bc6b95: defining beans [RFile,org.springframework.context.annotation.internalConfigurationAnnotationProcessor,org.springframework.context.annotation.internalAutowiredAnnotationProcessor,org.springframework.context.annotation.internalRequiredAnnotationProcessor,org.springframework.context.annotation.internalCommonAnnotationProcessor,org.springframework.context.annotation.internalPersistenceAnnotationProcessor,log4jProvider,logger,entityManagerFactory,entityManager,waltRuleService,reversePaymentRuleService,accountService,minWorkAge,currentUserName,refundTriggerAmount,accountNoteTexts,billProcessor,org.springframework.context.annotation.ConfigurationClassPostProcessor.importAwareProcessor]; root of factory hierarchy
20:07:36,419 INFO  [LocalEntityManagerFactoryBean] Building JPA EntityManagerFactory for persistence unit 'opmUnitName'
20:07:36,419 WARN  [HibernatePersistence] HHH015016: Encountered a deprecated javax.persistence.spi.PersistenceProvider [org.hibernate.ejb.HibernatePersistence]; use [org.hibernate.jpa.HibernatePersistenceProvider] instead.
20:07:36,419 WARN  [HibernatePersistence] HHH015016: Encountered a deprecated javax.persistence.spi.PersistenceProvider [org.hibernate.ejb.HibernatePersistence]; use [org.hibernate.jpa.HibernatePersistenceProvider] instead.
20:07:36,419 WARN  [HibernatePersistence] HHH015016: Encountered a deprecated javax.persistence.spi.PersistenceProvider [org.hibernate.ejb.HibernatePersistence]; use [org.hibernate.jpa.HibernatePersistenceProvider] instead.
20:07:36,424 INFO  [LogHelper] HHH000204: Processing PersistenceUnitInfo [
	name: opmUnitName
	...]
20:07:36,446 WARN  [DriverManagerConnectionProviderImpl] HHH000402: Using Hibernate built-in connection pool (not for production use!)
20:07:36,446 INFO  [DriverManagerConnectionProviderImpl] HHH000401: using driver [org.postgresql.Driver] at URL [jdbc:postgresql://localhost:5432/postgres]
20:07:36,446 INFO  [DriverManagerConnectionProviderImpl] HHH000046: Connection properties: {user=postgres, password=****}
20:07:36,446 INFO  [DriverManagerConnectionProviderImpl] HHH000006: Autocommit mode: false
20:07:36,446 INFO  [DriverManagerConnectionProviderImpl] HHH000115: Hibernate connection pool size: 20 (min=1)
20:07:36,904 INFO  [Dialect] HHH000400: Using dialect: gov.opm.scrd.entities.common.OPMPostgreSQLDialect
20:07:36,905 INFO  [LobCreatorBuilder] HHH000424: Disabling contextual LOB creation as createClob() method threw error : java.lang.reflect.InvocationTargetException
20:07:36,917 WARN  [JPAOverriddenAnnotationReader] HHH000207: Property gov.opm.scrd.entities.application.InterestGracePeriod.retirementType not found in class but described in <mapping-file/> (possible typo error)
20:07:37,023 INFO  [ASTQueryTranslatorFactory] HHH000397: Using ASTQueryTranslatorFactory
20:07:37,178 WARN  [EntityManagerFactoryRegistry] HHH000436: Entity manager factory name (opmUnitName) is already registered.  If entity manager will be clustered or passivated, specify a unique value for property 'hibernate.ejb.entitymanager_factory_name'
Building Return [isResultSet=true, updateCount=-1, extendedReturn=false
Building Return [isResultSet=true, updateCount=-1, extendedReturn=false
20:07:37,282 INFO  [bill_processor] Total Payment Records: 1
20:07:37,424 INFO  [ClassPathXmlApplicationContext] Closing org.springframework.context.support.ClassPathXmlApplicationContext@2a4d1037: startup date [Sun Mar 02 20:07:36 CST 2014]; root of context hierarchy
20:07:37,424 INFO  [DefaultListableBeanFactory] Destroying singletons in org.springframework.beans.factory.support.DefaultListableBeanFactory@40bc6b95: defining beans [RFile,org.springframework.context.annotation.internalConfigurationAnnotationProcessor,org.springframework.context.annotation.internalAutowiredAnnotationProcessor,org.springframework.context.annotation.internalRequiredAnnotationProcessor,org.springframework.context.annotation.internalCommonAnnotationProcessor,org.springframework.context.annotation.internalPersistenceAnnotationProcessor,log4jProvider,logger,entityManagerFactory,entityManager,waltRuleService,reversePaymentRuleService,accountService,minWorkAge,currentUserName,refundTriggerAmount,accountNoteTexts,billProcessor,org.springframework.context.annotation.ConfigurationClassPostProcessor.importAwareProcessor]; root of factory hierarchy
20:07:37,424 INFO  [LocalEntityManagerFactoryBean] Closing JPA EntityManagerFactory for persistence unit 'opmUnitName'
20:07:37,425 INFO  [DriverManagerConnectionProviderImpl] HHH000030: Cleaning up connection pool [jdbc:postgresql://localhost:5432/postgres]
20:07:38,046 INFO  [ClassPathXmlApplicationContext] Refreshing org.springframework.context.support.ClassPathXmlApplicationContext@bc0ce09: startup date [Sun Mar 02 20:07:38 CST 2014]; root of context hierarchy
20:07:38,047 INFO  [XmlBeanDefinitionReader] Loading XML bean definitions from class path resource [billProcessor_test.xml]
20:07:38,084 INFO  [DefaultListableBeanFactory] Pre-instantiating singletons in org.springframework.beans.factory.support.DefaultListableBeanFactory@61049b37: defining beans [RFile,org.springframework.context.annotation.internalConfigurationAnnotationProcessor,org.springframework.context.annotation.internalAutowiredAnnotationProcessor,org.springframework.context.annotation.internalRequiredAnnotationProcessor,org.springframework.context.annotation.internalCommonAnnotationProcessor,org.springframework.context.annotation.internalPersistenceAnnotationProcessor,log4jProvider,logger,entityManagerFactory,entityManager,waltRuleService,reversePaymentRuleService,accountService,minWorkAge,currentUserName,refundTriggerAmount,accountNoteTexts,billProcessor,org.springframework.context.annotation.ConfigurationClassPostProcessor.importAwareProcessor]; root of factory hierarchy
20:07:38,087 INFO  [LocalEntityManagerFactoryBean] Building JPA EntityManagerFactory for persistence unit 'opmUnitName'
20:07:38,087 WARN  [HibernatePersistence] HHH015016: Encountered a deprecated javax.persistence.spi.PersistenceProvider [org.hibernate.ejb.HibernatePersistence]; use [org.hibernate.jpa.HibernatePersistenceProvider] instead.
20:07:38,087 WARN  [HibernatePersistence] HHH015016: Encountered a deprecated javax.persistence.spi.PersistenceProvider [org.hibernate.ejb.HibernatePersistence]; use [org.hibernate.jpa.HibernatePersistenceProvider] instead.
20:07:38,087 WARN  [HibernatePersistence] HHH015016: Encountered a deprecated javax.persistence.spi.PersistenceProvider [org.hibernate.ejb.HibernatePersistence]; use [org.hibernate.jpa.HibernatePersistenceProvider] instead.
20:07:38,092 INFO  [LogHelper] HHH000204: Processing PersistenceUnitInfo [
	name: opmUnitName
	...]
20:07:38,122 WARN  [DriverManagerConnectionProviderImpl] HHH000402: Using Hibernate built-in connection pool (not for production use!)
20:07:38,123 INFO  [DriverManagerConnectionProviderImpl] HHH000401: using driver [org.postgresql.Driver] at URL [jdbc:postgresql://localhost:5432/postgres]
20:07:38,123 INFO  [DriverManagerConnectionProviderImpl] HHH000046: Connection properties: {user=postgres, password=****}
20:07:38,123 INFO  [DriverManagerConnectionProviderImpl] HHH000006: Autocommit mode: false
20:07:38,123 INFO  [DriverManagerConnectionProviderImpl] HHH000115: Hibernate connection pool size: 20 (min=1)
20:07:38,549 INFO  [Dialect] HHH000400: Using dialect: gov.opm.scrd.entities.common.OPMPostgreSQLDialect
20:07:38,549 INFO  [LobCreatorBuilder] HHH000424: Disabling contextual LOB creation as createClob() method threw error : java.lang.reflect.InvocationTargetException
20:07:38,560 WARN  [JPAOverriddenAnnotationReader] HHH000207: Property gov.opm.scrd.entities.application.InterestGracePeriod.retirementType not found in class but described in <mapping-file/> (possible typo error)
20:07:38,655 INFO  [ASTQueryTranslatorFactory] HHH000397: Using ASTQueryTranslatorFactory
20:07:38,899 WARN  [EntityManagerFactoryRegistry] HHH000436: Entity manager factory name (opmUnitName) is already registered.  If entity manager will be clustered or passivated, specify a unique value for property 'hibernate.ejb.entitymanager_factory_name'
Building Return [isResultSet=true, updateCount=-1, extendedReturn=false
Building Return [isResultSet=true, updateCount=-1, extendedReturn=false
20:07:38,999 INFO  [bill_processor] Total Payment Records: 1
20:07:39,076 INFO  [ClassPathXmlApplicationContext] Closing org.springframework.context.support.ClassPathXmlApplicationContext@bc0ce09: startup date [Sun Mar 02 20:07:38 CST 2014]; root of context hierarchy
20:07:39,076 INFO  [DefaultListableBeanFactory] Destroying singletons in org.springframework.beans.factory.support.DefaultListableBeanFactory@61049b37: defining beans [RFile,org.springframework.context.annotation.internalConfigurationAnnotationProcessor,org.springframework.context.annotation.internalAutowiredAnnotationProcessor,org.springframework.context.annotation.internalRequiredAnnotationProcessor,org.springframework.context.annotation.internalCommonAnnotationProcessor,org.springframework.context.annotation.internalPersistenceAnnotationProcessor,log4jProvider,logger,entityManagerFactory,entityManager,waltRuleService,reversePaymentRuleService,accountService,minWorkAge,currentUserName,refundTriggerAmount,accountNoteTexts,billProcessor,org.springframework.context.annotation.ConfigurationClassPostProcessor.importAwareProcessor]; root of factory hierarchy
20:07:39,076 INFO  [LocalEntityManagerFactoryBean] Closing JPA EntityManagerFactory for persistence unit 'opmUnitName'
20:07:39,076 INFO  [DriverManagerConnectionProviderImpl] HHH000030: Cleaning up connection pool [jdbc:postgresql://localhost:5432/postgres]
20:07:39,352 INFO  [ClassPathXmlApplicationContext] Refreshing org.springframework.context.support.ClassPathXmlApplicationContext@249d8fea: startup date [Sun Mar 02 20:07:39 CST 2014]; root of context hierarchy
20:07:39,353 INFO  [XmlBeanDefinitionReader] Loading XML bean definitions from class path resource [billProcessor_test.xml]
20:07:39,395 INFO  [DefaultListableBeanFactory] Pre-instantiating singletons in org.springframework.beans.factory.support.DefaultListableBeanFactory@70d85e41: defining beans [RFile,org.springframework.context.annotation.internalConfigurationAnnotationProcessor,org.springframework.context.annotation.internalAutowiredAnnotationProcessor,org.springframework.context.annotation.internalRequiredAnnotationProcessor,org.springframework.context.annotation.internalCommonAnnotationProcessor,org.springframework.context.annotation.internalPersistenceAnnotationProcessor,log4jProvider,logger,entityManagerFactory,entityManager,waltRuleService,reversePaymentRuleService,accountService,minWorkAge,currentUserName,refundTriggerAmount,accountNoteTexts,billProcessor,org.springframework.context.annotation.ConfigurationClassPostProcessor.importAwareProcessor]; root of factory hierarchy
20:07:39,398 INFO  [LocalEntityManagerFactoryBean] Building JPA EntityManagerFactory for persistence unit 'opmUnitName'
20:07:39,398 WARN  [HibernatePersistence] HHH015016: Encountered a deprecated javax.persistence.spi.PersistenceProvider [org.hibernate.ejb.HibernatePersistence]; use [org.hibernate.jpa.HibernatePersistenceProvider] instead.
20:07:39,398 WARN  [HibernatePersistence] HHH015016: Encountered a deprecated javax.persistence.spi.PersistenceProvider [org.hibernate.ejb.HibernatePersistence]; use [org.hibernate.jpa.HibernatePersistenceProvider] instead.
20:07:39,398 WARN  [HibernatePersistence] HHH015016: Encountered a deprecated javax.persistence.spi.PersistenceProvider [org.hibernate.ejb.HibernatePersistence]; use [org.hibernate.jpa.HibernatePersistenceProvider] instead.
20:07:39,404 INFO  [LogHelper] HHH000204: Processing PersistenceUnitInfo [
	name: opmUnitName
	...]
20:07:39,422 WARN  [DriverManagerConnectionProviderImpl] HHH000402: Using Hibernate built-in connection pool (not for production use!)
20:07:39,423 INFO  [DriverManagerConnectionProviderImpl] HHH000401: using driver [org.postgresql.Driver] at URL [jdbc:postgresql://localhost:5432/postgres]
20:07:39,423 INFO  [DriverManagerConnectionProviderImpl] HHH000046: Connection properties: {user=postgres, password=****}
20:07:39,423 INFO  [DriverManagerConnectionProviderImpl] HHH000006: Autocommit mode: false
20:07:39,423 INFO  [DriverManagerConnectionProviderImpl] HHH000115: Hibernate connection pool size: 20 (min=1)
20:07:39,763 INFO  [Dialect] HHH000400: Using dialect: gov.opm.scrd.entities.common.OPMPostgreSQLDialect
20:07:39,764 INFO  [LobCreatorBuilder] HHH000424: Disabling contextual LOB creation as createClob() method threw error : java.lang.reflect.InvocationTargetException
20:07:39,776 WARN  [JPAOverriddenAnnotationReader] HHH000207: Property gov.opm.scrd.entities.application.InterestGracePeriod.retirementType not found in class but described in <mapping-file/> (possible typo error)
20:07:39,865 INFO  [ASTQueryTranslatorFactory] HHH000397: Using ASTQueryTranslatorFactory
20:07:40,015 WARN  [EntityManagerFactoryRegistry] HHH000436: Entity manager factory name (opmUnitName) is already registered.  If entity manager will be clustered or passivated, specify a unique value for property 'hibernate.ejb.entitymanager_factory_name'
Building Return [isResultSet=true, updateCount=-1, extendedReturn=false
Building Return [isResultSet=true, updateCount=-1, extendedReturn=false
20:07:40,132 INFO  [bill_processor] Total Payment Records: 1
20:07:40,201 INFO  [ClassPathXmlApplicationContext] Closing org.springframework.context.support.ClassPathXmlApplicationContext@249d8fea: startup date [Sun Mar 02 20:07:39 CST 2014]; root of context hierarchy
20:07:40,201 INFO  [DefaultListableBeanFactory] Destroying singletons in org.springframework.beans.factory.support.DefaultListableBeanFactory@70d85e41: defining beans [RFile,org.springframework.context.annotation.internalConfigurationAnnotationProcessor,org.springframework.context.annotation.internalAutowiredAnnotationProcessor,org.springframework.context.annotation.internalRequiredAnnotationProcessor,org.springframework.context.annotation.internalCommonAnnotationProcessor,org.springframework.context.annotation.internalPersistenceAnnotationProcessor,log4jProvider,logger,entityManagerFactory,entityManager,waltRuleService,reversePaymentRuleService,accountService,minWorkAge,currentUserName,refundTriggerAmount,accountNoteTexts,billProcessor,org.springframework.context.annotation.ConfigurationClassPostProcessor.importAwareProcessor]; root of factory hierarchy
20:07:40,201 INFO  [LocalEntityManagerFactoryBean] Closing JPA EntityManagerFactory for persistence unit 'opmUnitName'
20:07:40,202 INFO  [DriverManagerConnectionProviderImpl] HHH000030: Cleaning up connection pool [jdbc:postgresql://localhost:5432/postgres]
20:07:40,487 INFO  [ClassPathXmlApplicationContext] Refreshing org.springframework.context.support.ClassPathXmlApplicationContext@70f6854d: startup date [Sun Mar 02 20:07:40 CST 2014]; root of context hierarchy
20:07:40,488 INFO  [XmlBeanDefinitionReader] Loading XML bean definitions from class path resource [billProcessor_test.xml]
20:07:40,527 INFO  [DefaultListableBeanFactory] Pre-instantiating singletons in org.springframework.beans.factory.support.DefaultListableBeanFactory@2f1f3c8b: defining beans [RFile,org.springframework.context.annotation.internalConfigurationAnnotationProcessor,org.springframework.context.annotation.internalAutowiredAnnotationProcessor,org.springframework.context.annotation.internalRequiredAnnotationProcessor,org.springframework.context.annotation.internalCommonAnnotationProcessor,org.springframework.context.annotation.internalPersistenceAnnotationProcessor,log4jProvider,logger,entityManagerFactory,entityManager,waltRuleService,reversePaymentRuleService,accountService,minWorkAge,currentUserName,refundTriggerAmount,accountNoteTexts,billProcessor,org.springframework.context.annotation.ConfigurationClassPostProcessor.importAwareProcessor]; root of factory hierarchy
20:07:40,530 INFO  [LocalEntityManagerFactoryBean] Building JPA EntityManagerFactory for persistence unit 'opmUnitName'
20:07:40,530 WARN  [HibernatePersistence] HHH015016: Encountered a deprecated javax.persistence.spi.PersistenceProvider [org.hibernate.ejb.HibernatePersistence]; use [org.hibernate.jpa.HibernatePersistenceProvider] instead.
20:07:40,530 WARN  [HibernatePersistence] HHH015016: Encountered a deprecated javax.persistence.spi.PersistenceProvider [org.hibernate.ejb.HibernatePersistence]; use [org.hibernate.jpa.HibernatePersistenceProvider] instead.
20:07:40,530 WARN  [HibernatePersistence] HHH015016: Encountered a deprecated javax.persistence.spi.PersistenceProvider [org.hibernate.ejb.HibernatePersistence]; use [org.hibernate.jpa.HibernatePersistenceProvider] instead.
20:07:40,536 INFO  [LogHelper] HHH000204: Processing PersistenceUnitInfo [
	name: opmUnitName
	...]
20:07:40,555 WARN  [DriverManagerConnectionProviderImpl] HHH000402: Using Hibernate built-in connection pool (not for production use!)
20:07:40,556 INFO  [DriverManagerConnectionProviderImpl] HHH000401: using driver [org.postgresql.Driver] at URL [jdbc:postgresql://localhost:5432/postgres]
20:07:40,556 INFO  [DriverManagerConnectionProviderImpl] HHH000046: Connection properties: {user=postgres, password=****}
20:07:40,556 INFO  [DriverManagerConnectionProviderImpl] HHH000006: Autocommit mode: false
20:07:40,556 INFO  [DriverManagerConnectionProviderImpl] HHH000115: Hibernate connection pool size: 20 (min=1)
20:07:40,900 INFO  [Dialect] HHH000400: Using dialect: gov.opm.scrd.entities.common.OPMPostgreSQLDialect
20:07:40,900 INFO  [LobCreatorBuilder] HHH000424: Disabling contextual LOB creation as createClob() method threw error : java.lang.reflect.InvocationTargetException
20:07:40,914 WARN  [JPAOverriddenAnnotationReader] HHH000207: Property gov.opm.scrd.entities.application.InterestGracePeriod.retirementType not found in class but described in <mapping-file/> (possible typo error)
20:07:41,019 INFO  [ASTQueryTranslatorFactory] HHH000397: Using ASTQueryTranslatorFactory
20:07:41,215 WARN  [EntityManagerFactoryRegistry] HHH000436: Entity manager factory name (opmUnitName) is already registered.  If entity manager will be clustered or passivated, specify a unique value for property 'hibernate.ejb.entitymanager_factory_name'
Building Return [isResultSet=true, updateCount=-1, extendedReturn=false
Building Return [isResultSet=true, updateCount=-1, extendedReturn=false
20:07:41,329 INFO  [bill_processor] Total Payment Records: 1
20:07:41,417 INFO  [ClassPathXmlApplicationContext] Closing org.springframework.context.support.ClassPathXmlApplicationContext@70f6854d: startup date [Sun Mar 02 20:07:40 CST 2014]; root of context hierarchy
20:07:41,417 INFO  [DefaultListableBeanFactory] Destroying singletons in org.springframework.beans.factory.support.DefaultListableBeanFactory@2f1f3c8b: defining beans [RFile,org.springframework.context.annotation.internalConfigurationAnnotationProcessor,org.springframework.context.annotation.internalAutowiredAnnotationProcessor,org.springframework.context.annotation.internalRequiredAnnotationProcessor,org.springframework.context.annotation.internalCommonAnnotationProcessor,org.springframework.context.annotation.internalPersistenceAnnotationProcessor,log4jProvider,logger,entityManagerFactory,entityManager,waltRuleService,reversePaymentRuleService,accountService,minWorkAge,currentUserName,refundTriggerAmount,accountNoteTexts,billProcessor,org.springframework.context.annotation.ConfigurationClassPostProcessor.importAwareProcessor]; root of factory hierarchy
20:07:41,417 INFO  [LocalEntityManagerFactoryBean] Closing JPA EntityManagerFactory for persistence unit 'opmUnitName'
20:07:41,417 INFO  [DriverManagerConnectionProviderImpl] HHH000030: Cleaning up connection pool [jdbc:postgresql://localhost:5432/postgres]
20:07:41,682 INFO  [ClassPathXmlApplicationContext] Refreshing org.springframework.context.support.ClassPathXmlApplicationContext@75b0127e: startup date [Sun Mar 02 20:07:41 CST 2014]; root of context hierarchy
20:07:41,682 INFO  [XmlBeanDefinitionReader] Loading XML bean definitions from class path resource [billProcessor_test.xml]
20:07:41,739 INFO  [DefaultListableBeanFactory] Pre-instantiating singletons in org.springframework.beans.factory.support.DefaultListableBeanFactory@48cf87aa: defining beans [RFile,org.springframework.context.annotation.internalConfigurationAnnotationProcessor,org.springframework.context.annotation.internalAutowiredAnnotationProcessor,org.springframework.context.annotation.internalRequiredAnnotationProcessor,org.springframework.context.annotation.internalCommonAnnotationProcessor,org.springframework.context.annotation.internalPersistenceAnnotationProcessor,log4jProvider,logger,entityManagerFactory,entityManager,waltRuleService,reversePaymentRuleService,accountService,minWorkAge,currentUserName,refundTriggerAmount,accountNoteTexts,billProcessor,org.springframework.context.annotation.ConfigurationClassPostProcessor.importAwareProcessor]; root of factory hierarchy
20:07:41,741 INFO  [LocalEntityManagerFactoryBean] Building JPA EntityManagerFactory for persistence unit 'opmUnitName'
20:07:41,741 WARN  [HibernatePersistence] HHH015016: Encountered a deprecated javax.persistence.spi.PersistenceProvider [org.hibernate.ejb.HibernatePersistence]; use [org.hibernate.jpa.HibernatePersistenceProvider] instead.
20:07:41,741 WARN  [HibernatePersistence] HHH015016: Encountered a deprecated javax.persistence.spi.PersistenceProvider [org.hibernate.ejb.HibernatePersistence]; use [org.hibernate.jpa.HibernatePersistenceProvider] instead.
20:07:41,741 WARN  [HibernatePersistence] HHH015016: Encountered a deprecated javax.persistence.spi.PersistenceProvider [org.hibernate.ejb.HibernatePersistence]; use [org.hibernate.jpa.HibernatePersistenceProvider] instead.
20:07:41,746 INFO  [LogHelper] HHH000204: Processing PersistenceUnitInfo [
	name: opmUnitName
	...]
20:07:41,766 WARN  [DriverManagerConnectionProviderImpl] HHH000402: Using Hibernate built-in connection pool (not for production use!)
20:07:41,766 INFO  [DriverManagerConnectionProviderImpl] HHH000401: using driver [org.postgresql.Driver] at URL [jdbc:postgresql://localhost:5432/postgres]
20:07:41,766 INFO  [DriverManagerConnectionProviderImpl] HHH000046: Connection properties: {user=postgres, password=****}
20:07:41,766 INFO  [DriverManagerConnectionProviderImpl] HHH000006: Autocommit mode: false
20:07:41,766 INFO  [DriverManagerConnectionProviderImpl] HHH000115: Hibernate connection pool size: 20 (min=1)
20:07:42,123 INFO  [Dialect] HHH000400: Using dialect: gov.opm.scrd.entities.common.OPMPostgreSQLDialect
20:07:42,123 INFO  [LobCreatorBuilder] HHH000424: Disabling contextual LOB creation as createClob() method threw error : java.lang.reflect.InvocationTargetException
20:07:42,134 WARN  [JPAOverriddenAnnotationReader] HHH000207: Property gov.opm.scrd.entities.application.InterestGracePeriod.retirementType not found in class but described in <mapping-file/> (possible typo error)
20:07:42,241 INFO  [ASTQueryTranslatorFactory] HHH000397: Using ASTQueryTranslatorFactory
20:07:42,445 WARN  [EntityManagerFactoryRegistry] HHH000436: Entity manager factory name (opmUnitName) is already registered.  If entity manager will be clustered or passivated, specify a unique value for property 'hibernate.ejb.entitymanager_factory_name'
Building Return [isResultSet=true, updateCount=-1, extendedReturn=false
Building Return [isResultSet=true, updateCount=-1, extendedReturn=false
20:07:42,607 INFO  [bill_processor] Total Payment Records: 1
20:07:42,720 INFO  [ClassPathXmlApplicationContext] Closing org.springframework.context.support.ClassPathXmlApplicationContext@75b0127e: startup date [Sun Mar 02 20:07:41 CST 2014]; root of context hierarchy
20:07:42,721 INFO  [DefaultListableBeanFactory] Destroying singletons in org.springframework.beans.factory.support.DefaultListableBeanFactory@48cf87aa: defining beans [RFile,org.springframework.context.annotation.internalConfigurationAnnotationProcessor,org.springframework.context.annotation.internalAutowiredAnnotationProcessor,org.springframework.context.annotation.internalRequiredAnnotationProcessor,org.springframework.context.annotation.internalCommonAnnotationProcessor,org.springframework.context.annotation.internalPersistenceAnnotationProcessor,log4jProvider,logger,entityManagerFactory,entityManager,waltRuleService,reversePaymentRuleService,accountService,minWorkAge,currentUserName,refundTriggerAmount,accountNoteTexts,billProcessor,org.springframework.context.annotation.ConfigurationClassPostProcessor.importAwareProcessor]; root of factory hierarchy
20:07:42,721 INFO  [LocalEntityManagerFactoryBean] Closing JPA EntityManagerFactory for persistence unit 'opmUnitName'
20:07:42,721 INFO  [DriverManagerConnectionProviderImpl] HHH000030: Cleaning up connection pool [jdbc:postgresql://localhost:5432/postgres]
20:07:42,722 INFO  [DriverManagerConnectionProviderImpl] HHH000030: Cleaning up connection pool [jdbc:postgresql://localhost:5432/postgres]
20:07:42,723 WARN  [HibernatePersistence] HHH015016: Encountered a deprecated javax.persistence.spi.PersistenceProvider [org.hibernate.ejb.HibernatePersistence]; use [org.hibernate.jpa.HibernatePersistenceProvider] instead.
20:07:42,723 WARN  [HibernatePersistence] HHH015016: Encountered a deprecated javax.persistence.spi.PersistenceProvider [org.hibernate.ejb.HibernatePersistence]; use [org.hibernate.jpa.HibernatePersistenceProvider] instead.
20:07:42,723 WARN  [HibernatePersistence] HHH015016: Encountered a deprecated javax.persistence.spi.PersistenceProvider [org.hibernate.ejb.HibernatePersistence]; use [org.hibernate.jpa.HibernatePersistenceProvider] instead.
20:07:42,731 INFO  [LogHelper] HHH000204: Processing PersistenceUnitInfo [
	name: opmUnitName
	...]
20:07:42,751 WARN  [DriverManagerConnectionProviderImpl] HHH000402: Using Hibernate built-in connection pool (not for production use!)
20:07:42,751 INFO  [DriverManagerConnectionProviderImpl] HHH000401: using driver [org.postgresql.Driver] at URL [jdbc:postgresql://localhost:5432/postgres]
20:07:42,751 INFO  [DriverManagerConnectionProviderImpl] HHH000046: Connection properties: {user=postgres, password=****}
20:07:42,751 INFO  [DriverManagerConnectionProviderImpl] HHH000006: Autocommit mode: false
20:07:42,751 INFO  [DriverManagerConnectionProviderImpl] HHH000115: Hibernate connection pool size: 20 (min=1)
20:07:43,111 INFO  [Dialect] HHH000400: Using dialect: gov.opm.scrd.entities.common.OPMPostgreSQLDialect
20:07:43,111 INFO  [LobCreatorBuilder] HHH000424: Disabling contextual LOB creation as createClob() method threw error : java.lang.reflect.InvocationTargetException
20:07:43,123 WARN  [JPAOverriddenAnnotationReader] HHH000207: Property gov.opm.scrd.entities.application.InterestGracePeriod.retirementType not found in class but described in <mapping-file/> (possible typo error)
20:07:43,224 INFO  [ASTQueryTranslatorFactory] HHH000397: Using ASTQueryTranslatorFactory
20:07:43,371 INFO  [XmlBeanDefinitionReader] Loading XML bean definitions from class path resource [batchProcessJob_test.xml]
20:07:43,380 INFO  [XmlBeanDefinitionReader] Loading XML bean definitions from class path resource [billProcessor_test.xml]
20:07:43,405 INFO  [GenericApplicationContext] Refreshing org.springframework.context.support.GenericApplicationContext@2a5b87b8: startup date [Sun Mar 02 20:07:43 CST 2014]; root of context hierarchy
20:07:43,430 INFO  [DefaultListableBeanFactory] Pre-instantiating singletons in org.springframework.beans.factory.support.DefaultListableBeanFactory@159806ea: defining beans [RFile,org.springframework.context.annotation.internalConfigurationAnnotationProcessor,org.springframework.context.annotation.internalAutowiredAnnotationProcessor,org.springframework.context.annotation.internalRequiredAnnotationProcessor,org.springframework.context.annotation.internalCommonAnnotationProcessor,org.springframework.context.annotation.internalPersistenceAnnotationProcessor,log4jProvider,logger,entityManagerFactory,entityManager,waltRuleService,reversePaymentRuleService,accountService,minWorkAge,currentUserName,refundTriggerAmount,accountNoteTexts,billProcessor,cache,securityService,velocityEngine,mailSender,retriesNumber,retryInterval,ageToCleanInDays,generalMailRecipient,billMailRecipient,fileImportMailTemplate,inputDirectoryPath,wildCardInput,directoryToClean,wildCardToClean,glDirectory,databaseString,datasourceString,workstationId,batchProcessingJob,alwaysWorkDayBatchProcessingJob,alwaysHolidayBatchProcessingJob,org.springframework.context.annotation.ConfigurationClassPostProcessor.importAwareProcessor]; root of factory hierarchy
20:07:43,432 INFO  [LocalEntityManagerFactoryBean] Building JPA EntityManagerFactory for persistence unit 'opmUnitName'
20:07:43,432 WARN  [HibernatePersistence] HHH015016: Encountered a deprecated javax.persistence.spi.PersistenceProvider [org.hibernate.ejb.HibernatePersistence]; use [org.hibernate.jpa.HibernatePersistenceProvider] instead.
20:07:43,432 WARN  [HibernatePersistence] HHH015016: Encountered a deprecated javax.persistence.spi.PersistenceProvider [org.hibernate.ejb.HibernatePersistence]; use [org.hibernate.jpa.HibernatePersistenceProvider] instead.
20:07:43,432 WARN  [HibernatePersistence] HHH015016: Encountered a deprecated javax.persistence.spi.PersistenceProvider [org.hibernate.ejb.HibernatePersistence]; use [org.hibernate.jpa.HibernatePersistenceProvider] instead.
20:07:43,437 INFO  [LogHelper] HHH000204: Processing PersistenceUnitInfo [
	name: opmUnitName
	...]
20:07:43,455 WARN  [DriverManagerConnectionProviderImpl] HHH000402: Using Hibernate built-in connection pool (not for production use!)
20:07:43,455 INFO  [DriverManagerConnectionProviderImpl] HHH000401: using driver [org.postgresql.Driver] at URL [jdbc:postgresql://localhost:5432/postgres]
20:07:43,455 INFO  [DriverManagerConnectionProviderImpl] HHH000046: Connection properties: {user=postgres, password=****}
20:07:43,455 INFO  [DriverManagerConnectionProviderImpl] HHH000006: Autocommit mode: false
20:07:43,455 INFO  [DriverManagerConnectionProviderImpl] HHH000115: Hibernate connection pool size: 20 (min=1)
20:07:43,777 INFO  [Dialect] HHH000400: Using dialect: gov.opm.scrd.entities.common.OPMPostgreSQLDialect
20:07:43,777 INFO  [LobCreatorBuilder] HHH000424: Disabling contextual LOB creation as createClob() method threw error : java.lang.reflect.InvocationTargetException
20:07:43,789 WARN  [JPAOverriddenAnnotationReader] HHH000207: Property gov.opm.scrd.entities.application.InterestGracePeriod.retirementType not found in class but described in <mapping-file/> (possible typo error)
20:07:43,934 INFO  [ASTQueryTranslatorFactory] HHH000397: Using ASTQueryTranslatorFactory
20:07:44,200 WARN  [EntityManagerFactoryRegistry] HHH000436: Entity manager factory name (opmUnitName) is already registered.  If entity manager will be clustered or passivated, specify a unique value for property 'hibernate.ejb.entitymanager_factory_name'
20:07:44,658 INFO  [SMTPServer] SMTP server *:2983 starting
20:07:44,666 INFO  [ServerThread] SMTP server *:2983 started
Building Return [isResultSet=true, updateCount=-1, extendedReturn=false
Building Return [isResultSet=true, updateCount=-1, extendedReturn=false
20:07:44,841 INFO  [SMTPServer] SMTP server *:2983 stopping
20:07:44,842 INFO  [ServerThread] SMTP server *:2983 stopped
20:07:45,001 INFO  [SMTPServer] SMTP server *:2983 starting
20:07:45,005 INFO  [bill_processor] Service Credit Batch started.
20:07:45,013 ERROR [bill_processor] User NotBatchUser is not allowed to run the batch service.
gov.opm.scrd.services.AuthorizationException: Batch process user [NotBatchUser] is not found
	at gov.opm.scrd.batchprocessing.jobs.BatchProcessingJob.doExecute(BatchProcessingJob.java:456)
	at gov.opm.scrd.batchprocessing.jobs.BatchProcessingJob.execute(BatchProcessingJob.java:391)
	at gov.opm.scrd.batchprocessing.jobs.BatchProcessingJobTests.testCase_BatchUserViolation(BatchProcessingJobTests.java:341)
	at sun.reflect.NativeMethodAccessorImpl.invoke0(Native Method)
	at sun.reflect.NativeMethodAccessorImpl.invoke(NativeMethodAccessorImpl.java:39)
	at sun.reflect.DelegatingMethodAccessorImpl.invoke(DelegatingMethodAccessorImpl.java:25)
	at java.lang.reflect.Method.invoke(Method.java:597)
	at org.junit.runners.model.FrameworkMethod$1.runReflectiveCall(FrameworkMethod.java:45)
	at org.junit.internal.runners.model.ReflectiveCallable.run(ReflectiveCallable.java:15)
	at org.junit.runners.model.FrameworkMethod.invokeExplosively(FrameworkMethod.java:42)
	at org.junit.internal.runners.statements.InvokeMethod.evaluate(InvokeMethod.java:20)
	at org.junit.internal.runners.statements.RunBefores.evaluate(RunBefores.java:28)
	at org.springframework.test.context.junit4.statements.RunBeforeTestMethodCallbacks.evaluate(RunBeforeTestMethodCallbacks.java:74)
	at org.junit.internal.runners.statements.RunAfters.evaluate(RunAfters.java:30)
	at org.springframework.test.context.junit4.statements.RunAfterTestMethodCallbacks.evaluate(RunAfterTestMethodCallbacks.java:83)
	at org.springframework.test.context.junit4.statements.SpringRepeat.evaluate(SpringRepeat.java:72)
	at org.springframework.test.context.junit4.SpringJUnit4ClassRunner.runChild(SpringJUnit4ClassRunner.java:231)
	at org.springframework.test.context.junit4.SpringJUnit4ClassRunner.runChild(SpringJUnit4ClassRunner.java:88)
	at org.junit.runners.ParentRunner$3.run(ParentRunner.java:231)
	at org.junit.runners.ParentRunner$1.schedule(ParentRunner.java:60)
	at org.junit.runners.ParentRunner.runChildren(ParentRunner.java:229)
	at org.junit.runners.ParentRunner.access$000(ParentRunner.java:50)
	at org.junit.runners.ParentRunner$2.evaluate(ParentRunner.java:222)
	at org.junit.internal.runners.statements.RunBefores.evaluate(RunBefores.java:28)
	at org.springframework.test.context.junit4.statements.RunBeforeTestClassCallbacks.evaluate(RunBeforeTestClassCallbacks.java:61)
	at org.junit.internal.runners.statements.RunAfters.evaluate(RunAfters.java:30)
	at org.springframework.test.context.junit4.statements.RunAfterTestClassCallbacks.evaluate(RunAfterTestClassCallbacks.java:71)
	at org.junit.runners.ParentRunner.run(ParentRunner.java:300)
	at org.springframework.test.context.junit4.SpringJUnit4ClassRunner.run(SpringJUnit4ClassRunner.java:174)
	at junit.framework.JUnit4TestAdapter.run(JUnit4TestAdapter.java:39)
	at junit.framework.TestSuite.runTest(TestSuite.java:243)
	at junit.framework.TestSuite.run(TestSuite.java:238)
	at org.apache.tools.ant.taskdefs.optional.junit.JUnitTestRunner.run(JUnitTestRunner.java:520)
	at org.apache.tools.ant.taskdefs.optional.junit.JUnitTestRunner.launch(JUnitTestRunner.java:1060)
	at org.apache.tools.ant.taskdefs.optional.junit.JUnitTestRunner.main(JUnitTestRunner.java:911)
20:07:45,014 INFO  [bill_processor] Send email to general@opm.gov, subject = [Service Credit User Violation]. Message:
Service Credit Batch started at 8:07:45 PM CST on March 2, 2014. Batch done at 8:07:45 PM CST.

User NotBatchUser is not allowed to run the batch service. He does not exist. This is a serious configuration error. Call the Program Manager or DBA. 
20:07:45,063 INFO  [ServerThread] SMTP server *:2983 started
20:07:45,116 WARN  [bill_processor] Service Credit Batch has retried max 0 times today. The batch process will exit unsuccessfully.
20:07:45,187 INFO  [SMTPServer] SMTP server *:2983 stopping
20:07:45,209 INFO  [ServerThread] SMTP server *:2983 stopped
20:07:45,327 INFO  [SMTPServer] SMTP server *:2983 starting
20:07:45,331 INFO  [bill_processor] Service Credit Batch started.
20:07:45,336 INFO  [ServerThread] SMTP server *:2983 started
20:07:45,352 INFO  [bill_processor] Is today holiday : true
20:07:45,353 ERROR [bill_processor] Can not read folder: test_files\lockbox_files
20:07:45,353 INFO  [bill_processor] Send email to general@opm.gov, subject = [SERVICE CREDIT BATCH CANNOT ACCESS NETWORK]. Message:
Service Credit Batch started at 8:07:45 PM CST on March 2, 2014. Batch done at 8:07:45 PM CST.

THE NETWORK IS DOWN! 
Network Services not Available for Service Credit. Cannot access the test_files/lockbox_files network folder. Please ask the Help Desk to investigate. SERVICE CREDIT IS SHUT DOWN UNTIL THIS ERROR IS FIXED! 
20:07:45,369 WARN  [bill_processor] Service Credit Batch has retried max 0 times today. The batch process will exit unsuccessfully.
20:07:45,443 INFO  [SMTPServer] SMTP server *:2983 stopping
20:07:45,462 INFO  [ServerThread] SMTP server *:2983 stopped
20:07:45,616 INFO  [SMTPServer] SMTP server *:2983 starting
20:07:45,620 INFO  [bill_processor] Service Credit Batch started.
20:07:45,629 INFO  [bill_processor] Is today holiday : false
20:07:45,630 ERROR [bill_processor] No files arrived today in: test_files\lockbox_files
20:07:45,630 INFO  [bill_processor] Send email to general@opm.gov, subject = [SERVICE CREDIT LOCKBOX FILE IS LATE!]. Message:
Service Credit Batch started at 8:07:45 PM CST on March 2, 2014. Batch done at 8:07:45 PM CST.

Today's Lockbox Bank File has not arrived. Please notify Production Control and BSG that the data file is not in the test_files/lockbox_files network share. The nightly batch process is scheduled to run at 8:07:45 PM CST and today's import should run before that time. 
20:07:45,631 INFO  [ServerThread] SMTP server *:2983 started
20:07:45,646 WARN  [bill_processor] Service Credit Batch has retried max 0 times today. The batch process will exit unsuccessfully.
20:07:45,735 INFO  [SMTPServer] SMTP server *:2983 stopping
20:07:45,740 INFO  [ServerThread] SMTP server *:2983 stopped
20:07:45,910 INFO  [SMTPServer] SMTP server *:2983 starting
20:07:45,913 INFO  [ServerThread] SMTP server *:2983 started
20:07:45,915 INFO  [bill_processor] Service Credit Batch started.
20:07:45,921 INFO  [bill_processor] Is today holiday : true
20:07:45,923 INFO  [bill_processor] Start importing files in: test_files\lockbox_files
20:07:45,924 INFO  [bill_processor] Start loading file content from: test_files\lockbox_files\lockbox_file_1.txt
20:07:45,925 INFO  [bill_processor] 0 lines loaded from lockbox_file_1.txt which is backup to Dupe_SC030114_27.txt
20:07:45,925 INFO  [bill_processor] End loading file content from: test_files\lockbox_files\lockbox_file_1.txt
20:07:45,925 INFO  [bill_processor] 
Service Credit imported a data file from the bank lockbox on March 2, 2014 at 8:07:45 PM CST.
Lockbox data imported into the dbName database on server dbHostName from computer batchProcessHostName.

# Lines in file = 0
# Duplicate Lines = 0

# Records Processed = 0
# Check Payments = 0
# Good Check Payments = 0
# Bad Check Payments = 0
# Dupe Check Payments = 0
# ACH Payments = 0
# Good ACH Payments = 0
# Bad ACH Payments = 0
# Dupe ACH Payments = 0
# Bad Change Records = 0
# Good Change Records = 0
# No Match Change Records = 0
# Invalid Summary Records = 0
# Valid Summary Records = 0
# Successful Transactions = 0
# Failed Transactions = 0
# Invalid Lines = 0

Total Check Payments = 0
Total ACH Payments = 0
Total of Accepted Payments = 0
Total in File = 0

No bad records in this batch.
0 = number of successful calls to the ProcessImportRecord function.

         Accepted Payments: 0
       Unresolved Payments: 0
        Suspended Payments: 0
-----------------------------------
Pending payments processed: 0

20:07:45,987 INFO  [bill_processor] Send email to general@opm.gov, subject = [Service Credit Import: OK ]. Message:
Service Credit Batch started at 8:07:45 PM CST on March 2, 2014. Batch done at 8:07:45 PM CST.

SUMMARY: The file import was successful.

   Number Type         Total
        0 ACH           0.00
        0 Check         0.00
============================
        0 All           0.00



SCRD found no payment records in this Lockbox file.


There are no change records in this Lockbox file.

DETAILS:
Audit Batch Log ID number is 27
File Contents:
 Number Type Description
====================================
      0 Total Lines in Lockbox File

Lockbox File Name:
lockbox_file_1.txt
Backup File Name:
Dupe_SC030114_27.txt

20:07:46,015 INFO  [bill_processor] End importing files in: test_files\lockbox_files
20:07:46,015 INFO  [bill_processor] Start cleaning old files in: test_files\old_files
20:07:46,017 INFO  [bill_processor] Old files cleaned: 1
20:07:46,017 INFO  [bill_processor] End cleaning old files in: test_files\old_files
20:07:46,017 INFO  [bill_processor] Service Credit Batch finished successfully.
20:07:46,082 INFO  [SMTPServer] SMTP server *:2983 stopping
20:07:46,087 INFO  [ServerThread] SMTP server *:2983 stopped
20:07:46,249 INFO  [SMTPServer] SMTP server *:2983 starting
20:07:46,252 INFO  [bill_processor] Service Credit Batch started.
20:07:46,253 INFO  [ServerThread] SMTP server *:2983 started
20:07:46,258 INFO  [bill_processor] Is today holiday : true
20:07:46,260 INFO  [bill_processor] Start importing files in: test_files\lockbox_files
20:07:46,260 INFO  [bill_processor] Start loading file content from: test_files\lockbox_files\lockbox_file_1.txt
20:07:46,261 INFO  [bill_processor] 0 lines loaded from lockbox_file_1.txt which is backup to Dupe_SC030114_28.txt
20:07:46,261 INFO  [bill_processor] End loading file content from: test_files\lockbox_files\lockbox_file_1.txt
20:07:46,261 INFO  [bill_processor] 
Service Credit imported a data file from the bank lockbox on March 2, 2014 at 8:07:46 PM CST.
Lockbox data imported into the dbName database on server dbHostName from computer batchProcessHostName.

# Lines in file = 0
# Duplicate Lines = 0

# Records Processed = 0
# Check Payments = 0
# Good Check Payments = 0
# Bad Check Payments = 0
# Dupe Check Payments = 0
# ACH Payments = 0
# Good ACH Payments = 0
# Bad ACH Payments = 0
# Dupe ACH Payments = 0
# Bad Change Records = 0
# Good Change Records = 0
# No Match Change Records = 0
# Invalid Summary Records = 0
# Valid Summary Records = 0
# Successful Transactions = 0
# Failed Transactions = 0
# Invalid Lines = 0

Total Check Payments = 0
Total ACH Payments = 0
Total of Accepted Payments = 0
Total in File = 0

No bad records in this batch.
0 = number of successful calls to the ProcessImportRecord function.

         Accepted Payments: 0
       Unresolved Payments: 0
        Suspended Payments: 0
-----------------------------------
Pending payments processed: 0

20:07:46,280 INFO  [bill_processor] Send email to general@opm.gov, subject = [Service Credit Import: OK ]. Message:
Service Credit Batch started at 8:07:46 PM CST on March 2, 2014. Batch done at 8:07:46 PM CST.

SUMMARY: The file import was successful.

   Number Type         Total
        0 ACH           0.00
        0 Check         0.00
============================
        0 All           0.00



SCRD found no payment records in this Lockbox file.


There are no change records in this Lockbox file.

DETAILS:
Audit Batch Log ID number is 28
File Contents:
 Number Type Description
====================================
      0 Total Lines in Lockbox File

Lockbox File Name:
lockbox_file_1.txt
Backup File Name:
Dupe_SC030114_28.txt

20:07:46,354 INFO  [bill_processor] End importing files in: test_files\lockbox_files
20:07:46,354 INFO  [bill_processor] Start cleaning old files in: test_files\old_files
20:07:46,354 INFO  [bill_processor] Old files cleaned: 0
20:07:46,354 INFO  [bill_processor] End cleaning old files in: test_files\old_files
20:07:46,354 INFO  [bill_processor] Service Credit Batch finished successfully.
20:07:46,436 INFO  [SMTPServer] SMTP server *:2983 stopping
20:07:46,441 INFO  [ServerThread] SMTP server *:2983 stopped
20:07:46,626 INFO  [SMTPServer] SMTP server *:2983 starting
20:07:46,629 INFO  [ServerThread] SMTP server *:2983 started
20:07:46,629 INFO  [bill_processor] Service Credit Batch started.
20:07:46,636 INFO  [bill_processor] Is today holiday : true
20:07:46,637 INFO  [bill_processor] Start importing files in: test_files\lockbox_files
20:07:46,638 INFO  [bill_processor] Start loading file content from: test_files\lockbox_files\lockbox_file_1.txt
Building Return [isResultSet=true, updateCount=-1, extendedReturn=false
20:07:46,644 INFO  [bill_processor] 1 lines loaded from lockbox_file_1.txt which is backup to Backup_SC030114_29.txt
20:07:46,645 INFO  [bill_processor] End loading file content from: test_files\lockbox_files\lockbox_file_1.txt
20:07:46,645 INFO  [bill_processor] Start processing MainframeImport data from: test_files\lockbox_files\lockbox_file_1.txt
20:07:46,645 ERROR [bill_processor] Error importing the record from the MainframeImport table in processImportRecord module: NOT_A_RECORD. Text Line is not a valid Transaction Format [CLAIM_NO_MUST_BE_7_DIGITS]: Bad line
20:07:46,649 INFO  [bill_processor] End processing MainframeImport data from: test_files\lockbox_files\lockbox_file_1.txt
20:07:46,649 INFO  [bill_processor] Start collating new mainframe payments from: test_files\lockbox_files\lockbox_file_1.txt
Building Return [isResultSet=false, updateCount=-1, extendedReturn=false
20:07:46,653 INFO  [bill_processor] End collating new mainframe payments from: test_files\lockbox_files\lockbox_file_1.txt
20:07:46,653 INFO  [bill_processor] 
Service Credit imported a data file from the bank lockbox on March 2, 2014 at 8:07:46 PM CST.
Lockbox data imported into the dbName database on server dbHostName from computer batchProcessHostName.

# Lines in file = 1
# New Lines = 1
# Duplicate Lines = 0

# Records Processed = 1
# Check Payments = 0
# Good Check Payments = 0
# Bad Check Payments = 0
# Dupe Check Payments = 0
# ACH Payments = 0
# Good ACH Payments = 0
# Bad ACH Payments = 0
# Dupe ACH Payments = 0
# Bad Change Records = 0
# Good Change Records = 0
# No Match Change Records = 0
# Invalid Summary Records = 0
# Valid Summary Records = 0
# Successful Transactions = 0
# Failed Transactions = 0
# Invalid Lines = 1

Total Check Payments = 0
Total ACH Payments = 0
Total of Accepted Payments = 0
Total in File = 0

ERROR: 1 RECORDS FAILED PROCESSING.
0 = number of successful calls to the ProcessImportRecord function.

         Accepted Payments: 0
       Unresolved Payments: 0
        Suspended Payments: 0
-----------------------------------
Pending payments processed: 0

20:07:46,711 INFO  [bill_processor] Send email to general@opm.gov, subject = [Service Credit Import: BATCH IMPORT ERROR ]. Message:
Service Credit Batch started at 8:07:46 PM CST on March 2, 2014. Batch done at 8:07:46 PM CST.

SUMMARY: THE FILE IMPORT HAD ERRORS. PLEASE CHECK THE 'Lockbox Import Errors' REPORT IN THE SERVICE CREDIT APPLICATION FOR DETAILS. THE ERROR INVOLVES PAYMENTS SO IT MUST BE FIXED AS SOON AS POSSIBLE.

   Number Type         Total
        0 ACH           0.00
        0 Check         0.00
============================
        0 All           0.00


        1 BAD DATA RECORDS

     0.00 = total of the money amounts in the summary (checksum) records
     0.00 = total of the money amounts in the transaction records
     0.00 = DISCREPANCY

The bank's file checksum matched the total imported into Service Credit. Total = 0.00.

SCRD COULD NOT READ ANY PAYMENT RECORDS IN THIS LOCKBOX FILE. THEY ARE ALL BAD.


There are no change records in this Lockbox file.

DETAILS:
Audit Batch Log ID number is 29
File Contents:
 Number Type Description
      1 Bad  Data Records
====================================
      1 Total Lines in Lockbox File

Lockbox File Name:
lockbox_file_1.txt
Backup File Name:
Backup_SC030114_29.txt

20:07:46,775 INFO  [bill_processor] End importing files in: test_files\lockbox_files
20:07:46,776 INFO  [bill_processor] Start cleaning old files in: test_files\old_files
20:07:46,776 INFO  [bill_processor] Old files cleaned: 0
20:07:46,776 INFO  [bill_processor] End cleaning old files in: test_files\old_files
20:07:46,776 INFO  [bill_processor] Service Credit Batch finished successfully.
20:07:46,867 INFO  [SMTPServer] SMTP server *:2983 stopping
20:07:46,871 INFO  [ServerThread] SMTP server *:2983 stopped
20:07:47,061 INFO  [SMTPServer] SMTP server *:2983 starting
20:07:47,064 INFO  [bill_processor] Service Credit Batch started.
20:07:47,065 INFO  [ServerThread] SMTP server *:2983 started
20:07:47,071 INFO  [bill_processor] Is today holiday : true
20:07:47,072 INFO  [bill_processor] Start importing files in: test_files\lockbox_files
20:07:47,072 INFO  [bill_processor] Start loading file content from: test_files\lockbox_files\lockbox_file_1.txt
Building Return [isResultSet=true, updateCount=-1, extendedReturn=false
20:07:47,076 INFO  [bill_processor] 1 lines loaded from lockbox_file_1.txt which is backup to Backup_SC030114_30.txt
20:07:47,076 INFO  [bill_processor] End loading file content from: test_files\lockbox_files\lockbox_file_1.txt
20:07:47,076 INFO  [bill_processor] Start processing MainframeImport data from: test_files\lockbox_files\lockbox_file_1.txt
20:07:47,076 ERROR [bill_processor] Error importing the record from the MainframeImport table in processImportRecord module: BAD_R_TRANSACTION. Text Line is not a valid Transaction Format [DOB_MUST_BE_VALID]: R64445566 bad R line
20:07:47,078 INFO  [bill_processor] End processing MainframeImport data from: test_files\lockbox_files\lockbox_file_1.txt
20:07:47,079 INFO  [bill_processor] Start collating new mainframe payments from: test_files\lockbox_files\lockbox_file_1.txt
Building Return [isResultSet=false, updateCount=-1, extendedReturn=false
20:07:47,080 INFO  [bill_processor] End collating new mainframe payments from: test_files\lockbox_files\lockbox_file_1.txt
20:07:47,080 INFO  [bill_processor] 
Service Credit imported a data file from the bank lockbox on March 2, 2014 at 8:07:47 PM CST.
Lockbox data imported into the dbName database on server dbHostName from computer batchProcessHostName.

# Lines in file = 1
# New Lines = 1
# Duplicate Lines = 0

# Records Processed = 1
# Check Payments = 1
# Good Check Payments = 0
# Bad Check Payments = 1
# Dupe Check Payments = 0
# ACH Payments = 0
# Good ACH Payments = 0
# Bad ACH Payments = 0
# Dupe ACH Payments = 0
# Bad Change Records = 0
# Good Change Records = 0
# No Match Change Records = 0
# Invalid Summary Records = 0
# Valid Summary Records = 0
# Successful Transactions = 0
# Failed Transactions = 1
# Invalid Lines = 0

Total Check Payments = 0
Total ACH Payments = 0
Total of Accepted Payments = 0
Total in File = 0

ERROR: 1 RECORDS FAILED PROCESSING.
ERROR: 1 TRANSACTIONS COULD NOT BE READ INTO THE DATABASE!
0 = number of successful calls to the ProcessImportRecord function.
1 NUMBER OF FAILED CALLS TO THE PROCESSIMPORTRECORD FUNCTION!

         Accepted Payments: 0
       Unresolved Payments: 0
        Suspended Payments: 0
-----------------------------------
Pending payments processed: 0

20:07:47,093 INFO  [bill_processor] Send email to general@opm.gov, subject = [Service Credit Import: PAYMENT ERROR ]. Message:
Service Credit Batch started at 8:07:47 PM CST on March 2, 2014. Batch done at 8:07:47 PM CST.

SUMMARY: THE FILE IMPORT HAD ERRORS. PLEASE CHECK THE 'Lockbox Import Errors' REPORT IN THE SERVICE CREDIT APPLICATION FOR DETAILS. THE ERROR INVOLVES PAYMENTS SO IT MUST BE FIXED AS SOON AS POSSIBLE.

   Number Type         Total
        0 ACH           0.00
        0 Check         0.00
============================
        0 All           0.00


        1 BAD CHECK PAYMENTS

     0.00 = total of the money amounts in the summary (checksum) records
     0.00 = total of the money amounts in the transaction records
     0.00 = DISCREPANCY

The bank's file checksum matched the total imported into Service Credit. Total = 0.00.

SCRD COULD NOT READ ANY PAYMENT RECORDS IN THIS LOCKBOX FILE. THEY ARE ALL BAD.


There are no change records in this Lockbox file.

DETAILS:
Audit Batch Log ID number is 30
File Contents:
 Number Type Description
      1 Bad  Check Payments
====================================
      1 Total Lines in Lockbox File

Lockbox File Name:
lockbox_file_1.txt
Backup File Name:
Backup_SC030114_30.txt

20:07:47,144 INFO  [bill_processor] End importing files in: test_files\lockbox_files
20:07:47,144 INFO  [bill_processor] Start cleaning old files in: test_files\old_files
20:07:47,144 INFO  [bill_processor] Old files cleaned: 0
20:07:47,144 INFO  [bill_processor] End cleaning old files in: test_files\old_files
20:07:47,144 INFO  [bill_processor] Service Credit Batch finished successfully.
20:07:47,221 INFO  [SMTPServer] SMTP server *:2983 stopping
20:07:47,226 INFO  [ServerThread] SMTP server *:2983 stopped
20:07:47,447 INFO  [SMTPServer] SMTP server *:2983 starting
20:07:47,451 INFO  [bill_processor] Service Credit Batch started.
20:07:47,460 INFO  [bill_processor] Is today holiday : true
20:07:47,465 INFO  [ServerThread] SMTP server *:2983 started
20:07:47,473 INFO  [bill_processor] Start importing files in: test_files\lockbox_files
20:07:47,473 INFO  [bill_processor] Start loading file content from: test_files\lockbox_files\lockbox_file_1.txt
Building Return [isResultSet=true, updateCount=-1, extendedReturn=false
20:07:47,476 INFO  [bill_processor] 1 lines loaded from lockbox_file_1.txt which is backup to Backup_SC030114_31.txt
20:07:47,476 INFO  [bill_processor] End loading file content from: test_files\lockbox_files\lockbox_file_1.txt
20:07:47,476 INFO  [bill_processor] Start processing MainframeImport data from: test_files\lockbox_files\lockbox_file_1.txt
20:07:47,476 ERROR [bill_processor] Error importing the record from the MainframeImport table in processImportRecord module: BAD_C_TRANSACTION. Text Line is not a valid Transaction Format [DOB_MUST_BE_VALID]: C64445566 bad C line
20:07:47,489 INFO  [bill_processor] End processing MainframeImport data from: test_files\lockbox_files\lockbox_file_1.txt
20:07:47,489 INFO  [bill_processor] Start collating new mainframe payments from: test_files\lockbox_files\lockbox_file_1.txt
Building Return [isResultSet=false, updateCount=-1, extendedReturn=false
20:07:47,491 INFO  [bill_processor] End collating new mainframe payments from: test_files\lockbox_files\lockbox_file_1.txt
20:07:47,491 INFO  [bill_processor] 
Service Credit imported a data file from the bank lockbox on March 2, 2014 at 8:07:47 PM CST.
Lockbox data imported into the dbName database on server dbHostName from computer batchProcessHostName.

# Lines in file = 1
# New Lines = 1
# Duplicate Lines = 0

# Records Processed = 1
# Check Payments = 0
# Good Check Payments = 0
# Bad Check Payments = 0
# Dupe Check Payments = 0
# ACH Payments = 0
# Good ACH Payments = 0
# Bad ACH Payments = 0
# Dupe ACH Payments = 0
# Bad Change Records = 1
# Good Change Records = 0
# No Match Change Records = 0
# Invalid Summary Records = 0
# Valid Summary Records = 0
# Successful Transactions = 0
# Failed Transactions = 1
# Invalid Lines = 0

Total Check Payments = 0
Total ACH Payments = 0
Total of Accepted Payments = 0
Total in File = 0

ERROR: 1 RECORDS FAILED PROCESSING.
ERROR: 1 TRANSACTIONS COULD NOT BE READ INTO THE DATABASE!
0 = number of successful calls to the ProcessImportRecord function.
1 NUMBER OF FAILED CALLS TO THE PROCESSIMPORTRECORD FUNCTION!

         Accepted Payments: 0
       Unresolved Payments: 0
        Suspended Payments: 0
-----------------------------------
Pending payments processed: 0

20:07:47,506 INFO  [bill_processor] Send email to general@opm.gov, subject = [Service Credit Import: OK except for Change record rejected. ]. Message:
Service Credit Batch started at 8:07:47 PM CST on March 2, 2014. Batch done at 8:07:47 PM CST.

SUMMARY: The file import was successful.

   Number Type         Total
        0 ACH           0.00
        0 Check         0.00
============================
        0 All           0.00



SCRD found no payment records in this Lockbox file.


ALL 1 LOCKBOX ADDRESS CHANGE RECORDS ARE CORRUPT.
Either the data format was bad or the CSD & Birth Date did not match an account in the Service Credit database. They could be for Voluntary Contributions or Direct Pay Life Insurance.

        1 Bad Name or Address Changes

DETAILS:
Audit Batch Log ID number is 31
File Contents:
 Number Type Description
      1 Bad  Name or Address Changes
====================================
      1 Total Lines in Lockbox File

Lockbox File Name:
lockbox_file_1.txt
Backup File Name:
Backup_SC030114_31.txt

20:07:47,595 INFO  [bill_processor] End importing files in: test_files\lockbox_files
20:07:47,596 INFO  [bill_processor] Start cleaning old files in: test_files\old_files
20:07:47,596 INFO  [bill_processor] Old files cleaned: 0
20:07:47,596 INFO  [bill_processor] End cleaning old files in: test_files\old_files
20:07:47,596 INFO  [bill_processor] Service Credit Batch finished successfully.
20:07:47,692 INFO  [SMTPServer] SMTP server *:2983 stopping
20:07:47,707 INFO  [ServerThread] SMTP server *:2983 stopped
20:07:47,919 INFO  [SMTPServer] SMTP server *:2983 starting
20:07:47,922 INFO  [bill_processor] Service Credit Batch started.
20:07:47,923 INFO  [ServerThread] SMTP server *:2983 started
20:07:47,930 INFO  [bill_processor] Is today holiday : true
20:07:47,932 INFO  [bill_processor] Start importing files in: test_files\lockbox_files
20:07:47,933 INFO  [bill_processor] Start loading file content from: test_files\lockbox_files\lockbox_file_1.txt
Building Return [isResultSet=true, updateCount=-1, extendedReturn=false
20:07:47,936 INFO  [bill_processor] 1 lines loaded from lockbox_file_1.txt which is backup to Backup_SC030114_32.txt
20:07:47,936 INFO  [bill_processor] End loading file content from: test_files\lockbox_files\lockbox_file_1.txt
20:07:47,936 INFO  [bill_processor] Start processing MainframeImport data from: test_files\lockbox_files\lockbox_file_1.txt
20:07:47,936 ERROR [bill_processor] Error extracting the R Transaction check sum from the bank input file. The transaction record did not have a number in the the expected position: R ZZZ bad Summary line
java.lang.NumberFormatException
	at java.math.BigDecimal.<init>(BigDecimal.java:459)
	at java.math.BigDecimal.<init>(BigDecimal.java:728)
	at gov.opm.scrd.batchprocessing.jobs.BatchProcessingJob.extractSummaryRecord(BatchProcessingJob.java:1043)
	at gov.opm.scrd.batchprocessing.jobs.BatchProcessingJob.processMainframeData(BatchProcessingJob.java:963)
	at gov.opm.scrd.batchprocessing.jobs.BatchProcessingJob.importFile(BatchProcessingJob.java:753)
	at gov.opm.scrd.batchprocessing.jobs.BatchProcessingJob.importFiles(BatchProcessingJob.java:724)
	at gov.opm.scrd.batchprocessing.jobs.BatchProcessingJob.doExecute(BatchProcessingJob.java:497)
	at gov.opm.scrd.batchprocessing.jobs.BatchProcessingJob.execute(BatchProcessingJob.java:391)
	at gov.opm.scrd.batchprocessing.jobs.BatchProcessingJobTests.testCase_ImportFile_BadSummaryLine(BatchProcessingJobTests.java:563)
	at sun.reflect.NativeMethodAccessorImpl.invoke0(Native Method)
	at sun.reflect.NativeMethodAccessorImpl.invoke(NativeMethodAccessorImpl.java:39)
	at sun.reflect.DelegatingMethodAccessorImpl.invoke(DelegatingMethodAccessorImpl.java:25)
	at java.lang.reflect.Method.invoke(Method.java:597)
	at org.junit.runners.model.FrameworkMethod$1.runReflectiveCall(FrameworkMethod.java:45)
	at org.junit.internal.runners.model.ReflectiveCallable.run(ReflectiveCallable.java:15)
	at org.junit.runners.model.FrameworkMethod.invokeExplosively(FrameworkMethod.java:42)
	at org.junit.internal.runners.statements.InvokeMethod.evaluate(InvokeMethod.java:20)
	at org.junit.internal.runners.statements.RunBefores.evaluate(RunBefores.java:28)
	at org.springframework.test.context.junit4.statements.RunBeforeTestMethodCallbacks.evaluate(RunBeforeTestMethodCallbacks.java:74)
	at org.junit.internal.runners.statements.RunAfters.evaluate(RunAfters.java:30)
	at org.springframework.test.context.junit4.statements.RunAfterTestMethodCallbacks.evaluate(RunAfterTestMethodCallbacks.java:83)
	at org.springframework.test.context.junit4.statements.SpringRepeat.evaluate(SpringRepeat.java:72)
	at org.springframework.test.context.junit4.SpringJUnit4ClassRunner.runChild(SpringJUnit4ClassRunner.java:231)
	at org.springframework.test.context.junit4.SpringJUnit4ClassRunner.runChild(SpringJUnit4ClassRunner.java:88)
	at org.junit.runners.ParentRunner$3.run(ParentRunner.java:231)
	at org.junit.runners.ParentRunner$1.schedule(ParentRunner.java:60)
	at org.junit.runners.ParentRunner.runChildren(ParentRunner.java:229)
	at org.junit.runners.ParentRunner.access$000(ParentRunner.java:50)
	at org.junit.runners.ParentRunner$2.evaluate(ParentRunner.java:222)
	at org.junit.internal.runners.statements.RunBefores.evaluate(RunBefores.java:28)
	at org.springframework.test.context.junit4.statements.RunBeforeTestClassCallbacks.evaluate(RunBeforeTestClassCallbacks.java:61)
	at org.junit.internal.runners.statements.RunAfters.evaluate(RunAfters.java:30)
	at org.springframework.test.context.junit4.statements.RunAfterTestClassCallbacks.evaluate(RunAfterTestClassCallbacks.java:71)
	at org.junit.runners.ParentRunner.run(ParentRunner.java:300)
	at org.springframework.test.context.junit4.SpringJUnit4ClassRunner.run(SpringJUnit4ClassRunner.java:174)
	at junit.framework.JUnit4TestAdapter.run(JUnit4TestAdapter.java:39)
	at junit.framework.TestSuite.runTest(TestSuite.java:243)
	at junit.framework.TestSuite.run(TestSuite.java:238)
	at org.apache.tools.ant.taskdefs.optional.junit.JUnitTestRunner.run(JUnitTestRunner.java:520)
	at org.apache.tools.ant.taskdefs.optional.junit.JUnitTestRunner.launch(JUnitTestRunner.java:1060)
	at org.apache.tools.ant.taskdefs.optional.junit.JUnitTestRunner.main(JUnitTestRunner.java:911)
20:07:47,939 INFO  [bill_processor] End processing MainframeImport data from: test_files\lockbox_files\lockbox_file_1.txt
20:07:47,940 INFO  [bill_processor] Start collating new mainframe payments from: test_files\lockbox_files\lockbox_file_1.txt
Building Return [isResultSet=false, updateCount=-1, extendedReturn=false
20:07:47,941 INFO  [bill_processor] End collating new mainframe payments from: test_files\lockbox_files\lockbox_file_1.txt
20:07:47,942 INFO  [bill_processor] 
Service Credit imported a data file from the bank lockbox on March 2, 2014 at 8:07:47 PM CST.
Lockbox data imported into the dbName database on server dbHostName from computer batchProcessHostName.

# Lines in file = 1
# New Lines = 1
# Duplicate Lines = 0

# Records Processed = 1
# Check Payments = 0
# Good Check Payments = 0
# Bad Check Payments = 0
# Dupe Check Payments = 0
# ACH Payments = 0
# Good ACH Payments = 0
# Bad ACH Payments = 0
# Dupe ACH Payments = 0
# Bad Change Records = 0
# Good Change Records = 0
# No Match Change Records = 0
# Invalid Summary Records = 1
# Valid Summary Records = 0
# Successful Transactions = 0
# Failed Transactions = 0
# Invalid Lines = 0

Total Check Payments = 0
Total ACH Payments = 0
Total of Accepted Payments = 0
Total in File = 0

ERROR: 1 RECORDS FAILED PROCESSING.
ERROR: 1 CHECKSUMS COULD NOT BE PROCESSED!
0 = number of successful calls to the ProcessImportRecord function.

         Accepted Payments: 0
       Unresolved Payments: 0
        Suspended Payments: 0
-----------------------------------
Pending payments processed: 0

20:07:47,950 INFO  [bill_processor] Send email to general@opm.gov, subject = [Service Credit Import: PAYMENT ERROR ]. Message:
Service Credit Batch started at 8:07:47 PM CST on March 2, 2014. Batch done at 8:07:47 PM CST.

SUMMARY: THE FILE IMPORT HAD ERRORS. PLEASE CHECK THE 'Lockbox Import Errors' REPORT IN THE SERVICE CREDIT APPLICATION FOR DETAILS. THE ERROR INVOLVES PAYMENTS SO IT MUST BE FIXED AS SOON AS POSSIBLE.

   Number Type         Total
        0 ACH           0.00
        0 Check         0.00
============================
        0 All           0.00


        1 BAD SUMMARY RECORDS

     0.00 = total of the money amounts in the summary (checksum) records
     0.00 = total of the money amounts in the transaction records
     0.00 = DISCREPANCY

The bank's file checksum matched the total imported into Service Credit. Total = 0.00.

SCRD COULD NOT READ ANY PAYMENT RECORDS IN THIS LOCKBOX FILE. THEY ARE ALL BAD.


There are no change records in this Lockbox file.

DETAILS:
Audit Batch Log ID number is 32
File Contents:
 Number Type Description
      1 Bad  Summary Records
====================================
      1 Total Lines in Lockbox File

Lockbox File Name:
lockbox_file_1.txt
Backup File Name:
Backup_SC030114_32.txt

20:07:47,994 INFO  [bill_processor] End importing files in: test_files\lockbox_files
20:07:47,994 INFO  [bill_processor] Start cleaning old files in: test_files\old_files
20:07:47,994 INFO  [bill_processor] Old files cleaned: 0
20:07:47,994 INFO  [bill_processor] End cleaning old files in: test_files\old_files
20:07:47,994 INFO  [bill_processor] Service Credit Batch finished successfully.
20:07:48,088 INFO  [SMTPServer] SMTP server *:2983 stopping
20:07:48,108 INFO  [ServerThread] SMTP server *:2983 stopped
20:07:48,333 INFO  [SMTPServer] SMTP server *:2983 starting
20:07:48,336 INFO  [ServerThread] SMTP server *:2983 started
20:07:48,414 INFO  [bill_processor] Service Credit Batch started.
20:07:48,421 INFO  [bill_processor] Is today holiday : true
20:07:48,423 INFO  [bill_processor] Start importing files in: test_files\lockbox_files
20:07:48,424 INFO  [bill_processor] Start loading file content from: test_files\lockbox_files\lockbox_file_1.txt
Building Return [isResultSet=true, updateCount=-1, extendedReturn=false
Building Return [isResultSet=true, updateCount=-1, extendedReturn=false
Building Return [isResultSet=true, updateCount=-1, extendedReturn=false
Building Return [isResultSet=true, updateCount=-1, extendedReturn=false
Building Return [isResultSet=true, updateCount=-1, extendedReturn=false
Building Return [isResultSet=true, updateCount=-1, extendedReturn=false
Building Return [isResultSet=true, updateCount=-1, extendedReturn=false
20:07:48,440 WARN  [bill_processor] Weird character is: [ ]
20:07:48,441 INFO  [bill_processor] 7 lines loaded from lockbox_file_1.txt which is backup to Backup_SC030114_33.txt
20:07:48,441 INFO  [bill_processor] End loading file content from: test_files\lockbox_files\lockbox_file_1.txt
20:07:48,441 INFO  [bill_processor] Start processing MainframeImport data from: test_files\lockbox_files\lockbox_file_1.txt
Building Return [isResultSet=false, updateCount=-1, extendedReturn=false
20:07:48,454 INFO  [bill_processor] VALID_C_TRANSACTION: 	C 01      1112233031277  Mark I. Jason, III
Building Return [isResultSet=false, updateCount=-1, extendedReturn=false
20:07:48,467 INFO  [bill_processor] VALID_C_TRANSACTION: 	C 02      1112233031277  Chizago, IL 12345-1234
Building Return [isResultSet=false, updateCount=-1, extendedReturn=false
20:07:48,471 INFO  [bill_processor] VALID_C_TRANSACTION: 	C 10      1112233031277  new_ssn
20:07:48,475 INFO  [bill_processor] SUM_R_VALID: 	R ZZZ     ZZZZZZZ0000012311    
Building Return [isResultSet=false, updateCount=-1, extendedReturn=false
20:07:48,480 INFO  [bill_processor] VALID_R_TRANSACTION: 	R64445566 11122330312770008900020314 0    
Building Return [isResultSet=false, updateCount=-1, extendedReturn=false
20:07:48,488 INFO  [bill_processor] VALID_R_TRANSACTION: 	R67778899 11122330312770003412020214 1    
20:07:48,489 INFO  [bill_processor] End processing MainframeImport data from: test_files\lockbox_files\lockbox_file_1.txt
20:07:48,489 INFO  [bill_processor] Start collating new mainframe payments from: test_files\lockbox_files\lockbox_file_1.txt
Building Return [isResultSet=false, updateCount=-1, extendedReturn=false
20:07:48,495 INFO  [bill_processor] End collating new mainframe payments from: test_files\lockbox_files\lockbox_file_1.txt
20:07:48,495 INFO  [bill_processor] 
Service Credit imported a data file from the bank lockbox on March 2, 2014 at 8:07:48 PM CST.
Lockbox data imported into the dbName database on server dbHostName from computer batchProcessHostName.

# Lines in file = 7
# New Lines = 7
# Duplicate Lines = 0

# Records Processed = 6
# Check Payments = 1
# Good Check Payments = 1
# Bad Check Payments = 0
# Dupe Check Payments = 0
# ACH Payments = 1
# Good ACH Payments = 1
# Bad ACH Payments = 0
# Dupe ACH Payments = 0
# Bad Change Records = 0
# Good Change Records = 3
# No Match Change Records = 0
# Invalid Summary Records = 0
# Valid Summary Records = 1
# Successful Transactions = 5
# Failed Transactions = 0
# Invalid Lines = 0

Total Check Payments = 89
Total ACH Payments = 34.12
Total of Accepted Payments = 123.12
Total in File Summary (checksum) = 123.11
Total of Processed Transactions = 123.12


ERROR: THE BANK FILE CONTAINED 123.11 BUT 123.12 WAS IMPORTED INTO THE SERVICE CREDIT DATABASE. THE PROGRAM IMPORTED 0.01 MORE THAN THE BANK TOTAL.

No bad records in this batch.
5 = number of successful calls to the ProcessImportRecord function.

         Accepted Payments: 2
       Unresolved Payments: 0
        Suspended Payments: 0
-----------------------------------
Pending payments processed: 2

20:07:48,504 INFO  [bill_processor] Send email to general@opm.gov, subject = [Service Credit Import: BATCH IMPORT ERROR OUT OF BALANCE! ]. Message:
Service Credit Batch started at 8:07:48 PM CST on March 2, 2014. Batch done at 8:07:48 PM CST.

SUMMARY: THE FILE IMPORT HAD ERRORS. PLEASE CHECK THE 'Lockbox Import Errors' REPORT IN THE SERVICE CREDIT APPLICATION FOR DETAILS. THE ERROR INVOLVES PAYMENTS SO IT MUST BE FIXED AS SOON AS POSSIBLE.

   Number Type         Total
        1 ACH          34.12
        1 Check        89.00
============================
        2 All         123.12

        1 ACH payments accepted as Posted - Pending
        1 Check payments accepted as Posted - Pending


ERROR: THE BANK'S TOTAL WAS 123.11 BUT 123.12 WAS IMPORTED INTO THE SERVICE CREDIT DATABASE.
THE PROGRAM IMPORTED 0.01 MORE THAN THE BANK'S TOTAL.

3 total Lockbox records and summary totals.


SCRD read all 3 Lockbox change records.

DETAILS:
Audit Batch Log ID number is 33
File Contents:
 Number Type Description
      1 Good ACH Payments
      1 Good Check Payments
      3 Good Name or Address Changes
      1 Good Summary Records
      1 Good End-of-file markers
====================================
      7 Total Lines in Lockbox File

Lockbox File Name:
lockbox_file_1.txt
Backup File Name:
Backup_SC030114_33.txt

20:07:48,542 INFO  [bill_processor] End importing files in: test_files\lockbox_files
20:07:48,542 INFO  [bill_processor] Start cleaning old files in: test_files\old_files
20:07:48,542 INFO  [bill_processor] Old files cleaned: 0
20:07:48,542 INFO  [bill_processor] End cleaning old files in: test_files\old_files
20:07:48,542 INFO  [bill_processor] Service Credit Batch finished successfully.
20:07:48,651 INFO  [SMTPServer] SMTP server *:2983 stopping
20:07:48,655 INFO  [ServerThread] SMTP server *:2983 stopped
20:07:48,917 INFO  [SMTPServer] SMTP server *:2983 starting
20:07:48,921 INFO  [ServerThread] SMTP server *:2983 started
20:07:48,981 INFO  [bill_processor] Service Credit Batch started.
20:07:48,987 INFO  [bill_processor] Is today holiday : true
20:07:48,989 INFO  [bill_processor] Start importing files in: test_files\lockbox_files
20:07:48,989 INFO  [bill_processor] Start loading file content from: test_files\lockbox_files\lockbox_file_1.txt
Building Return [isResultSet=true, updateCount=-1, extendedReturn=false
Building Return [isResultSet=true, updateCount=-1, extendedReturn=false
Building Return [isResultSet=true, updateCount=-1, extendedReturn=false
Building Return [isResultSet=true, updateCount=-1, extendedReturn=false
Building Return [isResultSet=true, updateCount=-1, extendedReturn=false
Building Return [isResultSet=true, updateCount=-1, extendedReturn=false
Building Return [isResultSet=true, updateCount=-1, extendedReturn=false
20:07:48,999 WARN  [bill_processor] Weird character is: [ ]
20:07:49,000 INFO  [bill_processor] 7 lines loaded from lockbox_file_1.txt which is backup to Backup_SC030114_34.txt
20:07:49,000 INFO  [bill_processor] End loading file content from: test_files\lockbox_files\lockbox_file_1.txt
20:07:49,000 INFO  [bill_processor] Start processing MainframeImport data from: test_files\lockbox_files\lockbox_file_1.txt
Building Return [isResultSet=false, updateCount=-1, extendedReturn=false
20:07:49,005 INFO  [bill_processor] VALID_C_TRANSACTION: 	C 01      1112233031277  Mark I. Jason, III
Building Return [isResultSet=false, updateCount=-1, extendedReturn=false
20:07:49,008 INFO  [bill_processor] VALID_C_TRANSACTION: 	C 02      1112233031277  Chizago, IL 12345-1234
Building Return [isResultSet=false, updateCount=-1, extendedReturn=false
20:07:49,011 INFO  [bill_processor] VALID_C_TRANSACTION: 	C 10      1112233031277  new_ssn
20:07:49,014 INFO  [bill_processor] SUM_R_VALID: 	R ZZZ     ZZZZZZZ0000088888    
Building Return [isResultSet=false, updateCount=-1, extendedReturn=false
20:07:49,017 INFO  [bill_processor] VALID_R_TRANSACTION: 	R64445566 11122330312770008900020314 0    
Building Return [isResultSet=false, updateCount=-1, extendedReturn=false
20:07:49,020 INFO  [bill_processor] VALID_R_TRANSACTION: 	R67778899 11122330312770003412020214 1    
20:07:49,021 INFO  [bill_processor] End processing MainframeImport data from: test_files\lockbox_files\lockbox_file_1.txt
20:07:49,021 INFO  [bill_processor] Start collating new mainframe payments from: test_files\lockbox_files\lockbox_file_1.txt
Building Return [isResultSet=false, updateCount=-1, extendedReturn=false
20:07:49,025 INFO  [bill_processor] End collating new mainframe payments from: test_files\lockbox_files\lockbox_file_1.txt
20:07:49,025 INFO  [bill_processor] 
Service Credit imported a data file from the bank lockbox on March 2, 2014 at 8:07:49 PM CST.
Lockbox data imported into the dbName database on server dbHostName from computer batchProcessHostName.

# Lines in file = 7
# New Lines = 7
# Duplicate Lines = 0

# Records Processed = 6
# Check Payments = 1
# Good Check Payments = 1
# Bad Check Payments = 0
# Dupe Check Payments = 0
# ACH Payments = 1
# Good ACH Payments = 1
# Bad ACH Payments = 0
# Dupe ACH Payments = 0
# Bad Change Records = 0
# Good Change Records = 3
# No Match Change Records = 0
# Invalid Summary Records = 0
# Valid Summary Records = 1
# Successful Transactions = 5
# Failed Transactions = 0
# Invalid Lines = 0

Total Check Payments = 89
Total ACH Payments = 34.12
Total of Accepted Payments = 123.12
Total in File Summary (checksum) = 888.88
Total of Processed Transactions = 123.12


ERROR: THE BANK FILE CONTAINED 888.88 BUT 123.12 WAS IMPORTED INTO THE SERVICE CREDIT DATABASE. THE PROGRAM IMPORTED 765.76 LESS THAN THE BANK TOTAL.

No bad records in this batch.
5 = number of successful calls to the ProcessImportRecord function.

         Accepted Payments: 2
       Unresolved Payments: 0
        Suspended Payments: 0
-----------------------------------
Pending payments processed: 2

20:07:49,032 INFO  [bill_processor] Send email to general@opm.gov, subject = [Service Credit Import: BATCH IMPORT ERROR OUT OF BALANCE! ]. Message:
Service Credit Batch started at 8:07:48 PM CST on March 2, 2014. Batch done at 8:07:49 PM CST.

SUMMARY: THE FILE IMPORT HAD ERRORS. PLEASE CHECK THE 'Lockbox Import Errors' REPORT IN THE SERVICE CREDIT APPLICATION FOR DETAILS. THE ERROR INVOLVES PAYMENTS SO IT MUST BE FIXED AS SOON AS POSSIBLE.

   Number Type         Total
        1 ACH          34.12
        1 Check        89.00
============================
        2 All         123.12

        1 ACH payments accepted as Posted - Pending
        1 Check payments accepted as Posted - Pending


ERROR: THE BANK'S TOTAL WAS 888.88 BUT 123.12 WAS IMPORTED INTO THE SERVICE CREDIT DATABASE.
THE PROGRAM IMPORTED 765.76 LESS THAN THE BANK'S TOTAL.

3 total Lockbox records and summary totals.


SCRD read all 3 Lockbox change records.

DETAILS:
Audit Batch Log ID number is 34
File Contents:
 Number Type Description
      1 Good ACH Payments
      1 Good Check Payments
      3 Good Name or Address Changes
      1 Good Summary Records
      1 Good End-of-file markers
====================================
      7 Total Lines in Lockbox File

Lockbox File Name:
lockbox_file_1.txt
Backup File Name:
Backup_SC030114_34.txt

20:07:49,126 INFO  [bill_processor] End importing files in: test_files\lockbox_files
20:07:49,126 INFO  [bill_processor] Start cleaning old files in: test_files\old_files
20:07:49,126 INFO  [bill_processor] Old files cleaned: 0
20:07:49,126 INFO  [bill_processor] End cleaning old files in: test_files\old_files
20:07:49,126 INFO  [bill_processor] Service Credit Batch finished successfully.
20:07:49,218 INFO  [SMTPServer] SMTP server *:2983 stopping
20:07:49,223 INFO  [ServerThread] SMTP server *:2983 stopped
20:07:49,442 INFO  [SMTPServer] SMTP server *:2983 starting
20:07:49,446 INFO  [ServerThread] SMTP server *:2983 started
20:07:49,506 INFO  [bill_processor] Service Credit Batch started.
20:07:49,512 INFO  [bill_processor] Is today holiday : true
20:07:49,514 INFO  [bill_processor] Start importing files in: test_files\lockbox_files
20:07:49,514 INFO  [bill_processor] Start loading file content from: test_files\lockbox_files\lockbox_file_1.txt
Building Return [isResultSet=true, updateCount=-1, extendedReturn=false
Building Return [isResultSet=true, updateCount=-1, extendedReturn=false
Building Return [isResultSet=true, updateCount=-1, extendedReturn=false
Building Return [isResultSet=true, updateCount=-1, extendedReturn=false
Building Return [isResultSet=true, updateCount=-1, extendedReturn=false
Building Return [isResultSet=true, updateCount=-1, extendedReturn=false
Building Return [isResultSet=true, updateCount=-1, extendedReturn=false
20:07:49,527 WARN  [bill_processor] Weird character is: [ ]
20:07:49,527 INFO  [bill_processor] 7 lines loaded from lockbox_file_1.txt which is backup to Backup_SC030114_35.txt
20:07:49,528 INFO  [bill_processor] End loading file content from: test_files\lockbox_files\lockbox_file_1.txt
20:07:49,528 INFO  [bill_processor] Start processing MainframeImport data from: test_files\lockbox_files\lockbox_file_1.txt
Building Return [isResultSet=false, updateCount=-1, extendedReturn=false
20:07:49,531 INFO  [bill_processor] VALID_C_TRANSACTION: 	C 01      1112233031277  Mark I. Jason, III
Building Return [isResultSet=false, updateCount=-1, extendedReturn=false
20:07:49,535 INFO  [bill_processor] VALID_C_TRANSACTION: 	C 02      1112233031277  Chizago, IL 12345-1234
Building Return [isResultSet=false, updateCount=-1, extendedReturn=false
20:07:49,537 INFO  [bill_processor] VALID_C_TRANSACTION: 	C 10      1112233031277  new_ssn
20:07:49,561 INFO  [bill_processor] SUM_R_VALID: 	R ZZZ     ZZZZZZZ0000012312    
Building Return [isResultSet=false, updateCount=-1, extendedReturn=false
20:07:49,564 INFO  [bill_processor] VALID_R_TRANSACTION: 	R64445566 11122330312770008900020314 0    
Building Return [isResultSet=false, updateCount=-1, extendedReturn=false
20:07:49,567 INFO  [bill_processor] VALID_R_TRANSACTION: 	R67778899 11122330312770003412020214 1    
20:07:49,569 INFO  [bill_processor] End processing MainframeImport data from: test_files\lockbox_files\lockbox_file_1.txt
20:07:49,569 INFO  [bill_processor] Start collating new mainframe payments from: test_files\lockbox_files\lockbox_file_1.txt
Building Return [isResultSet=false, updateCount=-1, extendedReturn=false
20:07:49,574 INFO  [bill_processor] End collating new mainframe payments from: test_files\lockbox_files\lockbox_file_1.txt
20:07:49,575 INFO  [bill_processor] 
Service Credit imported a data file from the bank lockbox on March 2, 2014 at 8:07:49 PM CST.
Lockbox data imported into the dbName database on server dbHostName from computer batchProcessHostName.

# Lines in file = 7
# New Lines = 7
# Duplicate Lines = 0

# Records Processed = 6
# Check Payments = 1
# Good Check Payments = 1
# Bad Check Payments = 0
# Dupe Check Payments = 0
# ACH Payments = 1
# Good ACH Payments = 1
# Bad ACH Payments = 0
# Dupe ACH Payments = 0
# Bad Change Records = 0
# Good Change Records = 3
# No Match Change Records = 0
# Invalid Summary Records = 0
# Valid Summary Records = 1
# Successful Transactions = 5
# Failed Transactions = 0
# Invalid Lines = 0

Total Check Payments = 89
Total ACH Payments = 34.12
Total of Accepted Payments = 123.12
Total in File = 123.12

No bad records in this batch.
5 = number of successful calls to the ProcessImportRecord function.

         Accepted Payments: 2
       Unresolved Payments: 0
        Suspended Payments: 0
-----------------------------------
Pending payments processed: 2

20:07:49,581 INFO  [bill_processor] Send email to general@opm.gov, subject = [Service Credit Import: OK ]. Message:
Service Credit Batch started at 8:07:49 PM CST on March 2, 2014. Batch done at 8:07:49 PM CST.

SUMMARY: The file import was successful.

   Number Type         Total
        1 ACH          34.12
        1 Check        89.00
============================
        2 All         123.12

        1 ACH payments accepted as Posted - Pending
        1 Check payments accepted as Posted - Pending


3 total Lockbox records and summary totals.


SCRD read all 3 Lockbox change records.

DETAILS:
Audit Batch Log ID number is 35
File Contents:
 Number Type Description
      1 Good ACH Payments
      1 Good Check Payments
      3 Good Name or Address Changes
      1 Good Summary Records
      1 Good End-of-file markers
====================================
      7 Total Lines in Lockbox File

Lockbox File Name:
lockbox_file_1.txt
Backup File Name:
Backup_SC030114_35.txt

20:07:49,597 INFO  [bill_processor] End importing files in: test_files\lockbox_files
20:07:49,597 INFO  [bill_processor] Start cleaning old files in: test_files\old_files
20:07:49,598 INFO  [bill_processor] Old files cleaned: 0
20:07:49,598 INFO  [bill_processor] End cleaning old files in: test_files\old_files
20:07:49,598 INFO  [bill_processor] Service Credit Batch finished successfully.
20:07:49,708 INFO  [SMTPServer] SMTP server *:2983 stopping
20:07:49,713 INFO  [ServerThread] SMTP server *:2983 stopped
20:07:49,902 INFO  [SMTPServer] SMTP server *:2983 starting
20:07:49,909 INFO  [ServerThread] SMTP server *:2983 started
20:07:49,967 INFO  [bill_processor] Service Credit Batch started.
20:07:49,973 INFO  [bill_processor] Is today holiday : false
20:07:49,975 INFO  [bill_processor] Start importing files in: test_files\lockbox_files
20:07:49,975 INFO  [bill_processor] Start loading file content from: test_files\lockbox_files\lockbox_file_1.txt
Building Return [isResultSet=true, updateCount=-1, extendedReturn=false
Building Return [isResultSet=true, updateCount=-1, extendedReturn=false
Building Return [isResultSet=true, updateCount=-1, extendedReturn=false
Building Return [isResultSet=true, updateCount=-1, extendedReturn=false
Building Return [isResultSet=true, updateCount=-1, extendedReturn=false
Building Return [isResultSet=true, updateCount=-1, extendedReturn=false
Building Return [isResultSet=true, updateCount=-1, extendedReturn=false
20:07:49,986 INFO  [bill_processor] 7 lines loaded from lockbox_file_1.txt which is backup to Backup_SC030114_36.txt
20:07:49,986 INFO  [bill_processor] End loading file content from: test_files\lockbox_files\lockbox_file_1.txt
20:07:49,986 INFO  [bill_processor] Start processing MainframeImport data from: test_files\lockbox_files\lockbox_file_1.txt
Building Return [isResultSet=false, updateCount=-1, extendedReturn=false
20:07:49,989 INFO  [bill_processor] VALID_C_TRANSACTION: 	C 01      1112233031277  Mark I. Jason, III
Building Return [isResultSet=false, updateCount=-1, extendedReturn=false
20:07:49,993 INFO  [bill_processor] VALID_C_TRANSACTION: 	C 02      1112233031277  Chizago, IL 12345-1234
Building Return [isResultSet=false, updateCount=-1, extendedReturn=false
20:07:49,997 INFO  [bill_processor] VALID_C_TRANSACTION: 	C 10      1112233031277  new_ssn
20:07:49,999 INFO  [bill_processor] SUM_R_VALID: 	R ZZZ     ZZZZZZZ0000012312    
Building Return [isResultSet=false, updateCount=-1, extendedReturn=false
20:07:50,001 INFO  [bill_processor] VALID_R_TRANSACTION: 	R64445566 11122330312770008900020314 0    
Building Return [isResultSet=false, updateCount=-1, extendedReturn=false
20:07:50,003 INFO  [bill_processor] VALID_R_TRANSACTION: 	R67778899 11122330312770003412020214 1    
20:07:50,005 INFO  [bill_processor] End processing MainframeImport data from: test_files\lockbox_files\lockbox_file_1.txt
20:07:50,005 INFO  [bill_processor] Start collating new mainframe payments from: test_files\lockbox_files\lockbox_file_1.txt
Building Return [isResultSet=false, updateCount=-1, extendedReturn=false
20:07:50,008 INFO  [bill_processor] End collating new mainframe payments from: test_files\lockbox_files\lockbox_file_1.txt
20:07:50,008 INFO  [bill_processor] 
Service Credit imported a data file from the bank lockbox on March 2, 2014 at 8:07:50 PM CST.
Lockbox data imported into the dbName database on server dbHostName from computer batchProcessHostName.

# Lines in file = 7
# New Lines = 7
# Duplicate Lines = 0

# Records Processed = 6
# Check Payments = 1
# Good Check Payments = 1
# Bad Check Payments = 0
# Dupe Check Payments = 0
# ACH Payments = 1
# Good ACH Payments = 1
# Bad ACH Payments = 0
# Dupe ACH Payments = 0
# Bad Change Records = 0
# Good Change Records = 3
# No Match Change Records = 0
# Invalid Summary Records = 0
# Valid Summary Records = 1
# Successful Transactions = 5
# Failed Transactions = 0
# Invalid Lines = 0

Total Check Payments = 89
Total ACH Payments = 34.12
Total of Accepted Payments = 123.12
Total in File = 123.12

No bad records in this batch.
5 = number of successful calls to the ProcessImportRecord function.

         Accepted Payments: 2
       Unresolved Payments: 0
        Suspended Payments: 0
-----------------------------------
Pending payments processed: 2

20:07:50,015 INFO  [bill_processor] Send email to general@opm.gov, subject = [Service Credit Import: OK ]. Message:
Service Credit Batch started at 8:07:49 PM CST on March 2, 2014. Batch done at 8:07:50 PM CST.

SUMMARY: The file import was successful.

   Number Type         Total
        1 ACH          34.12
        1 Check        89.00
============================
        2 All         123.12

        1 ACH payments accepted as Posted - Pending
        1 Check payments accepted as Posted - Pending


3 total Lockbox records and summary totals.


SCRD read all 3 Lockbox change records.

DETAILS:
Audit Batch Log ID number is 36
File Contents:
 Number Type Description
      1 Good ACH Payments
      1 Good Check Payments
      3 Good Name or Address Changes
      1 Good Summary Records
      1 Good End-of-file markers
====================================
      7 Total Lines in Lockbox File

Lockbox File Name:
lockbox_file_1.txt
Backup File Name:
Backup_SC030114_36.txt

20:07:50,042 INFO  [bill_processor] End importing files in: test_files\lockbox_files
20:07:50,042 INFO  [bill_processor] Start cleaning old files in: test_files\old_files
20:07:50,043 INFO  [bill_processor] Old files cleaned: 0
20:07:50,043 INFO  [bill_processor] End cleaning old files in: test_files\old_files
20:07:50,043 INFO  [bill_processor] Start Bill Processing.
Building Return [isResultSet=true, updateCount=-1, extendedReturn=false
Building Return [isResultSet=true, updateCount=-1, extendedReturn=false
Building Return [isResultSet=true, updateCount=-1, extendedReturn=false
20:07:50,191 INFO  [bill_processor] Total Payment Records: 2
20:07:50,193 INFO  [bill_processor] End Bill Processing.
20:07:50,193 INFO  [bill_processor] Start daily account updating.
Building Return [isResultSet=true, updateCount=-1, extendedReturn=false
20:07:50,200 INFO  [bill_processor] Updated 2 master records to history or ACH Stop status.
20:07:50,200 INFO  [bill_processor] End daily account updating.
20:07:50,200 INFO  [bill_processor] Start making GL file: test_files\gl_files
Building Return [isResultSet=true, updateCount=-1, extendedReturn=false
20:07:50,275 INFO  [bill_processor] General Ledger file created.
20:07:50,275 INFO  [bill_processor] End making GL file: test_files\gl_files
20:07:50,278 INFO  [bill_processor] Send email to bill@opm.gov, subject = [Service Credit Nightly Batch: Good]. Message:
Service Credit Batch started at 8:07:49 PM CST on March 2, 2014. Batch done at 8:07:50 PM CST.



Boyers' printout count:
0 RI36-18 Receipt Invoices Printed.0 RI36-23 Initial Invoices Printed.
0 RI36-18 Reversed Invoices Printed.
0 Stop ACH Letters Printed.

DC's printout count: 
0 Refund Memos Printed.


Processed Successfully. 

Updated 2 master records to history or ACH Stop status.

General Ledger file created.

20:07:50,283 INFO  [bill_processor] Service Credit Batch finished successfully.
20:07:50,381 INFO  [SMTPServer] SMTP server *:2983 stopping
20:07:50,381 INFO  [DriverManagerConnectionProviderImpl] HHH000030: Cleaning up connection pool [jdbc:postgresql://localhost:5432/postgres]
]]></system-out>
  <system-err><![CDATA[]]></system-err>
</testsuite>
