<?xml version="1.0" encoding="UTF-8" ?>
<!--
    Copyright 2014 OPM.gov

    Licensed under the Apache License, Version 2.0 (the "License");
    you may not use this file except in compliance with the License.
    You may obtain a copy of the License at

       http://www.apache.org/licenses/LICENSE-2.0

    Unless required by applicable law or agreed to in writing, software
    distributed under the License is distributed on an "AS IS" BASIS,
    WITHOUT WARRANTIES OR CONDITIONS OF ANY KIND, either express or implied.
    See the License for the specific language governing permissions and
    limitations under the License.
-->

<testsuite errors="0" failures="0" hostname="PCC-PC" name="gov.opm.scrd.AllTests" tests="1251" time="14.881" timestamp="2014-03-02T12:00:56">
  <properties>
    <property name="java.vendor" value="Sun Microsystems Inc." />
    <property name="package" value="gov.opm.scrd" />
    <property name="core.build.dir" value="build/core" />
    <property name="sun.java.launcher" value="SUN_STANDARD" />
    <property name="sun.management.compiler" value="HotSpot 64-Bit Tiered Compilers" />
    <property name="ear.conf.dir" value="conf/ear" />
    <property name="ant.file.type.OPM - Batch Processing - Job Assembly" value="file" />
    <property name="rules.conf.dir" value="conf/rules" />
    <property name="os.name" value="Windows 7" />
    <property name="sun.boot.class.path" value="C:\Program Files\Java\jdk1.6.0_31\jre\lib\resources.jar;C:\Program Files\Java\jdk1.6.0_31\jre\lib\rt.jar;C:\Program Files\Java\jdk1.6.0_31\jre\lib\sunrsasign.jar;C:\Program Files\Java\jdk1.6.0_31\jre\lib\jsse.jar;C:\Program Files\Java\jdk1.6.0_31\jre\lib\jce.jar;C:\Program Files\Java\jdk1.6.0_31\jre\lib\charsets.jar;C:\Program Files\Java\jdk1.6.0_31\jre\lib\modules\jdk.boot.jar;C:\Program Files\Java\jdk1.6.0_31\jre\classes" />
    <property name="ant.file.opm dependencies" value="F:\contests\OPM\assembly\Batch_Processing_Calculation_Version_merge_02182014\build-dependencies.xml" />
    <property name="sun.desktop" value="windows" />
    <property name="web.dist.dir" value="dist/web" />
    <property name="java.vm.specification.vendor" value="Sun Microsystems Inc." />
    <property name="ant.home" value="C:\Downloads\ant\bin\.." />
    <property name="java.runtime.version" value="1.6.0_31-b05" />
    <property name="core.classes.dir" value="build/core/classes" />
    <property name="ejb.conf.dir" value="conf/ejb" />
    <property name="tests.classes.dir" value="build/tests/classes" />
    <property name="user.name" value="PCC" />
    <property name="postedPendingApprovalStatus.name" value="Payment Status 1" />
    <property name="ejb-dist-name" value="opm-scrd-ejb.jar" />
    <property name="csrsRetirementType.name" value="Retirement Type 1" />
    <property name="build.dir" value="build" />
    <property name="jpa.conf.dir" value="conf/jpa" />
    <property name="tests.src.dir" value="src/java/tests" />
    <property name="user.language" value="zh" />
    <property name="sun.boot.library.path" value="C:\Program Files\Java\jdk1.6.0_31\jre\bin" />
    <property name="tests.log.dir" value="log" />
    <property name="db.user" value="postgres" />
    <property name="ant.project.default-target" value="test-batch" />
    <property name="ant.project.name" value="OPM - Batch Processing - Job Assembly" />
    <property name="java.version" value="1.6.0_31" />
    <property name="user.timezone" value="" />
    <property name="log_dir" value="/Users/apple/opm_log" />
    <property name="dedepositPeriodType.id" value="2" />
    <property name="sun.arch.data.model" value="64" />
    <property name="java.endorsed.dirs" value="C:\Program Files\Java\jdk1.6.0_31\jre\lib\endorsed" />
    <property name="sun.cpu.isalist" value="amd64" />
    <property name="sun.jnu.encoding" value="MS950" />
    <property name="file.encoding.pkg" value="sun.io" />
    <property name="ant.file.type.opm dependencies" value="file" />
    <property name="file.separator" value="\" />
    <property name="java.specification.name" value="Java Platform API Specification" />
    <property name="java.class.version" value="50.0" />
    <property name="user.country" value="TW" />
    <property name="ejb.src.dir" value="src/java/ejb" />
    <property name="java.home" value="C:\Program Files\Java\jdk1.6.0_31\jre" />
    <property name="dist.dir" value="dist" />
    <property name="ejb.build.dir" value="build/ejb" />
    <property name="java.vm.info" value="mixed mode" />
    <property name="ant.file" value="F:\contests\OPM\assembly\Batch_Processing_Calculation_Version_merge_02182014\build.xml" />
    <property name="os.version" value="6.1" />
    <property name="db.pass" value="123@ewss" />
    <property name="path.separator" value=";" />
    <property name="ear-file" value="opm.ear" />
    <property name="java.vm.version" value="20.6-b01" />
    <property name="user.variant" value="" />
    <property name="web-dist-name" value="opm-scrd-web.war" />
    <property name="web.dir" value="src/web" />
    <property name="ant.library.dir" value="C:\Downloads\ant\lib" />
    <property name="web.conf.dir" value="conf/web" />
    <property name="java.awt.printerjob" value="sun.awt.windows.WPrinterJob" />
    <property name="jboss.modules.dir" value="conf/jboss/modules" />
    <property name="sun.io.unicode.encoding" value="UnicodeLittle" />
    <property name="awt.toolkit" value="sun.awt.windows.WToolkit" />
    <property name="redepositPeriodType.name" value="DEPOSIT" />
    <property name="core.src.dir" value="src/java/core" />
    <property name="ear.build.dir" value="build/ear" />
    <property name="user.home" value="C:\Users\PCC" />
    <property name="db.url" value="jdbc:postgresql://localhost:5432/postgres" />
    <property name="java.specification.vendor" value="Sun Microsystems Inc." />
    <property name="successCalculationStatus.name" value="Calculation Status 1" />
    <property name="db.driver" value="org.postgresql.Driver" />
    <property name="java.vendor.url" value="http://java.sun.com/" />
    <property name="java.library.path" value="C:\Program Files\Java\jdk1.6.0_31\jre\bin;C:\Windows\Sun\Java\bin;C:\Windows\system32;C:\Windows;C:\Program Files (x86)\NVIDIA Corporation\PhysX\Common;C:\Windows\system32;C:\Windows;C:\Windows\System32\Wbem;C:\Windows\System32\WindowsPowerShell\v1.0\;C:\Program Files (x86)\MySQL\MySQL Utilities 1.3.4\;C:\Downloads\ant\bin\;C:\Program Files (x86)\IDM Computer Solutions\UltraEdit\;." />
    <property name="java.vm.vendor" value="Sun Microsystems Inc." />
    <property name="redepositPeriodType.id" value="1" />
    <property name="ejb.classes.dir" value="build/ejb/classes" />
    <property name="java.runtime.name" value="Java(TM) SE Runtime Environment" />
    <property name="ant.version" value="Apache Ant(TM) version 1.8.4 compiled on May 22 2012" />
    <property name="java.class.path" value="F:\contests\OPM\assembly\Batch_Processing_Calculation_Version_merge_02182014\build\tests\classes;F:\contests\OPM\assembly\Batch_Processing_Calculation_Version_merge_02182014\lib\j2ee\jboss-ejb-api_3.1_spec-1.0.2.Final-redhat-2.jar;F:\contests\OPM\assembly\Batch_Processing_Calculation_Version_merge_02182014\lib\j2ee\jboss-interceptors-api_1.1_spec-1.0.1.Final-redhat-2.jar;F:\contests\OPM\assembly\Batch_Processing_Calculation_Version_merge_02182014\lib\drools-5.5\antlr-2.7.7.jar;F:\contests\OPM\assembly\Batch_Processing_Calculation_Version_merge_02182014\lib\drools-5.5\antlr-3.3.jar;F:\contests\OPM\assembly\Batch_Processing_Calculation_Version_merge_02182014\lib\drools-5.5\antlr-runtime-3.3.jar;F:\contests\OPM\assembly\Batch_Processing_Calculation_Version_merge_02182014\lib\drools-5.5\bcmail-jdk14-138.jar;F:\contests\OPM\assembly\Batch_Processing_Calculation_Version_merge_02182014\lib\drools-5.5\bcprov-jdk14-138.jar;F:\contests\OPM\assembly\Batch_Processing_Calculation_Version_merge_02182014\lib\drools-5.5\dom4j-1.6.1.jar;F:\contests\OPM\assembly\Batch_Processing_Calculation_Version_merge_02182014\lib\drools-5.5\drools-clips-5.5.0.Final.jar;F:\contests\OPM\assembly\Batch_Processing_Calculation_Version_merge_02182014\lib\drools-5.5\drools-compiler-5.5.0.Final.jar;F:\contests\OPM\assembly\Batch_Processing_Calculation_Version_merge_02182014\lib\drools-5.5\drools-core-5.5.0.Final.jar;F:\contests\OPM\assembly\Batch_Processing_Calculation_Version_merge_02182014\lib\drools-5.5\drools-decisiontables-5.5.0.Final.jar;F:\contests\OPM\assembly\Batch_Processing_Calculation_Version_merge_02182014\lib\drools-5.5\drools-jsr94-5.5.0.Final.jar;F:\contests\OPM\assembly\Batch_Processing_Calculation_Version_merge_02182014\lib\drools-5.5\drools-persistence-jpa-5.5.0.Final.jar;F:\contests\OPM\assembly\Batch_Processing_Calculation_Version_merge_02182014\lib\drools-5.5\drools-spring-5.5.0.Final.jar;F:\contests\OPM\assembly\Batch_Processing_Calculation_Version_merge_02182014\lib\drools-5.5\drools-templates-5.5.0.Final.jar;F:\contests\OPM\assembly\Batch_Processing_Calculation_Version_merge_02182014\lib\drools-5.5\drools-verifier-5.5.0.Final.jar;F:\contests\OPM\assembly\Batch_Processing_Calculation_Version_merge_02182014\lib\drools-5.5\ecj-3.5.1.jar;F:\contests\OPM\assembly\Batch_Processing_Calculation_Version_merge_02182014\lib\drools-5.5\guava-r06.jar;F:\contests\OPM\assembly\Batch_Processing_Calculation_Version_merge_02182014\lib\drools-5.5\itext-2.1.2.jar;F:\contests\OPM\assembly\Batch_Processing_Calculation_Version_merge_02182014\lib\drools-5.5\jsr94-1.1.jar;F:\contests\OPM\assembly\Batch_Processing_Calculation_Version_merge_02182014\lib\drools-5.5\jxl-2.6.10.jar;F:\contests\OPM\assembly\Batch_Processing_Calculation_Version_merge_02182014\lib\drools-5.5\knowledge-api-5.5.0.Final.jar;F:\contests\OPM\assembly\Batch_Processing_Calculation_Version_merge_02182014\lib\drools-5.5\knowledge-internal-api-5.5.0.Final.jar;F:\contests\OPM\assembly\Batch_Processing_Calculation_Version_merge_02182014\lib\drools-5.5\log4j-1.2.14.jar;F:\contests\OPM\assembly\Batch_Processing_Calculation_Version_merge_02182014\lib\drools-5.5\mvel2-2.1.3.Final.jar;F:\contests\OPM\assembly\Batch_Processing_Calculation_Version_merge_02182014\lib\drools-5.5\protobuf-java-2.4.1.jar;F:\contests\OPM\assembly\Batch_Processing_Calculation_Version_merge_02182014\lib\drools-5.5\stringtemplate-3.2.1.jar;F:\contests\OPM\assembly\Batch_Processing_Calculation_Version_merge_02182014\lib\drools-5.5\xml-apis-1.3.04.jar;F:\contests\OPM\assembly\Batch_Processing_Calculation_Version_merge_02182014\lib\drools-5.5\xmlpull-1.1.3.1.jar;F:\contests\OPM\assembly\Batch_Processing_Calculation_Version_merge_02182014\lib\drools-5.5\xpp3_min-1.1.4c.jar;F:\contests\OPM\assembly\Batch_Processing_Calculation_Version_merge_02182014\lib\drools-5.5\xstream-1.4.1.jar;F:\contests\OPM\assembly\Batch_Processing_Calculation_Version_merge_02182014\lib\postgresql\postgresql-9.2-1003.jdbc4.jar;F:\contests\OPM\assembly\Batch_Processing_Calculation_Version_merge_02182014\lib\jackson-2.2.3\jackson-annotations-2.2.3.jar;F:\contests\OPM\assembly\Batch_Processing_Calculation_Version_merge_02182014\lib\jackson-2.2.3\jackson-core-2.2.3.jar;F:\contests\OPM\assembly\Batch_Processing_Calculation_Version_merge_02182014\lib\jackson-2.2.3\jackson-databind-2.2.3.jar;F:\contests\OPM\assembly\Batch_Processing_Calculation_Version_merge_02182014\lib\hibernate-4.3.1\ehcache-core-2.4.3.jar;F:\contests\OPM\assembly\Batch_Processing_Calculation_Version_merge_02182014\lib\hibernate-4.3.1\hibernate-commons-annotations-4.0.4.Final.jar;F:\contests\OPM\assembly\Batch_Processing_Calculation_Version_merge_02182014\lib\hibernate-4.3.1\hibernate-core-4.3.1.Final.jar;F:\contests\OPM\assembly\Batch_Processing_Calculation_Version_merge_02182014\lib\hibernate-4.3.1\hibernate-ehcache-4.3.1.Final.jar;F:\contests\OPM\assembly\Batch_Processing_Calculation_Version_merge_02182014\lib\hibernate-4.3.1\hibernate-entitymanager-4.3.1.Final.jar;F:\contests\OPM\assembly\Batch_Processing_Calculation_Version_merge_02182014\lib\hibernate-4.3.1\hibernate-envers-4.3.1.Final.jar;F:\contests\OPM\assembly\Batch_Processing_Calculation_Version_merge_02182014\lib\hibernate-4.3.1\hibernate-jpa-2.1-api-1.0.0.Final.jar;F:\contests\OPM\assembly\Batch_Processing_Calculation_Version_merge_02182014\lib\hibernate-4.3.1\hibernate-osgi-4.3.1.Final.jar;F:\contests\OPM\assembly\Batch_Processing_Calculation_Version_merge_02182014\lib\hibernate-4.3.1\jandex-1.1.0.Final.jar;F:\contests\OPM\assembly\Batch_Processing_Calculation_Version_merge_02182014\lib\hibernate-4.3.1\javassist-3.18.1-GA.jar;F:\contests\OPM\assembly\Batch_Processing_Calculation_Version_merge_02182014\lib\hibernate-4.3.1\jboss-logging-3.1.3.GA.jar;F:\contests\OPM\assembly\Batch_Processing_Calculation_Version_merge_02182014\lib\hibernate-4.3.1\jboss-logging-annotations-1.2.0.Beta1.jar;F:\contests\OPM\assembly\Batch_Processing_Calculation_Version_merge_02182014\lib\hibernate-4.3.1\jboss-transaction-api_1.2_spec-1.0.0.Final.jar;F:\contests\OPM\assembly\Batch_Processing_Calculation_Version_merge_02182014\lib\hibernate-4.3.1\org.osgi.compendium-4.3.1.jar;F:\contests\OPM\assembly\Batch_Processing_Calculation_Version_merge_02182014\lib\hibernate-4.3.1\org.osgi.core-4.3.1.jar;F:\contests\OPM\assembly\Batch_Processing_Calculation_Version_merge_02182014\lib\spring-3.2.3\aopalliance-1.0.jar;F:\contests\OPM\assembly\Batch_Processing_Calculation_Version_merge_02182014\lib\spring-3.2.3\commons-logging-1.1.1.jar;F:\contests\OPM\assembly\Batch_Processing_Calculation_Version_merge_02182014\lib\spring-3.2.3\spring-aop-3.2.3.RELEASE.jar;F:\contests\OPM\assembly\Batch_Processing_Calculation_Version_merge_02182014\lib\spring-3.2.3\spring-beans-3.2.3.RELEASE.jar;F:\contests\OPM\assembly\Batch_Processing_Calculation_Version_merge_02182014\lib\spring-3.2.3\spring-context-3.2.3.RELEASE.jar;F:\contests\OPM\assembly\Batch_Processing_Calculation_Version_merge_02182014\lib\spring-3.2.3\spring-context-support-3.2.3.RELEASE.jar;F:\contests\OPM\assembly\Batch_Processing_Calculation_Version_merge_02182014\lib\spring-3.2.3\spring-core-3.2.3.RELEASE.jar;F:\contests\OPM\assembly\Batch_Processing_Calculation_Version_merge_02182014\lib\spring-3.2.3\spring-expression-3.2.3.RELEASE.jar;F:\contests\OPM\assembly\Batch_Processing_Calculation_Version_merge_02182014\lib\spring-3.2.3\spring-orm-3.2.3.RELEASE.jar;F:\contests\OPM\assembly\Batch_Processing_Calculation_Version_merge_02182014\lib\spring-3.2.3\spring-test-3.2.3.RELEASE.jar;F:\contests\OPM\assembly\Batch_Processing_Calculation_Version_merge_02182014\lib\spring-3.2.3\spring-tx-3.2.3.RELEASE.jar;F:\contests\OPM\assembly\Batch_Processing_Calculation_Version_merge_02182014\lib\spring-3.2.3\spring-web-3.2.3.RELEASE.jar;F:\contests\OPM\assembly\Batch_Processing_Calculation_Version_merge_02182014\lib\spring-3.2.3\spring-webmvc-3.2.3.RELEASE.jar;F:\contests\OPM\assembly\Batch_Processing_Calculation_Version_merge_02182014\lib\spring-3.2.3\standard-1.1.2.jar;F:\contests\OPM\assembly\Batch_Processing_Calculation_Version_merge_02182014\lib\joda-time-2.3\joda-time-2.3.jar;F:\contests\OPM\assembly\Batch_Processing_Calculation_Version_merge_02182014\lib\quartz-1.8.6\quartz-1.8.6.jar;F:\contests\OPM\assembly\Batch_Processing_Calculation_Version_merge_02182014\lib\velocity-1.7\commons-collections-3.2.1.jar;F:\contests\OPM\assembly\Batch_Processing_Calculation_Version_merge_02182014\lib\velocity-1.7\commons-lang-2.4.jar;F:\contests\OPM\assembly\Batch_Processing_Calculation_Version_merge_02182014\lib\velocity-1.7\jdom-1.0.jar;F:\contests\OPM\assembly\Batch_Processing_Calculation_Version_merge_02182014\lib\velocity-1.7\oro-2.0.8.jar;F:\contests\OPM\assembly\Batch_Processing_Calculation_Version_merge_02182014\lib\velocity-1.7\velocity-1.7.jar;F:\contests\OPM\assembly\Batch_Processing_Calculation_Version_merge_02182014\lib\velocity-1.7\velocity-tools-2.0.jar;F:\contests\OPM\assembly\Batch_Processing_Calculation_Version_merge_02182014\lib\mail-1.4.5\activation-1.1.jar;F:\contests\OPM\assembly\Batch_Processing_Calculation_Version_merge_02182014\lib\mail-1.4.5\mail-1.4.5.jar;F:\contests\OPM\assembly\Batch_Processing_Calculation_Version_merge_02182014\lib\slf4j-1.7.5\slf4j-api-1.7.5.jar;F:\contests\OPM\assembly\Batch_Processing_Calculation_Version_merge_02182014\lib\slf4j-1.7.5\slf4j-log4j12-1.7.5.jar;F:\contests\OPM\assembly\Batch_Processing_Calculation_Version_merge_02182014\testlib\junit-4.10\junit-4.10.jar;F:\contests\OPM\assembly\Batch_Processing_Calculation_Version_merge_02182014\testlib\subethasmtp-3.1.6\subethasmtp-3.1.6.jar;F:\contests\OPM\assembly\Batch_Processing_Calculation_Version_merge_02182014\build\core\classes;F:\contests\OPM\assembly\Batch_Processing_Calculation_Version_merge_02182014\build\ejb\classes;F:\contests\OPM\assembly\Batch_Processing_Calculation_Version_merge_02182014\test_files;F:\contests\OPM\assembly\Batch_Processing_Calculation_Version_merge_02182014\conf;C:\Downloads\ant\lib\ant-launcher.jar;C:\Downloads\ant\lib\ant.jar;C:\Downloads\ant\lib\ant-junit.jar;C:\Downloads\ant\lib\ant-junit4.jar" />
    <property name="sun.java.command" value="org.apache.tools.ant.taskdefs.optional.junit.JUnitTestRunner gov.opm.scrd.AllTests filtertrace=true haltOnError=false haltOnFailure=false showoutput=false outputtoformatters=true logfailedtests=true logtestlistenerevents=false formatter=org.apache.tools.ant.taskdefs.optional.junit.PlainJUnitResultFormatter,F:\contests\OPM\assembly\Batch_Processing_Calculation_Version_merge_02182014\log\TEST-gov.opm.scrd.AllTests.txt formatter=org.apache.tools.ant.taskdefs.optional.junit.XMLJUnitResultFormatter,F:\contests\OPM\assembly\Batch_Processing_Calculation_Version_merge_02182014\log\TEST-gov.opm.scrd.AllTests.xml crashfile=F:\contests\OPM\assembly\Batch_Processing_Calculation_Version_merge_02182014\junitvmwatcher4032132034925623840.properties propsfile=F:\contests\OPM\assembly\Batch_Processing_Calculation_Version_merge_02182014\junit8307410613237058084.properties" />
    <property name="tests.build.dir" value="build/tests" />
    <property name="web.build.dir" value="build/web" />
    <property name="java.vm.specification.name" value="Java Virtual Machine Specification" />
    <property name="web.classes.dir" value="build/web/classes" />
    <property name="ant.file.type" value="file" />
    <property name="java.vm.specification.version" value="1.0" />
    <property name="sun.os.patch.level" value="Service Pack 1" />
    <property name="sun.cpu.endian" value="little" />
    <property name="successCalculationStatus.id" value="1" />
    <property name="java.io.tmpdir" value="C:\Users\PCC\AppData\Local\Temp\" />
    <property name="java.vendor.url.bug" value="http://java.sun.com/cgi-bin/bugreport.cgi" />
    <property name="web.src.dir" value="src/java/web" />
    <property name="conf.dir" value="conf" />
    <property name="dedepositPeriodType.name" value="DEDEPOSIT" />
    <property name="java.awt.graphicsenv" value="sun.awt.Win32GraphicsEnvironment" />
    <property name="os.arch" value="amd64" />
    <property name="java.ext.dirs" value="C:\Program Files\Java\jdk1.6.0_31\jre\lib\ext;C:\Windows\Sun\Java\lib\ext" />
    <property name="user.dir" value="F:\contests\OPM\assembly\Batch_Processing_Calculation_Version_merge_02182014" />
    <property name="line.separator" value="&#xd;&#xa;" />
    <property name="loggerName" value="gov.opm.scrd" />
    <property name="java.vm.name" value="Java HotSpot(TM) 64-Bit Server VM" />
    <property name="ejb.dist.dir" value="dist/ejb" />
    <property name="jboss.conf.dir" value="conf/jboss" />
    <property name="basedir" value="F:\contests\OPM\assembly\Batch_Processing_Calculation_Version_merge_02182014" />
    <property name="csrsRetirementType.id" value="1" />
    <property name="ant.file.OPM - Batch Processing - Job Assembly" value="F:\contests\OPM\assembly\Batch_Processing_Calculation_Version_merge_02182014\build.xml" />
    <property name="ant.java.version" value="1.6" />
    <property name="ant.core.lib" value="C:\Downloads\ant\lib\ant.jar" />
    <property name="file.encoding" value="MS950" />
    <property name="postedPendingApprovalStatus.id" value="1" />
    <property name="core-dist-name" value="opm-scrd-core.jar" />
    <property name="core.dist.dir" value="dist/core" />
    <property name="java.specification.version" value="1.6" />
    <property name="src.dir" value="src" />
    <property name="ant.project.invoked-targets" value="test" />
    <property name="submission.jar" value="opm_batch_process_job_module_assembly_1.0.0_submission.jar" />
  </properties>
  <testcase classname="gov.opm.scrd.PersistenceTests" name="test_Payment" time="0.528" />
  <testcase classname="gov.opm.scrd.PersistenceTests" name="test_AccountConfirmationValidation" time="0.265" />
  <testcase classname="gov.opm.scrd.PersistenceTests" name="test_AccountNote" time="0.212" />
  <testcase classname="gov.opm.scrd.PersistenceTests" name="test_Account" time="0.384" />
  <testcase classname="gov.opm.scrd.PersistenceTests" name="test_CalculationVersion" time="0.309" />
  <testcase classname="gov.opm.scrd.PersistenceTests" name="test_AccountHolder" time="0.179" />
  <testcase classname="gov.opm.scrd.PersistenceTests" name="test_PaymentReverse" time="0.159" />
  <testcase classname="gov.opm.scrd.PersistenceTests" name="test_RefundTransaction" time="0.212" />
  <testcase classname="gov.opm.scrd.PersistenceTests" name="test_AuditRecord" time="0.187" />
  <testcase classname="gov.opm.scrd.PersistenceTests" name="test_HelpItem" time="0.15" />
  <testcase classname="gov.opm.scrd.PersistenceTests" name="test_Printout" time="0.137" />
  <testcase classname="gov.opm.scrd.PersistenceTests" name="test_ServiceCreditPreference" time="0.135" />
  <testcase classname="gov.opm.scrd.PersistenceTests" name="test_Notification" time="0.137" />
  <testcase classname="gov.opm.scrd.PersistenceTests" name="test_Info" time="0.13" />
  <testcase classname="gov.opm.scrd.PersistenceTests" name="test_Error" time="0.146" />
  <testcase classname="gov.opm.scrd.PersistenceTests" name="test_RolePermission" time="0.127" />
  <testcase classname="gov.opm.scrd.PersistenceTests" name="test_UserPermission" time="0.126" />
  <testcase classname="gov.opm.scrd.PersistenceTests" name="test_User" time="0.139" />
  <testcase classname="gov.opm.scrd.PersistenceTests" name="test_BatchDailyPayments" time="0.151" />
  <testcase classname="gov.opm.scrd.PersistenceTests" name="test_AuditBatch" time="0.138" />
  <testcase classname="gov.opm.scrd.PersistenceTests" name="test_NewClaimNumber" time="0.136" />
  <testcase classname="gov.opm.scrd.PersistenceTests" name="test_AnnuitantList" time="0.146" />
  <testcase classname="gov.opm.scrd.PersistenceTests" name="test_TimeFactor" time="0.182" />
  <testcase classname="gov.opm.scrd.PersistenceTests" name="test_ContactInfo" time="0.123" />
  <testcase classname="gov.opm.scrd.PersistenceTests" name="test_InterestSuppression" time="0.129" />
  <testcase classname="gov.opm.scrd.PersistenceTests" name="test_GLPaymentType" time="0.127" />
  <testcase classname="gov.opm.scrd.PersistenceTests" name="test_SCMFirstInsert" time="0.125" />
  <testcase classname="gov.opm.scrd.PersistenceTests" name="test_Holiday" time="0.125" />
  <testcase classname="gov.opm.scrd.PersistenceTests" name="test_DeductionRate" time="0.146" />
  <testcase classname="gov.opm.scrd.PersistenceTests" name="test_InterestGracePeriod" time="0.149" />
  <testcase classname="gov.opm.scrd.PersistenceTests" name="test_GLCode" time="0.141" />
  <testcase classname="gov.opm.scrd.PersistenceTests" name="test_ClaimWithoutService" time="0.143" />
  <testcase classname="gov.opm.scrd.PersistenceTests" name="test_PaymentTransactionNote" time="0.157" />
  <testcase classname="gov.opm.scrd.PersistenceTests" name="test_PaymentMoveTransaction" time="0.157" />
  <testcase classname="gov.opm.scrd.PersistenceTests" name="test_InterestRate" time="0.174" />
  <testcase classname="gov.opm.scrd.PersistenceTests" name="test_PaymentInterestDetail" time="0.144" />
  <testcase classname="gov.opm.scrd.PersistenceTests" name="test_AdjustmentTransaction" time="0.223" />
  <testcase classname="gov.opm.scrd.PersistenceTests" name="test_Invoice" time="0.145" />
  <testcase classname="gov.opm.scrd.PersistenceTests" name="test_A01PrintSuppressionCases" time="0.74" />
  <testcase classname="gov.opm.scrd.PersistenceTests" name="test_UserAccountAssignment" time="0.15" />
  <testcase classname="gov.opm.scrd.PersistenceTests" name="test_PaymentRefundLink" time="0.127" />
  <testcase classname="gov.opm.scrd.PersistenceTests" name="test_PaymentsAppliedOrderCode" time="0.124" />
  <testcase classname="gov.opm.scrd.PersistenceTests" name="test_PayTransStatusCode" time="0.098" />
  <testcase classname="gov.opm.scrd.PersistenceTests" name="test_ChangeTransFieldNumberCode" time="0.09" />
  <testcase classname="gov.opm.scrd.PersistenceTests" name="test_PaymentAppliedOrder" time="0.106" />
  <testcase classname="gov.opm.scrd.PersistenceTests" name="test_PayCode" time="0.089" />
  <testcase classname="gov.opm.scrd.PersistenceTests" name="test_AgencyCode" time="0.093" />
  <testcase classname="gov.opm.scrd.PersistenceTests" name="test_FormType" time="0.093" />
  <testcase classname="gov.opm.scrd.PersistenceTests" name="test_Suffix" time="0.092" />
  <testcase classname="gov.opm.scrd.PersistenceTests" name="test_PeriodType" time="0.089" />
  <testcase classname="gov.opm.scrd.PersistenceTests" name="test_State" time="0.104" />
  <testcase classname="gov.opm.scrd.PersistenceTests" name="test_Country" time="0.092" />
  <testcase classname="gov.opm.scrd.PersistenceTests" name="test_AccountStatus" time="0.089" />
  <testcase classname="gov.opm.scrd.PersistenceTests" name="test_RetirementType" time="0.09" />
  <testcase classname="gov.opm.scrd.PersistenceTests" name="test_ServiceType" time="0.088" />
  <testcase classname="gov.opm.scrd.PersistenceTests" name="test_Role" time="0.088" />
  <testcase classname="gov.opm.scrd.PersistenceTests" name="test_AppointmentType" time="0.089" />
  <testcase classname="gov.opm.scrd.PersistenceTests" name="test_PayType" time="0.09" />
  <testcase classname="gov.opm.scrd.PersistenceTests" name="test_PaymentReversalReason" time="0.088" />
  <testcase classname="gov.opm.scrd.PersistenceTests" name="test_ApplicationDesignation" time="0.092" />
  <testcase classname="gov.opm.scrd.PersistenceTests" name="test_PaymentStatus" time="0.088" />
  <testcase classname="gov.opm.scrd.PersistenceTests" name="test_ClaimOfficer" time="0.087" />
  <testcase classname="gov.opm.scrd.PersistenceTests" name="test_UserStatus" time="0.089" />
  <testcase classname="gov.opm.scrd.PersistenceTests" name="test_TransferType" time="0.089" />
  <testcase classname="gov.opm.scrd.PersistenceTests" name="test_CalculationStatus" time="0.089" />
  <testcase classname="gov.opm.scrd.entities.common.DescriptiveNamedEntityUnitTests" name="testCtor" time="0.0010" />
  <testcase classname="gov.opm.scrd.entities.common.DescriptiveNamedEntityUnitTests" name="test_getDescription" time="0.0" />
  <testcase classname="gov.opm.scrd.entities.common.DescriptiveNamedEntityUnitTests" name="test_setDescription" time="0.0" />
  <testcase classname="gov.opm.scrd.entities.common.OrderedNamedEntityUnitTests" name="testCtor" time="0.0" />
  <testcase classname="gov.opm.scrd.entities.common.OrderedNamedEntityUnitTests" name="test_getDisplayOrder" time="0.0" />
  <testcase classname="gov.opm.scrd.entities.common.OrderedNamedEntityUnitTests" name="test_setDisplayOrder" time="0.0" />
  <testcase classname="gov.opm.scrd.entities.common.IdentifiableEntityUnitTests" name="testCtor" time="0.0020" />
  <testcase classname="gov.opm.scrd.entities.common.IdentifiableEntityUnitTests" name="test_getId" time="0.0010" />
  <testcase classname="gov.opm.scrd.entities.common.IdentifiableEntityUnitTests" name="test_setId" time="0.0" />
  <testcase classname="gov.opm.scrd.entities.common.IdentifiableEntityUnitTests" name="test_isDeleted" time="0.0" />
  <testcase classname="gov.opm.scrd.entities.common.IdentifiableEntityUnitTests" name="test_setDeleted" time="0.0" />
  <testcase classname="gov.opm.scrd.entities.common.IdentifiableEntityUnitTests" name="test_equals_False1" time="0.0" />
  <testcase classname="gov.opm.scrd.entities.common.IdentifiableEntityUnitTests" name="test_equals_False2" time="0.0" />
  <testcase classname="gov.opm.scrd.entities.common.IdentifiableEntityUnitTests" name="test_equals_False3" time="0.0" />
  <testcase classname="gov.opm.scrd.entities.common.IdentifiableEntityUnitTests" name="test_equals_False4" time="0.0" />
  <testcase classname="gov.opm.scrd.entities.common.IdentifiableEntityUnitTests" name="test_equals_True1" time="0.0" />
  <testcase classname="gov.opm.scrd.entities.common.IdentifiableEntityUnitTests" name="test_equals_True2" time="0.0" />
  <testcase classname="gov.opm.scrd.entities.common.IdentifiableEntityUnitTests" name="test_hashCode" time="0.0" />
  <testcase classname="gov.opm.scrd.entities.common.IdentifiableEntityUnitTests" name="test_toString" time="0.152" />
  <testcase classname="gov.opm.scrd.entities.common.NamedEntityUnitTests" name="testCtor" time="0.0" />
  <testcase classname="gov.opm.scrd.entities.common.NamedEntityUnitTests" name="test_getName" time="0.0" />
  <testcase classname="gov.opm.scrd.entities.common.NamedEntityUnitTests" name="test_setName" time="0.0" />
  <testcase classname="gov.opm.scrd.entities.common.BaseSearchParametersUnitTests" name="testCtor" time="0.0" />
  <testcase classname="gov.opm.scrd.entities.common.BaseSearchParametersUnitTests" name="test_toString" time="0.0030" />
  <testcase classname="gov.opm.scrd.entities.common.BaseSearchParametersUnitTests" name="test_getSortColumn" time="0.0" />
  <testcase classname="gov.opm.scrd.entities.common.BaseSearchParametersUnitTests" name="test_setSortColumn" time="0.0" />
  <testcase classname="gov.opm.scrd.entities.common.BaseSearchParametersUnitTests" name="test_getSortOrder" time="0.0" />
  <testcase classname="gov.opm.scrd.entities.common.BaseSearchParametersUnitTests" name="test_setSortOrder" time="0.0" />
  <testcase classname="gov.opm.scrd.entities.common.BasicSearchFilterUnitTests" name="testCtor" time="0.0010" />
  <testcase classname="gov.opm.scrd.entities.common.BasePagedSearchParametersUnitTests" name="testCtor" time="0.0" />
  <testcase classname="gov.opm.scrd.entities.common.BasePagedSearchParametersUnitTests" name="test_getPageNumber" time="0.0" />
  <testcase classname="gov.opm.scrd.entities.common.BasePagedSearchParametersUnitTests" name="test_setPageNumber" time="0.0" />
  <testcase classname="gov.opm.scrd.entities.common.BasePagedSearchParametersUnitTests" name="test_getPageSize" time="0.0" />
  <testcase classname="gov.opm.scrd.entities.common.BasePagedSearchParametersUnitTests" name="test_setPageSize" time="0.0" />
  <testcase classname="gov.opm.scrd.entities.common.BasicPagedSearchFilterUnitTests" name="testCtor" time="0.0" />
  <testcase classname="gov.opm.scrd.entities.common.SearchResultUnitTests" name="testCtor" time="0.0" />
  <testcase classname="gov.opm.scrd.entities.common.SearchResultUnitTests" name="test_getTotal" time="0.0" />
  <testcase classname="gov.opm.scrd.entities.common.SearchResultUnitTests" name="test_setTotal" time="0.0" />
  <testcase classname="gov.opm.scrd.entities.common.SearchResultUnitTests" name="test_getTotalPageCount" time="0.0" />
  <testcase classname="gov.opm.scrd.entities.common.SearchResultUnitTests" name="test_setTotalPageCount" time="0.0" />
  <testcase classname="gov.opm.scrd.entities.common.SearchResultUnitTests" name="test_getItems" time="0.0" />
  <testcase classname="gov.opm.scrd.entities.common.SearchResultUnitTests" name="test_setItems" time="0.0" />
  <testcase classname="gov.opm.scrd.entities.application.PaymentsAppliedOrderCodeUnitTests" name="testCtor" time="0.0010" />
  <testcase classname="gov.opm.scrd.entities.application.PaymentsAppliedOrderCodeUnitTests" name="test_getDisplayOrder" time="0.0" />
  <testcase classname="gov.opm.scrd.entities.application.PaymentsAppliedOrderCodeUnitTests" name="test_setDisplayOrder" time="0.0" />
  <testcase classname="gov.opm.scrd.entities.application.PaymentsAppliedOrderCodeUnitTests" name="test_getPaymentAccount" time="0.0010" />
  <testcase classname="gov.opm.scrd.entities.application.PaymentsAppliedOrderCodeUnitTests" name="test_setPaymentAccount" time="0.0" />
  <testcase classname="gov.opm.scrd.entities.application.A01PrintSuppressionCasesUnitTests" name="testCtor" time="0.0" />
  <testcase classname="gov.opm.scrd.entities.application.A01PrintSuppressionCasesUnitTests" name="test_getClaimNumber" time="0.0" />
  <testcase classname="gov.opm.scrd.entities.application.A01PrintSuppressionCasesUnitTests" name="test_setClaimNumber" time="0.0" />
  <testcase classname="gov.opm.scrd.entities.application.A01PrintSuppressionCasesUnitTests" name="test_getReasonForPrintSuppression" time="0.0" />
  <testcase classname="gov.opm.scrd.entities.application.A01PrintSuppressionCasesUnitTests" name="test_setReasonForPrintSuppression" time="0.0" />
  <testcase classname="gov.opm.scrd.entities.application.AdjustmentTransactionUnitTests" name="testCtor" time="0.0" />
  <testcase classname="gov.opm.scrd.entities.application.AdjustmentTransactionUnitTests" name="test_getClaimNumber" time="0.0" />
  <testcase classname="gov.opm.scrd.entities.application.AdjustmentTransactionUnitTests" name="test_setClaimNumber" time="0.0010" />
  <testcase classname="gov.opm.scrd.entities.application.AdjustmentTransactionUnitTests" name="test_getPayTransactionKey" time="0.0" />
  <testcase classname="gov.opm.scrd.entities.application.AdjustmentTransactionUnitTests" name="test_setPayTransactionKey" time="0.0" />
  <testcase classname="gov.opm.scrd.entities.application.AdjustmentTransactionUnitTests" name="test_getAccIntDep" time="0.0" />
  <testcase classname="gov.opm.scrd.entities.application.AdjustmentTransactionUnitTests" name="test_setAccIntDep" time="0.0" />
  <testcase classname="gov.opm.scrd.entities.application.AdjustmentTransactionUnitTests" name="test_getAccIntRdep" time="0.0" />
  <testcase classname="gov.opm.scrd.entities.application.AdjustmentTransactionUnitTests" name="test_setAccIntRdep" time="0.0" />
  <testcase classname="gov.opm.scrd.entities.application.AdjustmentTransactionUnitTests" name="test_getAccIntNonDep" time="0.0" />
  <testcase classname="gov.opm.scrd.entities.application.AdjustmentTransactionUnitTests" name="test_setAccIntNonDep" time="0.0" />
  <testcase classname="gov.opm.scrd.entities.application.AdjustmentTransactionUnitTests" name="test_getAccIntVarRdep" time="0.0" />
  <testcase classname="gov.opm.scrd.entities.application.AdjustmentTransactionUnitTests" name="test_setAccIntVarRdep" time="0.0" />
  <testcase classname="gov.opm.scrd.entities.application.AdjustmentTransactionUnitTests" name="test_getAccIntDepFers" time="0.0" />
  <testcase classname="gov.opm.scrd.entities.application.AdjustmentTransactionUnitTests" name="test_setAccIntDepFers" time="0.0" />
  <testcase classname="gov.opm.scrd.entities.application.AdjustmentTransactionUnitTests" name="test_getModificationDate" time="0.0010" />
  <testcase classname="gov.opm.scrd.entities.application.AdjustmentTransactionUnitTests" name="test_setModificationDate" time="0.0" />
  <testcase classname="gov.opm.scrd.entities.application.AdjustmentTransactionUnitTests" name="test_getApprovalDate" time="0.0" />
  <testcase classname="gov.opm.scrd.entities.application.AdjustmentTransactionUnitTests" name="test_setApprovalDate" time="0.0" />
  <testcase classname="gov.opm.scrd.entities.application.AdjustmentTransactionUnitTests" name="test_getProcessedDate" time="0.0" />
  <testcase classname="gov.opm.scrd.entities.application.AdjustmentTransactionUnitTests" name="test_setProcessedDate" time="0.0" />
  <testcase classname="gov.opm.scrd.entities.application.AdjustmentTransactionUnitTests" name="test_getTechnicianUserKey" time="0.0010" />
  <testcase classname="gov.opm.scrd.entities.application.AdjustmentTransactionUnitTests" name="test_setTechnicianUserKey" time="0.0" />
  <testcase classname="gov.opm.scrd.entities.application.AdjustmentTransactionUnitTests" name="test_getManagerUserKey" time="0.0010" />
  <testcase classname="gov.opm.scrd.entities.application.AdjustmentTransactionUnitTests" name="test_setManagerUserKey" time="0.0" />
  <testcase classname="gov.opm.scrd.entities.application.AdjustmentTransactionUnitTests" name="test_getApproved" time="0.0" />
  <testcase classname="gov.opm.scrd.entities.application.AdjustmentTransactionUnitTests" name="test_setApproved" time="0.0" />
  <testcase classname="gov.opm.scrd.entities.application.AdjustmentTransactionUnitTests" name="test_getDisapproved" time="0.0" />
  <testcase classname="gov.opm.scrd.entities.application.AdjustmentTransactionUnitTests" name="test_setDisapproved" time="0.0" />
  <testcase classname="gov.opm.scrd.entities.application.AdjustmentTransactionUnitTests" name="test_getModified" time="0.0010" />
  <testcase classname="gov.opm.scrd.entities.application.AdjustmentTransactionUnitTests" name="test_setModified" time="0.0" />
  <testcase classname="gov.opm.scrd.entities.application.AdjustmentTransactionUnitTests" name="test_getNote" time="0.0" />
  <testcase classname="gov.opm.scrd.entities.application.AdjustmentTransactionUnitTests" name="test_setNote" time="0.0" />
  <testcase classname="gov.opm.scrd.entities.application.AnnuitantListUnitTests" name="testCtor" time="0.0" />
  <testcase classname="gov.opm.scrd.entities.application.AnnuitantListUnitTests" name="test_getClaimNumber" time="0.0" />
  <testcase classname="gov.opm.scrd.entities.application.AnnuitantListUnitTests" name="test_setClaimNumber" time="0.0" />
  <testcase classname="gov.opm.scrd.entities.application.AuditBatchUnitTests" name="testCtor" time="0.0010" />
  <testcase classname="gov.opm.scrd.entities.application.AuditBatchUnitTests" name="test_getEventYear" time="0.0" />
  <testcase classname="gov.opm.scrd.entities.application.AuditBatchUnitTests" name="test_setEventYear" time="0.0" />
  <testcase classname="gov.opm.scrd.entities.application.AuditBatchUnitTests" name="test_getEventMonth" time="0.0" />
  <testcase classname="gov.opm.scrd.entities.application.AuditBatchUnitTests" name="test_setEventMonth" time="0.0" />
  <testcase classname="gov.opm.scrd.entities.application.AuditBatchUnitTests" name="test_getEventDay" time="0.0" />
  <testcase classname="gov.opm.scrd.entities.application.AuditBatchUnitTests" name="test_setEventDay" time="0.0" />
  <testcase classname="gov.opm.scrd.entities.application.AuditBatchUnitTests" name="test_getFileReceived" time="0.0" />
  <testcase classname="gov.opm.scrd.entities.application.AuditBatchUnitTests" name="test_setFileReceived" time="0.0" />
  <testcase classname="gov.opm.scrd.entities.application.AuditBatchUnitTests" name="test_getDailyAction" time="0.0" />
  <testcase classname="gov.opm.scrd.entities.application.AuditBatchUnitTests" name="test_setDailyAction" time="0.0" />
  <testcase classname="gov.opm.scrd.entities.application.AuditBatchUnitTests" name="test_getManualBatch" time="0.0" />
  <testcase classname="gov.opm.scrd.entities.application.AuditBatchUnitTests" name="test_setManualBatch" time="0.0" />
  <testcase classname="gov.opm.scrd.entities.application.AuditBatchUnitTests" name="test_getErrorImporting" time="0.0" />
  <testcase classname="gov.opm.scrd.entities.application.AuditBatchUnitTests" name="test_setErrorImporting" time="0.0" />
  <testcase classname="gov.opm.scrd.entities.application.AuditBatchUnitTests" name="test_getErrorProcessing" time="0.0" />
  <testcase classname="gov.opm.scrd.entities.application.AuditBatchUnitTests" name="test_setErrorProcessing" time="0.0" />
  <testcase classname="gov.opm.scrd.entities.application.AuditBatchUnitTests" name="test_getLatestBatch" time="0.0" />
  <testcase classname="gov.opm.scrd.entities.application.AuditBatchUnitTests" name="test_setLatestBatch" time="0.0" />
  <testcase classname="gov.opm.scrd.entities.application.AuditBatchUnitTests" name="test_getAmountImported" time="0.0" />
  <testcase classname="gov.opm.scrd.entities.application.AuditBatchUnitTests" name="test_setAmountImported" time="0.0" />
  <testcase classname="gov.opm.scrd.entities.application.AuditBatchUnitTests" name="test_getAmountProcessed" time="0.0" />
  <testcase classname="gov.opm.scrd.entities.application.AuditBatchUnitTests" name="test_setAmountProcessed" time="0.0" />
  <testcase classname="gov.opm.scrd.entities.application.AuditBatchUnitTests" name="test_getNumberAccepted" time="0.0" />
  <testcase classname="gov.opm.scrd.entities.application.AuditBatchUnitTests" name="test_setNumberAccepted" time="0.0" />
  <testcase classname="gov.opm.scrd.entities.application.AuditBatchUnitTests" name="test_getNumberUnresolved" time="0.0" />
  <testcase classname="gov.opm.scrd.entities.application.AuditBatchUnitTests" name="test_setNumberUnresolved" time="0.0" />
  <testcase classname="gov.opm.scrd.entities.application.AuditBatchUnitTests" name="test_getNumberSuspended" time="0.0" />
  <testcase classname="gov.opm.scrd.entities.application.AuditBatchUnitTests" name="test_setNumberSuspended" time="0.0" />
  <testcase classname="gov.opm.scrd.entities.application.AuditBatchUnitTests" name="test_getNumberAchAccepted" time="0.0" />
  <testcase classname="gov.opm.scrd.entities.application.AuditBatchUnitTests" name="test_setNumberAchAccepted" time="0.0" />
  <testcase classname="gov.opm.scrd.entities.application.AuditBatchUnitTests" name="test_getNumberAchUnresolved" time="0.0" />
  <testcase classname="gov.opm.scrd.entities.application.AuditBatchUnitTests" name="test_setNumberAchUnresolved" time="0.0" />
  <testcase classname="gov.opm.scrd.entities.application.AuditBatchUnitTests" name="test_getNumberAchSuspended" time="0.0010" />
  <testcase classname="gov.opm.scrd.entities.application.AuditBatchUnitTests" name="test_setNumberAchSuspended" time="0.0" />
  <testcase classname="gov.opm.scrd.entities.application.AuditBatchUnitTests" name="test_getNumberChangeRequests" time="0.0" />
  <testcase classname="gov.opm.scrd.entities.application.AuditBatchUnitTests" name="test_setNumberChangeRequests" time="0.0" />
  <testcase classname="gov.opm.scrd.entities.application.AuditBatchUnitTests" name="test_getPaymentsProcessed" time="0.0" />
  <testcase classname="gov.opm.scrd.entities.application.AuditBatchUnitTests" name="test_setPaymentsProcessed" time="0.0" />
  <testcase classname="gov.opm.scrd.entities.application.AuditBatchUnitTests" name="test_getInitialBillsProcessed" time="0.0" />
  <testcase classname="gov.opm.scrd.entities.application.AuditBatchUnitTests" name="test_setInitialBillsProcessed" time="0.0010" />
  <testcase classname="gov.opm.scrd.entities.application.AuditBatchUnitTests" name="test_getReversedProcessed" time="0.0" />
  <testcase classname="gov.opm.scrd.entities.application.AuditBatchUnitTests" name="test_setReversedProcessed" time="0.0" />
  <testcase classname="gov.opm.scrd.entities.application.AuditBatchUnitTests" name="test_getAchStopLetters" time="0.0" />
  <testcase classname="gov.opm.scrd.entities.application.AuditBatchUnitTests" name="test_setAchStopLetters" time="0.0" />
  <testcase classname="gov.opm.scrd.entities.application.AuditBatchUnitTests" name="test_getRefundMemos" time="0.0" />
  <testcase classname="gov.opm.scrd.entities.application.AuditBatchUnitTests" name="test_setRefundMemos" time="0.0" />
  <testcase classname="gov.opm.scrd.entities.application.AuditBatchUnitTests" name="test_getErrorCountProcessing" time="0.0" />
  <testcase classname="gov.opm.scrd.entities.application.AuditBatchUnitTests" name="test_setErrorCountProcessing" time="0.0" />
  <testcase classname="gov.opm.scrd.entities.application.AuditBatchUnitTests" name="test_getUserKey" time="0.0" />
  <testcase classname="gov.opm.scrd.entities.application.AuditBatchUnitTests" name="test_setUserKey" time="0.0" />
  <testcase classname="gov.opm.scrd.entities.application.AuditBatchUnitTests" name="test_getBatchTime" time="0.0010" />
  <testcase classname="gov.opm.scrd.entities.application.AuditBatchUnitTests" name="test_setBatchTime" time="0.0" />
  <testcase classname="gov.opm.scrd.entities.application.BatchDailyPaymentsUnitTests" name="testCtor" time="0.0010" />
  <testcase classname="gov.opm.scrd.entities.application.BatchDailyPaymentsUnitTests" name="test_getClaimNumber" time="0.0" />
  <testcase classname="gov.opm.scrd.entities.application.BatchDailyPaymentsUnitTests" name="test_setClaimNumber" time="0.0" />
  <testcase classname="gov.opm.scrd.entities.application.BatchDailyPaymentsUnitTests" name="test_getPayTransactionKey" time="0.0" />
  <testcase classname="gov.opm.scrd.entities.application.BatchDailyPaymentsUnitTests" name="test_setPayTransactionKey" time="0.0" />
  <testcase classname="gov.opm.scrd.entities.application.BatchDailyPaymentsUnitTests" name="test_getErrorProcessing" time="0.0" />
  <testcase classname="gov.opm.scrd.entities.application.BatchDailyPaymentsUnitTests" name="test_setErrorProcessing" time="0.0" />
  <testcase classname="gov.opm.scrd.entities.application.BatchDailyPaymentsUnitTests" name="test_getLatestBatch" time="0.0" />
  <testcase classname="gov.opm.scrd.entities.application.BatchDailyPaymentsUnitTests" name="test_setLatestBatch" time="0.0" />
  <testcase classname="gov.opm.scrd.entities.application.BatchDailyPaymentsUnitTests" name="test_getBatchTime" time="0.0" />
  <testcase classname="gov.opm.scrd.entities.application.BatchDailyPaymentsUnitTests" name="test_setBatchTime" time="0.0" />
  <testcase classname="gov.opm.scrd.entities.application.BatchDailyPaymentsUnitTests" name="test_getAuditBatchId" time="0.0" />
  <testcase classname="gov.opm.scrd.entities.application.BatchDailyPaymentsUnitTests" name="test_setAuditBatchId" time="0.0010" />
  <testcase classname="gov.opm.scrd.entities.application.BatchDailyPaymentsUnitTests" name="test_getNumberPaymentToday" time="0.0" />
  <testcase classname="gov.opm.scrd.entities.application.BatchDailyPaymentsUnitTests" name="test_setNumberPaymentToday" time="0.0" />
  <testcase classname="gov.opm.scrd.entities.application.BatchDailyPaymentsUnitTests" name="test_getAccountStatus" time="0.0010" />
  <testcase classname="gov.opm.scrd.entities.application.BatchDailyPaymentsUnitTests" name="test_setAccountStatus" time="0.0" />
  <testcase classname="gov.opm.scrd.entities.application.BatchDailyPaymentsUnitTests" name="test_getPayTransStatusCode" time="0.0" />
  <testcase classname="gov.opm.scrd.entities.application.BatchDailyPaymentsUnitTests" name="test_setPayTransStatusCode" time="0.0" />
  <testcase classname="gov.opm.scrd.entities.application.BatchDailyPaymentsUnitTests" name="test_getAccountBalance" time="0.0" />
  <testcase classname="gov.opm.scrd.entities.application.BatchDailyPaymentsUnitTests" name="test_setAccountBalance" time="0.0" />
  <testcase classname="gov.opm.scrd.entities.application.BatchDailyPaymentsUnitTests" name="test_getOverPaymentAmount" time="0.0" />
  <testcase classname="gov.opm.scrd.entities.application.BatchDailyPaymentsUnitTests" name="test_setOverPaymentAmount" time="0.0" />
  <testcase classname="gov.opm.scrd.entities.application.BatchDailyPaymentsUnitTests" name="test_getAchPayment" time="0.0" />
  <testcase classname="gov.opm.scrd.entities.application.BatchDailyPaymentsUnitTests" name="test_setAchPayment" time="0.0" />
  <testcase classname="gov.opm.scrd.entities.application.BatchDailyPaymentsUnitTests" name="test_getAchStopLetter" time="0.0" />
  <testcase classname="gov.opm.scrd.entities.application.BatchDailyPaymentsUnitTests" name="test_setAchStopLetter" time="0.0" />
  <testcase classname="gov.opm.scrd.entities.application.BatchDailyPaymentsUnitTests" name="test_getPrintInvoice" time="0.0" />
  <testcase classname="gov.opm.scrd.entities.application.BatchDailyPaymentsUnitTests" name="test_setPrintInvoice" time="0.0" />
  <testcase classname="gov.opm.scrd.entities.application.BatchDailyPaymentsUnitTests" name="test_getRefundRequired" time="0.0" />
  <testcase classname="gov.opm.scrd.entities.application.BatchDailyPaymentsUnitTests" name="test_setRefundRequired" time="0.0" />
  <testcase classname="gov.opm.scrd.entities.application.BatchDailyPaymentsUnitTests" name="test_getReversedPayment" time="0.0" />
  <testcase classname="gov.opm.scrd.entities.application.BatchDailyPaymentsUnitTests" name="test_setReversedPayment" time="0.0" />
  <testcase classname="gov.opm.scrd.entities.application.BatchDailyPaymentsUnitTests" name="test_getUpdateToCompleted" time="0.0" />
  <testcase classname="gov.opm.scrd.entities.application.BatchDailyPaymentsUnitTests" name="test_setUpdateToCompleted" time="0.0" />
  <testcase classname="gov.opm.scrd.entities.application.BatchDailyPaymentsUnitTests" name="test_getPrintInitialBill" time="0.0" />
  <testcase classname="gov.opm.scrd.entities.application.BatchDailyPaymentsUnitTests" name="test_setPrintInitialBill" time="0.0" />
  <testcase classname="gov.opm.scrd.entities.application.ClaimWithoutServiceUnitTests" name="testCtor" time="0.0" />
  <testcase classname="gov.opm.scrd.entities.application.ClaimWithoutServiceUnitTests" name="test_getClaimNumber" time="0.0010" />
  <testcase classname="gov.opm.scrd.entities.application.ClaimWithoutServiceUnitTests" name="test_setClaimNumber" time="0.0" />
  <testcase classname="gov.opm.scrd.entities.application.ClaimWithoutServiceUnitTests" name="test_getDateOfBirth" time="0.0" />
  <testcase classname="gov.opm.scrd.entities.application.ClaimWithoutServiceUnitTests" name="test_setDateOfBirth" time="0.0" />
  <testcase classname="gov.opm.scrd.entities.application.ContactInfoUnitTests" name="testCtor" time="0.0" />
  <testcase classname="gov.opm.scrd.entities.application.ContactInfoUnitTests" name="test_getName" time="0.0" />
  <testcase classname="gov.opm.scrd.entities.application.ContactInfoUnitTests" name="test_setName" time="0.0" />
  <testcase classname="gov.opm.scrd.entities.application.ContactInfoUnitTests" name="test_getText" time="0.0" />
  <testcase classname="gov.opm.scrd.entities.application.ContactInfoUnitTests" name="test_setText" time="0.0" />
  <testcase classname="gov.opm.scrd.entities.application.DeductionRateUnitTests" name="testCtor" time="0.0" />
  <testcase classname="gov.opm.scrd.entities.application.DeductionRateUnitTests" name="test_getServiceType" time="0.0" />
  <testcase classname="gov.opm.scrd.entities.application.DeductionRateUnitTests" name="test_setServiceType" time="0.0" />
  <testcase classname="gov.opm.scrd.entities.application.DeductionRateUnitTests" name="test_getRetirementType" time="0.0" />
  <testcase classname="gov.opm.scrd.entities.application.DeductionRateUnitTests" name="test_setRetirementType" time="0.0" />
  <testcase classname="gov.opm.scrd.entities.application.DeductionRateUnitTests" name="test_getStartDate" time="0.0" />
  <testcase classname="gov.opm.scrd.entities.application.DeductionRateUnitTests" name="test_setStartDate" time="0.0" />
  <testcase classname="gov.opm.scrd.entities.application.DeductionRateUnitTests" name="test_getEndDate" time="0.0" />
  <testcase classname="gov.opm.scrd.entities.application.DeductionRateUnitTests" name="test_setEndDate" time="0.0" />
  <testcase classname="gov.opm.scrd.entities.application.DeductionRateUnitTests" name="test_getDaysInPeriod" time="0.0" />
  <testcase classname="gov.opm.scrd.entities.application.DeductionRateUnitTests" name="test_setDaysInPeriod" time="0.0" />
  <testcase classname="gov.opm.scrd.entities.application.DeductionRateUnitTests" name="test_getRate" time="0.0" />
  <testcase classname="gov.opm.scrd.entities.application.DeductionRateUnitTests" name="test_setRate" time="0.0010" />
  <testcase classname="gov.opm.scrd.entities.application.DeductionRateUnitTests" name="test_getServiceTypeDescription" time="0.0" />
  <testcase classname="gov.opm.scrd.entities.application.DeductionRateUnitTests" name="test_setServiceTypeDescription" time="0.0" />
  <testcase classname="gov.opm.scrd.entities.application.DeductionRateUnitTests" name="test_getDeductionConversionFactor" time="0.0010" />
  <testcase classname="gov.opm.scrd.entities.application.DeductionRateUnitTests" name="test_setDeductionConversionFactor" time="0.0" />
  <testcase classname="gov.opm.scrd.entities.application.GLCodeUnitTests" name="testCtor" time="0.0" />
  <testcase classname="gov.opm.scrd.entities.application.GLCodeUnitTests" name="test_getName" time="0.0" />
  <testcase classname="gov.opm.scrd.entities.application.GLCodeUnitTests" name="test_setName" time="0.0" />
  <testcase classname="gov.opm.scrd.entities.application.GLCodeUnitTests" name="test_getRetirementType" time="0.0" />
  <testcase classname="gov.opm.scrd.entities.application.GLCodeUnitTests" name="test_setRetirementType" time="0.0" />
  <testcase classname="gov.opm.scrd.entities.application.GLCodeUnitTests" name="test_getCode" time="0.0" />
  <testcase classname="gov.opm.scrd.entities.application.GLCodeUnitTests" name="test_setCode" time="0.0" />
  <testcase classname="gov.opm.scrd.entities.application.GLCodeUnitTests" name="test_getPaymentType" time="0.0" />
  <testcase classname="gov.opm.scrd.entities.application.GLCodeUnitTests" name="test_setPaymentType" time="0.0" />
  <testcase classname="gov.opm.scrd.entities.application.GLCodeUnitTests" name="test_getPostOffice" time="0.0" />
  <testcase classname="gov.opm.scrd.entities.application.GLCodeUnitTests" name="test_setPostOffice" time="0.0" />
  <testcase classname="gov.opm.scrd.entities.application.GLPaymentTypeUnitTests" name="testCtor" time="0.0" />
  <testcase classname="gov.opm.scrd.entities.application.GLPaymentTypeUnitTests" name="test_getPaymentCode" time="0.0" />
  <testcase classname="gov.opm.scrd.entities.application.GLPaymentTypeUnitTests" name="test_setPaymentCode" time="0.0" />
  <testcase classname="gov.opm.scrd.entities.application.GLPaymentTypeUnitTests" name="test_getCodeDescription" time="0.0" />
  <testcase classname="gov.opm.scrd.entities.application.GLPaymentTypeUnitTests" name="test_setCodeDescription" time="0.0" />
  <testcase classname="gov.opm.scrd.entities.application.HolidayUnitTests" name="testCtor" time="0.0" />
  <testcase classname="gov.opm.scrd.entities.application.HolidayUnitTests" name="test_getHoliday" time="0.0010" />
  <testcase classname="gov.opm.scrd.entities.application.HolidayUnitTests" name="test_setHoliday" time="0.0" />
  <testcase classname="gov.opm.scrd.entities.application.HolidayUnitTests" name="test_getExactDate" time="0.0" />
  <testcase classname="gov.opm.scrd.entities.application.HolidayUnitTests" name="test_setExactDate" time="0.0" />
  <testcase classname="gov.opm.scrd.entities.application.HolidayUnitTests" name="test_getWeekDay" time="0.0" />
  <testcase classname="gov.opm.scrd.entities.application.HolidayUnitTests" name="test_setWeekDay" time="0.0" />
  <testcase classname="gov.opm.scrd.entities.application.HolidayUnitTests" name="test_getMonthNumber" time="0.0" />
  <testcase classname="gov.opm.scrd.entities.application.HolidayUnitTests" name="test_setMonthNumber" time="0.0" />
  <testcase classname="gov.opm.scrd.entities.application.HolidayUnitTests" name="test_getDayOfMonth" time="0.0" />
  <testcase classname="gov.opm.scrd.entities.application.HolidayUnitTests" name="test_setDayOfMonth" time="0.0" />
  <testcase classname="gov.opm.scrd.entities.application.HolidayUnitTests" name="test_getWeekOfMonth" time="0.0" />
  <testcase classname="gov.opm.scrd.entities.application.HolidayUnitTests" name="test_setWeekOfMonth" time="0.0" />
  <testcase classname="gov.opm.scrd.entities.application.HolidayUnitTests" name="test_getHolidayId" time="0.0" />
  <testcase classname="gov.opm.scrd.entities.application.HolidayUnitTests" name="test_setHolidayId" time="0.0" />
  <testcase classname="gov.opm.scrd.entities.application.InterestGracePeriodUnitTests" name="testCtor" time="0.0" />
  <testcase classname="gov.opm.scrd.entities.application.InterestGracePeriodUnitTests" name="test_getClaimNumber" time="0.0" />
  <testcase classname="gov.opm.scrd.entities.application.InterestGracePeriodUnitTests" name="test_setClaimNumber" time="0.0010" />
  <testcase classname="gov.opm.scrd.entities.application.InterestGracePeriodUnitTests" name="test_getPost982Redeposit" time="0.0" />
  <testcase classname="gov.opm.scrd.entities.application.InterestGracePeriodUnitTests" name="test_setPost982Redeposit" time="0.0" />
  <testcase classname="gov.opm.scrd.entities.application.InterestGracePeriodUnitTests" name="test_getPre1082Redeposit" time="0.0030" />
  <testcase classname="gov.opm.scrd.entities.application.InterestGracePeriodUnitTests" name="test_setPre1082Redeposit" time="0.0" />
  <testcase classname="gov.opm.scrd.entities.application.InterestGracePeriodUnitTests" name="test_getPost982Deposit" time="0.0" />
  <testcase classname="gov.opm.scrd.entities.application.InterestGracePeriodUnitTests" name="test_setPost982Deposit" time="0.0" />
  <testcase classname="gov.opm.scrd.entities.application.InterestGracePeriodUnitTests" name="test_getPre1082Deposit" time="0.0" />
  <testcase classname="gov.opm.scrd.entities.application.InterestGracePeriodUnitTests" name="test_setPre1082Deposit" time="0.0" />
  <testcase classname="gov.opm.scrd.entities.application.InterestGracePeriodUnitTests" name="test_getFersDeposit" time="0.0030" />
  <testcase classname="gov.opm.scrd.entities.application.InterestGracePeriodUnitTests" name="test_setFersDeposit" time="0.0" />
  <testcase classname="gov.opm.scrd.entities.application.InterestRateUnitTests" name="testCtor" time="0.0" />
  <testcase classname="gov.opm.scrd.entities.application.InterestRateUnitTests" name="test_getInterestYear" time="0.0" />
  <testcase classname="gov.opm.scrd.entities.application.InterestRateUnitTests" name="test_setInterestYear" time="0.0010" />
  <testcase classname="gov.opm.scrd.entities.application.InterestRateUnitTests" name="test_getInterestRate" time="0.0" />
  <testcase classname="gov.opm.scrd.entities.application.InterestRateUnitTests" name="test_setInterestRate" time="0.0" />
  <testcase classname="gov.opm.scrd.entities.application.InterestSuppressionUnitTests" name="testCtor" time="0.0" />
  <testcase classname="gov.opm.scrd.entities.application.InterestSuppressionUnitTests" name="test_getClaimNumber" time="0.0" />
  <testcase classname="gov.opm.scrd.entities.application.InterestSuppressionUnitTests" name="test_setClaimNumber" time="0.0" />
  <testcase classname="gov.opm.scrd.entities.application.InterestSuppressionUnitTests" name="test_getPost982Redeposit" time="0.0" />
  <testcase classname="gov.opm.scrd.entities.application.InterestSuppressionUnitTests" name="test_setPost982Redeposit" time="0.0" />
  <testcase classname="gov.opm.scrd.entities.application.InterestSuppressionUnitTests" name="test_getPre1082Redeposit" time="0.0" />
  <testcase classname="gov.opm.scrd.entities.application.InterestSuppressionUnitTests" name="test_setPre1082Redeposit" time="0.0" />
  <testcase classname="gov.opm.scrd.entities.application.InterestSuppressionUnitTests" name="test_getPost982Deposit" time="0.0" />
  <testcase classname="gov.opm.scrd.entities.application.InterestSuppressionUnitTests" name="test_setPost982Deposit" time="0.0" />
  <testcase classname="gov.opm.scrd.entities.application.InterestSuppressionUnitTests" name="test_getPre1082Deposit" time="0.0" />
  <testcase classname="gov.opm.scrd.entities.application.InterestSuppressionUnitTests" name="test_setPre1082Deposit" time="0.0" />
  <testcase classname="gov.opm.scrd.entities.application.InterestSuppressionUnitTests" name="test_getFersDeposit" time="0.0010" />
  <testcase classname="gov.opm.scrd.entities.application.InterestSuppressionUnitTests" name="test_setFersDeposit" time="0.0" />
  <testcase classname="gov.opm.scrd.entities.application.InvoiceUnitTests" name="testCtor" time="0.0" />
  <testcase classname="gov.opm.scrd.entities.application.InvoiceUnitTests" name="test_getPayTransactionKey" time="0.0" />
  <testcase classname="gov.opm.scrd.entities.application.InvoiceUnitTests" name="test_setPayTransactionKey" time="0.0010" />
  <testcase classname="gov.opm.scrd.entities.application.InvoiceUnitTests" name="test_getAccIntDep" time="0.0" />
  <testcase classname="gov.opm.scrd.entities.application.InvoiceUnitTests" name="test_setAccIntDep" time="0.0" />
  <testcase classname="gov.opm.scrd.entities.application.InvoiceUnitTests" name="test_getAccIntRdep" time="0.0" />
  <testcase classname="gov.opm.scrd.entities.application.InvoiceUnitTests" name="test_setAccIntRdep" time="0.0" />
  <testcase classname="gov.opm.scrd.entities.application.InvoiceUnitTests" name="test_getAccIntNonDep" time="0.0" />
  <testcase classname="gov.opm.scrd.entities.application.InvoiceUnitTests" name="test_setAccIntNonDep" time="0.0" />
  <testcase classname="gov.opm.scrd.entities.application.InvoiceUnitTests" name="test_getAccIntVarRdep" time="0.0" />
  <testcase classname="gov.opm.scrd.entities.application.InvoiceUnitTests" name="test_setAccIntVarRdep" time="0.0" />
  <testcase classname="gov.opm.scrd.entities.application.InvoiceUnitTests" name="test_getDeposit" time="0.0" />
  <testcase classname="gov.opm.scrd.entities.application.InvoiceUnitTests" name="test_setDeposit" time="0.0" />
  <testcase classname="gov.opm.scrd.entities.application.InvoiceUnitTests" name="test_getRedeposit" time="0.0" />
  <testcase classname="gov.opm.scrd.entities.application.InvoiceUnitTests" name="test_setRedeposit" time="0.0" />
  <testcase classname="gov.opm.scrd.entities.application.InvoiceUnitTests" name="test_getTotVarRedeposit" time="0.0" />
  <testcase classname="gov.opm.scrd.entities.application.InvoiceUnitTests" name="test_setTotVarRedeposit" time="0.0" />
  <testcase classname="gov.opm.scrd.entities.application.InvoiceUnitTests" name="test_getNonDed" time="0.0" />
  <testcase classname="gov.opm.scrd.entities.application.InvoiceUnitTests" name="test_setNonDed" time="0.0" />
  <testcase classname="gov.opm.scrd.entities.application.InvoiceUnitTests" name="test_getFersW" time="0.0" />
  <testcase classname="gov.opm.scrd.entities.application.InvoiceUnitTests" name="test_setFersW" time="0.0" />
  <testcase classname="gov.opm.scrd.entities.application.InvoiceUnitTests" name="test_getAccIntFers" time="0.0" />
  <testcase classname="gov.opm.scrd.entities.application.InvoiceUnitTests" name="test_setAccIntFers" time="0.0" />
  <testcase classname="gov.opm.scrd.entities.application.InvoiceUnitTests" name="test_getTotPayd" time="0.0" />
  <testcase classname="gov.opm.scrd.entities.application.InvoiceUnitTests" name="test_setTotPayd" time="0.0" />
  <testcase classname="gov.opm.scrd.entities.application.InvoiceUnitTests" name="test_getTotPayr" time="0.0" />
  <testcase classname="gov.opm.scrd.entities.application.InvoiceUnitTests" name="test_setTotPayr" time="0.0" />
  <testcase classname="gov.opm.scrd.entities.application.InvoiceUnitTests" name="test_getTotPayn" time="0.0" />
  <testcase classname="gov.opm.scrd.entities.application.InvoiceUnitTests" name="test_setTotPayn" time="0.0" />
  <testcase classname="gov.opm.scrd.entities.application.InvoiceUnitTests" name="test_getTotPayvr" time="0.0" />
  <testcase classname="gov.opm.scrd.entities.application.InvoiceUnitTests" name="test_setTotPayvr" time="0.0010" />
  <testcase classname="gov.opm.scrd.entities.application.InvoiceUnitTests" name="test_getTotPayfers" time="0.0010" />
  <testcase classname="gov.opm.scrd.entities.application.InvoiceUnitTests" name="test_setTotPayfers" time="0.0010" />
  <testcase classname="gov.opm.scrd.entities.application.InvoiceUnitTests" name="test_getLastPay" time="0.0" />
  <testcase classname="gov.opm.scrd.entities.application.InvoiceUnitTests" name="test_setLastPay" time="0.0" />
  <testcase classname="gov.opm.scrd.entities.application.InvoiceUnitTests" name="test_getCalcDate" time="0.0" />
  <testcase classname="gov.opm.scrd.entities.application.InvoiceUnitTests" name="test_setCalcDate" time="0.0" />
  <testcase classname="gov.opm.scrd.entities.application.InvoiceUnitTests" name="test_getLastInvoiceId" time="0.0" />
  <testcase classname="gov.opm.scrd.entities.application.InvoiceUnitTests" name="test_setLastInvoiceId" time="0.0" />
  <testcase classname="gov.opm.scrd.entities.application.NewClaimNumberUnitTests" name="testCtor" time="0.0" />
  <testcase classname="gov.opm.scrd.entities.application.NewClaimNumberUnitTests" name="test_getClaimNumber" time="0.0" />
  <testcase classname="gov.opm.scrd.entities.application.NewClaimNumberUnitTests" name="test_setClaimNumber" time="0.0" />
  <testcase classname="gov.opm.scrd.entities.application.PaymentInterestDetailUnitTests" name="testCtor" time="0.0" />
  <testcase classname="gov.opm.scrd.entities.application.PaymentInterestDetailUnitTests" name="test_getPayTransactionKey" time="0.0" />
  <testcase classname="gov.opm.scrd.entities.application.PaymentInterestDetailUnitTests" name="test_setPayTransactionKey" time="0.0010" />
  <testcase classname="gov.opm.scrd.entities.application.PaymentInterestDetailUnitTests" name="test_getAccountType" time="0.0" />
  <testcase classname="gov.opm.scrd.entities.application.PaymentInterestDetailUnitTests" name="test_setAccountType" time="0.0" />
  <testcase classname="gov.opm.scrd.entities.application.PaymentInterestDetailUnitTests" name="test_getNumWholeYears" time="0.0" />
  <testcase classname="gov.opm.scrd.entities.application.PaymentInterestDetailUnitTests" name="test_setNumWholeYears" time="0.0" />
  <testcase classname="gov.opm.scrd.entities.application.PaymentInterestDetailUnitTests" name="test_getCalculatedInterest" time="0.0" />
  <testcase classname="gov.opm.scrd.entities.application.PaymentInterestDetailUnitTests" name="test_setCalculatedInterest" time="0.0" />
  <testcase classname="gov.opm.scrd.entities.application.PaymentInterestDetailUnitTests" name="test_getLastPayToEOYFactor" time="0.0010" />
  <testcase classname="gov.opm.scrd.entities.application.PaymentInterestDetailUnitTests" name="test_setLastPayToEOYFactor" time="0.0" />
  <testcase classname="gov.opm.scrd.entities.application.PaymentInterestDetailUnitTests" name="test_getPartialToThisPayFactor" time="0.0" />
  <testcase classname="gov.opm.scrd.entities.application.PaymentInterestDetailUnitTests" name="test_setPartialToThisPayFactor" time="0.0" />
  <testcase classname="gov.opm.scrd.entities.application.PaymentInterestDetailUnitTests" name="test_getThisInterestRate" time="0.0" />
  <testcase classname="gov.opm.scrd.entities.application.PaymentInterestDetailUnitTests" name="test_setThisInterestRate" time="0.0" />
  <testcase classname="gov.opm.scrd.entities.application.PaymentInterestDetailUnitTests" name="test_getLastPaymentDate" time="0.0" />
  <testcase classname="gov.opm.scrd.entities.application.PaymentInterestDetailUnitTests" name="test_setLastPaymentDate" time="0.0" />
  <testcase classname="gov.opm.scrd.entities.application.PaymentInterestDetailUnitTests" name="test_getTransactionDate" time="0.0" />
  <testcase classname="gov.opm.scrd.entities.application.PaymentInterestDetailUnitTests" name="test_setTransactionDate" time="0.0" />
  <testcase classname="gov.opm.scrd.entities.application.PaymentInterestDetailUnitTests" name="test_getComputedDate" time="0.0" />
  <testcase classname="gov.opm.scrd.entities.application.PaymentInterestDetailUnitTests" name="test_setComputedDate" time="0.0010" />
  <testcase classname="gov.opm.scrd.entities.application.PaymentInterestDetailUnitTests" name="test_getPost" time="0.0" />
  <testcase classname="gov.opm.scrd.entities.application.PaymentInterestDetailUnitTests" name="test_setPost" time="0.0" />
  <testcase classname="gov.opm.scrd.entities.application.PaymentInterestDetailUnitTests" name="test_getGui" time="0.0010" />
  <testcase classname="gov.opm.scrd.entities.application.PaymentInterestDetailUnitTests" name="test_setGui" time="0.0" />
  <testcase classname="gov.opm.scrd.entities.application.PaymentInterestDetailUnitTests" name="test_getLastPaymentWasThisYear" time="0.0" />
  <testcase classname="gov.opm.scrd.entities.application.PaymentInterestDetailUnitTests" name="test_setLastPaymentWasThisYear" time="0.0" />
  <testcase classname="gov.opm.scrd.entities.application.PaymentMoveTransactionUnitTests" name="testCtor" time="0.0" />
  <testcase classname="gov.opm.scrd.entities.application.PaymentMoveTransactionUnitTests" name="test_getClaimNumber" time="0.0" />
  <testcase classname="gov.opm.scrd.entities.application.PaymentMoveTransactionUnitTests" name="test_setClaimNumber" time="0.0" />
  <testcase classname="gov.opm.scrd.entities.application.PaymentMoveTransactionUnitTests" name="test_getPayTransactionKey" time="0.0" />
  <testcase classname="gov.opm.scrd.entities.application.PaymentMoveTransactionUnitTests" name="test_setPayTransactionKey" time="0.0" />
  <testcase classname="gov.opm.scrd.entities.application.PaymentMoveTransactionUnitTests" name="test_getModificationDate" time="0.0" />
  <testcase classname="gov.opm.scrd.entities.application.PaymentMoveTransactionUnitTests" name="test_setModificationDate" time="0.0010" />
  <testcase classname="gov.opm.scrd.entities.application.PaymentMoveTransactionUnitTests" name="test_getApprovalDate" time="0.0" />
  <testcase classname="gov.opm.scrd.entities.application.PaymentMoveTransactionUnitTests" name="test_setApprovalDate" time="0.0" />
  <testcase classname="gov.opm.scrd.entities.application.PaymentMoveTransactionUnitTests" name="test_getProcessedDate" time="0.0" />
  <testcase classname="gov.opm.scrd.entities.application.PaymentMoveTransactionUnitTests" name="test_setProcessedDate" time="0.0" />
  <testcase classname="gov.opm.scrd.entities.application.PaymentMoveTransactionUnitTests" name="test_getTechnicianUserKey" time="0.0" />
  <testcase classname="gov.opm.scrd.entities.application.PaymentMoveTransactionUnitTests" name="test_setTechnicianUserKey" time="0.0" />
  <testcase classname="gov.opm.scrd.entities.application.PaymentMoveTransactionUnitTests" name="test_getManagerUserKey" time="0.0" />
  <testcase classname="gov.opm.scrd.entities.application.PaymentMoveTransactionUnitTests" name="test_setManagerUserKey" time="0.0" />
  <testcase classname="gov.opm.scrd.entities.application.PaymentMoveTransactionUnitTests" name="test_getApproved" time="0.0" />
  <testcase classname="gov.opm.scrd.entities.application.PaymentMoveTransactionUnitTests" name="test_setApproved" time="0.0" />
  <testcase classname="gov.opm.scrd.entities.application.PaymentMoveTransactionUnitTests" name="test_getDisapproved" time="0.0" />
  <testcase classname="gov.opm.scrd.entities.application.PaymentMoveTransactionUnitTests" name="test_setDisapproved" time="0.0" />
  <testcase classname="gov.opm.scrd.entities.application.PaymentMoveTransactionUnitTests" name="test_getModified" time="0.0" />
  <testcase classname="gov.opm.scrd.entities.application.PaymentMoveTransactionUnitTests" name="test_setModified" time="0.0" />
  <testcase classname="gov.opm.scrd.entities.application.PaymentMoveTransactionUnitTests" name="test_getNote" time="0.0010" />
  <testcase classname="gov.opm.scrd.entities.application.PaymentMoveTransactionUnitTests" name="test_setNote" time="0.0" />
  <testcase classname="gov.opm.scrd.entities.application.PaymentMoveTransactionUnitTests" name="test_getTotPayd" time="0.0" />
  <testcase classname="gov.opm.scrd.entities.application.PaymentMoveTransactionUnitTests" name="test_setTotPayd" time="0.0" />
  <testcase classname="gov.opm.scrd.entities.application.PaymentMoveTransactionUnitTests" name="test_getTotPayr" time="0.0010" />
  <testcase classname="gov.opm.scrd.entities.application.PaymentMoveTransactionUnitTests" name="test_setTotPayr" time="0.0" />
  <testcase classname="gov.opm.scrd.entities.application.PaymentMoveTransactionUnitTests" name="test_getTotPayn" time="0.0" />
  <testcase classname="gov.opm.scrd.entities.application.PaymentMoveTransactionUnitTests" name="test_setTotPayn" time="0.0" />
  <testcase classname="gov.opm.scrd.entities.application.PaymentMoveTransactionUnitTests" name="test_getTotPayvr" time="0.0" />
  <testcase classname="gov.opm.scrd.entities.application.PaymentMoveTransactionUnitTests" name="test_setTotPayvr" time="0.0" />
  <testcase classname="gov.opm.scrd.entities.application.PaymentMoveTransactionUnitTests" name="test_getTotPayfers" time="0.0" />
  <testcase classname="gov.opm.scrd.entities.application.PaymentMoveTransactionUnitTests" name="test_setTotPayfers" time="0.0" />
  <testcase classname="gov.opm.scrd.entities.application.PaymentRefundLinkUnitTests" name="testCtor" time="0.0" />
  <testcase classname="gov.opm.scrd.entities.application.PaymentRefundLinkUnitTests" name="test_getPaymentNeedingRefund" time="0.0" />
  <testcase classname="gov.opm.scrd.entities.application.PaymentRefundLinkUnitTests" name="test_setPaymentNeedingRefund" time="0.0" />
  <testcase classname="gov.opm.scrd.entities.application.PaymentRefundLinkUnitTests" name="test_getRefundForPayment" time="0.0" />
  <testcase classname="gov.opm.scrd.entities.application.PaymentRefundLinkUnitTests" name="test_setRefundForPayment" time="0.0" />
  <testcase classname="gov.opm.scrd.entities.application.PaymentTransactionNoteUnitTests" name="testCtor" time="0.0" />
  <testcase classname="gov.opm.scrd.entities.application.PaymentTransactionNoteUnitTests" name="test_getPayTransactionKey" time="0.0" />
  <testcase classname="gov.opm.scrd.entities.application.PaymentTransactionNoteUnitTests" name="test_setPayTransactionKey" time="0.0" />
  <testcase classname="gov.opm.scrd.entities.application.PaymentTransactionNoteUnitTests" name="test_getNote" time="0.0010" />
  <testcase classname="gov.opm.scrd.entities.application.PaymentTransactionNoteUnitTests" name="test_setNote" time="0.0" />
  <testcase classname="gov.opm.scrd.entities.application.PayTransStatusCodeUnitTests" name="testCtor" time="0.0" />
  <testcase classname="gov.opm.scrd.entities.application.PayTransStatusCodeUnitTests" name="test_getDescription" time="0.0010" />
  <testcase classname="gov.opm.scrd.entities.application.PayTransStatusCodeUnitTests" name="test_setDescription" time="0.0" />
  <testcase classname="gov.opm.scrd.entities.application.PayTransStatusCodeUnitTests" name="test_getDisplayOrder" time="0.0" />
  <testcase classname="gov.opm.scrd.entities.application.PayTransStatusCodeUnitTests" name="test_setDisplayOrder" time="0.0010" />
  <testcase classname="gov.opm.scrd.entities.application.PayTransStatusCodeUnitTests" name="test_getCategory" time="0.0" />
  <testcase classname="gov.opm.scrd.entities.application.PayTransStatusCodeUnitTests" name="test_setCategory" time="0.0" />
  <testcase classname="gov.opm.scrd.entities.application.PayTransStatusCodeUnitTests" name="test_getNextStateLink" time="0.0010" />
  <testcase classname="gov.opm.scrd.entities.application.PayTransStatusCodeUnitTests" name="test_setNextStateLink" time="0.0" />
  <testcase classname="gov.opm.scrd.entities.application.PayTransStatusCodeUnitTests" name="test_getBatchProcessingOrder" time="0.0" />
  <testcase classname="gov.opm.scrd.entities.application.PayTransStatusCodeUnitTests" name="test_setBatchProcessingOrder" time="0.0" />
  <testcase classname="gov.opm.scrd.entities.application.PayTransStatusCodeUnitTests" name="test_getFinalState" time="0.0" />
  <testcase classname="gov.opm.scrd.entities.application.PayTransStatusCodeUnitTests" name="test_setFinalState" time="0.0" />
  <testcase classname="gov.opm.scrd.entities.application.PayTransStatusCodeUnitTests" name="test_getNeedsApproval" time="0.0" />
  <testcase classname="gov.opm.scrd.entities.application.PayTransStatusCodeUnitTests" name="test_setNeedsApproval" time="0.0" />
  <testcase classname="gov.opm.scrd.entities.application.PayTransStatusCodeUnitTests" name="test_getShowOnSuspense" time="0.0010" />
  <testcase classname="gov.opm.scrd.entities.application.PayTransStatusCodeUnitTests" name="test_setShowOnSuspense" time="0.0" />
  <testcase classname="gov.opm.scrd.entities.application.PayTransStatusCodeUnitTests" name="test_getIncludeInBalance" time="0.0" />
  <testcase classname="gov.opm.scrd.entities.application.PayTransStatusCodeUnitTests" name="test_setIncludeInBalance" time="0.0" />
  <testcase classname="gov.opm.scrd.entities.application.PayTransStatusCodeUnitTests" name="test_getNightlyBatch" time="0.0" />
  <testcase classname="gov.opm.scrd.entities.application.PayTransStatusCodeUnitTests" name="test_setNightlyBatch" time="0.0" />
  <testcase classname="gov.opm.scrd.entities.application.PayTransStatusCodeUnitTests" name="test_getDeletable" time="0.0" />
  <testcase classname="gov.opm.scrd.entities.application.PayTransStatusCodeUnitTests" name="test_setDeletable" time="0.0" />
  <testcase classname="gov.opm.scrd.entities.application.PayTransStatusCodeUnitTests" name="test_getReversable" time="0.0" />
  <testcase classname="gov.opm.scrd.entities.application.PayTransStatusCodeUnitTests" name="test_setReversable" time="0.0" />
  <testcase classname="gov.opm.scrd.entities.application.PayTransStatusCodeUnitTests" name="test_getManualEntered" time="0.0010" />
  <testcase classname="gov.opm.scrd.entities.application.PayTransStatusCodeUnitTests" name="test_setManualEntered" time="0.0" />
  <testcase classname="gov.opm.scrd.entities.application.PayTransStatusCodeUnitTests" name="test_getSuspenseAction" time="0.0" />
  <testcase classname="gov.opm.scrd.entities.application.PayTransStatusCodeUnitTests" name="test_setSuspenseAction" time="0.0" />
  <testcase classname="gov.opm.scrd.entities.application.PayTransStatusCodeUnitTests" name="test_getCanHitGl" time="0.0" />
  <testcase classname="gov.opm.scrd.entities.application.PayTransStatusCodeUnitTests" name="test_setCanHitGl" time="0.0" />
  <testcase classname="gov.opm.scrd.entities.application.PayTransStatusCodeUnitTests" name="test_getReversingType" time="0.0" />
  <testcase classname="gov.opm.scrd.entities.application.PayTransStatusCodeUnitTests" name="test_setReversingType" time="0.0" />
  <testcase classname="gov.opm.scrd.entities.application.PayTransStatusCodeUnitTests" name="test_getBalancedScorecard" time="0.0" />
  <testcase classname="gov.opm.scrd.entities.application.PayTransStatusCodeUnitTests" name="test_setBalancedScorecard" time="0.0" />
  <testcase classname="gov.opm.scrd.entities.application.PayTransStatusCodeUnitTests" name="test_getSendToDbts" time="0.0" />
  <testcase classname="gov.opm.scrd.entities.application.PayTransStatusCodeUnitTests" name="test_setSendToDbts" time="0.0" />
  <testcase classname="gov.opm.scrd.entities.application.SCMFirstInsertUnitTests" name="testCtor" time="0.0" />
  <testcase classname="gov.opm.scrd.entities.application.SCMFirstInsertUnitTests" name="test_getClaimNumber" time="0.0" />
  <testcase classname="gov.opm.scrd.entities.application.SCMFirstInsertUnitTests" name="test_setClaimNumber" time="0.0010" />
  <testcase classname="gov.opm.scrd.entities.application.SCMFirstInsertUnitTests" name="test_getLastAction" time="0.0" />
  <testcase classname="gov.opm.scrd.entities.application.SCMFirstInsertUnitTests" name="test_setLastAction" time="0.0" />
  <testcase classname="gov.opm.scrd.entities.application.TimeFactorUnitTests" name="testCtor" time="0.0" />
  <testcase classname="gov.opm.scrd.entities.application.TimeFactorUnitTests" name="test_getNumDays" time="0.0" />
  <testcase classname="gov.opm.scrd.entities.application.TimeFactorUnitTests" name="test_setNumDays" time="0.0" />
  <testcase classname="gov.opm.scrd.entities.application.TimeFactorUnitTests" name="test_getNumMonths" time="0.0" />
  <testcase classname="gov.opm.scrd.entities.application.TimeFactorUnitTests" name="test_setNumMonths" time="0.0" />
  <testcase classname="gov.opm.scrd.entities.application.TimeFactorUnitTests" name="test_getTimeFactor" time="0.0" />
  <testcase classname="gov.opm.scrd.entities.application.TimeFactorUnitTests" name="test_setTimeFactor" time="0.0" />
  <testcase classname="gov.opm.scrd.entities.application.UserAccountAssignmentUnitTests" name="testCtor" time="0.0" />
  <testcase classname="gov.opm.scrd.entities.application.UserAccountAssignmentUnitTests" name="test_getUser" time="0.0" />
  <testcase classname="gov.opm.scrd.entities.application.UserAccountAssignmentUnitTests" name="test_setUser" time="0.0" />
  <testcase classname="gov.opm.scrd.entities.application.UserAccountAssignmentUnitTests" name="test_getAccount" time="0.0010" />
  <testcase classname="gov.opm.scrd.entities.application.UserAccountAssignmentUnitTests" name="test_setAccount" time="0.0" />
  <testcase classname="gov.opm.scrd.entities.application.UserAccountAssignmentUnitTests" name="test_getAssignmentDate" time="0.0" />
  <testcase classname="gov.opm.scrd.entities.application.UserAccountAssignmentUnitTests" name="test_setAssignmentDate" time="0.0010" />
  <testcase classname="gov.opm.scrd.entities.application.AccountConfirmationValidationEntryUnitTests" name="testCtor" time="0.0" />
  <testcase classname="gov.opm.scrd.entities.application.AccountConfirmationValidationEntryUnitTests" name="test_getFieldName" time="0.0" />
  <testcase classname="gov.opm.scrd.entities.application.AccountConfirmationValidationEntryUnitTests" name="test_setFieldName" time="0.0" />
  <testcase classname="gov.opm.scrd.entities.application.AccountConfirmationValidationEntryUnitTests" name="test_getValid" time="0.0" />
  <testcase classname="gov.opm.scrd.entities.application.AccountConfirmationValidationEntryUnitTests" name="test_setValid" time="0.0" />
  <testcase classname="gov.opm.scrd.entities.application.AccountConfirmationValidationUnitTests" name="testCtor" time="0.0" />
  <testcase classname="gov.opm.scrd.entities.application.AccountConfirmationValidationUnitTests" name="test_getAccountId" time="0.0" />
  <testcase classname="gov.opm.scrd.entities.application.AccountConfirmationValidationUnitTests" name="test_setAccountId" time="0.0" />
  <testcase classname="gov.opm.scrd.entities.application.AccountConfirmationValidationUnitTests" name="test_getDataCheckStatus" time="0.0" />
  <testcase classname="gov.opm.scrd.entities.application.AccountConfirmationValidationUnitTests" name="test_setDataCheckStatus" time="0.0010" />
  <testcase classname="gov.opm.scrd.entities.application.AccountConfirmationValidationUnitTests" name="test_getDataCheckStatusValidator" time="0.0" />
  <testcase classname="gov.opm.scrd.entities.application.AccountConfirmationValidationUnitTests" name="test_setDataCheckStatusValidator" time="0.0" />
  <testcase classname="gov.opm.scrd.entities.application.AccountConfirmationValidationUnitTests" name="test_getDataCheckStatusReason" time="0.0" />
  <testcase classname="gov.opm.scrd.entities.application.AccountConfirmationValidationUnitTests" name="test_setDataCheckStatusReason" time="0.0" />
  <testcase classname="gov.opm.scrd.entities.application.AccountConfirmationValidationUnitTests" name="test_getEntries" time="0.0" />
  <testcase classname="gov.opm.scrd.entities.application.AccountConfirmationValidationUnitTests" name="test_setEntries" time="0.0" />
  <testcase classname="gov.opm.scrd.entities.application.AccountHolderUnitTests" name="testCtor" time="0.0" />
  <testcase classname="gov.opm.scrd.entities.application.AccountHolderUnitTests" name="test_getLastName" time="0.0" />
  <testcase classname="gov.opm.scrd.entities.application.AccountHolderUnitTests" name="test_setLastName" time="0.0" />
  <testcase classname="gov.opm.scrd.entities.application.AccountHolderUnitTests" name="test_getFirstName" time="0.0" />
  <testcase classname="gov.opm.scrd.entities.application.AccountHolderUnitTests" name="test_setFirstName" time="0.0" />
  <testcase classname="gov.opm.scrd.entities.application.AccountHolderUnitTests" name="test_getMiddleInitial" time="0.0" />
  <testcase classname="gov.opm.scrd.entities.application.AccountHolderUnitTests" name="test_setMiddleInitial" time="0.0" />
  <testcase classname="gov.opm.scrd.entities.application.AccountHolderUnitTests" name="test_getSuffix" time="0.0" />
  <testcase classname="gov.opm.scrd.entities.application.AccountHolderUnitTests" name="test_setSuffix" time="0.0" />
  <testcase classname="gov.opm.scrd.entities.application.AccountHolderUnitTests" name="test_getBirthDate" time="0.0" />
  <testcase classname="gov.opm.scrd.entities.application.AccountHolderUnitTests" name="test_setBirthDate" time="0.0" />
  <testcase classname="gov.opm.scrd.entities.application.AccountHolderUnitTests" name="test_getSsn" time="0.0" />
  <testcase classname="gov.opm.scrd.entities.application.AccountHolderUnitTests" name="test_setSsn" time="0.0" />
  <testcase classname="gov.opm.scrd.entities.application.AccountHolderUnitTests" name="test_getTelephone" time="0.0" />
  <testcase classname="gov.opm.scrd.entities.application.AccountHolderUnitTests" name="test_setTelephone" time="0.0" />
  <testcase classname="gov.opm.scrd.entities.application.AccountHolderUnitTests" name="test_getEmail" time="0.0" />
  <testcase classname="gov.opm.scrd.entities.application.AccountHolderUnitTests" name="test_setEmail" time="0.0" />
  <testcase classname="gov.opm.scrd.entities.application.AccountHolderUnitTests" name="test_getTitle" time="0.0" />
  <testcase classname="gov.opm.scrd.entities.application.AccountHolderUnitTests" name="test_setTitle" time="0.0" />
  <testcase classname="gov.opm.scrd.entities.application.AccountHolderUnitTests" name="test_getDepartmentCode" time="0.0010" />
  <testcase classname="gov.opm.scrd.entities.application.AccountHolderUnitTests" name="test_setDepartmentCode" time="0.0" />
  <testcase classname="gov.opm.scrd.entities.application.AccountHolderUnitTests" name="test_getAddress" time="0.0" />
  <testcase classname="gov.opm.scrd.entities.application.AccountHolderUnitTests" name="test_setAddress" time="0.0" />
  <testcase classname="gov.opm.scrd.entities.application.AccountHolderUnitTests" name="test_getGeoCode" time="0.0" />
  <testcase classname="gov.opm.scrd.entities.application.AccountHolderUnitTests" name="test_setGeoCode" time="0.0010" />
  <testcase classname="gov.opm.scrd.entities.application.AccountHolderUnitTests" name="test_getCityOfEmployment" time="0.0" />
  <testcase classname="gov.opm.scrd.entities.application.AccountHolderUnitTests" name="test_setCityOfEmployment" time="0.0" />
  <testcase classname="gov.opm.scrd.entities.application.AccountHolderUnitTests" name="test_getStateOfEmployment" time="0.0" />
  <testcase classname="gov.opm.scrd.entities.application.AccountHolderUnitTests" name="test_setStateOfEmployment" time="0.0010" />
  <testcase classname="gov.opm.scrd.entities.application.AccountHolderUnitTests" name="test_getPosition" time="0.0010" />
  <testcase classname="gov.opm.scrd.entities.application.AccountHolderUnitTests" name="test_setPosition" time="0.0" />
  <testcase classname="gov.opm.scrd.entities.application.AccountHolderUnitTests" name="test_getAgencyCode" time="0.0" />
  <testcase classname="gov.opm.scrd.entities.application.AccountHolderUnitTests" name="test_setAgencyCode" time="0.0" />
  <testcase classname="gov.opm.scrd.entities.application.AccountNoteUnitTests" name="testCtor" time="0.0" />
  <testcase classname="gov.opm.scrd.entities.application.AccountNoteUnitTests" name="test_getText" time="0.0" />
  <testcase classname="gov.opm.scrd.entities.application.AccountNoteUnitTests" name="test_setText" time="0.0" />
  <testcase classname="gov.opm.scrd.entities.application.AccountNoteUnitTests" name="test_getAccountId" time="0.0010" />
  <testcase classname="gov.opm.scrd.entities.application.AccountNoteUnitTests" name="test_setAccountId" time="0.0" />
  <testcase classname="gov.opm.scrd.entities.application.AccountNoteUnitTests" name="test_getDate" time="0.0" />
  <testcase classname="gov.opm.scrd.entities.application.AccountNoteUnitTests" name="test_setDate" time="0.0" />
  <testcase classname="gov.opm.scrd.entities.application.AccountNoteUnitTests" name="test_getWriter" time="0.0" />
  <testcase classname="gov.opm.scrd.entities.application.AccountNoteUnitTests" name="test_setWriter" time="0.0" />
  <testcase classname="gov.opm.scrd.entities.application.AccountNoteUnitTests" name="test_getPriority" time="0.0" />
  <testcase classname="gov.opm.scrd.entities.application.AccountNoteUnitTests" name="test_setPriority" time="0.0" />
  <testcase classname="gov.opm.scrd.entities.application.AccountUnitTests" name="testCtor" time="0.0010" />
  <testcase classname="gov.opm.scrd.entities.application.AccountUnitTests" name="test_getClaimNumber" time="0.0" />
  <testcase classname="gov.opm.scrd.entities.application.AccountUnitTests" name="test_setClaimNumber" time="0.0" />
  <testcase classname="gov.opm.scrd.entities.application.AccountUnitTests" name="test_getAccIntDep" time="0.0" />
  <testcase classname="gov.opm.scrd.entities.application.AccountUnitTests" name="test_setAccIntDep" time="0.0" />
  <testcase classname="gov.opm.scrd.entities.application.AccountUnitTests" name="test_getAccIntRdep" time="0.0" />
  <testcase classname="gov.opm.scrd.entities.application.AccountUnitTests" name="test_setAccIntRdep" time="0.0" />
  <testcase classname="gov.opm.scrd.entities.application.AccountUnitTests" name="test_getAccIntNonDep" time="0.0" />
  <testcase classname="gov.opm.scrd.entities.application.AccountUnitTests" name="test_setAccIntNonDep" time="0.0" />
  <testcase classname="gov.opm.scrd.entities.application.AccountUnitTests" name="test_getAccIntVarRdep" time="0.0" />
  <testcase classname="gov.opm.scrd.entities.application.AccountUnitTests" name="test_setAccIntVarRdep" time="0.0010" />
  <testcase classname="gov.opm.scrd.entities.application.AccountUnitTests" name="test_getAccIntFers" time="0.0" />
  <testcase classname="gov.opm.scrd.entities.application.AccountUnitTests" name="test_setAccIntFers" time="0.0" />
  <testcase classname="gov.opm.scrd.entities.application.AccountUnitTests" name="test_getTotPayd" time="0.0" />
  <testcase classname="gov.opm.scrd.entities.application.AccountUnitTests" name="test_setTotPayd" time="0.0" />
  <testcase classname="gov.opm.scrd.entities.application.AccountUnitTests" name="test_getTotPayr" time="0.0" />
  <testcase classname="gov.opm.scrd.entities.application.AccountUnitTests" name="test_setTotPayr" time="0.0" />
  <testcase classname="gov.opm.scrd.entities.application.AccountUnitTests" name="test_getTotPayn" time="0.0" />
  <testcase classname="gov.opm.scrd.entities.application.AccountUnitTests" name="test_setTotPayn" time="0.0" />
  <testcase classname="gov.opm.scrd.entities.application.AccountUnitTests" name="test_getTotPayvr" time="0.0" />
  <testcase classname="gov.opm.scrd.entities.application.AccountUnitTests" name="test_setTotPayvr" time="0.0" />
  <testcase classname="gov.opm.scrd.entities.application.AccountUnitTests" name="test_getTotPayfers" time="0.0" />
  <testcase classname="gov.opm.scrd.entities.application.AccountUnitTests" name="test_setTotPayfers" time="0.0" />
  <testcase classname="gov.opm.scrd.entities.application.AccountUnitTests" name="test_getLastPay" time="0.0" />
  <testcase classname="gov.opm.scrd.entities.application.AccountUnitTests" name="test_setLastPay" time="0.0" />
  <testcase classname="gov.opm.scrd.entities.application.AccountUnitTests" name="test_getLastAction" time="0.0" />
  <testcase classname="gov.opm.scrd.entities.application.AccountUnitTests" name="test_setLastAction" time="0.0" />
  <testcase classname="gov.opm.scrd.entities.application.AccountUnitTests" name="test_getPlanType" time="0.0" />
  <testcase classname="gov.opm.scrd.entities.application.AccountUnitTests" name="test_setPlanType" time="0.0" />
  <testcase classname="gov.opm.scrd.entities.application.AccountUnitTests" name="test_getFormType" time="0.0010" />
  <testcase classname="gov.opm.scrd.entities.application.AccountUnitTests" name="test_setFormType" time="0.0" />
  <testcase classname="gov.opm.scrd.entities.application.AccountUnitTests" name="test_getHolder" time="0.0" />
  <testcase classname="gov.opm.scrd.entities.application.AccountUnitTests" name="test_setHolder" time="0.0" />
  <testcase classname="gov.opm.scrd.entities.application.AccountUnitTests" name="test_getStatus" time="0.0" />
  <testcase classname="gov.opm.scrd.entities.application.AccountUnitTests" name="test_setStatus" time="0.0" />
  <testcase classname="gov.opm.scrd.entities.application.AccountUnitTests" name="test_isGrace" time="0.0" />
  <testcase classname="gov.opm.scrd.entities.application.AccountUnitTests" name="test_setGrace" time="0.0010" />
  <testcase classname="gov.opm.scrd.entities.application.AccountUnitTests" name="test_isFrozen" time="0.0" />
  <testcase classname="gov.opm.scrd.entities.application.AccountUnitTests" name="test_setFrozen" time="0.0" />
  <testcase classname="gov.opm.scrd.entities.application.AccountUnitTests" name="test_getNotes" time="0.0" />
  <testcase classname="gov.opm.scrd.entities.application.AccountUnitTests" name="test_setNotes" time="0.0" />
  <testcase classname="gov.opm.scrd.entities.application.AccountUnitTests" name="test_getClaimOfficer" time="0.0" />
  <testcase classname="gov.opm.scrd.entities.application.AccountUnitTests" name="test_setClaimOfficer" time="0.0" />
  <testcase classname="gov.opm.scrd.entities.application.AccountUnitTests" name="test_getClaimOfficerAssignmentDate" time="0.0010" />
  <testcase classname="gov.opm.scrd.entities.application.AccountUnitTests" name="test_setClaimOfficerAssignmentDate" time="0.0" />
  <testcase classname="gov.opm.scrd.entities.application.AccountUnitTests" name="test_getClaimantBirthdate" time="0.0" />
  <testcase classname="gov.opm.scrd.entities.application.AccountUnitTests" name="test_setClaimantBirthdate" time="0.0" />
  <testcase classname="gov.opm.scrd.entities.application.AccountUnitTests" name="test_getBalance" time="0.0" />
  <testcase classname="gov.opm.scrd.entities.application.AccountUnitTests" name="test_setBalance" time="0.0" />
  <testcase classname="gov.opm.scrd.entities.application.AccountUnitTests" name="test_getReturnedFromRecordsDate" time="0.0" />
  <testcase classname="gov.opm.scrd.entities.application.AccountUnitTests" name="test_setReturnedFromRecordsDate" time="0.0" />
  <testcase classname="gov.opm.scrd.entities.application.AccountUnitTests" name="test_getBillingSummary" time="0.0" />
  <testcase classname="gov.opm.scrd.entities.application.AccountUnitTests" name="test_setBillingSummary" time="0.0" />
  <testcase classname="gov.opm.scrd.entities.application.AccountUnitTests" name="test_getCalculationVersions" time="0.0" />
  <testcase classname="gov.opm.scrd.entities.application.AccountUnitTests" name="test_setCalculationVersions" time="0.0" />
  <testcase classname="gov.opm.scrd.entities.application.AccountUnitTests" name="test_getPaymentHistory" time="0.0" />
  <testcase classname="gov.opm.scrd.entities.application.AccountUnitTests" name="test_setPaymentHistory" time="0.0" />
  <testcase classname="gov.opm.scrd.entities.application.AccountUnitTests" name="test_getValidity" time="0.0" />
  <testcase classname="gov.opm.scrd.entities.application.AccountUnitTests" name="test_setValidity" time="0.0" />
  <testcase classname="gov.opm.scrd.entities.application.AccountUnitTests" name="test_getTotalDeposit" time="0.0" />
  <testcase classname="gov.opm.scrd.entities.application.AccountUnitTests" name="test_setTotalDeposit" time="0.0010" />
  <testcase classname="gov.opm.scrd.entities.application.AccountUnitTests" name="test_getTotalRedeposit" time="0.0" />
  <testcase classname="gov.opm.scrd.entities.application.AccountUnitTests" name="test_setTotalRedeposit" time="0.0" />
  <testcase classname="gov.opm.scrd.entities.application.AccountUnitTests" name="test_getTotalVarRedeposit" time="0.0" />
  <testcase classname="gov.opm.scrd.entities.application.AccountUnitTests" name="test_setTotalVarRedeposit" time="0.0" />
  <testcase classname="gov.opm.scrd.entities.application.AccountUnitTests" name="test_getTotalNonDeposit" time="0.0" />
  <testcase classname="gov.opm.scrd.entities.application.AccountUnitTests" name="test_setTotalNonDeposit" time="0.0" />
  <testcase classname="gov.opm.scrd.entities.application.AccountUnitTests" name="test_getTotalFersW" time="0.0" />
  <testcase classname="gov.opm.scrd.entities.application.AccountUnitTests" name="test_setTotalFersW" time="0.0" />
  <testcase classname="gov.opm.scrd.entities.application.AccountUnitTests" name="test_getComputationDate" time="0.0" />
  <testcase classname="gov.opm.scrd.entities.application.AccountUnitTests" name="test_setComputationDate" time="0.0" />
  <testcase classname="gov.opm.scrd.entities.application.AccountUnitTests" name="test_getVarIntComputationDate" time="0.0" />
  <testcase classname="gov.opm.scrd.entities.application.AccountUnitTests" name="test_setVarIntComputationDate" time="0.0" />
  <testcase classname="gov.opm.scrd.entities.application.AccountUnitTests" name="test_getPayCode" time="0.0" />
  <testcase classname="gov.opm.scrd.entities.application.AccountUnitTests" name="test_setPayCode" time="0.0" />
  <testcase classname="gov.opm.scrd.entities.application.AccountUnitTests" name="test_getTimePeriod" time="0.0" />
  <testcase classname="gov.opm.scrd.entities.application.AccountUnitTests" name="test_setTimePeriod" time="0.0" />
  <testcase classname="gov.opm.scrd.entities.application.AccountUnitTests" name="test_getAdditionalService" time="0.0" />
  <testcase classname="gov.opm.scrd.entities.application.AccountUnitTests" name="test_setAdditionalService" time="0.0010" />
  <testcase classname="gov.opm.scrd.entities.application.AccountUnitTests" name="test_getNoInterest" time="0.0" />
  <testcase classname="gov.opm.scrd.entities.application.AccountUnitTests" name="test_setNoInterest" time="0.0" />
  <testcase classname="gov.opm.scrd.entities.application.AccountUnitTests" name="test_getCode20Date" time="0.0" />
  <testcase classname="gov.opm.scrd.entities.application.AccountUnitTests" name="test_setCode20Date" time="0.0" />
  <testcase classname="gov.opm.scrd.entities.application.AccountUnitTests" name="test_getFlagPreredeposit" time="0.0" />
  <testcase classname="gov.opm.scrd.entities.application.AccountUnitTests" name="test_setFlagPreredeposit" time="0.0" />
  <testcase classname="gov.opm.scrd.entities.application.AccountUnitTests" name="test_getFlagPostredeposit" time="0.0" />
  <testcase classname="gov.opm.scrd.entities.application.AccountUnitTests" name="test_setFlagPostredeposit" time="0.0" />
  <testcase classname="gov.opm.scrd.entities.application.AccountUnitTests" name="test_getPriorClaimNumber" time="0.0" />
  <testcase classname="gov.opm.scrd.entities.application.AccountUnitTests" name="test_setPriorClaimNumber" time="0.0" />
  <testcase classname="gov.opm.scrd.entities.application.AccountUnitTests" name="test_getPaymentOrder" time="0.0" />
  <testcase classname="gov.opm.scrd.entities.application.AccountUnitTests" name="test_setPaymentOrder" time="0.0010" />
  <testcase classname="gov.opm.scrd.entities.application.AccountUnitTests" name="test_getNewClaimNumber" time="0.0" />
  <testcase classname="gov.opm.scrd.entities.application.AccountUnitTests" name="test_setNewClaimNumber" time="0.0" />
  <testcase classname="gov.opm.scrd.entities.application.AccountUnitTests" name="test_getStopAchPayment" time="0.0" />
  <testcase classname="gov.opm.scrd.entities.application.AccountUnitTests" name="test_setStopAchPayment" time="0.0" />
  <testcase classname="gov.opm.scrd.entities.application.AccountUnitTests" name="test_getDbtsAccount" time="0.0" />
  <testcase classname="gov.opm.scrd.entities.application.AccountUnitTests" name="test_setDbtsAccount" time="0.0" />
  <testcase classname="gov.opm.scrd.entities.application.AddressUnitTests" name="testCtor" time="0.0" />
  <testcase classname="gov.opm.scrd.entities.application.AddressUnitTests" name="test_getStreet1" time="0.0010" />
  <testcase classname="gov.opm.scrd.entities.application.AddressUnitTests" name="test_setStreet1" time="0.0" />
  <testcase classname="gov.opm.scrd.entities.application.AddressUnitTests" name="test_getStreet2" time="0.0" />
  <testcase classname="gov.opm.scrd.entities.application.AddressUnitTests" name="test_setStreet2" time="0.0" />
  <testcase classname="gov.opm.scrd.entities.application.AddressUnitTests" name="test_getStreet3" time="0.0" />
  <testcase classname="gov.opm.scrd.entities.application.AddressUnitTests" name="test_setStreet3" time="0.0" />
  <testcase classname="gov.opm.scrd.entities.application.AddressUnitTests" name="test_getStreet4" time="0.0" />
  <testcase classname="gov.opm.scrd.entities.application.AddressUnitTests" name="test_setStreet4" time="0.0" />
  <testcase classname="gov.opm.scrd.entities.application.AddressUnitTests" name="test_getStreet5" time="0.0" />
  <testcase classname="gov.opm.scrd.entities.application.AddressUnitTests" name="test_setStreet5" time="0.0" />
  <testcase classname="gov.opm.scrd.entities.application.AddressUnitTests" name="test_getCity" time="0.0" />
  <testcase classname="gov.opm.scrd.entities.application.AddressUnitTests" name="test_setCity" time="0.0" />
  <testcase classname="gov.opm.scrd.entities.application.AddressUnitTests" name="test_getState" time="0.0" />
  <testcase classname="gov.opm.scrd.entities.application.AddressUnitTests" name="test_setState" time="0.0010" />
  <testcase classname="gov.opm.scrd.entities.application.AddressUnitTests" name="test_getZipCode" time="0.0010" />
  <testcase classname="gov.opm.scrd.entities.application.AddressUnitTests" name="test_setZipCode" time="0.0" />
  <testcase classname="gov.opm.scrd.entities.application.AddressUnitTests" name="test_getCountry" time="0.0" />
  <testcase classname="gov.opm.scrd.entities.application.AddressUnitTests" name="test_setCountry" time="0.0" />
  <testcase classname="gov.opm.scrd.entities.application.AuditParameterRecordUnitTests" name="testCtor" time="0.0" />
  <testcase classname="gov.opm.scrd.entities.application.AuditParameterRecordUnitTests" name="test_getItemId" time="0.0010" />
  <testcase classname="gov.opm.scrd.entities.application.AuditParameterRecordUnitTests" name="test_setItemId" time="0.0" />
  <testcase classname="gov.opm.scrd.entities.application.AuditParameterRecordUnitTests" name="test_getItemType" time="0.0" />
  <testcase classname="gov.opm.scrd.entities.application.AuditParameterRecordUnitTests" name="test_setItemType" time="0.0" />
  <testcase classname="gov.opm.scrd.entities.application.AuditParameterRecordUnitTests" name="test_getPropertyName" time="0.0" />
  <testcase classname="gov.opm.scrd.entities.application.AuditParameterRecordUnitTests" name="test_setPropertyName" time="0.0" />
  <testcase classname="gov.opm.scrd.entities.application.AuditParameterRecordUnitTests" name="test_getPreviousValue" time="0.0" />
  <testcase classname="gov.opm.scrd.entities.application.AuditParameterRecordUnitTests" name="test_setPreviousValue" time="0.0010" />
  <testcase classname="gov.opm.scrd.entities.application.AuditParameterRecordUnitTests" name="test_getNewValue" time="0.0" />
  <testcase classname="gov.opm.scrd.entities.application.AuditParameterRecordUnitTests" name="test_setNewValue" time="0.0" />
  <testcase classname="gov.opm.scrd.entities.application.AuditRecordUnitTests" name="testCtor" time="0.0" />
  <testcase classname="gov.opm.scrd.entities.application.AuditRecordUnitTests" name="test_getDate" time="0.0" />
  <testcase classname="gov.opm.scrd.entities.application.AuditRecordUnitTests" name="test_setDate" time="0.0" />
  <testcase classname="gov.opm.scrd.entities.application.AuditRecordUnitTests" name="test_getUsername" time="0.0" />
  <testcase classname="gov.opm.scrd.entities.application.AuditRecordUnitTests" name="test_setUsername" time="0.0010" />
  <testcase classname="gov.opm.scrd.entities.application.AuditRecordUnitTests" name="test_getIpAddress" time="0.0" />
  <testcase classname="gov.opm.scrd.entities.application.AuditRecordUnitTests" name="test_setIpAddress" time="0.0" />
  <testcase classname="gov.opm.scrd.entities.application.AuditRecordUnitTests" name="test_getActionName" time="0.0" />
  <testcase classname="gov.opm.scrd.entities.application.AuditRecordUnitTests" name="test_setActionName" time="0.0" />
  <testcase classname="gov.opm.scrd.entities.application.AuditRecordUnitTests" name="test_getParameters" time="0.0" />
  <testcase classname="gov.opm.scrd.entities.application.AuditRecordUnitTests" name="test_setParameters" time="0.0" />
  <testcase classname="gov.opm.scrd.entities.application.BillingSummaryUnitTests" name="testCtor" time="0.0" />
  <testcase classname="gov.opm.scrd.entities.application.BillingSummaryUnitTests" name="test_getComputedDate" time="0.0" />
  <testcase classname="gov.opm.scrd.entities.application.BillingSummaryUnitTests" name="test_setComputedDate" time="0.0" />
  <testcase classname="gov.opm.scrd.entities.application.BillingSummaryUnitTests" name="test_getLastDepositDate" time="0.0" />
  <testcase classname="gov.opm.scrd.entities.application.BillingSummaryUnitTests" name="test_setLastDepositDate" time="0.0" />
  <testcase classname="gov.opm.scrd.entities.application.BillingSummaryUnitTests" name="test_getFirstBillingDate" time="0.0" />
  <testcase classname="gov.opm.scrd.entities.application.BillingSummaryUnitTests" name="test_setFirstBillingDate" time="0.0" />
  <testcase classname="gov.opm.scrd.entities.application.BillingSummaryUnitTests" name="test_getLastInterestCalculation" time="0.0" />
  <testcase classname="gov.opm.scrd.entities.application.BillingSummaryUnitTests" name="test_setLastInterestCalculation" time="0.0" />
  <testcase classname="gov.opm.scrd.entities.application.BillingSummaryUnitTests" name="test_getTransactionType" time="0.0" />
  <testcase classname="gov.opm.scrd.entities.application.BillingSummaryUnitTests" name="test_setTransactionType" time="0.0" />
  <testcase classname="gov.opm.scrd.entities.application.BillingSummaryUnitTests" name="test_getLastTransactionDate" time="0.0" />
  <testcase classname="gov.opm.scrd.entities.application.BillingSummaryUnitTests" name="test_setLastTransactionDate" time="0.0" />
  <testcase classname="gov.opm.scrd.entities.application.BillingSummaryUnitTests" name="test_getBillings" time="0.0" />
  <testcase classname="gov.opm.scrd.entities.application.BillingSummaryUnitTests" name="test_setBillings" time="0.0" />
  <testcase classname="gov.opm.scrd.entities.application.BillingSummaryUnitTests" name="test_getStopACHPayments" time="0.0" />
  <testcase classname="gov.opm.scrd.entities.application.BillingSummaryUnitTests" name="test_setStopACHPayments" time="0.0" />
  <testcase classname="gov.opm.scrd.entities.application.BillingUnitTests" name="testCtor" time="0.0" />
  <testcase classname="gov.opm.scrd.entities.application.BillingUnitTests" name="test_getName" time="0.0" />
  <testcase classname="gov.opm.scrd.entities.application.BillingUnitTests" name="test_setName" time="0.0010" />
  <testcase classname="gov.opm.scrd.entities.application.BillingUnitTests" name="test_getBalance" time="0.0" />
  <testcase classname="gov.opm.scrd.entities.application.BillingUnitTests" name="test_setBalance" time="0.0" />
  <testcase classname="gov.opm.scrd.entities.application.BillingUnitTests" name="test_getPaymentOrder" time="0.0" />
  <testcase classname="gov.opm.scrd.entities.application.BillingUnitTests" name="test_setPaymentOrder" time="0.0" />
  <testcase classname="gov.opm.scrd.entities.application.BillingUnitTests" name="test_getInitialBilling" time="0.0" />
  <testcase classname="gov.opm.scrd.entities.application.BillingUnitTests" name="test_setInitialBilling" time="0.0" />
  <testcase classname="gov.opm.scrd.entities.application.BillingUnitTests" name="test_getAdditionalInterest" time="0.0" />
  <testcase classname="gov.opm.scrd.entities.application.BillingUnitTests" name="test_setAdditionalInterest" time="0.0" />
  <testcase classname="gov.opm.scrd.entities.application.BillingUnitTests" name="test_getTotalPayments" time="0.0" />
  <testcase classname="gov.opm.scrd.entities.application.BillingUnitTests" name="test_setTotalPayments" time="0.0" />
  <testcase classname="gov.opm.scrd.entities.application.CalculationResultItemUnitTests" name="testCtor" time="0.0010" />
  <testcase classname="gov.opm.scrd.entities.application.CalculationResultItemUnitTests" name="test_getStartDate" time="0.0" />
  <testcase classname="gov.opm.scrd.entities.application.CalculationResultItemUnitTests" name="test_setStartDate" time="0.0" />
  <testcase classname="gov.opm.scrd.entities.application.CalculationResultItemUnitTests" name="test_getEndDate" time="0.0" />
  <testcase classname="gov.opm.scrd.entities.application.CalculationResultItemUnitTests" name="test_setEndDate" time="0.0" />
  <testcase classname="gov.opm.scrd.entities.application.CalculationResultItemUnitTests" name="test_getBalance" time="0.0" />
  <testcase classname="gov.opm.scrd.entities.application.CalculationResultItemUnitTests" name="test_setBalance" time="0.0" />
  <testcase classname="gov.opm.scrd.entities.application.CalculationResultItemUnitTests" name="test_getMidDate" time="0.0010" />
  <testcase classname="gov.opm.scrd.entities.application.CalculationResultItemUnitTests" name="test_setMidDate" time="0.0" />
  <testcase classname="gov.opm.scrd.entities.application.CalculationResultItemUnitTests" name="test_getEffectiveDate" time="0.0" />
  <testcase classname="gov.opm.scrd.entities.application.CalculationResultItemUnitTests" name="test_setRefundDate" time="0.0" />
  <testcase classname="gov.opm.scrd.entities.application.CalculationResultItemUnitTests" name="test_getPeriodType" time="0.0" />
  <testcase classname="gov.opm.scrd.entities.application.CalculationResultItemUnitTests" name="test_setPeriodType" time="0.0" />
  <testcase classname="gov.opm.scrd.entities.application.CalculationResultItemUnitTests" name="test_getDeductionAmount" time="0.0" />
  <testcase classname="gov.opm.scrd.entities.application.CalculationResultItemUnitTests" name="test_setDeductionAmount" time="0.0" />
  <testcase classname="gov.opm.scrd.entities.application.CalculationResultItemUnitTests" name="test_getTotalInterest" time="0.0010" />
  <testcase classname="gov.opm.scrd.entities.application.CalculationResultItemUnitTests" name="test_setTotalInterest" time="0.0" />
  <testcase classname="gov.opm.scrd.entities.application.CalculationResultItemUnitTests" name="test_getPaymentsApplied" time="0.0" />
  <testcase classname="gov.opm.scrd.entities.application.CalculationResultItemUnitTests" name="test_setPaymentsApplied" time="0.0" />
  <testcase classname="gov.opm.scrd.entities.application.CalculationResultUnitTests" name="testCtor" time="0.0" />
  <testcase classname="gov.opm.scrd.entities.application.CalculationResultUnitTests" name="test_getItems" time="0.0" />
  <testcase classname="gov.opm.scrd.entities.application.CalculationResultUnitTests" name="test_setItems" time="0.0010" />
  <testcase classname="gov.opm.scrd.entities.application.CalculationResultUnitTests" name="test_getPaymentOrder" time="0.0" />
  <testcase classname="gov.opm.scrd.entities.application.CalculationResultUnitTests" name="test_setPaymentOrder" time="0.0" />
  <testcase classname="gov.opm.scrd.entities.application.CalculationResultUnitTests" name="test_getRedeposits" time="0.0" />
  <testcase classname="gov.opm.scrd.entities.application.CalculationResultUnitTests" name="test_setRedeposits" time="0.0" />
  <testcase classname="gov.opm.scrd.entities.application.CalculationResultUnitTests" name="test_getDedeposits" time="0.0" />
  <testcase classname="gov.opm.scrd.entities.application.CalculationResultUnitTests" name="test_setDedeposits" time="0.0" />
  <testcase classname="gov.opm.scrd.entities.application.CalculationResultUnitTests" name="test_getSummary" time="0.0" />
  <testcase classname="gov.opm.scrd.entities.application.CalculationResultUnitTests" name="test_setSummary" time="0.0" />
  <testcase classname="gov.opm.scrd.entities.application.CalculationResultUnitTests" name="test_getCalculationStatus" time="0.0" />
  <testcase classname="gov.opm.scrd.entities.application.CalculationResultUnitTests" name="test_setCalculationStatus" time="0.0" />
  <testcase classname="gov.opm.scrd.entities.application.CalculationResultUnitTests" name="test_isOfficial" time="0.0" />
  <testcase classname="gov.opm.scrd.entities.application.CalculationResultUnitTests" name="test_setOfficial" time="0.0" />
  <testcase classname="gov.opm.scrd.entities.application.CalculationResultUnitTests" name="test_isApplyToRealPayments" time="0.0" />
  <testcase classname="gov.opm.scrd.entities.application.CalculationResultUnitTests" name="test_setApplyToRealPayments" time="0.0" />
  <testcase classname="gov.opm.scrd.entities.application.CalculationResultUnitTests" name="test_getInterestAccrualDate" time="0.0" />
  <testcase classname="gov.opm.scrd.entities.application.CalculationResultUnitTests" name="test_setInterestAccrualDate" time="0.0" />
  <testcase classname="gov.opm.scrd.entities.application.CalculationUnitTests" name="testCtor" time="0.0" />
  <testcase classname="gov.opm.scrd.entities.application.CalculationUnitTests" name="test_getServiceType" time="0.0010" />
  <testcase classname="gov.opm.scrd.entities.application.CalculationUnitTests" name="test_setServiceType" time="0.0" />
  <testcase classname="gov.opm.scrd.entities.application.CalculationUnitTests" name="test_getRetirementType" time="0.0" />
  <testcase classname="gov.opm.scrd.entities.application.CalculationUnitTests" name="test_setRetirementType" time="0.0" />
  <testcase classname="gov.opm.scrd.entities.application.CalculationUnitTests" name="test_getEndDate" time="0.0" />
  <testcase classname="gov.opm.scrd.entities.application.CalculationUnitTests" name="test_setEndDate" time="0.0" />
  <testcase classname="gov.opm.scrd.entities.application.CalculationUnitTests" name="test_getAgencyCode" time="0.0" />
  <testcase classname="gov.opm.scrd.entities.application.CalculationUnitTests" name="test_setAgencyCode" time="0.0" />
  <testcase classname="gov.opm.scrd.entities.application.CalculationUnitTests" name="test_getPeriodType" time="0.0" />
  <testcase classname="gov.opm.scrd.entities.application.CalculationUnitTests" name="test_setPeriodType" time="0.0" />
  <testcase classname="gov.opm.scrd.entities.application.CalculationUnitTests" name="test_getBeginDate" time="0.0010" />
  <testcase classname="gov.opm.scrd.entities.application.CalculationUnitTests" name="test_setBeginDate" time="0.0" />
  <testcase classname="gov.opm.scrd.entities.application.CalculationUnitTests" name="test_getAppointmentType" time="0.0" />
  <testcase classname="gov.opm.scrd.entities.application.CalculationUnitTests" name="test_setAppointmentType" time="0.0" />
  <testcase classname="gov.opm.scrd.entities.application.CalculationUnitTests" name="test_getAmount" time="0.0" />
  <testcase classname="gov.opm.scrd.entities.application.CalculationUnitTests" name="test_setAmount" time="0.0" />
  <testcase classname="gov.opm.scrd.entities.application.CalculationUnitTests" name="test_getPayType" time="0.0" />
  <testcase classname="gov.opm.scrd.entities.application.CalculationUnitTests" name="test_setPayType" time="0.0" />
  <testcase classname="gov.opm.scrd.entities.application.CalculationUnitTests" name="test_getHoursInYear" time="0.0" />
  <testcase classname="gov.opm.scrd.entities.application.CalculationUnitTests" name="test_setHoursInYear" time="0.0" />
  <testcase classname="gov.opm.scrd.entities.application.CalculationUnitTests" name="test_getAnnualizedAmount" time="0.0" />
  <testcase classname="gov.opm.scrd.entities.application.CalculationUnitTests" name="test_setAnnualizedAmount" time="0.0" />
  <testcase classname="gov.opm.scrd.entities.application.CalculationUnitTests" name="test_getDateEntered" time="0.0010" />
  <testcase classname="gov.opm.scrd.entities.application.CalculationUnitTests" name="test_setDateEntered" time="0.0" />
  <testcase classname="gov.opm.scrd.entities.application.CalculationUnitTests" name="test_getEnteredBy" time="0.0" />
  <testcase classname="gov.opm.scrd.entities.application.CalculationUnitTests" name="test_setEnteredBy" time="0.0" />
  <testcase classname="gov.opm.scrd.entities.application.CalculationVersionUnitTests" name="testCtor" time="0.0" />
  <testcase classname="gov.opm.scrd.entities.application.CalculationVersionUnitTests" name="test_getName" time="0.0" />
  <testcase classname="gov.opm.scrd.entities.application.CalculationVersionUnitTests" name="test_setName" time="0.0" />
  <testcase classname="gov.opm.scrd.entities.application.CalculationVersionUnitTests" name="test_getCalculations" time="0.0" />
  <testcase classname="gov.opm.scrd.entities.application.CalculationVersionUnitTests" name="test_setCalculations" time="0.0" />
  <testcase classname="gov.opm.scrd.entities.application.CalculationVersionUnitTests" name="test_getCalculationResult" time="0.0" />
  <testcase classname="gov.opm.scrd.entities.application.CalculationVersionUnitTests" name="test_setCalculationResult" time="0.0010" />
  <testcase classname="gov.opm.scrd.entities.application.CalculationVersionUnitTests" name="test_getCalculationDate" time="0.0" />
  <testcase classname="gov.opm.scrd.entities.application.CalculationVersionUnitTests" name="test_setCalculationDate" time="0.0" />
  <testcase classname="gov.opm.scrd.entities.application.CalculationVersionUnitTests" name="test_getVersion" time="0.0" />
  <testcase classname="gov.opm.scrd.entities.application.CalculationVersionUnitTests" name="test_setVersion" time="0.0" />
  <testcase classname="gov.opm.scrd.entities.application.CalculationVersionUnitTests" name="test_getLineNumber" time="0.0" />
  <testcase classname="gov.opm.scrd.entities.application.CalculationVersionUnitTests" name="test_setLineNumber" time="0.0" />
  <testcase classname="gov.opm.scrd.entities.application.DedepositUnitTests" name="testCtor" time="0.0" />
  <testcase classname="gov.opm.scrd.entities.application.DedepositUnitTests" name="test_getTotal" time="0.0010" />
  <testcase classname="gov.opm.scrd.entities.application.DedepositUnitTests" name="test_setTotal" time="0.0" />
  <testcase classname="gov.opm.scrd.entities.application.DedepositUnitTests" name="test_getDeposit" time="0.0" />
  <testcase classname="gov.opm.scrd.entities.application.DedepositUnitTests" name="test_setDeposit" time="0.0" />
  <testcase classname="gov.opm.scrd.entities.application.DedepositUnitTests" name="test_getDepositType" time="0.0" />
  <testcase classname="gov.opm.scrd.entities.application.DedepositUnitTests" name="test_setDepositType" time="0.0" />
  <testcase classname="gov.opm.scrd.entities.application.DedepositUnitTests" name="test_getInterest" time="0.0" />
  <testcase classname="gov.opm.scrd.entities.application.DedepositUnitTests" name="test_setInterest" time="0.0" />
  <testcase classname="gov.opm.scrd.entities.application.ErrorUnitTests" name="testCtor" time="0.0" />
  <testcase classname="gov.opm.scrd.entities.application.HelpItemUnitTests" name="testCtor" time="0.0" />
  <testcase classname="gov.opm.scrd.entities.application.HelpItemUnitTests" name="test_getTitle" time="0.0010" />
  <testcase classname="gov.opm.scrd.entities.application.HelpItemUnitTests" name="test_setTitle" time="0.0" />
  <testcase classname="gov.opm.scrd.entities.application.HelpItemUnitTests" name="test_getSummary" time="0.0" />
  <testcase classname="gov.opm.scrd.entities.application.HelpItemUnitTests" name="test_setSummary" time="0.0" />
  <testcase classname="gov.opm.scrd.entities.application.HelpItemUnitTests" name="test_getContent" time="0.0" />
  <testcase classname="gov.opm.scrd.entities.application.HelpItemUnitTests" name="test_setContent" time="0.0010" />
  <testcase classname="gov.opm.scrd.entities.application.HelpItemUnitTests" name="test_getRelated" time="0.0" />
  <testcase classname="gov.opm.scrd.entities.application.HelpItemUnitTests" name="test_setRelated" time="0.0" />
  <testcase classname="gov.opm.scrd.entities.application.InfoUnitTests" name="testCtor" time="0.0" />
  <testcase classname="gov.opm.scrd.entities.application.NotificationUnitTests" name="testCtor" time="0.0" />
  <testcase classname="gov.opm.scrd.entities.application.NotificationUnitTests" name="test_getSender" time="0.0" />
  <testcase classname="gov.opm.scrd.entities.application.NotificationUnitTests" name="test_setSender" time="0.0" />
  <testcase classname="gov.opm.scrd.entities.application.NotificationUnitTests" name="test_isRead" time="0.0" />
  <testcase classname="gov.opm.scrd.entities.application.NotificationUnitTests" name="test_setRead" time="0.0" />
  <testcase classname="gov.opm.scrd.entities.application.NotificationUnitTests" name="test_getRecipient" time="0.0" />
  <testcase classname="gov.opm.scrd.entities.application.NotificationUnitTests" name="test_setRecipient" time="0.0" />
  <testcase classname="gov.opm.scrd.entities.application.NotificationUnitTests" name="test_getRole" time="0.0010" />
  <testcase classname="gov.opm.scrd.entities.application.NotificationUnitTests" name="test_setRole" time="0.0" />
  <testcase classname="gov.opm.scrd.entities.application.NotificationUnitTests" name="test_getReadBy" time="0.0" />
  <testcase classname="gov.opm.scrd.entities.application.NotificationUnitTests" name="test_setReadBy" time="0.0" />
  <testcase classname="gov.opm.scrd.entities.application.PaymentReverseUnitTests" name="testCtor" time="0.0" />
  <testcase classname="gov.opm.scrd.entities.application.PaymentReverseUnitTests" name="test_getPaymentId" time="0.0" />
  <testcase classname="gov.opm.scrd.entities.application.PaymentReverseUnitTests" name="test_setPaymentId" time="0.0" />
  <testcase classname="gov.opm.scrd.entities.application.PaymentReverseUnitTests" name="test_getReason" time="0.0" />
  <testcase classname="gov.opm.scrd.entities.application.PaymentReverseUnitTests" name="test_setReason" time="0.0" />
  <testcase classname="gov.opm.scrd.entities.application.PaymentReverseUnitTests" name="test_isApplyToGL" time="0.0" />
  <testcase classname="gov.opm.scrd.entities.application.PaymentReverseUnitTests" name="test_setApplyToGL" time="0.0" />
  <testcase classname="gov.opm.scrd.entities.application.PaymentReverseUnitTests" name="test_getReverser" time="0.0" />
  <testcase classname="gov.opm.scrd.entities.application.PaymentReverseUnitTests" name="test_setReverser" time="0.0" />
  <testcase classname="gov.opm.scrd.entities.application.PaymentUnitTests" name="testCtor" time="0.0010" />
  <testcase classname="gov.opm.scrd.entities.application.PaymentUnitTests" name="test_getClaimNumber" time="0.0" />
  <testcase classname="gov.opm.scrd.entities.application.PaymentUnitTests" name="test_setClaimNumber" time="0.0" />
  <testcase classname="gov.opm.scrd.entities.application.PaymentUnitTests" name="test_getNote" time="0.0" />
  <testcase classname="gov.opm.scrd.entities.application.PaymentUnitTests" name="test_setNote" time="0.0" />
  <testcase classname="gov.opm.scrd.entities.application.PaymentUnitTests" name="test_getAccountStatus" time="0.0" />
  <testcase classname="gov.opm.scrd.entities.application.PaymentUnitTests" name="test_setAccountStatus" time="0.0" />
  <testcase classname="gov.opm.scrd.entities.application.PaymentUnitTests" name="test_getAccountBalance" time="0.0" />
  <testcase classname="gov.opm.scrd.entities.application.PaymentUnitTests" name="test_setAccountBalance" time="0.0" />
  <testcase classname="gov.opm.scrd.entities.application.PaymentUnitTests" name="test_getPaymentType" time="0.0" />
  <testcase classname="gov.opm.scrd.entities.application.PaymentUnitTests" name="test_setPaymentType" time="0.0" />
  <testcase classname="gov.opm.scrd.entities.application.PaymentUnitTests" name="test_getTransactionDate" time="0.0" />
  <testcase classname="gov.opm.scrd.entities.application.PaymentUnitTests" name="test_setTransactionDate" time="0.0" />
  <testcase classname="gov.opm.scrd.entities.application.PaymentUnitTests" name="test_getAccountId" time="0.0" />
  <testcase classname="gov.opm.scrd.entities.application.PaymentUnitTests" name="test_setAccountId" time="0.0" />
  <testcase classname="gov.opm.scrd.entities.application.PaymentUnitTests" name="test_getSsn" time="0.0" />
  <testcase classname="gov.opm.scrd.entities.application.PaymentUnitTests" name="test_setSsn" time="0.0" />
  <testcase classname="gov.opm.scrd.entities.application.PaymentUnitTests" name="test_getClaimantBirthdate" time="0.0" />
  <testcase classname="gov.opm.scrd.entities.application.PaymentUnitTests" name="test_setClaimantBirthdate" time="0.0" />
  <testcase classname="gov.opm.scrd.entities.application.PaymentUnitTests" name="test_getAmount" time="0.0" />
  <testcase classname="gov.opm.scrd.entities.application.PaymentUnitTests" name="test_setAmount" time="0.0" />
  <testcase classname="gov.opm.scrd.entities.application.PaymentUnitTests" name="test_isApplyToGL" time="0.0" />
  <testcase classname="gov.opm.scrd.entities.application.PaymentUnitTests" name="test_setApplyToGL" time="0.0" />
  <testcase classname="gov.opm.scrd.entities.application.PaymentUnitTests" name="test_getBatchNumber" time="0.0" />
  <testcase classname="gov.opm.scrd.entities.application.PaymentUnitTests" name="test_setBatchNumber" time="0.0" />
  <testcase classname="gov.opm.scrd.entities.application.PaymentUnitTests" name="test_getBlockNumber" time="0.0" />
  <testcase classname="gov.opm.scrd.entities.application.PaymentUnitTests" name="test_setBlockNumber" time="0.0" />
  <testcase classname="gov.opm.scrd.entities.application.PaymentUnitTests" name="test_getSequenceNumber" time="0.0" />
  <testcase classname="gov.opm.scrd.entities.application.PaymentUnitTests" name="test_setSequenceNumber" time="0.0" />
  <testcase classname="gov.opm.scrd.entities.application.PaymentUnitTests" name="test_getPaymentStatus" time="0.0" />
  <testcase classname="gov.opm.scrd.entities.application.PaymentUnitTests" name="test_setPaymentStatus" time="0.0" />
  <testcase classname="gov.opm.scrd.entities.application.PaymentUnitTests" name="test_getAccountHolderBirthdate" time="0.0" />
  <testcase classname="gov.opm.scrd.entities.application.PaymentUnitTests" name="test_setAccountHolderBirthdate" time="0.0" />
  <testcase classname="gov.opm.scrd.entities.application.PaymentUnitTests" name="test_getDepositDate" time="0.0" />
  <testcase classname="gov.opm.scrd.entities.application.PaymentUnitTests" name="test_setDepositDate" time="0.0" />
  <testcase classname="gov.opm.scrd.entities.application.PaymentUnitTests" name="test_getClaimant" time="0.0" />
  <testcase classname="gov.opm.scrd.entities.application.PaymentUnitTests" name="test_setClaimant" time="0.0" />
  <testcase classname="gov.opm.scrd.entities.application.PaymentUnitTests" name="test_getImportId" time="0.0" />
  <testcase classname="gov.opm.scrd.entities.application.PaymentUnitTests" name="test_setImportId" time="0.0" />
  <testcase classname="gov.opm.scrd.entities.application.PaymentUnitTests" name="test_getSequence" time="0.0" />
  <testcase classname="gov.opm.scrd.entities.application.PaymentUnitTests" name="test_setSequence" time="0.0" />
  <testcase classname="gov.opm.scrd.entities.application.PaymentUnitTests" name="test_getStatusDate" time="0.0" />
  <testcase classname="gov.opm.scrd.entities.application.PaymentUnitTests" name="test_setStatusDate" time="0.0" />
  <testcase classname="gov.opm.scrd.entities.application.PaymentUnitTests" name="test_getApplyTo" time="0.0" />
  <testcase classname="gov.opm.scrd.entities.application.PaymentUnitTests" name="test_setApplyTo" time="0.0" />
  <testcase classname="gov.opm.scrd.entities.application.PaymentUnitTests" name="test_getTransactionKey" time="0.0" />
  <testcase classname="gov.opm.scrd.entities.application.PaymentUnitTests" name="test_setTransactionKey" time="0.0" />
  <testcase classname="gov.opm.scrd.entities.application.PaymentUnitTests" name="test_isAch" time="0.0" />
  <testcase classname="gov.opm.scrd.entities.application.PaymentUnitTests" name="test_setAch" time="0.0" />
  <testcase classname="gov.opm.scrd.entities.application.PaymentUnitTests" name="test_getMasterClaimNumber" time="0.0" />
  <testcase classname="gov.opm.scrd.entities.application.PaymentUnitTests" name="test_setMasterClaimNumber" time="0.0" />
  <testcase classname="gov.opm.scrd.entities.application.PaymentUnitTests" name="test_getMasterClaimantBirthdate" time="0.0" />
  <testcase classname="gov.opm.scrd.entities.application.PaymentUnitTests" name="test_setMasterClaimantBirthdate" time="0.0" />
  <testcase classname="gov.opm.scrd.entities.application.PaymentUnitTests" name="test_getMasterAccountStatus" time="0.0" />
  <testcase classname="gov.opm.scrd.entities.application.PaymentUnitTests" name="test_setMasterAccountStatus" time="0.0010" />
  <testcase classname="gov.opm.scrd.entities.application.PaymentUnitTests" name="test_getMasterAccountBalance" time="0.0" />
  <testcase classname="gov.opm.scrd.entities.application.PaymentUnitTests" name="test_setMasterAccountBalance" time="0.0" />
  <testcase classname="gov.opm.scrd.entities.application.PaymentUnitTests" name="test_getMasterAccountId" time="0.0" />
  <testcase classname="gov.opm.scrd.entities.application.PaymentUnitTests" name="test_setMasterAccountId" time="0.0" />
  <testcase classname="gov.opm.scrd.entities.application.PaymentUnitTests" name="test_getPreDepositAmount" time="0.0" />
  <testcase classname="gov.opm.scrd.entities.application.PaymentUnitTests" name="test_setPreDepositAmount" time="0.0" />
  <testcase classname="gov.opm.scrd.entities.application.PaymentUnitTests" name="test_getPreRedepositAmount" time="0.0" />
  <testcase classname="gov.opm.scrd.entities.application.PaymentUnitTests" name="test_setPreRedepositAmount" time="0.0" />
  <testcase classname="gov.opm.scrd.entities.application.PaymentUnitTests" name="test_getPostDepositAmount" time="0.0" />
  <testcase classname="gov.opm.scrd.entities.application.PaymentUnitTests" name="test_setPostDepositAmount" time="0.0" />
  <testcase classname="gov.opm.scrd.entities.application.PaymentUnitTests" name="test_getPostRedepositAmount" time="0.0010" />
  <testcase classname="gov.opm.scrd.entities.application.PaymentUnitTests" name="test_setPostRedepositAmount" time="0.0" />
  <testcase classname="gov.opm.scrd.entities.application.PaymentUnitTests" name="test_getApprovalUser" time="0.0" />
  <testcase classname="gov.opm.scrd.entities.application.PaymentUnitTests" name="test_setApprovalUser" time="0.0" />
  <testcase classname="gov.opm.scrd.entities.application.PaymentUnitTests" name="test_getApprovalStatus" time="0.0" />
  <testcase classname="gov.opm.scrd.entities.application.PaymentUnitTests" name="test_setApprovalStatus" time="0.0" />
  <testcase classname="gov.opm.scrd.entities.application.PaymentUnitTests" name="test_getApprovalReason" time="0.0" />
  <testcase classname="gov.opm.scrd.entities.application.PaymentUnitTests" name="test_setApprovalReason" time="0.0" />
  <testcase classname="gov.opm.scrd.entities.application.PaymentUnitTests" name="test_getGovRefund" time="0.0" />
  <testcase classname="gov.opm.scrd.entities.application.PaymentUnitTests" name="test_setGovRefund" time="0.0" />
  <testcase classname="gov.opm.scrd.entities.application.PaymentUnitTests" name="test_getDisapprove" time="0.0" />
  <testcase classname="gov.opm.scrd.entities.application.PaymentUnitTests" name="test_setDisapprove" time="0.0" />
  <testcase classname="gov.opm.scrd.entities.application.PaymentUnitTests" name="test_getHistoryPayment" time="0.0010" />
  <testcase classname="gov.opm.scrd.entities.application.PaymentUnitTests" name="test_setHistoryPayment" time="0.0" />
  <testcase classname="gov.opm.scrd.entities.application.PaymentUnitTests" name="test_getResolvedSuspense" time="0.0010" />
  <testcase classname="gov.opm.scrd.entities.application.PaymentUnitTests" name="test_setResolvedSuspense" time="0.0" />
  <testcase classname="gov.opm.scrd.entities.application.PaymentUnitTests" name="test_getUserInserted" time="0.0" />
  <testcase classname="gov.opm.scrd.entities.application.PaymentUnitTests" name="test_setUserInserted" time="0.0" />
  <testcase classname="gov.opm.scrd.entities.application.PaymentUnitTests" name="test_getPostFlag" time="0.0" />
  <testcase classname="gov.opm.scrd.entities.application.PaymentUnitTests" name="test_setPostFlag" time="0.0" />
  <testcase classname="gov.opm.scrd.entities.application.PaymentUnitTests" name="test_getOrderCode" time="0.0" />
  <testcase classname="gov.opm.scrd.entities.application.PaymentUnitTests" name="test_setOrderCode" time="0.0" />
  <testcase classname="gov.opm.scrd.entities.application.PaymentUnitTests" name="test_getStatusCode" time="0.0" />
  <testcase classname="gov.opm.scrd.entities.application.PaymentUnitTests" name="test_setStatusCode" time="0.0" />
  <testcase classname="gov.opm.scrd.entities.application.PrintoutUnitTests" name="testCtor" time="0.0" />
  <testcase classname="gov.opm.scrd.entities.application.PrintoutUnitTests" name="test_getName" time="0.0" />
  <testcase classname="gov.opm.scrd.entities.application.PrintoutUnitTests" name="test_setName" time="0.0" />
  <testcase classname="gov.opm.scrd.entities.application.PrintoutUnitTests" name="test_getContent" time="0.0" />
  <testcase classname="gov.opm.scrd.entities.application.PrintoutUnitTests" name="test_setContent" time="0.0" />
  <testcase classname="gov.opm.scrd.entities.application.PrintoutUnitTests" name="test_getPrintDate" time="0.0" />
  <testcase classname="gov.opm.scrd.entities.application.PrintoutUnitTests" name="test_setPrintDate" time="0.0" />
  <testcase classname="gov.opm.scrd.entities.application.RedepositUnitTests" name="testCtor" time="0.0" />
  <testcase classname="gov.opm.scrd.entities.application.RedepositUnitTests" name="test_getTotal" time="0.0010" />
  <testcase classname="gov.opm.scrd.entities.application.RedepositUnitTests" name="test_setTotal" time="0.0" />
  <testcase classname="gov.opm.scrd.entities.application.RedepositUnitTests" name="test_getDeposit" time="0.0" />
  <testcase classname="gov.opm.scrd.entities.application.RedepositUnitTests" name="test_setDeposit" time="0.0" />
  <testcase classname="gov.opm.scrd.entities.application.RedepositUnitTests" name="test_getDepositType" time="0.0" />
  <testcase classname="gov.opm.scrd.entities.application.RedepositUnitTests" name="test_setDepositType" time="0.0" />
  <testcase classname="gov.opm.scrd.entities.application.RedepositUnitTests" name="test_getInterest" time="0.0" />
  <testcase classname="gov.opm.scrd.entities.application.RedepositUnitTests" name="test_setInterest" time="0.0" />
  <testcase classname="gov.opm.scrd.entities.application.RefundTransactionUnitTests" name="testCtor" time="0.0" />
  <testcase classname="gov.opm.scrd.entities.application.RefundTransactionUnitTests" name="test_getClaimNumber" time="0.0" />
  <testcase classname="gov.opm.scrd.entities.application.RefundTransactionUnitTests" name="test_setClaimNumber" time="0.0" />
  <testcase classname="gov.opm.scrd.entities.application.RefundTransactionUnitTests" name="test_setRefundDate" time="0.0" />
  <testcase classname="gov.opm.scrd.entities.application.RefundTransactionUnitTests" name="test_getAmount" time="0.0" />
  <testcase classname="gov.opm.scrd.entities.application.RefundTransactionUnitTests" name="test_setAmount" time="0.0" />
  <testcase classname="gov.opm.scrd.entities.application.RefundTransactionUnitTests" name="test_getTransactionKey" time="0.0" />
  <testcase classname="gov.opm.scrd.entities.application.RefundTransactionUnitTests" name="test_setTransactionKey" time="0.0" />
  <testcase classname="gov.opm.scrd.entities.application.RefundTransactionUnitTests" name="test_getRefundDate" time="0.0" />
  <testcase classname="gov.opm.scrd.entities.application.RefundTransactionUnitTests" name="test_getRefundUsername" time="0.0" />
  <testcase classname="gov.opm.scrd.entities.application.RefundTransactionUnitTests" name="test_setRefundUsername" time="0.0" />
  <testcase classname="gov.opm.scrd.entities.application.RefundTransactionUnitTests" name="test_getTransferType" time="0.0" />
  <testcase classname="gov.opm.scrd.entities.application.RefundTransactionUnitTests" name="test_setTransferType" time="0.0" />
  <testcase classname="gov.opm.scrd.entities.application.RolePermissionUnitTests" name="testCtor" time="0.0010" />
  <testcase classname="gov.opm.scrd.entities.application.RolePermissionUnitTests" name="test_getRole" time="0.0" />
  <testcase classname="gov.opm.scrd.entities.application.RolePermissionUnitTests" name="test_setRole" time="0.0" />
  <testcase classname="gov.opm.scrd.entities.application.RolePermissionUnitTests" name="test_getAction" time="0.0" />
  <testcase classname="gov.opm.scrd.entities.application.RolePermissionUnitTests" name="test_setAction" time="0.0" />
  <testcase classname="gov.opm.scrd.entities.application.ServiceAnnouncementUnitTests" name="testCtor" time="0.0010" />
  <testcase classname="gov.opm.scrd.entities.application.ServiceAnnouncementUnitTests" name="test_getDate" time="0.0" />
  <testcase classname="gov.opm.scrd.entities.application.ServiceAnnouncementUnitTests" name="test_setDate" time="0.0" />
  <testcase classname="gov.opm.scrd.entities.application.ServiceAnnouncementUnitTests" name="test_getDetails" time="0.0" />
  <testcase classname="gov.opm.scrd.entities.application.ServiceAnnouncementUnitTests" name="test_setDetails" time="0.0010" />
  <testcase classname="gov.opm.scrd.entities.application.ServiceCreditPreferenceUnitTests" name="testCtor" time="0.0" />
  <testcase classname="gov.opm.scrd.entities.application.ServiceCreditPreferenceUnitTests" name="test_isUseAgents" time="0.0" />
  <testcase classname="gov.opm.scrd.entities.application.ServiceCreditPreferenceUnitTests" name="test_setUseAgents" time="0.0" />
  <testcase classname="gov.opm.scrd.entities.application.ServiceCreditPreferenceUnitTests" name="test_isUseStatusBar" time="0.0" />
  <testcase classname="gov.opm.scrd.entities.application.ServiceCreditPreferenceUnitTests" name="test_setUseStatusBar" time="0.0" />
  <testcase classname="gov.opm.scrd.entities.application.ServiceCreditPreferenceUnitTests" name="test_isUseMessageBox" time="0.0" />
  <testcase classname="gov.opm.scrd.entities.application.ServiceCreditPreferenceUnitTests" name="test_setUseMessageBox" time="0.0" />
  <testcase classname="gov.opm.scrd.entities.application.ServiceCreditPreferenceUnitTests" name="test_getOtherSetting" time="0.0010" />
  <testcase classname="gov.opm.scrd.entities.application.ServiceCreditPreferenceUnitTests" name="test_setOtherSetting" time="0.0" />
  <testcase classname="gov.opm.scrd.entities.application.SummaryDataUnitTests" name="testCtor" time="0.0" />
  <testcase classname="gov.opm.scrd.entities.application.SummaryDataUnitTests" name="test_getTotalPaymentsRequired" time="0.0" />
  <testcase classname="gov.opm.scrd.entities.application.SummaryDataUnitTests" name="test_setTotalPaymentsRequired" time="0.0" />
  <testcase classname="gov.opm.scrd.entities.application.SummaryDataUnitTests" name="test_getTotalInitialInterest" time="0.0010" />
  <testcase classname="gov.opm.scrd.entities.application.SummaryDataUnitTests" name="test_setTotalInitialInterest" time="0.0" />
  <testcase classname="gov.opm.scrd.entities.application.SummaryDataUnitTests" name="test_getTotalPaymentsApplied" time="0.0" />
  <testcase classname="gov.opm.scrd.entities.application.SummaryDataUnitTests" name="test_setTotalPaymentsApplied" time="0.0" />
  <testcase classname="gov.opm.scrd.entities.application.SummaryDataUnitTests" name="test_getTotalBalance" time="0.0" />
  <testcase classname="gov.opm.scrd.entities.application.SummaryDataUnitTests" name="test_setTotalBalance" time="0.0" />
  <testcase classname="gov.opm.scrd.entities.application.UserPermissionUnitTests" name="testCtor" time="0.0" />
  <testcase classname="gov.opm.scrd.entities.application.UserPermissionUnitTests" name="test_getUsername" time="0.0" />
  <testcase classname="gov.opm.scrd.entities.application.UserPermissionUnitTests" name="test_setUsername" time="0.0" />
  <testcase classname="gov.opm.scrd.entities.application.UserPermissionUnitTests" name="test_getAction" time="0.0" />
  <testcase classname="gov.opm.scrd.entities.application.UserPermissionUnitTests" name="test_setAction" time="0.0010" />
  <testcase classname="gov.opm.scrd.entities.application.UserUnitTests" name="testCtor" time="0.0010" />
  <testcase classname="gov.opm.scrd.entities.application.UserUnitTests" name="test_getLastName" time="0.0" />
  <testcase classname="gov.opm.scrd.entities.application.UserUnitTests" name="test_setLastName" time="0.0" />
  <testcase classname="gov.opm.scrd.entities.application.UserUnitTests" name="test_getFirstName" time="0.0" />
  <testcase classname="gov.opm.scrd.entities.application.UserUnitTests" name="test_setFirstName" time="0.0" />
  <testcase classname="gov.opm.scrd.entities.application.UserUnitTests" name="test_getTelephone" time="0.0" />
  <testcase classname="gov.opm.scrd.entities.application.UserUnitTests" name="test_setTelephone" time="0.0" />
  <testcase classname="gov.opm.scrd.entities.application.UserUnitTests" name="test_getEmail" time="0.0" />
  <testcase classname="gov.opm.scrd.entities.application.UserUnitTests" name="test_setEmail" time="0.0" />
  <testcase classname="gov.opm.scrd.entities.application.UserUnitTests" name="test_getStatus" time="0.0010" />
  <testcase classname="gov.opm.scrd.entities.application.UserUnitTests" name="test_setStatus" time="0.0" />
  <testcase classname="gov.opm.scrd.entities.application.UserUnitTests" name="test_getUsername" time="0.0" />
  <testcase classname="gov.opm.scrd.entities.application.UserUnitTests" name="test_setUsername" time="0.0" />
  <testcase classname="gov.opm.scrd.entities.application.UserUnitTests" name="test_getRole" time="0.0" />
  <testcase classname="gov.opm.scrd.entities.application.UserUnitTests" name="test_setRole" time="0.0" />
  <testcase classname="gov.opm.scrd.entities.application.UserUnitTests" name="test_getDefaultTab" time="0.0" />
  <testcase classname="gov.opm.scrd.entities.application.UserUnitTests" name="test_setDefaultTab" time="0.0" />
  <testcase classname="gov.opm.scrd.entities.application.UserUnitTests" name="test_getNetworkId" time="0.0" />
  <testcase classname="gov.opm.scrd.entities.application.UserUnitTests" name="test_setNetworkId" time="0.0" />
  <testcase classname="gov.opm.scrd.entities.application.UserUnitTests" name="test_getSupervisor" time="0.0" />
  <testcase classname="gov.opm.scrd.entities.application.UserUnitTests" name="test_setSupervisor" time="0.0" />
  <testcase classname="gov.opm.scrd.entities.application.AccountSearchFilterUnitTests" name="testCtor" time="0.0" />
  <testcase classname="gov.opm.scrd.entities.application.AccountSearchFilterUnitTests" name="test_getClaimNumber" time="0.0" />
  <testcase classname="gov.opm.scrd.entities.application.AccountSearchFilterUnitTests" name="test_setClaimNumber" time="0.0" />
  <testcase classname="gov.opm.scrd.entities.application.AccountSearchFilterUnitTests" name="test_getLastName" time="0.0" />
  <testcase classname="gov.opm.scrd.entities.application.AccountSearchFilterUnitTests" name="test_setLastName" time="0.0" />
  <testcase classname="gov.opm.scrd.entities.application.AccountSearchFilterUnitTests" name="test_getFirstName" time="0.0" />
  <testcase classname="gov.opm.scrd.entities.application.AccountSearchFilterUnitTests" name="test_setFirstName" time="0.0" />
  <testcase classname="gov.opm.scrd.entities.application.AccountSearchFilterUnitTests" name="test_getBirthDate" time="0.0" />
  <testcase classname="gov.opm.scrd.entities.application.AccountSearchFilterUnitTests" name="test_setBirthDate" time="0.0" />
  <testcase classname="gov.opm.scrd.entities.application.AccountSearchFilterUnitTests" name="test_getSsn" time="0.0" />
  <testcase classname="gov.opm.scrd.entities.application.AccountSearchFilterUnitTests" name="test_setSsn" time="0.0" />
  <testcase classname="gov.opm.scrd.entities.application.AccountSearchFilterUnitTests" name="test_getMiddleName" time="0.0" />
  <testcase classname="gov.opm.scrd.entities.application.AccountSearchFilterUnitTests" name="test_setMiddleName" time="0.0" />
  <testcase classname="gov.opm.scrd.entities.application.AccountSearchFilterUnitTests" name="test_isExcludeHistory" time="0.0" />
  <testcase classname="gov.opm.scrd.entities.application.AccountSearchFilterUnitTests" name="test_setExcludeHistory" time="0.0" />
  <testcase classname="gov.opm.scrd.entities.application.AccountSearchFilterUnitTests" name="test_getAssigned" time="0.0010" />
  <testcase classname="gov.opm.scrd.entities.application.AccountSearchFilterUnitTests" name="test_setAssigned" time="0.0" />
  <testcase classname="gov.opm.scrd.entities.application.PaymentSearchFilterUnitTests" name="testCtor" time="0.0010" />
  <testcase classname="gov.opm.scrd.entities.application.PaymentSearchFilterUnitTests" name="test_getPaymentType" time="0.0" />
  <testcase classname="gov.opm.scrd.entities.application.PaymentSearchFilterUnitTests" name="test_setPaymentType" time="0.0" />
  <testcase classname="gov.opm.scrd.entities.application.PaymentSearchFilterUnitTests" name="test_getAmount" time="0.0" />
  <testcase classname="gov.opm.scrd.entities.application.PaymentSearchFilterUnitTests" name="test_setAmount" time="0.0" />
  <testcase classname="gov.opm.scrd.entities.application.PaymentSearchFilterUnitTests" name="test_getBatchNumber" time="0.0" />
  <testcase classname="gov.opm.scrd.entities.application.PaymentSearchFilterUnitTests" name="test_setBatchNumber" time="0.0" />
  <testcase classname="gov.opm.scrd.entities.application.PaymentSearchFilterUnitTests" name="test_getBlockNumber" time="0.0" />
  <testcase classname="gov.opm.scrd.entities.application.PaymentSearchFilterUnitTests" name="test_setBlockNumber" time="0.0" />
  <testcase classname="gov.opm.scrd.entities.application.PaymentSearchFilterUnitTests" name="test_getSequenceNumber" time="0.0" />
  <testcase classname="gov.opm.scrd.entities.application.PaymentSearchFilterUnitTests" name="test_setSequenceNumber" time="0.0" />
  <testcase classname="gov.opm.scrd.entities.application.PaymentSearchFilterUnitTests" name="test_getPaymentStatus" time="0.0" />
  <testcase classname="gov.opm.scrd.entities.application.PaymentSearchFilterUnitTests" name="test_setPaymentStatus" time="0.0" />
  <testcase classname="gov.opm.scrd.entities.application.PaymentSearchFilterUnitTests" name="test_getDepositDate" time="0.0010" />
  <testcase classname="gov.opm.scrd.entities.application.PaymentSearchFilterUnitTests" name="test_setDepositDate" time="0.0" />
  <testcase classname="gov.opm.scrd.entities.application.PaymentSearchFilterUnitTests" name="test_getResolvedSuspense" time="0.0010" />
  <testcase classname="gov.opm.scrd.entities.application.PaymentSearchFilterUnitTests" name="test_setResolvedSuspense" time="0.0" />
  <testcase classname="gov.opm.scrd.entities.application.PaymentSearchFilterUnitTests" name="test_getAmountComparisonType" time="0.0" />
  <testcase classname="gov.opm.scrd.entities.application.PaymentSearchFilterUnitTests" name="test_setAmountComparisonType" time="0.0010" />
  <testcase classname="gov.opm.scrd.entities.application.PaymentSearchFilterUnitTests" name="test_getDepositComparisonType" time="0.0" />
  <testcase classname="gov.opm.scrd.entities.application.PaymentSearchFilterUnitTests" name="test_setDepositComparisonType" time="0.0" />
  <testcase classname="gov.opm.scrd.entities.application.NotificationSearchFilterUnitTests" name="testCtor" time="0.0" />
  <testcase classname="gov.opm.scrd.entities.application.NotificationSearchFilterUnitTests" name="test_getSender" time="0.0" />
  <testcase classname="gov.opm.scrd.entities.application.NotificationSearchFilterUnitTests" name="test_setSender" time="0.0" />
  <testcase classname="gov.opm.scrd.entities.application.NotificationSearchFilterUnitTests" name="test_setRead" time="0.0" />
  <testcase classname="gov.opm.scrd.entities.application.NotificationSearchFilterUnitTests" name="test_getRecipient" time="0.0" />
  <testcase classname="gov.opm.scrd.entities.application.NotificationSearchFilterUnitTests" name="test_setRecipient" time="0.0" />
  <testcase classname="gov.opm.scrd.entities.application.NotificationSearchFilterUnitTests" name="test_getRead" time="0.0" />
  <testcase classname="gov.opm.scrd.entities.application.NotificationSearchFilterUnitTests" name="test_getRecipientRole" time="0.0010" />
  <testcase classname="gov.opm.scrd.entities.application.NotificationSearchFilterUnitTests" name="test_setRecipientRole" time="0.0" />
  <testcase classname="gov.opm.scrd.entities.application.ApprovalItemSummaryUnitTests" name="testCtor" time="0.0" />
  <testcase classname="gov.opm.scrd.entities.application.ApprovalItemSummaryUnitTests" name="test_toString" time="0.0" />
  <testcase classname="gov.opm.scrd.entities.application.ApprovalItemSummaryUnitTests" name="test_getPendingPaymentCount" time="0.0" />
  <testcase classname="gov.opm.scrd.entities.application.ApprovalItemSummaryUnitTests" name="test_setPendingPaymentCount" time="0.0" />
  <testcase classname="gov.opm.scrd.entities.application.ApprovalItemSummaryUnitTests" name="test_getInterestAdjustmentCount" time="0.0" />
  <testcase classname="gov.opm.scrd.entities.application.ApprovalItemSummaryUnitTests" name="test_setInterestAdjustmentCount" time="0.0" />
  <testcase classname="gov.opm.scrd.entities.application.ApprovalItemSummaryUnitTests" name="test_getPaymentMoveCount" time="0.0" />
  <testcase classname="gov.opm.scrd.entities.application.ApprovalItemSummaryUnitTests" name="test_setPaymentMoveCount" time="0.0010" />
  <testcase classname="gov.opm.scrd.entities.application.ApprovalItemSummaryUnitTests" name="test_getTotalCount" time="0.0" />
  <testcase classname="gov.opm.scrd.entities.application.ApprovalItemSummaryUnitTests" name="test_setTotalCount" time="0.0" />
  <testcase classname="gov.opm.scrd.entities.application.InterestAdjustmentUnitTests" name="testCtor" time="0.0" />
  <testcase classname="gov.opm.scrd.entities.application.InterestAdjustmentUnitTests" name="test_toString" time="0.0020" />
  <testcase classname="gov.opm.scrd.entities.application.InterestAdjustmentUnitTests" name="test_getClaimNumber" time="0.0" />
  <testcase classname="gov.opm.scrd.entities.application.InterestAdjustmentUnitTests" name="test_setClaimNumber" time="0.0" />
  <testcase classname="gov.opm.scrd.entities.application.InterestAdjustmentUnitTests" name="test_getAccountStatus" time="0.0" />
  <testcase classname="gov.opm.scrd.entities.application.InterestAdjustmentUnitTests" name="test_setAccountStatus" time="0.0" />
  <testcase classname="gov.opm.scrd.entities.application.InterestAdjustmentUnitTests" name="test_getPaymentId" time="0.0" />
  <testcase classname="gov.opm.scrd.entities.application.InterestAdjustmentUnitTests" name="test_setPaymentId" time="0.0" />
  <testcase classname="gov.opm.scrd.entities.application.InterestAdjustmentUnitTests" name="test_getAccountHolderBirthdate" time="0.0010" />
  <testcase classname="gov.opm.scrd.entities.application.InterestAdjustmentUnitTests" name="test_setAccountHolderBirthdate" time="0.0" />
  <testcase classname="gov.opm.scrd.entities.application.InterestAdjustmentUnitTests" name="test_getPreDepositAmount" time="0.0" />
  <testcase classname="gov.opm.scrd.entities.application.InterestAdjustmentUnitTests" name="test_setPreDepositAmount" time="0.0" />
  <testcase classname="gov.opm.scrd.entities.application.InterestAdjustmentUnitTests" name="test_getPreRedepositAmount" time="0.0" />
  <testcase classname="gov.opm.scrd.entities.application.InterestAdjustmentUnitTests" name="test_setPreRedepositAmount" time="0.0010" />
  <testcase classname="gov.opm.scrd.entities.application.InterestAdjustmentUnitTests" name="test_getPostDepositAmount" time="0.0" />
  <testcase classname="gov.opm.scrd.entities.application.InterestAdjustmentUnitTests" name="test_setPostDepositAmount" time="0.0" />
  <testcase classname="gov.opm.scrd.entities.application.InterestAdjustmentUnitTests" name="test_getPostRedepositAmount" time="0.0" />
  <testcase classname="gov.opm.scrd.entities.application.InterestAdjustmentUnitTests" name="test_setPostRedepositAmount" time="0.0" />
  <testcase classname="gov.opm.scrd.entities.application.InterestAdjustmentUnitTests" name="test_getApprovalUser" time="0.0" />
  <testcase classname="gov.opm.scrd.entities.application.InterestAdjustmentUnitTests" name="test_setApprovalUser" time="0.0" />
  <testcase classname="gov.opm.scrd.entities.application.InterestAdjustmentUnitTests" name="test_getApprovalStatus" time="0.0" />
  <testcase classname="gov.opm.scrd.entities.application.InterestAdjustmentUnitTests" name="test_setApprovalStatus" time="0.0" />
  <testcase classname="gov.opm.scrd.entities.application.InterestAdjustmentUnitTests" name="test_getPaymentTransactionAmount" time="0.0" />
  <testcase classname="gov.opm.scrd.entities.application.InterestAdjustmentUnitTests" name="test_setPaymentTransactionAmount" time="0.0" />
  <testcase classname="gov.opm.scrd.entities.application.InterestAdjustmentUnitTests" name="test_getAdjustmentDate" time="0.0" />
  <testcase classname="gov.opm.scrd.entities.application.InterestAdjustmentUnitTests" name="test_setAdjustmentDate" time="0.0" />
  <testcase classname="gov.opm.scrd.entities.application.PaymentMoveUnitTests" name="testCtor" time="0.0010" />
  <testcase classname="gov.opm.scrd.entities.application.PaymentMoveUnitTests" name="test_toString" time="0.0020" />
  <testcase classname="gov.opm.scrd.entities.application.PaymentMoveUnitTests" name="test_getClaimNumber" time="0.0" />
  <testcase classname="gov.opm.scrd.entities.application.PaymentMoveUnitTests" name="test_setClaimNumber" time="0.0" />
  <testcase classname="gov.opm.scrd.entities.application.PaymentMoveUnitTests" name="test_getAccountStatus" time="0.0" />
  <testcase classname="gov.opm.scrd.entities.application.PaymentMoveUnitTests" name="test_setAccountStatus" time="0.0" />
  <testcase classname="gov.opm.scrd.entities.application.PaymentMoveUnitTests" name="test_getPaymentId" time="0.0010" />
  <testcase classname="gov.opm.scrd.entities.application.PaymentMoveUnitTests" name="test_setPaymentId" time="0.0" />
  <testcase classname="gov.opm.scrd.entities.application.PaymentMoveUnitTests" name="test_getAccountHolderBirthdate" time="0.0" />
  <testcase classname="gov.opm.scrd.entities.application.PaymentMoveUnitTests" name="test_setAccountHolderBirthdate" time="0.0" />
  <testcase classname="gov.opm.scrd.entities.application.PaymentMoveUnitTests" name="test_getPreDepositAmount" time="0.0" />
  <testcase classname="gov.opm.scrd.entities.application.PaymentMoveUnitTests" name="test_setPreDepositAmount" time="0.0" />
  <testcase classname="gov.opm.scrd.entities.application.PaymentMoveUnitTests" name="test_getPreRedepositAmount" time="0.0" />
  <testcase classname="gov.opm.scrd.entities.application.PaymentMoveUnitTests" name="test_setPreRedepositAmount" time="0.0010" />
  <testcase classname="gov.opm.scrd.entities.application.PaymentMoveUnitTests" name="test_getPostDepositAmount" time="0.0" />
  <testcase classname="gov.opm.scrd.entities.application.PaymentMoveUnitTests" name="test_setPostDepositAmount" time="0.0" />
  <testcase classname="gov.opm.scrd.entities.application.PaymentMoveUnitTests" name="test_getPostRedepositAmount" time="0.0" />
  <testcase classname="gov.opm.scrd.entities.application.PaymentMoveUnitTests" name="test_setPostRedepositAmount" time="0.0" />
  <testcase classname="gov.opm.scrd.entities.application.PaymentMoveUnitTests" name="test_getApprovalUser" time="0.0" />
  <testcase classname="gov.opm.scrd.entities.application.PaymentMoveUnitTests" name="test_setApprovalUser" time="0.0" />
  <testcase classname="gov.opm.scrd.entities.application.PaymentMoveUnitTests" name="test_getApprovalStatus" time="0.0" />
  <testcase classname="gov.opm.scrd.entities.application.PaymentMoveUnitTests" name="test_setApprovalStatus" time="0.0010" />
  <testcase classname="gov.opm.scrd.entities.application.PaymentMoveUnitTests" name="test_getPaymentTransactionAmount" time="0.0" />
  <testcase classname="gov.opm.scrd.entities.application.PaymentMoveUnitTests" name="test_setPaymentTransactionAmount" time="0.0" />
  <testcase classname="gov.opm.scrd.entities.application.PaymentMoveUnitTests" name="test_getAdjustmentDate" time="0.0" />
  <testcase classname="gov.opm.scrd.entities.application.PaymentMoveUnitTests" name="test_setAdjustmentDate" time="0.0" />
  <testcase classname="gov.opm.scrd.entities.application.PendingPaymentUnitTests" name="testCtor" time="0.0" />
  <testcase classname="gov.opm.scrd.entities.application.PendingPaymentUnitTests" name="test_toString" time="0.0020" />
  <testcase classname="gov.opm.scrd.entities.application.PendingPaymentUnitTests" name="test_getClaimNumber" time="0.0" />
  <testcase classname="gov.opm.scrd.entities.application.PendingPaymentUnitTests" name="test_setClaimNumber" time="0.0" />
  <testcase classname="gov.opm.scrd.entities.application.PendingPaymentUnitTests" name="test_getAccountStatus" time="0.0" />
  <testcase classname="gov.opm.scrd.entities.application.PendingPaymentUnitTests" name="test_setAccountStatus" time="0.0" />
  <testcase classname="gov.opm.scrd.entities.application.PendingPaymentUnitTests" name="test_getTransactionDate" time="0.0" />
  <testcase classname="gov.opm.scrd.entities.application.PendingPaymentUnitTests" name="test_setTransactionDate" time="0.0" />
  <testcase classname="gov.opm.scrd.entities.application.PendingPaymentUnitTests" name="test_getAmount" time="0.0" />
  <testcase classname="gov.opm.scrd.entities.application.PendingPaymentUnitTests" name="test_setAmount" time="0.0" />
  <testcase classname="gov.opm.scrd.entities.application.PendingPaymentUnitTests" name="test_getPaymentId" time="0.0" />
  <testcase classname="gov.opm.scrd.entities.application.PendingPaymentUnitTests" name="test_setPaymentId" time="0.0" />
  <testcase classname="gov.opm.scrd.entities.application.PendingPaymentUnitTests" name="test_isApplyToGL" time="0.0" />
  <testcase classname="gov.opm.scrd.entities.application.PendingPaymentUnitTests" name="test_setApplyToGL" time="0.0" />
  <testcase classname="gov.opm.scrd.entities.application.PendingPaymentUnitTests" name="test_getBatchNumber" time="0.0010" />
  <testcase classname="gov.opm.scrd.entities.application.PendingPaymentUnitTests" name="test_setBatchNumber" time="0.0" />
  <testcase classname="gov.opm.scrd.entities.application.PendingPaymentUnitTests" name="test_getBlockNumber" time="0.0" />
  <testcase classname="gov.opm.scrd.entities.application.PendingPaymentUnitTests" name="test_setBlockNumber" time="0.0010" />
  <testcase classname="gov.opm.scrd.entities.application.PendingPaymentUnitTests" name="test_getSequenceNumber" time="0.0" />
  <testcase classname="gov.opm.scrd.entities.application.PendingPaymentUnitTests" name="test_setSequenceNumber" time="0.0" />
  <testcase classname="gov.opm.scrd.entities.application.PendingPaymentUnitTests" name="test_getPaymentStatus" time="0.0" />
  <testcase classname="gov.opm.scrd.entities.application.PendingPaymentUnitTests" name="test_setPaymentStatus" time="0.0" />
  <testcase classname="gov.opm.scrd.entities.application.PendingPaymentUnitTests" name="test_getAccountHolderBirthdate" time="0.0" />
  <testcase classname="gov.opm.scrd.entities.application.PendingPaymentUnitTests" name="test_setAccountHolderBirthdate" time="0.0" />
  <testcase classname="gov.opm.scrd.entities.application.PendingPaymentUnitTests" name="test_getStatusDate" time="0.0010" />
  <testcase classname="gov.opm.scrd.entities.application.PendingPaymentUnitTests" name="test_setStatusDate" time="0.0" />
  <testcase classname="gov.opm.scrd.entities.application.PendingPaymentUnitTests" name="test_getApprovalUser" time="0.0" />
  <testcase classname="gov.opm.scrd.entities.application.PendingPaymentUnitTests" name="test_setApprovalUser" time="0.0" />
  <testcase classname="gov.opm.scrd.entities.application.PendingPaymentUnitTests" name="test_getApprovalStatus" time="0.0" />
  <testcase classname="gov.opm.scrd.entities.application.PendingPaymentUnitTests" name="test_setApprovalStatus" time="0.0" />
  <testcase classname="gov.opm.scrd.entities.application.SuspendedPaymentUnitTests" name="testCtor" time="0.0010" />
  <testcase classname="gov.opm.scrd.entities.application.SuspendedPaymentUnitTests" name="test_toString" time="0.0020" />
  <testcase classname="gov.opm.scrd.entities.application.SuspendedPaymentUnitTests" name="test_getClaimNumber" time="0.0" />
  <testcase classname="gov.opm.scrd.entities.application.SuspendedPaymentUnitTests" name="test_setClaimNumber" time="0.0" />
  <testcase classname="gov.opm.scrd.entities.application.SuspendedPaymentUnitTests" name="test_getAccountStatus" time="0.0" />
  <testcase classname="gov.opm.scrd.entities.application.SuspendedPaymentUnitTests" name="test_setAccountStatus" time="0.0" />
  <testcase classname="gov.opm.scrd.entities.application.SuspendedPaymentUnitTests" name="test_getAccountBalance" time="0.0" />
  <testcase classname="gov.opm.scrd.entities.application.SuspendedPaymentUnitTests" name="test_setAccountBalance" time="0.0" />
  <testcase classname="gov.opm.scrd.entities.application.SuspendedPaymentUnitTests" name="test_getClaimantBirthdate" time="0.0" />
  <testcase classname="gov.opm.scrd.entities.application.SuspendedPaymentUnitTests" name="test_setClaimantBirthdate" time="0.0" />
  <testcase classname="gov.opm.scrd.entities.application.SuspendedPaymentUnitTests" name="test_getAmount" time="0.0" />
  <testcase classname="gov.opm.scrd.entities.application.SuspendedPaymentUnitTests" name="test_setAmount" time="0.0" />
  <testcase classname="gov.opm.scrd.entities.application.SuspendedPaymentUnitTests" name="test_getPaymentId" time="0.0" />
  <testcase classname="gov.opm.scrd.entities.application.SuspendedPaymentUnitTests" name="test_setPaymentId" time="0.0" />
  <testcase classname="gov.opm.scrd.entities.application.SuspendedPaymentUnitTests" name="test_getBatchNumber" time="0.0" />
  <testcase classname="gov.opm.scrd.entities.application.SuspendedPaymentUnitTests" name="test_setBatchNumber" time="0.0" />
  <testcase classname="gov.opm.scrd.entities.application.SuspendedPaymentUnitTests" name="test_getBlockNumber" time="0.0010" />
  <testcase classname="gov.opm.scrd.entities.application.SuspendedPaymentUnitTests" name="test_setBlockNumber" time="0.0" />
  <testcase classname="gov.opm.scrd.entities.application.SuspendedPaymentUnitTests" name="test_getSequenceNumber" time="0.0" />
  <testcase classname="gov.opm.scrd.entities.application.SuspendedPaymentUnitTests" name="test_setSequenceNumber" time="0.0" />
  <testcase classname="gov.opm.scrd.entities.application.SuspendedPaymentUnitTests" name="test_getPaymentStatus" time="0.0" />
  <testcase classname="gov.opm.scrd.entities.application.SuspendedPaymentUnitTests" name="test_setPaymentStatus" time="0.0" />
  <testcase classname="gov.opm.scrd.entities.application.SuspendedPaymentUnitTests" name="test_getDepositDate" time="0.0" />
  <testcase classname="gov.opm.scrd.entities.application.SuspendedPaymentUnitTests" name="test_setDepositDate" time="0.0" />
  <testcase classname="gov.opm.scrd.entities.application.SuspendedPaymentUnitTests" name="test_getClaimant" time="0.0" />
  <testcase classname="gov.opm.scrd.entities.application.SuspendedPaymentUnitTests" name="test_setClaimant" time="0.0010" />
  <testcase classname="gov.opm.scrd.entities.application.SuspendedPaymentUnitTests" name="test_isAch" time="0.0" />
  <testcase classname="gov.opm.scrd.entities.application.SuspendedPaymentUnitTests" name="test_setAch" time="0.0" />
  <testcase classname="gov.opm.scrd.entities.application.SuspendedPaymentUnitTests" name="test_getMasterClaimNumber" time="0.0" />
  <testcase classname="gov.opm.scrd.entities.application.SuspendedPaymentUnitTests" name="test_setMasterClaimNumber" time="0.0" />
  <testcase classname="gov.opm.scrd.entities.application.SuspendedPaymentUnitTests" name="test_getMasterClaimantBirthdate" time="0.0" />
  <testcase classname="gov.opm.scrd.entities.application.SuspendedPaymentUnitTests" name="test_setMasterClaimantBirthdate" time="0.0" />
  <testcase classname="gov.opm.scrd.entities.application.SuspendedPaymentUnitTests" name="test_getMasterAccountStatus" time="0.0" />
  <testcase classname="gov.opm.scrd.entities.application.SuspendedPaymentUnitTests" name="test_setMasterAccountStatus" time="0.0" />
  <testcase classname="gov.opm.scrd.entities.application.SuspendedPaymentUnitTests" name="test_getMasterAccountBalance" time="0.0" />
  <testcase classname="gov.opm.scrd.entities.application.SuspendedPaymentUnitTests" name="test_setMasterAccountBalance" time="0.0" />
  <testcase classname="gov.opm.scrd.entities.lookup.AgencyCodeUnitTests" name="testCtor" time="0.0" />
  <testcase classname="gov.opm.scrd.entities.lookup.ChangeTransFieldNumberCodeUnitTests" name="testCtor" time="0.0" />
  <testcase classname="gov.opm.scrd.entities.lookup.PayCodeUnitTests" name="testCtor" time="0.0" />
  <testcase classname="gov.opm.scrd.entities.lookup.PaymentAppliedOrderUnitTests" name="testCtor" time="0.0" />
  <testcase classname="gov.opm.scrd.entities.lookup.AccountStatusUnitTests" name="testCtor" time="0.0" />
  <testcase classname="gov.opm.scrd.entities.lookup.AccountStatusUnitTests" name="test_getCategory" time="0.0" />
  <testcase classname="gov.opm.scrd.entities.lookup.AccountStatusUnitTests" name="test_setCategory" time="0.0" />
  <testcase classname="gov.opm.scrd.entities.lookup.ApplicationDesignationUnitTests" name="testCtor" time="0.0" />
  <testcase classname="gov.opm.scrd.entities.lookup.AppointmentTypeUnitTests" name="testCtor" time="0.0" />
  <testcase classname="gov.opm.scrd.entities.lookup.AppointmentTypeUnitTests" name="test_getDescription" time="0.0" />
  <testcase classname="gov.opm.scrd.entities.lookup.AppointmentTypeUnitTests" name="test_setDescription" time="0.0" />
  <testcase classname="gov.opm.scrd.entities.lookup.AppointmentTypeUnitTests" name="test_getCategory" time="0.0" />
  <testcase classname="gov.opm.scrd.entities.lookup.AppointmentTypeUnitTests" name="test_setCategory" time="0.0" />
  <testcase classname="gov.opm.scrd.entities.lookup.CalculationStatusUnitTests" name="testCtor" time="0.0" />
  <testcase classname="gov.opm.scrd.entities.lookup.ClaimOfficerUnitTests" name="testCtor" time="0.0" />
  <testcase classname="gov.opm.scrd.entities.lookup.CountryUnitTests" name="testCtor" time="0.0" />
  <testcase classname="gov.opm.scrd.entities.lookup.FormTypeUnitTests" name="testCtor" time="0.0" />
  <testcase classname="gov.opm.scrd.entities.lookup.PaymentReversalReasonUnitTests" name="testCtor" time="0.0" />
  <testcase classname="gov.opm.scrd.entities.lookup.PaymentStatusUnitTests" name="testCtor" time="0.0" />
  <testcase classname="gov.opm.scrd.entities.lookup.PayTypeUnitTests" name="testCtor" time="0.0" />
  <testcase classname="gov.opm.scrd.entities.lookup.PayTypeUnitTests" name="test_getDescription" time="0.0" />
  <testcase classname="gov.opm.scrd.entities.lookup.PayTypeUnitTests" name="test_setDescription" time="0.0010" />
  <testcase classname="gov.opm.scrd.entities.lookup.PeriodTypeUnitTests" name="testCtor" time="0.0" />
  <testcase classname="gov.opm.scrd.entities.lookup.PeriodTypeUnitTests" name="test_getDescription" time="0.0" />
  <testcase classname="gov.opm.scrd.entities.lookup.PeriodTypeUnitTests" name="test_setDescription" time="0.0" />
  <testcase classname="gov.opm.scrd.entities.lookup.RetirementTypeUnitTests" name="testCtor" time="0.0" />
  <testcase classname="gov.opm.scrd.entities.lookup.RetirementTypeUnitTests" name="test_getDescription" time="0.0" />
  <testcase classname="gov.opm.scrd.entities.lookup.RetirementTypeUnitTests" name="test_setDescription" time="0.0" />
  <testcase classname="gov.opm.scrd.entities.lookup.RoleUnitTests" name="testCtor" time="0.0" />
  <testcase classname="gov.opm.scrd.entities.lookup.ServiceTypeUnitTests" name="testCtor" time="0.0" />
  <testcase classname="gov.opm.scrd.entities.lookup.ServiceTypeUnitTests" name="test_getFersDepositAllowedAfter88" time="0.0" />
  <testcase classname="gov.opm.scrd.entities.lookup.ServiceTypeUnitTests" name="test_setFersDepositAllowedAfter88" time="0.0" />
  <testcase classname="gov.opm.scrd.entities.lookup.StateUnitTests" name="testCtor" time="0.0010" />
  <testcase classname="gov.opm.scrd.entities.lookup.StateUnitTests" name="test_getAbbreviation" time="0.0" />
  <testcase classname="gov.opm.scrd.entities.lookup.StateUnitTests" name="test_setAbbreviation" time="0.0" />
  <testcase classname="gov.opm.scrd.entities.lookup.SuffixUnitTests" name="testCtor" time="0.0" />
  <testcase classname="gov.opm.scrd.entities.lookup.TransferTypeUnitTests" name="testCtor" time="0.0" />
  <testcase classname="gov.opm.scrd.entities.lookup.UserStatusUnitTests" name="testCtor" time="0.0010" />
  <testcase classname="gov.opm.scrd.services.OPMExceptionUnitTests" name="testInheritance" time="0.0" />
  <testcase classname="gov.opm.scrd.services.OPMExceptionUnitTests" name="testCtor1" time="0.0" />
  <testcase classname="gov.opm.scrd.services.OPMExceptionUnitTests" name="testCtor2" time="0.0" />
  <testcase classname="gov.opm.scrd.services.OPMExceptionUnitTests" name="testCtor3" time="0.0" />
  <testcase classname="gov.opm.scrd.services.OPMExceptionUnitTests" name="testCtor4" time="0.0" />
  <testcase classname="gov.opm.scrd.services.AuthorizationExceptionUnitTests" name="testInheritance" time="0.0010" />
  <testcase classname="gov.opm.scrd.services.AuthorizationExceptionUnitTests" name="testCtor1" time="0.0" />
  <testcase classname="gov.opm.scrd.services.AuthorizationExceptionUnitTests" name="testCtor2" time="0.0" />
  <testcase classname="gov.opm.scrd.services.AuthorizationExceptionUnitTests" name="testCtor3" time="0.0010" />
  <testcase classname="gov.opm.scrd.services.AuthorizationExceptionUnitTests" name="testCtor4" time="0.0" />
  <testcase classname="gov.opm.scrd.services.EntityNotFoundExceptionUnitTests" name="testInheritance" time="0.0" />
  <testcase classname="gov.opm.scrd.services.EntityNotFoundExceptionUnitTests" name="testCtor1" time="0.0" />
  <testcase classname="gov.opm.scrd.services.EntityNotFoundExceptionUnitTests" name="testCtor2" time="0.0" />
  <testcase classname="gov.opm.scrd.services.EntityNotFoundExceptionUnitTests" name="testCtor3" time="0.0010" />
  <testcase classname="gov.opm.scrd.services.EntityNotFoundExceptionUnitTests" name="testCtor4" time="0.0" />
  <testcase classname="gov.opm.scrd.services.OPMConfigurationExceptionUnitTests" name="testInheritance" time="0.0" />
  <testcase classname="gov.opm.scrd.services.OPMConfigurationExceptionUnitTests" name="testCtor1" time="0.0" />
  <testcase classname="gov.opm.scrd.services.OPMConfigurationExceptionUnitTests" name="testCtor2" time="0.0" />
  <testcase classname="gov.opm.scrd.services.OPMConfigurationExceptionUnitTests" name="testCtor3" time="0.0" />
  <testcase classname="gov.opm.scrd.services.OPMConfigurationExceptionUnitTests" name="testCtor4" time="0.0" />
  <system-out><![CDATA[20:00:56,816 WARN  [HibernatePersistence] HHH015016: Encountered a deprecated javax.persistence.spi.PersistenceProvider [org.hibernate.ejb.HibernatePersistence]; use [org.hibernate.jpa.HibernatePersistenceProvider] instead.
20:00:56,817 WARN  [HibernatePersistence] HHH015016: Encountered a deprecated javax.persistence.spi.PersistenceProvider [org.hibernate.ejb.HibernatePersistence]; use [org.hibernate.jpa.HibernatePersistenceProvider] instead.
20:00:56,817 WARN  [HibernatePersistence] HHH015016: Encountered a deprecated javax.persistence.spi.PersistenceProvider [org.hibernate.ejb.HibernatePersistence]; use [org.hibernate.jpa.HibernatePersistenceProvider] instead.
20:00:56,885 INFO  [LogHelper] HHH000204: Processing PersistenceUnitInfo [
	name: opmUnitName
	...]
20:00:56,972 INFO  [Version] HHH000412: Hibernate Core {4.3.1.Final}
20:00:56,974 INFO  [Environment] HHH000206: hibernate.properties not found
20:00:56,975 INFO  [Environment] HHH000021: Bytecode provider name : javassist
20:00:57,124 INFO  [Version] HCANN000001: Hibernate Commons Annotations {4.0.4.Final}
20:00:57,468 WARN  [DriverManagerConnectionProviderImpl] HHH000402: Using Hibernate built-in connection pool (not for production use!)
20:00:57,474 INFO  [DriverManagerConnectionProviderImpl] HHH000401: using driver [org.postgresql.Driver] at URL [jdbc:postgresql://localhost:5432/postgres]
20:00:57,474 INFO  [DriverManagerConnectionProviderImpl] HHH000046: Connection properties: {user=postgres, password=****}
20:00:57,474 INFO  [DriverManagerConnectionProviderImpl] HHH000006: Autocommit mode: false
20:00:57,475 INFO  [DriverManagerConnectionProviderImpl] HHH000115: Hibernate connection pool size: 20 (min=1)
20:00:58,121 INFO  [Dialect] HHH000400: Using dialect: gov.opm.scrd.entities.common.OPMPostgreSQLDialect
20:00:58,151 INFO  [LobCreatorBuilder] HHH000424: Disabling contextual LOB creation as createClob() method threw error : java.lang.reflect.InvocationTargetException
20:00:58,276 WARN  [JPAOverriddenAnnotationReader] HHH000207: Property gov.opm.scrd.entities.application.InterestGracePeriod.retirementType not found in class but described in <mapping-file/> (possible typo error)
20:00:58,975 INFO  [ASTQueryTranslatorFactory] HHH000397: Using ASTQueryTranslatorFactory
20:01:10,398 INFO  [DriverManagerConnectionProviderImpl] HHH000030: Cleaning up connection pool [jdbc:postgresql://localhost:5432/postgres]
]]></system-out>
  <system-err><![CDATA[]]></system-err>
</testsuite>
